<?xml version="1.0" encoding="UTF-8"?>
<!-- Generated by org.testng.reporters.JUnitReportReporter -->
<testsuite hostname="BA-ASIROTA-OSX.local" name="com.mulesoft.performance.test.policy.clientidenforcement.ClientIdEnforcementOnRegularTest" tests="1" failures="0" timestamp="9 Feb 2017 20:48:41 GMT" time="70.994" errors="0">
  <testcase name="clientIdEnforcementPolicyOnRegularEndpointUsingGet" time="70.994" classname="com.mulesoft.performance.test.policy.clientidenforcement.ClientIdEnforcementOnRegularTest"/>
</testsuite> <!-- com.mulesoft.performance.test.policy.clientidenforcement.ClientIdEnforcementOnRegularTest -->
