<?xml version="1.0" encoding="UTF-8" ?>
<testsuite tests="3" failures="1" name="com.mulesoft.performance.test.policy.clientidenforcement.ClientIdEnforcementOnRegularTest" time="959.522" errors="0" skipped="0">
  <properties>
    <property name="java.runtime.name" value="Java(TM) SE Runtime Environment"/>
    <property name="sun.boot.library.path" value="/Library/Java/JavaVirtualMachines/jdk1.8.0_112.jdk/Contents/Home/jre/lib"/>
    <property name="java.vm.version" value="25.112-b16"/>
    <property name="user.country.format" value="AR"/>
    <property name="gopherProxySet" value="false"/>
    <property name="java.vm.vendor" value="Oracle Corporation"/>
    <property name="maven.multiModuleProjectDirectory" value="/Users/axelsirota/Performance/apiGatewayJmeterTests/api-platform-load-testing"/>
    <property name="java.vendor.url" value="http://java.oracle.com/"/>
    <property name="path.separator" value=":"/>
    <property name="guice.disable.misplaced.annotation.check" value="true"/>
    <property name="java.vm.name" value="Java HotSpot(TM) 64-Bit Server VM"/>
    <property name="file.encoding.pkg" value="sun.io"/>
    <property name="user.country" value="US"/>
    <property name="sun.java.launcher" value="SUN_STANDARD"/>
    <property name="sun.os.patch.level" value="unknown"/>
    <property name="java.vm.specification.name" value="Java Virtual Machine Specification"/>
    <property name="user.dir" value="/Users/axelsirota/Performance/apiGatewayJmeterTests/api-platform-load-testing"/>
    <property name="java.runtime.version" value="1.8.0_112-b16"/>
    <property name="java.awt.graphicsenv" value="sun.awt.CGraphicsEnvironment"/>
    <property name="java.endorsed.dirs" value="/Library/Java/JavaVirtualMachines/jdk1.8.0_112.jdk/Contents/Home/jre/lib/endorsed"/>
    <property name="os.arch" value="x86_64"/>
    <property name="java.io.tmpdir" value="/var/folders/f2/zcpztn8d7bn6t2kvnvm_xtpc0000gn/T/"/>
    <property name="line.separator" value="
"/>
    <property name="java.vm.specification.vendor" value="Oracle Corporation"/>
    <property name="os.name" value="Mac OS X"/>
    <property name="classworlds.conf" value="/usr/local/Cellar/maven/3.3.9/libexec/bin/m2.conf"/>
    <property name="base.organization.characteristics" value="ping_federate_organization"/>
    <property name="sun.jnu.encoding" value="UTF-8"/>
    <property name="java.library.path" value="/Users/axelsirota/Library/Java/Extensions:/Library/Java/Extensions:/Network/Library/Java/Extensions:/System/Library/Java/Extensions:/usr/lib/java:."/>
    <property name="portal_env" value="parametric_org"/>
    <property name="java.specification.name" value="Java Platform API Specification"/>
    <property name="java.class.version" value="52.0"/>
    <property name="sun.management.compiler" value="HotSpot 64-Bit Tiered Compilers"/>
    <property name="base.organization.owner.password" value="federated_external"/>
    <property name="os.version" value="10.11.6"/>
    <property name="base.organization.owner.username" value="federated_external"/>
    <property name="http.nonProxyHosts" value="local|*.local|169.254/16|*.169.254/16"/>
    <property name="user.home" value="/Users/axelsirota"/>
    <property name="user.timezone" value="America/Argentina/Buenos_Aires"/>
    <property name="base.url.core.services" value="https://qax.anypoint.mulesoft.com/accounts"/>
    <property name="java.awt.printerjob" value="sun.lwawt.macosx.CPrinterJob"/>
    <property name="base.url.platform" value="https://qax.anypoint.mulesoft.com/apiplatform"/>
    <property name="java.specification.version" value="1.8"/>
    <property name="file.encoding" value="UTF-8"/>
    <property name="base.url.contract.cache.service" value="https://qax.anypoint.mulesoft.com/apigateway/ccs"/>
    <property name="user.name" value="axelsirota"/>
    <property name="java.class.path" value="/usr/local/Cellar/maven/3.3.9/libexec/boot/plexus-classworlds-2.5.2.jar"/>
    <property name="env.cloudhub" value="qa2_gateway_382"/>
    <property name="java.vm.specification.version" value="1.8"/>
    <property name="sun.arch.data.model" value="64"/>
    <property name="java.home" value="/Library/Java/JavaVirtualMachines/jdk1.8.0_112.jdk/Contents/Home/jre"/>
    <property name="sun.java.command" value="org.codehaus.plexus.classworlds.launcher.Launcher test -Dportal_env=parametric_org -Dgateway_env=local -Denv.cloudhub=qa2_gateway_382 -Dbase.organization.characteristics=ping_federate_organization -Dbase.organization.owner.password=federated_external -Dbase.organization.owner.username=federated_external -Dbase.url.contract.cache.service=https://qax.anypoint.mulesoft.com/apigateway/ccs -Dbase.url.core.services=https://qax.anypoint.mulesoft.com/accounts -Dbase.url.platform=https://qax.anypoint.mulesoft.com/apiplatform"/>
    <property name="java.specification.vendor" value="Oracle Corporation"/>
    <property name="user.language" value="en"/>
    <property name="awt.toolkit" value="sun.lwawt.macosx.LWCToolkit"/>
    <property name="java.vm.info" value="mixed mode"/>
    <property name="java.version" value="1.8.0_112"/>
    <property name="java.ext.dirs" value="/Users/axelsirota/Library/Java/Extensions:/Library/Java/JavaVirtualMachines/jdk1.8.0_112.jdk/Contents/Home/jre/lib/ext:/Library/Java/Extensions:/Network/Library/Java/Extensions:/System/Library/Java/Extensions:/usr/lib/java"/>
    <property name="sun.boot.class.path" value="/Library/Java/JavaVirtualMachines/jdk1.8.0_112.jdk/Contents/Home/jre/lib/resources.jar:/Library/Java/JavaVirtualMachines/jdk1.8.0_112.jdk/Contents/Home/jre/lib/rt.jar:/Library/Java/JavaVirtualMachines/jdk1.8.0_112.jdk/Contents/Home/jre/lib/sunrsasign.jar:/Library/Java/JavaVirtualMachines/jdk1.8.0_112.jdk/Contents/Home/jre/lib/jsse.jar:/Library/Java/JavaVirtualMachines/jdk1.8.0_112.jdk/Contents/Home/jre/lib/jce.jar:/Library/Java/JavaVirtualMachines/jdk1.8.0_112.jdk/Contents/Home/jre/lib/charsets.jar:/Library/Java/JavaVirtualMachines/jdk1.8.0_112.jdk/Contents/Home/jre/lib/jfr.jar:/Library/Java/JavaVirtualMachines/jdk1.8.0_112.jdk/Contents/Home/jre/classes"/>
    <property name="java.vendor" value="Oracle Corporation"/>
    <property name="maven.home" value="/usr/local/Cellar/maven/3.3.9/libexec"/>
    <property name="gateway_env" value="local"/>
    <property name="file.separator" value="/"/>
    <property name="java.vendor.url.bug" value="http://bugreport.sun.com/bugreport/"/>
    <property name="sun.cpu.endian" value="little"/>
    <property name="sun.io.unicode.encoding" value="UnicodeBig"/>
    <property name="socksNonProxyHosts" value="local|*.local|169.254/16|*.169.254/16"/>
    <property name="ftp.nonProxyHosts" value="local|*.local|169.254/16|*.169.254/16"/>
    <property name="sun.cpu.isalist" value=""/>
  </properties>
  <testcase classname="com.mulesoft.performance.test.policy.clientidenforcement.ClientIdEnforcementOnRegularTest" name="clientIdEnforcementAsBasicAuth" time="149.597">
    <failure message="http://54.83.54.127:8887/api endpoint does not meet expected condition (expected HTTP code: 200)." type="java.lang.AssertionError">java.lang.AssertionError: http://54.83.54.127:8887/api endpoint does not meet expected condition (expected HTTP code: 200).
	at org.testng.Assert.fail(Assert.java:89)
	at com.mulesoft.performance.test.policy.clientidenforcement.ClientIdEnforcementBase.waitUntilSuccessByBasicAuth(ClientIdEnforcementBase.java:101)
	at com.mulesoft.performance.test.policy.clientidenforcement.ClientIdEnforcementOnRegularTest.clientIdEnforcementAsBasicAuth(ClientIdEnforcementOnRegularTest.java:92)
</failure>
    <system-out>Configuring TestNG with: org.apache.maven.surefire.testng.conf.TestNG652Configurator@2d6e8792
2017-02-08 17:46:21,656 INFO   Runtime - Gateway: Environment: qa, API Gateway version: 3.8.2, Agent version : 1.5.0, Cloudhub label: 3.8.2-R50-CI-SNAPSHOT, working with RAML: 0.8
Request method:	POST
Request path:	https://qax.anypoint.mulesoft.com/accounts/login
Proxy:			&lt;none&gt;
Request params:	username=federated_external
				password=federated_external
Query params:	&lt;none&gt;
Form params:	&lt;none&gt;
Path params:	&lt;none&gt;
Multiparts:		&lt;none&gt;
Headers:		Accept=*/*
				Content-Type=application/x-www-form-urlencoded; charset=UTF-8
Cookies:		&lt;none&gt;
Body:			&lt;none&gt;
2017-02-08 17:46:24,987 INFO   Message - 
HTTP Response: 
Headers: Content-Type: application/json; charset=utf-8
Date: Wed, 08 Feb 2017 20:46:24 GMT
ETag: W/&quot;71-XnPsW/TOjPO+uv/pTIUh4Q&quot;
Expires: -1
Pragma: no-cache
Server: nginx
Set-Cookie: mulesoft.sess=eyJpZCI6Im90dldZcm56NVo4dWYzM2czNVdCZEdhbGtHUy1BZ2hkIiwicGFzc3BvcnQiOnsidXNlciI6eyJ1c2VyX2lkIjoiNTAwMDM3Y2QtMmNmZC00ZGE0LWJlZDctNTczODRkZWIwNjJiIn19fQ==; path=/; secure; httponly
Set-Cookie: mulesoft.sess.sig=ssfQ-BjzWQBnBHiKo9L93Q4jcqs; path=/; secure; httponly
Vary: X-HTTP-Method-Override, Accept-Encoding
X-Powered-By: Express
Content-Length: 113
Connection: keep-alive
Status code: 200
Payload: {
  &quot;access_token&quot;: &quot;a2c84815-8cb8-4a76-b6e4-880c7e760ceb&quot;,
  &quot;token_type&quot;: &quot;bearer&quot;,
  &quot;redirectUrl&quot;: &quot;/home/&quot;
}
----------
Request method:	POST
Request path:	https://qax.anypoint.mulesoft.com/apiplatform/session
Proxy:			&lt;none&gt;
Request params:	&lt;none&gt;
Query params:	&lt;none&gt;
Form params:	&lt;none&gt;
Path params:	&lt;none&gt;
Multiparts:		&lt;none&gt;
Headers:		Accept=*/*
				Content-Type=application/json; charset=UTF-8
Cookies:		&lt;none&gt;
Body:
{
    &quot;token&quot;: &quot;a2c84815-8cb8-4a76-b6e4-880c7e760ceb&quot;
}
Request method:	GET
Request path:	https://qax.anypoint.mulesoft.com/apiplatform/repository/apis/by-name?apiName=zTest%20Custom%20Policy
Proxy:			&lt;none&gt;
Request params:	&lt;none&gt;
Query params:	&lt;none&gt;
Form params:	&lt;none&gt;
Path params:	&lt;none&gt;
Multiparts:		&lt;none&gt;
Headers:		Authorization=Bearer eyJ0eXAiOiJKV1QiLCJhbGciOiJIUzI1NiJ9.eyJpZCI6IjUwMDAzN2NkLTJjZmQtNGRhNC1iZWQ3LTU3Mzg0ZGViMDYyYiIsImZpcnN0TmFtZSI6IkZlZGVyYXRlZCIsImxhc3ROYW1lIjoiRXh0ZXJuYWwiLCJlbWFpbCI6ImNocmlzdG9waGVyLm1vcmR1ZUBtdWxlc29mdC5jb20iLCJ1c2VybmFtZSI6ImZlZGVyYXRlZF9leHRlcm5hbCIsIm9yZ2FuaXphdGlvbiI6eyJpZCI6IjUwMDBkYjk1LWM1ZDQtNDg3Zi05MjVlLTNmODJmMTVhNTQ5OSIsIm5hbWUiOiJGZWRlcmF0ZWQgSW5jIEV4dGVybmFsIEF1dGhvcml6YXRpb24iLCJkb21haW4iOiJmZWRlcmF0ZWQtZXh0ZXJuYWwiLCJlbnRpdGxlbWVudHMiOnsiaHlicmlkIjp7ImVuYWJsZWQiOmZhbHNlfSwiY3JlYXRlU3ViT3JncyI6dHJ1ZSwidkNvcmVzUHJvZHVjdGlvbiI6eyJhc3NpZ25lZCI6MSwicmVhc3NpZ25lZCI6MH0sInZDb3Jlc1NhbmRib3giOnsiYXNzaWduZWQiOjEsInJlYXNzaWduZWQiOjB9LCJnbG9iYWxEZXBsb3ltZW50IjpmYWxzZSwid29ya2VyTG9nZ2luZ092ZXJyaWRlIjp7ImVuYWJsZWQiOmZhbHNlfSwiZ2F0ZXdheXMiOnsiYXNzaWduZWQiOjB9LCJjcmVhdGVFbnZpcm9ubWVudHMiOnRydWUsInBhcnRuZXJzUHJvZHVjdGlvbiI6eyJhc3NpZ25lZCI6MH0sInBhcnRuZXJzU2FuZGJveCI6eyJhc3NpZ25lZCI6MH0sImF1dG9zY2FsaW5nIjpmYWxzZSwic3RhdGljSXBzIjp7ImFzc2lnbmVkIjowLCJyZWFzc2lnbmVkIjowfSwiYXJtQWxlcnRzIjpmYWxzZSwiYXBpcyI6eyJlbmFibGVkIjp0cnVlfSwibXFNZXNzYWdlcyI6eyJiYXNlIjowLCJhZGRPbiI6MH0sIm1xUmVxdWVzdHMiOnsiYmFzZSI6MCwiYWRkT24iOjB9LCJleHRlcm5hbElkZW50aXR5Ijp0cnVlLCJtcUFkdmFuY2VkRmVhdHVyZXMiOnsiZW5hYmxlZCI6ZmFsc2V9LCJ2cGNzIjp7ImFzc2lnbmVkIjowLCJyZWFzc2lnbmVkIjowfSwiaHlicmlkSW5zaWdodCI6ZmFsc2UsImRlc2lnbkNlbnRlciI6eyJtb3phcnQiOmZhbHNlLCJhcGkiOmZhbHNlfSwib2JqZWN0U3RvcmVSZXF1ZXN0VW5pdHMiOnsiYmFzZSI6MTUwMDAwMDAsImFkZE9uIjowfSwib2JqZWN0U3RvcmVLZXlzIjp7ImJhc2UiOjEwMDAwMCwiYWRkT24iOjB9LCJjYW0iOnsiZW5hYmxlZCI6ZmFsc2V9LCJsb2FkQmFsYW5jZXIiOnsiYXNzaWduZWQiOjAsInJlYXNzaWduZWQiOjB9LCJtZXNzYWdpbmciOnsiYXNzaWduZWQiOjB9fSwiZXh0ZXJuYWxBdXRob3JpemF0aW9uIjp0cnVlLCJleHRlcm5hbEF1dGhvcml6YXRpb25Qcm92aWRlciI6eyJuYW1lIjoiUG9ydGFsIEFwcGxpY2F0aW9uIE1hbmFnZW1lbnQgU3lzdGVtIChQQU1TKSIsInVybCI6Imh0dHBzOi8vd3NneC10ZXN0LmNpc2NvLmNvbS9wYW1zL2x0L2NlcG1TZXJ2aWNlL3YxLjUvbWdyc3J2cyIsInZlcnNpb24iOiIxLjUifSwiaWRlbnRpdHlNYW5hZ2VtZW50Ijp7InR5cGUiOiJQaW5nRmVkZXJhdGUifSwib2F1dGgyU2V0dGluZ3MiOnsiYXV0aG9yaXphdGlvbkdyYW50cyI6WyJjb2RlIiwidG9rZW4iLCJvd25lciIsImNyZWRlbnRpYWxzIl0sImF1dGhvcml6YXRpb25VcmkiOiJodHRwczovL2Nsb3Vkc3NvLXRlc3QuY2lzY28uY29tL2FzL2F1dGhvcml6YXRpb24ub2F1dGgyIiwiYWNjZXNzVG9rZW5VcmkiOiJodHRwczovL2Nsb3Vkc3NvLXRlc3QuY2lzY28uY29tL2FzL3Rva2VuLm9hdXRoMiIsImdyYW50VHlwZXMiOlt7Im5hbWUiOiJwYXNzd29yZCIsImxhYmVsIjoiUmVzb3VyY2UgT3duZXIgR3JhbnQiLCJyZXF1aXJlZCI6ZmFsc2UsImV4Y2x1ZGUiOltdLCJkZXBlbmRzIjpbXX0seyJuYW1lIjoiaW1wbGljaXQiLCJsYWJlbCI6IkltcGxpY2l0IEdyYW50IiwicmVxdWlyZWQiOmZhbHNlLCJleGNsdWRlIjpbXSwiZGVwZW5kcyI6W119LHsibmFtZSI6ImNsaWVudF9jcmVkZW50aWFscyIsImxhYmVsIjoiQ2xpZW50IENyZWRlbnRpYWxzIEdyYW50IiwicmVxdWlyZWQiOmZhbHNlLCJleGNsdWRlIjpbXSwiZGVwZW5kcyI6W119LHsibmFtZSI6ImF1dGhvcml6YXRpb25fY29kZSIsImxhYmVsIjoiQXV0aG9yaXphdGlvbiBDb2RlIEdyYW50IiwicmVxdWlyZWQiOmZhbHNlLCJleGNsdWRlIjpbXSwiZGVwZW5kcyI6W119LHsibmFtZSI6InJlZnJlc2hfdG9rZW4iLCJsYWJlbCI6IlJlZnJlc2ggVG9rZW4iLCJyZXF1aXJlZCI6ZmFsc2UsImV4Y2x1ZGUiOltdLCJkZXBlbmRzIjpbImF1dGhvcml6YXRpb25fY29kZSIsInBhc3N3b3JkIl19XX19LCJpbnRlcmFjdGl2ZUxvZ2luIjp0cnVlLCJ0b2tlbiI6ImEyYzg0ODE1LThjYjgtNGE3Ni1iNmU0LTg4MGM3ZTc2MGNlYiIsImlhdCI6MTQ4NjU4Njc4OCwiYXVkIjoiaHR0cDovL2FwaS1wbGF0Zm9ybS1hcGkvcmVwb3NpdG9yeSIsImlzcyI6Imh0dHA6Ly9hcGktcGxhdGZvcm0tYXBpL3JlcG9zaXRvcnkifQ.YOsto-KJMgjQZxFXe6FFipYd8TIh4P1HIlJ5Tg6a9Ps
				Accept=*/*
				Content-Type=application/json; charset=UTF-8
Cookies:		&lt;none&gt;
Body:			&lt;none&gt;
2017-02-08 17:46:30,370 INFO   Message - 
HTTP Response: 
Headers: Access-Control-Allow-Origin: *
Content-Type: application/json; charset=utf-8
Date: Wed, 08 Feb 2017 20:46:30 GMT
ETag: W/&quot;3f9-3O7X7Pi7Jc9Minae0fWJeQ&quot;
Expires: -1
Server: nginx
Content-Length: 1017
Connection: keep-alive
Status code: 200
Payload: {
  &quot;audit&quot;: {
    &quot;created&quot;: {
      &quot;date&quot;: &quot;2015-11-11T15:35:34.268Z&quot;
    },
    &quot;updated&quot;: {}
  },
  &quot;masterOrganizationId&quot;: &quot;5000db95-c5d4-487f-925e-3f82f15a5499&quot;,
  &quot;organizationId&quot;: &quot;5000db95-c5d4-487f-925e-3f82f15a5499&quot;,
  &quot;id&quot;: 46827,
  &quot;name&quot;: &quot;zTest Custom Policy&quot;,
  &quot;versions&quot;: [
    {
      &quot;audit&quot;: {
        &quot;created&quot;: {
          &quot;date&quot;: &quot;2015-11-11T15:35:34.268Z&quot;
        },
        &quot;updated&quot;: {
          &quot;date&quot;: &quot;2015-11-11T15:39:24.489Z&quot;
        }
      },
      &quot;masterOrganizationId&quot;: &quot;5000db95-c5d4-487f-925e-3f82f15a5499&quot;,
      &quot;organizationId&quot;: &quot;5000db95-c5d4-487f-925e-3f82f15a5499&quot;,
      &quot;id&quot;: 47500,
      &quot;apiId&quot;: 46827,
      &quot;name&quot;: &quot;Regular&quot;,
      &quot;description&quot;: &quot;Test automation API&quot;,
      &quot;tags&quot;: [],
      &quot;order&quot;: 1,
      &quot;deprecated&quot;: false,
      &quot;lastActiveDate&quot;: &quot;2015-11-11T15:39:24.485Z&quot;,
      &quot;endpoint&quot;: {
        &quot;audit&quot;: {
          &quot;created&quot;: {},
          &quot;updated&quot;: {}
        },
        &quot;id&quot;: 6176,
        &quot;type&quot;: &quot;http&quot;,
        &quot;uri&quot;: &quot;http://172.16.21.201:8081/gateway/custompolicy/path1&quot;
      }
    }
  ]
}
----------
Request method:	GET
Request path:	https://qax.anypoint.mulesoft.com/apiplatform/repository/apis/by-name?apiName=PabloTestAPI
Proxy:			&lt;none&gt;
Request params:	&lt;none&gt;
Query params:	&lt;none&gt;
Form params:	&lt;none&gt;
Path params:	&lt;none&gt;
Multiparts:		&lt;none&gt;
Headers:		Authorization=Bearer eyJ0eXAiOiJKV1QiLCJhbGciOiJIUzI1NiJ9.eyJpZCI6IjUwMDAzN2NkLTJjZmQtNGRhNC1iZWQ3LTU3Mzg0ZGViMDYyYiIsImZpcnN0TmFtZSI6IkZlZGVyYXRlZCIsImxhc3ROYW1lIjoiRXh0ZXJuYWwiLCJlbWFpbCI6ImNocmlzdG9waGVyLm1vcmR1ZUBtdWxlc29mdC5jb20iLCJ1c2VybmFtZSI6ImZlZGVyYXRlZF9leHRlcm5hbCIsIm9yZ2FuaXphdGlvbiI6eyJpZCI6IjUwMDBkYjk1LWM1ZDQtNDg3Zi05MjVlLTNmODJmMTVhNTQ5OSIsIm5hbWUiOiJGZWRlcmF0ZWQgSW5jIEV4dGVybmFsIEF1dGhvcml6YXRpb24iLCJkb21haW4iOiJmZWRlcmF0ZWQtZXh0ZXJuYWwiLCJlbnRpdGxlbWVudHMiOnsiaHlicmlkIjp7ImVuYWJsZWQiOmZhbHNlfSwiY3JlYXRlU3ViT3JncyI6dHJ1ZSwidkNvcmVzUHJvZHVjdGlvbiI6eyJhc3NpZ25lZCI6MSwicmVhc3NpZ25lZCI6MH0sInZDb3Jlc1NhbmRib3giOnsiYXNzaWduZWQiOjEsInJlYXNzaWduZWQiOjB9LCJnbG9iYWxEZXBsb3ltZW50IjpmYWxzZSwid29ya2VyTG9nZ2luZ092ZXJyaWRlIjp7ImVuYWJsZWQiOmZhbHNlfSwiZ2F0ZXdheXMiOnsiYXNzaWduZWQiOjB9LCJjcmVhdGVFbnZpcm9ubWVudHMiOnRydWUsInBhcnRuZXJzUHJvZHVjdGlvbiI6eyJhc3NpZ25lZCI6MH0sInBhcnRuZXJzU2FuZGJveCI6eyJhc3NpZ25lZCI6MH0sImF1dG9zY2FsaW5nIjpmYWxzZSwic3RhdGljSXBzIjp7ImFzc2lnbmVkIjowLCJyZWFzc2lnbmVkIjowfSwiYXJtQWxlcnRzIjpmYWxzZSwiYXBpcyI6eyJlbmFibGVkIjp0cnVlfSwibXFNZXNzYWdlcyI6eyJiYXNlIjowLCJhZGRPbiI6MH0sIm1xUmVxdWVzdHMiOnsiYmFzZSI6MCwiYWRkT24iOjB9LCJleHRlcm5hbElkZW50aXR5Ijp0cnVlLCJtcUFkdmFuY2VkRmVhdHVyZXMiOnsiZW5hYmxlZCI6ZmFsc2V9LCJ2cGNzIjp7ImFzc2lnbmVkIjowLCJyZWFzc2lnbmVkIjowfSwiaHlicmlkSW5zaWdodCI6ZmFsc2UsImRlc2lnbkNlbnRlciI6eyJtb3phcnQiOmZhbHNlLCJhcGkiOmZhbHNlfSwib2JqZWN0U3RvcmVSZXF1ZXN0VW5pdHMiOnsiYmFzZSI6MTUwMDAwMDAsImFkZE9uIjowfSwib2JqZWN0U3RvcmVLZXlzIjp7ImJhc2UiOjEwMDAwMCwiYWRkT24iOjB9LCJjYW0iOnsiZW5hYmxlZCI6ZmFsc2V9LCJsb2FkQmFsYW5jZXIiOnsiYXNzaWduZWQiOjAsInJlYXNzaWduZWQiOjB9LCJtZXNzYWdpbmciOnsiYXNzaWduZWQiOjB9fSwiZXh0ZXJuYWxBdXRob3JpemF0aW9uIjp0cnVlLCJleHRlcm5hbEF1dGhvcml6YXRpb25Qcm92aWRlciI6eyJuYW1lIjoiUG9ydGFsIEFwcGxpY2F0aW9uIE1hbmFnZW1lbnQgU3lzdGVtIChQQU1TKSIsInVybCI6Imh0dHBzOi8vd3NneC10ZXN0LmNpc2NvLmNvbS9wYW1zL2x0L2NlcG1TZXJ2aWNlL3YxLjUvbWdyc3J2cyIsInZlcnNpb24iOiIxLjUifSwiaWRlbnRpdHlNYW5hZ2VtZW50Ijp7InR5cGUiOiJQaW5nRmVkZXJhdGUifSwib2F1dGgyU2V0dGluZ3MiOnsiYXV0aG9yaXphdGlvbkdyYW50cyI6WyJjb2RlIiwidG9rZW4iLCJvd25lciIsImNyZWRlbnRpYWxzIl0sImF1dGhvcml6YXRpb25VcmkiOiJodHRwczovL2Nsb3Vkc3NvLXRlc3QuY2lzY28uY29tL2FzL2F1dGhvcml6YXRpb24ub2F1dGgyIiwiYWNjZXNzVG9rZW5VcmkiOiJodHRwczovL2Nsb3Vkc3NvLXRlc3QuY2lzY28uY29tL2FzL3Rva2VuLm9hdXRoMiIsImdyYW50VHlwZXMiOlt7Im5hbWUiOiJwYXNzd29yZCIsImxhYmVsIjoiUmVzb3VyY2UgT3duZXIgR3JhbnQiLCJyZXF1aXJlZCI6ZmFsc2UsImV4Y2x1ZGUiOltdLCJkZXBlbmRzIjpbXX0seyJuYW1lIjoiaW1wbGljaXQiLCJsYWJlbCI6IkltcGxpY2l0IEdyYW50IiwicmVxdWlyZWQiOmZhbHNlLCJleGNsdWRlIjpbXSwiZGVwZW5kcyI6W119LHsibmFtZSI6ImNsaWVudF9jcmVkZW50aWFscyIsImxhYmVsIjoiQ2xpZW50IENyZWRlbnRpYWxzIEdyYW50IiwicmVxdWlyZWQiOmZhbHNlLCJleGNsdWRlIjpbXSwiZGVwZW5kcyI6W119LHsibmFtZSI6ImF1dGhvcml6YXRpb25fY29kZSIsImxhYmVsIjoiQXV0aG9yaXphdGlvbiBDb2RlIEdyYW50IiwicmVxdWlyZWQiOmZhbHNlLCJleGNsdWRlIjpbXSwiZGVwZW5kcyI6W119LHsibmFtZSI6InJlZnJlc2hfdG9rZW4iLCJsYWJlbCI6IlJlZnJlc2ggVG9rZW4iLCJyZXF1aXJlZCI6ZmFsc2UsImV4Y2x1ZGUiOltdLCJkZXBlbmRzIjpbImF1dGhvcml6YXRpb25fY29kZSIsInBhc3N3b3JkIl19XX19LCJpbnRlcmFjdGl2ZUxvZ2luIjp0cnVlLCJ0b2tlbiI6ImEyYzg0ODE1LThjYjgtNGE3Ni1iNmU0LTg4MGM3ZTc2MGNlYiIsImlhdCI6MTQ4NjU4Njc4OCwiYXVkIjoiaHR0cDovL2FwaS1wbGF0Zm9ybS1hcGkvcmVwb3NpdG9yeSIsImlzcyI6Imh0dHA6Ly9hcGktcGxhdGZvcm0tYXBpL3JlcG9zaXRvcnkifQ.YOsto-KJMgjQZxFXe6FFipYd8TIh4P1HIlJ5Tg6a9Ps
				Accept=*/*
				Content-Type=application/json; charset=UTF-8
Cookies:		&lt;none&gt;
Body:			&lt;none&gt;
2017-02-08 17:46:31,517 INFO   Message - 
HTTP Response: 
Headers: Access-Control-Allow-Origin: *
Content-Type: application/json; charset=utf-8
Date: Wed, 08 Feb 2017 20:46:31 GMT
ETag: W/&quot;5f7-4tLf7OZvP7z1lMl75z0W2g&quot;
Expires: -1
Server: nginx
Content-Length: 1527
Connection: keep-alive
Status code: 200
Payload: {
  &quot;audit&quot;: {
    &quot;created&quot;: {
      &quot;date&quot;: &quot;2014-10-20T20:06:10.240Z&quot;
    },
    &quot;updated&quot;: {
      &quot;date&quot;: &quot;2017-01-06T18:58:31.313Z&quot;
    }
  },
  &quot;masterOrganizationId&quot;: &quot;5000db95-c5d4-487f-925e-3f82f15a5499&quot;,
  &quot;organizationId&quot;: &quot;5000db95-c5d4-487f-925e-3f82f15a5499&quot;,
  &quot;id&quot;: 2053,
  &quot;name&quot;: &quot;PabloTestAPI&quot;,
  &quot;versions&quot;: [
    {
      &quot;audit&quot;: {
        &quot;created&quot;: {
          &quot;date&quot;: &quot;2014-10-20T20:06:10.240Z&quot;
        },
        &quot;updated&quot;: {
          &quot;date&quot;: &quot;2017-02-08T20:46:31.292Z&quot;
        }
      },
      &quot;masterOrganizationId&quot;: &quot;5000db95-c5d4-487f-925e-3f82f15a5499&quot;,
      &quot;organizationId&quot;: &quot;5000db95-c5d4-487f-925e-3f82f15a5499&quot;,
      &quot;id&quot;: 2161,
      &quot;apiId&quot;: 2053,
      &quot;portalId&quot;: 120,
      &quot;name&quot;: &quot;1.0&quot;,
      &quot;description&quot;: &quot;WARNING: Wai uses this app for performance testing!!!!!!!!!!!!!!!!!!!!!!!!!!!!!!!!!!!!!!!!&quot;,
      &quot;tags&quot;: [],
      &quot;order&quot;: 1,
      &quot;rootFileId&quot;: 1251,
      &quot;deprecated&quot;: false,
      &quot;lastActiveDate&quot;: &quot;2017-02-08T20:46:31.292Z&quot;,
      &quot;endpoint&quot;: {
        &quot;audit&quot;: {
          &quot;created&quot;: {},
          &quot;updated&quot;: {}
        },
        &quot;id&quot;: 1816,
        &quot;type&quot;: &quot;http&quot;,
        &quot;uri&quot;: &quot;http://54.163.160.21:8080/&quot;,
        &quot;proxyUri&quot;: &quot;http://0.0.0.0:8081/&quot;,
        &quot;proxyRegistrationUri&quot;: &quot;http://10.153.244.90:8887/api&quot;,
        &quot;lastActiveDate&quot;: &quot;2014-10-23T19:27:26.141Z&quot;,
        &quot;isCloudHub&quot;: true,
        &quot;policiesVersion&quot;: &quot;v7&quot;
      },
      &quot;deployment&quot;: {
        &quot;audit&quot;: {
          &quot;created&quot;: {},
          &quot;updated&quot;: {
            &quot;date&quot;: &quot;2015-05-21T17:11:26.849Z&quot;
          }
        },
        &quot;applicationName&quot;: &quot;pablotestapi&quot;,
        &quot;apiVersionId&quot;: 2161,
        &quot;environmentName&quot;: &quot;Production&quot;,
        &quot;environmentId&quot;: &quot;54451bd7e4b0e62fe3de1409&quot;,
        &quot;updatedDate&quot;: &quot;2015-05-21T17:11:26.849Z&quot;,
        &quot;type&quot;: &quot;CH&quot;
      },
      &quot;gateway&quot;: {
        &quot;policiesVersion&quot;: &quot;v7&quot;,
        &quot;supportsOrdering&quot;: true
      }
    }
  ]
}
----------
2017-02-08 17:46:31,572 INFO   PolicyManagerImpl - About to un-apply ALL policies. API belonging to organization with id: 5000db95-c5d4-487f-925e-3f82f15a5499, with name &apos;PabloTestAPI&apos; with id: 2053, and version name &apos;1.0&apos; with id: 2161
2017-02-08 17:46:31,572 INFO   PolicyManagerImpl - Getting applied policies..
2017-02-08 17:46:31,572 INFO   PolicyManagerImpl - Getting applied policies2..
2017-02-08 17:46:31,572 INFO   PolicyManagerImpl - Retrieving applied policies for: API belonging to organization with id: 5000db95-c5d4-487f-925e-3f82f15a5499, with name &apos;PabloTestAPI&apos; with id: 2053, and version name &apos;1.0&apos; with id: 2161
2017-02-08 17:46:31,573 INFO   PolicyManagerImpl - About to get applied policies info by using apis/2053/versions/2161/policies?fullInfo=false on organization with ID: 5000db95-c5d4-487f-925e-3f82f15a5499
Request method:	GET
Request path:	https://qax.anypoint.mulesoft.com/apiplatform/repository/v2/organizations/5000db95-c5d4-487f-925e-3f82f15a5499/apis/2053/versions/2161/policies?fullInfo=false
Proxy:			&lt;none&gt;
Request params:	&lt;none&gt;
Query params:	&lt;none&gt;
Form params:	&lt;none&gt;
Path params:	&lt;none&gt;
Multiparts:		&lt;none&gt;
Headers:		Authorization=Bearer eyJ0eXAiOiJKV1QiLCJhbGciOiJIUzI1NiJ9.eyJpZCI6IjUwMDAzN2NkLTJjZmQtNGRhNC1iZWQ3LTU3Mzg0ZGViMDYyYiIsImZpcnN0TmFtZSI6IkZlZGVyYXRlZCIsImxhc3ROYW1lIjoiRXh0ZXJuYWwiLCJlbWFpbCI6ImNocmlzdG9waGVyLm1vcmR1ZUBtdWxlc29mdC5jb20iLCJ1c2VybmFtZSI6ImZlZGVyYXRlZF9leHRlcm5hbCIsIm9yZ2FuaXphdGlvbiI6eyJpZCI6IjUwMDBkYjk1LWM1ZDQtNDg3Zi05MjVlLTNmODJmMTVhNTQ5OSIsIm5hbWUiOiJGZWRlcmF0ZWQgSW5jIEV4dGVybmFsIEF1dGhvcml6YXRpb24iLCJkb21haW4iOiJmZWRlcmF0ZWQtZXh0ZXJuYWwiLCJlbnRpdGxlbWVudHMiOnsiaHlicmlkIjp7ImVuYWJsZWQiOmZhbHNlfSwiY3JlYXRlU3ViT3JncyI6dHJ1ZSwidkNvcmVzUHJvZHVjdGlvbiI6eyJhc3NpZ25lZCI6MSwicmVhc3NpZ25lZCI6MH0sInZDb3Jlc1NhbmRib3giOnsiYXNzaWduZWQiOjEsInJlYXNzaWduZWQiOjB9LCJnbG9iYWxEZXBsb3ltZW50IjpmYWxzZSwid29ya2VyTG9nZ2luZ092ZXJyaWRlIjp7ImVuYWJsZWQiOmZhbHNlfSwiZ2F0ZXdheXMiOnsiYXNzaWduZWQiOjB9LCJjcmVhdGVFbnZpcm9ubWVudHMiOnRydWUsInBhcnRuZXJzUHJvZHVjdGlvbiI6eyJhc3NpZ25lZCI6MH0sInBhcnRuZXJzU2FuZGJveCI6eyJhc3NpZ25lZCI6MH0sImF1dG9zY2FsaW5nIjpmYWxzZSwic3RhdGljSXBzIjp7ImFzc2lnbmVkIjowLCJyZWFzc2lnbmVkIjowfSwiYXJtQWxlcnRzIjpmYWxzZSwiYXBpcyI6eyJlbmFibGVkIjp0cnVlfSwibXFNZXNzYWdlcyI6eyJiYXNlIjowLCJhZGRPbiI6MH0sIm1xUmVxdWVzdHMiOnsiYmFzZSI6MCwiYWRkT24iOjB9LCJleHRlcm5hbElkZW50aXR5Ijp0cnVlLCJtcUFkdmFuY2VkRmVhdHVyZXMiOnsiZW5hYmxlZCI6ZmFsc2V9LCJ2cGNzIjp7ImFzc2lnbmVkIjowLCJyZWFzc2lnbmVkIjowfSwiaHlicmlkSW5zaWdodCI6ZmFsc2UsImRlc2lnbkNlbnRlciI6eyJtb3phcnQiOmZhbHNlLCJhcGkiOmZhbHNlfSwib2JqZWN0U3RvcmVSZXF1ZXN0VW5pdHMiOnsiYmFzZSI6MTUwMDAwMDAsImFkZE9uIjowfSwib2JqZWN0U3RvcmVLZXlzIjp7ImJhc2UiOjEwMDAwMCwiYWRkT24iOjB9LCJjYW0iOnsiZW5hYmxlZCI6ZmFsc2V9LCJsb2FkQmFsYW5jZXIiOnsiYXNzaWduZWQiOjAsInJlYXNzaWduZWQiOjB9LCJtZXNzYWdpbmciOnsiYXNzaWduZWQiOjB9fSwiZXh0ZXJuYWxBdXRob3JpemF0aW9uIjp0cnVlLCJleHRlcm5hbEF1dGhvcml6YXRpb25Qcm92aWRlciI6eyJuYW1lIjoiUG9ydGFsIEFwcGxpY2F0aW9uIE1hbmFnZW1lbnQgU3lzdGVtIChQQU1TKSIsInVybCI6Imh0dHBzOi8vd3NneC10ZXN0LmNpc2NvLmNvbS9wYW1zL2x0L2NlcG1TZXJ2aWNlL3YxLjUvbWdyc3J2cyIsInZlcnNpb24iOiIxLjUifSwiaWRlbnRpdHlNYW5hZ2VtZW50Ijp7InR5cGUiOiJQaW5nRmVkZXJhdGUifSwib2F1dGgyU2V0dGluZ3MiOnsiYXV0aG9yaXphdGlvbkdyYW50cyI6WyJjb2RlIiwidG9rZW4iLCJvd25lciIsImNyZWRlbnRpYWxzIl0sImF1dGhvcml6YXRpb25VcmkiOiJodHRwczovL2Nsb3Vkc3NvLXRlc3QuY2lzY28uY29tL2FzL2F1dGhvcml6YXRpb24ub2F1dGgyIiwiYWNjZXNzVG9rZW5VcmkiOiJodHRwczovL2Nsb3Vkc3NvLXRlc3QuY2lzY28uY29tL2FzL3Rva2VuLm9hdXRoMiIsImdyYW50VHlwZXMiOlt7Im5hbWUiOiJwYXNzd29yZCIsImxhYmVsIjoiUmVzb3VyY2UgT3duZXIgR3JhbnQiLCJyZXF1aXJlZCI6ZmFsc2UsImV4Y2x1ZGUiOltdLCJkZXBlbmRzIjpbXX0seyJuYW1lIjoiaW1wbGljaXQiLCJsYWJlbCI6IkltcGxpY2l0IEdyYW50IiwicmVxdWlyZWQiOmZhbHNlLCJleGNsdWRlIjpbXSwiZGVwZW5kcyI6W119LHsibmFtZSI6ImNsaWVudF9jcmVkZW50aWFscyIsImxhYmVsIjoiQ2xpZW50IENyZWRlbnRpYWxzIEdyYW50IiwicmVxdWlyZWQiOmZhbHNlLCJleGNsdWRlIjpbXSwiZGVwZW5kcyI6W119LHsibmFtZSI6ImF1dGhvcml6YXRpb25fY29kZSIsImxhYmVsIjoiQXV0aG9yaXphdGlvbiBDb2RlIEdyYW50IiwicmVxdWlyZWQiOmZhbHNlLCJleGNsdWRlIjpbXSwiZGVwZW5kcyI6W119LHsibmFtZSI6InJlZnJlc2hfdG9rZW4iLCJsYWJlbCI6IlJlZnJlc2ggVG9rZW4iLCJyZXF1aXJlZCI6ZmFsc2UsImV4Y2x1ZGUiOltdLCJkZXBlbmRzIjpbImF1dGhvcml6YXRpb25fY29kZSIsInBhc3N3b3JkIl19XX19LCJpbnRlcmFjdGl2ZUxvZ2luIjp0cnVlLCJ0b2tlbiI6ImEyYzg0ODE1LThjYjgtNGE3Ni1iNmU0LTg4MGM3ZTc2MGNlYiIsImlhdCI6MTQ4NjU4Njc4OCwiYXVkIjoiaHR0cDovL2FwaS1wbGF0Zm9ybS1hcGkvcmVwb3NpdG9yeSIsImlzcyI6Imh0dHA6Ly9hcGktcGxhdGZvcm0tYXBpL3JlcG9zaXRvcnkifQ.YOsto-KJMgjQZxFXe6FFipYd8TIh4P1HIlJ5Tg6a9Ps
				Accept=*/*
				Content-Type=application/json; charset=UTF-8
Cookies:		&lt;none&gt;
Body:			&lt;none&gt;
2017-02-08 17:46:32,573 INFO   Message - 
HTTP Response: 
Headers: Access-Control-Allow-Origin: *
Content-Type: application/json; charset=utf-8
Date: Wed, 08 Feb 2017 20:46:32 GMT
ETag: W/&quot;1fa-8LLxU4WK+5bAsraTwSEWNQ&quot;
Expires: -1
Server: nginx
Content-Length: 506
Connection: keep-alive
Status code: 200
Payload: [
  {
    &quot;audit&quot;: {
      &quot;created&quot;: {
        &quot;date&quot;: &quot;2017-02-08T19:57:06.168Z&quot;
      },
      &quot;updated&quot;: {}
    },
    &quot;masterOrganizationId&quot;: &quot;5000db95-c5d4-487f-925e-3f82f15a5499&quot;,
    &quot;organizationId&quot;: &quot;5000db95-c5d4-487f-925e-3f82f15a5499&quot;,
    &quot;id&quot;: 54770,
    &quot;apiVersionId&quot;: 2161,
    &quot;policyTemplateId&quot;: &quot;client-id-enforcement&quot;,
    &quot;configurationData&quot;: {
      &quot;credentialsOrigin&quot;: &quot;customExpression&quot;,
      &quot;clientIdExpression&quot;: &quot;#[message.inboundProperties[\u0027client_id\u0027]]&quot;,
      &quot;clientSecretExpression&quot;: &quot;#[message.inboundProperties[\u0027client_secret\u0027]]&quot;
    },
    &quot;order&quot;: 1,
    &quot;disabled&quot;: false,
    &quot;type&quot;: &quot;system&quot;
  }
]
----------
2017-02-08 17:46:32,573 INFO   PolicyManagerImpl - Remove Internal AES policy if present..
2017-02-08 17:46:32,573 INFO   PolicyManagerImpl - Retrieving applied policies for: API belonging to organization with id: 5000db95-c5d4-487f-925e-3f82f15a5499, with name &apos;PabloTestAPI&apos; with id: 2053, and version name &apos;1.0&apos; with id: 2161
2017-02-08 17:46:32,574 INFO   PolicyManagerImpl - About to get applied policies info by using apis/2053/versions/2161/policies?fullInfo=false on organization with ID: 5000db95-c5d4-487f-925e-3f82f15a5499
Request method:	GET
Request path:	https://qax.anypoint.mulesoft.com/apiplatform/repository/v2/organizations/5000db95-c5d4-487f-925e-3f82f15a5499/apis/2053/versions/2161/policies?fullInfo=false
Proxy:			&lt;none&gt;
Request params:	&lt;none&gt;
Query params:	&lt;none&gt;
Form params:	&lt;none&gt;
Path params:	&lt;none&gt;
Multiparts:		&lt;none&gt;
Headers:		Authorization=Bearer eyJ0eXAiOiJKV1QiLCJhbGciOiJIUzI1NiJ9.eyJpZCI6IjUwMDAzN2NkLTJjZmQtNGRhNC1iZWQ3LTU3Mzg0ZGViMDYyYiIsImZpcnN0TmFtZSI6IkZlZGVyYXRlZCIsImxhc3ROYW1lIjoiRXh0ZXJuYWwiLCJlbWFpbCI6ImNocmlzdG9waGVyLm1vcmR1ZUBtdWxlc29mdC5jb20iLCJ1c2VybmFtZSI6ImZlZGVyYXRlZF9leHRlcm5hbCIsIm9yZ2FuaXphdGlvbiI6eyJpZCI6IjUwMDBkYjk1LWM1ZDQtNDg3Zi05MjVlLTNmODJmMTVhNTQ5OSIsIm5hbWUiOiJGZWRlcmF0ZWQgSW5jIEV4dGVybmFsIEF1dGhvcml6YXRpb24iLCJkb21haW4iOiJmZWRlcmF0ZWQtZXh0ZXJuYWwiLCJlbnRpdGxlbWVudHMiOnsiaHlicmlkIjp7ImVuYWJsZWQiOmZhbHNlfSwiY3JlYXRlU3ViT3JncyI6dHJ1ZSwidkNvcmVzUHJvZHVjdGlvbiI6eyJhc3NpZ25lZCI6MSwicmVhc3NpZ25lZCI6MH0sInZDb3Jlc1NhbmRib3giOnsiYXNzaWduZWQiOjEsInJlYXNzaWduZWQiOjB9LCJnbG9iYWxEZXBsb3ltZW50IjpmYWxzZSwid29ya2VyTG9nZ2luZ092ZXJyaWRlIjp7ImVuYWJsZWQiOmZhbHNlfSwiZ2F0ZXdheXMiOnsiYXNzaWduZWQiOjB9LCJjcmVhdGVFbnZpcm9ubWVudHMiOnRydWUsInBhcnRuZXJzUHJvZHVjdGlvbiI6eyJhc3NpZ25lZCI6MH0sInBhcnRuZXJzU2FuZGJveCI6eyJhc3NpZ25lZCI6MH0sImF1dG9zY2FsaW5nIjpmYWxzZSwic3RhdGljSXBzIjp7ImFzc2lnbmVkIjowLCJyZWFzc2lnbmVkIjowfSwiYXJtQWxlcnRzIjpmYWxzZSwiYXBpcyI6eyJlbmFibGVkIjp0cnVlfSwibXFNZXNzYWdlcyI6eyJiYXNlIjowLCJhZGRPbiI6MH0sIm1xUmVxdWVzdHMiOnsiYmFzZSI6MCwiYWRkT24iOjB9LCJleHRlcm5hbElkZW50aXR5Ijp0cnVlLCJtcUFkdmFuY2VkRmVhdHVyZXMiOnsiZW5hYmxlZCI6ZmFsc2V9LCJ2cGNzIjp7ImFzc2lnbmVkIjowLCJyZWFzc2lnbmVkIjowfSwiaHlicmlkSW5zaWdodCI6ZmFsc2UsImRlc2lnbkNlbnRlciI6eyJtb3phcnQiOmZhbHNlLCJhcGkiOmZhbHNlfSwib2JqZWN0U3RvcmVSZXF1ZXN0VW5pdHMiOnsiYmFzZSI6MTUwMDAwMDAsImFkZE9uIjowfSwib2JqZWN0U3RvcmVLZXlzIjp7ImJhc2UiOjEwMDAwMCwiYWRkT24iOjB9LCJjYW0iOnsiZW5hYmxlZCI6ZmFsc2V9LCJsb2FkQmFsYW5jZXIiOnsiYXNzaWduZWQiOjAsInJlYXNzaWduZWQiOjB9LCJtZXNzYWdpbmciOnsiYXNzaWduZWQiOjB9fSwiZXh0ZXJuYWxBdXRob3JpemF0aW9uIjp0cnVlLCJleHRlcm5hbEF1dGhvcml6YXRpb25Qcm92aWRlciI6eyJuYW1lIjoiUG9ydGFsIEFwcGxpY2F0aW9uIE1hbmFnZW1lbnQgU3lzdGVtIChQQU1TKSIsInVybCI6Imh0dHBzOi8vd3NneC10ZXN0LmNpc2NvLmNvbS9wYW1zL2x0L2NlcG1TZXJ2aWNlL3YxLjUvbWdyc3J2cyIsInZlcnNpb24iOiIxLjUifSwiaWRlbnRpdHlNYW5hZ2VtZW50Ijp7InR5cGUiOiJQaW5nRmVkZXJhdGUifSwib2F1dGgyU2V0dGluZ3MiOnsiYXV0aG9yaXphdGlvbkdyYW50cyI6WyJjb2RlIiwidG9rZW4iLCJvd25lciIsImNyZWRlbnRpYWxzIl0sImF1dGhvcml6YXRpb25VcmkiOiJodHRwczovL2Nsb3Vkc3NvLXRlc3QuY2lzY28uY29tL2FzL2F1dGhvcml6YXRpb24ub2F1dGgyIiwiYWNjZXNzVG9rZW5VcmkiOiJodHRwczovL2Nsb3Vkc3NvLXRlc3QuY2lzY28uY29tL2FzL3Rva2VuLm9hdXRoMiIsImdyYW50VHlwZXMiOlt7Im5hbWUiOiJwYXNzd29yZCIsImxhYmVsIjoiUmVzb3VyY2UgT3duZXIgR3JhbnQiLCJyZXF1aXJlZCI6ZmFsc2UsImV4Y2x1ZGUiOltdLCJkZXBlbmRzIjpbXX0seyJuYW1lIjoiaW1wbGljaXQiLCJsYWJlbCI6IkltcGxpY2l0IEdyYW50IiwicmVxdWlyZWQiOmZhbHNlLCJleGNsdWRlIjpbXSwiZGVwZW5kcyI6W119LHsibmFtZSI6ImNsaWVudF9jcmVkZW50aWFscyIsImxhYmVsIjoiQ2xpZW50IENyZWRlbnRpYWxzIEdyYW50IiwicmVxdWlyZWQiOmZhbHNlLCJleGNsdWRlIjpbXSwiZGVwZW5kcyI6W119LHsibmFtZSI6ImF1dGhvcml6YXRpb25fY29kZSIsImxhYmVsIjoiQXV0aG9yaXphdGlvbiBDb2RlIEdyYW50IiwicmVxdWlyZWQiOmZhbHNlLCJleGNsdWRlIjpbXSwiZGVwZW5kcyI6W119LHsibmFtZSI6InJlZnJlc2hfdG9rZW4iLCJsYWJlbCI6IlJlZnJlc2ggVG9rZW4iLCJyZXF1aXJlZCI6ZmFsc2UsImV4Y2x1ZGUiOltdLCJkZXBlbmRzIjpbImF1dGhvcml6YXRpb25fY29kZSIsInBhc3N3b3JkIl19XX19LCJpbnRlcmFjdGl2ZUxvZ2luIjp0cnVlLCJ0b2tlbiI6ImEyYzg0ODE1LThjYjgtNGE3Ni1iNmU0LTg4MGM3ZTc2MGNlYiIsImlhdCI6MTQ4NjU4Njc4OCwiYXVkIjoiaHR0cDovL2FwaS1wbGF0Zm9ybS1hcGkvcmVwb3NpdG9yeSIsImlzcyI6Imh0dHA6Ly9hcGktcGxhdGZvcm0tYXBpL3JlcG9zaXRvcnkifQ.YOsto-KJMgjQZxFXe6FFipYd8TIh4P1HIlJ5Tg6a9Ps
				Accept=*/*
				Content-Type=application/json; charset=UTF-8
Cookies:		&lt;none&gt;
Body:			&lt;none&gt;
2017-02-08 17:46:33,491 INFO   Message - 
HTTP Response: 
Headers: Access-Control-Allow-Origin: *
Content-Type: application/json; charset=utf-8
Date: Wed, 08 Feb 2017 20:46:33 GMT
ETag: W/&quot;1fa-8LLxU4WK+5bAsraTwSEWNQ&quot;
Expires: -1
Server: nginx
Content-Length: 506
Connection: keep-alive
Status code: 200
Payload: [
  {
    &quot;audit&quot;: {
      &quot;created&quot;: {
        &quot;date&quot;: &quot;2017-02-08T19:57:06.168Z&quot;
      },
      &quot;updated&quot;: {}
    },
    &quot;masterOrganizationId&quot;: &quot;5000db95-c5d4-487f-925e-3f82f15a5499&quot;,
    &quot;organizationId&quot;: &quot;5000db95-c5d4-487f-925e-3f82f15a5499&quot;,
    &quot;id&quot;: 54770,
    &quot;apiVersionId&quot;: 2161,
    &quot;policyTemplateId&quot;: &quot;client-id-enforcement&quot;,
    &quot;configurationData&quot;: {
      &quot;credentialsOrigin&quot;: &quot;customExpression&quot;,
      &quot;clientIdExpression&quot;: &quot;#[message.inboundProperties[\u0027client_id\u0027]]&quot;,
      &quot;clientSecretExpression&quot;: &quot;#[message.inboundProperties[\u0027client_secret\u0027]]&quot;
    },
    &quot;order&quot;: 1,
    &quot;disabled&quot;: false,
    &quot;type&quot;: &quot;system&quot;
  }
]
----------
2017-02-08 17:46:33,517 INFO   PolicyManagerImpl - Remove Internal AES provider if present..
2017-02-08 17:46:33,525 INFO   PolicyManagerImpl - Remove Basic Auth policy if present..
2017-02-08 17:46:33,544 INFO   PolicyManagerImpl - Getting applied policies once the composite policies are no more..
2017-02-08 17:46:33,545 INFO   PolicyManagerImpl - Retrieving applied policies for: API belonging to organization with id: 5000db95-c5d4-487f-925e-3f82f15a5499, with name &apos;PabloTestAPI&apos; with id: 2053, and version name &apos;1.0&apos; with id: 2161
2017-02-08 17:46:33,545 INFO   PolicyManagerImpl - About to get applied policies info by using apis/2053/versions/2161/policies?fullInfo=false on organization with ID: 5000db95-c5d4-487f-925e-3f82f15a5499
Request method:	GET
Request path:	https://qax.anypoint.mulesoft.com/apiplatform/repository/v2/organizations/5000db95-c5d4-487f-925e-3f82f15a5499/apis/2053/versions/2161/policies?fullInfo=false
Proxy:			&lt;none&gt;
Request params:	&lt;none&gt;
Query params:	&lt;none&gt;
Form params:	&lt;none&gt;
Path params:	&lt;none&gt;
Multiparts:		&lt;none&gt;
Headers:		Authorization=Bearer eyJ0eXAiOiJKV1QiLCJhbGciOiJIUzI1NiJ9.eyJpZCI6IjUwMDAzN2NkLTJjZmQtNGRhNC1iZWQ3LTU3Mzg0ZGViMDYyYiIsImZpcnN0TmFtZSI6IkZlZGVyYXRlZCIsImxhc3ROYW1lIjoiRXh0ZXJuYWwiLCJlbWFpbCI6ImNocmlzdG9waGVyLm1vcmR1ZUBtdWxlc29mdC5jb20iLCJ1c2VybmFtZSI6ImZlZGVyYXRlZF9leHRlcm5hbCIsIm9yZ2FuaXphdGlvbiI6eyJpZCI6IjUwMDBkYjk1LWM1ZDQtNDg3Zi05MjVlLTNmODJmMTVhNTQ5OSIsIm5hbWUiOiJGZWRlcmF0ZWQgSW5jIEV4dGVybmFsIEF1dGhvcml6YXRpb24iLCJkb21haW4iOiJmZWRlcmF0ZWQtZXh0ZXJuYWwiLCJlbnRpdGxlbWVudHMiOnsiaHlicmlkIjp7ImVuYWJsZWQiOmZhbHNlfSwiY3JlYXRlU3ViT3JncyI6dHJ1ZSwidkNvcmVzUHJvZHVjdGlvbiI6eyJhc3NpZ25lZCI6MSwicmVhc3NpZ25lZCI6MH0sInZDb3Jlc1NhbmRib3giOnsiYXNzaWduZWQiOjEsInJlYXNzaWduZWQiOjB9LCJnbG9iYWxEZXBsb3ltZW50IjpmYWxzZSwid29ya2VyTG9nZ2luZ092ZXJyaWRlIjp7ImVuYWJsZWQiOmZhbHNlfSwiZ2F0ZXdheXMiOnsiYXNzaWduZWQiOjB9LCJjcmVhdGVFbnZpcm9ubWVudHMiOnRydWUsInBhcnRuZXJzUHJvZHVjdGlvbiI6eyJhc3NpZ25lZCI6MH0sInBhcnRuZXJzU2FuZGJveCI6eyJhc3NpZ25lZCI6MH0sImF1dG9zY2FsaW5nIjpmYWxzZSwic3RhdGljSXBzIjp7ImFzc2lnbmVkIjowLCJyZWFzc2lnbmVkIjowfSwiYXJtQWxlcnRzIjpmYWxzZSwiYXBpcyI6eyJlbmFibGVkIjp0cnVlfSwibXFNZXNzYWdlcyI6eyJiYXNlIjowLCJhZGRPbiI6MH0sIm1xUmVxdWVzdHMiOnsiYmFzZSI6MCwiYWRkT24iOjB9LCJleHRlcm5hbElkZW50aXR5Ijp0cnVlLCJtcUFkdmFuY2VkRmVhdHVyZXMiOnsiZW5hYmxlZCI6ZmFsc2V9LCJ2cGNzIjp7ImFzc2lnbmVkIjowLCJyZWFzc2lnbmVkIjowfSwiaHlicmlkSW5zaWdodCI6ZmFsc2UsImRlc2lnbkNlbnRlciI6eyJtb3phcnQiOmZhbHNlLCJhcGkiOmZhbHNlfSwib2JqZWN0U3RvcmVSZXF1ZXN0VW5pdHMiOnsiYmFzZSI6MTUwMDAwMDAsImFkZE9uIjowfSwib2JqZWN0U3RvcmVLZXlzIjp7ImJhc2UiOjEwMDAwMCwiYWRkT24iOjB9LCJjYW0iOnsiZW5hYmxlZCI6ZmFsc2V9LCJsb2FkQmFsYW5jZXIiOnsiYXNzaWduZWQiOjAsInJlYXNzaWduZWQiOjB9LCJtZXNzYWdpbmciOnsiYXNzaWduZWQiOjB9fSwiZXh0ZXJuYWxBdXRob3JpemF0aW9uIjp0cnVlLCJleHRlcm5hbEF1dGhvcml6YXRpb25Qcm92aWRlciI6eyJuYW1lIjoiUG9ydGFsIEFwcGxpY2F0aW9uIE1hbmFnZW1lbnQgU3lzdGVtIChQQU1TKSIsInVybCI6Imh0dHBzOi8vd3NneC10ZXN0LmNpc2NvLmNvbS9wYW1zL2x0L2NlcG1TZXJ2aWNlL3YxLjUvbWdyc3J2cyIsInZlcnNpb24iOiIxLjUifSwiaWRlbnRpdHlNYW5hZ2VtZW50Ijp7InR5cGUiOiJQaW5nRmVkZXJhdGUifSwib2F1dGgyU2V0dGluZ3MiOnsiYXV0aG9yaXphdGlvbkdyYW50cyI6WyJjb2RlIiwidG9rZW4iLCJvd25lciIsImNyZWRlbnRpYWxzIl0sImF1dGhvcml6YXRpb25VcmkiOiJodHRwczovL2Nsb3Vkc3NvLXRlc3QuY2lzY28uY29tL2FzL2F1dGhvcml6YXRpb24ub2F1dGgyIiwiYWNjZXNzVG9rZW5VcmkiOiJodHRwczovL2Nsb3Vkc3NvLXRlc3QuY2lzY28uY29tL2FzL3Rva2VuLm9hdXRoMiIsImdyYW50VHlwZXMiOlt7Im5hbWUiOiJwYXNzd29yZCIsImxhYmVsIjoiUmVzb3VyY2UgT3duZXIgR3JhbnQiLCJyZXF1aXJlZCI6ZmFsc2UsImV4Y2x1ZGUiOltdLCJkZXBlbmRzIjpbXX0seyJuYW1lIjoiaW1wbGljaXQiLCJsYWJlbCI6IkltcGxpY2l0IEdyYW50IiwicmVxdWlyZWQiOmZhbHNlLCJleGNsdWRlIjpbXSwiZGVwZW5kcyI6W119LHsibmFtZSI6ImNsaWVudF9jcmVkZW50aWFscyIsImxhYmVsIjoiQ2xpZW50IENyZWRlbnRpYWxzIEdyYW50IiwicmVxdWlyZWQiOmZhbHNlLCJleGNsdWRlIjpbXSwiZGVwZW5kcyI6W119LHsibmFtZSI6ImF1dGhvcml6YXRpb25fY29kZSIsImxhYmVsIjoiQXV0aG9yaXphdGlvbiBDb2RlIEdyYW50IiwicmVxdWlyZWQiOmZhbHNlLCJleGNsdWRlIjpbXSwiZGVwZW5kcyI6W119LHsibmFtZSI6InJlZnJlc2hfdG9rZW4iLCJsYWJlbCI6IlJlZnJlc2ggVG9rZW4iLCJyZXF1aXJlZCI6ZmFsc2UsImV4Y2x1ZGUiOltdLCJkZXBlbmRzIjpbImF1dGhvcml6YXRpb25fY29kZSIsInBhc3N3b3JkIl19XX19LCJpbnRlcmFjdGl2ZUxvZ2luIjp0cnVlLCJ0b2tlbiI6ImEyYzg0ODE1LThjYjgtNGE3Ni1iNmU0LTg4MGM3ZTc2MGNlYiIsImlhdCI6MTQ4NjU4Njc4OCwiYXVkIjoiaHR0cDovL2FwaS1wbGF0Zm9ybS1hcGkvcmVwb3NpdG9yeSIsImlzcyI6Imh0dHA6Ly9hcGktcGxhdGZvcm0tYXBpL3JlcG9zaXRvcnkifQ.YOsto-KJMgjQZxFXe6FFipYd8TIh4P1HIlJ5Tg6a9Ps
				Accept=*/*
				Content-Type=application/json; charset=UTF-8
Cookies:		&lt;none&gt;
Body:			&lt;none&gt;
2017-02-08 17:46:34,420 INFO   Message - 
HTTP Response: 
Headers: Access-Control-Allow-Origin: *
Content-Type: application/json; charset=utf-8
Date: Wed, 08 Feb 2017 20:46:34 GMT
ETag: W/&quot;1fa-8LLxU4WK+5bAsraTwSEWNQ&quot;
Expires: -1
Server: nginx
Content-Length: 506
Connection: keep-alive
Status code: 200
Payload: [
  {
    &quot;audit&quot;: {
      &quot;created&quot;: {
        &quot;date&quot;: &quot;2017-02-08T19:57:06.168Z&quot;
      },
      &quot;updated&quot;: {}
    },
    &quot;masterOrganizationId&quot;: &quot;5000db95-c5d4-487f-925e-3f82f15a5499&quot;,
    &quot;organizationId&quot;: &quot;5000db95-c5d4-487f-925e-3f82f15a5499&quot;,
    &quot;id&quot;: 54770,
    &quot;apiVersionId&quot;: 2161,
    &quot;policyTemplateId&quot;: &quot;client-id-enforcement&quot;,
    &quot;configurationData&quot;: {
      &quot;credentialsOrigin&quot;: &quot;customExpression&quot;,
      &quot;clientIdExpression&quot;: &quot;#[message.inboundProperties[\u0027client_id\u0027]]&quot;,
      &quot;clientSecretExpression&quot;: &quot;#[message.inboundProperties[\u0027client_secret\u0027]]&quot;
    },
    &quot;order&quot;: 1,
    &quot;disabled&quot;: false,
    &quot;type&quot;: &quot;system&quot;
  }
]
----------
2017-02-08 17:46:34,430 INFO   PolicyManagerImpl - Removing policies..
Request method:	DELETE
Request path:	https://qax.anypoint.mulesoft.com/apiplatform/repository/v2/organizations/5000db95-c5d4-487f-925e-3f82f15a5499/apis/2053/versions/2161/policies/54770
Proxy:			&lt;none&gt;
Request params:	&lt;none&gt;
Query params:	&lt;none&gt;
Form params:	&lt;none&gt;
Path params:	&lt;none&gt;
Multiparts:		&lt;none&gt;
Headers:		Authorization=Bearer eyJ0eXAiOiJKV1QiLCJhbGciOiJIUzI1NiJ9.eyJpZCI6IjUwMDAzN2NkLTJjZmQtNGRhNC1iZWQ3LTU3Mzg0ZGViMDYyYiIsImZpcnN0TmFtZSI6IkZlZGVyYXRlZCIsImxhc3ROYW1lIjoiRXh0ZXJuYWwiLCJlbWFpbCI6ImNocmlzdG9waGVyLm1vcmR1ZUBtdWxlc29mdC5jb20iLCJ1c2VybmFtZSI6ImZlZGVyYXRlZF9leHRlcm5hbCIsIm9yZ2FuaXphdGlvbiI6eyJpZCI6IjUwMDBkYjk1LWM1ZDQtNDg3Zi05MjVlLTNmODJmMTVhNTQ5OSIsIm5hbWUiOiJGZWRlcmF0ZWQgSW5jIEV4dGVybmFsIEF1dGhvcml6YXRpb24iLCJkb21haW4iOiJmZWRlcmF0ZWQtZXh0ZXJuYWwiLCJlbnRpdGxlbWVudHMiOnsiaHlicmlkIjp7ImVuYWJsZWQiOmZhbHNlfSwiY3JlYXRlU3ViT3JncyI6dHJ1ZSwidkNvcmVzUHJvZHVjdGlvbiI6eyJhc3NpZ25lZCI6MSwicmVhc3NpZ25lZCI6MH0sInZDb3Jlc1NhbmRib3giOnsiYXNzaWduZWQiOjEsInJlYXNzaWduZWQiOjB9LCJnbG9iYWxEZXBsb3ltZW50IjpmYWxzZSwid29ya2VyTG9nZ2luZ092ZXJyaWRlIjp7ImVuYWJsZWQiOmZhbHNlfSwiZ2F0ZXdheXMiOnsiYXNzaWduZWQiOjB9LCJjcmVhdGVFbnZpcm9ubWVudHMiOnRydWUsInBhcnRuZXJzUHJvZHVjdGlvbiI6eyJhc3NpZ25lZCI6MH0sInBhcnRuZXJzU2FuZGJveCI6eyJhc3NpZ25lZCI6MH0sImF1dG9zY2FsaW5nIjpmYWxzZSwic3RhdGljSXBzIjp7ImFzc2lnbmVkIjowLCJyZWFzc2lnbmVkIjowfSwiYXJtQWxlcnRzIjpmYWxzZSwiYXBpcyI6eyJlbmFibGVkIjp0cnVlfSwibXFNZXNzYWdlcyI6eyJiYXNlIjowLCJhZGRPbiI6MH0sIm1xUmVxdWVzdHMiOnsiYmFzZSI6MCwiYWRkT24iOjB9LCJleHRlcm5hbElkZW50aXR5Ijp0cnVlLCJtcUFkdmFuY2VkRmVhdHVyZXMiOnsiZW5hYmxlZCI6ZmFsc2V9LCJ2cGNzIjp7ImFzc2lnbmVkIjowLCJyZWFzc2lnbmVkIjowfSwiaHlicmlkSW5zaWdodCI6ZmFsc2UsImRlc2lnbkNlbnRlciI6eyJtb3phcnQiOmZhbHNlLCJhcGkiOmZhbHNlfSwib2JqZWN0U3RvcmVSZXF1ZXN0VW5pdHMiOnsiYmFzZSI6MTUwMDAwMDAsImFkZE9uIjowfSwib2JqZWN0U3RvcmVLZXlzIjp7ImJhc2UiOjEwMDAwMCwiYWRkT24iOjB9LCJjYW0iOnsiZW5hYmxlZCI6ZmFsc2V9LCJsb2FkQmFsYW5jZXIiOnsiYXNzaWduZWQiOjAsInJlYXNzaWduZWQiOjB9LCJtZXNzYWdpbmciOnsiYXNzaWduZWQiOjB9fSwiZXh0ZXJuYWxBdXRob3JpemF0aW9uIjp0cnVlLCJleHRlcm5hbEF1dGhvcml6YXRpb25Qcm92aWRlciI6eyJuYW1lIjoiUG9ydGFsIEFwcGxpY2F0aW9uIE1hbmFnZW1lbnQgU3lzdGVtIChQQU1TKSIsInVybCI6Imh0dHBzOi8vd3NneC10ZXN0LmNpc2NvLmNvbS9wYW1zL2x0L2NlcG1TZXJ2aWNlL3YxLjUvbWdyc3J2cyIsInZlcnNpb24iOiIxLjUifSwiaWRlbnRpdHlNYW5hZ2VtZW50Ijp7InR5cGUiOiJQaW5nRmVkZXJhdGUifSwib2F1dGgyU2V0dGluZ3MiOnsiYXV0aG9yaXphdGlvbkdyYW50cyI6WyJjb2RlIiwidG9rZW4iLCJvd25lciIsImNyZWRlbnRpYWxzIl0sImF1dGhvcml6YXRpb25VcmkiOiJodHRwczovL2Nsb3Vkc3NvLXRlc3QuY2lzY28uY29tL2FzL2F1dGhvcml6YXRpb24ub2F1dGgyIiwiYWNjZXNzVG9rZW5VcmkiOiJodHRwczovL2Nsb3Vkc3NvLXRlc3QuY2lzY28uY29tL2FzL3Rva2VuLm9hdXRoMiIsImdyYW50VHlwZXMiOlt7Im5hbWUiOiJwYXNzd29yZCIsImxhYmVsIjoiUmVzb3VyY2UgT3duZXIgR3JhbnQiLCJyZXF1aXJlZCI6ZmFsc2UsImV4Y2x1ZGUiOltdLCJkZXBlbmRzIjpbXX0seyJuYW1lIjoiaW1wbGljaXQiLCJsYWJlbCI6IkltcGxpY2l0IEdyYW50IiwicmVxdWlyZWQiOmZhbHNlLCJleGNsdWRlIjpbXSwiZGVwZW5kcyI6W119LHsibmFtZSI6ImNsaWVudF9jcmVkZW50aWFscyIsImxhYmVsIjoiQ2xpZW50IENyZWRlbnRpYWxzIEdyYW50IiwicmVxdWlyZWQiOmZhbHNlLCJleGNsdWRlIjpbXSwiZGVwZW5kcyI6W119LHsibmFtZSI6ImF1dGhvcml6YXRpb25fY29kZSIsImxhYmVsIjoiQXV0aG9yaXphdGlvbiBDb2RlIEdyYW50IiwicmVxdWlyZWQiOmZhbHNlLCJleGNsdWRlIjpbXSwiZGVwZW5kcyI6W119LHsibmFtZSI6InJlZnJlc2hfdG9rZW4iLCJsYWJlbCI6IlJlZnJlc2ggVG9rZW4iLCJyZXF1aXJlZCI6ZmFsc2UsImV4Y2x1ZGUiOltdLCJkZXBlbmRzIjpbImF1dGhvcml6YXRpb25fY29kZSIsInBhc3N3b3JkIl19XX19LCJpbnRlcmFjdGl2ZUxvZ2luIjp0cnVlLCJ0b2tlbiI6ImEyYzg0ODE1LThjYjgtNGE3Ni1iNmU0LTg4MGM3ZTc2MGNlYiIsImlhdCI6MTQ4NjU4Njc4OCwiYXVkIjoiaHR0cDovL2FwaS1wbGF0Zm9ybS1hcGkvcmVwb3NpdG9yeSIsImlzcyI6Imh0dHA6Ly9hcGktcGxhdGZvcm0tYXBpL3JlcG9zaXRvcnkifQ.YOsto-KJMgjQZxFXe6FFipYd8TIh4P1HIlJ5Tg6a9Ps
				Accept=*/*
				Content-Type=text/plain; charset=UTF-8
Cookies:		&lt;none&gt;
Body:
{&quot;apiVersionId&quot;:2161}
2017-02-08 17:46:35,457 INFO   Message - 
HTTP Response: 
Headers: Access-Control-Allow-Origin: *
Date: Wed, 08 Feb 2017 20:46:35 GMT
ETag: W/&quot;1-xMpCOKC5I4INzFCab3WEmw&quot;
Expires: -1
Server: nginx
Connection: keep-alive
Status code: 204
Payload: null
----------
2017-02-08 17:46:35,457 INFO   PolicyManagerImpl - Policy &apos;54770&apos; removed.
2017-02-08 17:46:35,958 INFO   PolicyManagerImpl - Retrieving applied policies for: API belonging to organization with id: 5000db95-c5d4-487f-925e-3f82f15a5499, with name &apos;PabloTestAPI&apos; with id: 2053, and version name &apos;1.0&apos; with id: 2161
2017-02-08 17:46:35,959 INFO   PolicyManagerImpl - About to get applied policies info by using apis/2053/versions/2161/policies?fullInfo=false on organization with ID: 5000db95-c5d4-487f-925e-3f82f15a5499
Request method:	GET
Request path:	https://qax.anypoint.mulesoft.com/apiplatform/repository/v2/organizations/5000db95-c5d4-487f-925e-3f82f15a5499/apis/2053/versions/2161/policies?fullInfo=false
Proxy:			&lt;none&gt;
Request params:	&lt;none&gt;
Query params:	&lt;none&gt;
Form params:	&lt;none&gt;
Path params:	&lt;none&gt;
Multiparts:		&lt;none&gt;
Headers:		Authorization=Bearer eyJ0eXAiOiJKV1QiLCJhbGciOiJIUzI1NiJ9.eyJpZCI6IjUwMDAzN2NkLTJjZmQtNGRhNC1iZWQ3LTU3Mzg0ZGViMDYyYiIsImZpcnN0TmFtZSI6IkZlZGVyYXRlZCIsImxhc3ROYW1lIjoiRXh0ZXJuYWwiLCJlbWFpbCI6ImNocmlzdG9waGVyLm1vcmR1ZUBtdWxlc29mdC5jb20iLCJ1c2VybmFtZSI6ImZlZGVyYXRlZF9leHRlcm5hbCIsIm9yZ2FuaXphdGlvbiI6eyJpZCI6IjUwMDBkYjk1LWM1ZDQtNDg3Zi05MjVlLTNmODJmMTVhNTQ5OSIsIm5hbWUiOiJGZWRlcmF0ZWQgSW5jIEV4dGVybmFsIEF1dGhvcml6YXRpb24iLCJkb21haW4iOiJmZWRlcmF0ZWQtZXh0ZXJuYWwiLCJlbnRpdGxlbWVudHMiOnsiaHlicmlkIjp7ImVuYWJsZWQiOmZhbHNlfSwiY3JlYXRlU3ViT3JncyI6dHJ1ZSwidkNvcmVzUHJvZHVjdGlvbiI6eyJhc3NpZ25lZCI6MSwicmVhc3NpZ25lZCI6MH0sInZDb3Jlc1NhbmRib3giOnsiYXNzaWduZWQiOjEsInJlYXNzaWduZWQiOjB9LCJnbG9iYWxEZXBsb3ltZW50IjpmYWxzZSwid29ya2VyTG9nZ2luZ092ZXJyaWRlIjp7ImVuYWJsZWQiOmZhbHNlfSwiZ2F0ZXdheXMiOnsiYXNzaWduZWQiOjB9LCJjcmVhdGVFbnZpcm9ubWVudHMiOnRydWUsInBhcnRuZXJzUHJvZHVjdGlvbiI6eyJhc3NpZ25lZCI6MH0sInBhcnRuZXJzU2FuZGJveCI6eyJhc3NpZ25lZCI6MH0sImF1dG9zY2FsaW5nIjpmYWxzZSwic3RhdGljSXBzIjp7ImFzc2lnbmVkIjowLCJyZWFzc2lnbmVkIjowfSwiYXJtQWxlcnRzIjpmYWxzZSwiYXBpcyI6eyJlbmFibGVkIjp0cnVlfSwibXFNZXNzYWdlcyI6eyJiYXNlIjowLCJhZGRPbiI6MH0sIm1xUmVxdWVzdHMiOnsiYmFzZSI6MCwiYWRkT24iOjB9LCJleHRlcm5hbElkZW50aXR5Ijp0cnVlLCJtcUFkdmFuY2VkRmVhdHVyZXMiOnsiZW5hYmxlZCI6ZmFsc2V9LCJ2cGNzIjp7ImFzc2lnbmVkIjowLCJyZWFzc2lnbmVkIjowfSwiaHlicmlkSW5zaWdodCI6ZmFsc2UsImRlc2lnbkNlbnRlciI6eyJtb3phcnQiOmZhbHNlLCJhcGkiOmZhbHNlfSwib2JqZWN0U3RvcmVSZXF1ZXN0VW5pdHMiOnsiYmFzZSI6MTUwMDAwMDAsImFkZE9uIjowfSwib2JqZWN0U3RvcmVLZXlzIjp7ImJhc2UiOjEwMDAwMCwiYWRkT24iOjB9LCJjYW0iOnsiZW5hYmxlZCI6ZmFsc2V9LCJsb2FkQmFsYW5jZXIiOnsiYXNzaWduZWQiOjAsInJlYXNzaWduZWQiOjB9LCJtZXNzYWdpbmciOnsiYXNzaWduZWQiOjB9fSwiZXh0ZXJuYWxBdXRob3JpemF0aW9uIjp0cnVlLCJleHRlcm5hbEF1dGhvcml6YXRpb25Qcm92aWRlciI6eyJuYW1lIjoiUG9ydGFsIEFwcGxpY2F0aW9uIE1hbmFnZW1lbnQgU3lzdGVtIChQQU1TKSIsInVybCI6Imh0dHBzOi8vd3NneC10ZXN0LmNpc2NvLmNvbS9wYW1zL2x0L2NlcG1TZXJ2aWNlL3YxLjUvbWdyc3J2cyIsInZlcnNpb24iOiIxLjUifSwiaWRlbnRpdHlNYW5hZ2VtZW50Ijp7InR5cGUiOiJQaW5nRmVkZXJhdGUifSwib2F1dGgyU2V0dGluZ3MiOnsiYXV0aG9yaXphdGlvbkdyYW50cyI6WyJjb2RlIiwidG9rZW4iLCJvd25lciIsImNyZWRlbnRpYWxzIl0sImF1dGhvcml6YXRpb25VcmkiOiJodHRwczovL2Nsb3Vkc3NvLXRlc3QuY2lzY28uY29tL2FzL2F1dGhvcml6YXRpb24ub2F1dGgyIiwiYWNjZXNzVG9rZW5VcmkiOiJodHRwczovL2Nsb3Vkc3NvLXRlc3QuY2lzY28uY29tL2FzL3Rva2VuLm9hdXRoMiIsImdyYW50VHlwZXMiOlt7Im5hbWUiOiJwYXNzd29yZCIsImxhYmVsIjoiUmVzb3VyY2UgT3duZXIgR3JhbnQiLCJyZXF1aXJlZCI6ZmFsc2UsImV4Y2x1ZGUiOltdLCJkZXBlbmRzIjpbXX0seyJuYW1lIjoiaW1wbGljaXQiLCJsYWJlbCI6IkltcGxpY2l0IEdyYW50IiwicmVxdWlyZWQiOmZhbHNlLCJleGNsdWRlIjpbXSwiZGVwZW5kcyI6W119LHsibmFtZSI6ImNsaWVudF9jcmVkZW50aWFscyIsImxhYmVsIjoiQ2xpZW50IENyZWRlbnRpYWxzIEdyYW50IiwicmVxdWlyZWQiOmZhbHNlLCJleGNsdWRlIjpbXSwiZGVwZW5kcyI6W119LHsibmFtZSI6ImF1dGhvcml6YXRpb25fY29kZSIsImxhYmVsIjoiQXV0aG9yaXphdGlvbiBDb2RlIEdyYW50IiwicmVxdWlyZWQiOmZhbHNlLCJleGNsdWRlIjpbXSwiZGVwZW5kcyI6W119LHsibmFtZSI6InJlZnJlc2hfdG9rZW4iLCJsYWJlbCI6IlJlZnJlc2ggVG9rZW4iLCJyZXF1aXJlZCI6ZmFsc2UsImV4Y2x1ZGUiOltdLCJkZXBlbmRzIjpbImF1dGhvcml6YXRpb25fY29kZSIsInBhc3N3b3JkIl19XX19LCJpbnRlcmFjdGl2ZUxvZ2luIjp0cnVlLCJ0b2tlbiI6ImEyYzg0ODE1LThjYjgtNGE3Ni1iNmU0LTg4MGM3ZTc2MGNlYiIsImlhdCI6MTQ4NjU4Njc4OCwiYXVkIjoiaHR0cDovL2FwaS1wbGF0Zm9ybS1hcGkvcmVwb3NpdG9yeSIsImlzcyI6Imh0dHA6Ly9hcGktcGxhdGZvcm0tYXBpL3JlcG9zaXRvcnkifQ.YOsto-KJMgjQZxFXe6FFipYd8TIh4P1HIlJ5Tg6a9Ps
				Accept=*/*
				Content-Type=application/json; charset=UTF-8
Cookies:		&lt;none&gt;
Body:			&lt;none&gt;
2017-02-08 17:46:36,918 INFO   Message - 
HTTP Response: 
Headers: Access-Control-Allow-Origin: *
Content-Type: application/json; charset=utf-8
Date: Wed, 08 Feb 2017 20:46:36 GMT
ETag: W/&quot;2-11FxOYiYfpMxmANj4kGJzg&quot;
Expires: -1
Server: nginx
Content-Length: 2
Connection: keep-alive
Status code: 200
Payload: []
----------
Request method:	GET
Request path:	https://qax.anypoint.mulesoft.com/apiplatform/repository/v2/organizations/5000db95-c5d4-487f-925e-3f82f15a5499/apis/2053/versions/2161/contracts
Proxy:			&lt;none&gt;
Request params:	&lt;none&gt;
Query params:	&lt;none&gt;
Form params:	&lt;none&gt;
Path params:	&lt;none&gt;
Multiparts:		&lt;none&gt;
Headers:		Authorization=Bearer eyJ0eXAiOiJKV1QiLCJhbGciOiJIUzI1NiJ9.eyJpZCI6IjUwMDAzN2NkLTJjZmQtNGRhNC1iZWQ3LTU3Mzg0ZGViMDYyYiIsImZpcnN0TmFtZSI6IkZlZGVyYXRlZCIsImxhc3ROYW1lIjoiRXh0ZXJuYWwiLCJlbWFpbCI6ImNocmlzdG9waGVyLm1vcmR1ZUBtdWxlc29mdC5jb20iLCJ1c2VybmFtZSI6ImZlZGVyYXRlZF9leHRlcm5hbCIsIm9yZ2FuaXphdGlvbiI6eyJpZCI6IjUwMDBkYjk1LWM1ZDQtNDg3Zi05MjVlLTNmODJmMTVhNTQ5OSIsIm5hbWUiOiJGZWRlcmF0ZWQgSW5jIEV4dGVybmFsIEF1dGhvcml6YXRpb24iLCJkb21haW4iOiJmZWRlcmF0ZWQtZXh0ZXJuYWwiLCJlbnRpdGxlbWVudHMiOnsiaHlicmlkIjp7ImVuYWJsZWQiOmZhbHNlfSwiY3JlYXRlU3ViT3JncyI6dHJ1ZSwidkNvcmVzUHJvZHVjdGlvbiI6eyJhc3NpZ25lZCI6MSwicmVhc3NpZ25lZCI6MH0sInZDb3Jlc1NhbmRib3giOnsiYXNzaWduZWQiOjEsInJlYXNzaWduZWQiOjB9LCJnbG9iYWxEZXBsb3ltZW50IjpmYWxzZSwid29ya2VyTG9nZ2luZ092ZXJyaWRlIjp7ImVuYWJsZWQiOmZhbHNlfSwiZ2F0ZXdheXMiOnsiYXNzaWduZWQiOjB9LCJjcmVhdGVFbnZpcm9ubWVudHMiOnRydWUsInBhcnRuZXJzUHJvZHVjdGlvbiI6eyJhc3NpZ25lZCI6MH0sInBhcnRuZXJzU2FuZGJveCI6eyJhc3NpZ25lZCI6MH0sImF1dG9zY2FsaW5nIjpmYWxzZSwic3RhdGljSXBzIjp7ImFzc2lnbmVkIjowLCJyZWFzc2lnbmVkIjowfSwiYXJtQWxlcnRzIjpmYWxzZSwiYXBpcyI6eyJlbmFibGVkIjp0cnVlfSwibXFNZXNzYWdlcyI6eyJiYXNlIjowLCJhZGRPbiI6MH0sIm1xUmVxdWVzdHMiOnsiYmFzZSI6MCwiYWRkT24iOjB9LCJleHRlcm5hbElkZW50aXR5Ijp0cnVlLCJtcUFkdmFuY2VkRmVhdHVyZXMiOnsiZW5hYmxlZCI6ZmFsc2V9LCJ2cGNzIjp7ImFzc2lnbmVkIjowLCJyZWFzc2lnbmVkIjowfSwiaHlicmlkSW5zaWdodCI6ZmFsc2UsImRlc2lnbkNlbnRlciI6eyJtb3phcnQiOmZhbHNlLCJhcGkiOmZhbHNlfSwib2JqZWN0U3RvcmVSZXF1ZXN0VW5pdHMiOnsiYmFzZSI6MTUwMDAwMDAsImFkZE9uIjowfSwib2JqZWN0U3RvcmVLZXlzIjp7ImJhc2UiOjEwMDAwMCwiYWRkT24iOjB9LCJjYW0iOnsiZW5hYmxlZCI6ZmFsc2V9LCJsb2FkQmFsYW5jZXIiOnsiYXNzaWduZWQiOjAsInJlYXNzaWduZWQiOjB9LCJtZXNzYWdpbmciOnsiYXNzaWduZWQiOjB9fSwiZXh0ZXJuYWxBdXRob3JpemF0aW9uIjp0cnVlLCJleHRlcm5hbEF1dGhvcml6YXRpb25Qcm92aWRlciI6eyJuYW1lIjoiUG9ydGFsIEFwcGxpY2F0aW9uIE1hbmFnZW1lbnQgU3lzdGVtIChQQU1TKSIsInVybCI6Imh0dHBzOi8vd3NneC10ZXN0LmNpc2NvLmNvbS9wYW1zL2x0L2NlcG1TZXJ2aWNlL3YxLjUvbWdyc3J2cyIsInZlcnNpb24iOiIxLjUifSwiaWRlbnRpdHlNYW5hZ2VtZW50Ijp7InR5cGUiOiJQaW5nRmVkZXJhdGUifSwib2F1dGgyU2V0dGluZ3MiOnsiYXV0aG9yaXphdGlvbkdyYW50cyI6WyJjb2RlIiwidG9rZW4iLCJvd25lciIsImNyZWRlbnRpYWxzIl0sImF1dGhvcml6YXRpb25VcmkiOiJodHRwczovL2Nsb3Vkc3NvLXRlc3QuY2lzY28uY29tL2FzL2F1dGhvcml6YXRpb24ub2F1dGgyIiwiYWNjZXNzVG9rZW5VcmkiOiJodHRwczovL2Nsb3Vkc3NvLXRlc3QuY2lzY28uY29tL2FzL3Rva2VuLm9hdXRoMiIsImdyYW50VHlwZXMiOlt7Im5hbWUiOiJwYXNzd29yZCIsImxhYmVsIjoiUmVzb3VyY2UgT3duZXIgR3JhbnQiLCJyZXF1aXJlZCI6ZmFsc2UsImV4Y2x1ZGUiOltdLCJkZXBlbmRzIjpbXX0seyJuYW1lIjoiaW1wbGljaXQiLCJsYWJlbCI6IkltcGxpY2l0IEdyYW50IiwicmVxdWlyZWQiOmZhbHNlLCJleGNsdWRlIjpbXSwiZGVwZW5kcyI6W119LHsibmFtZSI6ImNsaWVudF9jcmVkZW50aWFscyIsImxhYmVsIjoiQ2xpZW50IENyZWRlbnRpYWxzIEdyYW50IiwicmVxdWlyZWQiOmZhbHNlLCJleGNsdWRlIjpbXSwiZGVwZW5kcyI6W119LHsibmFtZSI6ImF1dGhvcml6YXRpb25fY29kZSIsImxhYmVsIjoiQXV0aG9yaXphdGlvbiBDb2RlIEdyYW50IiwicmVxdWlyZWQiOmZhbHNlLCJleGNsdWRlIjpbXSwiZGVwZW5kcyI6W119LHsibmFtZSI6InJlZnJlc2hfdG9rZW4iLCJsYWJlbCI6IlJlZnJlc2ggVG9rZW4iLCJyZXF1aXJlZCI6ZmFsc2UsImV4Y2x1ZGUiOltdLCJkZXBlbmRzIjpbImF1dGhvcml6YXRpb25fY29kZSIsInBhc3N3b3JkIl19XX19LCJpbnRlcmFjdGl2ZUxvZ2luIjp0cnVlLCJ0b2tlbiI6ImEyYzg0ODE1LThjYjgtNGE3Ni1iNmU0LTg4MGM3ZTc2MGNlYiIsImlhdCI6MTQ4NjU4Njc4OCwiYXVkIjoiaHR0cDovL2FwaS1wbGF0Zm9ybS1hcGkvcmVwb3NpdG9yeSIsImlzcyI6Imh0dHA6Ly9hcGktcGxhdGZvcm0tYXBpL3JlcG9zaXRvcnkifQ.YOsto-KJMgjQZxFXe6FFipYd8TIh4P1HIlJ5Tg6a9Ps
				Accept=*/*
				Content-Type=application/json; charset=UTF-8
Cookies:		&lt;none&gt;
Body:			&lt;none&gt;
2017-02-08 17:46:38,300 INFO   Message - 
HTTP Response: 
Headers: Access-Control-Allow-Origin: *
Content-Type: application/json; charset=utf-8
Date: Wed, 08 Feb 2017 20:46:37 GMT
ETag: W/&quot;12a22-dAr61n4JA0xs+lc8Shcuyw&quot;
Expires: -1
Server: nginx
Content-Length: 76322
Connection: keep-alive
Status code: 200
Payload: {
  &quot;total&quot;: 97,
  &quot;contracts&quot;: [
    {
      &quot;audit&quot;: {
        &quot;created&quot;: {
          &quot;date&quot;: &quot;2017-02-08T20:03:37.827Z&quot;
        },
        &quot;updated&quot;: {}
      },
      &quot;masterOrganizationId&quot;: &quot;5000db95-c5d4-487f-925e-3f82f15a5499&quot;,
      &quot;organizationId&quot;: &quot;5000db95-c5d4-487f-925e-3f82f15a5499&quot;,
      &quot;id&quot;: 30279,
      &quot;status&quot;: &quot;APPROVED&quot;,
      &quot;approvedDate&quot;: &quot;2017-02-08T20:03:37.862Z&quot;,
      &quot;applicationId&quot;: 43396,
      &quot;application&quot;: {
        &quot;audit&quot;: {
          &quot;created&quot;: {
            &quot;date&quot;: &quot;2017-02-08T20:03:35.649Z&quot;
          },
          &quot;updated&quot;: {}
        },
        &quot;id&quot;: 43396,
        &quot;name&quot;: &quot;pTest ClientID AppPerf yzvllyt&quot;,
        &quot;description&quot;: &quot;Application description&quot;,
        &quot;coreServicesId&quot;: &quot;e3061fd32621428082d56b90f2034610&quot;,
        &quot;url&quot;: &quot;http://localhost:1234&quot;
      },
      &quot;apiVersionId&quot;: 2161,
      &quot;apiVersion&quot;: {
        &quot;audit&quot;: {
          &quot;created&quot;: {},
          &quot;updated&quot;: {}
        },
        &quot;id&quot;: 2161,
        &quot;apiId&quot;: 2053
      },
      &quot;partyId&quot;: &quot;&quot;,
      &quot;partyName&quot;: &quot;&quot;
    },
    {
      &quot;audit&quot;: {
        &quot;created&quot;: {
          &quot;date&quot;: &quot;2017-02-08T20:03:10.406Z&quot;
        },
        &quot;updated&quot;: {}
      },
      &quot;masterOrganizationId&quot;: &quot;5000db95-c5d4-487f-925e-3f82f15a5499&quot;,
      &quot;organizationId&quot;: &quot;5000db95-c5d4-487f-925e-3f82f15a5499&quot;,
      &quot;id&quot;: 30273,
      &quot;status&quot;: &quot;APPROVED&quot;,
      &quot;approvedDate&quot;: &quot;2017-02-08T20:03:10.674Z&quot;,
      &quot;applicationId&quot;: 43390,
      &quot;application&quot;: {
        &quot;audit&quot;: {
          &quot;created&quot;: {
            &quot;date&quot;: &quot;2017-02-08T20:03:07.571Z&quot;
          },
          &quot;updated&quot;: {}
        },
        &quot;id&quot;: 43390,
        &quot;name&quot;: &quot;pTest ClientID AppPerf ytwywbq&quot;,
        &quot;description&quot;: &quot;Application description&quot;,
        &quot;coreServicesId&quot;: &quot;2141afee433e482580f2e50677273512&quot;,
        &quot;url&quot;: &quot;http://localhost:1234&quot;
      },
      &quot;apiVersionId&quot;: 2161,
      &quot;apiVersion&quot;: {
        &quot;audit&quot;: {
          &quot;created&quot;: {},
          &quot;updated&quot;: {}
        },
        &quot;id&quot;: 2161,
        &quot;apiId&quot;: 2053
      },
      &quot;partyId&quot;: &quot;&quot;,
      &quot;partyName&quot;: &quot;&quot;
    },
    {
      &quot;audit&quot;: {
        &quot;created&quot;: {
          &quot;date&quot;: &quot;2017-02-08T19:59:17.761Z&quot;
        },
        &quot;updated&quot;: {}
      },
      &quot;masterOrganizationId&quot;: &quot;5000db95-c5d4-487f-925e-3f82f15a5499&quot;,
      &quot;organizationId&quot;: &quot;5000db95-c5d4-487f-925e-3f82f15a5499&quot;,
      &quot;id&quot;: 30218,
      &quot;status&quot;: &quot;APPROVED&quot;,
      &quot;approvedDate&quot;: &quot;2017-02-08T19:59:17.798Z&quot;,
      &quot;applicationId&quot;: 43335,
      &quot;application&quot;: {
        &quot;audit&quot;: {
          &quot;created&quot;: {
            &quot;date&quot;: &quot;2017-02-08T19:59:15.654Z&quot;
          },
          &quot;updated&quot;: {}
        },
        &quot;id&quot;: 43335,
        &quot;name&quot;: &quot;pTest ClientID AppPerf ynbqddv&quot;,
        &quot;description&quot;: &quot;Application description&quot;,
        &quot;coreServicesId&quot;: &quot;5440fa2889724b128783b732f20a6377&quot;,
        &quot;url&quot;: &quot;http://localhost:1234&quot;
      },
      &quot;apiVersionId&quot;: 2161,
      &quot;apiVersion&quot;: {
        &quot;audit&quot;: {
          &quot;created&quot;: {},
          &quot;updated&quot;: {}
        },
        &quot;id&quot;: 2161,
        &quot;apiId&quot;: 2053
      },
      &quot;partyId&quot;: &quot;&quot;,
      &quot;partyName&quot;: &quot;&quot;
    },
    {
      &quot;audit&quot;: {
        &quot;created&quot;: {
          &quot;date&quot;: &quot;2017-02-08T19:58:20.724Z&quot;
        },
        &quot;updated&quot;: {}
      },
      &quot;masterOrganizationId&quot;: &quot;5000db95-c5d4-487f-925e-3f82f15a5499&quot;,
      &quot;organizationId&quot;: &quot;5000db95-c5d4-487f-925e-3f82f15a5499&quot;,
      &quot;id&quot;: 30204,
      &quot;status&quot;: &quot;APPROVED&quot;,
      &quot;approvedDate&quot;: &quot;2017-02-08T19:58:20.771Z&quot;,
      &quot;applicationId&quot;: 43321,
      &quot;application&quot;: {
        &quot;audit&quot;: {
          &quot;created&quot;: {
            &quot;date&quot;: &quot;2017-02-08T19:58:18.625Z&quot;
          },
          &quot;updated&quot;: {}
        },
        &quot;id&quot;: 43321,
        &quot;name&quot;: &quot;pTest ClientID AppPerf ygysmjv&quot;,
        &quot;description&quot;: &quot;Application description&quot;,
        &quot;coreServicesId&quot;: &quot;7d61c1dc5e1f438bb47a17752c78b680&quot;,
        &quot;url&quot;: &quot;http://localhost:1234&quot;
      },
      &quot;apiVersionId&quot;: 2161,
      &quot;apiVersion&quot;: {
        &quot;audit&quot;: {
          &quot;created&quot;: {},
          &quot;updated&quot;: {}
        },
        &quot;id&quot;: 2161,
        &quot;apiId&quot;: 2053
      },
      &quot;partyId&quot;: &quot;&quot;,
      &quot;partyName&quot;: &quot;&quot;
    },
    {
      &quot;audit&quot;: {
        &quot;created&quot;: {
          &quot;date&quot;: &quot;2017-02-08T19:59:01.772Z&quot;
        },
        &quot;updated&quot;: {}
      },
      &quot;masterOrganizationId&quot;: &quot;5000db95-c5d4-487f-925e-3f82f15a5499&quot;,
      &quot;organizationId&quot;: &quot;5000db95-c5d4-487f-925e-3f82f15a5499&quot;,
      &quot;id&quot;: 30214,
      &quot;status&quot;: &quot;APPROVED&quot;,
      &quot;approvedDate&quot;: &quot;2017-02-08T19:59:01.823Z&quot;,
      &quot;applicationId&quot;: 43331,
      &quot;application&quot;: {
        &quot;audit&quot;: {
          &quot;created&quot;: {
            &quot;date&quot;: &quot;2017-02-08T19:58:59.520Z&quot;
          },
          &quot;updated&quot;: {}
        },
        &quot;id&quot;: 43331,
        &quot;name&quot;: &quot;pTest ClientID AppPerf yewgsae&quot;,
        &quot;description&quot;: &quot;Application description&quot;,
        &quot;coreServicesId&quot;: &quot;dcf2a69775c3401993b638b33057d93a&quot;,
        &quot;url&quot;: &quot;http://localhost:1234&quot;
      },
      &quot;apiVersionId&quot;: 2161,
      &quot;apiVersion&quot;: {
        &quot;audit&quot;: {
          &quot;created&quot;: {},
          &quot;updated&quot;: {}
        },
        &quot;id&quot;: 2161,
        &quot;apiId&quot;: 2053
      },
      &quot;partyId&quot;: &quot;&quot;,
      &quot;partyName&quot;: &quot;&quot;
    },
    {
      &quot;audit&quot;: {
        &quot;created&quot;: {
          &quot;date&quot;: &quot;2017-02-08T20:01:42.137Z&quot;
        },
        &quot;updated&quot;: {}
      },
      &quot;masterOrganizationId&quot;: &quot;5000db95-c5d4-487f-925e-3f82f15a5499&quot;,
      &quot;organizationId&quot;: &quot;5000db95-c5d4-487f-925e-3f82f15a5499&quot;,
      &quot;id&quot;: 30253,
      &quot;status&quot;: &quot;APPROVED&quot;,
      &quot;approvedDate&quot;: &quot;2017-02-08T20:01:42.170Z&quot;,
      &quot;applicationId&quot;: 43370,
      &quot;application&quot;: {
        &quot;audit&quot;: {
          &quot;created&quot;: {
            &quot;date&quot;: &quot;2017-02-08T20:01:39.920Z&quot;
          },
          &quot;updated&quot;: {}
        },
        &quot;id&quot;: 43370,
        &quot;name&quot;: &quot;pTest ClientID AppPerf xrrbpgj&quot;,
        &quot;description&quot;: &quot;Application description&quot;,
        &quot;coreServicesId&quot;: &quot;a82e9b424c6141b6a49b66f7d7fde965&quot;,
        &quot;url&quot;: &quot;http://localhost:1234&quot;
      },
      &quot;apiVersionId&quot;: 2161,
      &quot;apiVersion&quot;: {
        &quot;audit&quot;: {
          &quot;created&quot;: {},
          &quot;updated&quot;: {}
        },
        &quot;id&quot;: 2161,
        &quot;apiId&quot;: 2053
      },
      &quot;partyId&quot;: &quot;&quot;,
      &quot;partyName&quot;: &quot;&quot;
    },
    {
      &quot;audit&quot;: {
        &quot;created&quot;: {
          &quot;date&quot;: &quot;2017-02-08T20:03:52.446Z&quot;
        },
        &quot;updated&quot;: {}
      },
      &quot;masterOrganizationId&quot;: &quot;5000db95-c5d4-487f-925e-3f82f15a5499&quot;,
      &quot;organizationId&quot;: &quot;5000db95-c5d4-487f-925e-3f82f15a5499&quot;,
      &quot;id&quot;: 30281,
      &quot;status&quot;: &quot;APPROVED&quot;,
      &quot;approvedDate&quot;: &quot;2017-02-08T20:03:52.960Z&quot;,
      &quot;applicationId&quot;: 43398,
      &quot;application&quot;: {
        &quot;audit&quot;: {
          &quot;created&quot;: {
            &quot;date&quot;: &quot;2017-02-08T20:03:46.635Z&quot;
          },
          &quot;updated&quot;: {}
        },
        &quot;id&quot;: 43398,
        &quot;name&quot;: &quot;pTest ClientID AppPerf wjzfrev&quot;,
        &quot;description&quot;: &quot;Application description&quot;,
        &quot;coreServicesId&quot;: &quot;2aa5e947cdad460e8a411532138b38fa&quot;,
        &quot;url&quot;: &quot;http://localhost:1234&quot;
      },
      &quot;apiVersionId&quot;: 2161,
      &quot;apiVersion&quot;: {
        &quot;audit&quot;: {
          &quot;created&quot;: {},
          &quot;updated&quot;: {}
        },
        &quot;id&quot;: 2161,
        &quot;apiId&quot;: 2053
      },
      &quot;partyId&quot;: &quot;&quot;,
      &quot;partyName&quot;: &quot;&quot;
    },
    {
      &quot;audit&quot;: {
        &quot;created&quot;: {
          &quot;date&quot;: &quot;2017-02-08T19:59:38.764Z&quot;
        },
        &quot;updated&quot;: {}
      },
      &quot;masterOrganizationId&quot;: &quot;5000db95-c5d4-487f-925e-3f82f15a5499&quot;,
      &quot;organizationId&quot;: &quot;5000db95-c5d4-487f-925e-3f82f15a5499&quot;,
      &quot;id&quot;: 30223,
      &quot;status&quot;: &quot;APPROVED&quot;,
      &quot;approvedDate&quot;: &quot;2017-02-08T19:59:38.818Z&quot;,
      &quot;applicationId&quot;: 43340,
      &quot;application&quot;: {
        &quot;audit&quot;: {
          &quot;created&quot;: {
            &quot;date&quot;: &quot;2017-02-08T19:59:36.626Z&quot;
          },
          &quot;updated&quot;: {}
        },
        &quot;id&quot;: 43340,
        &quot;name&quot;: &quot;pTest ClientID AppPerf wilrwpc&quot;,
        &quot;description&quot;: &quot;Application description&quot;,
        &quot;coreServicesId&quot;: &quot;b05c640440f0488b879e580bee98abe2&quot;,
        &quot;url&quot;: &quot;http://localhost:1234&quot;
      },
      &quot;apiVersionId&quot;: 2161,
      &quot;apiVersion&quot;: {
        &quot;audit&quot;: {
          &quot;created&quot;: {},
          &quot;updated&quot;: {}
        },
        &quot;id&quot;: 2161,
        &quot;apiId&quot;: 2053
      },
      &quot;partyId&quot;: &quot;&quot;,
      &quot;partyName&quot;: &quot;&quot;
    },
    {
      &quot;audit&quot;: {
        &quot;created&quot;: {
          &quot;date&quot;: &quot;2017-02-08T20:03:21.683Z&quot;
        },
        &quot;updated&quot;: {}
      },
      &quot;masterOrganizationId&quot;: &quot;5000db95-c5d4-487f-925e-3f82f15a5499&quot;,
      &quot;organizationId&quot;: &quot;5000db95-c5d4-487f-925e-3f82f15a5499&quot;,
      &quot;id&quot;: 30275,
      &quot;status&quot;: &quot;APPROVED&quot;,
      &quot;approvedDate&quot;: &quot;2017-02-08T20:03:21.729Z&quot;,
      &quot;applicationId&quot;: 43392,
      &quot;application&quot;: {
        &quot;audit&quot;: {
          &quot;created&quot;: {
            &quot;date&quot;: &quot;2017-02-08T20:03:19.272Z&quot;
          },
          &quot;updated&quot;: {}
        },
        &quot;id&quot;: 43392,
        &quot;name&quot;: &quot;pTest ClientID AppPerf wdoipcz&quot;,
        &quot;description&quot;: &quot;Application description&quot;,
        &quot;coreServicesId&quot;: &quot;5ee5e4dc4fad4fc39b55010fad72c541&quot;,
        &quot;url&quot;: &quot;http://localhost:1234&quot;
      },
      &quot;apiVersionId&quot;: 2161,
      &quot;apiVersion&quot;: {
        &quot;audit&quot;: {
          &quot;created&quot;: {},
          &quot;updated&quot;: {}
        },
        &quot;id&quot;: 2161,
        &quot;apiId&quot;: 2053
      },
      &quot;partyId&quot;: &quot;&quot;,
      &quot;partyName&quot;: &quot;&quot;
    },
    {
      &quot;audit&quot;: {
        &quot;created&quot;: {
          &quot;date&quot;: &quot;2017-02-08T19:59:51.734Z&quot;
        },
        &quot;updated&quot;: {}
      },
      &quot;masterOrganizationId&quot;: &quot;5000db95-c5d4-487f-925e-3f82f15a5499&quot;,
      &quot;organizationId&quot;: &quot;5000db95-c5d4-487f-925e-3f82f15a5499&quot;,
      &quot;id&quot;: 30226,
      &quot;status&quot;: &quot;APPROVED&quot;,
      &quot;approvedDate&quot;: &quot;2017-02-08T19:59:51.781Z&quot;,
      &quot;applicationId&quot;: 43343,
      &quot;application&quot;: {
        &quot;audit&quot;: {
          &quot;created&quot;: {
            &quot;date&quot;: &quot;2017-02-08T19:59:49.585Z&quot;
          },
          &quot;updated&quot;: {}
        },
        &quot;id&quot;: 43343,
        &quot;name&quot;: &quot;pTest ClientID AppPerf wcpyipl&quot;,
        &quot;description&quot;: &quot;Application description&quot;,
        &quot;coreServicesId&quot;: &quot;79980d7121d847808d9aaa5c1ce3617a&quot;,
        &quot;url&quot;: &quot;http://localhost:1234&quot;
      },
      &quot;apiVersionId&quot;: 2161,
      &quot;apiVersion&quot;: {
        &quot;audit&quot;: {
          &quot;created&quot;: {},
          &quot;updated&quot;: {}
        },
        &quot;id&quot;: 2161,
        &quot;apiId&quot;: 2053
      },
      &quot;partyId&quot;: &quot;&quot;,
      &quot;partyName&quot;: &quot;&quot;
    },
    {
      &quot;audit&quot;: {
        &quot;created&quot;: {
          &quot;date&quot;: &quot;2017-02-08T20:02:36.441Z&quot;
        },
        &quot;updated&quot;: {}
      },
      &quot;masterOrganizationId&quot;: &quot;5000db95-c5d4-487f-925e-3f82f15a5499&quot;,
      &quot;organizationId&quot;: &quot;5000db95-c5d4-487f-925e-3f82f15a5499&quot;,
      &quot;id&quot;: 30266,
      &quot;status&quot;: &quot;APPROVED&quot;,
      &quot;approvedDate&quot;: &quot;2017-02-08T20:02:36.584Z&quot;,
      &quot;applicationId&quot;: 43383,
      &quot;application&quot;: {
        &quot;audit&quot;: {
          &quot;created&quot;: {
            &quot;date&quot;: &quot;2017-02-08T20:02:34.270Z&quot;
          },
          &quot;updated&quot;: {}
        },
        &quot;id&quot;: 43383,
        &quot;name&quot;: &quot;pTest ClientID AppPerf vpymvqj&quot;,
        &quot;description&quot;: &quot;Application description&quot;,
        &quot;coreServicesId&quot;: &quot;79c1d91c301a4d0d856a37407029e789&quot;,
        &quot;url&quot;: &quot;http://localhost:1234&quot;
      },
      &quot;apiVersionId&quot;: 2161,
      &quot;apiVersion&quot;: {
        &quot;audit&quot;: {
          &quot;created&quot;: {},
          &quot;updated&quot;: {}
        },
        &quot;id&quot;: 2161,
        &quot;apiId&quot;: 2053
      },
      &quot;partyId&quot;: &quot;&quot;,
      &quot;partyName&quot;: &quot;&quot;
    },
    {
      &quot;audit&quot;: {
        &quot;created&quot;: {
          &quot;date&quot;: &quot;2017-02-08T20:01:26.376Z&quot;
        },
        &quot;updated&quot;: {}
      },
      &quot;masterOrganizationId&quot;: &quot;5000db95-c5d4-487f-925e-3f82f15a5499&quot;,
      &quot;organizationId&quot;: &quot;5000db95-c5d4-487f-925e-3f82f15a5499&quot;,
      &quot;id&quot;: 30249,
      &quot;status&quot;: &quot;APPROVED&quot;,
      &quot;approvedDate&quot;: &quot;2017-02-08T20:01:26.426Z&quot;,
      &quot;applicationId&quot;: 43366,
      &quot;application&quot;: {
        &quot;audit&quot;: {
          &quot;created&quot;: {
            &quot;date&quot;: &quot;2017-02-08T20:01:24.213Z&quot;
          },
          &quot;updated&quot;: {}
        },
        &quot;id&quot;: 43366,
        &quot;name&quot;: &quot;pTest ClientID AppPerf vprkppj&quot;,
        &quot;description&quot;: &quot;Application description&quot;,
        &quot;coreServicesId&quot;: &quot;c5eabb90a8444d22a360e500377363f2&quot;,
        &quot;url&quot;: &quot;http://localhost:1234&quot;
      },
      &quot;apiVersionId&quot;: 2161,
      &quot;apiVersion&quot;: {
        &quot;audit&quot;: {
          &quot;created&quot;: {},
          &quot;updated&quot;: {}
        },
        &quot;id&quot;: 2161,
        &quot;apiId&quot;: 2053
      },
      &quot;partyId&quot;: &quot;&quot;,
      &quot;partyName&quot;: &quot;&quot;
    },
    {
      &quot;audit&quot;: {
        &quot;created&quot;: {
          &quot;date&quot;: &quot;2017-02-08T19:59:09.868Z&quot;
        },
        &quot;updated&quot;: {}
      },
      &quot;masterOrganizationId&quot;: &quot;5000db95-c5d4-487f-925e-3f82f15a5499&quot;,
      &quot;organizationId&quot;: &quot;5000db95-c5d4-487f-925e-3f82f15a5499&quot;,
      &quot;id&quot;: 30216,
      &quot;status&quot;: &quot;APPROVED&quot;,
      &quot;approvedDate&quot;: &quot;2017-02-08T19:59:09.909Z&quot;,
      &quot;applicationId&quot;: 43333,
      &quot;application&quot;: {
        &quot;audit&quot;: {
          &quot;created&quot;: {
            &quot;date&quot;: &quot;2017-02-08T19:59:07.683Z&quot;
          },
          &quot;updated&quot;: {}
        },
        &quot;id&quot;: 43333,
        &quot;name&quot;: &quot;pTest ClientID AppPerf vamjwtk&quot;,
        &quot;description&quot;: &quot;Application description&quot;,
        &quot;coreServicesId&quot;: &quot;e7f0832140ae451caa8e7eea84960b02&quot;,
        &quot;url&quot;: &quot;http://localhost:1234&quot;
      },
      &quot;apiVersionId&quot;: 2161,
      &quot;apiVersion&quot;: {
        &quot;audit&quot;: {
          &quot;created&quot;: {},
          &quot;updated&quot;: {}
        },
        &quot;id&quot;: 2161,
        &quot;apiId&quot;: 2053
      },
      &quot;partyId&quot;: &quot;&quot;,
      &quot;partyName&quot;: &quot;&quot;
    },
    {
      &quot;audit&quot;: {
        &quot;created&quot;: {
          &quot;date&quot;: &quot;2017-02-08T19:57:14.703Z&quot;
        },
        &quot;updated&quot;: {}
      },
      &quot;masterOrganizationId&quot;: &quot;5000db95-c5d4-487f-925e-3f82f15a5499&quot;,
      &quot;organizationId&quot;: &quot;5000db95-c5d4-487f-925e-3f82f15a5499&quot;,
      &quot;id&quot;: 30188,
      &quot;status&quot;: &quot;APPROVED&quot;,
      &quot;approvedDate&quot;: &quot;2017-02-08T19:57:14.743Z&quot;,
      &quot;applicationId&quot;: 43305,
      &quot;application&quot;: {
        &quot;audit&quot;: {
          &quot;created&quot;: {
            &quot;date&quot;: &quot;2017-02-08T19:57:12.519Z&quot;
          },
          &quot;updated&quot;: {}
        },
        &quot;id&quot;: 43305,
        &quot;name&quot;: &quot;pTest ClientID AppPerf uunpmwn&quot;,
        &quot;description&quot;: &quot;Application description&quot;,
        &quot;coreServicesId&quot;: &quot;49c40749479c4632b0bcab69e82157d0&quot;,
        &quot;url&quot;: &quot;http://localhost:1234&quot;
      },
      &quot;apiVersionId&quot;: 2161,
      &quot;apiVersion&quot;: {
        &quot;audit&quot;: {
          &quot;created&quot;: {},
          &quot;updated&quot;: {}
        },
        &quot;id&quot;: 2161,
        &quot;apiId&quot;: 2053
      },
      &quot;partyId&quot;: &quot;&quot;,
      &quot;partyName&quot;: &quot;&quot;
    },
    {
      &quot;audit&quot;: {
        &quot;created&quot;: {
          &quot;date&quot;: &quot;2017-02-08T19:58:37.035Z&quot;
        },
        &quot;updated&quot;: {}
      },
      &quot;masterOrganizationId&quot;: &quot;5000db95-c5d4-487f-925e-3f82f15a5499&quot;,
      &quot;organizationId&quot;: &quot;5000db95-c5d4-487f-925e-3f82f15a5499&quot;,
      &quot;id&quot;: 30208,
      &quot;status&quot;: &quot;APPROVED&quot;,
      &quot;approvedDate&quot;: &quot;2017-02-08T19:58:37.065Z&quot;,
      &quot;applicationId&quot;: 43325,
      &quot;application&quot;: {
        &quot;audit&quot;: {
          &quot;created&quot;: {
            &quot;date&quot;: &quot;2017-02-08T19:58:34.880Z&quot;
          },
          &quot;updated&quot;: {}
        },
        &quot;id&quot;: 43325,
        &quot;name&quot;: &quot;pTest ClientID AppPerf uslrwen&quot;,
        &quot;description&quot;: &quot;Application description&quot;,
        &quot;coreServicesId&quot;: &quot;cea82ac4436c4deea33cbdfab687f4da&quot;,
        &quot;url&quot;: &quot;http://localhost:1234&quot;
      },
      &quot;apiVersionId&quot;: 2161,
      &quot;apiVersion&quot;: {
        &quot;audit&quot;: {
          &quot;created&quot;: {},
          &quot;updated&quot;: {}
        },
        &quot;id&quot;: 2161,
        &quot;apiId&quot;: 2053
      },
      &quot;partyId&quot;: &quot;&quot;,
      &quot;partyName&quot;: &quot;&quot;
    },
    {
      &quot;audit&quot;: {
        &quot;created&quot;: {
          &quot;date&quot;: &quot;2017-02-08T19:58:49.626Z&quot;
        },
        &quot;updated&quot;: {}
      },
      &quot;masterOrganizationId&quot;: &quot;5000db95-c5d4-487f-925e-3f82f15a5499&quot;,
      &quot;organizationId&quot;: &quot;5000db95-c5d4-487f-925e-3f82f15a5499&quot;,
      &quot;id&quot;: 30211,
      &quot;status&quot;: &quot;APPROVED&quot;,
      &quot;approvedDate&quot;: &quot;2017-02-08T19:58:49.657Z&quot;,
      &quot;applicationId&quot;: 43328,
      &quot;application&quot;: {
        &quot;audit&quot;: {
          &quot;created&quot;: {
            &quot;date&quot;: &quot;2017-02-08T19:58:47.513Z&quot;
          },
          &quot;updated&quot;: {}
        },
        &quot;id&quot;: 43328,
        &quot;name&quot;: &quot;pTest ClientID AppPerf uscenbw&quot;,
        &quot;description&quot;: &quot;Application description&quot;,
        &quot;coreServicesId&quot;: &quot;91ff03b7b64449f2848d5169aa07aec8&quot;,
        &quot;url&quot;: &quot;http://localhost:1234&quot;
      },
      &quot;apiVersionId&quot;: 2161,
      &quot;apiVersion&quot;: {
        &quot;audit&quot;: {
          &quot;created&quot;: {},
          &quot;updated&quot;: {}
        },
        &quot;id&quot;: 2161,
        &quot;apiId&quot;: 2053
      },
      &quot;partyId&quot;: &quot;&quot;,
      &quot;partyName&quot;: &quot;&quot;
    },
    {
      &quot;audit&quot;: {
        &quot;created&quot;: {
          &quot;date&quot;: &quot;2017-02-08T19:57:18.714Z&quot;
        },
        &quot;updated&quot;: {}
      },
      &quot;masterOrganizationId&quot;: &quot;5000db95-c5d4-487f-925e-3f82f15a5499&quot;,
      &quot;organizationId&quot;: &quot;5000db95-c5d4-487f-925e-3f82f15a5499&quot;,
      &quot;id&quot;: 30189,
      &quot;status&quot;: &quot;APPROVED&quot;,
      &quot;approvedDate&quot;: &quot;2017-02-08T19:57:18.772Z&quot;,
      &quot;applicationId&quot;: 43306,
      &quot;application&quot;: {
        &quot;audit&quot;: {
          &quot;created&quot;: {
            &quot;date&quot;: &quot;2017-02-08T19:57:16.537Z&quot;
          },
          &quot;updated&quot;: {}
        },
        &quot;id&quot;: 43306,
        &quot;name&quot;: &quot;pTest ClientID AppPerf ujovjeg&quot;,
        &quot;description&quot;: &quot;Application description&quot;,
        &quot;coreServicesId&quot;: &quot;b609397389f848d7bb97461466d6ac5e&quot;,
        &quot;url&quot;: &quot;http://localhost:1234&quot;
      },
      &quot;apiVersionId&quot;: 2161,
      &quot;apiVersion&quot;: {
        &quot;audit&quot;: {
          &quot;created&quot;: {},
          &quot;updated&quot;: {}
        },
        &quot;id&quot;: 2161,
        &quot;apiId&quot;: 2053
      },
      &quot;partyId&quot;: &quot;&quot;,
      &quot;partyName&quot;: &quot;&quot;
    },
    {
      &quot;audit&quot;: {
        &quot;created&quot;: {
          &quot;date&quot;: &quot;2017-02-08T19:58:57.672Z&quot;
        },
        &quot;updated&quot;: {}
      },
      &quot;masterOrganizationId&quot;: &quot;5000db95-c5d4-487f-925e-3f82f15a5499&quot;,
      &quot;organizationId&quot;: &quot;5000db95-c5d4-487f-925e-3f82f15a5499&quot;,
      &quot;id&quot;: 30213,
      &quot;status&quot;: &quot;APPROVED&quot;,
      &quot;approvedDate&quot;: &quot;2017-02-08T19:58:57.725Z&quot;,
      &quot;applicationId&quot;: 43330,
      &quot;application&quot;: {
        &quot;audit&quot;: {
          &quot;created&quot;: {
            &quot;date&quot;: &quot;2017-02-08T19:58:55.583Z&quot;
          },
          &quot;updated&quot;: {}
        },
        &quot;id&quot;: 43330,
        &quot;name&quot;: &quot;pTest ClientID AppPerf uagqhkt&quot;,
        &quot;description&quot;: &quot;Application description&quot;,
        &quot;coreServicesId&quot;: &quot;1eea60187e82471ca793443c8e77539b&quot;,
        &quot;url&quot;: &quot;http://localhost:1234&quot;
      },
      &quot;apiVersionId&quot;: 2161,
      &quot;apiVersion&quot;: {
        &quot;audit&quot;: {
          &quot;created&quot;: {},
          &quot;updated&quot;: {}
        },
        &quot;id&quot;: 2161,
        &quot;apiId&quot;: 2053
      },
      &quot;partyId&quot;: &quot;&quot;,
      &quot;partyName&quot;: &quot;&quot;
    },
    {
      &quot;audit&quot;: {
        &quot;created&quot;: {
          &quot;date&quot;: &quot;2017-02-08T20:02:28.272Z&quot;
        },
        &quot;updated&quot;: {}
      },
      &quot;masterOrganizationId&quot;: &quot;5000db95-c5d4-487f-925e-3f82f15a5499&quot;,
      &quot;organizationId&quot;: &quot;5000db95-c5d4-487f-925e-3f82f15a5499&quot;,
      &quot;id&quot;: 30264,
      &quot;status&quot;: &quot;APPROVED&quot;,
      &quot;approvedDate&quot;: &quot;2017-02-08T20:02:28.320Z&quot;,
      &quot;applicationId&quot;: 43381,
      &quot;application&quot;: {
        &quot;audit&quot;: {
          &quot;created&quot;: {
            &quot;date&quot;: &quot;2017-02-08T20:02:26.152Z&quot;
          },
          &quot;updated&quot;: {}
        },
        &quot;id&quot;: 43381,
        &quot;name&quot;: &quot;pTest ClientID AppPerf ttmzkae&quot;,
        &quot;description&quot;: &quot;Application description&quot;,
        &quot;coreServicesId&quot;: &quot;84712fe5e3434cccbaf1f14ca603d126&quot;,
        &quot;url&quot;: &quot;http://localhost:1234&quot;
      },
      &quot;apiVersionId&quot;: 2161,
      &quot;apiVersion&quot;: {
        &quot;audit&quot;: {
          &quot;created&quot;: {},
          &quot;updated&quot;: {}
        },
        &quot;id&quot;: 2161,
        &quot;apiId&quot;: 2053
      },
      &quot;partyId&quot;: &quot;&quot;,
      &quot;partyName&quot;: &quot;&quot;
    },
    {
      &quot;audit&quot;: {
        &quot;created&quot;: {
          &quot;date&quot;: &quot;2017-02-08T19:58:45.625Z&quot;
        },
        &quot;updated&quot;: {}
      },
      &quot;masterOrganizationId&quot;: &quot;5000db95-c5d4-487f-925e-3f82f15a5499&quot;,
      &quot;organizationId&quot;: &quot;5000db95-c5d4-487f-925e-3f82f15a5499&quot;,
      &quot;id&quot;: 30210,
      &quot;status&quot;: &quot;APPROVED&quot;,
      &quot;approvedDate&quot;: &quot;2017-02-08T19:58:45.715Z&quot;,
      &quot;applicationId&quot;: 43327,
      &quot;application&quot;: {
        &quot;audit&quot;: {
          &quot;created&quot;: {
            &quot;date&quot;: &quot;2017-02-08T19:58:43.257Z&quot;
          },
          &quot;updated&quot;: {}
        },
        &quot;id&quot;: 43327,
        &quot;name&quot;: &quot;pTest ClientID AppPerf tpmrish&quot;,
        &quot;description&quot;: &quot;Application description&quot;,
        &quot;coreServicesId&quot;: &quot;79ffe22029834335ae59cca88684afbb&quot;,
        &quot;url&quot;: &quot;http://localhost:1234&quot;
      },
      &quot;apiVersionId&quot;: 2161,
      &quot;apiVersion&quot;: {
        &quot;audit&quot;: {
          &quot;created&quot;: {},
          &quot;updated&quot;: {}
        },
        &quot;id&quot;: 2161,
        &quot;apiId&quot;: 2053
      },
      &quot;partyId&quot;: &quot;&quot;,
      &quot;partyName&quot;: &quot;&quot;
    },
    {
      &quot;audit&quot;: {
        &quot;created&quot;: {
          &quot;date&quot;: &quot;2017-02-08T20:01:00.753Z&quot;
        },
        &quot;updated&quot;: {}
      },
      &quot;masterOrganizationId&quot;: &quot;5000db95-c5d4-487f-925e-3f82f15a5499&quot;,
      &quot;organizationId&quot;: &quot;5000db95-c5d4-487f-925e-3f82f15a5499&quot;,
      &quot;id&quot;: 30243,
      &quot;status&quot;: &quot;APPROVED&quot;,
      &quot;approvedDate&quot;: &quot;2017-02-08T20:01:00.839Z&quot;,
      &quot;applicationId&quot;: 43360,
      &quot;application&quot;: {
        &quot;audit&quot;: {
          &quot;created&quot;: {
            &quot;date&quot;: &quot;2017-02-08T20:00:58.307Z&quot;
          },
          &quot;updated&quot;: {}
        },
        &quot;id&quot;: 43360,
        &quot;name&quot;: &quot;pTest ClientID AppPerf tpmacki&quot;,
        &quot;description&quot;: &quot;Application description&quot;,
        &quot;coreServicesId&quot;: &quot;671cc789f573439aa096c1278e6d47b1&quot;,
        &quot;url&quot;: &quot;http://localhost:1234&quot;
      },
      &quot;apiVersionId&quot;: 2161,
      &quot;apiVersion&quot;: {
        &quot;audit&quot;: {
          &quot;created&quot;: {},
          &quot;updated&quot;: {}
        },
        &quot;id&quot;: 2161,
        &quot;apiId&quot;: 2053
      },
      &quot;partyId&quot;: &quot;&quot;,
      &quot;partyName&quot;: &quot;&quot;
    },
    {
      &quot;audit&quot;: {
        &quot;created&quot;: {
          &quot;date&quot;: &quot;2017-02-08T19:59:05.832Z&quot;
        },
        &quot;updated&quot;: {}
      },
      &quot;masterOrganizationId&quot;: &quot;5000db95-c5d4-487f-925e-3f82f15a5499&quot;,
      &quot;organizationId&quot;: &quot;5000db95-c5d4-487f-925e-3f82f15a5499&quot;,
      &quot;id&quot;: 30215,
      &quot;status&quot;: &quot;APPROVED&quot;,
      &quot;approvedDate&quot;: &quot;2017-02-08T19:59:05.894Z&quot;,
      &quot;applicationId&quot;: 43332,
      &quot;application&quot;: {
        &quot;audit&quot;: {
          &quot;created&quot;: {
            &quot;date&quot;: &quot;2017-02-08T19:59:03.771Z&quot;
          },
          &quot;updated&quot;: {}
        },
        &quot;id&quot;: 43332,
        &quot;name&quot;: &quot;pTest ClientID AppPerf tnxsfhh&quot;,
        &quot;description&quot;: &quot;Application description&quot;,
        &quot;coreServicesId&quot;: &quot;6cc17ed2a1734df787495d063cdbd0de&quot;,
        &quot;url&quot;: &quot;http://localhost:1234&quot;
      },
      &quot;apiVersionId&quot;: 2161,
      &quot;apiVersion&quot;: {
        &quot;audit&quot;: {
          &quot;created&quot;: {},
          &quot;updated&quot;: {}
        },
        &quot;id&quot;: 2161,
        &quot;apiId&quot;: 2053
      },
      &quot;partyId&quot;: &quot;&quot;,
      &quot;partyName&quot;: &quot;&quot;
    },
    {
      &quot;audit&quot;: {
        &quot;created&quot;: {
          &quot;date&quot;: &quot;2017-02-08T19:58:16.767Z&quot;
        },
        &quot;updated&quot;: {}
      },
      &quot;masterOrganizationId&quot;: &quot;5000db95-c5d4-487f-925e-3f82f15a5499&quot;,
      &quot;organizationId&quot;: &quot;5000db95-c5d4-487f-925e-3f82f15a5499&quot;,
      &quot;id&quot;: 30203,
      &quot;status&quot;: &quot;APPROVED&quot;,
      &quot;approvedDate&quot;: &quot;2017-02-08T19:58:16.823Z&quot;,
      &quot;applicationId&quot;: 43320,
      &quot;application&quot;: {
        &quot;audit&quot;: {
          &quot;created&quot;: {
            &quot;date&quot;: &quot;2017-02-08T19:58:14.530Z&quot;
          },
          &quot;updated&quot;: {}
        },
        &quot;id&quot;: 43320,
        &quot;name&quot;: &quot;pTest ClientID AppPerf tmnfrzm&quot;,
        &quot;description&quot;: &quot;Application description&quot;,
        &quot;coreServicesId&quot;: &quot;3e0dc6ee502d4fc79b8b660130d616bd&quot;,
        &quot;url&quot;: &quot;http://localhost:1234&quot;
      },
      &quot;apiVersionId&quot;: 2161,
      &quot;apiVersion&quot;: {
        &quot;audit&quot;: {
          &quot;created&quot;: {},
          &quot;updated&quot;: {}
        },
        &quot;id&quot;: 2161,
        &quot;apiId&quot;: 2053
      },
      &quot;partyId&quot;: &quot;&quot;,
      &quot;partyName&quot;: &quot;&quot;
    },
    {
      &quot;audit&quot;: {
        &quot;created&quot;: {
          &quot;date&quot;: &quot;2017-02-08T20:02:48.877Z&quot;
        },
        &quot;updated&quot;: {}
      },
      &quot;masterOrganizationId&quot;: &quot;5000db95-c5d4-487f-925e-3f82f15a5499&quot;,
      &quot;organizationId&quot;: &quot;5000db95-c5d4-487f-925e-3f82f15a5499&quot;,
      &quot;id&quot;: 30268,
      &quot;status&quot;: &quot;APPROVED&quot;,
      &quot;approvedDate&quot;: &quot;2017-02-08T20:02:48.929Z&quot;,
      &quot;applicationId&quot;: 43385,
      &quot;application&quot;: {
        &quot;audit&quot;: {
          &quot;created&quot;: {
            &quot;date&quot;: &quot;2017-02-08T20:02:46.787Z&quot;
          },
          &quot;updated&quot;: {}
        },
        &quot;id&quot;: 43385,
        &quot;name&quot;: &quot;pTest ClientID AppPerf tkjbays&quot;,
        &quot;description&quot;: &quot;Application description&quot;,
        &quot;coreServicesId&quot;: &quot;cccf797e4d9d4f3d891ff3a26287b103&quot;,
        &quot;url&quot;: &quot;http://localhost:1234&quot;
      },
      &quot;apiVersionId&quot;: 2161,
      &quot;apiVersion&quot;: {
        &quot;audit&quot;: {
          &quot;created&quot;: {},
          &quot;updated&quot;: {}
        },
        &quot;id&quot;: 2161,
        &quot;apiId&quot;: 2053
      },
      &quot;partyId&quot;: &quot;&quot;,
      &quot;partyName&quot;: &quot;&quot;
    },
    {
      &quot;audit&quot;: {
        &quot;created&quot;: {
          &quot;date&quot;: &quot;2017-02-08T19:58:29.035Z&quot;
        },
        &quot;updated&quot;: {}
      },
      &quot;masterOrganizationId&quot;: &quot;5000db95-c5d4-487f-925e-3f82f15a5499&quot;,
      &quot;organizationId&quot;: &quot;5000db95-c5d4-487f-925e-3f82f15a5499&quot;,
      &quot;id&quot;: 30206,
      &quot;status&quot;: &quot;APPROVED&quot;,
      &quot;approvedDate&quot;: &quot;2017-02-08T19:58:29.088Z&quot;,
      &quot;applicationId&quot;: 43323,
      &quot;application&quot;: {
        &quot;audit&quot;: {
          &quot;created&quot;: {
            &quot;date&quot;: &quot;2017-02-08T19:58:26.786Z&quot;
          },
          &quot;updated&quot;: {}
        },
        &quot;id&quot;: 43323,
        &quot;name&quot;: &quot;pTest ClientID AppPerf tjmkxqm&quot;,
        &quot;description&quot;: &quot;Application description&quot;,
        &quot;coreServicesId&quot;: &quot;6e9b2e3a1f224263b7f84c4111618b0c&quot;,
        &quot;url&quot;: &quot;http://localhost:1234&quot;
      },
      &quot;apiVersionId&quot;: 2161,
      &quot;apiVersion&quot;: {
        &quot;audit&quot;: {
          &quot;created&quot;: {},
          &quot;updated&quot;: {}
        },
        &quot;id&quot;: 2161,
        &quot;apiId&quot;: 2053
      },
      &quot;partyId&quot;: &quot;&quot;,
      &quot;partyName&quot;: &quot;&quot;
    },
    {
      &quot;audit&quot;: {
        &quot;created&quot;: {
          &quot;date&quot;: &quot;2017-02-08T20:01:09.685Z&quot;
        },
        &quot;updated&quot;: {}
      },
      &quot;masterOrganizationId&quot;: &quot;5000db95-c5d4-487f-925e-3f82f15a5499&quot;,
      &quot;organizationId&quot;: &quot;5000db95-c5d4-487f-925e-3f82f15a5499&quot;,
      &quot;id&quot;: 30245,
      &quot;status&quot;: &quot;APPROVED&quot;,
      &quot;approvedDate&quot;: &quot;2017-02-08T20:01:09.730Z&quot;,
      &quot;applicationId&quot;: 43362,
      &quot;application&quot;: {
        &quot;audit&quot;: {
          &quot;created&quot;: {
            &quot;date&quot;: &quot;2017-02-08T20:01:06.577Z&quot;
          },
          &quot;updated&quot;: {}
        },
        &quot;id&quot;: 43362,
        &quot;name&quot;: &quot;pTest ClientID AppPerf tfnirvb&quot;,
        &quot;description&quot;: &quot;Application description&quot;,
        &quot;coreServicesId&quot;: &quot;18458b4cec6b4001846af0f54478bc9b&quot;,
        &quot;url&quot;: &quot;http://localhost:1234&quot;
      },
      &quot;apiVersionId&quot;: 2161,
      &quot;apiVersion&quot;: {
        &quot;audit&quot;: {
          &quot;created&quot;: {},
          &quot;updated&quot;: {}
        },
        &quot;id&quot;: 2161,
        &quot;apiId&quot;: 2053
      },
      &quot;partyId&quot;: &quot;&quot;,
      &quot;partyName&quot;: &quot;&quot;
    },
    {
      &quot;audit&quot;: {
        &quot;created&quot;: {
          &quot;date&quot;: &quot;2017-02-08T20:02:52.745Z&quot;
        },
        &quot;updated&quot;: {}
      },
      &quot;masterOrganizationId&quot;: &quot;5000db95-c5d4-487f-925e-3f82f15a5499&quot;,
      &quot;organizationId&quot;: &quot;5000db95-c5d4-487f-925e-3f82f15a5499&quot;,
      &quot;id&quot;: 30269,
      &quot;status&quot;: &quot;APPROVED&quot;,
      &quot;approvedDate&quot;: &quot;2017-02-08T20:02:52.786Z&quot;,
      &quot;applicationId&quot;: 43386,
      &quot;application&quot;: {
        &quot;audit&quot;: {
          &quot;created&quot;: {
            &quot;date&quot;: &quot;2017-02-08T20:02:50.679Z&quot;
          },
          &quot;updated&quot;: {}
        },
        &quot;id&quot;: 43386,
        &quot;name&quot;: &quot;pTest ClientID AppPerf snyttso&quot;,
        &quot;description&quot;: &quot;Application description&quot;,
        &quot;coreServicesId&quot;: &quot;71109c62f60b4c38813a625cd16fba7b&quot;,
        &quot;url&quot;: &quot;http://localhost:1234&quot;
      },
      &quot;apiVersionId&quot;: 2161,
      &quot;apiVersion&quot;: {
        &quot;audit&quot;: {
          &quot;created&quot;: {},
          &quot;updated&quot;: {}
        },
        &quot;id&quot;: 2161,
        &quot;apiId&quot;: 2053
      },
      &quot;partyId&quot;: &quot;&quot;,
      &quot;partyName&quot;: &quot;&quot;
    },
    {
      &quot;audit&quot;: {
        &quot;created&quot;: {
          &quot;date&quot;: &quot;2017-02-08T19:55:10.097Z&quot;
        },
        &quot;updated&quot;: {
          &quot;date&quot;: &quot;2017-02-08T19:56:28.431Z&quot;
        }
      },
      &quot;masterOrganizationId&quot;: &quot;5000db95-c5d4-487f-925e-3f82f15a5499&quot;,
      &quot;organizationId&quot;: &quot;5000db95-c5d4-487f-925e-3f82f15a5499&quot;,
      &quot;id&quot;: 30186,
      &quot;status&quot;: &quot;REVOKED&quot;,
      &quot;approvedDate&quot;: &quot;2017-02-08T19:55:10.163Z&quot;,
      &quot;revokedDate&quot;: &quot;2017-02-08T19:56:28.431Z&quot;,
      &quot;applicationId&quot;: 43303,
      &quot;application&quot;: {
        &quot;audit&quot;: {
          &quot;created&quot;: {
            &quot;date&quot;: &quot;2017-02-08T19:55:07.223Z&quot;
          },
          &quot;updated&quot;: {}
        },
        &quot;id&quot;: 43303,
        &quot;name&quot;: &quot;pTest ClientID AppPerf skqkxti&quot;,
        &quot;description&quot;: &quot;Application description&quot;,
        &quot;coreServicesId&quot;: &quot;83902edac14f45d1b15b440ed3c6000d&quot;,
        &quot;url&quot;: &quot;http://localhost:1234&quot;
      },
      &quot;apiVersionId&quot;: 2161,
      &quot;apiVersion&quot;: {
        &quot;audit&quot;: {
          &quot;created&quot;: {},
          &quot;updated&quot;: {}
        },
        &quot;id&quot;: 2161,
        &quot;apiId&quot;: 2053
      },
      &quot;partyId&quot;: &quot;&quot;,
      &quot;partyName&quot;: &quot;&quot;
    },
    {
      &quot;audit&quot;: {
        &quot;created&quot;: {
          &quot;date&quot;: &quot;2017-02-08T20:02:16.221Z&quot;
        },
        &quot;updated&quot;: {}
      },
      &quot;masterOrganizationId&quot;: &quot;5000db95-c5d4-487f-925e-3f82f15a5499&quot;,
      &quot;organizationId&quot;: &quot;5000db95-c5d4-487f-925e-3f82f15a5499&quot;,
      &quot;id&quot;: 30261,
      &quot;status&quot;: &quot;APPROVED&quot;,
      &quot;approvedDate&quot;: &quot;2017-02-08T20:02:16.269Z&quot;,
      &quot;applicationId&quot;: 43378,
      &quot;application&quot;: {
        &quot;audit&quot;: {
          &quot;created&quot;: {
            &quot;date&quot;: &quot;2017-02-08T20:02:13.993Z&quot;
          },
          &quot;updated&quot;: {}
        },
        &quot;id&quot;: 43378,
        &quot;name&quot;: &quot;pTest ClientID AppPerf rmysphk&quot;,
        &quot;description&quot;: &quot;Application description&quot;,
        &quot;coreServicesId&quot;: &quot;01e8bc69458445d89bdcbe52842169f9&quot;,
        &quot;url&quot;: &quot;http://localhost:1234&quot;
      },
      &quot;apiVersionId&quot;: 2161,
      &quot;apiVersion&quot;: {
        &quot;audit&quot;: {
          &quot;created&quot;: {},
          &quot;updated&quot;: {}
        },
        &quot;id&quot;: 2161,
        &quot;apiId&quot;: 2053
      },
      &quot;partyId&quot;: &quot;&quot;,
      &quot;partyName&quot;: &quot;&quot;
    },
    {
      &quot;audit&quot;: {
        &quot;created&quot;: {
          &quot;date&quot;: &quot;2017-02-08T20:00:36.263Z&quot;
        },
        &quot;updated&quot;: {}
      },
      &quot;masterOrganizationId&quot;: &quot;5000db95-c5d4-487f-925e-3f82f15a5499&quot;,
      &quot;organizationId&quot;: &quot;5000db95-c5d4-487f-925e-3f82f15a5499&quot;,
      &quot;id&quot;: 30237,
      &quot;status&quot;: &quot;APPROVED&quot;,
      &quot;approvedDate&quot;: &quot;2017-02-08T20:00:36.310Z&quot;,
      &quot;applicationId&quot;: 43354,
      &quot;application&quot;: {
        &quot;audit&quot;: {
          &quot;created&quot;: {
            &quot;date&quot;: &quot;2017-02-08T20:00:34.212Z&quot;
          },
          &quot;updated&quot;: {}
        },
        &quot;id&quot;: 43354,
        &quot;name&quot;: &quot;pTest ClientID AppPerf rhqdvnh&quot;,
        &quot;description&quot;: &quot;Application description&quot;,
        &quot;coreServicesId&quot;: &quot;39e879082ca54971aafab97370168bb2&quot;,
        &quot;url&quot;: &quot;http://localhost:1234&quot;
      },
      &quot;apiVersionId&quot;: 2161,
      &quot;apiVersion&quot;: {
        &quot;audit&quot;: {
          &quot;created&quot;: {},
          &quot;updated&quot;: {}
        },
        &quot;id&quot;: 2161,
        &quot;apiId&quot;: 2053
      },
      &quot;partyId&quot;: &quot;&quot;,
      &quot;partyName&quot;: &quot;&quot;
    },
    {
      &quot;audit&quot;: {
        &quot;created&quot;: {
          &quot;date&quot;: &quot;2017-02-08T19:58:33.106Z&quot;
        },
        &quot;updated&quot;: {}
      },
      &quot;masterOrganizationId&quot;: &quot;5000db95-c5d4-487f-925e-3f82f15a5499&quot;,
      &quot;organizationId&quot;: &quot;5000db95-c5d4-487f-925e-3f82f15a5499&quot;,
      &quot;id&quot;: 30207,
      &quot;status&quot;: &quot;APPROVED&quot;,
      &quot;approvedDate&quot;: &quot;2017-02-08T19:58:33.156Z&quot;,
      &quot;applicationId&quot;: 43324,
      &quot;application&quot;: {
        &quot;audit&quot;: {
          &quot;created&quot;: {
            &quot;date&quot;: &quot;2017-02-08T19:58:30.803Z&quot;
          },
          &quot;updated&quot;: {}
        },
        &quot;id&quot;: 43324,
        &quot;name&quot;: &quot;pTest ClientID AppPerf qzflnmz&quot;,
        &quot;description&quot;: &quot;Application description&quot;,
        &quot;coreServicesId&quot;: &quot;8601eca6ab9e40af818e60101ecef235&quot;,
        &quot;url&quot;: &quot;http://localhost:1234&quot;
      },
      &quot;apiVersionId&quot;: 2161,
      &quot;apiVersion&quot;: {
        &quot;audit&quot;: {
          &quot;created&quot;: {},
          &quot;updated&quot;: {}
        },
        &quot;id&quot;: 2161,
        &quot;apiId&quot;: 2053
      },
      &quot;partyId&quot;: &quot;&quot;,
      &quot;partyName&quot;: &quot;&quot;
    },
    {
      &quot;audit&quot;: {
        &quot;created&quot;: {
          &quot;date&quot;: &quot;2017-02-08T20:02:42.201Z&quot;
        },
        &quot;updated&quot;: {}
      },
      &quot;masterOrganizationId&quot;: &quot;5000db95-c5d4-487f-925e-3f82f15a5499&quot;,
      &quot;organizationId&quot;: &quot;5000db95-c5d4-487f-925e-3f82f15a5499&quot;,
      &quot;id&quot;: 30267,
      &quot;status&quot;: &quot;APPROVED&quot;,
      &quot;approvedDate&quot;: &quot;2017-02-08T20:02:42.662Z&quot;,
      &quot;applicationId&quot;: 43384,
      &quot;application&quot;: {
        &quot;audit&quot;: {
          &quot;created&quot;: {
            &quot;date&quot;: &quot;2017-02-08T20:02:38.716Z&quot;
          },
          &quot;updated&quot;: {}
        },
        &quot;id&quot;: 43384,
        &quot;name&quot;: &quot;pTest ClientID AppPerf qywhblu&quot;,
        &quot;description&quot;: &quot;Application description&quot;,
        &quot;coreServicesId&quot;: &quot;cde3f93b95854f4ab4b56cdab9615b25&quot;,
        &quot;url&quot;: &quot;http://localhost:1234&quot;
      },
      &quot;apiVersionId&quot;: 2161,
      &quot;apiVersion&quot;: {
        &quot;audit&quot;: {
          &quot;created&quot;: {},
          &quot;updated&quot;: {}
        },
        &quot;id&quot;: 2161,
        &quot;apiId&quot;: 2053
      },
      &quot;partyId&quot;: &quot;&quot;,
      &quot;partyName&quot;: &quot;&quot;
    },
    {
      &quot;audit&quot;: {
        &quot;created&quot;: {
          &quot;date&quot;: &quot;2017-02-08T20:00:16.524Z&quot;
        },
        &quot;updated&quot;: {}
      },
      &quot;masterOrganizationId&quot;: &quot;5000db95-c5d4-487f-925e-3f82f15a5499&quot;,
      &quot;organizationId&quot;: &quot;5000db95-c5d4-487f-925e-3f82f15a5499&quot;,
      &quot;id&quot;: 30232,
      &quot;status&quot;: &quot;APPROVED&quot;,
      &quot;approvedDate&quot;: &quot;2017-02-08T20:00:16.581Z&quot;,
      &quot;applicationId&quot;: 43349,
      &quot;application&quot;: {
        &quot;audit&quot;: {
          &quot;created&quot;: {
            &quot;date&quot;: &quot;2017-02-08T20:00:14.157Z&quot;
          },
          &quot;updated&quot;: {}
        },
        &quot;id&quot;: 43349,
        &quot;name&quot;: &quot;pTest ClientID AppPerf qvpipbh&quot;,
        &quot;description&quot;: &quot;Application description&quot;,
        &quot;coreServicesId&quot;: &quot;7fc6a81850c34e6d9b91aafe0233d325&quot;,
        &quot;url&quot;: &quot;http://localhost:1234&quot;
      },
      &quot;apiVersionId&quot;: 2161,
      &quot;apiVersion&quot;: {
        &quot;audit&quot;: {
          &quot;created&quot;: {},
          &quot;updated&quot;: {}
        },
        &quot;id&quot;: 2161,
        &quot;apiId&quot;: 2053
      },
      &quot;partyId&quot;: &quot;&quot;,
      &quot;partyName&quot;: &quot;&quot;
    },
    {
      &quot;audit&quot;: {
        &quot;created&quot;: {
          &quot;date&quot;: &quot;2017-02-08T20:00:20.312Z&quot;
        },
        &quot;updated&quot;: {}
      },
      &quot;masterOrganizationId&quot;: &quot;5000db95-c5d4-487f-925e-3f82f15a5499&quot;,
      &quot;organizationId&quot;: &quot;5000db95-c5d4-487f-925e-3f82f15a5499&quot;,
      &quot;id&quot;: 30233,
      &quot;status&quot;: &quot;APPROVED&quot;,
      &quot;approvedDate&quot;: &quot;2017-02-08T20:00:20.362Z&quot;,
      &quot;applicationId&quot;: 43350,
      &quot;application&quot;: {
        &quot;audit&quot;: {
          &quot;created&quot;: {
            &quot;date&quot;: &quot;2017-02-08T20:00:18.284Z&quot;
          },
          &quot;updated&quot;: {}
        },
        &quot;id&quot;: 43350,
        &quot;name&quot;: &quot;pTest ClientID AppPerf qjvqmun&quot;,
        &quot;description&quot;: &quot;Application description&quot;,
        &quot;coreServicesId&quot;: &quot;a5afa3d19ccd49e4844e8317ee2b612e&quot;,
        &quot;url&quot;: &quot;http://localhost:1234&quot;
      },
      &quot;apiVersionId&quot;: 2161,
      &quot;apiVersion&quot;: {
        &quot;audit&quot;: {
          &quot;created&quot;: {},
          &quot;updated&quot;: {}
        },
        &quot;id&quot;: 2161,
        &quot;apiId&quot;: 2053
      },
      &quot;partyId&quot;: &quot;&quot;,
      &quot;partyName&quot;: &quot;&quot;
    },
    {
      &quot;audit&quot;: {
        &quot;created&quot;: {
          &quot;date&quot;: &quot;2017-02-08T20:00:40.187Z&quot;
        },
        &quot;updated&quot;: {}
      },
      &quot;masterOrganizationId&quot;: &quot;5000db95-c5d4-487f-925e-3f82f15a5499&quot;,
      &quot;organizationId&quot;: &quot;5000db95-c5d4-487f-925e-3f82f15a5499&quot;,
      &quot;id&quot;: 30238,
      &quot;status&quot;: &quot;APPROVED&quot;,
      &quot;approvedDate&quot;: &quot;2017-02-08T20:00:40.252Z&quot;,
      &quot;applicationId&quot;: 43355,
      &quot;application&quot;: {
        &quot;audit&quot;: {
          &quot;created&quot;: {
            &quot;date&quot;: &quot;2017-02-08T20:00:38.101Z&quot;
          },
          &quot;updated&quot;: {}
        },
        &quot;id&quot;: 43355,
        &quot;name&quot;: &quot;pTest ClientID AppPerf pyymial&quot;,
        &quot;description&quot;: &quot;Application description&quot;,
        &quot;coreServicesId&quot;: &quot;c8b73bc1101947dba0d6f63bd1d84aa5&quot;,
        &quot;url&quot;: &quot;http://localhost:1234&quot;
      },
      &quot;apiVersionId&quot;: 2161,
      &quot;apiVersion&quot;: {
        &quot;audit&quot;: {
          &quot;created&quot;: {},
          &quot;updated&quot;: {}
        },
        &quot;id&quot;: 2161,
        &quot;apiId&quot;: 2053
      },
      &quot;partyId&quot;: &quot;&quot;,
      &quot;partyName&quot;: &quot;&quot;
    },
    {
      &quot;audit&quot;: {
        &quot;created&quot;: {
          &quot;date&quot;: &quot;2017-02-08T20:00:52.510Z&quot;
        },
        &quot;updated&quot;: {}
      },
      &quot;masterOrganizationId&quot;: &quot;5000db95-c5d4-487f-925e-3f82f15a5499&quot;,
      &quot;organizationId&quot;: &quot;5000db95-c5d4-487f-925e-3f82f15a5499&quot;,
      &quot;id&quot;: 30241,
      &quot;status&quot;: &quot;APPROVED&quot;,
      &quot;approvedDate&quot;: &quot;2017-02-08T20:00:52.546Z&quot;,
      &quot;applicationId&quot;: 43358,
      &quot;application&quot;: {
        &quot;audit&quot;: {
          &quot;created&quot;: {
            &quot;date&quot;: &quot;2017-02-08T20:00:50.481Z&quot;
          },
          &quot;updated&quot;: {}
        },
        &quot;id&quot;: 43358,
        &quot;name&quot;: &quot;pTest ClientID AppPerf puivbzp&quot;,
        &quot;description&quot;: &quot;Application description&quot;,
        &quot;coreServicesId&quot;: &quot;474cecb596c04756b56272ced814d942&quot;,
        &quot;url&quot;: &quot;http://localhost:1234&quot;
      },
      &quot;apiVersionId&quot;: 2161,
      &quot;apiVersion&quot;: {
        &quot;audit&quot;: {
          &quot;created&quot;: {},
          &quot;updated&quot;: {}
        },
        &quot;id&quot;: 2161,
        &quot;apiId&quot;: 2053
      },
      &quot;partyId&quot;: &quot;&quot;,
      &quot;partyName&quot;: &quot;&quot;
    },
    {
      &quot;audit&quot;: {
        &quot;created&quot;: {
          &quot;date&quot;: &quot;2017-02-08T20:00:44.670Z&quot;
        },
        &quot;updated&quot;: {}
      },
      &quot;masterOrganizationId&quot;: &quot;5000db95-c5d4-487f-925e-3f82f15a5499&quot;,
      &quot;organizationId&quot;: &quot;5000db95-c5d4-487f-925e-3f82f15a5499&quot;,
      &quot;id&quot;: 30239,
      &quot;status&quot;: &quot;APPROVED&quot;,
      &quot;approvedDate&quot;: &quot;2017-02-08T20:00:44.720Z&quot;,
      &quot;applicationId&quot;: 43356,
      &quot;application&quot;: {
        &quot;audit&quot;: {
          &quot;created&quot;: {
            &quot;date&quot;: &quot;2017-02-08T20:00:42.574Z&quot;
          },
          &quot;updated&quot;: {}
        },
        &quot;id&quot;: 43356,
        &quot;name&quot;: &quot;pTest ClientID AppPerf ppfmwmq&quot;,
        &quot;description&quot;: &quot;Application description&quot;,
        &quot;coreServicesId&quot;: &quot;87ea07f586cd4015b3421653ea642b33&quot;,
        &quot;url&quot;: &quot;http://localhost:1234&quot;
      },
      &quot;apiVersionId&quot;: 2161,
      &quot;apiVersion&quot;: {
        &quot;audit&quot;: {
          &quot;created&quot;: {},
          &quot;updated&quot;: {}
        },
        &quot;id&quot;: 2161,
        &quot;apiId&quot;: 2053
      },
      &quot;partyId&quot;: &quot;&quot;,
      &quot;partyName&quot;: &quot;&quot;
    },
    {
      &quot;audit&quot;: {
        &quot;created&quot;: {
          &quot;date&quot;: &quot;2017-02-08T20:01:14.163Z&quot;
        },
        &quot;updated&quot;: {}
      },
      &quot;masterOrganizationId&quot;: &quot;5000db95-c5d4-487f-925e-3f82f15a5499&quot;,
      &quot;organizationId&quot;: &quot;5000db95-c5d4-487f-925e-3f82f15a5499&quot;,
      &quot;id&quot;: 30246,
      &quot;status&quot;: &quot;APPROVED&quot;,
      &quot;approvedDate&quot;: &quot;2017-02-08T20:01:14.218Z&quot;,
      &quot;applicationId&quot;: 43363,
      &quot;application&quot;: {
        &quot;audit&quot;: {
          &quot;created&quot;: {
            &quot;date&quot;: &quot;2017-02-08T20:01:12.030Z&quot;
          },
          &quot;updated&quot;: {}
        },
        &quot;id&quot;: 43363,
        &quot;name&quot;: &quot;pTest ClientID AppPerf owylwqh&quot;,
        &quot;description&quot;: &quot;Application description&quot;,
        &quot;coreServicesId&quot;: &quot;88015c4bd8ae4c75ab27cdcbd3b2f016&quot;,
        &quot;url&quot;: &quot;http://localhost:1234&quot;
      },
      &quot;apiVersionId&quot;: 2161,
      &quot;apiVersion&quot;: {
        &quot;audit&quot;: {
          &quot;created&quot;: {},
          &quot;updated&quot;: {}
        },
        &quot;id&quot;: 2161,
        &quot;apiId&quot;: 2053
      },
      &quot;partyId&quot;: &quot;&quot;,
      &quot;partyName&quot;: &quot;&quot;
    },
    {
      &quot;audit&quot;: {
        &quot;created&quot;: {
          &quot;date&quot;: &quot;2017-02-08T19:59:55.660Z&quot;
        },
        &quot;updated&quot;: {}
      },
      &quot;masterOrganizationId&quot;: &quot;5000db95-c5d4-487f-925e-3f82f15a5499&quot;,
      &quot;organizationId&quot;: &quot;5000db95-c5d4-487f-925e-3f82f15a5499&quot;,
      &quot;id&quot;: 30227,
      &quot;status&quot;: &quot;APPROVED&quot;,
      &quot;approvedDate&quot;: &quot;2017-02-08T19:59:55.706Z&quot;,
      &quot;applicationId&quot;: 43344,
      &quot;application&quot;: {
        &quot;audit&quot;: {
          &quot;created&quot;: {
            &quot;date&quot;: &quot;2017-02-08T19:59:53.582Z&quot;
          },
          &quot;updated&quot;: {}
        },
        &quot;id&quot;: 43344,
        &quot;name&quot;: &quot;pTest ClientID AppPerf otnxoss&quot;,
        &quot;description&quot;: &quot;Application description&quot;,
        &quot;coreServicesId&quot;: &quot;779be19004cd4429a5126d52743d64ef&quot;,
        &quot;url&quot;: &quot;http://localhost:1234&quot;
      },
      &quot;apiVersionId&quot;: 2161,
      &quot;apiVersion&quot;: {
        &quot;audit&quot;: {
          &quot;created&quot;: {},
          &quot;updated&quot;: {}
        },
        &quot;id&quot;: 2161,
        &quot;apiId&quot;: 2053
      },
      &quot;partyId&quot;: &quot;&quot;,
      &quot;partyName&quot;: &quot;&quot;
    },
    {
      &quot;audit&quot;: {
        &quot;created&quot;: {
          &quot;date&quot;: &quot;2017-02-08T19:57:52.377Z&quot;
        },
        &quot;updated&quot;: {}
      },
      &quot;masterOrganizationId&quot;: &quot;5000db95-c5d4-487f-925e-3f82f15a5499&quot;,
      &quot;organizationId&quot;: &quot;5000db95-c5d4-487f-925e-3f82f15a5499&quot;,
      &quot;id&quot;: 30197,
      &quot;status&quot;: &quot;APPROVED&quot;,
      &quot;approvedDate&quot;: &quot;2017-02-08T19:57:52.445Z&quot;,
      &quot;applicationId&quot;: 43314,
      &quot;application&quot;: {
        &quot;audit&quot;: {
          &quot;created&quot;: {
            &quot;date&quot;: &quot;2017-02-08T19:57:50.297Z&quot;
          },
          &quot;updated&quot;: {}
        },
        &quot;id&quot;: 43314,
        &quot;name&quot;: &quot;pTest ClientID AppPerf okewjzl&quot;,
        &quot;description&quot;: &quot;Application description&quot;,
        &quot;coreServicesId&quot;: &quot;f3e77eb142024b2b9096c4a06abda8f7&quot;,
        &quot;url&quot;: &quot;http://localhost:1234&quot;
      },
      &quot;apiVersionId&quot;: 2161,
      &quot;apiVersion&quot;: {
        &quot;audit&quot;: {
          &quot;created&quot;: {},
          &quot;updated&quot;: {}
        },
        &quot;id&quot;: 2161,
        &quot;apiId&quot;: 2053
      },
      &quot;partyId&quot;: &quot;&quot;,
      &quot;partyName&quot;: &quot;&quot;
    },
    {
      &quot;audit&quot;: {
        &quot;created&quot;: {
          &quot;date&quot;: &quot;2017-02-08T19:58:41.431Z&quot;
        },
        &quot;updated&quot;: {}
      },
      &quot;masterOrganizationId&quot;: &quot;5000db95-c5d4-487f-925e-3f82f15a5499&quot;,
      &quot;organizationId&quot;: &quot;5000db95-c5d4-487f-925e-3f82f15a5499&quot;,
      &quot;id&quot;: 30209,
      &quot;status&quot;: &quot;APPROVED&quot;,
      &quot;approvedDate&quot;: &quot;2017-02-08T19:58:41.490Z&quot;,
      &quot;applicationId&quot;: 43326,
      &quot;application&quot;: {
        &quot;audit&quot;: {
          &quot;created&quot;: {
            &quot;date&quot;: &quot;2017-02-08T19:58:39.280Z&quot;
          },
          &quot;updated&quot;: {}
        },
        &quot;id&quot;: 43326,
        &quot;name&quot;: &quot;pTest ClientID AppPerf njjyqvs&quot;,
        &quot;description&quot;: &quot;Application description&quot;,
        &quot;coreServicesId&quot;: &quot;26519489ce274818b363c1bc6a0dbaba&quot;,
        &quot;url&quot;: &quot;http://localhost:1234&quot;
      },
      &quot;apiVersionId&quot;: 2161,
      &quot;apiVersion&quot;: {
        &quot;audit&quot;: {
          &quot;created&quot;: {},
          &quot;updated&quot;: {}
        },
        &quot;id&quot;: 2161,
        &quot;apiId&quot;: 2053
      },
      &quot;partyId&quot;: &quot;&quot;,
      &quot;partyName&quot;: &quot;&quot;
    },
    {
      &quot;audit&quot;: {
        &quot;created&quot;: {
          &quot;date&quot;: &quot;2017-02-08T19:58:04.625Z&quot;
        },
        &quot;updated&quot;: {}
      },
      &quot;masterOrganizationId&quot;: &quot;5000db95-c5d4-487f-925e-3f82f15a5499&quot;,
      &quot;organizationId&quot;: &quot;5000db95-c5d4-487f-925e-3f82f15a5499&quot;,
      &quot;id&quot;: 30200,
      &quot;status&quot;: &quot;APPROVED&quot;,
      &quot;approvedDate&quot;: &quot;2017-02-08T19:58:04.681Z&quot;,
      &quot;applicationId&quot;: 43317,
      &quot;application&quot;: {
        &quot;audit&quot;: {
          &quot;created&quot;: {
            &quot;date&quot;: &quot;2017-02-08T19:58:02.342Z&quot;
          },
          &quot;updated&quot;: {}
        },
        &quot;id&quot;: 43317,
        &quot;name&quot;: &quot;pTest ClientID AppPerf ncctalh&quot;,
        &quot;description&quot;: &quot;Application description&quot;,
        &quot;coreServicesId&quot;: &quot;ef1b48a56b744f3cafc281bbecba32f4&quot;,
        &quot;url&quot;: &quot;http://localhost:1234&quot;
      },
      &quot;apiVersionId&quot;: 2161,
      &quot;apiVersion&quot;: {
        &quot;audit&quot;: {
          &quot;created&quot;: {},
          &quot;updated&quot;: {}
        },
        &quot;id&quot;: 2161,
        &quot;apiId&quot;: 2053
      },
      &quot;partyId&quot;: &quot;&quot;,
      &quot;partyName&quot;: &quot;&quot;
    },
    {
      &quot;audit&quot;: {
        &quot;created&quot;: {
          &quot;date&quot;: &quot;2017-02-08T20:03:16.375Z&quot;
        },
        &quot;updated&quot;: {}
      },
      &quot;masterOrganizationId&quot;: &quot;5000db95-c5d4-487f-925e-3f82f15a5499&quot;,
      &quot;organizationId&quot;: &quot;5000db95-c5d4-487f-925e-3f82f15a5499&quot;,
      &quot;id&quot;: 30274,
      &quot;status&quot;: &quot;APPROVED&quot;,
      &quot;approvedDate&quot;: &quot;2017-02-08T20:03:16.687Z&quot;,
      &quot;applicationId&quot;: 43391,
      &quot;application&quot;: {
        &quot;audit&quot;: {
          &quot;created&quot;: {
            &quot;date&quot;: &quot;2017-02-08T20:03:13.171Z&quot;
          },
          &quot;updated&quot;: {}
        },
        &quot;id&quot;: 43391,
        &quot;name&quot;: &quot;pTest ClientID AppPerf mycfgdz&quot;,
        &quot;description&quot;: &quot;Application description&quot;,
        &quot;coreServicesId&quot;: &quot;23ec7545bf0d45feb3d3b596d5c0d2d3&quot;,
        &quot;url&quot;: &quot;http://localhost:1234&quot;
      },
      &quot;apiVersionId&quot;: 2161,
      &quot;apiVersion&quot;: {
        &quot;audit&quot;: {
          &quot;created&quot;: {},
          &quot;updated&quot;: {}
        },
        &quot;id&quot;: 2161,
        &quot;apiId&quot;: 2053
      },
      &quot;partyId&quot;: &quot;&quot;,
      &quot;partyName&quot;: &quot;&quot;
    },
    {
      &quot;audit&quot;: {
        &quot;created&quot;: {
          &quot;date&quot;: &quot;2017-02-08T20:03:04.690Z&quot;
        },
        &quot;updated&quot;: {}
      },
      &quot;masterOrganizationId&quot;: &quot;5000db95-c5d4-487f-925e-3f82f15a5499&quot;,
      &quot;organizationId&quot;: &quot;5000db95-c5d4-487f-925e-3f82f15a5499&quot;,
      &quot;id&quot;: 30272,
      &quot;status&quot;: &quot;APPROVED&quot;,
      &quot;approvedDate&quot;: &quot;2017-02-08T20:03:04.782Z&quot;,
      &quot;applicationId&quot;: 43389,
      &quot;application&quot;: {
        &quot;audit&quot;: {
          &quot;created&quot;: {
            &quot;date&quot;: &quot;2017-02-08T20:03:02.501Z&quot;
          },
          &quot;updated&quot;: {}
        },
        &quot;id&quot;: 43389,
        &quot;name&quot;: &quot;pTest ClientID AppPerf mxcrxhl&quot;,
        &quot;description&quot;: &quot;Application description&quot;,
        &quot;coreServicesId&quot;: &quot;2a176a055eaa4585a97d0c95134f5010&quot;,
        &quot;url&quot;: &quot;http://localhost:1234&quot;
      },
      &quot;apiVersionId&quot;: 2161,
      &quot;apiVersion&quot;: {
        &quot;audit&quot;: {
          &quot;created&quot;: {},
          &quot;updated&quot;: {}
        },
        &quot;id&quot;: 2161,
        &quot;apiId&quot;: 2053
      },
      &quot;partyId&quot;: &quot;&quot;,
      &quot;partyName&quot;: &quot;&quot;
    },
    {
      &quot;audit&quot;: {
        &quot;created&quot;: {
          &quot;date&quot;: &quot;2017-02-08T19:59:34.830Z&quot;
        },
        &quot;updated&quot;: {}
      },
      &quot;masterOrganizationId&quot;: &quot;5000db95-c5d4-487f-925e-3f82f15a5499&quot;,
      &quot;organizationId&quot;: &quot;5000db95-c5d4-487f-925e-3f82f15a5499&quot;,
      &quot;id&quot;: 30222,
      &quot;status&quot;: &quot;APPROVED&quot;,
      &quot;approvedDate&quot;: &quot;2017-02-08T19:59:34.867Z&quot;,
      &quot;applicationId&quot;: 43339,
      &quot;application&quot;: {
        &quot;audit&quot;: {
          &quot;created&quot;: {
            &quot;date&quot;: &quot;2017-02-08T19:59:32.703Z&quot;
          },
          &quot;updated&quot;: {}
        },
        &quot;id&quot;: 43339,
        &quot;name&quot;: &quot;pTest ClientID AppPerf mnpyldk&quot;,
        &quot;description&quot;: &quot;Application description&quot;,
        &quot;coreServicesId&quot;: &quot;e8fdd7e78c3d422097f18ac7bd10ab53&quot;,
        &quot;url&quot;: &quot;http://localhost:1234&quot;
      },
      &quot;apiVersionId&quot;: 2161,
      &quot;apiVersion&quot;: {
        &quot;audit&quot;: {
          &quot;created&quot;: {},
          &quot;updated&quot;: {}
        },
        &quot;id&quot;: 2161,
        &quot;apiId&quot;: 2053
      },
      &quot;partyId&quot;: &quot;&quot;,
      &quot;partyName&quot;: &quot;&quot;
    },
    {
      &quot;audit&quot;: {
        &quot;created&quot;: {
          &quot;date&quot;: &quot;2017-02-08T20:02:04.352Z&quot;
        },
        &quot;updated&quot;: {}
      },
      &quot;masterOrganizationId&quot;: &quot;5000db95-c5d4-487f-925e-3f82f15a5499&quot;,
      &quot;organizationId&quot;: &quot;5000db95-c5d4-487f-925e-3f82f15a5499&quot;,
      &quot;id&quot;: 30258,
      &quot;status&quot;: &quot;APPROVED&quot;,
      &quot;approvedDate&quot;: &quot;2017-02-08T20:02:04.404Z&quot;,
      &quot;applicationId&quot;: 43375,
      &quot;application&quot;: {
        &quot;audit&quot;: {
          &quot;created&quot;: {
            &quot;date&quot;: &quot;2017-02-08T20:02:02.242Z&quot;
          },
          &quot;updated&quot;: {}
        },
        &quot;id&quot;: 43375,
        &quot;name&quot;: &quot;pTest ClientID AppPerf mjewtud&quot;,
        &quot;description&quot;: &quot;Application description&quot;,
        &quot;coreServicesId&quot;: &quot;33bfea0d56f24177acec8515db7a581f&quot;,
        &quot;url&quot;: &quot;http://localhost:1234&quot;
      },
      &quot;apiVersionId&quot;: 2161,
      &quot;apiVersion&quot;: {
        &quot;audit&quot;: {
          &quot;created&quot;: {},
          &quot;updated&quot;: {}
        },
        &quot;id&quot;: 2161,
        &quot;apiId&quot;: 2053
      },
      &quot;partyId&quot;: &quot;&quot;,
      &quot;partyName&quot;: &quot;&quot;
    },
    {
      &quot;audit&quot;: {
        &quot;created&quot;: {
          &quot;date&quot;: &quot;2017-02-08T20:00:28.489Z&quot;
        },
        &quot;updated&quot;: {}
      },
      &quot;masterOrganizationId&quot;: &quot;5000db95-c5d4-487f-925e-3f82f15a5499&quot;,
      &quot;organizationId&quot;: &quot;5000db95-c5d4-487f-925e-3f82f15a5499&quot;,
      &quot;id&quot;: 30235,
      &quot;status&quot;: &quot;APPROVED&quot;,
      &quot;approvedDate&quot;: &quot;2017-02-08T20:00:28.526Z&quot;,
      &quot;applicationId&quot;: 43352,
      &quot;application&quot;: {
        &quot;audit&quot;: {
          &quot;created&quot;: {
            &quot;date&quot;: &quot;2017-02-08T20:00:26.387Z&quot;
          },
          &quot;updated&quot;: {}
        },
        &quot;id&quot;: 43352,
        &quot;name&quot;: &quot;pTest ClientID AppPerf mghxduu&quot;,
        &quot;description&quot;: &quot;Application description&quot;,
        &quot;coreServicesId&quot;: &quot;e18d63d677884d338f4bbba943545a89&quot;,
        &quot;url&quot;: &quot;http://localhost:1234&quot;
      },
      &quot;apiVersionId&quot;: 2161,
      &quot;apiVersion&quot;: {
        &quot;audit&quot;: {
          &quot;created&quot;: {},
          &quot;updated&quot;: {}
        },
        &quot;id&quot;: 2161,
        &quot;apiId&quot;: 2053
      },
      &quot;partyId&quot;: &quot;&quot;,
      &quot;partyName&quot;: &quot;&quot;
    },
    {
      &quot;audit&quot;: {
        &quot;created&quot;: {
          &quot;date&quot;: &quot;2017-02-08T19:58:12.711Z&quot;
        },
        &quot;updated&quot;: {}
      },
      &quot;masterOrganizationId&quot;: &quot;5000db95-c5d4-487f-925e-3f82f15a5499&quot;,
      &quot;organizationId&quot;: &quot;5000db95-c5d4-487f-925e-3f82f15a5499&quot;,
      &quot;id&quot;: 30202,
      &quot;status&quot;: &quot;APPROVED&quot;,
      &quot;approvedDate&quot;: &quot;2017-02-08T19:58:12.753Z&quot;,
      &quot;applicationId&quot;: 43319,
      &quot;application&quot;: {
        &quot;audit&quot;: {
          &quot;created&quot;: {
            &quot;date&quot;: &quot;2017-02-08T19:58:10.468Z&quot;
          },
          &quot;updated&quot;: {}
        },
        &quot;id&quot;: 43319,
        &quot;name&quot;: &quot;pTest ClientID AppPerf mbzshvb&quot;,
        &quot;description&quot;: &quot;Application description&quot;,
        &quot;coreServicesId&quot;: &quot;77c41dfa160b4063a14ef85434edc909&quot;,
        &quot;url&quot;: &quot;http://localhost:1234&quot;
      },
      &quot;apiVersionId&quot;: 2161,
      &quot;apiVersion&quot;: {
        &quot;audit&quot;: {
          &quot;created&quot;: {},
          &quot;updated&quot;: {}
        },
        &quot;id&quot;: 2161,
        &quot;apiId&quot;: 2053
      },
      &quot;partyId&quot;: &quot;&quot;,
      &quot;partyName&quot;: &quot;&quot;
    },
    {
      &quot;audit&quot;: {
        &quot;created&quot;: {
          &quot;date&quot;: &quot;2017-02-08T19:59:43.252Z&quot;
        },
        &quot;updated&quot;: {}
      },
      &quot;masterOrganizationId&quot;: &quot;5000db95-c5d4-487f-925e-3f82f15a5499&quot;,
      &quot;organizationId&quot;: &quot;5000db95-c5d4-487f-925e-3f82f15a5499&quot;,
      &quot;id&quot;: 30224,
      &quot;status&quot;: &quot;APPROVED&quot;,
      &quot;approvedDate&quot;: &quot;2017-02-08T19:59:43.293Z&quot;,
      &quot;applicationId&quot;: 43341,
      &quot;application&quot;: {
        &quot;audit&quot;: {
          &quot;created&quot;: {
            &quot;date&quot;: &quot;2017-02-08T19:59:41.113Z&quot;
          },
          &quot;updated&quot;: {}
        },
        &quot;id&quot;: 43341,
        &quot;name&quot;: &quot;pTest ClientID AppPerf lznjgob&quot;,
        &quot;description&quot;: &quot;Application description&quot;,
        &quot;coreServicesId&quot;: &quot;b81c96f055d3479784b5017a2df0c9da&quot;,
        &quot;url&quot;: &quot;http://localhost:1234&quot;
      },
      &quot;apiVersionId&quot;: 2161,
      &quot;apiVersion&quot;: {
        &quot;audit&quot;: {
          &quot;created&quot;: {},
          &quot;updated&quot;: {}
        },
        &quot;id&quot;: 2161,
        &quot;apiId&quot;: 2053
      },
      &quot;partyId&quot;: &quot;&quot;,
      &quot;partyName&quot;: &quot;&quot;
    },
    {
      &quot;audit&quot;: {
        &quot;created&quot;: {
          &quot;date&quot;: &quot;2017-02-08T20:01:18.325Z&quot;
        },
        &quot;updated&quot;: {}
      },
      &quot;masterOrganizationId&quot;: &quot;5000db95-c5d4-487f-925e-3f82f15a5499&quot;,
      &quot;organizationId&quot;: &quot;5000db95-c5d4-487f-925e-3f82f15a5499&quot;,
      &quot;id&quot;: 30247,
      &quot;status&quot;: &quot;APPROVED&quot;,
      &quot;approvedDate&quot;: &quot;2017-02-08T20:01:18.363Z&quot;,
      &quot;applicationId&quot;: 43364,
      &quot;application&quot;: {
        &quot;audit&quot;: {
          &quot;created&quot;: {
            &quot;date&quot;: &quot;2017-02-08T20:01:16.001Z&quot;
          },
          &quot;updated&quot;: {}
        },
        &quot;id&quot;: 43364,
        &quot;name&quot;: &quot;pTest ClientID AppPerf lttokum&quot;,
        &quot;description&quot;: &quot;Application description&quot;,
        &quot;coreServicesId&quot;: &quot;96eaa77d08474b01b7185879a7e5d39d&quot;,
        &quot;url&quot;: &quot;http://localhost:1234&quot;
      },
      &quot;apiVersionId&quot;: 2161,
      &quot;apiVersion&quot;: {
        &quot;audit&quot;: {
          &quot;created&quot;: {},
          &quot;updated&quot;: {}
        },
        &quot;id&quot;: 2161,
        &quot;apiId&quot;: 2053
      },
      &quot;partyId&quot;: &quot;&quot;,
      &quot;partyName&quot;: &quot;&quot;
    },
    {
      &quot;audit&quot;: {
        &quot;created&quot;: {
          &quot;date&quot;: &quot;2017-02-08T20:00:48.666Z&quot;
        },
        &quot;updated&quot;: {}
      },
      &quot;masterOrganizationId&quot;: &quot;5000db95-c5d4-487f-925e-3f82f15a5499&quot;,
      &quot;organizationId&quot;: &quot;5000db95-c5d4-487f-925e-3f82f15a5499&quot;,
      &quot;id&quot;: 30240,
      &quot;status&quot;: &quot;APPROVED&quot;,
      &quot;approvedDate&quot;: &quot;2017-02-08T20:00:48.719Z&quot;,
      &quot;applicationId&quot;: 43357,
      &quot;application&quot;: {
        &quot;audit&quot;: {
          &quot;created&quot;: {
            &quot;date&quot;: &quot;2017-02-08T20:00:46.515Z&quot;
          },
          &quot;updated&quot;: {}
        },
        &quot;id&quot;: 43357,
        &quot;name&quot;: &quot;pTest ClientID AppPerf lrpcrzh&quot;,
        &quot;description&quot;: &quot;Application description&quot;,
        &quot;coreServicesId&quot;: &quot;3e8dcf49b7dc42e5abe481a3e78519fa&quot;,
        &quot;url&quot;: &quot;http://localhost:1234&quot;
      },
      &quot;apiVersionId&quot;: 2161,
      &quot;apiVersion&quot;: {
        &quot;audit&quot;: {
          &quot;created&quot;: {},
          &quot;updated&quot;: {}
        },
        &quot;id&quot;: 2161,
        &quot;apiId&quot;: 2053
      },
      &quot;partyId&quot;: &quot;&quot;,
      &quot;partyName&quot;: &quot;&quot;
    },
    {
      &quot;audit&quot;: {
        &quot;created&quot;: {
          &quot;date&quot;: &quot;2017-02-08T19:59:13.800Z&quot;
        },
        &quot;updated&quot;: {}
      },
      &quot;masterOrganizationId&quot;: &quot;5000db95-c5d4-487f-925e-3f82f15a5499&quot;,
      &quot;organizationId&quot;: &quot;5000db95-c5d4-487f-925e-3f82f15a5499&quot;,
      &quot;id&quot;: 30217,
      &quot;status&quot;: &quot;APPROVED&quot;,
      &quot;approvedDate&quot;: &quot;2017-02-08T19:59:13.866Z&quot;,
      &quot;applicationId&quot;: 43334,
      &quot;application&quot;: {
        &quot;audit&quot;: {
          &quot;created&quot;: {
            &quot;date&quot;: &quot;2017-02-08T19:59:11.656Z&quot;
          },
          &quot;updated&quot;: {}
        },
        &quot;id&quot;: 43334,
        &quot;name&quot;: &quot;pTest ClientID AppPerf lgshble&quot;,
        &quot;description&quot;: &quot;Application description&quot;,
        &quot;coreServicesId&quot;: &quot;dbe4bbcaae4d4904bf85bdad05cd20d3&quot;,
        &quot;url&quot;: &quot;http://localhost:1234&quot;
      },
      &quot;apiVersionId&quot;: 2161,
      &quot;apiVersion&quot;: {
        &quot;audit&quot;: {
          &quot;created&quot;: {},
          &quot;updated&quot;: {}
        },
        &quot;id&quot;: 2161,
        &quot;apiId&quot;: 2053
      },
      &quot;partyId&quot;: &quot;&quot;,
      &quot;partyName&quot;: &quot;&quot;
    },
    {
      &quot;audit&quot;: {
        &quot;created&quot;: {
          &quot;date&quot;: &quot;2017-02-08T20:02:12.179Z&quot;
        },
        &quot;updated&quot;: {}
      },
      &quot;masterOrganizationId&quot;: &quot;5000db95-c5d4-487f-925e-3f82f15a5499&quot;,
      &quot;organizationId&quot;: &quot;5000db95-c5d4-487f-925e-3f82f15a5499&quot;,
      &quot;id&quot;: 30260,
      &quot;status&quot;: &quot;APPROVED&quot;,
      &quot;approvedDate&quot;: &quot;2017-02-08T20:02:12.234Z&quot;,
      &quot;applicationId&quot;: 43377,
      &quot;application&quot;: {
        &quot;audit&quot;: {
          &quot;created&quot;: {
            &quot;date&quot;: &quot;2017-02-08T20:02:10.050Z&quot;
          },
          &quot;updated&quot;: {}
        },
        &quot;id&quot;: 43377,
        &quot;name&quot;: &quot;pTest ClientID AppPerf lbzvddl&quot;,
        &quot;description&quot;: &quot;Application description&quot;,
        &quot;coreServicesId&quot;: &quot;83b986ff9f1f44e0a4edb055777bb85c&quot;,
        &quot;url&quot;: &quot;http://localhost:1234&quot;
      },
      &quot;apiVersionId&quot;: 2161,
      &quot;apiVersion&quot;: {
        &quot;audit&quot;: {
          &quot;created&quot;: {},
          &quot;updated&quot;: {}
        },
        &quot;id&quot;: 2161,
        &quot;apiId&quot;: 2053
      },
      &quot;partyId&quot;: &quot;&quot;,
      &quot;partyName&quot;: &quot;&quot;
    },
    {
      &quot;audit&quot;: {
        &quot;created&quot;: {
          &quot;date&quot;: &quot;2017-02-08T20:02:32.417Z&quot;
        },
        &quot;updated&quot;: {}
      },
      &quot;masterOrganizationId&quot;: &quot;5000db95-c5d4-487f-925e-3f82f15a5499&quot;,
      &quot;organizationId&quot;: &quot;5000db95-c5d4-487f-925e-3f82f15a5499&quot;,
      &quot;id&quot;: 30265,
      &quot;status&quot;: &quot;APPROVED&quot;,
      &quot;approvedDate&quot;: &quot;2017-02-08T20:02:32.474Z&quot;,
      &quot;applicationId&quot;: 43382,
      &quot;application&quot;: {
        &quot;audit&quot;: {
          &quot;created&quot;: {
            &quot;date&quot;: &quot;2017-02-08T20:02:30.137Z&quot;
          },
          &quot;updated&quot;: {}
        },
        &quot;id&quot;: 43382,
        &quot;name&quot;: &quot;pTest ClientID AppPerf kvfwuxb&quot;,
        &quot;description&quot;: &quot;Application description&quot;,
        &quot;coreServicesId&quot;: &quot;8efb45acb6db411884a423ef2ec14290&quot;,
        &quot;url&quot;: &quot;http://localhost:1234&quot;
      },
      &quot;apiVersionId&quot;: 2161,
      &quot;apiVersion&quot;: {
        &quot;audit&quot;: {
          &quot;created&quot;: {},
          &quot;updated&quot;: {}
        },
        &quot;id&quot;: 2161,
        &quot;apiId&quot;: 2053
      },
      &quot;partyId&quot;: &quot;&quot;,
      &quot;partyName&quot;: &quot;&quot;
    },
    {
      &quot;audit&quot;: {
        &quot;created&quot;: {
          &quot;date&quot;: &quot;2017-02-08T20:00:12.245Z&quot;
        },
        &quot;updated&quot;: {}
      },
      &quot;masterOrganizationId&quot;: &quot;5000db95-c5d4-487f-925e-3f82f15a5499&quot;,
      &quot;organizationId&quot;: &quot;5000db95-c5d4-487f-925e-3f82f15a5499&quot;,
      &quot;id&quot;: 30231,
      &quot;status&quot;: &quot;APPROVED&quot;,
      &quot;approvedDate&quot;: &quot;2017-02-08T20:00:12.295Z&quot;,
      &quot;applicationId&quot;: 43348,
      &quot;application&quot;: {
        &quot;audit&quot;: {
          &quot;created&quot;: {
            &quot;date&quot;: &quot;2017-02-08T20:00:10.103Z&quot;
          },
          &quot;updated&quot;: {}
        },
        &quot;id&quot;: 43348,
        &quot;name&quot;: &quot;pTest ClientID AppPerf kimtjfa&quot;,
        &quot;description&quot;: &quot;Application description&quot;,
        &quot;coreServicesId&quot;: &quot;d90333c8fa8b4319aea7c45ac4577918&quot;,
        &quot;url&quot;: &quot;http://localhost:1234&quot;
      },
      &quot;apiVersionId&quot;: 2161,
      &quot;apiVersion&quot;: {
        &quot;audit&quot;: {
          &quot;created&quot;: {},
          &quot;updated&quot;: {}
        },
        &quot;id&quot;: 2161,
        &quot;apiId&quot;: 2053
      },
      &quot;partyId&quot;: &quot;&quot;,
      &quot;partyName&quot;: &quot;&quot;
    },
    {
      &quot;audit&quot;: {
        &quot;created&quot;: {
          &quot;date&quot;: &quot;2017-02-08T19:57:35.556Z&quot;
        },
        &quot;updated&quot;: {}
      },
      &quot;masterOrganizationId&quot;: &quot;5000db95-c5d4-487f-925e-3f82f15a5499&quot;,
      &quot;organizationId&quot;: &quot;5000db95-c5d4-487f-925e-3f82f15a5499&quot;,
      &quot;id&quot;: 30193,
      &quot;status&quot;: &quot;APPROVED&quot;,
      &quot;approvedDate&quot;: &quot;2017-02-08T19:57:35.594Z&quot;,
      &quot;applicationId&quot;: 43310,
      &quot;application&quot;: {
        &quot;audit&quot;: {
          &quot;created&quot;: {
            &quot;date&quot;: &quot;2017-02-08T19:57:33.350Z&quot;
          },
          &quot;updated&quot;: {}
        },
        &quot;id&quot;: 43310,
        &quot;name&quot;: &quot;pTest ClientID AppPerf kgaobdf&quot;,
        &quot;description&quot;: &quot;Application description&quot;,
        &quot;coreServicesId&quot;: &quot;ec731f21f15c49f599f5961e6cc1bf92&quot;,
        &quot;url&quot;: &quot;http://localhost:1234&quot;
      },
      &quot;apiVersionId&quot;: 2161,
      &quot;apiVersion&quot;: {
        &quot;audit&quot;: {
          &quot;created&quot;: {},
          &quot;updated&quot;: {}
        },
        &quot;id&quot;: 2161,
        &quot;apiId&quot;: 2053
      },
      &quot;partyId&quot;: &quot;&quot;,
      &quot;partyName&quot;: &quot;&quot;
    },
    {
      &quot;audit&quot;: {
        &quot;created&quot;: {
          &quot;date&quot;: &quot;2017-02-08T20:02:00.335Z&quot;
        },
        &quot;updated&quot;: {}
      },
      &quot;masterOrganizationId&quot;: &quot;5000db95-c5d4-487f-925e-3f82f15a5499&quot;,
      &quot;organizationId&quot;: &quot;5000db95-c5d4-487f-925e-3f82f15a5499&quot;,
      &quot;id&quot;: 30257,
      &quot;status&quot;: &quot;APPROVED&quot;,
      &quot;approvedDate&quot;: &quot;2017-02-08T20:02:00.375Z&quot;,
      &quot;applicationId&quot;: 43374,
      &quot;application&quot;: {
        &quot;audit&quot;: {
          &quot;created&quot;: {
            &quot;date&quot;: &quot;2017-02-08T20:01:58.193Z&quot;
          },
          &quot;updated&quot;: {}
        },
        &quot;id&quot;: 43374,
        &quot;name&quot;: &quot;pTest ClientID AppPerf kepszhc&quot;,
        &quot;description&quot;: &quot;Application description&quot;,
        &quot;coreServicesId&quot;: &quot;e1c1681a17b44fb5967e20155a5965d5&quot;,
        &quot;url&quot;: &quot;http://localhost:1234&quot;
      },
      &quot;apiVersionId&quot;: 2161,
      &quot;apiVersion&quot;: {
        &quot;audit&quot;: {
          &quot;created&quot;: {},
          &quot;updated&quot;: {}
        },
        &quot;id&quot;: 2161,
        &quot;apiId&quot;: 2053
      },
      &quot;partyId&quot;: &quot;&quot;,
      &quot;partyName&quot;: &quot;&quot;
    },
    {
      &quot;audit&quot;: {
        &quot;created&quot;: {
          &quot;date&quot;: &quot;2017-02-08T20:00:24.573Z&quot;
        },
        &quot;updated&quot;: {}
      },
      &quot;masterOrganizationId&quot;: &quot;5000db95-c5d4-487f-925e-3f82f15a5499&quot;,
      &quot;organizationId&quot;: &quot;5000db95-c5d4-487f-925e-3f82f15a5499&quot;,
      &quot;id&quot;: 30234,
      &quot;status&quot;: &quot;APPROVED&quot;,
      &quot;approvedDate&quot;: &quot;2017-02-08T20:00:24.630Z&quot;,
      &quot;applicationId&quot;: 43351,
      &quot;application&quot;: {
        &quot;audit&quot;: {
          &quot;created&quot;: {
            &quot;date&quot;: &quot;2017-02-08T20:00:22.115Z&quot;
          },
          &quot;updated&quot;: {}
        },
        &quot;id&quot;: 43351,
        &quot;name&quot;: &quot;pTest ClientID AppPerf jxrhywu&quot;,
        &quot;description&quot;: &quot;Application description&quot;,
        &quot;coreServicesId&quot;: &quot;012713f321614f6b842cf0d71c52873e&quot;,
        &quot;url&quot;: &quot;http://localhost:1234&quot;
      },
      &quot;apiVersionId&quot;: 2161,
      &quot;apiVersion&quot;: {
        &quot;audit&quot;: {
          &quot;created&quot;: {},
          &quot;updated&quot;: {}
        },
        &quot;id&quot;: 2161,
        &quot;apiId&quot;: 2053
      },
      &quot;partyId&quot;: &quot;&quot;,
      &quot;partyName&quot;: &quot;&quot;
    },
    {
      &quot;audit&quot;: {
        &quot;created&quot;: {
          &quot;date&quot;: &quot;2017-02-08T19:57:40.085Z&quot;
        },
        &quot;updated&quot;: {}
      },
      &quot;masterOrganizationId&quot;: &quot;5000db95-c5d4-487f-925e-3f82f15a5499&quot;,
      &quot;organizationId&quot;: &quot;5000db95-c5d4-487f-925e-3f82f15a5499&quot;,
      &quot;id&quot;: 30194,
      &quot;status&quot;: &quot;APPROVED&quot;,
      &quot;approvedDate&quot;: &quot;2017-02-08T19:57:40.173Z&quot;,
      &quot;applicationId&quot;: 43311,
      &quot;application&quot;: {
        &quot;audit&quot;: {
          &quot;created&quot;: {
            &quot;date&quot;: &quot;2017-02-08T19:57:37.833Z&quot;
          },
          &quot;updated&quot;: {}
        },
        &quot;id&quot;: 43311,
        &quot;name&quot;: &quot;pTest ClientID AppPerf jbrzygl&quot;,
        &quot;description&quot;: &quot;Application description&quot;,
        &quot;coreServicesId&quot;: &quot;438e8b59f1424d5ea784775108dd79f6&quot;,
        &quot;url&quot;: &quot;http://localhost:1234&quot;
      },
      &quot;apiVersionId&quot;: 2161,
      &quot;apiVersion&quot;: {
        &quot;audit&quot;: {
          &quot;created&quot;: {},
          &quot;updated&quot;: {}
        },
        &quot;id&quot;: 2161,
        &quot;apiId&quot;: 2053
      },
      &quot;partyId&quot;: &quot;&quot;,
      &quot;partyName&quot;: &quot;&quot;
    },
    {
      &quot;audit&quot;: {
        &quot;created&quot;: {
          &quot;date&quot;: &quot;2017-02-08T19:59:30.854Z&quot;
        },
        &quot;updated&quot;: {}
      },
      &quot;masterOrganizationId&quot;: &quot;5000db95-c5d4-487f-925e-3f82f15a5499&quot;,
      &quot;organizationId&quot;: &quot;5000db95-c5d4-487f-925e-3f82f15a5499&quot;,
      &quot;id&quot;: 30221,
      &quot;status&quot;: &quot;APPROVED&quot;,
      &quot;approvedDate&quot;: &quot;2017-02-08T19:59:30.884Z&quot;,
      &quot;applicationId&quot;: 43338,
      &quot;application&quot;: {
        &quot;audit&quot;: {
          &quot;created&quot;: {
            &quot;date&quot;: &quot;2017-02-08T19:59:28.673Z&quot;
          },
          &quot;updated&quot;: {}
        },
        &quot;id&quot;: 43338,
        &quot;name&quot;: &quot;pTest ClientID AppPerf izzpxge&quot;,
        &quot;description&quot;: &quot;Application description&quot;,
        &quot;coreServicesId&quot;: &quot;909605a9f8d54feaa98e5f38fd6eed98&quot;,
        &quot;url&quot;: &quot;http://localhost:1234&quot;
      },
      &quot;apiVersionId&quot;: 2161,
      &quot;apiVersion&quot;: {
        &quot;audit&quot;: {
          &quot;created&quot;: {},
          &quot;updated&quot;: {}
        },
        &quot;id&quot;: 2161,
        &quot;apiId&quot;: 2053
      },
      &quot;partyId&quot;: &quot;&quot;,
      &quot;partyName&quot;: &quot;&quot;
    },
    {
      &quot;audit&quot;: {
        &quot;created&quot;: {
          &quot;date&quot;: &quot;2017-02-08T19:57:27.362Z&quot;
        },
        &quot;updated&quot;: {}
      },
      &quot;masterOrganizationId&quot;: &quot;5000db95-c5d4-487f-925e-3f82f15a5499&quot;,
      &quot;organizationId&quot;: &quot;5000db95-c5d4-487f-925e-3f82f15a5499&quot;,
      &quot;id&quot;: 30191,
      &quot;status&quot;: &quot;APPROVED&quot;,
      &quot;approvedDate&quot;: &quot;2017-02-08T19:57:27.424Z&quot;,
      &quot;applicationId&quot;: 43308,
      &quot;application&quot;: {
        &quot;audit&quot;: {
          &quot;created&quot;: {
            &quot;date&quot;: &quot;2017-02-08T19:57:25.052Z&quot;
          },
          &quot;updated&quot;: {}
        },
        &quot;id&quot;: 43308,
        &quot;name&quot;: &quot;pTest ClientID AppPerf ixzozgq&quot;,
        &quot;description&quot;: &quot;Application description&quot;,
        &quot;coreServicesId&quot;: &quot;11cba647116f4cf996ef8db861e81c15&quot;,
        &quot;url&quot;: &quot;http://localhost:1234&quot;
      },
      &quot;apiVersionId&quot;: 2161,
      &quot;apiVersion&quot;: {
        &quot;audit&quot;: {
          &quot;created&quot;: {},
          &quot;updated&quot;: {}
        },
        &quot;id&quot;: 2161,
        &quot;apiId&quot;: 2053
      },
      &quot;partyId&quot;: &quot;&quot;,
      &quot;partyName&quot;: &quot;&quot;
    },
    {
      &quot;audit&quot;: {
        &quot;created&quot;: {
          &quot;date&quot;: &quot;2017-02-08T19:57:56.504Z&quot;
        },
        &quot;updated&quot;: {}
      },
      &quot;masterOrganizationId&quot;: &quot;5000db95-c5d4-487f-925e-3f82f15a5499&quot;,
      &quot;organizationId&quot;: &quot;5000db95-c5d4-487f-925e-3f82f15a5499&quot;,
      &quot;id&quot;: 30198,
      &quot;status&quot;: &quot;APPROVED&quot;,
      &quot;approvedDate&quot;: &quot;2017-02-08T19:57:56.540Z&quot;,
      &quot;applicationId&quot;: 43315,
      &quot;application&quot;: {
        &quot;audit&quot;: {
          &quot;created&quot;: {
            &quot;date&quot;: &quot;2017-02-08T19:57:54.362Z&quot;
          },
          &quot;updated&quot;: {}
        },
        &quot;id&quot;: 43315,
        &quot;name&quot;: &quot;pTest ClientID AppPerf ivsfjro&quot;,
        &quot;description&quot;: &quot;Application description&quot;,
        &quot;coreServicesId&quot;: &quot;eeae040595c948abbd8c43f9d39c2564&quot;,
        &quot;url&quot;: &quot;http://localhost:1234&quot;
      },
      &quot;apiVersionId&quot;: 2161,
      &quot;apiVersion&quot;: {
        &quot;audit&quot;: {
          &quot;created&quot;: {},
          &quot;updated&quot;: {}
        },
        &quot;id&quot;: 2161,
        &quot;apiId&quot;: 2053
      },
      &quot;partyId&quot;: &quot;&quot;,
      &quot;partyName&quot;: &quot;&quot;
    },
    {
      &quot;audit&quot;: {
        &quot;created&quot;: {
          &quot;date&quot;: &quot;2017-02-08T20:00:56.443Z&quot;
        },
        &quot;updated&quot;: {}
      },
      &quot;masterOrganizationId&quot;: &quot;5000db95-c5d4-487f-925e-3f82f15a5499&quot;,
      &quot;organizationId&quot;: &quot;5000db95-c5d4-487f-925e-3f82f15a5499&quot;,
      &quot;id&quot;: 30242,
      &quot;status&quot;: &quot;APPROVED&quot;,
      &quot;approvedDate&quot;: &quot;2017-02-08T20:00:56.486Z&quot;,
      &quot;applicationId&quot;: 43359,
      &quot;application&quot;: {
        &quot;audit&quot;: {
          &quot;created&quot;: {
            &quot;date&quot;: &quot;2017-02-08T20:00:54.287Z&quot;
          },
          &quot;updated&quot;: {}
        },
        &quot;id&quot;: 43359,
        &quot;name&quot;: &quot;pTest ClientID AppPerf itwfoek&quot;,
        &quot;description&quot;: &quot;Application description&quot;,
        &quot;coreServicesId&quot;: &quot;13ae42ca84ad45d09d002c1c588b8ab6&quot;,
        &quot;url&quot;: &quot;http://localhost:1234&quot;
      },
      &quot;apiVersionId&quot;: 2161,
      &quot;apiVersion&quot;: {
        &quot;audit&quot;: {
          &quot;created&quot;: {},
          &quot;updated&quot;: {}
        },
        &quot;id&quot;: 2161,
        &quot;apiId&quot;: 2053
      },
      &quot;partyId&quot;: &quot;&quot;,
      &quot;partyName&quot;: &quot;&quot;
    },
    {
      &quot;audit&quot;: {
        &quot;created&quot;: {
          &quot;date&quot;: &quot;2017-02-08T20:03:00.678Z&quot;
        },
        &quot;updated&quot;: {}
      },
      &quot;masterOrganizationId&quot;: &quot;5000db95-c5d4-487f-925e-3f82f15a5499&quot;,
      &quot;organizationId&quot;: &quot;5000db95-c5d4-487f-925e-3f82f15a5499&quot;,
      &quot;id&quot;: 30271,
      &quot;status&quot;: &quot;APPROVED&quot;,
      &quot;approvedDate&quot;: &quot;2017-02-08T20:03:00.726Z&quot;,
      &quot;applicationId&quot;: 43388,
      &quot;application&quot;: {
        &quot;audit&quot;: {
          &quot;created&quot;: {
            &quot;date&quot;: &quot;2017-02-08T20:02:58.634Z&quot;
          },
          &quot;updated&quot;: {}
        },
        &quot;id&quot;: 43388,
        &quot;name&quot;: &quot;pTest ClientID AppPerf iozrbos&quot;,
        &quot;description&quot;: &quot;Application description&quot;,
        &quot;coreServicesId&quot;: &quot;ba865c710c394cd39818576f530851e9&quot;,
        &quot;url&quot;: &quot;http://localhost:1234&quot;
      },
      &quot;apiVersionId&quot;: 2161,
      &quot;apiVersion&quot;: {
        &quot;audit&quot;: {
          &quot;created&quot;: {},
          &quot;updated&quot;: {}
        },
        &quot;id&quot;: 2161,
        &quot;apiId&quot;: 2053
      },
      &quot;partyId&quot;: &quot;&quot;,
      &quot;partyName&quot;: &quot;&quot;
    },
    {
      &quot;audit&quot;: {
        &quot;created&quot;: {
          &quot;date&quot;: &quot;2017-02-08T20:01:34.182Z&quot;
        },
        &quot;updated&quot;: {}
      },
      &quot;masterOrganizationId&quot;: &quot;5000db95-c5d4-487f-925e-3f82f15a5499&quot;,
      &quot;organizationId&quot;: &quot;5000db95-c5d4-487f-925e-3f82f15a5499&quot;,
      &quot;id&quot;: 30251,
      &quot;status&quot;: &quot;APPROVED&quot;,
      &quot;approvedDate&quot;: &quot;2017-02-08T20:01:34.240Z&quot;,
      &quot;applicationId&quot;: 43368,
      &quot;application&quot;: {
        &quot;audit&quot;: {
          &quot;created&quot;: {
            &quot;date&quot;: &quot;2017-02-08T20:01:32.195Z&quot;
          },
          &quot;updated&quot;: {}
        },
        &quot;id&quot;: 43368,
        &quot;name&quot;: &quot;pTest ClientID AppPerf imuaohm&quot;,
        &quot;description&quot;: &quot;Application description&quot;,
        &quot;coreServicesId&quot;: &quot;3b39a95651d94bbdbe86996fe82d7ce1&quot;,
        &quot;url&quot;: &quot;http://localhost:1234&quot;
      },
      &quot;apiVersionId&quot;: 2161,
      &quot;apiVersion&quot;: {
        &quot;audit&quot;: {
          &quot;created&quot;: {},
          &quot;updated&quot;: {}
        },
        &quot;id&quot;: 2161,
        &quot;apiId&quot;: 2053
      },
      &quot;partyId&quot;: &quot;&quot;,
      &quot;partyName&quot;: &quot;&quot;
    },
    {
      &quot;audit&quot;: {
        &quot;created&quot;: {
          &quot;date&quot;: &quot;2017-02-08T20:03:29.727Z&quot;
        },
        &quot;updated&quot;: {}
      },
      &quot;masterOrganizationId&quot;: &quot;5000db95-c5d4-487f-925e-3f82f15a5499&quot;,
      &quot;organizationId&quot;: &quot;5000db95-c5d4-487f-925e-3f82f15a5499&quot;,
      &quot;id&quot;: 30277,
      &quot;status&quot;: &quot;APPROVED&quot;,
      &quot;approvedDate&quot;: &quot;2017-02-08T20:03:29.817Z&quot;,
      &quot;applicationId&quot;: 43394,
      &quot;application&quot;: {
        &quot;audit&quot;: {
          &quot;created&quot;: {
            &quot;date&quot;: &quot;2017-02-08T20:03:27.547Z&quot;
          },
          &quot;updated&quot;: {}
        },
        &quot;id&quot;: 43394,
        &quot;name&quot;: &quot;pTest ClientID AppPerf hyuxrnb&quot;,
        &quot;description&quot;: &quot;Application description&quot;,
        &quot;coreServicesId&quot;: &quot;c4fc29389076428bb99e9f0d06496d54&quot;,
        &quot;url&quot;: &quot;http://localhost:1234&quot;
      },
      &quot;apiVersionId&quot;: 2161,
      &quot;apiVersion&quot;: {
        &quot;audit&quot;: {
          &quot;created&quot;: {},
          &quot;updated&quot;: {}
        },
        &quot;id&quot;: 2161,
        &quot;apiId&quot;: 2053
      },
      &quot;partyId&quot;: &quot;&quot;,
      &quot;partyName&quot;: &quot;&quot;
    },
    {
      &quot;audit&quot;: {
        &quot;created&quot;: {
          &quot;date&quot;: &quot;2017-02-08T20:03:42.463Z&quot;
        },
        &quot;updated&quot;: {}
      },
      &quot;masterOrganizationId&quot;: &quot;5000db95-c5d4-487f-925e-3f82f15a5499&quot;,
      &quot;organizationId&quot;: &quot;5000db95-c5d4-487f-925e-3f82f15a5499&quot;,
      &quot;id&quot;: 30280,
      &quot;status&quot;: &quot;APPROVED&quot;,
      &quot;approvedDate&quot;: &quot;2017-02-08T20:03:42.506Z&quot;,
      &quot;applicationId&quot;: 43397,
      &quot;application&quot;: {
        &quot;audit&quot;: {
          &quot;created&quot;: {
            &quot;date&quot;: &quot;2017-02-08T20:03:39.703Z&quot;
          },
          &quot;updated&quot;: {}
        },
        &quot;id&quot;: 43397,
        &quot;name&quot;: &quot;pTest ClientID AppPerf hxvdwqm&quot;,
        &quot;description&quot;: &quot;Application description&quot;,
        &quot;coreServicesId&quot;: &quot;beacb06d20d843bab2c6eace47a13e5e&quot;,
        &quot;url&quot;: &quot;http://localhost:1234&quot;
      },
      &quot;apiVersionId&quot;: 2161,
      &quot;apiVersion&quot;: {
        &quot;audit&quot;: {
          &quot;created&quot;: {},
          &quot;updated&quot;: {}
        },
        &quot;id&quot;: 2161,
        &quot;apiId&quot;: 2053
      },
      &quot;partyId&quot;: &quot;&quot;,
      &quot;partyName&quot;: &quot;&quot;
    },
    {
      &quot;audit&quot;: {
        &quot;created&quot;: {
          &quot;date&quot;: &quot;2017-02-08T19:58:08.582Z&quot;
        },
        &quot;updated&quot;: {}
      },
      &quot;masterOrganizationId&quot;: &quot;5000db95-c5d4-487f-925e-3f82f15a5499&quot;,
      &quot;organizationId&quot;: &quot;5000db95-c5d4-487f-925e-3f82f15a5499&quot;,
      &quot;id&quot;: 30201,
      &quot;status&quot;: &quot;APPROVED&quot;,
      &quot;approvedDate&quot;: &quot;2017-02-08T19:58:08.628Z&quot;,
      &quot;applicationId&quot;: 43318,
      &quot;application&quot;: {
        &quot;audit&quot;: {
          &quot;created&quot;: {
            &quot;date&quot;: &quot;2017-02-08T19:58:06.479Z&quot;
          },
          &quot;updated&quot;: {}
        },
        &quot;id&quot;: 43318,
        &quot;name&quot;: &quot;pTest ClientID AppPerf hspimab&quot;,
        &quot;description&quot;: &quot;Application description&quot;,
        &quot;coreServicesId&quot;: &quot;6ea16c9cc5db4be6aa086c0866311fca&quot;,
        &quot;url&quot;: &quot;http://localhost:1234&quot;
      },
      &quot;apiVersionId&quot;: 2161,
      &quot;apiVersion&quot;: {
        &quot;audit&quot;: {
          &quot;created&quot;: {},
          &quot;updated&quot;: {}
        },
        &quot;id&quot;: 2161,
        &quot;apiId&quot;: 2053
      },
      &quot;partyId&quot;: &quot;&quot;,
      &quot;partyName&quot;: &quot;&quot;
    },
    {
      &quot;audit&quot;: {
        &quot;created&quot;: {
          &quot;date&quot;: &quot;2017-02-08T20:02:56.778Z&quot;
        },
        &quot;updated&quot;: {}
      },
      &quot;masterOrganizationId&quot;: &quot;5000db95-c5d4-487f-925e-3f82f15a5499&quot;,
      &quot;organizationId&quot;: &quot;5000db95-c5d4-487f-925e-3f82f15a5499&quot;,
      &quot;id&quot;: 30270,
      &quot;status&quot;: &quot;APPROVED&quot;,
      &quot;approvedDate&quot;: &quot;2017-02-08T20:02:56.835Z&quot;,
      &quot;applicationId&quot;: 43387,
      &quot;application&quot;: {
        &quot;audit&quot;: {
          &quot;created&quot;: {
            &quot;date&quot;: &quot;2017-02-08T20:02:54.624Z&quot;
          },
          &quot;updated&quot;: {}
        },
        &quot;id&quot;: 43387,
        &quot;name&quot;: &quot;pTest ClientID AppPerf hrifxsp&quot;,
        &quot;description&quot;: &quot;Application description&quot;,
        &quot;coreServicesId&quot;: &quot;3f632065a1e34d438f0341b089d95d1d&quot;,
        &quot;url&quot;: &quot;http://localhost:1234&quot;
      },
      &quot;apiVersionId&quot;: 2161,
      &quot;apiVersion&quot;: {
        &quot;audit&quot;: {
          &quot;created&quot;: {},
          &quot;updated&quot;: {}
        },
        &quot;id&quot;: 2161,
        &quot;apiId&quot;: 2053
      },
      &quot;partyId&quot;: &quot;&quot;,
      &quot;partyName&quot;: &quot;&quot;
    },
    {
      &quot;audit&quot;: {
        &quot;created&quot;: {
          &quot;date&quot;: &quot;2017-02-08T19:58:53.746Z&quot;
        },
        &quot;updated&quot;: {}
      },
      &quot;masterOrganizationId&quot;: &quot;5000db95-c5d4-487f-925e-3f82f15a5499&quot;,
      &quot;organizationId&quot;: &quot;5000db95-c5d4-487f-925e-3f82f15a5499&quot;,
      &quot;id&quot;: 30212,
      &quot;status&quot;: &quot;APPROVED&quot;,
      &quot;approvedDate&quot;: &quot;2017-02-08T19:58:53.790Z&quot;,
      &quot;applicationId&quot;: 43329,
      &quot;application&quot;: {
        &quot;audit&quot;: {
          &quot;created&quot;: {
            &quot;date&quot;: &quot;2017-02-08T19:58:51.549Z&quot;
          },
          &quot;updated&quot;: {}
        },
        &quot;id&quot;: 43329,
        &quot;name&quot;: &quot;pTest ClientID AppPerf hjfmcpy&quot;,
        &quot;description&quot;: &quot;Application description&quot;,
        &quot;coreServicesId&quot;: &quot;5bb974128619487c93c721561b656cc2&quot;,
        &quot;url&quot;: &quot;http://localhost:1234&quot;
      },
      &quot;apiVersionId&quot;: 2161,
      &quot;apiVersion&quot;: {
        &quot;audit&quot;: {
          &quot;created&quot;: {},
          &quot;updated&quot;: {}
        },
        &quot;id&quot;: 2161,
        &quot;apiId&quot;: 2053
      },
      &quot;partyId&quot;: &quot;&quot;,
      &quot;partyName&quot;: &quot;&quot;
    },
    {
      &quot;audit&quot;: {
        &quot;created&quot;: {
          &quot;date&quot;: &quot;2017-02-08T19:59:22.736Z&quot;
        },
        &quot;updated&quot;: {}
      },
      &quot;masterOrganizationId&quot;: &quot;5000db95-c5d4-487f-925e-3f82f15a5499&quot;,
      &quot;organizationId&quot;: &quot;5000db95-c5d4-487f-925e-3f82f15a5499&quot;,
      &quot;id&quot;: 30219,
      &quot;status&quot;: &quot;APPROVED&quot;,
      &quot;approvedDate&quot;: &quot;2017-02-08T19:59:22.788Z&quot;,
      &quot;applicationId&quot;: 43336,
      &quot;application&quot;: {
        &quot;audit&quot;: {
          &quot;created&quot;: {
            &quot;date&quot;: &quot;2017-02-08T19:59:19.709Z&quot;
          },
          &quot;updated&quot;: {}
        },
        &quot;id&quot;: 43336,
        &quot;name&quot;: &quot;pTest ClientID AppPerf hivqfhn&quot;,
        &quot;description&quot;: &quot;Application description&quot;,
        &quot;coreServicesId&quot;: &quot;7a61dd8ee7dc4b54afa2cfe9b43f5384&quot;,
        &quot;url&quot;: &quot;http://localhost:1234&quot;
      },
      &quot;apiVersionId&quot;: 2161,
      &quot;apiVersion&quot;: {
        &quot;audit&quot;: {
          &quot;created&quot;: {},
          &quot;updated&quot;: {}
        },
        &quot;id&quot;: 2161,
        &quot;apiId&quot;: 2053
      },
      &quot;partyId&quot;: &quot;&quot;,
      &quot;partyName&quot;: &quot;&quot;
    },
    {
      &quot;audit&quot;: {
        &quot;created&quot;: {
          &quot;date&quot;: &quot;2017-02-08T20:01:30.247Z&quot;
        },
        &quot;updated&quot;: {}
      },
      &quot;masterOrganizationId&quot;: &quot;5000db95-c5d4-487f-925e-3f82f15a5499&quot;,
      &quot;organizationId&quot;: &quot;5000db95-c5d4-487f-925e-3f82f15a5499&quot;,
      &quot;id&quot;: 30250,
      &quot;status&quot;: &quot;APPROVED&quot;,
      &quot;approvedDate&quot;: &quot;2017-02-08T20:01:30.282Z&quot;,
      &quot;applicationId&quot;: 43367,
      &quot;application&quot;: {
        &quot;audit&quot;: {
          &quot;created&quot;: {
            &quot;date&quot;: &quot;2017-02-08T20:01:28.194Z&quot;
          },
          &quot;updated&quot;: {}
        },
        &quot;id&quot;: 43367,
        &quot;name&quot;: &quot;pTest ClientID AppPerf hinkmar&quot;,
        &quot;description&quot;: &quot;Application description&quot;,
        &quot;coreServicesId&quot;: &quot;9d9123f24d7f4d2a965fbcf8a6511b83&quot;,
        &quot;url&quot;: &quot;http://localhost:1234&quot;
      },
      &quot;apiVersionId&quot;: 2161,
      &quot;apiVersion&quot;: {
        &quot;audit&quot;: {
          &quot;created&quot;: {},
          &quot;updated&quot;: {}
        },
        &quot;id&quot;: 2161,
        &quot;apiId&quot;: 2053
      },
      &quot;partyId&quot;: &quot;&quot;,
      &quot;partyName&quot;: &quot;&quot;
    },
    {
      &quot;audit&quot;: {
        &quot;created&quot;: {
          &quot;date&quot;: &quot;2017-02-08T20:03:25.586Z&quot;
        },
        &quot;updated&quot;: {}
      },
      &quot;masterOrganizationId&quot;: &quot;5000db95-c5d4-487f-925e-3f82f15a5499&quot;,
      &quot;organizationId&quot;: &quot;5000db95-c5d4-487f-925e-3f82f15a5499&quot;,
      &quot;id&quot;: 30276,
      &quot;status&quot;: &quot;APPROVED&quot;,
      &quot;approvedDate&quot;: &quot;2017-02-08T20:03:25.631Z&quot;,
      &quot;applicationId&quot;: 43393,
      &quot;application&quot;: {
        &quot;audit&quot;: {
          &quot;created&quot;: {
            &quot;date&quot;: &quot;2017-02-08T20:03:23.438Z&quot;
          },
          &quot;updated&quot;: {}
        },
        &quot;id&quot;: 43393,
        &quot;name&quot;: &quot;pTest ClientID AppPerf guqvygm&quot;,
        &quot;description&quot;: &quot;Application description&quot;,
        &quot;coreServicesId&quot;: &quot;30a94976e611451fbed0b9663b32f74b&quot;,
        &quot;url&quot;: &quot;http://localhost:1234&quot;
      },
      &quot;apiVersionId&quot;: 2161,
      &quot;apiVersion&quot;: {
        &quot;audit&quot;: {
          &quot;created&quot;: {},
          &quot;updated&quot;: {}
        },
        &quot;id&quot;: 2161,
        &quot;apiId&quot;: 2053
      },
      &quot;partyId&quot;: &quot;&quot;,
      &quot;partyName&quot;: &quot;&quot;
    },
    {
      &quot;audit&quot;: {
        &quot;created&quot;: {
          &quot;date&quot;: &quot;2017-02-08T19:57:10.616Z&quot;
        },
        &quot;updated&quot;: {}
      },
      &quot;masterOrganizationId&quot;: &quot;5000db95-c5d4-487f-925e-3f82f15a5499&quot;,
      &quot;organizationId&quot;: &quot;5000db95-c5d4-487f-925e-3f82f15a5499&quot;,
      &quot;id&quot;: 30187,
      &quot;status&quot;: &quot;APPROVED&quot;,
      &quot;approvedDate&quot;: &quot;2017-02-08T19:57:10.679Z&quot;,
      &quot;applicationId&quot;: 43304,
      &quot;application&quot;: {
        &quot;audit&quot;: {
          &quot;created&quot;: {
            &quot;date&quot;: &quot;2017-02-08T19:57:08.032Z&quot;
          },
          &quot;updated&quot;: {}
        },
        &quot;id&quot;: 43304,
        &quot;name&quot;: &quot;pTest ClientID AppPerf fzgitbl&quot;,
        &quot;description&quot;: &quot;Application description&quot;,
        &quot;coreServicesId&quot;: &quot;d26c2550072b4941ae3875449dbfe4dc&quot;,
        &quot;url&quot;: &quot;http://localhost:1234&quot;
      },
      &quot;apiVersionId&quot;: 2161,
      &quot;apiVersion&quot;: {
        &quot;audit&quot;: {
          &quot;created&quot;: {},
          &quot;updated&quot;: {}
        },
        &quot;id&quot;: 2161,
        &quot;apiId&quot;: 2053
      },
      &quot;partyId&quot;: &quot;&quot;,
      &quot;partyName&quot;: &quot;&quot;
    },
    {
      &quot;audit&quot;: {
        &quot;created&quot;: {
          &quot;date&quot;: &quot;2017-02-08T19:59:47.777Z&quot;
        },
        &quot;updated&quot;: {}
      },
      &quot;masterOrganizationId&quot;: &quot;5000db95-c5d4-487f-925e-3f82f15a5499&quot;,
      &quot;organizationId&quot;: &quot;5000db95-c5d4-487f-925e-3f82f15a5499&quot;,
      &quot;id&quot;: 30225,
      &quot;status&quot;: &quot;APPROVED&quot;,
      &quot;approvedDate&quot;: &quot;2017-02-08T19:59:47.809Z&quot;,
      &quot;applicationId&quot;: 43342,
      &quot;application&quot;: {
        &quot;audit&quot;: {
          &quot;created&quot;: {
            &quot;date&quot;: &quot;2017-02-08T19:59:45.608Z&quot;
          },
          &quot;updated&quot;: {}
        },
        &quot;id&quot;: 43342,
        &quot;name&quot;: &quot;pTest ClientID AppPerf fsommrf&quot;,
        &quot;description&quot;: &quot;Application description&quot;,
        &quot;coreServicesId&quot;: &quot;10687d8724894b3197c04431e4053f8f&quot;,
        &quot;url&quot;: &quot;http://localhost:1234&quot;
      },
      &quot;apiVersionId&quot;: 2161,
      &quot;apiVersion&quot;: {
        &quot;audit&quot;: {
          &quot;created&quot;: {},
          &quot;updated&quot;: {}
        },
        &quot;id&quot;: 2161,
        &quot;apiId&quot;: 2053
      },
      &quot;partyId&quot;: &quot;&quot;,
      &quot;partyName&quot;: &quot;&quot;
    },
    {
      &quot;audit&quot;: {
        &quot;created&quot;: {
          &quot;date&quot;: &quot;2017-02-08T20:00:04.437Z&quot;
        },
        &quot;updated&quot;: {}
      },
      &quot;masterOrganizationId&quot;: &quot;5000db95-c5d4-487f-925e-3f82f15a5499&quot;,
      &quot;organizationId&quot;: &quot;5000db95-c5d4-487f-925e-3f82f15a5499&quot;,
      &quot;id&quot;: 30229,
      &quot;status&quot;: &quot;APPROVED&quot;,
      &quot;approvedDate&quot;: &quot;2017-02-08T20:00:04.491Z&quot;,
      &quot;applicationId&quot;: 43346,
      &quot;application&quot;: {
        &quot;audit&quot;: {
          &quot;created&quot;: {
            &quot;date&quot;: &quot;2017-02-08T20:00:02.303Z&quot;
          },
          &quot;updated&quot;: {}
        },
        &quot;id&quot;: 43346,
        &quot;name&quot;: &quot;pTest ClientID AppPerf frccvaf&quot;,
        &quot;description&quot;: &quot;Application description&quot;,
        &quot;coreServicesId&quot;: &quot;0fca7b9e775046ee88da1bb105a26855&quot;,
        &quot;url&quot;: &quot;http://localhost:1234&quot;
      },
      &quot;apiVersionId&quot;: 2161,
      &quot;apiVersion&quot;: {
        &quot;audit&quot;: {
          &quot;created&quot;: {},
          &quot;updated&quot;: {}
        },
        &quot;id&quot;: 2161,
        &quot;apiId&quot;: 2053
      },
      &quot;partyId&quot;: &quot;&quot;,
      &quot;partyName&quot;: &quot;&quot;
    },
    {
      &quot;audit&quot;: {
        &quot;created&quot;: {
          &quot;date&quot;: &quot;2017-02-08T20:02:08.238Z&quot;
        },
        &quot;updated&quot;: {}
      },
      &quot;masterOrganizationId&quot;: &quot;5000db95-c5d4-487f-925e-3f82f15a5499&quot;,
      &quot;organizationId&quot;: &quot;5000db95-c5d4-487f-925e-3f82f15a5499&quot;,
      &quot;id&quot;: 30259,
      &quot;status&quot;: &quot;APPROVED&quot;,
      &quot;approvedDate&quot;: &quot;2017-02-08T20:02:08.273Z&quot;,
      &quot;applicationId&quot;: 43376,
      &quot;application&quot;: {
        &quot;audit&quot;: {
          &quot;created&quot;: {
            &quot;date&quot;: &quot;2017-02-08T20:02:06.160Z&quot;
          },
          &quot;updated&quot;: {}
        },
        &quot;id&quot;: 43376,
        &quot;name&quot;: &quot;pTest ClientID AppPerf fjanwuy&quot;,
        &quot;description&quot;: &quot;Application description&quot;,
        &quot;coreServicesId&quot;: &quot;7ac608bbb7414b67badcdb489387570c&quot;,
        &quot;url&quot;: &quot;http://localhost:1234&quot;
      },
      &quot;apiVersionId&quot;: 2161,
      &quot;apiVersion&quot;: {
        &quot;audit&quot;: {
          &quot;created&quot;: {},
          &quot;updated&quot;: {}
        },
        &quot;id&quot;: 2161,
        &quot;apiId&quot;: 2053
      },
      &quot;partyId&quot;: &quot;&quot;,
      &quot;partyName&quot;: &quot;&quot;
    },
    {
      &quot;audit&quot;: {
        &quot;created&quot;: {
          &quot;date&quot;: &quot;2017-02-08T19:57:23.064Z&quot;
        },
        &quot;updated&quot;: {}
      },
      &quot;masterOrganizationId&quot;: &quot;5000db95-c5d4-487f-925e-3f82f15a5499&quot;,
      &quot;organizationId&quot;: &quot;5000db95-c5d4-487f-925e-3f82f15a5499&quot;,
      &quot;id&quot;: 30190,
      &quot;status&quot;: &quot;APPROVED&quot;,
      &quot;approvedDate&quot;: &quot;2017-02-08T19:57:23.105Z&quot;,
      &quot;applicationId&quot;: 43307,
      &quot;application&quot;: {
        &quot;audit&quot;: {
          &quot;created&quot;: {
            &quot;date&quot;: &quot;2017-02-08T19:57:20.559Z&quot;
          },
          &quot;updated&quot;: {}
        },
        &quot;id&quot;: 43307,
        &quot;name&quot;: &quot;pTest ClientID AppPerf fisjzid&quot;,
        &quot;description&quot;: &quot;Application description&quot;,
        &quot;coreServicesId&quot;: &quot;d89337cc33ca4cc887ec538792e99502&quot;,
        &quot;url&quot;: &quot;http://localhost:1234&quot;
      },
      &quot;apiVersionId&quot;: 2161,
      &quot;apiVersion&quot;: {
        &quot;audit&quot;: {
          &quot;created&quot;: {},
          &quot;updated&quot;: {}
        },
        &quot;id&quot;: 2161,
        &quot;apiId&quot;: 2053
      },
      &quot;partyId&quot;: &quot;&quot;,
      &quot;partyName&quot;: &quot;&quot;
    },
    {
      &quot;audit&quot;: {
        &quot;created&quot;: {
          &quot;date&quot;: &quot;2017-02-08T19:51:21.567Z&quot;
        },
        &quot;updated&quot;: {}
      },
      &quot;masterOrganizationId&quot;: &quot;5000db95-c5d4-487f-925e-3f82f15a5499&quot;,
      &quot;organizationId&quot;: &quot;5000db95-c5d4-487f-925e-3f82f15a5499&quot;,
      &quot;id&quot;: 30184,
      &quot;status&quot;: &quot;APPROVED&quot;,
      &quot;approvedDate&quot;: &quot;2017-02-08T19:51:21.625Z&quot;,
      &quot;applicationId&quot;: 43301,
      &quot;application&quot;: {
        &quot;audit&quot;: {
          &quot;created&quot;: {
            &quot;date&quot;: &quot;2017-02-08T19:51:19.164Z&quot;
          },
          &quot;updated&quot;: {}
        },
        &quot;id&quot;: 43301,
        &quot;name&quot;: &quot;pTest ClientID AppPerf fhfllyq&quot;,
        &quot;description&quot;: &quot;Application description&quot;,
        &quot;coreServicesId&quot;: &quot;d6b1730c9af646f0bb6cb2b50947d37d&quot;,
        &quot;url&quot;: &quot;http://localhost:1234&quot;
      },
      &quot;apiVersionId&quot;: 2161,
      &quot;apiVersion&quot;: {
        &quot;audit&quot;: {
          &quot;created&quot;: {},
          &quot;updated&quot;: {}
        },
        &quot;id&quot;: 2161,
        &quot;apiId&quot;: 2053
      },
      &quot;partyId&quot;: &quot;&quot;,
      &quot;partyName&quot;: &quot;&quot;
    },
    {
      &quot;audit&quot;: {
        &quot;created&quot;: {
          &quot;date&quot;: &quot;2017-02-08T20:02:24.289Z&quot;
        },
        &quot;updated&quot;: {}
      },
      &quot;masterOrganizationId&quot;: &quot;5000db95-c5d4-487f-925e-3f82f15a5499&quot;,
      &quot;organizationId&quot;: &quot;5000db95-c5d4-487f-925e-3f82f15a5499&quot;,
      &quot;id&quot;: 30263,
      &quot;status&quot;: &quot;APPROVED&quot;,
      &quot;approvedDate&quot;: &quot;2017-02-08T20:02:24.335Z&quot;,
      &quot;applicationId&quot;: 43380,
      &quot;application&quot;: {
        &quot;audit&quot;: {
          &quot;created&quot;: {
            &quot;date&quot;: &quot;2017-02-08T20:02:22.148Z&quot;
          },
          &quot;updated&quot;: {}
        },
        &quot;id&quot;: 43380,
        &quot;name&quot;: &quot;pTest ClientID AppPerf fditmbf&quot;,
        &quot;description&quot;: &quot;Application description&quot;,
        &quot;coreServicesId&quot;: &quot;197bb41fab914476bd822e1edd61b5a7&quot;,
        &quot;url&quot;: &quot;http://localhost:1234&quot;
      },
      &quot;apiVersionId&quot;: 2161,
      &quot;apiVersion&quot;: {
        &quot;audit&quot;: {
          &quot;created&quot;: {},
          &quot;updated&quot;: {}
        },
        &quot;id&quot;: 2161,
        &quot;apiId&quot;: 2053
      },
      &quot;partyId&quot;: &quot;&quot;,
      &quot;partyName&quot;: &quot;&quot;
    },
    {
      &quot;audit&quot;: {
        &quot;created&quot;: {
          &quot;date&quot;: &quot;2017-02-08T20:01:04.749Z&quot;
        },
        &quot;updated&quot;: {}
      },
      &quot;masterOrganizationId&quot;: &quot;5000db95-c5d4-487f-925e-3f82f15a5499&quot;,
      &quot;organizationId&quot;: &quot;5000db95-c5d4-487f-925e-3f82f15a5499&quot;,
      &quot;id&quot;: 30244,
      &quot;status&quot;: &quot;APPROVED&quot;,
      &quot;approvedDate&quot;: &quot;2017-02-08T20:01:04.794Z&quot;,
      &quot;applicationId&quot;: 43361,
      &quot;application&quot;: {
        &quot;audit&quot;: {
          &quot;created&quot;: {
            &quot;date&quot;: &quot;2017-02-08T20:01:02.591Z&quot;
          },
          &quot;updated&quot;: {}
        },
        &quot;id&quot;: 43361,
        &quot;name&quot;: &quot;pTest ClientID AppPerf ezyewaj&quot;,
        &quot;description&quot;: &quot;Application description&quot;,
        &quot;coreServicesId&quot;: &quot;e41c625c4e064340a53e2fed78223aad&quot;,
        &quot;url&quot;: &quot;http://localhost:1234&quot;
      },
      &quot;apiVersionId&quot;: 2161,
      &quot;apiVersion&quot;: {
        &quot;audit&quot;: {
          &quot;created&quot;: {},
          &quot;updated&quot;: {}
        },
        &quot;id&quot;: 2161,
        &quot;apiId&quot;: 2053
      },
      &quot;partyId&quot;: &quot;&quot;,
      &quot;partyName&quot;: &quot;&quot;
    },
    {
      &quot;audit&quot;: {
        &quot;created&quot;: {
          &quot;date&quot;: &quot;2017-02-08T20:00:32.403Z&quot;
        },
        &quot;updated&quot;: {}
      },
      &quot;masterOrganizationId&quot;: &quot;5000db95-c5d4-487f-925e-3f82f15a5499&quot;,
      &quot;organizationId&quot;: &quot;5000db95-c5d4-487f-925e-3f82f15a5499&quot;,
      &quot;id&quot;: 30236,
      &quot;status&quot;: &quot;APPROVED&quot;,
      &quot;approvedDate&quot;: &quot;2017-02-08T20:00:32.469Z&quot;,
      &quot;applicationId&quot;: 43353,
      &quot;application&quot;: {
        &quot;audit&quot;: {
          &quot;created&quot;: {
            &quot;date&quot;: &quot;2017-02-08T20:00:30.284Z&quot;
          },
          &quot;updated&quot;: {}
        },
        &quot;id&quot;: 43353,
        &quot;name&quot;: &quot;pTest ClientID AppPerf erdflkt&quot;,
        &quot;description&quot;: &quot;Application description&quot;,
        &quot;coreServicesId&quot;: &quot;45c04545a0d749e7b836057b44c21f2d&quot;,
        &quot;url&quot;: &quot;http://localhost:1234&quot;
      },
      &quot;apiVersionId&quot;: 2161,
      &quot;apiVersion&quot;: {
        &quot;audit&quot;: {
          &quot;created&quot;: {},
          &quot;updated&quot;: {}
        },
        &quot;id&quot;: 2161,
        &quot;apiId&quot;: 2053
      },
      &quot;partyId&quot;: &quot;&quot;,
      &quot;partyName&quot;: &quot;&quot;
    },
    {
      &quot;audit&quot;: {
        &quot;created&quot;: {
          &quot;date&quot;: &quot;2017-02-08T20:02:20.234Z&quot;
        },
        &quot;updated&quot;: {}
      },
      &quot;masterOrganizationId&quot;: &quot;5000db95-c5d4-487f-925e-3f82f15a5499&quot;,
      &quot;organizationId&quot;: &quot;5000db95-c5d4-487f-925e-3f82f15a5499&quot;,
      &quot;id&quot;: 30262,
      &quot;status&quot;: &quot;APPROVED&quot;,
      &quot;approvedDate&quot;: &quot;2017-02-08T20:02:20.286Z&quot;,
      &quot;applicationId&quot;: 43379,
      &quot;application&quot;: {
        &quot;audit&quot;: {
          &quot;created&quot;: {
            &quot;date&quot;: &quot;2017-02-08T20:02:18.032Z&quot;
          },
          &quot;updated&quot;: {}
        },
        &quot;id&quot;: 43379,
        &quot;name&quot;: &quot;pTest ClientID AppPerf eqlndap&quot;,
        &quot;description&quot;: &quot;Application description&quot;,
        &quot;coreServicesId&quot;: &quot;247f9d242630485f98336820a55b912b&quot;,
        &quot;url&quot;: &quot;http://localhost:1234&quot;
      },
      &quot;apiVersionId&quot;: 2161,
      &quot;apiVersion&quot;: {
        &quot;audit&quot;: {
          &quot;created&quot;: {},
          &quot;updated&quot;: {}
        },
        &quot;id&quot;: 2161,
        &quot;apiId&quot;: 2053
      },
      &quot;partyId&quot;: &quot;&quot;,
      &quot;partyName&quot;: &quot;&quot;
    },
    {
      &quot;audit&quot;: {
        &quot;created&quot;: {
          &quot;date&quot;: &quot;2017-02-08T20:01:56.378Z&quot;
        },
        &quot;updated&quot;: {}
      },
      &quot;masterOrganizationId&quot;: &quot;5000db95-c5d4-487f-925e-3f82f15a5499&quot;,
      &quot;organizationId&quot;: &quot;5000db95-c5d4-487f-925e-3f82f15a5499&quot;,
      &quot;id&quot;: 30256,
      &quot;status&quot;: &quot;APPROVED&quot;,
      &quot;approvedDate&quot;: &quot;2017-02-08T20:01:56.412Z&quot;,
      &quot;applicationId&quot;: 43373,
      &quot;application&quot;: {
        &quot;audit&quot;: {
          &quot;created&quot;: {
            &quot;date&quot;: &quot;2017-02-08T20:01:54.086Z&quot;
          },
          &quot;updated&quot;: {}
        },
        &quot;id&quot;: 43373,
        &quot;name&quot;: &quot;pTest ClientID AppPerf eqhonug&quot;,
        &quot;description&quot;: &quot;Application description&quot;,
        &quot;coreServicesId&quot;: &quot;180427cd5e67499e978079c721129d56&quot;,
        &quot;url&quot;: &quot;http://localhost:1234&quot;
      },
      &quot;apiVersionId&quot;: 2161,
      &quot;apiVersion&quot;: {
        &quot;audit&quot;: {
          &quot;created&quot;: {},
          &quot;updated&quot;: {}
        },
        &quot;id&quot;: 2161,
        &quot;apiId&quot;: 2053
      },
      &quot;partyId&quot;: &quot;&quot;,
      &quot;partyName&quot;: &quot;&quot;
    },
    {
      &quot;audit&quot;: {
        &quot;created&quot;: {
          &quot;date&quot;: &quot;2017-02-08T20:01:52.159Z&quot;
        },
        &quot;updated&quot;: {}
      },
      &quot;masterOrganizationId&quot;: &quot;5000db95-c5d4-487f-925e-3f82f15a5499&quot;,
      &quot;organizationId&quot;: &quot;5000db95-c5d4-487f-925e-3f82f15a5499&quot;,
      &quot;id&quot;: 30255,
      &quot;status&quot;: &quot;APPROVED&quot;,
      &quot;approvedDate&quot;: &quot;2017-02-08T20:01:52.197Z&quot;,
      &quot;applicationId&quot;: 43372,
      &quot;application&quot;: {
        &quot;audit&quot;: {
          &quot;created&quot;: {
            &quot;date&quot;: &quot;2017-02-08T20:01:49.532Z&quot;
          },
          &quot;updated&quot;: {}
        },
        &quot;id&quot;: 43372,
        &quot;name&quot;: &quot;pTest ClientID AppPerf efftxkc&quot;,
        &quot;description&quot;: &quot;Application description&quot;,
        &quot;coreServicesId&quot;: &quot;0352ecf1c0a444d781e665dac9542c39&quot;,
        &quot;url&quot;: &quot;http://localhost:1234&quot;
      },
      &quot;apiVersionId&quot;: 2161,
      &quot;apiVersion&quot;: {
        &quot;audit&quot;: {
          &quot;created&quot;: {},
          &quot;updated&quot;: {}
        },
        &quot;id&quot;: 2161,
        &quot;apiId&quot;: 2053
      },
      &quot;partyId&quot;: &quot;&quot;,
      &quot;partyName&quot;: &quot;&quot;
    },
    {
      &quot;audit&quot;: {
        &quot;created&quot;: {
          &quot;date&quot;: &quot;2017-02-08T19:59:59.836Z&quot;
        },
        &quot;updated&quot;: {}
      },
      &quot;masterOrganizationId&quot;: &quot;5000db95-c5d4-487f-925e-3f82f15a5499&quot;,
      &quot;organizationId&quot;: &quot;5000db95-c5d4-487f-925e-3f82f15a5499&quot;,
      &quot;id&quot;: 30228,
      &quot;status&quot;: &quot;APPROVED&quot;,
      &quot;approvedDate&quot;: &quot;2017-02-08T19:59:59.892Z&quot;,
      &quot;applicationId&quot;: 43345,
      &quot;application&quot;: {
        &quot;audit&quot;: {
          &quot;created&quot;: {
            &quot;date&quot;: &quot;2017-02-08T19:59:57.454Z&quot;
          },
          &quot;updated&quot;: {}
        },
        &quot;id&quot;: 43345,
        &quot;name&quot;: &quot;pTest ClientID AppPerf eeisacf&quot;,
        &quot;description&quot;: &quot;Application description&quot;,
        &quot;coreServicesId&quot;: &quot;c697c97705124cce87bc1acd2ef2ba7d&quot;,
        &quot;url&quot;: &quot;http://localhost:1234&quot;
      },
      &quot;apiVersionId&quot;: 2161,
      &quot;apiVersion&quot;: {
        &quot;audit&quot;: {
          &quot;created&quot;: {},
          &quot;updated&quot;: {}
        },
        &quot;id&quot;: 2161,
        &quot;apiId&quot;: 2053
      },
      &quot;partyId&quot;: &quot;&quot;,
      &quot;partyName&quot;: &quot;&quot;
    },
    {
      &quot;audit&quot;: {
        &quot;created&quot;: {
          &quot;date&quot;: &quot;2017-02-08T20:03:33.788Z&quot;
        },
        &quot;updated&quot;: {}
      },
      &quot;masterOrganizationId&quot;: &quot;5000db95-c5d4-487f-925e-3f82f15a5499&quot;,
      &quot;organizationId&quot;: &quot;5000db95-c5d4-487f-925e-3f82f15a5499&quot;,
      &quot;id&quot;: 30278,
      &quot;status&quot;: &quot;APPROVED&quot;,
      &quot;approvedDate&quot;: &quot;2017-02-08T20:03:33.858Z&quot;,
      &quot;applicationId&quot;: 43395,
      &quot;application&quot;: {
        &quot;audit&quot;: {
          &quot;created&quot;: {
            &quot;date&quot;: &quot;2017-02-08T20:03:31.650Z&quot;
          },
          &quot;updated&quot;: {}
        },
        &quot;id&quot;: 43395,
        &quot;name&quot;: &quot;pTest ClientID AppPerf ecuuzfd&quot;,
        &quot;description&quot;: &quot;Application description&quot;,
        &quot;coreServicesId&quot;: &quot;eac27a5f31a84f1e910a085ebe46da58&quot;,
        &quot;url&quot;: &quot;http://localhost:1234&quot;
      },
      &quot;apiVersionId&quot;: 2161,
      &quot;apiVersion&quot;: {
        &quot;audit&quot;: {
          &quot;created&quot;: {},
          &quot;updated&quot;: {}
        },
        &quot;id&quot;: 2161,
        &quot;apiId&quot;: 2053
      },
      &quot;partyId&quot;: &quot;&quot;,
      &quot;partyName&quot;: &quot;&quot;
    },
    {
      &quot;audit&quot;: {
        &quot;created&quot;: {
          &quot;date&quot;: &quot;2017-02-08T19:58:00.418Z&quot;
        },
        &quot;updated&quot;: {}
      },
      &quot;masterOrganizationId&quot;: &quot;5000db95-c5d4-487f-925e-3f82f15a5499&quot;,
      &quot;organizationId&quot;: &quot;5000db95-c5d4-487f-925e-3f82f15a5499&quot;,
      &quot;id&quot;: 30199,
      &quot;status&quot;: &quot;APPROVED&quot;,
      &quot;approvedDate&quot;: &quot;2017-02-08T19:58:00.467Z&quot;,
      &quot;applicationId&quot;: 43316,
      &quot;application&quot;: {
        &quot;audit&quot;: {
          &quot;created&quot;: {
            &quot;date&quot;: &quot;2017-02-08T19:57:58.298Z&quot;
          },
          &quot;updated&quot;: {}
        },
        &quot;id&quot;: 43316,
        &quot;name&quot;: &quot;pTest ClientID AppPerf dubmrga&quot;,
        &quot;description&quot;: &quot;Application description&quot;,
        &quot;coreServicesId&quot;: &quot;d59854cc5113481f818622a342e918bc&quot;,
        &quot;url&quot;: &quot;http://localhost:1234&quot;
      },
      &quot;apiVersionId&quot;: 2161,
      &quot;apiVersion&quot;: {
        &quot;audit&quot;: {
          &quot;created&quot;: {},
          &quot;updated&quot;: {}
        },
        &quot;id&quot;: 2161,
        &quot;apiId&quot;: 2053
      },
      &quot;partyId&quot;: &quot;&quot;,
      &quot;partyName&quot;: &quot;&quot;
    },
    {
      &quot;audit&quot;: {
        &quot;created&quot;: {
          &quot;date&quot;: &quot;2017-02-08T20:01:22.309Z&quot;
        },
        &quot;updated&quot;: {}
      },
      &quot;masterOrganizationId&quot;: &quot;5000db95-c5d4-487f-925e-3f82f15a5499&quot;,
      &quot;organizationId&quot;: &quot;5000db95-c5d4-487f-925e-3f82f15a5499&quot;,
      &quot;id&quot;: 30248,
      &quot;status&quot;: &quot;APPROVED&quot;,
      &quot;approvedDate&quot;: &quot;2017-02-08T20:01:22.348Z&quot;,
      &quot;applicationId&quot;: 43365,
      &quot;application&quot;: {
        &quot;audit&quot;: {
          &quot;created&quot;: {
            &quot;date&quot;: &quot;2017-02-08T20:01:20.176Z&quot;
          },
          &quot;updated&quot;: {}
        },
        &quot;id&quot;: 43365,
        &quot;name&quot;: &quot;pTest ClientID AppPerf dryxkcs&quot;,
        &quot;description&quot;: &quot;Application description&quot;,
        &quot;coreServicesId&quot;: &quot;c3578db3b79442b58ab633a853bbac48&quot;,
        &quot;url&quot;: &quot;http://localhost:1234&quot;
      },
      &quot;apiVersionId&quot;: 2161,
      &quot;apiVersion&quot;: {
        &quot;audit&quot;: {
          &quot;created&quot;: {},
          &quot;updated&quot;: {}
        },
        &quot;id&quot;: 2161,
        &quot;apiId&quot;: 2053
      },
      &quot;partyId&quot;: &quot;&quot;,
      &quot;partyName&quot;: &quot;&quot;
    },
    {
      &quot;audit&quot;: {
        &quot;created&quot;: {
          &quot;date&quot;: &quot;2017-02-08T19:58:24.741Z&quot;
        },
        &quot;updated&quot;: {}
      },
      &quot;masterOrganizationId&quot;: &quot;5000db95-c5d4-487f-925e-3f82f15a5499&quot;,
      &quot;organizationId&quot;: &quot;5000db95-c5d4-487f-925e-3f82f15a5499&quot;,
      &quot;id&quot;: 30205,
      &quot;status&quot;: &quot;APPROVED&quot;,
      &quot;approvedDate&quot;: &quot;2017-02-08T19:58:24.800Z&quot;,
      &quot;applicationId&quot;: 43322,
      &quot;application&quot;: {
        &quot;audit&quot;: {
          &quot;created&quot;: {
            &quot;date&quot;: &quot;2017-02-08T19:58:22.585Z&quot;
          },
          &quot;updated&quot;: {}
        },
        &quot;id&quot;: 43322,
        &quot;name&quot;: &quot;pTest ClientID AppPerf dqtnako&quot;,
        &quot;description&quot;: &quot;Application description&quot;,
        &quot;coreServicesId&quot;: &quot;1da66545aaa64b2481d4ced619902f82&quot;,
        &quot;url&quot;: &quot;http://localhost:1234&quot;
      },
      &quot;apiVersionId&quot;: 2161,
      &quot;apiVersion&quot;: {
        &quot;audit&quot;: {
          &quot;created&quot;: {},
          &quot;updated&quot;: {}
        },
        &quot;id&quot;: 2161,
        &quot;apiId&quot;: 2053
      },
      &quot;partyId&quot;: &quot;&quot;,
      &quot;partyName&quot;: &quot;&quot;
    },
    {
      &quot;audit&quot;: {
        &quot;created&quot;: {
          &quot;date&quot;: &quot;2017-02-08T20:01:38.093Z&quot;
        },
        &quot;updated&quot;: {}
      },
      &quot;masterOrganizationId&quot;: &quot;5000db95-c5d4-487f-925e-3f82f15a5499&quot;,
      &quot;organizationId&quot;: &quot;5000db95-c5d4-487f-925e-3f82f15a5499&quot;,
      &quot;id&quot;: 30252,
      &quot;status&quot;: &quot;APPROVED&quot;,
      &quot;approvedDate&quot;: &quot;2017-02-08T20:01:38.151Z&quot;,
      &quot;applicationId&quot;: 43369,
      &quot;application&quot;: {
        &quot;audit&quot;: {
          &quot;created&quot;: {
            &quot;date&quot;: &quot;2017-02-08T20:01:36.021Z&quot;
          },
          &quot;updated&quot;: {}
        },
        &quot;id&quot;: 43369,
        &quot;name&quot;: &quot;pTest ClientID AppPerf dofsmha&quot;,
        &quot;description&quot;: &quot;Application description&quot;,
        &quot;coreServicesId&quot;: &quot;af14617963da4723a070b0501fa8a2d8&quot;,
        &quot;url&quot;: &quot;http://localhost:1234&quot;
      },
      &quot;apiVersionId&quot;: 2161,
      &quot;apiVersion&quot;: {
        &quot;audit&quot;: {
          &quot;created&quot;: {},
          &quot;updated&quot;: {}
        },
        &quot;id&quot;: 2161,
        &quot;apiId&quot;: 2053
      },
      &quot;partyId&quot;: &quot;&quot;,
      &quot;partyName&quot;: &quot;&quot;
    },
    {
      &quot;audit&quot;: {
        &quot;created&quot;: {
          &quot;date&quot;: &quot;2017-02-08T19:57:44.077Z&quot;
        },
        &quot;updated&quot;: {}
      },
      &quot;masterOrganizationId&quot;: &quot;5000db95-c5d4-487f-925e-3f82f15a5499&quot;,
      &quot;organizationId&quot;: &quot;5000db95-c5d4-487f-925e-3f82f15a5499&quot;,
      &quot;id&quot;: 30195,
      &quot;status&quot;: &quot;APPROVED&quot;,
      &quot;approvedDate&quot;: &quot;2017-02-08T19:57:44.131Z&quot;,
      &quot;applicationId&quot;: 43312,
      &quot;application&quot;: {
        &quot;audit&quot;: {
          &quot;created&quot;: {
            &quot;date&quot;: &quot;2017-02-08T19:57:41.990Z&quot;
          },
          &quot;updated&quot;: {}
        },
        &quot;id&quot;: 43312,
        &quot;name&quot;: &quot;pTest ClientID AppPerf ddikusy&quot;,
        &quot;description&quot;: &quot;Application description&quot;,
        &quot;coreServicesId&quot;: &quot;c7c40dd14c444f97a61ffe3d014ac8c6&quot;,
        &quot;url&quot;: &quot;http://localhost:1234&quot;
      },
      &quot;apiVersionId&quot;: 2161,
      &quot;apiVersion&quot;: {
        &quot;audit&quot;: {
          &quot;created&quot;: {},
          &quot;updated&quot;: {}
        },
        &quot;id&quot;: 2161,
        &quot;apiId&quot;: 2053
      },
      &quot;partyId&quot;: &quot;&quot;,
      &quot;partyName&quot;: &quot;&quot;
    },
    {
      &quot;audit&quot;: {
        &quot;created&quot;: {
          &quot;date&quot;: &quot;2017-02-08T19:59:26.861Z&quot;
        },
        &quot;updated&quot;: {}
      },
      &quot;masterOrganizationId&quot;: &quot;5000db95-c5d4-487f-925e-3f82f15a5499&quot;,
      &quot;organizationId&quot;: &quot;5000db95-c5d4-487f-925e-3f82f15a5499&quot;,
      &quot;id&quot;: 30220,
      &quot;status&quot;: &quot;APPROVED&quot;,
      &quot;approvedDate&quot;: &quot;2017-02-08T19:59:26.898Z&quot;,
      &quot;applicationId&quot;: 43337,
      &quot;application&quot;: {
        &quot;audit&quot;: {
          &quot;created&quot;: {
            &quot;date&quot;: &quot;2017-02-08T19:59:24.620Z&quot;
          },
          &quot;updated&quot;: {}
        },
        &quot;id&quot;: 43337,
        &quot;name&quot;: &quot;pTest ClientID AppPerf cvkxlar&quot;,
        &quot;description&quot;: &quot;Application description&quot;,
        &quot;coreServicesId&quot;: &quot;1ea10f767be541a6820ce52324bea46e&quot;,
        &quot;url&quot;: &quot;http://localhost:1234&quot;
      },
      &quot;apiVersionId&quot;: 2161,
      &quot;apiVersion&quot;: {
        &quot;audit&quot;: {
          &quot;created&quot;: {},
          &quot;updated&quot;: {}
        },
        &quot;id&quot;: 2161,
        &quot;apiId&quot;: 2053
      },
      &quot;partyId&quot;: &quot;&quot;,
      &quot;partyName&quot;: &quot;&quot;
    },
    {
      &quot;audit&quot;: {
        &quot;created&quot;: {
          &quot;date&quot;: &quot;2017-02-08T20:01:47.413Z&quot;
        },
        &quot;updated&quot;: {}
      },
      &quot;masterOrganizationId&quot;: &quot;5000db95-c5d4-487f-925e-3f82f15a5499&quot;,
      &quot;organizationId&quot;: &quot;5000db95-c5d4-487f-925e-3f82f15a5499&quot;,
      &quot;id&quot;: 30254,
      &quot;status&quot;: &quot;APPROVED&quot;,
      &quot;approvedDate&quot;: &quot;2017-02-08T20:01:47.537Z&quot;,
      &quot;applicationId&quot;: 43371,
      &quot;application&quot;: {
        &quot;audit&quot;: {
          &quot;created&quot;: {
            &quot;date&quot;: &quot;2017-02-08T20:01:44.664Z&quot;
          },
          &quot;updated&quot;: {}
        },
        &quot;id&quot;: 43371,
        &quot;name&quot;: &quot;pTest ClientID AppPerf cjeqmdk&quot;,
        &quot;description&quot;: &quot;Application description&quot;,
        &quot;coreServicesId&quot;: &quot;ca60d8dda0ab421da30355348515378d&quot;,
        &quot;url&quot;: &quot;http://localhost:1234&quot;
      },
      &quot;apiVersionId&quot;: 2161,
      &quot;apiVersion&quot;: {
        &quot;audit&quot;: {
          &quot;created&quot;: {},
          &quot;updated&quot;: {}
        },
        &quot;id&quot;: 2161,
        &quot;apiId&quot;: 2053
      },
      &quot;partyId&quot;: &quot;&quot;,
      &quot;partyName&quot;: &quot;&quot;
    },
    {
      &quot;audit&quot;: {
        &quot;created&quot;: {
          &quot;date&quot;: &quot;2017-02-08T19:57:48.414Z&quot;
        },
        &quot;updated&quot;: {}
      },
      &quot;masterOrganizationId&quot;: &quot;5000db95-c5d4-487f-925e-3f82f15a5499&quot;,
      &quot;organizationId&quot;: &quot;5000db95-c5d4-487f-925e-3f82f15a5499&quot;,
      &quot;id&quot;: 30196,
      &quot;status&quot;: &quot;APPROVED&quot;,
      &quot;approvedDate&quot;: &quot;2017-02-08T19:57:48.469Z&quot;,
      &quot;applicationId&quot;: 43313,
      &quot;application&quot;: {
        &quot;audit&quot;: {
          &quot;created&quot;: {
            &quot;date&quot;: &quot;2017-02-08T19:57:46.227Z&quot;
          },
          &quot;updated&quot;: {}
        },
        &quot;id&quot;: 43313,
        &quot;name&quot;: &quot;pTest ClientID AppPerf btckwht&quot;,
        &quot;description&quot;: &quot;Application description&quot;,
        &quot;coreServicesId&quot;: &quot;23ce1cc850c34ebbb584051dcd997721&quot;,
        &quot;url&quot;: &quot;http://localhost:1234&quot;
      },
      &quot;apiVersionId&quot;: 2161,
      &quot;apiVersion&quot;: {
        &quot;audit&quot;: {
          &quot;created&quot;: {},
          &quot;updated&quot;: {}
        },
        &quot;id&quot;: 2161,
        &quot;apiId&quot;: 2053
      },
      &quot;partyId&quot;: &quot;&quot;,
      &quot;partyName&quot;: &quot;&quot;
    },
    {
      &quot;audit&quot;: {
        &quot;created&quot;: {
          &quot;date&quot;: &quot;2017-02-08T20:00:08.300Z&quot;
        },
        &quot;updated&quot;: {}
      },
      &quot;masterOrganizationId&quot;: &quot;5000db95-c5d4-487f-925e-3f82f15a5499&quot;,
      &quot;organizationId&quot;: &quot;5000db95-c5d4-487f-925e-3f82f15a5499&quot;,
      &quot;id&quot;: 30230,
      &quot;status&quot;: &quot;APPROVED&quot;,
      &quot;approvedDate&quot;: &quot;2017-02-08T20:00:08.343Z&quot;,
      &quot;applicationId&quot;: 43347,
      &quot;application&quot;: {
        &quot;audit&quot;: {
          &quot;created&quot;: {
            &quot;date&quot;: &quot;2017-02-08T20:00:06.282Z&quot;
          },
          &quot;updated&quot;: {}
        },
        &quot;id&quot;: 43347,
        &quot;name&quot;: &quot;pTest ClientID AppPerf befhgne&quot;,
        &quot;description&quot;: &quot;Application description&quot;,
        &quot;coreServicesId&quot;: &quot;6967ff1690394b71b709ee00b58c1485&quot;,
        &quot;url&quot;: &quot;http://localhost:1234&quot;
      },
      &quot;apiVersionId&quot;: 2161,
      &quot;apiVersion&quot;: {
        &quot;audit&quot;: {
          &quot;created&quot;: {},
          &quot;updated&quot;: {}
        },
        &quot;id&quot;: 2161,
        &quot;apiId&quot;: 2053
      },
      &quot;partyId&quot;: &quot;&quot;,
      &quot;partyName&quot;: &quot;&quot;
    },
    {
      &quot;audit&quot;: {
        &quot;created&quot;: {
          &quot;date&quot;: &quot;2017-02-08T19:57:31.355Z&quot;
        },
        &quot;updated&quot;: {}
      },
      &quot;masterOrganizationId&quot;: &quot;5000db95-c5d4-487f-925e-3f82f15a5499&quot;,
      &quot;organizationId&quot;: &quot;5000db95-c5d4-487f-925e-3f82f15a5499&quot;,
      &quot;id&quot;: 30192,
      &quot;status&quot;: &quot;APPROVED&quot;,
      &quot;approvedDate&quot;: &quot;2017-02-08T19:57:31.397Z&quot;,
      &quot;applicationId&quot;: 43309,
      &quot;application&quot;: {
        &quot;audit&quot;: {
          &quot;created&quot;: {
            &quot;date&quot;: &quot;2017-02-08T19:57:29.204Z&quot;
          },
          &quot;updated&quot;: {}
        },
        &quot;id&quot;: 43309,
        &quot;name&quot;: &quot;pTest ClientID AppPerf adxkhjf&quot;,
        &quot;description&quot;: &quot;Application description&quot;,
        &quot;coreServicesId&quot;: &quot;d7e09ee41a734f0d9a80c9940406d22a&quot;,
        &quot;url&quot;: &quot;http://localhost:1234&quot;
      },
      &quot;apiVersionId&quot;: 2161,
      &quot;apiVersion&quot;: {
        &quot;audit&quot;: {
          &quot;created&quot;: {},
          &quot;updated&quot;: {}
        },
        &quot;id&quot;: 2161,
        &quot;apiId&quot;: 2053
      },
      &quot;partyId&quot;: &quot;&quot;,
      &quot;partyName&quot;: &quot;&quot;
    }
  ]
}
----------
Request method:	POST
Request path:	https://qax.anypoint.mulesoft.com/apiplatform/repository/v2/organizations/5000db95-c5d4-487f-925e-3f82f15a5499/apis/2053/versions/2161/contracts/30279/revoke
Proxy:			&lt;none&gt;
Request params:	&lt;none&gt;
Query params:	&lt;none&gt;
Form params:	&lt;none&gt;
Path params:	&lt;none&gt;
Multiparts:		&lt;none&gt;
Headers:		Authorization=Bearer eyJ0eXAiOiJKV1QiLCJhbGciOiJIUzI1NiJ9.eyJpZCI6IjUwMDAzN2NkLTJjZmQtNGRhNC1iZWQ3LTU3Mzg0ZGViMDYyYiIsImZpcnN0TmFtZSI6IkZlZGVyYXRlZCIsImxhc3ROYW1lIjoiRXh0ZXJuYWwiLCJlbWFpbCI6ImNocmlzdG9waGVyLm1vcmR1ZUBtdWxlc29mdC5jb20iLCJ1c2VybmFtZSI6ImZlZGVyYXRlZF9leHRlcm5hbCIsIm9yZ2FuaXphdGlvbiI6eyJpZCI6IjUwMDBkYjk1LWM1ZDQtNDg3Zi05MjVlLTNmODJmMTVhNTQ5OSIsIm5hbWUiOiJGZWRlcmF0ZWQgSW5jIEV4dGVybmFsIEF1dGhvcml6YXRpb24iLCJkb21haW4iOiJmZWRlcmF0ZWQtZXh0ZXJuYWwiLCJlbnRpdGxlbWVudHMiOnsiaHlicmlkIjp7ImVuYWJsZWQiOmZhbHNlfSwiY3JlYXRlU3ViT3JncyI6dHJ1ZSwidkNvcmVzUHJvZHVjdGlvbiI6eyJhc3NpZ25lZCI6MSwicmVhc3NpZ25lZCI6MH0sInZDb3Jlc1NhbmRib3giOnsiYXNzaWduZWQiOjEsInJlYXNzaWduZWQiOjB9LCJnbG9iYWxEZXBsb3ltZW50IjpmYWxzZSwid29ya2VyTG9nZ2luZ092ZXJyaWRlIjp7ImVuYWJsZWQiOmZhbHNlfSwiZ2F0ZXdheXMiOnsiYXNzaWduZWQiOjB9LCJjcmVhdGVFbnZpcm9ubWVudHMiOnRydWUsInBhcnRuZXJzUHJvZHVjdGlvbiI6eyJhc3NpZ25lZCI6MH0sInBhcnRuZXJzU2FuZGJveCI6eyJhc3NpZ25lZCI6MH0sImF1dG9zY2FsaW5nIjpmYWxzZSwic3RhdGljSXBzIjp7ImFzc2lnbmVkIjowLCJyZWFzc2lnbmVkIjowfSwiYXJtQWxlcnRzIjpmYWxzZSwiYXBpcyI6eyJlbmFibGVkIjp0cnVlfSwibXFNZXNzYWdlcyI6eyJiYXNlIjowLCJhZGRPbiI6MH0sIm1xUmVxdWVzdHMiOnsiYmFzZSI6MCwiYWRkT24iOjB9LCJleHRlcm5hbElkZW50aXR5Ijp0cnVlLCJtcUFkdmFuY2VkRmVhdHVyZXMiOnsiZW5hYmxlZCI6ZmFsc2V9LCJ2cGNzIjp7ImFzc2lnbmVkIjowLCJyZWFzc2lnbmVkIjowfSwiaHlicmlkSW5zaWdodCI6ZmFsc2UsImRlc2lnbkNlbnRlciI6eyJtb3phcnQiOmZhbHNlLCJhcGkiOmZhbHNlfSwib2JqZWN0U3RvcmVSZXF1ZXN0VW5pdHMiOnsiYmFzZSI6MTUwMDAwMDAsImFkZE9uIjowfSwib2JqZWN0U3RvcmVLZXlzIjp7ImJhc2UiOjEwMDAwMCwiYWRkT24iOjB9LCJjYW0iOnsiZW5hYmxlZCI6ZmFsc2V9LCJsb2FkQmFsYW5jZXIiOnsiYXNzaWduZWQiOjAsInJlYXNzaWduZWQiOjB9LCJtZXNzYWdpbmciOnsiYXNzaWduZWQiOjB9fSwiZXh0ZXJuYWxBdXRob3JpemF0aW9uIjp0cnVlLCJleHRlcm5hbEF1dGhvcml6YXRpb25Qcm92aWRlciI6eyJuYW1lIjoiUG9ydGFsIEFwcGxpY2F0aW9uIE1hbmFnZW1lbnQgU3lzdGVtIChQQU1TKSIsInVybCI6Imh0dHBzOi8vd3NneC10ZXN0LmNpc2NvLmNvbS9wYW1zL2x0L2NlcG1TZXJ2aWNlL3YxLjUvbWdyc3J2cyIsInZlcnNpb24iOiIxLjUifSwiaWRlbnRpdHlNYW5hZ2VtZW50Ijp7InR5cGUiOiJQaW5nRmVkZXJhdGUifSwib2F1dGgyU2V0dGluZ3MiOnsiYXV0aG9yaXphdGlvbkdyYW50cyI6WyJjb2RlIiwidG9rZW4iLCJvd25lciIsImNyZWRlbnRpYWxzIl0sImF1dGhvcml6YXRpb25VcmkiOiJodHRwczovL2Nsb3Vkc3NvLXRlc3QuY2lzY28uY29tL2FzL2F1dGhvcml6YXRpb24ub2F1dGgyIiwiYWNjZXNzVG9rZW5VcmkiOiJodHRwczovL2Nsb3Vkc3NvLXRlc3QuY2lzY28uY29tL2FzL3Rva2VuLm9hdXRoMiIsImdyYW50VHlwZXMiOlt7Im5hbWUiOiJwYXNzd29yZCIsImxhYmVsIjoiUmVzb3VyY2UgT3duZXIgR3JhbnQiLCJyZXF1aXJlZCI6ZmFsc2UsImV4Y2x1ZGUiOltdLCJkZXBlbmRzIjpbXX0seyJuYW1lIjoiaW1wbGljaXQiLCJsYWJlbCI6IkltcGxpY2l0IEdyYW50IiwicmVxdWlyZWQiOmZhbHNlLCJleGNsdWRlIjpbXSwiZGVwZW5kcyI6W119LHsibmFtZSI6ImNsaWVudF9jcmVkZW50aWFscyIsImxhYmVsIjoiQ2xpZW50IENyZWRlbnRpYWxzIEdyYW50IiwicmVxdWlyZWQiOmZhbHNlLCJleGNsdWRlIjpbXSwiZGVwZW5kcyI6W119LHsibmFtZSI6ImF1dGhvcml6YXRpb25fY29kZSIsImxhYmVsIjoiQXV0aG9yaXphdGlvbiBDb2RlIEdyYW50IiwicmVxdWlyZWQiOmZhbHNlLCJleGNsdWRlIjpbXSwiZGVwZW5kcyI6W119LHsibmFtZSI6InJlZnJlc2hfdG9rZW4iLCJsYWJlbCI6IlJlZnJlc2ggVG9rZW4iLCJyZXF1aXJlZCI6ZmFsc2UsImV4Y2x1ZGUiOltdLCJkZXBlbmRzIjpbImF1dGhvcml6YXRpb25fY29kZSIsInBhc3N3b3JkIl19XX19LCJpbnRlcmFjdGl2ZUxvZ2luIjp0cnVlLCJ0b2tlbiI6ImEyYzg0ODE1LThjYjgtNGE3Ni1iNmU0LTg4MGM3ZTc2MGNlYiIsImlhdCI6MTQ4NjU4Njc4OCwiYXVkIjoiaHR0cDovL2FwaS1wbGF0Zm9ybS1hcGkvcmVwb3NpdG9yeSIsImlzcyI6Imh0dHA6Ly9hcGktcGxhdGZvcm0tYXBpL3JlcG9zaXRvcnkifQ.YOsto-KJMgjQZxFXe6FFipYd8TIh4P1HIlJ5Tg6a9Ps
				Accept=*/*
				Content-Type=application/json; charset=UTF-8
Cookies:		&lt;none&gt;
Body:			&lt;none&gt;
Request method:	POST
Request path:	https://qax.anypoint.mulesoft.com/apiplatform/repository/v2/organizations/5000db95-c5d4-487f-925e-3f82f15a5499/apis/2053/versions/2161/contracts/30273/revoke
Proxy:			&lt;none&gt;
Request params:	&lt;none&gt;
Query params:	&lt;none&gt;
Form params:	&lt;none&gt;
Path params:	&lt;none&gt;
Multiparts:		&lt;none&gt;
Headers:		Authorization=Bearer eyJ0eXAiOiJKV1QiLCJhbGciOiJIUzI1NiJ9.eyJpZCI6IjUwMDAzN2NkLTJjZmQtNGRhNC1iZWQ3LTU3Mzg0ZGViMDYyYiIsImZpcnN0TmFtZSI6IkZlZGVyYXRlZCIsImxhc3ROYW1lIjoiRXh0ZXJuYWwiLCJlbWFpbCI6ImNocmlzdG9waGVyLm1vcmR1ZUBtdWxlc29mdC5jb20iLCJ1c2VybmFtZSI6ImZlZGVyYXRlZF9leHRlcm5hbCIsIm9yZ2FuaXphdGlvbiI6eyJpZCI6IjUwMDBkYjk1LWM1ZDQtNDg3Zi05MjVlLTNmODJmMTVhNTQ5OSIsIm5hbWUiOiJGZWRlcmF0ZWQgSW5jIEV4dGVybmFsIEF1dGhvcml6YXRpb24iLCJkb21haW4iOiJmZWRlcmF0ZWQtZXh0ZXJuYWwiLCJlbnRpdGxlbWVudHMiOnsiaHlicmlkIjp7ImVuYWJsZWQiOmZhbHNlfSwiY3JlYXRlU3ViT3JncyI6dHJ1ZSwidkNvcmVzUHJvZHVjdGlvbiI6eyJhc3NpZ25lZCI6MSwicmVhc3NpZ25lZCI6MH0sInZDb3Jlc1NhbmRib3giOnsiYXNzaWduZWQiOjEsInJlYXNzaWduZWQiOjB9LCJnbG9iYWxEZXBsb3ltZW50IjpmYWxzZSwid29ya2VyTG9nZ2luZ092ZXJyaWRlIjp7ImVuYWJsZWQiOmZhbHNlfSwiZ2F0ZXdheXMiOnsiYXNzaWduZWQiOjB9LCJjcmVhdGVFbnZpcm9ubWVudHMiOnRydWUsInBhcnRuZXJzUHJvZHVjdGlvbiI6eyJhc3NpZ25lZCI6MH0sInBhcnRuZXJzU2FuZGJveCI6eyJhc3NpZ25lZCI6MH0sImF1dG9zY2FsaW5nIjpmYWxzZSwic3RhdGljSXBzIjp7ImFzc2lnbmVkIjowLCJyZWFzc2lnbmVkIjowfSwiYXJtQWxlcnRzIjpmYWxzZSwiYXBpcyI6eyJlbmFibGVkIjp0cnVlfSwibXFNZXNzYWdlcyI6eyJiYXNlIjowLCJhZGRPbiI6MH0sIm1xUmVxdWVzdHMiOnsiYmFzZSI6MCwiYWRkT24iOjB9LCJleHRlcm5hbElkZW50aXR5Ijp0cnVlLCJtcUFkdmFuY2VkRmVhdHVyZXMiOnsiZW5hYmxlZCI6ZmFsc2V9LCJ2cGNzIjp7ImFzc2lnbmVkIjowLCJyZWFzc2lnbmVkIjowfSwiaHlicmlkSW5zaWdodCI6ZmFsc2UsImRlc2lnbkNlbnRlciI6eyJtb3phcnQiOmZhbHNlLCJhcGkiOmZhbHNlfSwib2JqZWN0U3RvcmVSZXF1ZXN0VW5pdHMiOnsiYmFzZSI6MTUwMDAwMDAsImFkZE9uIjowfSwib2JqZWN0U3RvcmVLZXlzIjp7ImJhc2UiOjEwMDAwMCwiYWRkT24iOjB9LCJjYW0iOnsiZW5hYmxlZCI6ZmFsc2V9LCJsb2FkQmFsYW5jZXIiOnsiYXNzaWduZWQiOjAsInJlYXNzaWduZWQiOjB9LCJtZXNzYWdpbmciOnsiYXNzaWduZWQiOjB9fSwiZXh0ZXJuYWxBdXRob3JpemF0aW9uIjp0cnVlLCJleHRlcm5hbEF1dGhvcml6YXRpb25Qcm92aWRlciI6eyJuYW1lIjoiUG9ydGFsIEFwcGxpY2F0aW9uIE1hbmFnZW1lbnQgU3lzdGVtIChQQU1TKSIsInVybCI6Imh0dHBzOi8vd3NneC10ZXN0LmNpc2NvLmNvbS9wYW1zL2x0L2NlcG1TZXJ2aWNlL3YxLjUvbWdyc3J2cyIsInZlcnNpb24iOiIxLjUifSwiaWRlbnRpdHlNYW5hZ2VtZW50Ijp7InR5cGUiOiJQaW5nRmVkZXJhdGUifSwib2F1dGgyU2V0dGluZ3MiOnsiYXV0aG9yaXphdGlvbkdyYW50cyI6WyJjb2RlIiwidG9rZW4iLCJvd25lciIsImNyZWRlbnRpYWxzIl0sImF1dGhvcml6YXRpb25VcmkiOiJodHRwczovL2Nsb3Vkc3NvLXRlc3QuY2lzY28uY29tL2FzL2F1dGhvcml6YXRpb24ub2F1dGgyIiwiYWNjZXNzVG9rZW5VcmkiOiJodHRwczovL2Nsb3Vkc3NvLXRlc3QuY2lzY28uY29tL2FzL3Rva2VuLm9hdXRoMiIsImdyYW50VHlwZXMiOlt7Im5hbWUiOiJwYXNzd29yZCIsImxhYmVsIjoiUmVzb3VyY2UgT3duZXIgR3JhbnQiLCJyZXF1aXJlZCI6ZmFsc2UsImV4Y2x1ZGUiOltdLCJkZXBlbmRzIjpbXX0seyJuYW1lIjoiaW1wbGljaXQiLCJsYWJlbCI6IkltcGxpY2l0IEdyYW50IiwicmVxdWlyZWQiOmZhbHNlLCJleGNsdWRlIjpbXSwiZGVwZW5kcyI6W119LHsibmFtZSI6ImNsaWVudF9jcmVkZW50aWFscyIsImxhYmVsIjoiQ2xpZW50IENyZWRlbnRpYWxzIEdyYW50IiwicmVxdWlyZWQiOmZhbHNlLCJleGNsdWRlIjpbXSwiZGVwZW5kcyI6W119LHsibmFtZSI6ImF1dGhvcml6YXRpb25fY29kZSIsImxhYmVsIjoiQXV0aG9yaXphdGlvbiBDb2RlIEdyYW50IiwicmVxdWlyZWQiOmZhbHNlLCJleGNsdWRlIjpbXSwiZGVwZW5kcyI6W119LHsibmFtZSI6InJlZnJlc2hfdG9rZW4iLCJsYWJlbCI6IlJlZnJlc2ggVG9rZW4iLCJyZXF1aXJlZCI6ZmFsc2UsImV4Y2x1ZGUiOltdLCJkZXBlbmRzIjpbImF1dGhvcml6YXRpb25fY29kZSIsInBhc3N3b3JkIl19XX19LCJpbnRlcmFjdGl2ZUxvZ2luIjp0cnVlLCJ0b2tlbiI6ImEyYzg0ODE1LThjYjgtNGE3Ni1iNmU0LTg4MGM3ZTc2MGNlYiIsImlhdCI6MTQ4NjU4Njc4OCwiYXVkIjoiaHR0cDovL2FwaS1wbGF0Zm9ybS1hcGkvcmVwb3NpdG9yeSIsImlzcyI6Imh0dHA6Ly9hcGktcGxhdGZvcm0tYXBpL3JlcG9zaXRvcnkifQ.YOsto-KJMgjQZxFXe6FFipYd8TIh4P1HIlJ5Tg6a9Ps
				Accept=*/*
				Content-Type=application/json; charset=UTF-8
Cookies:		&lt;none&gt;
Body:			&lt;none&gt;
Request method:	POST
Request path:	https://qax.anypoint.mulesoft.com/apiplatform/repository/v2/organizations/5000db95-c5d4-487f-925e-3f82f15a5499/apis/2053/versions/2161/contracts/30218/revoke
Proxy:			&lt;none&gt;
Request params:	&lt;none&gt;
Query params:	&lt;none&gt;
Form params:	&lt;none&gt;
Path params:	&lt;none&gt;
Multiparts:		&lt;none&gt;
Headers:		Authorization=Bearer eyJ0eXAiOiJKV1QiLCJhbGciOiJIUzI1NiJ9.eyJpZCI6IjUwMDAzN2NkLTJjZmQtNGRhNC1iZWQ3LTU3Mzg0ZGViMDYyYiIsImZpcnN0TmFtZSI6IkZlZGVyYXRlZCIsImxhc3ROYW1lIjoiRXh0ZXJuYWwiLCJlbWFpbCI6ImNocmlzdG9waGVyLm1vcmR1ZUBtdWxlc29mdC5jb20iLCJ1c2VybmFtZSI6ImZlZGVyYXRlZF9leHRlcm5hbCIsIm9yZ2FuaXphdGlvbiI6eyJpZCI6IjUwMDBkYjk1LWM1ZDQtNDg3Zi05MjVlLTNmODJmMTVhNTQ5OSIsIm5hbWUiOiJGZWRlcmF0ZWQgSW5jIEV4dGVybmFsIEF1dGhvcml6YXRpb24iLCJkb21haW4iOiJmZWRlcmF0ZWQtZXh0ZXJuYWwiLCJlbnRpdGxlbWVudHMiOnsiaHlicmlkIjp7ImVuYWJsZWQiOmZhbHNlfSwiY3JlYXRlU3ViT3JncyI6dHJ1ZSwidkNvcmVzUHJvZHVjdGlvbiI6eyJhc3NpZ25lZCI6MSwicmVhc3NpZ25lZCI6MH0sInZDb3Jlc1NhbmRib3giOnsiYXNzaWduZWQiOjEsInJlYXNzaWduZWQiOjB9LCJnbG9iYWxEZXBsb3ltZW50IjpmYWxzZSwid29ya2VyTG9nZ2luZ092ZXJyaWRlIjp7ImVuYWJsZWQiOmZhbHNlfSwiZ2F0ZXdheXMiOnsiYXNzaWduZWQiOjB9LCJjcmVhdGVFbnZpcm9ubWVudHMiOnRydWUsInBhcnRuZXJzUHJvZHVjdGlvbiI6eyJhc3NpZ25lZCI6MH0sInBhcnRuZXJzU2FuZGJveCI6eyJhc3NpZ25lZCI6MH0sImF1dG9zY2FsaW5nIjpmYWxzZSwic3RhdGljSXBzIjp7ImFzc2lnbmVkIjowLCJyZWFzc2lnbmVkIjowfSwiYXJtQWxlcnRzIjpmYWxzZSwiYXBpcyI6eyJlbmFibGVkIjp0cnVlfSwibXFNZXNzYWdlcyI6eyJiYXNlIjowLCJhZGRPbiI6MH0sIm1xUmVxdWVzdHMiOnsiYmFzZSI6MCwiYWRkT24iOjB9LCJleHRlcm5hbElkZW50aXR5Ijp0cnVlLCJtcUFkdmFuY2VkRmVhdHVyZXMiOnsiZW5hYmxlZCI6ZmFsc2V9LCJ2cGNzIjp7ImFzc2lnbmVkIjowLCJyZWFzc2lnbmVkIjowfSwiaHlicmlkSW5zaWdodCI6ZmFsc2UsImRlc2lnbkNlbnRlciI6eyJtb3phcnQiOmZhbHNlLCJhcGkiOmZhbHNlfSwib2JqZWN0U3RvcmVSZXF1ZXN0VW5pdHMiOnsiYmFzZSI6MTUwMDAwMDAsImFkZE9uIjowfSwib2JqZWN0U3RvcmVLZXlzIjp7ImJhc2UiOjEwMDAwMCwiYWRkT24iOjB9LCJjYW0iOnsiZW5hYmxlZCI6ZmFsc2V9LCJsb2FkQmFsYW5jZXIiOnsiYXNzaWduZWQiOjAsInJlYXNzaWduZWQiOjB9LCJtZXNzYWdpbmciOnsiYXNzaWduZWQiOjB9fSwiZXh0ZXJuYWxBdXRob3JpemF0aW9uIjp0cnVlLCJleHRlcm5hbEF1dGhvcml6YXRpb25Qcm92aWRlciI6eyJuYW1lIjoiUG9ydGFsIEFwcGxpY2F0aW9uIE1hbmFnZW1lbnQgU3lzdGVtIChQQU1TKSIsInVybCI6Imh0dHBzOi8vd3NneC10ZXN0LmNpc2NvLmNvbS9wYW1zL2x0L2NlcG1TZXJ2aWNlL3YxLjUvbWdyc3J2cyIsInZlcnNpb24iOiIxLjUifSwiaWRlbnRpdHlNYW5hZ2VtZW50Ijp7InR5cGUiOiJQaW5nRmVkZXJhdGUifSwib2F1dGgyU2V0dGluZ3MiOnsiYXV0aG9yaXphdGlvbkdyYW50cyI6WyJjb2RlIiwidG9rZW4iLCJvd25lciIsImNyZWRlbnRpYWxzIl0sImF1dGhvcml6YXRpb25VcmkiOiJodHRwczovL2Nsb3Vkc3NvLXRlc3QuY2lzY28uY29tL2FzL2F1dGhvcml6YXRpb24ub2F1dGgyIiwiYWNjZXNzVG9rZW5VcmkiOiJodHRwczovL2Nsb3Vkc3NvLXRlc3QuY2lzY28uY29tL2FzL3Rva2VuLm9hdXRoMiIsImdyYW50VHlwZXMiOlt7Im5hbWUiOiJwYXNzd29yZCIsImxhYmVsIjoiUmVzb3VyY2UgT3duZXIgR3JhbnQiLCJyZXF1aXJlZCI6ZmFsc2UsImV4Y2x1ZGUiOltdLCJkZXBlbmRzIjpbXX0seyJuYW1lIjoiaW1wbGljaXQiLCJsYWJlbCI6IkltcGxpY2l0IEdyYW50IiwicmVxdWlyZWQiOmZhbHNlLCJleGNsdWRlIjpbXSwiZGVwZW5kcyI6W119LHsibmFtZSI6ImNsaWVudF9jcmVkZW50aWFscyIsImxhYmVsIjoiQ2xpZW50IENyZWRlbnRpYWxzIEdyYW50IiwicmVxdWlyZWQiOmZhbHNlLCJleGNsdWRlIjpbXSwiZGVwZW5kcyI6W119LHsibmFtZSI6ImF1dGhvcml6YXRpb25fY29kZSIsImxhYmVsIjoiQXV0aG9yaXphdGlvbiBDb2RlIEdyYW50IiwicmVxdWlyZWQiOmZhbHNlLCJleGNsdWRlIjpbXSwiZGVwZW5kcyI6W119LHsibmFtZSI6InJlZnJlc2hfdG9rZW4iLCJsYWJlbCI6IlJlZnJlc2ggVG9rZW4iLCJyZXF1aXJlZCI6ZmFsc2UsImV4Y2x1ZGUiOltdLCJkZXBlbmRzIjpbImF1dGhvcml6YXRpb25fY29kZSIsInBhc3N3b3JkIl19XX19LCJpbnRlcmFjdGl2ZUxvZ2luIjp0cnVlLCJ0b2tlbiI6ImEyYzg0ODE1LThjYjgtNGE3Ni1iNmU0LTg4MGM3ZTc2MGNlYiIsImlhdCI6MTQ4NjU4Njc4OCwiYXVkIjoiaHR0cDovL2FwaS1wbGF0Zm9ybS1hcGkvcmVwb3NpdG9yeSIsImlzcyI6Imh0dHA6Ly9hcGktcGxhdGZvcm0tYXBpL3JlcG9zaXRvcnkifQ.YOsto-KJMgjQZxFXe6FFipYd8TIh4P1HIlJ5Tg6a9Ps
				Accept=*/*
				Content-Type=application/json; charset=UTF-8
Cookies:		&lt;none&gt;
Body:			&lt;none&gt;
Request method:	POST
Request path:	https://qax.anypoint.mulesoft.com/apiplatform/repository/v2/organizations/5000db95-c5d4-487f-925e-3f82f15a5499/apis/2053/versions/2161/contracts/30204/revoke
Proxy:			&lt;none&gt;
Request params:	&lt;none&gt;
Query params:	&lt;none&gt;
Form params:	&lt;none&gt;
Path params:	&lt;none&gt;
Multiparts:		&lt;none&gt;
Headers:		Authorization=Bearer eyJ0eXAiOiJKV1QiLCJhbGciOiJIUzI1NiJ9.eyJpZCI6IjUwMDAzN2NkLTJjZmQtNGRhNC1iZWQ3LTU3Mzg0ZGViMDYyYiIsImZpcnN0TmFtZSI6IkZlZGVyYXRlZCIsImxhc3ROYW1lIjoiRXh0ZXJuYWwiLCJlbWFpbCI6ImNocmlzdG9waGVyLm1vcmR1ZUBtdWxlc29mdC5jb20iLCJ1c2VybmFtZSI6ImZlZGVyYXRlZF9leHRlcm5hbCIsIm9yZ2FuaXphdGlvbiI6eyJpZCI6IjUwMDBkYjk1LWM1ZDQtNDg3Zi05MjVlLTNmODJmMTVhNTQ5OSIsIm5hbWUiOiJGZWRlcmF0ZWQgSW5jIEV4dGVybmFsIEF1dGhvcml6YXRpb24iLCJkb21haW4iOiJmZWRlcmF0ZWQtZXh0ZXJuYWwiLCJlbnRpdGxlbWVudHMiOnsiaHlicmlkIjp7ImVuYWJsZWQiOmZhbHNlfSwiY3JlYXRlU3ViT3JncyI6dHJ1ZSwidkNvcmVzUHJvZHVjdGlvbiI6eyJhc3NpZ25lZCI6MSwicmVhc3NpZ25lZCI6MH0sInZDb3Jlc1NhbmRib3giOnsiYXNzaWduZWQiOjEsInJlYXNzaWduZWQiOjB9LCJnbG9iYWxEZXBsb3ltZW50IjpmYWxzZSwid29ya2VyTG9nZ2luZ092ZXJyaWRlIjp7ImVuYWJsZWQiOmZhbHNlfSwiZ2F0ZXdheXMiOnsiYXNzaWduZWQiOjB9LCJjcmVhdGVFbnZpcm9ubWVudHMiOnRydWUsInBhcnRuZXJzUHJvZHVjdGlvbiI6eyJhc3NpZ25lZCI6MH0sInBhcnRuZXJzU2FuZGJveCI6eyJhc3NpZ25lZCI6MH0sImF1dG9zY2FsaW5nIjpmYWxzZSwic3RhdGljSXBzIjp7ImFzc2lnbmVkIjowLCJyZWFzc2lnbmVkIjowfSwiYXJtQWxlcnRzIjpmYWxzZSwiYXBpcyI6eyJlbmFibGVkIjp0cnVlfSwibXFNZXNzYWdlcyI6eyJiYXNlIjowLCJhZGRPbiI6MH0sIm1xUmVxdWVzdHMiOnsiYmFzZSI6MCwiYWRkT24iOjB9LCJleHRlcm5hbElkZW50aXR5Ijp0cnVlLCJtcUFkdmFuY2VkRmVhdHVyZXMiOnsiZW5hYmxlZCI6ZmFsc2V9LCJ2cGNzIjp7ImFzc2lnbmVkIjowLCJyZWFzc2lnbmVkIjowfSwiaHlicmlkSW5zaWdodCI6ZmFsc2UsImRlc2lnbkNlbnRlciI6eyJtb3phcnQiOmZhbHNlLCJhcGkiOmZhbHNlfSwib2JqZWN0U3RvcmVSZXF1ZXN0VW5pdHMiOnsiYmFzZSI6MTUwMDAwMDAsImFkZE9uIjowfSwib2JqZWN0U3RvcmVLZXlzIjp7ImJhc2UiOjEwMDAwMCwiYWRkT24iOjB9LCJjYW0iOnsiZW5hYmxlZCI6ZmFsc2V9LCJsb2FkQmFsYW5jZXIiOnsiYXNzaWduZWQiOjAsInJlYXNzaWduZWQiOjB9LCJtZXNzYWdpbmciOnsiYXNzaWduZWQiOjB9fSwiZXh0ZXJuYWxBdXRob3JpemF0aW9uIjp0cnVlLCJleHRlcm5hbEF1dGhvcml6YXRpb25Qcm92aWRlciI6eyJuYW1lIjoiUG9ydGFsIEFwcGxpY2F0aW9uIE1hbmFnZW1lbnQgU3lzdGVtIChQQU1TKSIsInVybCI6Imh0dHBzOi8vd3NneC10ZXN0LmNpc2NvLmNvbS9wYW1zL2x0L2NlcG1TZXJ2aWNlL3YxLjUvbWdyc3J2cyIsInZlcnNpb24iOiIxLjUifSwiaWRlbnRpdHlNYW5hZ2VtZW50Ijp7InR5cGUiOiJQaW5nRmVkZXJhdGUifSwib2F1dGgyU2V0dGluZ3MiOnsiYXV0aG9yaXphdGlvbkdyYW50cyI6WyJjb2RlIiwidG9rZW4iLCJvd25lciIsImNyZWRlbnRpYWxzIl0sImF1dGhvcml6YXRpb25VcmkiOiJodHRwczovL2Nsb3Vkc3NvLXRlc3QuY2lzY28uY29tL2FzL2F1dGhvcml6YXRpb24ub2F1dGgyIiwiYWNjZXNzVG9rZW5VcmkiOiJodHRwczovL2Nsb3Vkc3NvLXRlc3QuY2lzY28uY29tL2FzL3Rva2VuLm9hdXRoMiIsImdyYW50VHlwZXMiOlt7Im5hbWUiOiJwYXNzd29yZCIsImxhYmVsIjoiUmVzb3VyY2UgT3duZXIgR3JhbnQiLCJyZXF1aXJlZCI6ZmFsc2UsImV4Y2x1ZGUiOltdLCJkZXBlbmRzIjpbXX0seyJuYW1lIjoiaW1wbGljaXQiLCJsYWJlbCI6IkltcGxpY2l0IEdyYW50IiwicmVxdWlyZWQiOmZhbHNlLCJleGNsdWRlIjpbXSwiZGVwZW5kcyI6W119LHsibmFtZSI6ImNsaWVudF9jcmVkZW50aWFscyIsImxhYmVsIjoiQ2xpZW50IENyZWRlbnRpYWxzIEdyYW50IiwicmVxdWlyZWQiOmZhbHNlLCJleGNsdWRlIjpbXSwiZGVwZW5kcyI6W119LHsibmFtZSI6ImF1dGhvcml6YXRpb25fY29kZSIsImxhYmVsIjoiQXV0aG9yaXphdGlvbiBDb2RlIEdyYW50IiwicmVxdWlyZWQiOmZhbHNlLCJleGNsdWRlIjpbXSwiZGVwZW5kcyI6W119LHsibmFtZSI6InJlZnJlc2hfdG9rZW4iLCJsYWJlbCI6IlJlZnJlc2ggVG9rZW4iLCJyZXF1aXJlZCI6ZmFsc2UsImV4Y2x1ZGUiOltdLCJkZXBlbmRzIjpbImF1dGhvcml6YXRpb25fY29kZSIsInBhc3N3b3JkIl19XX19LCJpbnRlcmFjdGl2ZUxvZ2luIjp0cnVlLCJ0b2tlbiI6ImEyYzg0ODE1LThjYjgtNGE3Ni1iNmU0LTg4MGM3ZTc2MGNlYiIsImlhdCI6MTQ4NjU4Njc4OCwiYXVkIjoiaHR0cDovL2FwaS1wbGF0Zm9ybS1hcGkvcmVwb3NpdG9yeSIsImlzcyI6Imh0dHA6Ly9hcGktcGxhdGZvcm0tYXBpL3JlcG9zaXRvcnkifQ.YOsto-KJMgjQZxFXe6FFipYd8TIh4P1HIlJ5Tg6a9Ps
				Accept=*/*
				Content-Type=application/json; charset=UTF-8
Cookies:		&lt;none&gt;
Body:			&lt;none&gt;
Request method:	POST
Request path:	https://qax.anypoint.mulesoft.com/apiplatform/repository/v2/organizations/5000db95-c5d4-487f-925e-3f82f15a5499/apis/2053/versions/2161/contracts/30214/revoke
Proxy:			&lt;none&gt;
Request params:	&lt;none&gt;
Query params:	&lt;none&gt;
Form params:	&lt;none&gt;
Path params:	&lt;none&gt;
Multiparts:		&lt;none&gt;
Headers:		Authorization=Bearer eyJ0eXAiOiJKV1QiLCJhbGciOiJIUzI1NiJ9.eyJpZCI6IjUwMDAzN2NkLTJjZmQtNGRhNC1iZWQ3LTU3Mzg0ZGViMDYyYiIsImZpcnN0TmFtZSI6IkZlZGVyYXRlZCIsImxhc3ROYW1lIjoiRXh0ZXJuYWwiLCJlbWFpbCI6ImNocmlzdG9waGVyLm1vcmR1ZUBtdWxlc29mdC5jb20iLCJ1c2VybmFtZSI6ImZlZGVyYXRlZF9leHRlcm5hbCIsIm9yZ2FuaXphdGlvbiI6eyJpZCI6IjUwMDBkYjk1LWM1ZDQtNDg3Zi05MjVlLTNmODJmMTVhNTQ5OSIsIm5hbWUiOiJGZWRlcmF0ZWQgSW5jIEV4dGVybmFsIEF1dGhvcml6YXRpb24iLCJkb21haW4iOiJmZWRlcmF0ZWQtZXh0ZXJuYWwiLCJlbnRpdGxlbWVudHMiOnsiaHlicmlkIjp7ImVuYWJsZWQiOmZhbHNlfSwiY3JlYXRlU3ViT3JncyI6dHJ1ZSwidkNvcmVzUHJvZHVjdGlvbiI6eyJhc3NpZ25lZCI6MSwicmVhc3NpZ25lZCI6MH0sInZDb3Jlc1NhbmRib3giOnsiYXNzaWduZWQiOjEsInJlYXNzaWduZWQiOjB9LCJnbG9iYWxEZXBsb3ltZW50IjpmYWxzZSwid29ya2VyTG9nZ2luZ092ZXJyaWRlIjp7ImVuYWJsZWQiOmZhbHNlfSwiZ2F0ZXdheXMiOnsiYXNzaWduZWQiOjB9LCJjcmVhdGVFbnZpcm9ubWVudHMiOnRydWUsInBhcnRuZXJzUHJvZHVjdGlvbiI6eyJhc3NpZ25lZCI6MH0sInBhcnRuZXJzU2FuZGJveCI6eyJhc3NpZ25lZCI6MH0sImF1dG9zY2FsaW5nIjpmYWxzZSwic3RhdGljSXBzIjp7ImFzc2lnbmVkIjowLCJyZWFzc2lnbmVkIjowfSwiYXJtQWxlcnRzIjpmYWxzZSwiYXBpcyI6eyJlbmFibGVkIjp0cnVlfSwibXFNZXNzYWdlcyI6eyJiYXNlIjowLCJhZGRPbiI6MH0sIm1xUmVxdWVzdHMiOnsiYmFzZSI6MCwiYWRkT24iOjB9LCJleHRlcm5hbElkZW50aXR5Ijp0cnVlLCJtcUFkdmFuY2VkRmVhdHVyZXMiOnsiZW5hYmxlZCI6ZmFsc2V9LCJ2cGNzIjp7ImFzc2lnbmVkIjowLCJyZWFzc2lnbmVkIjowfSwiaHlicmlkSW5zaWdodCI6ZmFsc2UsImRlc2lnbkNlbnRlciI6eyJtb3phcnQiOmZhbHNlLCJhcGkiOmZhbHNlfSwib2JqZWN0U3RvcmVSZXF1ZXN0VW5pdHMiOnsiYmFzZSI6MTUwMDAwMDAsImFkZE9uIjowfSwib2JqZWN0U3RvcmVLZXlzIjp7ImJhc2UiOjEwMDAwMCwiYWRkT24iOjB9LCJjYW0iOnsiZW5hYmxlZCI6ZmFsc2V9LCJsb2FkQmFsYW5jZXIiOnsiYXNzaWduZWQiOjAsInJlYXNzaWduZWQiOjB9LCJtZXNzYWdpbmciOnsiYXNzaWduZWQiOjB9fSwiZXh0ZXJuYWxBdXRob3JpemF0aW9uIjp0cnVlLCJleHRlcm5hbEF1dGhvcml6YXRpb25Qcm92aWRlciI6eyJuYW1lIjoiUG9ydGFsIEFwcGxpY2F0aW9uIE1hbmFnZW1lbnQgU3lzdGVtIChQQU1TKSIsInVybCI6Imh0dHBzOi8vd3NneC10ZXN0LmNpc2NvLmNvbS9wYW1zL2x0L2NlcG1TZXJ2aWNlL3YxLjUvbWdyc3J2cyIsInZlcnNpb24iOiIxLjUifSwiaWRlbnRpdHlNYW5hZ2VtZW50Ijp7InR5cGUiOiJQaW5nRmVkZXJhdGUifSwib2F1dGgyU2V0dGluZ3MiOnsiYXV0aG9yaXphdGlvbkdyYW50cyI6WyJjb2RlIiwidG9rZW4iLCJvd25lciIsImNyZWRlbnRpYWxzIl0sImF1dGhvcml6YXRpb25VcmkiOiJodHRwczovL2Nsb3Vkc3NvLXRlc3QuY2lzY28uY29tL2FzL2F1dGhvcml6YXRpb24ub2F1dGgyIiwiYWNjZXNzVG9rZW5VcmkiOiJodHRwczovL2Nsb3Vkc3NvLXRlc3QuY2lzY28uY29tL2FzL3Rva2VuLm9hdXRoMiIsImdyYW50VHlwZXMiOlt7Im5hbWUiOiJwYXNzd29yZCIsImxhYmVsIjoiUmVzb3VyY2UgT3duZXIgR3JhbnQiLCJyZXF1aXJlZCI6ZmFsc2UsImV4Y2x1ZGUiOltdLCJkZXBlbmRzIjpbXX0seyJuYW1lIjoiaW1wbGljaXQiLCJsYWJlbCI6IkltcGxpY2l0IEdyYW50IiwicmVxdWlyZWQiOmZhbHNlLCJleGNsdWRlIjpbXSwiZGVwZW5kcyI6W119LHsibmFtZSI6ImNsaWVudF9jcmVkZW50aWFscyIsImxhYmVsIjoiQ2xpZW50IENyZWRlbnRpYWxzIEdyYW50IiwicmVxdWlyZWQiOmZhbHNlLCJleGNsdWRlIjpbXSwiZGVwZW5kcyI6W119LHsibmFtZSI6ImF1dGhvcml6YXRpb25fY29kZSIsImxhYmVsIjoiQXV0aG9yaXphdGlvbiBDb2RlIEdyYW50IiwicmVxdWlyZWQiOmZhbHNlLCJleGNsdWRlIjpbXSwiZGVwZW5kcyI6W119LHsibmFtZSI6InJlZnJlc2hfdG9rZW4iLCJsYWJlbCI6IlJlZnJlc2ggVG9rZW4iLCJyZXF1aXJlZCI6ZmFsc2UsImV4Y2x1ZGUiOltdLCJkZXBlbmRzIjpbImF1dGhvcml6YXRpb25fY29kZSIsInBhc3N3b3JkIl19XX19LCJpbnRlcmFjdGl2ZUxvZ2luIjp0cnVlLCJ0b2tlbiI6ImEyYzg0ODE1LThjYjgtNGE3Ni1iNmU0LTg4MGM3ZTc2MGNlYiIsImlhdCI6MTQ4NjU4Njc4OCwiYXVkIjoiaHR0cDovL2FwaS1wbGF0Zm9ybS1hcGkvcmVwb3NpdG9yeSIsImlzcyI6Imh0dHA6Ly9hcGktcGxhdGZvcm0tYXBpL3JlcG9zaXRvcnkifQ.YOsto-KJMgjQZxFXe6FFipYd8TIh4P1HIlJ5Tg6a9Ps
				Accept=*/*
				Content-Type=application/json; charset=UTF-8
Cookies:		&lt;none&gt;
Body:			&lt;none&gt;
Request method:	POST
Request path:	https://qax.anypoint.mulesoft.com/apiplatform/repository/v2/organizations/5000db95-c5d4-487f-925e-3f82f15a5499/apis/2053/versions/2161/contracts/30253/revoke
Proxy:			&lt;none&gt;
Request params:	&lt;none&gt;
Query params:	&lt;none&gt;
Form params:	&lt;none&gt;
Path params:	&lt;none&gt;
Multiparts:		&lt;none&gt;
Headers:		Authorization=Bearer eyJ0eXAiOiJKV1QiLCJhbGciOiJIUzI1NiJ9.eyJpZCI6IjUwMDAzN2NkLTJjZmQtNGRhNC1iZWQ3LTU3Mzg0ZGViMDYyYiIsImZpcnN0TmFtZSI6IkZlZGVyYXRlZCIsImxhc3ROYW1lIjoiRXh0ZXJuYWwiLCJlbWFpbCI6ImNocmlzdG9waGVyLm1vcmR1ZUBtdWxlc29mdC5jb20iLCJ1c2VybmFtZSI6ImZlZGVyYXRlZF9leHRlcm5hbCIsIm9yZ2FuaXphdGlvbiI6eyJpZCI6IjUwMDBkYjk1LWM1ZDQtNDg3Zi05MjVlLTNmODJmMTVhNTQ5OSIsIm5hbWUiOiJGZWRlcmF0ZWQgSW5jIEV4dGVybmFsIEF1dGhvcml6YXRpb24iLCJkb21haW4iOiJmZWRlcmF0ZWQtZXh0ZXJuYWwiLCJlbnRpdGxlbWVudHMiOnsiaHlicmlkIjp7ImVuYWJsZWQiOmZhbHNlfSwiY3JlYXRlU3ViT3JncyI6dHJ1ZSwidkNvcmVzUHJvZHVjdGlvbiI6eyJhc3NpZ25lZCI6MSwicmVhc3NpZ25lZCI6MH0sInZDb3Jlc1NhbmRib3giOnsiYXNzaWduZWQiOjEsInJlYXNzaWduZWQiOjB9LCJnbG9iYWxEZXBsb3ltZW50IjpmYWxzZSwid29ya2VyTG9nZ2luZ092ZXJyaWRlIjp7ImVuYWJsZWQiOmZhbHNlfSwiZ2F0ZXdheXMiOnsiYXNzaWduZWQiOjB9LCJjcmVhdGVFbnZpcm9ubWVudHMiOnRydWUsInBhcnRuZXJzUHJvZHVjdGlvbiI6eyJhc3NpZ25lZCI6MH0sInBhcnRuZXJzU2FuZGJveCI6eyJhc3NpZ25lZCI6MH0sImF1dG9zY2FsaW5nIjpmYWxzZSwic3RhdGljSXBzIjp7ImFzc2lnbmVkIjowLCJyZWFzc2lnbmVkIjowfSwiYXJtQWxlcnRzIjpmYWxzZSwiYXBpcyI6eyJlbmFibGVkIjp0cnVlfSwibXFNZXNzYWdlcyI6eyJiYXNlIjowLCJhZGRPbiI6MH0sIm1xUmVxdWVzdHMiOnsiYmFzZSI6MCwiYWRkT24iOjB9LCJleHRlcm5hbElkZW50aXR5Ijp0cnVlLCJtcUFkdmFuY2VkRmVhdHVyZXMiOnsiZW5hYmxlZCI6ZmFsc2V9LCJ2cGNzIjp7ImFzc2lnbmVkIjowLCJyZWFzc2lnbmVkIjowfSwiaHlicmlkSW5zaWdodCI6ZmFsc2UsImRlc2lnbkNlbnRlciI6eyJtb3phcnQiOmZhbHNlLCJhcGkiOmZhbHNlfSwib2JqZWN0U3RvcmVSZXF1ZXN0VW5pdHMiOnsiYmFzZSI6MTUwMDAwMDAsImFkZE9uIjowfSwib2JqZWN0U3RvcmVLZXlzIjp7ImJhc2UiOjEwMDAwMCwiYWRkT24iOjB9LCJjYW0iOnsiZW5hYmxlZCI6ZmFsc2V9LCJsb2FkQmFsYW5jZXIiOnsiYXNzaWduZWQiOjAsInJlYXNzaWduZWQiOjB9LCJtZXNzYWdpbmciOnsiYXNzaWduZWQiOjB9fSwiZXh0ZXJuYWxBdXRob3JpemF0aW9uIjp0cnVlLCJleHRlcm5hbEF1dGhvcml6YXRpb25Qcm92aWRlciI6eyJuYW1lIjoiUG9ydGFsIEFwcGxpY2F0aW9uIE1hbmFnZW1lbnQgU3lzdGVtIChQQU1TKSIsInVybCI6Imh0dHBzOi8vd3NneC10ZXN0LmNpc2NvLmNvbS9wYW1zL2x0L2NlcG1TZXJ2aWNlL3YxLjUvbWdyc3J2cyIsInZlcnNpb24iOiIxLjUifSwiaWRlbnRpdHlNYW5hZ2VtZW50Ijp7InR5cGUiOiJQaW5nRmVkZXJhdGUifSwib2F1dGgyU2V0dGluZ3MiOnsiYXV0aG9yaXphdGlvbkdyYW50cyI6WyJjb2RlIiwidG9rZW4iLCJvd25lciIsImNyZWRlbnRpYWxzIl0sImF1dGhvcml6YXRpb25VcmkiOiJodHRwczovL2Nsb3Vkc3NvLXRlc3QuY2lzY28uY29tL2FzL2F1dGhvcml6YXRpb24ub2F1dGgyIiwiYWNjZXNzVG9rZW5VcmkiOiJodHRwczovL2Nsb3Vkc3NvLXRlc3QuY2lzY28uY29tL2FzL3Rva2VuLm9hdXRoMiIsImdyYW50VHlwZXMiOlt7Im5hbWUiOiJwYXNzd29yZCIsImxhYmVsIjoiUmVzb3VyY2UgT3duZXIgR3JhbnQiLCJyZXF1aXJlZCI6ZmFsc2UsImV4Y2x1ZGUiOltdLCJkZXBlbmRzIjpbXX0seyJuYW1lIjoiaW1wbGljaXQiLCJsYWJlbCI6IkltcGxpY2l0IEdyYW50IiwicmVxdWlyZWQiOmZhbHNlLCJleGNsdWRlIjpbXSwiZGVwZW5kcyI6W119LHsibmFtZSI6ImNsaWVudF9jcmVkZW50aWFscyIsImxhYmVsIjoiQ2xpZW50IENyZWRlbnRpYWxzIEdyYW50IiwicmVxdWlyZWQiOmZhbHNlLCJleGNsdWRlIjpbXSwiZGVwZW5kcyI6W119LHsibmFtZSI6ImF1dGhvcml6YXRpb25fY29kZSIsImxhYmVsIjoiQXV0aG9yaXphdGlvbiBDb2RlIEdyYW50IiwicmVxdWlyZWQiOmZhbHNlLCJleGNsdWRlIjpbXSwiZGVwZW5kcyI6W119LHsibmFtZSI6InJlZnJlc2hfdG9rZW4iLCJsYWJlbCI6IlJlZnJlc2ggVG9rZW4iLCJyZXF1aXJlZCI6ZmFsc2UsImV4Y2x1ZGUiOltdLCJkZXBlbmRzIjpbImF1dGhvcml6YXRpb25fY29kZSIsInBhc3N3b3JkIl19XX19LCJpbnRlcmFjdGl2ZUxvZ2luIjp0cnVlLCJ0b2tlbiI6ImEyYzg0ODE1LThjYjgtNGE3Ni1iNmU0LTg4MGM3ZTc2MGNlYiIsImlhdCI6MTQ4NjU4Njc4OCwiYXVkIjoiaHR0cDovL2FwaS1wbGF0Zm9ybS1hcGkvcmVwb3NpdG9yeSIsImlzcyI6Imh0dHA6Ly9hcGktcGxhdGZvcm0tYXBpL3JlcG9zaXRvcnkifQ.YOsto-KJMgjQZxFXe6FFipYd8TIh4P1HIlJ5Tg6a9Ps
				Accept=*/*
				Content-Type=application/json; charset=UTF-8
Cookies:		&lt;none&gt;
Body:			&lt;none&gt;
Request method:	POST
Request path:	https://qax.anypoint.mulesoft.com/apiplatform/repository/v2/organizations/5000db95-c5d4-487f-925e-3f82f15a5499/apis/2053/versions/2161/contracts/30281/revoke
Proxy:			&lt;none&gt;
Request params:	&lt;none&gt;
Query params:	&lt;none&gt;
Form params:	&lt;none&gt;
Path params:	&lt;none&gt;
Multiparts:		&lt;none&gt;
Headers:		Authorization=Bearer eyJ0eXAiOiJKV1QiLCJhbGciOiJIUzI1NiJ9.eyJpZCI6IjUwMDAzN2NkLTJjZmQtNGRhNC1iZWQ3LTU3Mzg0ZGViMDYyYiIsImZpcnN0TmFtZSI6IkZlZGVyYXRlZCIsImxhc3ROYW1lIjoiRXh0ZXJuYWwiLCJlbWFpbCI6ImNocmlzdG9waGVyLm1vcmR1ZUBtdWxlc29mdC5jb20iLCJ1c2VybmFtZSI6ImZlZGVyYXRlZF9leHRlcm5hbCIsIm9yZ2FuaXphdGlvbiI6eyJpZCI6IjUwMDBkYjk1LWM1ZDQtNDg3Zi05MjVlLTNmODJmMTVhNTQ5OSIsIm5hbWUiOiJGZWRlcmF0ZWQgSW5jIEV4dGVybmFsIEF1dGhvcml6YXRpb24iLCJkb21haW4iOiJmZWRlcmF0ZWQtZXh0ZXJuYWwiLCJlbnRpdGxlbWVudHMiOnsiaHlicmlkIjp7ImVuYWJsZWQiOmZhbHNlfSwiY3JlYXRlU3ViT3JncyI6dHJ1ZSwidkNvcmVzUHJvZHVjdGlvbiI6eyJhc3NpZ25lZCI6MSwicmVhc3NpZ25lZCI6MH0sInZDb3Jlc1NhbmRib3giOnsiYXNzaWduZWQiOjEsInJlYXNzaWduZWQiOjB9LCJnbG9iYWxEZXBsb3ltZW50IjpmYWxzZSwid29ya2VyTG9nZ2luZ092ZXJyaWRlIjp7ImVuYWJsZWQiOmZhbHNlfSwiZ2F0ZXdheXMiOnsiYXNzaWduZWQiOjB9LCJjcmVhdGVFbnZpcm9ubWVudHMiOnRydWUsInBhcnRuZXJzUHJvZHVjdGlvbiI6eyJhc3NpZ25lZCI6MH0sInBhcnRuZXJzU2FuZGJveCI6eyJhc3NpZ25lZCI6MH0sImF1dG9zY2FsaW5nIjpmYWxzZSwic3RhdGljSXBzIjp7ImFzc2lnbmVkIjowLCJyZWFzc2lnbmVkIjowfSwiYXJtQWxlcnRzIjpmYWxzZSwiYXBpcyI6eyJlbmFibGVkIjp0cnVlfSwibXFNZXNzYWdlcyI6eyJiYXNlIjowLCJhZGRPbiI6MH0sIm1xUmVxdWVzdHMiOnsiYmFzZSI6MCwiYWRkT24iOjB9LCJleHRlcm5hbElkZW50aXR5Ijp0cnVlLCJtcUFkdmFuY2VkRmVhdHVyZXMiOnsiZW5hYmxlZCI6ZmFsc2V9LCJ2cGNzIjp7ImFzc2lnbmVkIjowLCJyZWFzc2lnbmVkIjowfSwiaHlicmlkSW5zaWdodCI6ZmFsc2UsImRlc2lnbkNlbnRlciI6eyJtb3phcnQiOmZhbHNlLCJhcGkiOmZhbHNlfSwib2JqZWN0U3RvcmVSZXF1ZXN0VW5pdHMiOnsiYmFzZSI6MTUwMDAwMDAsImFkZE9uIjowfSwib2JqZWN0U3RvcmVLZXlzIjp7ImJhc2UiOjEwMDAwMCwiYWRkT24iOjB9LCJjYW0iOnsiZW5hYmxlZCI6ZmFsc2V9LCJsb2FkQmFsYW5jZXIiOnsiYXNzaWduZWQiOjAsInJlYXNzaWduZWQiOjB9LCJtZXNzYWdpbmciOnsiYXNzaWduZWQiOjB9fSwiZXh0ZXJuYWxBdXRob3JpemF0aW9uIjp0cnVlLCJleHRlcm5hbEF1dGhvcml6YXRpb25Qcm92aWRlciI6eyJuYW1lIjoiUG9ydGFsIEFwcGxpY2F0aW9uIE1hbmFnZW1lbnQgU3lzdGVtIChQQU1TKSIsInVybCI6Imh0dHBzOi8vd3NneC10ZXN0LmNpc2NvLmNvbS9wYW1zL2x0L2NlcG1TZXJ2aWNlL3YxLjUvbWdyc3J2cyIsInZlcnNpb24iOiIxLjUifSwiaWRlbnRpdHlNYW5hZ2VtZW50Ijp7InR5cGUiOiJQaW5nRmVkZXJhdGUifSwib2F1dGgyU2V0dGluZ3MiOnsiYXV0aG9yaXphdGlvbkdyYW50cyI6WyJjb2RlIiwidG9rZW4iLCJvd25lciIsImNyZWRlbnRpYWxzIl0sImF1dGhvcml6YXRpb25VcmkiOiJodHRwczovL2Nsb3Vkc3NvLXRlc3QuY2lzY28uY29tL2FzL2F1dGhvcml6YXRpb24ub2F1dGgyIiwiYWNjZXNzVG9rZW5VcmkiOiJodHRwczovL2Nsb3Vkc3NvLXRlc3QuY2lzY28uY29tL2FzL3Rva2VuLm9hdXRoMiIsImdyYW50VHlwZXMiOlt7Im5hbWUiOiJwYXNzd29yZCIsImxhYmVsIjoiUmVzb3VyY2UgT3duZXIgR3JhbnQiLCJyZXF1aXJlZCI6ZmFsc2UsImV4Y2x1ZGUiOltdLCJkZXBlbmRzIjpbXX0seyJuYW1lIjoiaW1wbGljaXQiLCJsYWJlbCI6IkltcGxpY2l0IEdyYW50IiwicmVxdWlyZWQiOmZhbHNlLCJleGNsdWRlIjpbXSwiZGVwZW5kcyI6W119LHsibmFtZSI6ImNsaWVudF9jcmVkZW50aWFscyIsImxhYmVsIjoiQ2xpZW50IENyZWRlbnRpYWxzIEdyYW50IiwicmVxdWlyZWQiOmZhbHNlLCJleGNsdWRlIjpbXSwiZGVwZW5kcyI6W119LHsibmFtZSI6ImF1dGhvcml6YXRpb25fY29kZSIsImxhYmVsIjoiQXV0aG9yaXphdGlvbiBDb2RlIEdyYW50IiwicmVxdWlyZWQiOmZhbHNlLCJleGNsdWRlIjpbXSwiZGVwZW5kcyI6W119LHsibmFtZSI6InJlZnJlc2hfdG9rZW4iLCJsYWJlbCI6IlJlZnJlc2ggVG9rZW4iLCJyZXF1aXJlZCI6ZmFsc2UsImV4Y2x1ZGUiOltdLCJkZXBlbmRzIjpbImF1dGhvcml6YXRpb25fY29kZSIsInBhc3N3b3JkIl19XX19LCJpbnRlcmFjdGl2ZUxvZ2luIjp0cnVlLCJ0b2tlbiI6ImEyYzg0ODE1LThjYjgtNGE3Ni1iNmU0LTg4MGM3ZTc2MGNlYiIsImlhdCI6MTQ4NjU4Njc4OCwiYXVkIjoiaHR0cDovL2FwaS1wbGF0Zm9ybS1hcGkvcmVwb3NpdG9yeSIsImlzcyI6Imh0dHA6Ly9hcGktcGxhdGZvcm0tYXBpL3JlcG9zaXRvcnkifQ.YOsto-KJMgjQZxFXe6FFipYd8TIh4P1HIlJ5Tg6a9Ps
				Accept=*/*
				Content-Type=application/json; charset=UTF-8
Cookies:		&lt;none&gt;
Body:			&lt;none&gt;
Request method:	POST
Request path:	https://qax.anypoint.mulesoft.com/apiplatform/repository/v2/organizations/5000db95-c5d4-487f-925e-3f82f15a5499/apis/2053/versions/2161/contracts/30223/revoke
Proxy:			&lt;none&gt;
Request params:	&lt;none&gt;
Query params:	&lt;none&gt;
Form params:	&lt;none&gt;
Path params:	&lt;none&gt;
Multiparts:		&lt;none&gt;
Headers:		Authorization=Bearer eyJ0eXAiOiJKV1QiLCJhbGciOiJIUzI1NiJ9.eyJpZCI6IjUwMDAzN2NkLTJjZmQtNGRhNC1iZWQ3LTU3Mzg0ZGViMDYyYiIsImZpcnN0TmFtZSI6IkZlZGVyYXRlZCIsImxhc3ROYW1lIjoiRXh0ZXJuYWwiLCJlbWFpbCI6ImNocmlzdG9waGVyLm1vcmR1ZUBtdWxlc29mdC5jb20iLCJ1c2VybmFtZSI6ImZlZGVyYXRlZF9leHRlcm5hbCIsIm9yZ2FuaXphdGlvbiI6eyJpZCI6IjUwMDBkYjk1LWM1ZDQtNDg3Zi05MjVlLTNmODJmMTVhNTQ5OSIsIm5hbWUiOiJGZWRlcmF0ZWQgSW5jIEV4dGVybmFsIEF1dGhvcml6YXRpb24iLCJkb21haW4iOiJmZWRlcmF0ZWQtZXh0ZXJuYWwiLCJlbnRpdGxlbWVudHMiOnsiaHlicmlkIjp7ImVuYWJsZWQiOmZhbHNlfSwiY3JlYXRlU3ViT3JncyI6dHJ1ZSwidkNvcmVzUHJvZHVjdGlvbiI6eyJhc3NpZ25lZCI6MSwicmVhc3NpZ25lZCI6MH0sInZDb3Jlc1NhbmRib3giOnsiYXNzaWduZWQiOjEsInJlYXNzaWduZWQiOjB9LCJnbG9iYWxEZXBsb3ltZW50IjpmYWxzZSwid29ya2VyTG9nZ2luZ092ZXJyaWRlIjp7ImVuYWJsZWQiOmZhbHNlfSwiZ2F0ZXdheXMiOnsiYXNzaWduZWQiOjB9LCJjcmVhdGVFbnZpcm9ubWVudHMiOnRydWUsInBhcnRuZXJzUHJvZHVjdGlvbiI6eyJhc3NpZ25lZCI6MH0sInBhcnRuZXJzU2FuZGJveCI6eyJhc3NpZ25lZCI6MH0sImF1dG9zY2FsaW5nIjpmYWxzZSwic3RhdGljSXBzIjp7ImFzc2lnbmVkIjowLCJyZWFzc2lnbmVkIjowfSwiYXJtQWxlcnRzIjpmYWxzZSwiYXBpcyI6eyJlbmFibGVkIjp0cnVlfSwibXFNZXNzYWdlcyI6eyJiYXNlIjowLCJhZGRPbiI6MH0sIm1xUmVxdWVzdHMiOnsiYmFzZSI6MCwiYWRkT24iOjB9LCJleHRlcm5hbElkZW50aXR5Ijp0cnVlLCJtcUFkdmFuY2VkRmVhdHVyZXMiOnsiZW5hYmxlZCI6ZmFsc2V9LCJ2cGNzIjp7ImFzc2lnbmVkIjowLCJyZWFzc2lnbmVkIjowfSwiaHlicmlkSW5zaWdodCI6ZmFsc2UsImRlc2lnbkNlbnRlciI6eyJtb3phcnQiOmZhbHNlLCJhcGkiOmZhbHNlfSwib2JqZWN0U3RvcmVSZXF1ZXN0VW5pdHMiOnsiYmFzZSI6MTUwMDAwMDAsImFkZE9uIjowfSwib2JqZWN0U3RvcmVLZXlzIjp7ImJhc2UiOjEwMDAwMCwiYWRkT24iOjB9LCJjYW0iOnsiZW5hYmxlZCI6ZmFsc2V9LCJsb2FkQmFsYW5jZXIiOnsiYXNzaWduZWQiOjAsInJlYXNzaWduZWQiOjB9LCJtZXNzYWdpbmciOnsiYXNzaWduZWQiOjB9fSwiZXh0ZXJuYWxBdXRob3JpemF0aW9uIjp0cnVlLCJleHRlcm5hbEF1dGhvcml6YXRpb25Qcm92aWRlciI6eyJuYW1lIjoiUG9ydGFsIEFwcGxpY2F0aW9uIE1hbmFnZW1lbnQgU3lzdGVtIChQQU1TKSIsInVybCI6Imh0dHBzOi8vd3NneC10ZXN0LmNpc2NvLmNvbS9wYW1zL2x0L2NlcG1TZXJ2aWNlL3YxLjUvbWdyc3J2cyIsInZlcnNpb24iOiIxLjUifSwiaWRlbnRpdHlNYW5hZ2VtZW50Ijp7InR5cGUiOiJQaW5nRmVkZXJhdGUifSwib2F1dGgyU2V0dGluZ3MiOnsiYXV0aG9yaXphdGlvbkdyYW50cyI6WyJjb2RlIiwidG9rZW4iLCJvd25lciIsImNyZWRlbnRpYWxzIl0sImF1dGhvcml6YXRpb25VcmkiOiJodHRwczovL2Nsb3Vkc3NvLXRlc3QuY2lzY28uY29tL2FzL2F1dGhvcml6YXRpb24ub2F1dGgyIiwiYWNjZXNzVG9rZW5VcmkiOiJodHRwczovL2Nsb3Vkc3NvLXRlc3QuY2lzY28uY29tL2FzL3Rva2VuLm9hdXRoMiIsImdyYW50VHlwZXMiOlt7Im5hbWUiOiJwYXNzd29yZCIsImxhYmVsIjoiUmVzb3VyY2UgT3duZXIgR3JhbnQiLCJyZXF1aXJlZCI6ZmFsc2UsImV4Y2x1ZGUiOltdLCJkZXBlbmRzIjpbXX0seyJuYW1lIjoiaW1wbGljaXQiLCJsYWJlbCI6IkltcGxpY2l0IEdyYW50IiwicmVxdWlyZWQiOmZhbHNlLCJleGNsdWRlIjpbXSwiZGVwZW5kcyI6W119LHsibmFtZSI6ImNsaWVudF9jcmVkZW50aWFscyIsImxhYmVsIjoiQ2xpZW50IENyZWRlbnRpYWxzIEdyYW50IiwicmVxdWlyZWQiOmZhbHNlLCJleGNsdWRlIjpbXSwiZGVwZW5kcyI6W119LHsibmFtZSI6ImF1dGhvcml6YXRpb25fY29kZSIsImxhYmVsIjoiQXV0aG9yaXphdGlvbiBDb2RlIEdyYW50IiwicmVxdWlyZWQiOmZhbHNlLCJleGNsdWRlIjpbXSwiZGVwZW5kcyI6W119LHsibmFtZSI6InJlZnJlc2hfdG9rZW4iLCJsYWJlbCI6IlJlZnJlc2ggVG9rZW4iLCJyZXF1aXJlZCI6ZmFsc2UsImV4Y2x1ZGUiOltdLCJkZXBlbmRzIjpbImF1dGhvcml6YXRpb25fY29kZSIsInBhc3N3b3JkIl19XX19LCJpbnRlcmFjdGl2ZUxvZ2luIjp0cnVlLCJ0b2tlbiI6ImEyYzg0ODE1LThjYjgtNGE3Ni1iNmU0LTg4MGM3ZTc2MGNlYiIsImlhdCI6MTQ4NjU4Njc4OCwiYXVkIjoiaHR0cDovL2FwaS1wbGF0Zm9ybS1hcGkvcmVwb3NpdG9yeSIsImlzcyI6Imh0dHA6Ly9hcGktcGxhdGZvcm0tYXBpL3JlcG9zaXRvcnkifQ.YOsto-KJMgjQZxFXe6FFipYd8TIh4P1HIlJ5Tg6a9Ps
				Accept=*/*
				Content-Type=application/json; charset=UTF-8
Cookies:		&lt;none&gt;
Body:			&lt;none&gt;
Request method:	POST
Request path:	https://qax.anypoint.mulesoft.com/apiplatform/repository/v2/organizations/5000db95-c5d4-487f-925e-3f82f15a5499/apis/2053/versions/2161/contracts/30275/revoke
Proxy:			&lt;none&gt;
Request params:	&lt;none&gt;
Query params:	&lt;none&gt;
Form params:	&lt;none&gt;
Path params:	&lt;none&gt;
Multiparts:		&lt;none&gt;
Headers:		Authorization=Bearer eyJ0eXAiOiJKV1QiLCJhbGciOiJIUzI1NiJ9.eyJpZCI6IjUwMDAzN2NkLTJjZmQtNGRhNC1iZWQ3LTU3Mzg0ZGViMDYyYiIsImZpcnN0TmFtZSI6IkZlZGVyYXRlZCIsImxhc3ROYW1lIjoiRXh0ZXJuYWwiLCJlbWFpbCI6ImNocmlzdG9waGVyLm1vcmR1ZUBtdWxlc29mdC5jb20iLCJ1c2VybmFtZSI6ImZlZGVyYXRlZF9leHRlcm5hbCIsIm9yZ2FuaXphdGlvbiI6eyJpZCI6IjUwMDBkYjk1LWM1ZDQtNDg3Zi05MjVlLTNmODJmMTVhNTQ5OSIsIm5hbWUiOiJGZWRlcmF0ZWQgSW5jIEV4dGVybmFsIEF1dGhvcml6YXRpb24iLCJkb21haW4iOiJmZWRlcmF0ZWQtZXh0ZXJuYWwiLCJlbnRpdGxlbWVudHMiOnsiaHlicmlkIjp7ImVuYWJsZWQiOmZhbHNlfSwiY3JlYXRlU3ViT3JncyI6dHJ1ZSwidkNvcmVzUHJvZHVjdGlvbiI6eyJhc3NpZ25lZCI6MSwicmVhc3NpZ25lZCI6MH0sInZDb3Jlc1NhbmRib3giOnsiYXNzaWduZWQiOjEsInJlYXNzaWduZWQiOjB9LCJnbG9iYWxEZXBsb3ltZW50IjpmYWxzZSwid29ya2VyTG9nZ2luZ092ZXJyaWRlIjp7ImVuYWJsZWQiOmZhbHNlfSwiZ2F0ZXdheXMiOnsiYXNzaWduZWQiOjB9LCJjcmVhdGVFbnZpcm9ubWVudHMiOnRydWUsInBhcnRuZXJzUHJvZHVjdGlvbiI6eyJhc3NpZ25lZCI6MH0sInBhcnRuZXJzU2FuZGJveCI6eyJhc3NpZ25lZCI6MH0sImF1dG9zY2FsaW5nIjpmYWxzZSwic3RhdGljSXBzIjp7ImFzc2lnbmVkIjowLCJyZWFzc2lnbmVkIjowfSwiYXJtQWxlcnRzIjpmYWxzZSwiYXBpcyI6eyJlbmFibGVkIjp0cnVlfSwibXFNZXNzYWdlcyI6eyJiYXNlIjowLCJhZGRPbiI6MH0sIm1xUmVxdWVzdHMiOnsiYmFzZSI6MCwiYWRkT24iOjB9LCJleHRlcm5hbElkZW50aXR5Ijp0cnVlLCJtcUFkdmFuY2VkRmVhdHVyZXMiOnsiZW5hYmxlZCI6ZmFsc2V9LCJ2cGNzIjp7ImFzc2lnbmVkIjowLCJyZWFzc2lnbmVkIjowfSwiaHlicmlkSW5zaWdodCI6ZmFsc2UsImRlc2lnbkNlbnRlciI6eyJtb3phcnQiOmZhbHNlLCJhcGkiOmZhbHNlfSwib2JqZWN0U3RvcmVSZXF1ZXN0VW5pdHMiOnsiYmFzZSI6MTUwMDAwMDAsImFkZE9uIjowfSwib2JqZWN0U3RvcmVLZXlzIjp7ImJhc2UiOjEwMDAwMCwiYWRkT24iOjB9LCJjYW0iOnsiZW5hYmxlZCI6ZmFsc2V9LCJsb2FkQmFsYW5jZXIiOnsiYXNzaWduZWQiOjAsInJlYXNzaWduZWQiOjB9LCJtZXNzYWdpbmciOnsiYXNzaWduZWQiOjB9fSwiZXh0ZXJuYWxBdXRob3JpemF0aW9uIjp0cnVlLCJleHRlcm5hbEF1dGhvcml6YXRpb25Qcm92aWRlciI6eyJuYW1lIjoiUG9ydGFsIEFwcGxpY2F0aW9uIE1hbmFnZW1lbnQgU3lzdGVtIChQQU1TKSIsInVybCI6Imh0dHBzOi8vd3NneC10ZXN0LmNpc2NvLmNvbS9wYW1zL2x0L2NlcG1TZXJ2aWNlL3YxLjUvbWdyc3J2cyIsInZlcnNpb24iOiIxLjUifSwiaWRlbnRpdHlNYW5hZ2VtZW50Ijp7InR5cGUiOiJQaW5nRmVkZXJhdGUifSwib2F1dGgyU2V0dGluZ3MiOnsiYXV0aG9yaXphdGlvbkdyYW50cyI6WyJjb2RlIiwidG9rZW4iLCJvd25lciIsImNyZWRlbnRpYWxzIl0sImF1dGhvcml6YXRpb25VcmkiOiJodHRwczovL2Nsb3Vkc3NvLXRlc3QuY2lzY28uY29tL2FzL2F1dGhvcml6YXRpb24ub2F1dGgyIiwiYWNjZXNzVG9rZW5VcmkiOiJodHRwczovL2Nsb3Vkc3NvLXRlc3QuY2lzY28uY29tL2FzL3Rva2VuLm9hdXRoMiIsImdyYW50VHlwZXMiOlt7Im5hbWUiOiJwYXNzd29yZCIsImxhYmVsIjoiUmVzb3VyY2UgT3duZXIgR3JhbnQiLCJyZXF1aXJlZCI6ZmFsc2UsImV4Y2x1ZGUiOltdLCJkZXBlbmRzIjpbXX0seyJuYW1lIjoiaW1wbGljaXQiLCJsYWJlbCI6IkltcGxpY2l0IEdyYW50IiwicmVxdWlyZWQiOmZhbHNlLCJleGNsdWRlIjpbXSwiZGVwZW5kcyI6W119LHsibmFtZSI6ImNsaWVudF9jcmVkZW50aWFscyIsImxhYmVsIjoiQ2xpZW50IENyZWRlbnRpYWxzIEdyYW50IiwicmVxdWlyZWQiOmZhbHNlLCJleGNsdWRlIjpbXSwiZGVwZW5kcyI6W119LHsibmFtZSI6ImF1dGhvcml6YXRpb25fY29kZSIsImxhYmVsIjoiQXV0aG9yaXphdGlvbiBDb2RlIEdyYW50IiwicmVxdWlyZWQiOmZhbHNlLCJleGNsdWRlIjpbXSwiZGVwZW5kcyI6W119LHsibmFtZSI6InJlZnJlc2hfdG9rZW4iLCJsYWJlbCI6IlJlZnJlc2ggVG9rZW4iLCJyZXF1aXJlZCI6ZmFsc2UsImV4Y2x1ZGUiOltdLCJkZXBlbmRzIjpbImF1dGhvcml6YXRpb25fY29kZSIsInBhc3N3b3JkIl19XX19LCJpbnRlcmFjdGl2ZUxvZ2luIjp0cnVlLCJ0b2tlbiI6ImEyYzg0ODE1LThjYjgtNGE3Ni1iNmU0LTg4MGM3ZTc2MGNlYiIsImlhdCI6MTQ4NjU4Njc4OCwiYXVkIjoiaHR0cDovL2FwaS1wbGF0Zm9ybS1hcGkvcmVwb3NpdG9yeSIsImlzcyI6Imh0dHA6Ly9hcGktcGxhdGZvcm0tYXBpL3JlcG9zaXRvcnkifQ.YOsto-KJMgjQZxFXe6FFipYd8TIh4P1HIlJ5Tg6a9Ps
				Accept=*/*
				Content-Type=application/json; charset=UTF-8
Cookies:		&lt;none&gt;
Body:			&lt;none&gt;
Request method:	POST
Request path:	https://qax.anypoint.mulesoft.com/apiplatform/repository/v2/organizations/5000db95-c5d4-487f-925e-3f82f15a5499/apis/2053/versions/2161/contracts/30226/revoke
Proxy:			&lt;none&gt;
Request params:	&lt;none&gt;
Query params:	&lt;none&gt;
Form params:	&lt;none&gt;
Path params:	&lt;none&gt;
Multiparts:		&lt;none&gt;
Headers:		Authorization=Bearer eyJ0eXAiOiJKV1QiLCJhbGciOiJIUzI1NiJ9.eyJpZCI6IjUwMDAzN2NkLTJjZmQtNGRhNC1iZWQ3LTU3Mzg0ZGViMDYyYiIsImZpcnN0TmFtZSI6IkZlZGVyYXRlZCIsImxhc3ROYW1lIjoiRXh0ZXJuYWwiLCJlbWFpbCI6ImNocmlzdG9waGVyLm1vcmR1ZUBtdWxlc29mdC5jb20iLCJ1c2VybmFtZSI6ImZlZGVyYXRlZF9leHRlcm5hbCIsIm9yZ2FuaXphdGlvbiI6eyJpZCI6IjUwMDBkYjk1LWM1ZDQtNDg3Zi05MjVlLTNmODJmMTVhNTQ5OSIsIm5hbWUiOiJGZWRlcmF0ZWQgSW5jIEV4dGVybmFsIEF1dGhvcml6YXRpb24iLCJkb21haW4iOiJmZWRlcmF0ZWQtZXh0ZXJuYWwiLCJlbnRpdGxlbWVudHMiOnsiaHlicmlkIjp7ImVuYWJsZWQiOmZhbHNlfSwiY3JlYXRlU3ViT3JncyI6dHJ1ZSwidkNvcmVzUHJvZHVjdGlvbiI6eyJhc3NpZ25lZCI6MSwicmVhc3NpZ25lZCI6MH0sInZDb3Jlc1NhbmRib3giOnsiYXNzaWduZWQiOjEsInJlYXNzaWduZWQiOjB9LCJnbG9iYWxEZXBsb3ltZW50IjpmYWxzZSwid29ya2VyTG9nZ2luZ092ZXJyaWRlIjp7ImVuYWJsZWQiOmZhbHNlfSwiZ2F0ZXdheXMiOnsiYXNzaWduZWQiOjB9LCJjcmVhdGVFbnZpcm9ubWVudHMiOnRydWUsInBhcnRuZXJzUHJvZHVjdGlvbiI6eyJhc3NpZ25lZCI6MH0sInBhcnRuZXJzU2FuZGJveCI6eyJhc3NpZ25lZCI6MH0sImF1dG9zY2FsaW5nIjpmYWxzZSwic3RhdGljSXBzIjp7ImFzc2lnbmVkIjowLCJyZWFzc2lnbmVkIjowfSwiYXJtQWxlcnRzIjpmYWxzZSwiYXBpcyI6eyJlbmFibGVkIjp0cnVlfSwibXFNZXNzYWdlcyI6eyJiYXNlIjowLCJhZGRPbiI6MH0sIm1xUmVxdWVzdHMiOnsiYmFzZSI6MCwiYWRkT24iOjB9LCJleHRlcm5hbElkZW50aXR5Ijp0cnVlLCJtcUFkdmFuY2VkRmVhdHVyZXMiOnsiZW5hYmxlZCI6ZmFsc2V9LCJ2cGNzIjp7ImFzc2lnbmVkIjowLCJyZWFzc2lnbmVkIjowfSwiaHlicmlkSW5zaWdodCI6ZmFsc2UsImRlc2lnbkNlbnRlciI6eyJtb3phcnQiOmZhbHNlLCJhcGkiOmZhbHNlfSwib2JqZWN0U3RvcmVSZXF1ZXN0VW5pdHMiOnsiYmFzZSI6MTUwMDAwMDAsImFkZE9uIjowfSwib2JqZWN0U3RvcmVLZXlzIjp7ImJhc2UiOjEwMDAwMCwiYWRkT24iOjB9LCJjYW0iOnsiZW5hYmxlZCI6ZmFsc2V9LCJsb2FkQmFsYW5jZXIiOnsiYXNzaWduZWQiOjAsInJlYXNzaWduZWQiOjB9LCJtZXNzYWdpbmciOnsiYXNzaWduZWQiOjB9fSwiZXh0ZXJuYWxBdXRob3JpemF0aW9uIjp0cnVlLCJleHRlcm5hbEF1dGhvcml6YXRpb25Qcm92aWRlciI6eyJuYW1lIjoiUG9ydGFsIEFwcGxpY2F0aW9uIE1hbmFnZW1lbnQgU3lzdGVtIChQQU1TKSIsInVybCI6Imh0dHBzOi8vd3NneC10ZXN0LmNpc2NvLmNvbS9wYW1zL2x0L2NlcG1TZXJ2aWNlL3YxLjUvbWdyc3J2cyIsInZlcnNpb24iOiIxLjUifSwiaWRlbnRpdHlNYW5hZ2VtZW50Ijp7InR5cGUiOiJQaW5nRmVkZXJhdGUifSwib2F1dGgyU2V0dGluZ3MiOnsiYXV0aG9yaXphdGlvbkdyYW50cyI6WyJjb2RlIiwidG9rZW4iLCJvd25lciIsImNyZWRlbnRpYWxzIl0sImF1dGhvcml6YXRpb25VcmkiOiJodHRwczovL2Nsb3Vkc3NvLXRlc3QuY2lzY28uY29tL2FzL2F1dGhvcml6YXRpb24ub2F1dGgyIiwiYWNjZXNzVG9rZW5VcmkiOiJodHRwczovL2Nsb3Vkc3NvLXRlc3QuY2lzY28uY29tL2FzL3Rva2VuLm9hdXRoMiIsImdyYW50VHlwZXMiOlt7Im5hbWUiOiJwYXNzd29yZCIsImxhYmVsIjoiUmVzb3VyY2UgT3duZXIgR3JhbnQiLCJyZXF1aXJlZCI6ZmFsc2UsImV4Y2x1ZGUiOltdLCJkZXBlbmRzIjpbXX0seyJuYW1lIjoiaW1wbGljaXQiLCJsYWJlbCI6IkltcGxpY2l0IEdyYW50IiwicmVxdWlyZWQiOmZhbHNlLCJleGNsdWRlIjpbXSwiZGVwZW5kcyI6W119LHsibmFtZSI6ImNsaWVudF9jcmVkZW50aWFscyIsImxhYmVsIjoiQ2xpZW50IENyZWRlbnRpYWxzIEdyYW50IiwicmVxdWlyZWQiOmZhbHNlLCJleGNsdWRlIjpbXSwiZGVwZW5kcyI6W119LHsibmFtZSI6ImF1dGhvcml6YXRpb25fY29kZSIsImxhYmVsIjoiQXV0aG9yaXphdGlvbiBDb2RlIEdyYW50IiwicmVxdWlyZWQiOmZhbHNlLCJleGNsdWRlIjpbXSwiZGVwZW5kcyI6W119LHsibmFtZSI6InJlZnJlc2hfdG9rZW4iLCJsYWJlbCI6IlJlZnJlc2ggVG9rZW4iLCJyZXF1aXJlZCI6ZmFsc2UsImV4Y2x1ZGUiOltdLCJkZXBlbmRzIjpbImF1dGhvcml6YXRpb25fY29kZSIsInBhc3N3b3JkIl19XX19LCJpbnRlcmFjdGl2ZUxvZ2luIjp0cnVlLCJ0b2tlbiI6ImEyYzg0ODE1LThjYjgtNGE3Ni1iNmU0LTg4MGM3ZTc2MGNlYiIsImlhdCI6MTQ4NjU4Njc4OCwiYXVkIjoiaHR0cDovL2FwaS1wbGF0Zm9ybS1hcGkvcmVwb3NpdG9yeSIsImlzcyI6Imh0dHA6Ly9hcGktcGxhdGZvcm0tYXBpL3JlcG9zaXRvcnkifQ.YOsto-KJMgjQZxFXe6FFipYd8TIh4P1HIlJ5Tg6a9Ps
				Accept=*/*
				Content-Type=application/json; charset=UTF-8
Cookies:		&lt;none&gt;
Body:			&lt;none&gt;
Request method:	POST
Request path:	https://qax.anypoint.mulesoft.com/apiplatform/repository/v2/organizations/5000db95-c5d4-487f-925e-3f82f15a5499/apis/2053/versions/2161/contracts/30266/revoke
Proxy:			&lt;none&gt;
Request params:	&lt;none&gt;
Query params:	&lt;none&gt;
Form params:	&lt;none&gt;
Path params:	&lt;none&gt;
Multiparts:		&lt;none&gt;
Headers:		Authorization=Bearer eyJ0eXAiOiJKV1QiLCJhbGciOiJIUzI1NiJ9.eyJpZCI6IjUwMDAzN2NkLTJjZmQtNGRhNC1iZWQ3LTU3Mzg0ZGViMDYyYiIsImZpcnN0TmFtZSI6IkZlZGVyYXRlZCIsImxhc3ROYW1lIjoiRXh0ZXJuYWwiLCJlbWFpbCI6ImNocmlzdG9waGVyLm1vcmR1ZUBtdWxlc29mdC5jb20iLCJ1c2VybmFtZSI6ImZlZGVyYXRlZF9leHRlcm5hbCIsIm9yZ2FuaXphdGlvbiI6eyJpZCI6IjUwMDBkYjk1LWM1ZDQtNDg3Zi05MjVlLTNmODJmMTVhNTQ5OSIsIm5hbWUiOiJGZWRlcmF0ZWQgSW5jIEV4dGVybmFsIEF1dGhvcml6YXRpb24iLCJkb21haW4iOiJmZWRlcmF0ZWQtZXh0ZXJuYWwiLCJlbnRpdGxlbWVudHMiOnsiaHlicmlkIjp7ImVuYWJsZWQiOmZhbHNlfSwiY3JlYXRlU3ViT3JncyI6dHJ1ZSwidkNvcmVzUHJvZHVjdGlvbiI6eyJhc3NpZ25lZCI6MSwicmVhc3NpZ25lZCI6MH0sInZDb3Jlc1NhbmRib3giOnsiYXNzaWduZWQiOjEsInJlYXNzaWduZWQiOjB9LCJnbG9iYWxEZXBsb3ltZW50IjpmYWxzZSwid29ya2VyTG9nZ2luZ092ZXJyaWRlIjp7ImVuYWJsZWQiOmZhbHNlfSwiZ2F0ZXdheXMiOnsiYXNzaWduZWQiOjB9LCJjcmVhdGVFbnZpcm9ubWVudHMiOnRydWUsInBhcnRuZXJzUHJvZHVjdGlvbiI6eyJhc3NpZ25lZCI6MH0sInBhcnRuZXJzU2FuZGJveCI6eyJhc3NpZ25lZCI6MH0sImF1dG9zY2FsaW5nIjpmYWxzZSwic3RhdGljSXBzIjp7ImFzc2lnbmVkIjowLCJyZWFzc2lnbmVkIjowfSwiYXJtQWxlcnRzIjpmYWxzZSwiYXBpcyI6eyJlbmFibGVkIjp0cnVlfSwibXFNZXNzYWdlcyI6eyJiYXNlIjowLCJhZGRPbiI6MH0sIm1xUmVxdWVzdHMiOnsiYmFzZSI6MCwiYWRkT24iOjB9LCJleHRlcm5hbElkZW50aXR5Ijp0cnVlLCJtcUFkdmFuY2VkRmVhdHVyZXMiOnsiZW5hYmxlZCI6ZmFsc2V9LCJ2cGNzIjp7ImFzc2lnbmVkIjowLCJyZWFzc2lnbmVkIjowfSwiaHlicmlkSW5zaWdodCI6ZmFsc2UsImRlc2lnbkNlbnRlciI6eyJtb3phcnQiOmZhbHNlLCJhcGkiOmZhbHNlfSwib2JqZWN0U3RvcmVSZXF1ZXN0VW5pdHMiOnsiYmFzZSI6MTUwMDAwMDAsImFkZE9uIjowfSwib2JqZWN0U3RvcmVLZXlzIjp7ImJhc2UiOjEwMDAwMCwiYWRkT24iOjB9LCJjYW0iOnsiZW5hYmxlZCI6ZmFsc2V9LCJsb2FkQmFsYW5jZXIiOnsiYXNzaWduZWQiOjAsInJlYXNzaWduZWQiOjB9LCJtZXNzYWdpbmciOnsiYXNzaWduZWQiOjB9fSwiZXh0ZXJuYWxBdXRob3JpemF0aW9uIjp0cnVlLCJleHRlcm5hbEF1dGhvcml6YXRpb25Qcm92aWRlciI6eyJuYW1lIjoiUG9ydGFsIEFwcGxpY2F0aW9uIE1hbmFnZW1lbnQgU3lzdGVtIChQQU1TKSIsInVybCI6Imh0dHBzOi8vd3NneC10ZXN0LmNpc2NvLmNvbS9wYW1zL2x0L2NlcG1TZXJ2aWNlL3YxLjUvbWdyc3J2cyIsInZlcnNpb24iOiIxLjUifSwiaWRlbnRpdHlNYW5hZ2VtZW50Ijp7InR5cGUiOiJQaW5nRmVkZXJhdGUifSwib2F1dGgyU2V0dGluZ3MiOnsiYXV0aG9yaXphdGlvbkdyYW50cyI6WyJjb2RlIiwidG9rZW4iLCJvd25lciIsImNyZWRlbnRpYWxzIl0sImF1dGhvcml6YXRpb25VcmkiOiJodHRwczovL2Nsb3Vkc3NvLXRlc3QuY2lzY28uY29tL2FzL2F1dGhvcml6YXRpb24ub2F1dGgyIiwiYWNjZXNzVG9rZW5VcmkiOiJodHRwczovL2Nsb3Vkc3NvLXRlc3QuY2lzY28uY29tL2FzL3Rva2VuLm9hdXRoMiIsImdyYW50VHlwZXMiOlt7Im5hbWUiOiJwYXNzd29yZCIsImxhYmVsIjoiUmVzb3VyY2UgT3duZXIgR3JhbnQiLCJyZXF1aXJlZCI6ZmFsc2UsImV4Y2x1ZGUiOltdLCJkZXBlbmRzIjpbXX0seyJuYW1lIjoiaW1wbGljaXQiLCJsYWJlbCI6IkltcGxpY2l0IEdyYW50IiwicmVxdWlyZWQiOmZhbHNlLCJleGNsdWRlIjpbXSwiZGVwZW5kcyI6W119LHsibmFtZSI6ImNsaWVudF9jcmVkZW50aWFscyIsImxhYmVsIjoiQ2xpZW50IENyZWRlbnRpYWxzIEdyYW50IiwicmVxdWlyZWQiOmZhbHNlLCJleGNsdWRlIjpbXSwiZGVwZW5kcyI6W119LHsibmFtZSI6ImF1dGhvcml6YXRpb25fY29kZSIsImxhYmVsIjoiQXV0aG9yaXphdGlvbiBDb2RlIEdyYW50IiwicmVxdWlyZWQiOmZhbHNlLCJleGNsdWRlIjpbXSwiZGVwZW5kcyI6W119LHsibmFtZSI6InJlZnJlc2hfdG9rZW4iLCJsYWJlbCI6IlJlZnJlc2ggVG9rZW4iLCJyZXF1aXJlZCI6ZmFsc2UsImV4Y2x1ZGUiOltdLCJkZXBlbmRzIjpbImF1dGhvcml6YXRpb25fY29kZSIsInBhc3N3b3JkIl19XX19LCJpbnRlcmFjdGl2ZUxvZ2luIjp0cnVlLCJ0b2tlbiI6ImEyYzg0ODE1LThjYjgtNGE3Ni1iNmU0LTg4MGM3ZTc2MGNlYiIsImlhdCI6MTQ4NjU4Njc4OCwiYXVkIjoiaHR0cDovL2FwaS1wbGF0Zm9ybS1hcGkvcmVwb3NpdG9yeSIsImlzcyI6Imh0dHA6Ly9hcGktcGxhdGZvcm0tYXBpL3JlcG9zaXRvcnkifQ.YOsto-KJMgjQZxFXe6FFipYd8TIh4P1HIlJ5Tg6a9Ps
				Accept=*/*
				Content-Type=application/json; charset=UTF-8
Cookies:		&lt;none&gt;
Body:			&lt;none&gt;
Request method:	POST
Request path:	https://qax.anypoint.mulesoft.com/apiplatform/repository/v2/organizations/5000db95-c5d4-487f-925e-3f82f15a5499/apis/2053/versions/2161/contracts/30249/revoke
Proxy:			&lt;none&gt;
Request params:	&lt;none&gt;
Query params:	&lt;none&gt;
Form params:	&lt;none&gt;
Path params:	&lt;none&gt;
Multiparts:		&lt;none&gt;
Headers:		Authorization=Bearer eyJ0eXAiOiJKV1QiLCJhbGciOiJIUzI1NiJ9.eyJpZCI6IjUwMDAzN2NkLTJjZmQtNGRhNC1iZWQ3LTU3Mzg0ZGViMDYyYiIsImZpcnN0TmFtZSI6IkZlZGVyYXRlZCIsImxhc3ROYW1lIjoiRXh0ZXJuYWwiLCJlbWFpbCI6ImNocmlzdG9waGVyLm1vcmR1ZUBtdWxlc29mdC5jb20iLCJ1c2VybmFtZSI6ImZlZGVyYXRlZF9leHRlcm5hbCIsIm9yZ2FuaXphdGlvbiI6eyJpZCI6IjUwMDBkYjk1LWM1ZDQtNDg3Zi05MjVlLTNmODJmMTVhNTQ5OSIsIm5hbWUiOiJGZWRlcmF0ZWQgSW5jIEV4dGVybmFsIEF1dGhvcml6YXRpb24iLCJkb21haW4iOiJmZWRlcmF0ZWQtZXh0ZXJuYWwiLCJlbnRpdGxlbWVudHMiOnsiaHlicmlkIjp7ImVuYWJsZWQiOmZhbHNlfSwiY3JlYXRlU3ViT3JncyI6dHJ1ZSwidkNvcmVzUHJvZHVjdGlvbiI6eyJhc3NpZ25lZCI6MSwicmVhc3NpZ25lZCI6MH0sInZDb3Jlc1NhbmRib3giOnsiYXNzaWduZWQiOjEsInJlYXNzaWduZWQiOjB9LCJnbG9iYWxEZXBsb3ltZW50IjpmYWxzZSwid29ya2VyTG9nZ2luZ092ZXJyaWRlIjp7ImVuYWJsZWQiOmZhbHNlfSwiZ2F0ZXdheXMiOnsiYXNzaWduZWQiOjB9LCJjcmVhdGVFbnZpcm9ubWVudHMiOnRydWUsInBhcnRuZXJzUHJvZHVjdGlvbiI6eyJhc3NpZ25lZCI6MH0sInBhcnRuZXJzU2FuZGJveCI6eyJhc3NpZ25lZCI6MH0sImF1dG9zY2FsaW5nIjpmYWxzZSwic3RhdGljSXBzIjp7ImFzc2lnbmVkIjowLCJyZWFzc2lnbmVkIjowfSwiYXJtQWxlcnRzIjpmYWxzZSwiYXBpcyI6eyJlbmFibGVkIjp0cnVlfSwibXFNZXNzYWdlcyI6eyJiYXNlIjowLCJhZGRPbiI6MH0sIm1xUmVxdWVzdHMiOnsiYmFzZSI6MCwiYWRkT24iOjB9LCJleHRlcm5hbElkZW50aXR5Ijp0cnVlLCJtcUFkdmFuY2VkRmVhdHVyZXMiOnsiZW5hYmxlZCI6ZmFsc2V9LCJ2cGNzIjp7ImFzc2lnbmVkIjowLCJyZWFzc2lnbmVkIjowfSwiaHlicmlkSW5zaWdodCI6ZmFsc2UsImRlc2lnbkNlbnRlciI6eyJtb3phcnQiOmZhbHNlLCJhcGkiOmZhbHNlfSwib2JqZWN0U3RvcmVSZXF1ZXN0VW5pdHMiOnsiYmFzZSI6MTUwMDAwMDAsImFkZE9uIjowfSwib2JqZWN0U3RvcmVLZXlzIjp7ImJhc2UiOjEwMDAwMCwiYWRkT24iOjB9LCJjYW0iOnsiZW5hYmxlZCI6ZmFsc2V9LCJsb2FkQmFsYW5jZXIiOnsiYXNzaWduZWQiOjAsInJlYXNzaWduZWQiOjB9LCJtZXNzYWdpbmciOnsiYXNzaWduZWQiOjB9fSwiZXh0ZXJuYWxBdXRob3JpemF0aW9uIjp0cnVlLCJleHRlcm5hbEF1dGhvcml6YXRpb25Qcm92aWRlciI6eyJuYW1lIjoiUG9ydGFsIEFwcGxpY2F0aW9uIE1hbmFnZW1lbnQgU3lzdGVtIChQQU1TKSIsInVybCI6Imh0dHBzOi8vd3NneC10ZXN0LmNpc2NvLmNvbS9wYW1zL2x0L2NlcG1TZXJ2aWNlL3YxLjUvbWdyc3J2cyIsInZlcnNpb24iOiIxLjUifSwiaWRlbnRpdHlNYW5hZ2VtZW50Ijp7InR5cGUiOiJQaW5nRmVkZXJhdGUifSwib2F1dGgyU2V0dGluZ3MiOnsiYXV0aG9yaXphdGlvbkdyYW50cyI6WyJjb2RlIiwidG9rZW4iLCJvd25lciIsImNyZWRlbnRpYWxzIl0sImF1dGhvcml6YXRpb25VcmkiOiJodHRwczovL2Nsb3Vkc3NvLXRlc3QuY2lzY28uY29tL2FzL2F1dGhvcml6YXRpb24ub2F1dGgyIiwiYWNjZXNzVG9rZW5VcmkiOiJodHRwczovL2Nsb3Vkc3NvLXRlc3QuY2lzY28uY29tL2FzL3Rva2VuLm9hdXRoMiIsImdyYW50VHlwZXMiOlt7Im5hbWUiOiJwYXNzd29yZCIsImxhYmVsIjoiUmVzb3VyY2UgT3duZXIgR3JhbnQiLCJyZXF1aXJlZCI6ZmFsc2UsImV4Y2x1ZGUiOltdLCJkZXBlbmRzIjpbXX0seyJuYW1lIjoiaW1wbGljaXQiLCJsYWJlbCI6IkltcGxpY2l0IEdyYW50IiwicmVxdWlyZWQiOmZhbHNlLCJleGNsdWRlIjpbXSwiZGVwZW5kcyI6W119LHsibmFtZSI6ImNsaWVudF9jcmVkZW50aWFscyIsImxhYmVsIjoiQ2xpZW50IENyZWRlbnRpYWxzIEdyYW50IiwicmVxdWlyZWQiOmZhbHNlLCJleGNsdWRlIjpbXSwiZGVwZW5kcyI6W119LHsibmFtZSI6ImF1dGhvcml6YXRpb25fY29kZSIsImxhYmVsIjoiQXV0aG9yaXphdGlvbiBDb2RlIEdyYW50IiwicmVxdWlyZWQiOmZhbHNlLCJleGNsdWRlIjpbXSwiZGVwZW5kcyI6W119LHsibmFtZSI6InJlZnJlc2hfdG9rZW4iLCJsYWJlbCI6IlJlZnJlc2ggVG9rZW4iLCJyZXF1aXJlZCI6ZmFsc2UsImV4Y2x1ZGUiOltdLCJkZXBlbmRzIjpbImF1dGhvcml6YXRpb25fY29kZSIsInBhc3N3b3JkIl19XX19LCJpbnRlcmFjdGl2ZUxvZ2luIjp0cnVlLCJ0b2tlbiI6ImEyYzg0ODE1LThjYjgtNGE3Ni1iNmU0LTg4MGM3ZTc2MGNlYiIsImlhdCI6MTQ4NjU4Njc4OCwiYXVkIjoiaHR0cDovL2FwaS1wbGF0Zm9ybS1hcGkvcmVwb3NpdG9yeSIsImlzcyI6Imh0dHA6Ly9hcGktcGxhdGZvcm0tYXBpL3JlcG9zaXRvcnkifQ.YOsto-KJMgjQZxFXe6FFipYd8TIh4P1HIlJ5Tg6a9Ps
				Accept=*/*
				Content-Type=application/json; charset=UTF-8
Cookies:		&lt;none&gt;
Body:			&lt;none&gt;
Request method:	POST
Request path:	https://qax.anypoint.mulesoft.com/apiplatform/repository/v2/organizations/5000db95-c5d4-487f-925e-3f82f15a5499/apis/2053/versions/2161/contracts/30216/revoke
Proxy:			&lt;none&gt;
Request params:	&lt;none&gt;
Query params:	&lt;none&gt;
Form params:	&lt;none&gt;
Path params:	&lt;none&gt;
Multiparts:		&lt;none&gt;
Headers:		Authorization=Bearer eyJ0eXAiOiJKV1QiLCJhbGciOiJIUzI1NiJ9.eyJpZCI6IjUwMDAzN2NkLTJjZmQtNGRhNC1iZWQ3LTU3Mzg0ZGViMDYyYiIsImZpcnN0TmFtZSI6IkZlZGVyYXRlZCIsImxhc3ROYW1lIjoiRXh0ZXJuYWwiLCJlbWFpbCI6ImNocmlzdG9waGVyLm1vcmR1ZUBtdWxlc29mdC5jb20iLCJ1c2VybmFtZSI6ImZlZGVyYXRlZF9leHRlcm5hbCIsIm9yZ2FuaXphdGlvbiI6eyJpZCI6IjUwMDBkYjk1LWM1ZDQtNDg3Zi05MjVlLTNmODJmMTVhNTQ5OSIsIm5hbWUiOiJGZWRlcmF0ZWQgSW5jIEV4dGVybmFsIEF1dGhvcml6YXRpb24iLCJkb21haW4iOiJmZWRlcmF0ZWQtZXh0ZXJuYWwiLCJlbnRpdGxlbWVudHMiOnsiaHlicmlkIjp7ImVuYWJsZWQiOmZhbHNlfSwiY3JlYXRlU3ViT3JncyI6dHJ1ZSwidkNvcmVzUHJvZHVjdGlvbiI6eyJhc3NpZ25lZCI6MSwicmVhc3NpZ25lZCI6MH0sInZDb3Jlc1NhbmRib3giOnsiYXNzaWduZWQiOjEsInJlYXNzaWduZWQiOjB9LCJnbG9iYWxEZXBsb3ltZW50IjpmYWxzZSwid29ya2VyTG9nZ2luZ092ZXJyaWRlIjp7ImVuYWJsZWQiOmZhbHNlfSwiZ2F0ZXdheXMiOnsiYXNzaWduZWQiOjB9LCJjcmVhdGVFbnZpcm9ubWVudHMiOnRydWUsInBhcnRuZXJzUHJvZHVjdGlvbiI6eyJhc3NpZ25lZCI6MH0sInBhcnRuZXJzU2FuZGJveCI6eyJhc3NpZ25lZCI6MH0sImF1dG9zY2FsaW5nIjpmYWxzZSwic3RhdGljSXBzIjp7ImFzc2lnbmVkIjowLCJyZWFzc2lnbmVkIjowfSwiYXJtQWxlcnRzIjpmYWxzZSwiYXBpcyI6eyJlbmFibGVkIjp0cnVlfSwibXFNZXNzYWdlcyI6eyJiYXNlIjowLCJhZGRPbiI6MH0sIm1xUmVxdWVzdHMiOnsiYmFzZSI6MCwiYWRkT24iOjB9LCJleHRlcm5hbElkZW50aXR5Ijp0cnVlLCJtcUFkdmFuY2VkRmVhdHVyZXMiOnsiZW5hYmxlZCI6ZmFsc2V9LCJ2cGNzIjp7ImFzc2lnbmVkIjowLCJyZWFzc2lnbmVkIjowfSwiaHlicmlkSW5zaWdodCI6ZmFsc2UsImRlc2lnbkNlbnRlciI6eyJtb3phcnQiOmZhbHNlLCJhcGkiOmZhbHNlfSwib2JqZWN0U3RvcmVSZXF1ZXN0VW5pdHMiOnsiYmFzZSI6MTUwMDAwMDAsImFkZE9uIjowfSwib2JqZWN0U3RvcmVLZXlzIjp7ImJhc2UiOjEwMDAwMCwiYWRkT24iOjB9LCJjYW0iOnsiZW5hYmxlZCI6ZmFsc2V9LCJsb2FkQmFsYW5jZXIiOnsiYXNzaWduZWQiOjAsInJlYXNzaWduZWQiOjB9LCJtZXNzYWdpbmciOnsiYXNzaWduZWQiOjB9fSwiZXh0ZXJuYWxBdXRob3JpemF0aW9uIjp0cnVlLCJleHRlcm5hbEF1dGhvcml6YXRpb25Qcm92aWRlciI6eyJuYW1lIjoiUG9ydGFsIEFwcGxpY2F0aW9uIE1hbmFnZW1lbnQgU3lzdGVtIChQQU1TKSIsInVybCI6Imh0dHBzOi8vd3NneC10ZXN0LmNpc2NvLmNvbS9wYW1zL2x0L2NlcG1TZXJ2aWNlL3YxLjUvbWdyc3J2cyIsInZlcnNpb24iOiIxLjUifSwiaWRlbnRpdHlNYW5hZ2VtZW50Ijp7InR5cGUiOiJQaW5nRmVkZXJhdGUifSwib2F1dGgyU2V0dGluZ3MiOnsiYXV0aG9yaXphdGlvbkdyYW50cyI6WyJjb2RlIiwidG9rZW4iLCJvd25lciIsImNyZWRlbnRpYWxzIl0sImF1dGhvcml6YXRpb25VcmkiOiJodHRwczovL2Nsb3Vkc3NvLXRlc3QuY2lzY28uY29tL2FzL2F1dGhvcml6YXRpb24ub2F1dGgyIiwiYWNjZXNzVG9rZW5VcmkiOiJodHRwczovL2Nsb3Vkc3NvLXRlc3QuY2lzY28uY29tL2FzL3Rva2VuLm9hdXRoMiIsImdyYW50VHlwZXMiOlt7Im5hbWUiOiJwYXNzd29yZCIsImxhYmVsIjoiUmVzb3VyY2UgT3duZXIgR3JhbnQiLCJyZXF1aXJlZCI6ZmFsc2UsImV4Y2x1ZGUiOltdLCJkZXBlbmRzIjpbXX0seyJuYW1lIjoiaW1wbGljaXQiLCJsYWJlbCI6IkltcGxpY2l0IEdyYW50IiwicmVxdWlyZWQiOmZhbHNlLCJleGNsdWRlIjpbXSwiZGVwZW5kcyI6W119LHsibmFtZSI6ImNsaWVudF9jcmVkZW50aWFscyIsImxhYmVsIjoiQ2xpZW50IENyZWRlbnRpYWxzIEdyYW50IiwicmVxdWlyZWQiOmZhbHNlLCJleGNsdWRlIjpbXSwiZGVwZW5kcyI6W119LHsibmFtZSI6ImF1dGhvcml6YXRpb25fY29kZSIsImxhYmVsIjoiQXV0aG9yaXphdGlvbiBDb2RlIEdyYW50IiwicmVxdWlyZWQiOmZhbHNlLCJleGNsdWRlIjpbXSwiZGVwZW5kcyI6W119LHsibmFtZSI6InJlZnJlc2hfdG9rZW4iLCJsYWJlbCI6IlJlZnJlc2ggVG9rZW4iLCJyZXF1aXJlZCI6ZmFsc2UsImV4Y2x1ZGUiOltdLCJkZXBlbmRzIjpbImF1dGhvcml6YXRpb25fY29kZSIsInBhc3N3b3JkIl19XX19LCJpbnRlcmFjdGl2ZUxvZ2luIjp0cnVlLCJ0b2tlbiI6ImEyYzg0ODE1LThjYjgtNGE3Ni1iNmU0LTg4MGM3ZTc2MGNlYiIsImlhdCI6MTQ4NjU4Njc4OCwiYXVkIjoiaHR0cDovL2FwaS1wbGF0Zm9ybS1hcGkvcmVwb3NpdG9yeSIsImlzcyI6Imh0dHA6Ly9hcGktcGxhdGZvcm0tYXBpL3JlcG9zaXRvcnkifQ.YOsto-KJMgjQZxFXe6FFipYd8TIh4P1HIlJ5Tg6a9Ps
				Accept=*/*
				Content-Type=application/json; charset=UTF-8
Cookies:		&lt;none&gt;
Body:			&lt;none&gt;
Request method:	POST
Request path:	https://qax.anypoint.mulesoft.com/apiplatform/repository/v2/organizations/5000db95-c5d4-487f-925e-3f82f15a5499/apis/2053/versions/2161/contracts/30188/revoke
Proxy:			&lt;none&gt;
Request params:	&lt;none&gt;
Query params:	&lt;none&gt;
Form params:	&lt;none&gt;
Path params:	&lt;none&gt;
Multiparts:		&lt;none&gt;
Headers:		Authorization=Bearer eyJ0eXAiOiJKV1QiLCJhbGciOiJIUzI1NiJ9.eyJpZCI6IjUwMDAzN2NkLTJjZmQtNGRhNC1iZWQ3LTU3Mzg0ZGViMDYyYiIsImZpcnN0TmFtZSI6IkZlZGVyYXRlZCIsImxhc3ROYW1lIjoiRXh0ZXJuYWwiLCJlbWFpbCI6ImNocmlzdG9waGVyLm1vcmR1ZUBtdWxlc29mdC5jb20iLCJ1c2VybmFtZSI6ImZlZGVyYXRlZF9leHRlcm5hbCIsIm9yZ2FuaXphdGlvbiI6eyJpZCI6IjUwMDBkYjk1LWM1ZDQtNDg3Zi05MjVlLTNmODJmMTVhNTQ5OSIsIm5hbWUiOiJGZWRlcmF0ZWQgSW5jIEV4dGVybmFsIEF1dGhvcml6YXRpb24iLCJkb21haW4iOiJmZWRlcmF0ZWQtZXh0ZXJuYWwiLCJlbnRpdGxlbWVudHMiOnsiaHlicmlkIjp7ImVuYWJsZWQiOmZhbHNlfSwiY3JlYXRlU3ViT3JncyI6dHJ1ZSwidkNvcmVzUHJvZHVjdGlvbiI6eyJhc3NpZ25lZCI6MSwicmVhc3NpZ25lZCI6MH0sInZDb3Jlc1NhbmRib3giOnsiYXNzaWduZWQiOjEsInJlYXNzaWduZWQiOjB9LCJnbG9iYWxEZXBsb3ltZW50IjpmYWxzZSwid29ya2VyTG9nZ2luZ092ZXJyaWRlIjp7ImVuYWJsZWQiOmZhbHNlfSwiZ2F0ZXdheXMiOnsiYXNzaWduZWQiOjB9LCJjcmVhdGVFbnZpcm9ubWVudHMiOnRydWUsInBhcnRuZXJzUHJvZHVjdGlvbiI6eyJhc3NpZ25lZCI6MH0sInBhcnRuZXJzU2FuZGJveCI6eyJhc3NpZ25lZCI6MH0sImF1dG9zY2FsaW5nIjpmYWxzZSwic3RhdGljSXBzIjp7ImFzc2lnbmVkIjowLCJyZWFzc2lnbmVkIjowfSwiYXJtQWxlcnRzIjpmYWxzZSwiYXBpcyI6eyJlbmFibGVkIjp0cnVlfSwibXFNZXNzYWdlcyI6eyJiYXNlIjowLCJhZGRPbiI6MH0sIm1xUmVxdWVzdHMiOnsiYmFzZSI6MCwiYWRkT24iOjB9LCJleHRlcm5hbElkZW50aXR5Ijp0cnVlLCJtcUFkdmFuY2VkRmVhdHVyZXMiOnsiZW5hYmxlZCI6ZmFsc2V9LCJ2cGNzIjp7ImFzc2lnbmVkIjowLCJyZWFzc2lnbmVkIjowfSwiaHlicmlkSW5zaWdodCI6ZmFsc2UsImRlc2lnbkNlbnRlciI6eyJtb3phcnQiOmZhbHNlLCJhcGkiOmZhbHNlfSwib2JqZWN0U3RvcmVSZXF1ZXN0VW5pdHMiOnsiYmFzZSI6MTUwMDAwMDAsImFkZE9uIjowfSwib2JqZWN0U3RvcmVLZXlzIjp7ImJhc2UiOjEwMDAwMCwiYWRkT24iOjB9LCJjYW0iOnsiZW5hYmxlZCI6ZmFsc2V9LCJsb2FkQmFsYW5jZXIiOnsiYXNzaWduZWQiOjAsInJlYXNzaWduZWQiOjB9LCJtZXNzYWdpbmciOnsiYXNzaWduZWQiOjB9fSwiZXh0ZXJuYWxBdXRob3JpemF0aW9uIjp0cnVlLCJleHRlcm5hbEF1dGhvcml6YXRpb25Qcm92aWRlciI6eyJuYW1lIjoiUG9ydGFsIEFwcGxpY2F0aW9uIE1hbmFnZW1lbnQgU3lzdGVtIChQQU1TKSIsInVybCI6Imh0dHBzOi8vd3NneC10ZXN0LmNpc2NvLmNvbS9wYW1zL2x0L2NlcG1TZXJ2aWNlL3YxLjUvbWdyc3J2cyIsInZlcnNpb24iOiIxLjUifSwiaWRlbnRpdHlNYW5hZ2VtZW50Ijp7InR5cGUiOiJQaW5nRmVkZXJhdGUifSwib2F1dGgyU2V0dGluZ3MiOnsiYXV0aG9yaXphdGlvbkdyYW50cyI6WyJjb2RlIiwidG9rZW4iLCJvd25lciIsImNyZWRlbnRpYWxzIl0sImF1dGhvcml6YXRpb25VcmkiOiJodHRwczovL2Nsb3Vkc3NvLXRlc3QuY2lzY28uY29tL2FzL2F1dGhvcml6YXRpb24ub2F1dGgyIiwiYWNjZXNzVG9rZW5VcmkiOiJodHRwczovL2Nsb3Vkc3NvLXRlc3QuY2lzY28uY29tL2FzL3Rva2VuLm9hdXRoMiIsImdyYW50VHlwZXMiOlt7Im5hbWUiOiJwYXNzd29yZCIsImxhYmVsIjoiUmVzb3VyY2UgT3duZXIgR3JhbnQiLCJyZXF1aXJlZCI6ZmFsc2UsImV4Y2x1ZGUiOltdLCJkZXBlbmRzIjpbXX0seyJuYW1lIjoiaW1wbGljaXQiLCJsYWJlbCI6IkltcGxpY2l0IEdyYW50IiwicmVxdWlyZWQiOmZhbHNlLCJleGNsdWRlIjpbXSwiZGVwZW5kcyI6W119LHsibmFtZSI6ImNsaWVudF9jcmVkZW50aWFscyIsImxhYmVsIjoiQ2xpZW50IENyZWRlbnRpYWxzIEdyYW50IiwicmVxdWlyZWQiOmZhbHNlLCJleGNsdWRlIjpbXSwiZGVwZW5kcyI6W119LHsibmFtZSI6ImF1dGhvcml6YXRpb25fY29kZSIsImxhYmVsIjoiQXV0aG9yaXphdGlvbiBDb2RlIEdyYW50IiwicmVxdWlyZWQiOmZhbHNlLCJleGNsdWRlIjpbXSwiZGVwZW5kcyI6W119LHsibmFtZSI6InJlZnJlc2hfdG9rZW4iLCJsYWJlbCI6IlJlZnJlc2ggVG9rZW4iLCJyZXF1aXJlZCI6ZmFsc2UsImV4Y2x1ZGUiOltdLCJkZXBlbmRzIjpbImF1dGhvcml6YXRpb25fY29kZSIsInBhc3N3b3JkIl19XX19LCJpbnRlcmFjdGl2ZUxvZ2luIjp0cnVlLCJ0b2tlbiI6ImEyYzg0ODE1LThjYjgtNGE3Ni1iNmU0LTg4MGM3ZTc2MGNlYiIsImlhdCI6MTQ4NjU4Njc4OCwiYXVkIjoiaHR0cDovL2FwaS1wbGF0Zm9ybS1hcGkvcmVwb3NpdG9yeSIsImlzcyI6Imh0dHA6Ly9hcGktcGxhdGZvcm0tYXBpL3JlcG9zaXRvcnkifQ.YOsto-KJMgjQZxFXe6FFipYd8TIh4P1HIlJ5Tg6a9Ps
				Accept=*/*
				Content-Type=application/json; charset=UTF-8
Cookies:		&lt;none&gt;
Body:			&lt;none&gt;
Request method:	POST
Request path:	https://qax.anypoint.mulesoft.com/apiplatform/repository/v2/organizations/5000db95-c5d4-487f-925e-3f82f15a5499/apis/2053/versions/2161/contracts/30208/revoke
Proxy:			&lt;none&gt;
Request params:	&lt;none&gt;
Query params:	&lt;none&gt;
Form params:	&lt;none&gt;
Path params:	&lt;none&gt;
Multiparts:		&lt;none&gt;
Headers:		Authorization=Bearer eyJ0eXAiOiJKV1QiLCJhbGciOiJIUzI1NiJ9.eyJpZCI6IjUwMDAzN2NkLTJjZmQtNGRhNC1iZWQ3LTU3Mzg0ZGViMDYyYiIsImZpcnN0TmFtZSI6IkZlZGVyYXRlZCIsImxhc3ROYW1lIjoiRXh0ZXJuYWwiLCJlbWFpbCI6ImNocmlzdG9waGVyLm1vcmR1ZUBtdWxlc29mdC5jb20iLCJ1c2VybmFtZSI6ImZlZGVyYXRlZF9leHRlcm5hbCIsIm9yZ2FuaXphdGlvbiI6eyJpZCI6IjUwMDBkYjk1LWM1ZDQtNDg3Zi05MjVlLTNmODJmMTVhNTQ5OSIsIm5hbWUiOiJGZWRlcmF0ZWQgSW5jIEV4dGVybmFsIEF1dGhvcml6YXRpb24iLCJkb21haW4iOiJmZWRlcmF0ZWQtZXh0ZXJuYWwiLCJlbnRpdGxlbWVudHMiOnsiaHlicmlkIjp7ImVuYWJsZWQiOmZhbHNlfSwiY3JlYXRlU3ViT3JncyI6dHJ1ZSwidkNvcmVzUHJvZHVjdGlvbiI6eyJhc3NpZ25lZCI6MSwicmVhc3NpZ25lZCI6MH0sInZDb3Jlc1NhbmRib3giOnsiYXNzaWduZWQiOjEsInJlYXNzaWduZWQiOjB9LCJnbG9iYWxEZXBsb3ltZW50IjpmYWxzZSwid29ya2VyTG9nZ2luZ092ZXJyaWRlIjp7ImVuYWJsZWQiOmZhbHNlfSwiZ2F0ZXdheXMiOnsiYXNzaWduZWQiOjB9LCJjcmVhdGVFbnZpcm9ubWVudHMiOnRydWUsInBhcnRuZXJzUHJvZHVjdGlvbiI6eyJhc3NpZ25lZCI6MH0sInBhcnRuZXJzU2FuZGJveCI6eyJhc3NpZ25lZCI6MH0sImF1dG9zY2FsaW5nIjpmYWxzZSwic3RhdGljSXBzIjp7ImFzc2lnbmVkIjowLCJyZWFzc2lnbmVkIjowfSwiYXJtQWxlcnRzIjpmYWxzZSwiYXBpcyI6eyJlbmFibGVkIjp0cnVlfSwibXFNZXNzYWdlcyI6eyJiYXNlIjowLCJhZGRPbiI6MH0sIm1xUmVxdWVzdHMiOnsiYmFzZSI6MCwiYWRkT24iOjB9LCJleHRlcm5hbElkZW50aXR5Ijp0cnVlLCJtcUFkdmFuY2VkRmVhdHVyZXMiOnsiZW5hYmxlZCI6ZmFsc2V9LCJ2cGNzIjp7ImFzc2lnbmVkIjowLCJyZWFzc2lnbmVkIjowfSwiaHlicmlkSW5zaWdodCI6ZmFsc2UsImRlc2lnbkNlbnRlciI6eyJtb3phcnQiOmZhbHNlLCJhcGkiOmZhbHNlfSwib2JqZWN0U3RvcmVSZXF1ZXN0VW5pdHMiOnsiYmFzZSI6MTUwMDAwMDAsImFkZE9uIjowfSwib2JqZWN0U3RvcmVLZXlzIjp7ImJhc2UiOjEwMDAwMCwiYWRkT24iOjB9LCJjYW0iOnsiZW5hYmxlZCI6ZmFsc2V9LCJsb2FkQmFsYW5jZXIiOnsiYXNzaWduZWQiOjAsInJlYXNzaWduZWQiOjB9LCJtZXNzYWdpbmciOnsiYXNzaWduZWQiOjB9fSwiZXh0ZXJuYWxBdXRob3JpemF0aW9uIjp0cnVlLCJleHRlcm5hbEF1dGhvcml6YXRpb25Qcm92aWRlciI6eyJuYW1lIjoiUG9ydGFsIEFwcGxpY2F0aW9uIE1hbmFnZW1lbnQgU3lzdGVtIChQQU1TKSIsInVybCI6Imh0dHBzOi8vd3NneC10ZXN0LmNpc2NvLmNvbS9wYW1zL2x0L2NlcG1TZXJ2aWNlL3YxLjUvbWdyc3J2cyIsInZlcnNpb24iOiIxLjUifSwiaWRlbnRpdHlNYW5hZ2VtZW50Ijp7InR5cGUiOiJQaW5nRmVkZXJhdGUifSwib2F1dGgyU2V0dGluZ3MiOnsiYXV0aG9yaXphdGlvbkdyYW50cyI6WyJjb2RlIiwidG9rZW4iLCJvd25lciIsImNyZWRlbnRpYWxzIl0sImF1dGhvcml6YXRpb25VcmkiOiJodHRwczovL2Nsb3Vkc3NvLXRlc3QuY2lzY28uY29tL2FzL2F1dGhvcml6YXRpb24ub2F1dGgyIiwiYWNjZXNzVG9rZW5VcmkiOiJodHRwczovL2Nsb3Vkc3NvLXRlc3QuY2lzY28uY29tL2FzL3Rva2VuLm9hdXRoMiIsImdyYW50VHlwZXMiOlt7Im5hbWUiOiJwYXNzd29yZCIsImxhYmVsIjoiUmVzb3VyY2UgT3duZXIgR3JhbnQiLCJyZXF1aXJlZCI6ZmFsc2UsImV4Y2x1ZGUiOltdLCJkZXBlbmRzIjpbXX0seyJuYW1lIjoiaW1wbGljaXQiLCJsYWJlbCI6IkltcGxpY2l0IEdyYW50IiwicmVxdWlyZWQiOmZhbHNlLCJleGNsdWRlIjpbXSwiZGVwZW5kcyI6W119LHsibmFtZSI6ImNsaWVudF9jcmVkZW50aWFscyIsImxhYmVsIjoiQ2xpZW50IENyZWRlbnRpYWxzIEdyYW50IiwicmVxdWlyZWQiOmZhbHNlLCJleGNsdWRlIjpbXSwiZGVwZW5kcyI6W119LHsibmFtZSI6ImF1dGhvcml6YXRpb25fY29kZSIsImxhYmVsIjoiQXV0aG9yaXphdGlvbiBDb2RlIEdyYW50IiwicmVxdWlyZWQiOmZhbHNlLCJleGNsdWRlIjpbXSwiZGVwZW5kcyI6W119LHsibmFtZSI6InJlZnJlc2hfdG9rZW4iLCJsYWJlbCI6IlJlZnJlc2ggVG9rZW4iLCJyZXF1aXJlZCI6ZmFsc2UsImV4Y2x1ZGUiOltdLCJkZXBlbmRzIjpbImF1dGhvcml6YXRpb25fY29kZSIsInBhc3N3b3JkIl19XX19LCJpbnRlcmFjdGl2ZUxvZ2luIjp0cnVlLCJ0b2tlbiI6ImEyYzg0ODE1LThjYjgtNGE3Ni1iNmU0LTg4MGM3ZTc2MGNlYiIsImlhdCI6MTQ4NjU4Njc4OCwiYXVkIjoiaHR0cDovL2FwaS1wbGF0Zm9ybS1hcGkvcmVwb3NpdG9yeSIsImlzcyI6Imh0dHA6Ly9hcGktcGxhdGZvcm0tYXBpL3JlcG9zaXRvcnkifQ.YOsto-KJMgjQZxFXe6FFipYd8TIh4P1HIlJ5Tg6a9Ps
				Accept=*/*
				Content-Type=application/json; charset=UTF-8
Cookies:		&lt;none&gt;
Body:			&lt;none&gt;
Request method:	POST
Request path:	https://qax.anypoint.mulesoft.com/apiplatform/repository/v2/organizations/5000db95-c5d4-487f-925e-3f82f15a5499/apis/2053/versions/2161/contracts/30211/revoke
Proxy:			&lt;none&gt;
Request params:	&lt;none&gt;
Query params:	&lt;none&gt;
Form params:	&lt;none&gt;
Path params:	&lt;none&gt;
Multiparts:		&lt;none&gt;
Headers:		Authorization=Bearer eyJ0eXAiOiJKV1QiLCJhbGciOiJIUzI1NiJ9.eyJpZCI6IjUwMDAzN2NkLTJjZmQtNGRhNC1iZWQ3LTU3Mzg0ZGViMDYyYiIsImZpcnN0TmFtZSI6IkZlZGVyYXRlZCIsImxhc3ROYW1lIjoiRXh0ZXJuYWwiLCJlbWFpbCI6ImNocmlzdG9waGVyLm1vcmR1ZUBtdWxlc29mdC5jb20iLCJ1c2VybmFtZSI6ImZlZGVyYXRlZF9leHRlcm5hbCIsIm9yZ2FuaXphdGlvbiI6eyJpZCI6IjUwMDBkYjk1LWM1ZDQtNDg3Zi05MjVlLTNmODJmMTVhNTQ5OSIsIm5hbWUiOiJGZWRlcmF0ZWQgSW5jIEV4dGVybmFsIEF1dGhvcml6YXRpb24iLCJkb21haW4iOiJmZWRlcmF0ZWQtZXh0ZXJuYWwiLCJlbnRpdGxlbWVudHMiOnsiaHlicmlkIjp7ImVuYWJsZWQiOmZhbHNlfSwiY3JlYXRlU3ViT3JncyI6dHJ1ZSwidkNvcmVzUHJvZHVjdGlvbiI6eyJhc3NpZ25lZCI6MSwicmVhc3NpZ25lZCI6MH0sInZDb3Jlc1NhbmRib3giOnsiYXNzaWduZWQiOjEsInJlYXNzaWduZWQiOjB9LCJnbG9iYWxEZXBsb3ltZW50IjpmYWxzZSwid29ya2VyTG9nZ2luZ092ZXJyaWRlIjp7ImVuYWJsZWQiOmZhbHNlfSwiZ2F0ZXdheXMiOnsiYXNzaWduZWQiOjB9LCJjcmVhdGVFbnZpcm9ubWVudHMiOnRydWUsInBhcnRuZXJzUHJvZHVjdGlvbiI6eyJhc3NpZ25lZCI6MH0sInBhcnRuZXJzU2FuZGJveCI6eyJhc3NpZ25lZCI6MH0sImF1dG9zY2FsaW5nIjpmYWxzZSwic3RhdGljSXBzIjp7ImFzc2lnbmVkIjowLCJyZWFzc2lnbmVkIjowfSwiYXJtQWxlcnRzIjpmYWxzZSwiYXBpcyI6eyJlbmFibGVkIjp0cnVlfSwibXFNZXNzYWdlcyI6eyJiYXNlIjowLCJhZGRPbiI6MH0sIm1xUmVxdWVzdHMiOnsiYmFzZSI6MCwiYWRkT24iOjB9LCJleHRlcm5hbElkZW50aXR5Ijp0cnVlLCJtcUFkdmFuY2VkRmVhdHVyZXMiOnsiZW5hYmxlZCI6ZmFsc2V9LCJ2cGNzIjp7ImFzc2lnbmVkIjowLCJyZWFzc2lnbmVkIjowfSwiaHlicmlkSW5zaWdodCI6ZmFsc2UsImRlc2lnbkNlbnRlciI6eyJtb3phcnQiOmZhbHNlLCJhcGkiOmZhbHNlfSwib2JqZWN0U3RvcmVSZXF1ZXN0VW5pdHMiOnsiYmFzZSI6MTUwMDAwMDAsImFkZE9uIjowfSwib2JqZWN0U3RvcmVLZXlzIjp7ImJhc2UiOjEwMDAwMCwiYWRkT24iOjB9LCJjYW0iOnsiZW5hYmxlZCI6ZmFsc2V9LCJsb2FkQmFsYW5jZXIiOnsiYXNzaWduZWQiOjAsInJlYXNzaWduZWQiOjB9LCJtZXNzYWdpbmciOnsiYXNzaWduZWQiOjB9fSwiZXh0ZXJuYWxBdXRob3JpemF0aW9uIjp0cnVlLCJleHRlcm5hbEF1dGhvcml6YXRpb25Qcm92aWRlciI6eyJuYW1lIjoiUG9ydGFsIEFwcGxpY2F0aW9uIE1hbmFnZW1lbnQgU3lzdGVtIChQQU1TKSIsInVybCI6Imh0dHBzOi8vd3NneC10ZXN0LmNpc2NvLmNvbS9wYW1zL2x0L2NlcG1TZXJ2aWNlL3YxLjUvbWdyc3J2cyIsInZlcnNpb24iOiIxLjUifSwiaWRlbnRpdHlNYW5hZ2VtZW50Ijp7InR5cGUiOiJQaW5nRmVkZXJhdGUifSwib2F1dGgyU2V0dGluZ3MiOnsiYXV0aG9yaXphdGlvbkdyYW50cyI6WyJjb2RlIiwidG9rZW4iLCJvd25lciIsImNyZWRlbnRpYWxzIl0sImF1dGhvcml6YXRpb25VcmkiOiJodHRwczovL2Nsb3Vkc3NvLXRlc3QuY2lzY28uY29tL2FzL2F1dGhvcml6YXRpb24ub2F1dGgyIiwiYWNjZXNzVG9rZW5VcmkiOiJodHRwczovL2Nsb3Vkc3NvLXRlc3QuY2lzY28uY29tL2FzL3Rva2VuLm9hdXRoMiIsImdyYW50VHlwZXMiOlt7Im5hbWUiOiJwYXNzd29yZCIsImxhYmVsIjoiUmVzb3VyY2UgT3duZXIgR3JhbnQiLCJyZXF1aXJlZCI6ZmFsc2UsImV4Y2x1ZGUiOltdLCJkZXBlbmRzIjpbXX0seyJuYW1lIjoiaW1wbGljaXQiLCJsYWJlbCI6IkltcGxpY2l0IEdyYW50IiwicmVxdWlyZWQiOmZhbHNlLCJleGNsdWRlIjpbXSwiZGVwZW5kcyI6W119LHsibmFtZSI6ImNsaWVudF9jcmVkZW50aWFscyIsImxhYmVsIjoiQ2xpZW50IENyZWRlbnRpYWxzIEdyYW50IiwicmVxdWlyZWQiOmZhbHNlLCJleGNsdWRlIjpbXSwiZGVwZW5kcyI6W119LHsibmFtZSI6ImF1dGhvcml6YXRpb25fY29kZSIsImxhYmVsIjoiQXV0aG9yaXphdGlvbiBDb2RlIEdyYW50IiwicmVxdWlyZWQiOmZhbHNlLCJleGNsdWRlIjpbXSwiZGVwZW5kcyI6W119LHsibmFtZSI6InJlZnJlc2hfdG9rZW4iLCJsYWJlbCI6IlJlZnJlc2ggVG9rZW4iLCJyZXF1aXJlZCI6ZmFsc2UsImV4Y2x1ZGUiOltdLCJkZXBlbmRzIjpbImF1dGhvcml6YXRpb25fY29kZSIsInBhc3N3b3JkIl19XX19LCJpbnRlcmFjdGl2ZUxvZ2luIjp0cnVlLCJ0b2tlbiI6ImEyYzg0ODE1LThjYjgtNGE3Ni1iNmU0LTg4MGM3ZTc2MGNlYiIsImlhdCI6MTQ4NjU4Njc4OCwiYXVkIjoiaHR0cDovL2FwaS1wbGF0Zm9ybS1hcGkvcmVwb3NpdG9yeSIsImlzcyI6Imh0dHA6Ly9hcGktcGxhdGZvcm0tYXBpL3JlcG9zaXRvcnkifQ.YOsto-KJMgjQZxFXe6FFipYd8TIh4P1HIlJ5Tg6a9Ps
				Accept=*/*
				Content-Type=application/json; charset=UTF-8
Cookies:		&lt;none&gt;
Body:			&lt;none&gt;
Request method:	POST
Request path:	https://qax.anypoint.mulesoft.com/apiplatform/repository/v2/organizations/5000db95-c5d4-487f-925e-3f82f15a5499/apis/2053/versions/2161/contracts/30189/revoke
Proxy:			&lt;none&gt;
Request params:	&lt;none&gt;
Query params:	&lt;none&gt;
Form params:	&lt;none&gt;
Path params:	&lt;none&gt;
Multiparts:		&lt;none&gt;
Headers:		Authorization=Bearer eyJ0eXAiOiJKV1QiLCJhbGciOiJIUzI1NiJ9.eyJpZCI6IjUwMDAzN2NkLTJjZmQtNGRhNC1iZWQ3LTU3Mzg0ZGViMDYyYiIsImZpcnN0TmFtZSI6IkZlZGVyYXRlZCIsImxhc3ROYW1lIjoiRXh0ZXJuYWwiLCJlbWFpbCI6ImNocmlzdG9waGVyLm1vcmR1ZUBtdWxlc29mdC5jb20iLCJ1c2VybmFtZSI6ImZlZGVyYXRlZF9leHRlcm5hbCIsIm9yZ2FuaXphdGlvbiI6eyJpZCI6IjUwMDBkYjk1LWM1ZDQtNDg3Zi05MjVlLTNmODJmMTVhNTQ5OSIsIm5hbWUiOiJGZWRlcmF0ZWQgSW5jIEV4dGVybmFsIEF1dGhvcml6YXRpb24iLCJkb21haW4iOiJmZWRlcmF0ZWQtZXh0ZXJuYWwiLCJlbnRpdGxlbWVudHMiOnsiaHlicmlkIjp7ImVuYWJsZWQiOmZhbHNlfSwiY3JlYXRlU3ViT3JncyI6dHJ1ZSwidkNvcmVzUHJvZHVjdGlvbiI6eyJhc3NpZ25lZCI6MSwicmVhc3NpZ25lZCI6MH0sInZDb3Jlc1NhbmRib3giOnsiYXNzaWduZWQiOjEsInJlYXNzaWduZWQiOjB9LCJnbG9iYWxEZXBsb3ltZW50IjpmYWxzZSwid29ya2VyTG9nZ2luZ092ZXJyaWRlIjp7ImVuYWJsZWQiOmZhbHNlfSwiZ2F0ZXdheXMiOnsiYXNzaWduZWQiOjB9LCJjcmVhdGVFbnZpcm9ubWVudHMiOnRydWUsInBhcnRuZXJzUHJvZHVjdGlvbiI6eyJhc3NpZ25lZCI6MH0sInBhcnRuZXJzU2FuZGJveCI6eyJhc3NpZ25lZCI6MH0sImF1dG9zY2FsaW5nIjpmYWxzZSwic3RhdGljSXBzIjp7ImFzc2lnbmVkIjowLCJyZWFzc2lnbmVkIjowfSwiYXJtQWxlcnRzIjpmYWxzZSwiYXBpcyI6eyJlbmFibGVkIjp0cnVlfSwibXFNZXNzYWdlcyI6eyJiYXNlIjowLCJhZGRPbiI6MH0sIm1xUmVxdWVzdHMiOnsiYmFzZSI6MCwiYWRkT24iOjB9LCJleHRlcm5hbElkZW50aXR5Ijp0cnVlLCJtcUFkdmFuY2VkRmVhdHVyZXMiOnsiZW5hYmxlZCI6ZmFsc2V9LCJ2cGNzIjp7ImFzc2lnbmVkIjowLCJyZWFzc2lnbmVkIjowfSwiaHlicmlkSW5zaWdodCI6ZmFsc2UsImRlc2lnbkNlbnRlciI6eyJtb3phcnQiOmZhbHNlLCJhcGkiOmZhbHNlfSwib2JqZWN0U3RvcmVSZXF1ZXN0VW5pdHMiOnsiYmFzZSI6MTUwMDAwMDAsImFkZE9uIjowfSwib2JqZWN0U3RvcmVLZXlzIjp7ImJhc2UiOjEwMDAwMCwiYWRkT24iOjB9LCJjYW0iOnsiZW5hYmxlZCI6ZmFsc2V9LCJsb2FkQmFsYW5jZXIiOnsiYXNzaWduZWQiOjAsInJlYXNzaWduZWQiOjB9LCJtZXNzYWdpbmciOnsiYXNzaWduZWQiOjB9fSwiZXh0ZXJuYWxBdXRob3JpemF0aW9uIjp0cnVlLCJleHRlcm5hbEF1dGhvcml6YXRpb25Qcm92aWRlciI6eyJuYW1lIjoiUG9ydGFsIEFwcGxpY2F0aW9uIE1hbmFnZW1lbnQgU3lzdGVtIChQQU1TKSIsInVybCI6Imh0dHBzOi8vd3NneC10ZXN0LmNpc2NvLmNvbS9wYW1zL2x0L2NlcG1TZXJ2aWNlL3YxLjUvbWdyc3J2cyIsInZlcnNpb24iOiIxLjUifSwiaWRlbnRpdHlNYW5hZ2VtZW50Ijp7InR5cGUiOiJQaW5nRmVkZXJhdGUifSwib2F1dGgyU2V0dGluZ3MiOnsiYXV0aG9yaXphdGlvbkdyYW50cyI6WyJjb2RlIiwidG9rZW4iLCJvd25lciIsImNyZWRlbnRpYWxzIl0sImF1dGhvcml6YXRpb25VcmkiOiJodHRwczovL2Nsb3Vkc3NvLXRlc3QuY2lzY28uY29tL2FzL2F1dGhvcml6YXRpb24ub2F1dGgyIiwiYWNjZXNzVG9rZW5VcmkiOiJodHRwczovL2Nsb3Vkc3NvLXRlc3QuY2lzY28uY29tL2FzL3Rva2VuLm9hdXRoMiIsImdyYW50VHlwZXMiOlt7Im5hbWUiOiJwYXNzd29yZCIsImxhYmVsIjoiUmVzb3VyY2UgT3duZXIgR3JhbnQiLCJyZXF1aXJlZCI6ZmFsc2UsImV4Y2x1ZGUiOltdLCJkZXBlbmRzIjpbXX0seyJuYW1lIjoiaW1wbGljaXQiLCJsYWJlbCI6IkltcGxpY2l0IEdyYW50IiwicmVxdWlyZWQiOmZhbHNlLCJleGNsdWRlIjpbXSwiZGVwZW5kcyI6W119LHsibmFtZSI6ImNsaWVudF9jcmVkZW50aWFscyIsImxhYmVsIjoiQ2xpZW50IENyZWRlbnRpYWxzIEdyYW50IiwicmVxdWlyZWQiOmZhbHNlLCJleGNsdWRlIjpbXSwiZGVwZW5kcyI6W119LHsibmFtZSI6ImF1dGhvcml6YXRpb25fY29kZSIsImxhYmVsIjoiQXV0aG9yaXphdGlvbiBDb2RlIEdyYW50IiwicmVxdWlyZWQiOmZhbHNlLCJleGNsdWRlIjpbXSwiZGVwZW5kcyI6W119LHsibmFtZSI6InJlZnJlc2hfdG9rZW4iLCJsYWJlbCI6IlJlZnJlc2ggVG9rZW4iLCJyZXF1aXJlZCI6ZmFsc2UsImV4Y2x1ZGUiOltdLCJkZXBlbmRzIjpbImF1dGhvcml6YXRpb25fY29kZSIsInBhc3N3b3JkIl19XX19LCJpbnRlcmFjdGl2ZUxvZ2luIjp0cnVlLCJ0b2tlbiI6ImEyYzg0ODE1LThjYjgtNGE3Ni1iNmU0LTg4MGM3ZTc2MGNlYiIsImlhdCI6MTQ4NjU4Njc4OCwiYXVkIjoiaHR0cDovL2FwaS1wbGF0Zm9ybS1hcGkvcmVwb3NpdG9yeSIsImlzcyI6Imh0dHA6Ly9hcGktcGxhdGZvcm0tYXBpL3JlcG9zaXRvcnkifQ.YOsto-KJMgjQZxFXe6FFipYd8TIh4P1HIlJ5Tg6a9Ps
				Accept=*/*
				Content-Type=application/json; charset=UTF-8
Cookies:		&lt;none&gt;
Body:			&lt;none&gt;
Request method:	POST
Request path:	https://qax.anypoint.mulesoft.com/apiplatform/repository/v2/organizations/5000db95-c5d4-487f-925e-3f82f15a5499/apis/2053/versions/2161/contracts/30213/revoke
Proxy:			&lt;none&gt;
Request params:	&lt;none&gt;
Query params:	&lt;none&gt;
Form params:	&lt;none&gt;
Path params:	&lt;none&gt;
Multiparts:		&lt;none&gt;
Headers:		Authorization=Bearer eyJ0eXAiOiJKV1QiLCJhbGciOiJIUzI1NiJ9.eyJpZCI6IjUwMDAzN2NkLTJjZmQtNGRhNC1iZWQ3LTU3Mzg0ZGViMDYyYiIsImZpcnN0TmFtZSI6IkZlZGVyYXRlZCIsImxhc3ROYW1lIjoiRXh0ZXJuYWwiLCJlbWFpbCI6ImNocmlzdG9waGVyLm1vcmR1ZUBtdWxlc29mdC5jb20iLCJ1c2VybmFtZSI6ImZlZGVyYXRlZF9leHRlcm5hbCIsIm9yZ2FuaXphdGlvbiI6eyJpZCI6IjUwMDBkYjk1LWM1ZDQtNDg3Zi05MjVlLTNmODJmMTVhNTQ5OSIsIm5hbWUiOiJGZWRlcmF0ZWQgSW5jIEV4dGVybmFsIEF1dGhvcml6YXRpb24iLCJkb21haW4iOiJmZWRlcmF0ZWQtZXh0ZXJuYWwiLCJlbnRpdGxlbWVudHMiOnsiaHlicmlkIjp7ImVuYWJsZWQiOmZhbHNlfSwiY3JlYXRlU3ViT3JncyI6dHJ1ZSwidkNvcmVzUHJvZHVjdGlvbiI6eyJhc3NpZ25lZCI6MSwicmVhc3NpZ25lZCI6MH0sInZDb3Jlc1NhbmRib3giOnsiYXNzaWduZWQiOjEsInJlYXNzaWduZWQiOjB9LCJnbG9iYWxEZXBsb3ltZW50IjpmYWxzZSwid29ya2VyTG9nZ2luZ092ZXJyaWRlIjp7ImVuYWJsZWQiOmZhbHNlfSwiZ2F0ZXdheXMiOnsiYXNzaWduZWQiOjB9LCJjcmVhdGVFbnZpcm9ubWVudHMiOnRydWUsInBhcnRuZXJzUHJvZHVjdGlvbiI6eyJhc3NpZ25lZCI6MH0sInBhcnRuZXJzU2FuZGJveCI6eyJhc3NpZ25lZCI6MH0sImF1dG9zY2FsaW5nIjpmYWxzZSwic3RhdGljSXBzIjp7ImFzc2lnbmVkIjowLCJyZWFzc2lnbmVkIjowfSwiYXJtQWxlcnRzIjpmYWxzZSwiYXBpcyI6eyJlbmFibGVkIjp0cnVlfSwibXFNZXNzYWdlcyI6eyJiYXNlIjowLCJhZGRPbiI6MH0sIm1xUmVxdWVzdHMiOnsiYmFzZSI6MCwiYWRkT24iOjB9LCJleHRlcm5hbElkZW50aXR5Ijp0cnVlLCJtcUFkdmFuY2VkRmVhdHVyZXMiOnsiZW5hYmxlZCI6ZmFsc2V9LCJ2cGNzIjp7ImFzc2lnbmVkIjowLCJyZWFzc2lnbmVkIjowfSwiaHlicmlkSW5zaWdodCI6ZmFsc2UsImRlc2lnbkNlbnRlciI6eyJtb3phcnQiOmZhbHNlLCJhcGkiOmZhbHNlfSwib2JqZWN0U3RvcmVSZXF1ZXN0VW5pdHMiOnsiYmFzZSI6MTUwMDAwMDAsImFkZE9uIjowfSwib2JqZWN0U3RvcmVLZXlzIjp7ImJhc2UiOjEwMDAwMCwiYWRkT24iOjB9LCJjYW0iOnsiZW5hYmxlZCI6ZmFsc2V9LCJsb2FkQmFsYW5jZXIiOnsiYXNzaWduZWQiOjAsInJlYXNzaWduZWQiOjB9LCJtZXNzYWdpbmciOnsiYXNzaWduZWQiOjB9fSwiZXh0ZXJuYWxBdXRob3JpemF0aW9uIjp0cnVlLCJleHRlcm5hbEF1dGhvcml6YXRpb25Qcm92aWRlciI6eyJuYW1lIjoiUG9ydGFsIEFwcGxpY2F0aW9uIE1hbmFnZW1lbnQgU3lzdGVtIChQQU1TKSIsInVybCI6Imh0dHBzOi8vd3NneC10ZXN0LmNpc2NvLmNvbS9wYW1zL2x0L2NlcG1TZXJ2aWNlL3YxLjUvbWdyc3J2cyIsInZlcnNpb24iOiIxLjUifSwiaWRlbnRpdHlNYW5hZ2VtZW50Ijp7InR5cGUiOiJQaW5nRmVkZXJhdGUifSwib2F1dGgyU2V0dGluZ3MiOnsiYXV0aG9yaXphdGlvbkdyYW50cyI6WyJjb2RlIiwidG9rZW4iLCJvd25lciIsImNyZWRlbnRpYWxzIl0sImF1dGhvcml6YXRpb25VcmkiOiJodHRwczovL2Nsb3Vkc3NvLXRlc3QuY2lzY28uY29tL2FzL2F1dGhvcml6YXRpb24ub2F1dGgyIiwiYWNjZXNzVG9rZW5VcmkiOiJodHRwczovL2Nsb3Vkc3NvLXRlc3QuY2lzY28uY29tL2FzL3Rva2VuLm9hdXRoMiIsImdyYW50VHlwZXMiOlt7Im5hbWUiOiJwYXNzd29yZCIsImxhYmVsIjoiUmVzb3VyY2UgT3duZXIgR3JhbnQiLCJyZXF1aXJlZCI6ZmFsc2UsImV4Y2x1ZGUiOltdLCJkZXBlbmRzIjpbXX0seyJuYW1lIjoiaW1wbGljaXQiLCJsYWJlbCI6IkltcGxpY2l0IEdyYW50IiwicmVxdWlyZWQiOmZhbHNlLCJleGNsdWRlIjpbXSwiZGVwZW5kcyI6W119LHsibmFtZSI6ImNsaWVudF9jcmVkZW50aWFscyIsImxhYmVsIjoiQ2xpZW50IENyZWRlbnRpYWxzIEdyYW50IiwicmVxdWlyZWQiOmZhbHNlLCJleGNsdWRlIjpbXSwiZGVwZW5kcyI6W119LHsibmFtZSI6ImF1dGhvcml6YXRpb25fY29kZSIsImxhYmVsIjoiQXV0aG9yaXphdGlvbiBDb2RlIEdyYW50IiwicmVxdWlyZWQiOmZhbHNlLCJleGNsdWRlIjpbXSwiZGVwZW5kcyI6W119LHsibmFtZSI6InJlZnJlc2hfdG9rZW4iLCJsYWJlbCI6IlJlZnJlc2ggVG9rZW4iLCJyZXF1aXJlZCI6ZmFsc2UsImV4Y2x1ZGUiOltdLCJkZXBlbmRzIjpbImF1dGhvcml6YXRpb25fY29kZSIsInBhc3N3b3JkIl19XX19LCJpbnRlcmFjdGl2ZUxvZ2luIjp0cnVlLCJ0b2tlbiI6ImEyYzg0ODE1LThjYjgtNGE3Ni1iNmU0LTg4MGM3ZTc2MGNlYiIsImlhdCI6MTQ4NjU4Njc4OCwiYXVkIjoiaHR0cDovL2FwaS1wbGF0Zm9ybS1hcGkvcmVwb3NpdG9yeSIsImlzcyI6Imh0dHA6Ly9hcGktcGxhdGZvcm0tYXBpL3JlcG9zaXRvcnkifQ.YOsto-KJMgjQZxFXe6FFipYd8TIh4P1HIlJ5Tg6a9Ps
				Accept=*/*
				Content-Type=application/json; charset=UTF-8
Cookies:		&lt;none&gt;
Body:			&lt;none&gt;
Request method:	POST
Request path:	https://qax.anypoint.mulesoft.com/apiplatform/repository/v2/organizations/5000db95-c5d4-487f-925e-3f82f15a5499/apis/2053/versions/2161/contracts/30264/revoke
Proxy:			&lt;none&gt;
Request params:	&lt;none&gt;
Query params:	&lt;none&gt;
Form params:	&lt;none&gt;
Path params:	&lt;none&gt;
Multiparts:		&lt;none&gt;
Headers:		Authorization=Bearer eyJ0eXAiOiJKV1QiLCJhbGciOiJIUzI1NiJ9.eyJpZCI6IjUwMDAzN2NkLTJjZmQtNGRhNC1iZWQ3LTU3Mzg0ZGViMDYyYiIsImZpcnN0TmFtZSI6IkZlZGVyYXRlZCIsImxhc3ROYW1lIjoiRXh0ZXJuYWwiLCJlbWFpbCI6ImNocmlzdG9waGVyLm1vcmR1ZUBtdWxlc29mdC5jb20iLCJ1c2VybmFtZSI6ImZlZGVyYXRlZF9leHRlcm5hbCIsIm9yZ2FuaXphdGlvbiI6eyJpZCI6IjUwMDBkYjk1LWM1ZDQtNDg3Zi05MjVlLTNmODJmMTVhNTQ5OSIsIm5hbWUiOiJGZWRlcmF0ZWQgSW5jIEV4dGVybmFsIEF1dGhvcml6YXRpb24iLCJkb21haW4iOiJmZWRlcmF0ZWQtZXh0ZXJuYWwiLCJlbnRpdGxlbWVudHMiOnsiaHlicmlkIjp7ImVuYWJsZWQiOmZhbHNlfSwiY3JlYXRlU3ViT3JncyI6dHJ1ZSwidkNvcmVzUHJvZHVjdGlvbiI6eyJhc3NpZ25lZCI6MSwicmVhc3NpZ25lZCI6MH0sInZDb3Jlc1NhbmRib3giOnsiYXNzaWduZWQiOjEsInJlYXNzaWduZWQiOjB9LCJnbG9iYWxEZXBsb3ltZW50IjpmYWxzZSwid29ya2VyTG9nZ2luZ092ZXJyaWRlIjp7ImVuYWJsZWQiOmZhbHNlfSwiZ2F0ZXdheXMiOnsiYXNzaWduZWQiOjB9LCJjcmVhdGVFbnZpcm9ubWVudHMiOnRydWUsInBhcnRuZXJzUHJvZHVjdGlvbiI6eyJhc3NpZ25lZCI6MH0sInBhcnRuZXJzU2FuZGJveCI6eyJhc3NpZ25lZCI6MH0sImF1dG9zY2FsaW5nIjpmYWxzZSwic3RhdGljSXBzIjp7ImFzc2lnbmVkIjowLCJyZWFzc2lnbmVkIjowfSwiYXJtQWxlcnRzIjpmYWxzZSwiYXBpcyI6eyJlbmFibGVkIjp0cnVlfSwibXFNZXNzYWdlcyI6eyJiYXNlIjowLCJhZGRPbiI6MH0sIm1xUmVxdWVzdHMiOnsiYmFzZSI6MCwiYWRkT24iOjB9LCJleHRlcm5hbElkZW50aXR5Ijp0cnVlLCJtcUFkdmFuY2VkRmVhdHVyZXMiOnsiZW5hYmxlZCI6ZmFsc2V9LCJ2cGNzIjp7ImFzc2lnbmVkIjowLCJyZWFzc2lnbmVkIjowfSwiaHlicmlkSW5zaWdodCI6ZmFsc2UsImRlc2lnbkNlbnRlciI6eyJtb3phcnQiOmZhbHNlLCJhcGkiOmZhbHNlfSwib2JqZWN0U3RvcmVSZXF1ZXN0VW5pdHMiOnsiYmFzZSI6MTUwMDAwMDAsImFkZE9uIjowfSwib2JqZWN0U3RvcmVLZXlzIjp7ImJhc2UiOjEwMDAwMCwiYWRkT24iOjB9LCJjYW0iOnsiZW5hYmxlZCI6ZmFsc2V9LCJsb2FkQmFsYW5jZXIiOnsiYXNzaWduZWQiOjAsInJlYXNzaWduZWQiOjB9LCJtZXNzYWdpbmciOnsiYXNzaWduZWQiOjB9fSwiZXh0ZXJuYWxBdXRob3JpemF0aW9uIjp0cnVlLCJleHRlcm5hbEF1dGhvcml6YXRpb25Qcm92aWRlciI6eyJuYW1lIjoiUG9ydGFsIEFwcGxpY2F0aW9uIE1hbmFnZW1lbnQgU3lzdGVtIChQQU1TKSIsInVybCI6Imh0dHBzOi8vd3NneC10ZXN0LmNpc2NvLmNvbS9wYW1zL2x0L2NlcG1TZXJ2aWNlL3YxLjUvbWdyc3J2cyIsInZlcnNpb24iOiIxLjUifSwiaWRlbnRpdHlNYW5hZ2VtZW50Ijp7InR5cGUiOiJQaW5nRmVkZXJhdGUifSwib2F1dGgyU2V0dGluZ3MiOnsiYXV0aG9yaXphdGlvbkdyYW50cyI6WyJjb2RlIiwidG9rZW4iLCJvd25lciIsImNyZWRlbnRpYWxzIl0sImF1dGhvcml6YXRpb25VcmkiOiJodHRwczovL2Nsb3Vkc3NvLXRlc3QuY2lzY28uY29tL2FzL2F1dGhvcml6YXRpb24ub2F1dGgyIiwiYWNjZXNzVG9rZW5VcmkiOiJodHRwczovL2Nsb3Vkc3NvLXRlc3QuY2lzY28uY29tL2FzL3Rva2VuLm9hdXRoMiIsImdyYW50VHlwZXMiOlt7Im5hbWUiOiJwYXNzd29yZCIsImxhYmVsIjoiUmVzb3VyY2UgT3duZXIgR3JhbnQiLCJyZXF1aXJlZCI6ZmFsc2UsImV4Y2x1ZGUiOltdLCJkZXBlbmRzIjpbXX0seyJuYW1lIjoiaW1wbGljaXQiLCJsYWJlbCI6IkltcGxpY2l0IEdyYW50IiwicmVxdWlyZWQiOmZhbHNlLCJleGNsdWRlIjpbXSwiZGVwZW5kcyI6W119LHsibmFtZSI6ImNsaWVudF9jcmVkZW50aWFscyIsImxhYmVsIjoiQ2xpZW50IENyZWRlbnRpYWxzIEdyYW50IiwicmVxdWlyZWQiOmZhbHNlLCJleGNsdWRlIjpbXSwiZGVwZW5kcyI6W119LHsibmFtZSI6ImF1dGhvcml6YXRpb25fY29kZSIsImxhYmVsIjoiQXV0aG9yaXphdGlvbiBDb2RlIEdyYW50IiwicmVxdWlyZWQiOmZhbHNlLCJleGNsdWRlIjpbXSwiZGVwZW5kcyI6W119LHsibmFtZSI6InJlZnJlc2hfdG9rZW4iLCJsYWJlbCI6IlJlZnJlc2ggVG9rZW4iLCJyZXF1aXJlZCI6ZmFsc2UsImV4Y2x1ZGUiOltdLCJkZXBlbmRzIjpbImF1dGhvcml6YXRpb25fY29kZSIsInBhc3N3b3JkIl19XX19LCJpbnRlcmFjdGl2ZUxvZ2luIjp0cnVlLCJ0b2tlbiI6ImEyYzg0ODE1LThjYjgtNGE3Ni1iNmU0LTg4MGM3ZTc2MGNlYiIsImlhdCI6MTQ4NjU4Njc4OCwiYXVkIjoiaHR0cDovL2FwaS1wbGF0Zm9ybS1hcGkvcmVwb3NpdG9yeSIsImlzcyI6Imh0dHA6Ly9hcGktcGxhdGZvcm0tYXBpL3JlcG9zaXRvcnkifQ.YOsto-KJMgjQZxFXe6FFipYd8TIh4P1HIlJ5Tg6a9Ps
				Accept=*/*
				Content-Type=application/json; charset=UTF-8
Cookies:		&lt;none&gt;
Body:			&lt;none&gt;
Request method:	POST
Request path:	https://qax.anypoint.mulesoft.com/apiplatform/repository/v2/organizations/5000db95-c5d4-487f-925e-3f82f15a5499/apis/2053/versions/2161/contracts/30210/revoke
Proxy:			&lt;none&gt;
Request params:	&lt;none&gt;
Query params:	&lt;none&gt;
Form params:	&lt;none&gt;
Path params:	&lt;none&gt;
Multiparts:		&lt;none&gt;
Headers:		Authorization=Bearer eyJ0eXAiOiJKV1QiLCJhbGciOiJIUzI1NiJ9.eyJpZCI6IjUwMDAzN2NkLTJjZmQtNGRhNC1iZWQ3LTU3Mzg0ZGViMDYyYiIsImZpcnN0TmFtZSI6IkZlZGVyYXRlZCIsImxhc3ROYW1lIjoiRXh0ZXJuYWwiLCJlbWFpbCI6ImNocmlzdG9waGVyLm1vcmR1ZUBtdWxlc29mdC5jb20iLCJ1c2VybmFtZSI6ImZlZGVyYXRlZF9leHRlcm5hbCIsIm9yZ2FuaXphdGlvbiI6eyJpZCI6IjUwMDBkYjk1LWM1ZDQtNDg3Zi05MjVlLTNmODJmMTVhNTQ5OSIsIm5hbWUiOiJGZWRlcmF0ZWQgSW5jIEV4dGVybmFsIEF1dGhvcml6YXRpb24iLCJkb21haW4iOiJmZWRlcmF0ZWQtZXh0ZXJuYWwiLCJlbnRpdGxlbWVudHMiOnsiaHlicmlkIjp7ImVuYWJsZWQiOmZhbHNlfSwiY3JlYXRlU3ViT3JncyI6dHJ1ZSwidkNvcmVzUHJvZHVjdGlvbiI6eyJhc3NpZ25lZCI6MSwicmVhc3NpZ25lZCI6MH0sInZDb3Jlc1NhbmRib3giOnsiYXNzaWduZWQiOjEsInJlYXNzaWduZWQiOjB9LCJnbG9iYWxEZXBsb3ltZW50IjpmYWxzZSwid29ya2VyTG9nZ2luZ092ZXJyaWRlIjp7ImVuYWJsZWQiOmZhbHNlfSwiZ2F0ZXdheXMiOnsiYXNzaWduZWQiOjB9LCJjcmVhdGVFbnZpcm9ubWVudHMiOnRydWUsInBhcnRuZXJzUHJvZHVjdGlvbiI6eyJhc3NpZ25lZCI6MH0sInBhcnRuZXJzU2FuZGJveCI6eyJhc3NpZ25lZCI6MH0sImF1dG9zY2FsaW5nIjpmYWxzZSwic3RhdGljSXBzIjp7ImFzc2lnbmVkIjowLCJyZWFzc2lnbmVkIjowfSwiYXJtQWxlcnRzIjpmYWxzZSwiYXBpcyI6eyJlbmFibGVkIjp0cnVlfSwibXFNZXNzYWdlcyI6eyJiYXNlIjowLCJhZGRPbiI6MH0sIm1xUmVxdWVzdHMiOnsiYmFzZSI6MCwiYWRkT24iOjB9LCJleHRlcm5hbElkZW50aXR5Ijp0cnVlLCJtcUFkdmFuY2VkRmVhdHVyZXMiOnsiZW5hYmxlZCI6ZmFsc2V9LCJ2cGNzIjp7ImFzc2lnbmVkIjowLCJyZWFzc2lnbmVkIjowfSwiaHlicmlkSW5zaWdodCI6ZmFsc2UsImRlc2lnbkNlbnRlciI6eyJtb3phcnQiOmZhbHNlLCJhcGkiOmZhbHNlfSwib2JqZWN0U3RvcmVSZXF1ZXN0VW5pdHMiOnsiYmFzZSI6MTUwMDAwMDAsImFkZE9uIjowfSwib2JqZWN0U3RvcmVLZXlzIjp7ImJhc2UiOjEwMDAwMCwiYWRkT24iOjB9LCJjYW0iOnsiZW5hYmxlZCI6ZmFsc2V9LCJsb2FkQmFsYW5jZXIiOnsiYXNzaWduZWQiOjAsInJlYXNzaWduZWQiOjB9LCJtZXNzYWdpbmciOnsiYXNzaWduZWQiOjB9fSwiZXh0ZXJuYWxBdXRob3JpemF0aW9uIjp0cnVlLCJleHRlcm5hbEF1dGhvcml6YXRpb25Qcm92aWRlciI6eyJuYW1lIjoiUG9ydGFsIEFwcGxpY2F0aW9uIE1hbmFnZW1lbnQgU3lzdGVtIChQQU1TKSIsInVybCI6Imh0dHBzOi8vd3NneC10ZXN0LmNpc2NvLmNvbS9wYW1zL2x0L2NlcG1TZXJ2aWNlL3YxLjUvbWdyc3J2cyIsInZlcnNpb24iOiIxLjUifSwiaWRlbnRpdHlNYW5hZ2VtZW50Ijp7InR5cGUiOiJQaW5nRmVkZXJhdGUifSwib2F1dGgyU2V0dGluZ3MiOnsiYXV0aG9yaXphdGlvbkdyYW50cyI6WyJjb2RlIiwidG9rZW4iLCJvd25lciIsImNyZWRlbnRpYWxzIl0sImF1dGhvcml6YXRpb25VcmkiOiJodHRwczovL2Nsb3Vkc3NvLXRlc3QuY2lzY28uY29tL2FzL2F1dGhvcml6YXRpb24ub2F1dGgyIiwiYWNjZXNzVG9rZW5VcmkiOiJodHRwczovL2Nsb3Vkc3NvLXRlc3QuY2lzY28uY29tL2FzL3Rva2VuLm9hdXRoMiIsImdyYW50VHlwZXMiOlt7Im5hbWUiOiJwYXNzd29yZCIsImxhYmVsIjoiUmVzb3VyY2UgT3duZXIgR3JhbnQiLCJyZXF1aXJlZCI6ZmFsc2UsImV4Y2x1ZGUiOltdLCJkZXBlbmRzIjpbXX0seyJuYW1lIjoiaW1wbGljaXQiLCJsYWJlbCI6IkltcGxpY2l0IEdyYW50IiwicmVxdWlyZWQiOmZhbHNlLCJleGNsdWRlIjpbXSwiZGVwZW5kcyI6W119LHsibmFtZSI6ImNsaWVudF9jcmVkZW50aWFscyIsImxhYmVsIjoiQ2xpZW50IENyZWRlbnRpYWxzIEdyYW50IiwicmVxdWlyZWQiOmZhbHNlLCJleGNsdWRlIjpbXSwiZGVwZW5kcyI6W119LHsibmFtZSI6ImF1dGhvcml6YXRpb25fY29kZSIsImxhYmVsIjoiQXV0aG9yaXphdGlvbiBDb2RlIEdyYW50IiwicmVxdWlyZWQiOmZhbHNlLCJleGNsdWRlIjpbXSwiZGVwZW5kcyI6W119LHsibmFtZSI6InJlZnJlc2hfdG9rZW4iLCJsYWJlbCI6IlJlZnJlc2ggVG9rZW4iLCJyZXF1aXJlZCI6ZmFsc2UsImV4Y2x1ZGUiOltdLCJkZXBlbmRzIjpbImF1dGhvcml6YXRpb25fY29kZSIsInBhc3N3b3JkIl19XX19LCJpbnRlcmFjdGl2ZUxvZ2luIjp0cnVlLCJ0b2tlbiI6ImEyYzg0ODE1LThjYjgtNGE3Ni1iNmU0LTg4MGM3ZTc2MGNlYiIsImlhdCI6MTQ4NjU4Njc4OCwiYXVkIjoiaHR0cDovL2FwaS1wbGF0Zm9ybS1hcGkvcmVwb3NpdG9yeSIsImlzcyI6Imh0dHA6Ly9hcGktcGxhdGZvcm0tYXBpL3JlcG9zaXRvcnkifQ.YOsto-KJMgjQZxFXe6FFipYd8TIh4P1HIlJ5Tg6a9Ps
				Accept=*/*
				Content-Type=application/json; charset=UTF-8
Cookies:		&lt;none&gt;
Body:			&lt;none&gt;
Request method:	POST
Request path:	https://qax.anypoint.mulesoft.com/apiplatform/repository/v2/organizations/5000db95-c5d4-487f-925e-3f82f15a5499/apis/2053/versions/2161/contracts/30243/revoke
Proxy:			&lt;none&gt;
Request params:	&lt;none&gt;
Query params:	&lt;none&gt;
Form params:	&lt;none&gt;
Path params:	&lt;none&gt;
Multiparts:		&lt;none&gt;
Headers:		Authorization=Bearer eyJ0eXAiOiJKV1QiLCJhbGciOiJIUzI1NiJ9.eyJpZCI6IjUwMDAzN2NkLTJjZmQtNGRhNC1iZWQ3LTU3Mzg0ZGViMDYyYiIsImZpcnN0TmFtZSI6IkZlZGVyYXRlZCIsImxhc3ROYW1lIjoiRXh0ZXJuYWwiLCJlbWFpbCI6ImNocmlzdG9waGVyLm1vcmR1ZUBtdWxlc29mdC5jb20iLCJ1c2VybmFtZSI6ImZlZGVyYXRlZF9leHRlcm5hbCIsIm9yZ2FuaXphdGlvbiI6eyJpZCI6IjUwMDBkYjk1LWM1ZDQtNDg3Zi05MjVlLTNmODJmMTVhNTQ5OSIsIm5hbWUiOiJGZWRlcmF0ZWQgSW5jIEV4dGVybmFsIEF1dGhvcml6YXRpb24iLCJkb21haW4iOiJmZWRlcmF0ZWQtZXh0ZXJuYWwiLCJlbnRpdGxlbWVudHMiOnsiaHlicmlkIjp7ImVuYWJsZWQiOmZhbHNlfSwiY3JlYXRlU3ViT3JncyI6dHJ1ZSwidkNvcmVzUHJvZHVjdGlvbiI6eyJhc3NpZ25lZCI6MSwicmVhc3NpZ25lZCI6MH0sInZDb3Jlc1NhbmRib3giOnsiYXNzaWduZWQiOjEsInJlYXNzaWduZWQiOjB9LCJnbG9iYWxEZXBsb3ltZW50IjpmYWxzZSwid29ya2VyTG9nZ2luZ092ZXJyaWRlIjp7ImVuYWJsZWQiOmZhbHNlfSwiZ2F0ZXdheXMiOnsiYXNzaWduZWQiOjB9LCJjcmVhdGVFbnZpcm9ubWVudHMiOnRydWUsInBhcnRuZXJzUHJvZHVjdGlvbiI6eyJhc3NpZ25lZCI6MH0sInBhcnRuZXJzU2FuZGJveCI6eyJhc3NpZ25lZCI6MH0sImF1dG9zY2FsaW5nIjpmYWxzZSwic3RhdGljSXBzIjp7ImFzc2lnbmVkIjowLCJyZWFzc2lnbmVkIjowfSwiYXJtQWxlcnRzIjpmYWxzZSwiYXBpcyI6eyJlbmFibGVkIjp0cnVlfSwibXFNZXNzYWdlcyI6eyJiYXNlIjowLCJhZGRPbiI6MH0sIm1xUmVxdWVzdHMiOnsiYmFzZSI6MCwiYWRkT24iOjB9LCJleHRlcm5hbElkZW50aXR5Ijp0cnVlLCJtcUFkdmFuY2VkRmVhdHVyZXMiOnsiZW5hYmxlZCI6ZmFsc2V9LCJ2cGNzIjp7ImFzc2lnbmVkIjowLCJyZWFzc2lnbmVkIjowfSwiaHlicmlkSW5zaWdodCI6ZmFsc2UsImRlc2lnbkNlbnRlciI6eyJtb3phcnQiOmZhbHNlLCJhcGkiOmZhbHNlfSwib2JqZWN0U3RvcmVSZXF1ZXN0VW5pdHMiOnsiYmFzZSI6MTUwMDAwMDAsImFkZE9uIjowfSwib2JqZWN0U3RvcmVLZXlzIjp7ImJhc2UiOjEwMDAwMCwiYWRkT24iOjB9LCJjYW0iOnsiZW5hYmxlZCI6ZmFsc2V9LCJsb2FkQmFsYW5jZXIiOnsiYXNzaWduZWQiOjAsInJlYXNzaWduZWQiOjB9LCJtZXNzYWdpbmciOnsiYXNzaWduZWQiOjB9fSwiZXh0ZXJuYWxBdXRob3JpemF0aW9uIjp0cnVlLCJleHRlcm5hbEF1dGhvcml6YXRpb25Qcm92aWRlciI6eyJuYW1lIjoiUG9ydGFsIEFwcGxpY2F0aW9uIE1hbmFnZW1lbnQgU3lzdGVtIChQQU1TKSIsInVybCI6Imh0dHBzOi8vd3NneC10ZXN0LmNpc2NvLmNvbS9wYW1zL2x0L2NlcG1TZXJ2aWNlL3YxLjUvbWdyc3J2cyIsInZlcnNpb24iOiIxLjUifSwiaWRlbnRpdHlNYW5hZ2VtZW50Ijp7InR5cGUiOiJQaW5nRmVkZXJhdGUifSwib2F1dGgyU2V0dGluZ3MiOnsiYXV0aG9yaXphdGlvbkdyYW50cyI6WyJjb2RlIiwidG9rZW4iLCJvd25lciIsImNyZWRlbnRpYWxzIl0sImF1dGhvcml6YXRpb25VcmkiOiJodHRwczovL2Nsb3Vkc3NvLXRlc3QuY2lzY28uY29tL2FzL2F1dGhvcml6YXRpb24ub2F1dGgyIiwiYWNjZXNzVG9rZW5VcmkiOiJodHRwczovL2Nsb3Vkc3NvLXRlc3QuY2lzY28uY29tL2FzL3Rva2VuLm9hdXRoMiIsImdyYW50VHlwZXMiOlt7Im5hbWUiOiJwYXNzd29yZCIsImxhYmVsIjoiUmVzb3VyY2UgT3duZXIgR3JhbnQiLCJyZXF1aXJlZCI6ZmFsc2UsImV4Y2x1ZGUiOltdLCJkZXBlbmRzIjpbXX0seyJuYW1lIjoiaW1wbGljaXQiLCJsYWJlbCI6IkltcGxpY2l0IEdyYW50IiwicmVxdWlyZWQiOmZhbHNlLCJleGNsdWRlIjpbXSwiZGVwZW5kcyI6W119LHsibmFtZSI6ImNsaWVudF9jcmVkZW50aWFscyIsImxhYmVsIjoiQ2xpZW50IENyZWRlbnRpYWxzIEdyYW50IiwicmVxdWlyZWQiOmZhbHNlLCJleGNsdWRlIjpbXSwiZGVwZW5kcyI6W119LHsibmFtZSI6ImF1dGhvcml6YXRpb25fY29kZSIsImxhYmVsIjoiQXV0aG9yaXphdGlvbiBDb2RlIEdyYW50IiwicmVxdWlyZWQiOmZhbHNlLCJleGNsdWRlIjpbXSwiZGVwZW5kcyI6W119LHsibmFtZSI6InJlZnJlc2hfdG9rZW4iLCJsYWJlbCI6IlJlZnJlc2ggVG9rZW4iLCJyZXF1aXJlZCI6ZmFsc2UsImV4Y2x1ZGUiOltdLCJkZXBlbmRzIjpbImF1dGhvcml6YXRpb25fY29kZSIsInBhc3N3b3JkIl19XX19LCJpbnRlcmFjdGl2ZUxvZ2luIjp0cnVlLCJ0b2tlbiI6ImEyYzg0ODE1LThjYjgtNGE3Ni1iNmU0LTg4MGM3ZTc2MGNlYiIsImlhdCI6MTQ4NjU4Njc4OCwiYXVkIjoiaHR0cDovL2FwaS1wbGF0Zm9ybS1hcGkvcmVwb3NpdG9yeSIsImlzcyI6Imh0dHA6Ly9hcGktcGxhdGZvcm0tYXBpL3JlcG9zaXRvcnkifQ.YOsto-KJMgjQZxFXe6FFipYd8TIh4P1HIlJ5Tg6a9Ps
				Accept=*/*
				Content-Type=application/json; charset=UTF-8
Cookies:		&lt;none&gt;
Body:			&lt;none&gt;
Request method:	POST
Request path:	https://qax.anypoint.mulesoft.com/apiplatform/repository/v2/organizations/5000db95-c5d4-487f-925e-3f82f15a5499/apis/2053/versions/2161/contracts/30215/revoke
Proxy:			&lt;none&gt;
Request params:	&lt;none&gt;
Query params:	&lt;none&gt;
Form params:	&lt;none&gt;
Path params:	&lt;none&gt;
Multiparts:		&lt;none&gt;
Headers:		Authorization=Bearer eyJ0eXAiOiJKV1QiLCJhbGciOiJIUzI1NiJ9.eyJpZCI6IjUwMDAzN2NkLTJjZmQtNGRhNC1iZWQ3LTU3Mzg0ZGViMDYyYiIsImZpcnN0TmFtZSI6IkZlZGVyYXRlZCIsImxhc3ROYW1lIjoiRXh0ZXJuYWwiLCJlbWFpbCI6ImNocmlzdG9waGVyLm1vcmR1ZUBtdWxlc29mdC5jb20iLCJ1c2VybmFtZSI6ImZlZGVyYXRlZF9leHRlcm5hbCIsIm9yZ2FuaXphdGlvbiI6eyJpZCI6IjUwMDBkYjk1LWM1ZDQtNDg3Zi05MjVlLTNmODJmMTVhNTQ5OSIsIm5hbWUiOiJGZWRlcmF0ZWQgSW5jIEV4dGVybmFsIEF1dGhvcml6YXRpb24iLCJkb21haW4iOiJmZWRlcmF0ZWQtZXh0ZXJuYWwiLCJlbnRpdGxlbWVudHMiOnsiaHlicmlkIjp7ImVuYWJsZWQiOmZhbHNlfSwiY3JlYXRlU3ViT3JncyI6dHJ1ZSwidkNvcmVzUHJvZHVjdGlvbiI6eyJhc3NpZ25lZCI6MSwicmVhc3NpZ25lZCI6MH0sInZDb3Jlc1NhbmRib3giOnsiYXNzaWduZWQiOjEsInJlYXNzaWduZWQiOjB9LCJnbG9iYWxEZXBsb3ltZW50IjpmYWxzZSwid29ya2VyTG9nZ2luZ092ZXJyaWRlIjp7ImVuYWJsZWQiOmZhbHNlfSwiZ2F0ZXdheXMiOnsiYXNzaWduZWQiOjB9LCJjcmVhdGVFbnZpcm9ubWVudHMiOnRydWUsInBhcnRuZXJzUHJvZHVjdGlvbiI6eyJhc3NpZ25lZCI6MH0sInBhcnRuZXJzU2FuZGJveCI6eyJhc3NpZ25lZCI6MH0sImF1dG9zY2FsaW5nIjpmYWxzZSwic3RhdGljSXBzIjp7ImFzc2lnbmVkIjowLCJyZWFzc2lnbmVkIjowfSwiYXJtQWxlcnRzIjpmYWxzZSwiYXBpcyI6eyJlbmFibGVkIjp0cnVlfSwibXFNZXNzYWdlcyI6eyJiYXNlIjowLCJhZGRPbiI6MH0sIm1xUmVxdWVzdHMiOnsiYmFzZSI6MCwiYWRkT24iOjB9LCJleHRlcm5hbElkZW50aXR5Ijp0cnVlLCJtcUFkdmFuY2VkRmVhdHVyZXMiOnsiZW5hYmxlZCI6ZmFsc2V9LCJ2cGNzIjp7ImFzc2lnbmVkIjowLCJyZWFzc2lnbmVkIjowfSwiaHlicmlkSW5zaWdodCI6ZmFsc2UsImRlc2lnbkNlbnRlciI6eyJtb3phcnQiOmZhbHNlLCJhcGkiOmZhbHNlfSwib2JqZWN0U3RvcmVSZXF1ZXN0VW5pdHMiOnsiYmFzZSI6MTUwMDAwMDAsImFkZE9uIjowfSwib2JqZWN0U3RvcmVLZXlzIjp7ImJhc2UiOjEwMDAwMCwiYWRkT24iOjB9LCJjYW0iOnsiZW5hYmxlZCI6ZmFsc2V9LCJsb2FkQmFsYW5jZXIiOnsiYXNzaWduZWQiOjAsInJlYXNzaWduZWQiOjB9LCJtZXNzYWdpbmciOnsiYXNzaWduZWQiOjB9fSwiZXh0ZXJuYWxBdXRob3JpemF0aW9uIjp0cnVlLCJleHRlcm5hbEF1dGhvcml6YXRpb25Qcm92aWRlciI6eyJuYW1lIjoiUG9ydGFsIEFwcGxpY2F0aW9uIE1hbmFnZW1lbnQgU3lzdGVtIChQQU1TKSIsInVybCI6Imh0dHBzOi8vd3NneC10ZXN0LmNpc2NvLmNvbS9wYW1zL2x0L2NlcG1TZXJ2aWNlL3YxLjUvbWdyc3J2cyIsInZlcnNpb24iOiIxLjUifSwiaWRlbnRpdHlNYW5hZ2VtZW50Ijp7InR5cGUiOiJQaW5nRmVkZXJhdGUifSwib2F1dGgyU2V0dGluZ3MiOnsiYXV0aG9yaXphdGlvbkdyYW50cyI6WyJjb2RlIiwidG9rZW4iLCJvd25lciIsImNyZWRlbnRpYWxzIl0sImF1dGhvcml6YXRpb25VcmkiOiJodHRwczovL2Nsb3Vkc3NvLXRlc3QuY2lzY28uY29tL2FzL2F1dGhvcml6YXRpb24ub2F1dGgyIiwiYWNjZXNzVG9rZW5VcmkiOiJodHRwczovL2Nsb3Vkc3NvLXRlc3QuY2lzY28uY29tL2FzL3Rva2VuLm9hdXRoMiIsImdyYW50VHlwZXMiOlt7Im5hbWUiOiJwYXNzd29yZCIsImxhYmVsIjoiUmVzb3VyY2UgT3duZXIgR3JhbnQiLCJyZXF1aXJlZCI6ZmFsc2UsImV4Y2x1ZGUiOltdLCJkZXBlbmRzIjpbXX0seyJuYW1lIjoiaW1wbGljaXQiLCJsYWJlbCI6IkltcGxpY2l0IEdyYW50IiwicmVxdWlyZWQiOmZhbHNlLCJleGNsdWRlIjpbXSwiZGVwZW5kcyI6W119LHsibmFtZSI6ImNsaWVudF9jcmVkZW50aWFscyIsImxhYmVsIjoiQ2xpZW50IENyZWRlbnRpYWxzIEdyYW50IiwicmVxdWlyZWQiOmZhbHNlLCJleGNsdWRlIjpbXSwiZGVwZW5kcyI6W119LHsibmFtZSI6ImF1dGhvcml6YXRpb25fY29kZSIsImxhYmVsIjoiQXV0aG9yaXphdGlvbiBDb2RlIEdyYW50IiwicmVxdWlyZWQiOmZhbHNlLCJleGNsdWRlIjpbXSwiZGVwZW5kcyI6W119LHsibmFtZSI6InJlZnJlc2hfdG9rZW4iLCJsYWJlbCI6IlJlZnJlc2ggVG9rZW4iLCJyZXF1aXJlZCI6ZmFsc2UsImV4Y2x1ZGUiOltdLCJkZXBlbmRzIjpbImF1dGhvcml6YXRpb25fY29kZSIsInBhc3N3b3JkIl19XX19LCJpbnRlcmFjdGl2ZUxvZ2luIjp0cnVlLCJ0b2tlbiI6ImEyYzg0ODE1LThjYjgtNGE3Ni1iNmU0LTg4MGM3ZTc2MGNlYiIsImlhdCI6MTQ4NjU4Njc4OCwiYXVkIjoiaHR0cDovL2FwaS1wbGF0Zm9ybS1hcGkvcmVwb3NpdG9yeSIsImlzcyI6Imh0dHA6Ly9hcGktcGxhdGZvcm0tYXBpL3JlcG9zaXRvcnkifQ.YOsto-KJMgjQZxFXe6FFipYd8TIh4P1HIlJ5Tg6a9Ps
				Accept=*/*
				Content-Type=application/json; charset=UTF-8
Cookies:		&lt;none&gt;
Body:			&lt;none&gt;
Request method:	POST
Request path:	https://qax.anypoint.mulesoft.com/apiplatform/repository/v2/organizations/5000db95-c5d4-487f-925e-3f82f15a5499/apis/2053/versions/2161/contracts/30203/revoke
Proxy:			&lt;none&gt;
Request params:	&lt;none&gt;
Query params:	&lt;none&gt;
Form params:	&lt;none&gt;
Path params:	&lt;none&gt;
Multiparts:		&lt;none&gt;
Headers:		Authorization=Bearer eyJ0eXAiOiJKV1QiLCJhbGciOiJIUzI1NiJ9.eyJpZCI6IjUwMDAzN2NkLTJjZmQtNGRhNC1iZWQ3LTU3Mzg0ZGViMDYyYiIsImZpcnN0TmFtZSI6IkZlZGVyYXRlZCIsImxhc3ROYW1lIjoiRXh0ZXJuYWwiLCJlbWFpbCI6ImNocmlzdG9waGVyLm1vcmR1ZUBtdWxlc29mdC5jb20iLCJ1c2VybmFtZSI6ImZlZGVyYXRlZF9leHRlcm5hbCIsIm9yZ2FuaXphdGlvbiI6eyJpZCI6IjUwMDBkYjk1LWM1ZDQtNDg3Zi05MjVlLTNmODJmMTVhNTQ5OSIsIm5hbWUiOiJGZWRlcmF0ZWQgSW5jIEV4dGVybmFsIEF1dGhvcml6YXRpb24iLCJkb21haW4iOiJmZWRlcmF0ZWQtZXh0ZXJuYWwiLCJlbnRpdGxlbWVudHMiOnsiaHlicmlkIjp7ImVuYWJsZWQiOmZhbHNlfSwiY3JlYXRlU3ViT3JncyI6dHJ1ZSwidkNvcmVzUHJvZHVjdGlvbiI6eyJhc3NpZ25lZCI6MSwicmVhc3NpZ25lZCI6MH0sInZDb3Jlc1NhbmRib3giOnsiYXNzaWduZWQiOjEsInJlYXNzaWduZWQiOjB9LCJnbG9iYWxEZXBsb3ltZW50IjpmYWxzZSwid29ya2VyTG9nZ2luZ092ZXJyaWRlIjp7ImVuYWJsZWQiOmZhbHNlfSwiZ2F0ZXdheXMiOnsiYXNzaWduZWQiOjB9LCJjcmVhdGVFbnZpcm9ubWVudHMiOnRydWUsInBhcnRuZXJzUHJvZHVjdGlvbiI6eyJhc3NpZ25lZCI6MH0sInBhcnRuZXJzU2FuZGJveCI6eyJhc3NpZ25lZCI6MH0sImF1dG9zY2FsaW5nIjpmYWxzZSwic3RhdGljSXBzIjp7ImFzc2lnbmVkIjowLCJyZWFzc2lnbmVkIjowfSwiYXJtQWxlcnRzIjpmYWxzZSwiYXBpcyI6eyJlbmFibGVkIjp0cnVlfSwibXFNZXNzYWdlcyI6eyJiYXNlIjowLCJhZGRPbiI6MH0sIm1xUmVxdWVzdHMiOnsiYmFzZSI6MCwiYWRkT24iOjB9LCJleHRlcm5hbElkZW50aXR5Ijp0cnVlLCJtcUFkdmFuY2VkRmVhdHVyZXMiOnsiZW5hYmxlZCI6ZmFsc2V9LCJ2cGNzIjp7ImFzc2lnbmVkIjowLCJyZWFzc2lnbmVkIjowfSwiaHlicmlkSW5zaWdodCI6ZmFsc2UsImRlc2lnbkNlbnRlciI6eyJtb3phcnQiOmZhbHNlLCJhcGkiOmZhbHNlfSwib2JqZWN0U3RvcmVSZXF1ZXN0VW5pdHMiOnsiYmFzZSI6MTUwMDAwMDAsImFkZE9uIjowfSwib2JqZWN0U3RvcmVLZXlzIjp7ImJhc2UiOjEwMDAwMCwiYWRkT24iOjB9LCJjYW0iOnsiZW5hYmxlZCI6ZmFsc2V9LCJsb2FkQmFsYW5jZXIiOnsiYXNzaWduZWQiOjAsInJlYXNzaWduZWQiOjB9LCJtZXNzYWdpbmciOnsiYXNzaWduZWQiOjB9fSwiZXh0ZXJuYWxBdXRob3JpemF0aW9uIjp0cnVlLCJleHRlcm5hbEF1dGhvcml6YXRpb25Qcm92aWRlciI6eyJuYW1lIjoiUG9ydGFsIEFwcGxpY2F0aW9uIE1hbmFnZW1lbnQgU3lzdGVtIChQQU1TKSIsInVybCI6Imh0dHBzOi8vd3NneC10ZXN0LmNpc2NvLmNvbS9wYW1zL2x0L2NlcG1TZXJ2aWNlL3YxLjUvbWdyc3J2cyIsInZlcnNpb24iOiIxLjUifSwiaWRlbnRpdHlNYW5hZ2VtZW50Ijp7InR5cGUiOiJQaW5nRmVkZXJhdGUifSwib2F1dGgyU2V0dGluZ3MiOnsiYXV0aG9yaXphdGlvbkdyYW50cyI6WyJjb2RlIiwidG9rZW4iLCJvd25lciIsImNyZWRlbnRpYWxzIl0sImF1dGhvcml6YXRpb25VcmkiOiJodHRwczovL2Nsb3Vkc3NvLXRlc3QuY2lzY28uY29tL2FzL2F1dGhvcml6YXRpb24ub2F1dGgyIiwiYWNjZXNzVG9rZW5VcmkiOiJodHRwczovL2Nsb3Vkc3NvLXRlc3QuY2lzY28uY29tL2FzL3Rva2VuLm9hdXRoMiIsImdyYW50VHlwZXMiOlt7Im5hbWUiOiJwYXNzd29yZCIsImxhYmVsIjoiUmVzb3VyY2UgT3duZXIgR3JhbnQiLCJyZXF1aXJlZCI6ZmFsc2UsImV4Y2x1ZGUiOltdLCJkZXBlbmRzIjpbXX0seyJuYW1lIjoiaW1wbGljaXQiLCJsYWJlbCI6IkltcGxpY2l0IEdyYW50IiwicmVxdWlyZWQiOmZhbHNlLCJleGNsdWRlIjpbXSwiZGVwZW5kcyI6W119LHsibmFtZSI6ImNsaWVudF9jcmVkZW50aWFscyIsImxhYmVsIjoiQ2xpZW50IENyZWRlbnRpYWxzIEdyYW50IiwicmVxdWlyZWQiOmZhbHNlLCJleGNsdWRlIjpbXSwiZGVwZW5kcyI6W119LHsibmFtZSI6ImF1dGhvcml6YXRpb25fY29kZSIsImxhYmVsIjoiQXV0aG9yaXphdGlvbiBDb2RlIEdyYW50IiwicmVxdWlyZWQiOmZhbHNlLCJleGNsdWRlIjpbXSwiZGVwZW5kcyI6W119LHsibmFtZSI6InJlZnJlc2hfdG9rZW4iLCJsYWJlbCI6IlJlZnJlc2ggVG9rZW4iLCJyZXF1aXJlZCI6ZmFsc2UsImV4Y2x1ZGUiOltdLCJkZXBlbmRzIjpbImF1dGhvcml6YXRpb25fY29kZSIsInBhc3N3b3JkIl19XX19LCJpbnRlcmFjdGl2ZUxvZ2luIjp0cnVlLCJ0b2tlbiI6ImEyYzg0ODE1LThjYjgtNGE3Ni1iNmU0LTg4MGM3ZTc2MGNlYiIsImlhdCI6MTQ4NjU4Njc4OCwiYXVkIjoiaHR0cDovL2FwaS1wbGF0Zm9ybS1hcGkvcmVwb3NpdG9yeSIsImlzcyI6Imh0dHA6Ly9hcGktcGxhdGZvcm0tYXBpL3JlcG9zaXRvcnkifQ.YOsto-KJMgjQZxFXe6FFipYd8TIh4P1HIlJ5Tg6a9Ps
				Accept=*/*
				Content-Type=application/json; charset=UTF-8
Cookies:		&lt;none&gt;
Body:			&lt;none&gt;
Request method:	POST
Request path:	https://qax.anypoint.mulesoft.com/apiplatform/repository/v2/organizations/5000db95-c5d4-487f-925e-3f82f15a5499/apis/2053/versions/2161/contracts/30268/revoke
Proxy:			&lt;none&gt;
Request params:	&lt;none&gt;
Query params:	&lt;none&gt;
Form params:	&lt;none&gt;
Path params:	&lt;none&gt;
Multiparts:		&lt;none&gt;
Headers:		Authorization=Bearer eyJ0eXAiOiJKV1QiLCJhbGciOiJIUzI1NiJ9.eyJpZCI6IjUwMDAzN2NkLTJjZmQtNGRhNC1iZWQ3LTU3Mzg0ZGViMDYyYiIsImZpcnN0TmFtZSI6IkZlZGVyYXRlZCIsImxhc3ROYW1lIjoiRXh0ZXJuYWwiLCJlbWFpbCI6ImNocmlzdG9waGVyLm1vcmR1ZUBtdWxlc29mdC5jb20iLCJ1c2VybmFtZSI6ImZlZGVyYXRlZF9leHRlcm5hbCIsIm9yZ2FuaXphdGlvbiI6eyJpZCI6IjUwMDBkYjk1LWM1ZDQtNDg3Zi05MjVlLTNmODJmMTVhNTQ5OSIsIm5hbWUiOiJGZWRlcmF0ZWQgSW5jIEV4dGVybmFsIEF1dGhvcml6YXRpb24iLCJkb21haW4iOiJmZWRlcmF0ZWQtZXh0ZXJuYWwiLCJlbnRpdGxlbWVudHMiOnsiaHlicmlkIjp7ImVuYWJsZWQiOmZhbHNlfSwiY3JlYXRlU3ViT3JncyI6dHJ1ZSwidkNvcmVzUHJvZHVjdGlvbiI6eyJhc3NpZ25lZCI6MSwicmVhc3NpZ25lZCI6MH0sInZDb3Jlc1NhbmRib3giOnsiYXNzaWduZWQiOjEsInJlYXNzaWduZWQiOjB9LCJnbG9iYWxEZXBsb3ltZW50IjpmYWxzZSwid29ya2VyTG9nZ2luZ092ZXJyaWRlIjp7ImVuYWJsZWQiOmZhbHNlfSwiZ2F0ZXdheXMiOnsiYXNzaWduZWQiOjB9LCJjcmVhdGVFbnZpcm9ubWVudHMiOnRydWUsInBhcnRuZXJzUHJvZHVjdGlvbiI6eyJhc3NpZ25lZCI6MH0sInBhcnRuZXJzU2FuZGJveCI6eyJhc3NpZ25lZCI6MH0sImF1dG9zY2FsaW5nIjpmYWxzZSwic3RhdGljSXBzIjp7ImFzc2lnbmVkIjowLCJyZWFzc2lnbmVkIjowfSwiYXJtQWxlcnRzIjpmYWxzZSwiYXBpcyI6eyJlbmFibGVkIjp0cnVlfSwibXFNZXNzYWdlcyI6eyJiYXNlIjowLCJhZGRPbiI6MH0sIm1xUmVxdWVzdHMiOnsiYmFzZSI6MCwiYWRkT24iOjB9LCJleHRlcm5hbElkZW50aXR5Ijp0cnVlLCJtcUFkdmFuY2VkRmVhdHVyZXMiOnsiZW5hYmxlZCI6ZmFsc2V9LCJ2cGNzIjp7ImFzc2lnbmVkIjowLCJyZWFzc2lnbmVkIjowfSwiaHlicmlkSW5zaWdodCI6ZmFsc2UsImRlc2lnbkNlbnRlciI6eyJtb3phcnQiOmZhbHNlLCJhcGkiOmZhbHNlfSwib2JqZWN0U3RvcmVSZXF1ZXN0VW5pdHMiOnsiYmFzZSI6MTUwMDAwMDAsImFkZE9uIjowfSwib2JqZWN0U3RvcmVLZXlzIjp7ImJhc2UiOjEwMDAwMCwiYWRkT24iOjB9LCJjYW0iOnsiZW5hYmxlZCI6ZmFsc2V9LCJsb2FkQmFsYW5jZXIiOnsiYXNzaWduZWQiOjAsInJlYXNzaWduZWQiOjB9LCJtZXNzYWdpbmciOnsiYXNzaWduZWQiOjB9fSwiZXh0ZXJuYWxBdXRob3JpemF0aW9uIjp0cnVlLCJleHRlcm5hbEF1dGhvcml6YXRpb25Qcm92aWRlciI6eyJuYW1lIjoiUG9ydGFsIEFwcGxpY2F0aW9uIE1hbmFnZW1lbnQgU3lzdGVtIChQQU1TKSIsInVybCI6Imh0dHBzOi8vd3NneC10ZXN0LmNpc2NvLmNvbS9wYW1zL2x0L2NlcG1TZXJ2aWNlL3YxLjUvbWdyc3J2cyIsInZlcnNpb24iOiIxLjUifSwiaWRlbnRpdHlNYW5hZ2VtZW50Ijp7InR5cGUiOiJQaW5nRmVkZXJhdGUifSwib2F1dGgyU2V0dGluZ3MiOnsiYXV0aG9yaXphdGlvbkdyYW50cyI6WyJjb2RlIiwidG9rZW4iLCJvd25lciIsImNyZWRlbnRpYWxzIl0sImF1dGhvcml6YXRpb25VcmkiOiJodHRwczovL2Nsb3Vkc3NvLXRlc3QuY2lzY28uY29tL2FzL2F1dGhvcml6YXRpb24ub2F1dGgyIiwiYWNjZXNzVG9rZW5VcmkiOiJodHRwczovL2Nsb3Vkc3NvLXRlc3QuY2lzY28uY29tL2FzL3Rva2VuLm9hdXRoMiIsImdyYW50VHlwZXMiOlt7Im5hbWUiOiJwYXNzd29yZCIsImxhYmVsIjoiUmVzb3VyY2UgT3duZXIgR3JhbnQiLCJyZXF1aXJlZCI6ZmFsc2UsImV4Y2x1ZGUiOltdLCJkZXBlbmRzIjpbXX0seyJuYW1lIjoiaW1wbGljaXQiLCJsYWJlbCI6IkltcGxpY2l0IEdyYW50IiwicmVxdWlyZWQiOmZhbHNlLCJleGNsdWRlIjpbXSwiZGVwZW5kcyI6W119LHsibmFtZSI6ImNsaWVudF9jcmVkZW50aWFscyIsImxhYmVsIjoiQ2xpZW50IENyZWRlbnRpYWxzIEdyYW50IiwicmVxdWlyZWQiOmZhbHNlLCJleGNsdWRlIjpbXSwiZGVwZW5kcyI6W119LHsibmFtZSI6ImF1dGhvcml6YXRpb25fY29kZSIsImxhYmVsIjoiQXV0aG9yaXphdGlvbiBDb2RlIEdyYW50IiwicmVxdWlyZWQiOmZhbHNlLCJleGNsdWRlIjpbXSwiZGVwZW5kcyI6W119LHsibmFtZSI6InJlZnJlc2hfdG9rZW4iLCJsYWJlbCI6IlJlZnJlc2ggVG9rZW4iLCJyZXF1aXJlZCI6ZmFsc2UsImV4Y2x1ZGUiOltdLCJkZXBlbmRzIjpbImF1dGhvcml6YXRpb25fY29kZSIsInBhc3N3b3JkIl19XX19LCJpbnRlcmFjdGl2ZUxvZ2luIjp0cnVlLCJ0b2tlbiI6ImEyYzg0ODE1LThjYjgtNGE3Ni1iNmU0LTg4MGM3ZTc2MGNlYiIsImlhdCI6MTQ4NjU4Njc4OCwiYXVkIjoiaHR0cDovL2FwaS1wbGF0Zm9ybS1hcGkvcmVwb3NpdG9yeSIsImlzcyI6Imh0dHA6Ly9hcGktcGxhdGZvcm0tYXBpL3JlcG9zaXRvcnkifQ.YOsto-KJMgjQZxFXe6FFipYd8TIh4P1HIlJ5Tg6a9Ps
				Accept=*/*
				Content-Type=application/json; charset=UTF-8
Cookies:		&lt;none&gt;
Body:			&lt;none&gt;
Request method:	POST
Request path:	https://qax.anypoint.mulesoft.com/apiplatform/repository/v2/organizations/5000db95-c5d4-487f-925e-3f82f15a5499/apis/2053/versions/2161/contracts/30206/revoke
Proxy:			&lt;none&gt;
Request params:	&lt;none&gt;
Query params:	&lt;none&gt;
Form params:	&lt;none&gt;
Path params:	&lt;none&gt;
Multiparts:		&lt;none&gt;
Headers:		Authorization=Bearer eyJ0eXAiOiJKV1QiLCJhbGciOiJIUzI1NiJ9.eyJpZCI6IjUwMDAzN2NkLTJjZmQtNGRhNC1iZWQ3LTU3Mzg0ZGViMDYyYiIsImZpcnN0TmFtZSI6IkZlZGVyYXRlZCIsImxhc3ROYW1lIjoiRXh0ZXJuYWwiLCJlbWFpbCI6ImNocmlzdG9waGVyLm1vcmR1ZUBtdWxlc29mdC5jb20iLCJ1c2VybmFtZSI6ImZlZGVyYXRlZF9leHRlcm5hbCIsIm9yZ2FuaXphdGlvbiI6eyJpZCI6IjUwMDBkYjk1LWM1ZDQtNDg3Zi05MjVlLTNmODJmMTVhNTQ5OSIsIm5hbWUiOiJGZWRlcmF0ZWQgSW5jIEV4dGVybmFsIEF1dGhvcml6YXRpb24iLCJkb21haW4iOiJmZWRlcmF0ZWQtZXh0ZXJuYWwiLCJlbnRpdGxlbWVudHMiOnsiaHlicmlkIjp7ImVuYWJsZWQiOmZhbHNlfSwiY3JlYXRlU3ViT3JncyI6dHJ1ZSwidkNvcmVzUHJvZHVjdGlvbiI6eyJhc3NpZ25lZCI6MSwicmVhc3NpZ25lZCI6MH0sInZDb3Jlc1NhbmRib3giOnsiYXNzaWduZWQiOjEsInJlYXNzaWduZWQiOjB9LCJnbG9iYWxEZXBsb3ltZW50IjpmYWxzZSwid29ya2VyTG9nZ2luZ092ZXJyaWRlIjp7ImVuYWJsZWQiOmZhbHNlfSwiZ2F0ZXdheXMiOnsiYXNzaWduZWQiOjB9LCJjcmVhdGVFbnZpcm9ubWVudHMiOnRydWUsInBhcnRuZXJzUHJvZHVjdGlvbiI6eyJhc3NpZ25lZCI6MH0sInBhcnRuZXJzU2FuZGJveCI6eyJhc3NpZ25lZCI6MH0sImF1dG9zY2FsaW5nIjpmYWxzZSwic3RhdGljSXBzIjp7ImFzc2lnbmVkIjowLCJyZWFzc2lnbmVkIjowfSwiYXJtQWxlcnRzIjpmYWxzZSwiYXBpcyI6eyJlbmFibGVkIjp0cnVlfSwibXFNZXNzYWdlcyI6eyJiYXNlIjowLCJhZGRPbiI6MH0sIm1xUmVxdWVzdHMiOnsiYmFzZSI6MCwiYWRkT24iOjB9LCJleHRlcm5hbElkZW50aXR5Ijp0cnVlLCJtcUFkdmFuY2VkRmVhdHVyZXMiOnsiZW5hYmxlZCI6ZmFsc2V9LCJ2cGNzIjp7ImFzc2lnbmVkIjowLCJyZWFzc2lnbmVkIjowfSwiaHlicmlkSW5zaWdodCI6ZmFsc2UsImRlc2lnbkNlbnRlciI6eyJtb3phcnQiOmZhbHNlLCJhcGkiOmZhbHNlfSwib2JqZWN0U3RvcmVSZXF1ZXN0VW5pdHMiOnsiYmFzZSI6MTUwMDAwMDAsImFkZE9uIjowfSwib2JqZWN0U3RvcmVLZXlzIjp7ImJhc2UiOjEwMDAwMCwiYWRkT24iOjB9LCJjYW0iOnsiZW5hYmxlZCI6ZmFsc2V9LCJsb2FkQmFsYW5jZXIiOnsiYXNzaWduZWQiOjAsInJlYXNzaWduZWQiOjB9LCJtZXNzYWdpbmciOnsiYXNzaWduZWQiOjB9fSwiZXh0ZXJuYWxBdXRob3JpemF0aW9uIjp0cnVlLCJleHRlcm5hbEF1dGhvcml6YXRpb25Qcm92aWRlciI6eyJuYW1lIjoiUG9ydGFsIEFwcGxpY2F0aW9uIE1hbmFnZW1lbnQgU3lzdGVtIChQQU1TKSIsInVybCI6Imh0dHBzOi8vd3NneC10ZXN0LmNpc2NvLmNvbS9wYW1zL2x0L2NlcG1TZXJ2aWNlL3YxLjUvbWdyc3J2cyIsInZlcnNpb24iOiIxLjUifSwiaWRlbnRpdHlNYW5hZ2VtZW50Ijp7InR5cGUiOiJQaW5nRmVkZXJhdGUifSwib2F1dGgyU2V0dGluZ3MiOnsiYXV0aG9yaXphdGlvbkdyYW50cyI6WyJjb2RlIiwidG9rZW4iLCJvd25lciIsImNyZWRlbnRpYWxzIl0sImF1dGhvcml6YXRpb25VcmkiOiJodHRwczovL2Nsb3Vkc3NvLXRlc3QuY2lzY28uY29tL2FzL2F1dGhvcml6YXRpb24ub2F1dGgyIiwiYWNjZXNzVG9rZW5VcmkiOiJodHRwczovL2Nsb3Vkc3NvLXRlc3QuY2lzY28uY29tL2FzL3Rva2VuLm9hdXRoMiIsImdyYW50VHlwZXMiOlt7Im5hbWUiOiJwYXNzd29yZCIsImxhYmVsIjoiUmVzb3VyY2UgT3duZXIgR3JhbnQiLCJyZXF1aXJlZCI6ZmFsc2UsImV4Y2x1ZGUiOltdLCJkZXBlbmRzIjpbXX0seyJuYW1lIjoiaW1wbGljaXQiLCJsYWJlbCI6IkltcGxpY2l0IEdyYW50IiwicmVxdWlyZWQiOmZhbHNlLCJleGNsdWRlIjpbXSwiZGVwZW5kcyI6W119LHsibmFtZSI6ImNsaWVudF9jcmVkZW50aWFscyIsImxhYmVsIjoiQ2xpZW50IENyZWRlbnRpYWxzIEdyYW50IiwicmVxdWlyZWQiOmZhbHNlLCJleGNsdWRlIjpbXSwiZGVwZW5kcyI6W119LHsibmFtZSI6ImF1dGhvcml6YXRpb25fY29kZSIsImxhYmVsIjoiQXV0aG9yaXphdGlvbiBDb2RlIEdyYW50IiwicmVxdWlyZWQiOmZhbHNlLCJleGNsdWRlIjpbXSwiZGVwZW5kcyI6W119LHsibmFtZSI6InJlZnJlc2hfdG9rZW4iLCJsYWJlbCI6IlJlZnJlc2ggVG9rZW4iLCJyZXF1aXJlZCI6ZmFsc2UsImV4Y2x1ZGUiOltdLCJkZXBlbmRzIjpbImF1dGhvcml6YXRpb25fY29kZSIsInBhc3N3b3JkIl19XX19LCJpbnRlcmFjdGl2ZUxvZ2luIjp0cnVlLCJ0b2tlbiI6ImEyYzg0ODE1LThjYjgtNGE3Ni1iNmU0LTg4MGM3ZTc2MGNlYiIsImlhdCI6MTQ4NjU4Njc4OCwiYXVkIjoiaHR0cDovL2FwaS1wbGF0Zm9ybS1hcGkvcmVwb3NpdG9yeSIsImlzcyI6Imh0dHA6Ly9hcGktcGxhdGZvcm0tYXBpL3JlcG9zaXRvcnkifQ.YOsto-KJMgjQZxFXe6FFipYd8TIh4P1HIlJ5Tg6a9Ps
				Accept=*/*
				Content-Type=application/json; charset=UTF-8
Cookies:		&lt;none&gt;
Body:			&lt;none&gt;
Request method:	POST
Request path:	https://qax.anypoint.mulesoft.com/apiplatform/repository/v2/organizations/5000db95-c5d4-487f-925e-3f82f15a5499/apis/2053/versions/2161/contracts/30245/revoke
Proxy:			&lt;none&gt;
Request params:	&lt;none&gt;
Query params:	&lt;none&gt;
Form params:	&lt;none&gt;
Path params:	&lt;none&gt;
Multiparts:		&lt;none&gt;
Headers:		Authorization=Bearer eyJ0eXAiOiJKV1QiLCJhbGciOiJIUzI1NiJ9.eyJpZCI6IjUwMDAzN2NkLTJjZmQtNGRhNC1iZWQ3LTU3Mzg0ZGViMDYyYiIsImZpcnN0TmFtZSI6IkZlZGVyYXRlZCIsImxhc3ROYW1lIjoiRXh0ZXJuYWwiLCJlbWFpbCI6ImNocmlzdG9waGVyLm1vcmR1ZUBtdWxlc29mdC5jb20iLCJ1c2VybmFtZSI6ImZlZGVyYXRlZF9leHRlcm5hbCIsIm9yZ2FuaXphdGlvbiI6eyJpZCI6IjUwMDBkYjk1LWM1ZDQtNDg3Zi05MjVlLTNmODJmMTVhNTQ5OSIsIm5hbWUiOiJGZWRlcmF0ZWQgSW5jIEV4dGVybmFsIEF1dGhvcml6YXRpb24iLCJkb21haW4iOiJmZWRlcmF0ZWQtZXh0ZXJuYWwiLCJlbnRpdGxlbWVudHMiOnsiaHlicmlkIjp7ImVuYWJsZWQiOmZhbHNlfSwiY3JlYXRlU3ViT3JncyI6dHJ1ZSwidkNvcmVzUHJvZHVjdGlvbiI6eyJhc3NpZ25lZCI6MSwicmVhc3NpZ25lZCI6MH0sInZDb3Jlc1NhbmRib3giOnsiYXNzaWduZWQiOjEsInJlYXNzaWduZWQiOjB9LCJnbG9iYWxEZXBsb3ltZW50IjpmYWxzZSwid29ya2VyTG9nZ2luZ092ZXJyaWRlIjp7ImVuYWJsZWQiOmZhbHNlfSwiZ2F0ZXdheXMiOnsiYXNzaWduZWQiOjB9LCJjcmVhdGVFbnZpcm9ubWVudHMiOnRydWUsInBhcnRuZXJzUHJvZHVjdGlvbiI6eyJhc3NpZ25lZCI6MH0sInBhcnRuZXJzU2FuZGJveCI6eyJhc3NpZ25lZCI6MH0sImF1dG9zY2FsaW5nIjpmYWxzZSwic3RhdGljSXBzIjp7ImFzc2lnbmVkIjowLCJyZWFzc2lnbmVkIjowfSwiYXJtQWxlcnRzIjpmYWxzZSwiYXBpcyI6eyJlbmFibGVkIjp0cnVlfSwibXFNZXNzYWdlcyI6eyJiYXNlIjowLCJhZGRPbiI6MH0sIm1xUmVxdWVzdHMiOnsiYmFzZSI6MCwiYWRkT24iOjB9LCJleHRlcm5hbElkZW50aXR5Ijp0cnVlLCJtcUFkdmFuY2VkRmVhdHVyZXMiOnsiZW5hYmxlZCI6ZmFsc2V9LCJ2cGNzIjp7ImFzc2lnbmVkIjowLCJyZWFzc2lnbmVkIjowfSwiaHlicmlkSW5zaWdodCI6ZmFsc2UsImRlc2lnbkNlbnRlciI6eyJtb3phcnQiOmZhbHNlLCJhcGkiOmZhbHNlfSwib2JqZWN0U3RvcmVSZXF1ZXN0VW5pdHMiOnsiYmFzZSI6MTUwMDAwMDAsImFkZE9uIjowfSwib2JqZWN0U3RvcmVLZXlzIjp7ImJhc2UiOjEwMDAwMCwiYWRkT24iOjB9LCJjYW0iOnsiZW5hYmxlZCI6ZmFsc2V9LCJsb2FkQmFsYW5jZXIiOnsiYXNzaWduZWQiOjAsInJlYXNzaWduZWQiOjB9LCJtZXNzYWdpbmciOnsiYXNzaWduZWQiOjB9fSwiZXh0ZXJuYWxBdXRob3JpemF0aW9uIjp0cnVlLCJleHRlcm5hbEF1dGhvcml6YXRpb25Qcm92aWRlciI6eyJuYW1lIjoiUG9ydGFsIEFwcGxpY2F0aW9uIE1hbmFnZW1lbnQgU3lzdGVtIChQQU1TKSIsInVybCI6Imh0dHBzOi8vd3NneC10ZXN0LmNpc2NvLmNvbS9wYW1zL2x0L2NlcG1TZXJ2aWNlL3YxLjUvbWdyc3J2cyIsInZlcnNpb24iOiIxLjUifSwiaWRlbnRpdHlNYW5hZ2VtZW50Ijp7InR5cGUiOiJQaW5nRmVkZXJhdGUifSwib2F1dGgyU2V0dGluZ3MiOnsiYXV0aG9yaXphdGlvbkdyYW50cyI6WyJjb2RlIiwidG9rZW4iLCJvd25lciIsImNyZWRlbnRpYWxzIl0sImF1dGhvcml6YXRpb25VcmkiOiJodHRwczovL2Nsb3Vkc3NvLXRlc3QuY2lzY28uY29tL2FzL2F1dGhvcml6YXRpb24ub2F1dGgyIiwiYWNjZXNzVG9rZW5VcmkiOiJodHRwczovL2Nsb3Vkc3NvLXRlc3QuY2lzY28uY29tL2FzL3Rva2VuLm9hdXRoMiIsImdyYW50VHlwZXMiOlt7Im5hbWUiOiJwYXNzd29yZCIsImxhYmVsIjoiUmVzb3VyY2UgT3duZXIgR3JhbnQiLCJyZXF1aXJlZCI6ZmFsc2UsImV4Y2x1ZGUiOltdLCJkZXBlbmRzIjpbXX0seyJuYW1lIjoiaW1wbGljaXQiLCJsYWJlbCI6IkltcGxpY2l0IEdyYW50IiwicmVxdWlyZWQiOmZhbHNlLCJleGNsdWRlIjpbXSwiZGVwZW5kcyI6W119LHsibmFtZSI6ImNsaWVudF9jcmVkZW50aWFscyIsImxhYmVsIjoiQ2xpZW50IENyZWRlbnRpYWxzIEdyYW50IiwicmVxdWlyZWQiOmZhbHNlLCJleGNsdWRlIjpbXSwiZGVwZW5kcyI6W119LHsibmFtZSI6ImF1dGhvcml6YXRpb25fY29kZSIsImxhYmVsIjoiQXV0aG9yaXphdGlvbiBDb2RlIEdyYW50IiwicmVxdWlyZWQiOmZhbHNlLCJleGNsdWRlIjpbXSwiZGVwZW5kcyI6W119LHsibmFtZSI6InJlZnJlc2hfdG9rZW4iLCJsYWJlbCI6IlJlZnJlc2ggVG9rZW4iLCJyZXF1aXJlZCI6ZmFsc2UsImV4Y2x1ZGUiOltdLCJkZXBlbmRzIjpbImF1dGhvcml6YXRpb25fY29kZSIsInBhc3N3b3JkIl19XX19LCJpbnRlcmFjdGl2ZUxvZ2luIjp0cnVlLCJ0b2tlbiI6ImEyYzg0ODE1LThjYjgtNGE3Ni1iNmU0LTg4MGM3ZTc2MGNlYiIsImlhdCI6MTQ4NjU4Njc4OCwiYXVkIjoiaHR0cDovL2FwaS1wbGF0Zm9ybS1hcGkvcmVwb3NpdG9yeSIsImlzcyI6Imh0dHA6Ly9hcGktcGxhdGZvcm0tYXBpL3JlcG9zaXRvcnkifQ.YOsto-KJMgjQZxFXe6FFipYd8TIh4P1HIlJ5Tg6a9Ps
				Accept=*/*
				Content-Type=application/json; charset=UTF-8
Cookies:		&lt;none&gt;
Body:			&lt;none&gt;
Request method:	POST
Request path:	https://qax.anypoint.mulesoft.com/apiplatform/repository/v2/organizations/5000db95-c5d4-487f-925e-3f82f15a5499/apis/2053/versions/2161/contracts/30269/revoke
Proxy:			&lt;none&gt;
Request params:	&lt;none&gt;
Query params:	&lt;none&gt;
Form params:	&lt;none&gt;
Path params:	&lt;none&gt;
Multiparts:		&lt;none&gt;
Headers:		Authorization=Bearer eyJ0eXAiOiJKV1QiLCJhbGciOiJIUzI1NiJ9.eyJpZCI6IjUwMDAzN2NkLTJjZmQtNGRhNC1iZWQ3LTU3Mzg0ZGViMDYyYiIsImZpcnN0TmFtZSI6IkZlZGVyYXRlZCIsImxhc3ROYW1lIjoiRXh0ZXJuYWwiLCJlbWFpbCI6ImNocmlzdG9waGVyLm1vcmR1ZUBtdWxlc29mdC5jb20iLCJ1c2VybmFtZSI6ImZlZGVyYXRlZF9leHRlcm5hbCIsIm9yZ2FuaXphdGlvbiI6eyJpZCI6IjUwMDBkYjk1LWM1ZDQtNDg3Zi05MjVlLTNmODJmMTVhNTQ5OSIsIm5hbWUiOiJGZWRlcmF0ZWQgSW5jIEV4dGVybmFsIEF1dGhvcml6YXRpb24iLCJkb21haW4iOiJmZWRlcmF0ZWQtZXh0ZXJuYWwiLCJlbnRpdGxlbWVudHMiOnsiaHlicmlkIjp7ImVuYWJsZWQiOmZhbHNlfSwiY3JlYXRlU3ViT3JncyI6dHJ1ZSwidkNvcmVzUHJvZHVjdGlvbiI6eyJhc3NpZ25lZCI6MSwicmVhc3NpZ25lZCI6MH0sInZDb3Jlc1NhbmRib3giOnsiYXNzaWduZWQiOjEsInJlYXNzaWduZWQiOjB9LCJnbG9iYWxEZXBsb3ltZW50IjpmYWxzZSwid29ya2VyTG9nZ2luZ092ZXJyaWRlIjp7ImVuYWJsZWQiOmZhbHNlfSwiZ2F0ZXdheXMiOnsiYXNzaWduZWQiOjB9LCJjcmVhdGVFbnZpcm9ubWVudHMiOnRydWUsInBhcnRuZXJzUHJvZHVjdGlvbiI6eyJhc3NpZ25lZCI6MH0sInBhcnRuZXJzU2FuZGJveCI6eyJhc3NpZ25lZCI6MH0sImF1dG9zY2FsaW5nIjpmYWxzZSwic3RhdGljSXBzIjp7ImFzc2lnbmVkIjowLCJyZWFzc2lnbmVkIjowfSwiYXJtQWxlcnRzIjpmYWxzZSwiYXBpcyI6eyJlbmFibGVkIjp0cnVlfSwibXFNZXNzYWdlcyI6eyJiYXNlIjowLCJhZGRPbiI6MH0sIm1xUmVxdWVzdHMiOnsiYmFzZSI6MCwiYWRkT24iOjB9LCJleHRlcm5hbElkZW50aXR5Ijp0cnVlLCJtcUFkdmFuY2VkRmVhdHVyZXMiOnsiZW5hYmxlZCI6ZmFsc2V9LCJ2cGNzIjp7ImFzc2lnbmVkIjowLCJyZWFzc2lnbmVkIjowfSwiaHlicmlkSW5zaWdodCI6ZmFsc2UsImRlc2lnbkNlbnRlciI6eyJtb3phcnQiOmZhbHNlLCJhcGkiOmZhbHNlfSwib2JqZWN0U3RvcmVSZXF1ZXN0VW5pdHMiOnsiYmFzZSI6MTUwMDAwMDAsImFkZE9uIjowfSwib2JqZWN0U3RvcmVLZXlzIjp7ImJhc2UiOjEwMDAwMCwiYWRkT24iOjB9LCJjYW0iOnsiZW5hYmxlZCI6ZmFsc2V9LCJsb2FkQmFsYW5jZXIiOnsiYXNzaWduZWQiOjAsInJlYXNzaWduZWQiOjB9LCJtZXNzYWdpbmciOnsiYXNzaWduZWQiOjB9fSwiZXh0ZXJuYWxBdXRob3JpemF0aW9uIjp0cnVlLCJleHRlcm5hbEF1dGhvcml6YXRpb25Qcm92aWRlciI6eyJuYW1lIjoiUG9ydGFsIEFwcGxpY2F0aW9uIE1hbmFnZW1lbnQgU3lzdGVtIChQQU1TKSIsInVybCI6Imh0dHBzOi8vd3NneC10ZXN0LmNpc2NvLmNvbS9wYW1zL2x0L2NlcG1TZXJ2aWNlL3YxLjUvbWdyc3J2cyIsInZlcnNpb24iOiIxLjUifSwiaWRlbnRpdHlNYW5hZ2VtZW50Ijp7InR5cGUiOiJQaW5nRmVkZXJhdGUifSwib2F1dGgyU2V0dGluZ3MiOnsiYXV0aG9yaXphdGlvbkdyYW50cyI6WyJjb2RlIiwidG9rZW4iLCJvd25lciIsImNyZWRlbnRpYWxzIl0sImF1dGhvcml6YXRpb25VcmkiOiJodHRwczovL2Nsb3Vkc3NvLXRlc3QuY2lzY28uY29tL2FzL2F1dGhvcml6YXRpb24ub2F1dGgyIiwiYWNjZXNzVG9rZW5VcmkiOiJodHRwczovL2Nsb3Vkc3NvLXRlc3QuY2lzY28uY29tL2FzL3Rva2VuLm9hdXRoMiIsImdyYW50VHlwZXMiOlt7Im5hbWUiOiJwYXNzd29yZCIsImxhYmVsIjoiUmVzb3VyY2UgT3duZXIgR3JhbnQiLCJyZXF1aXJlZCI6ZmFsc2UsImV4Y2x1ZGUiOltdLCJkZXBlbmRzIjpbXX0seyJuYW1lIjoiaW1wbGljaXQiLCJsYWJlbCI6IkltcGxpY2l0IEdyYW50IiwicmVxdWlyZWQiOmZhbHNlLCJleGNsdWRlIjpbXSwiZGVwZW5kcyI6W119LHsibmFtZSI6ImNsaWVudF9jcmVkZW50aWFscyIsImxhYmVsIjoiQ2xpZW50IENyZWRlbnRpYWxzIEdyYW50IiwicmVxdWlyZWQiOmZhbHNlLCJleGNsdWRlIjpbXSwiZGVwZW5kcyI6W119LHsibmFtZSI6ImF1dGhvcml6YXRpb25fY29kZSIsImxhYmVsIjoiQXV0aG9yaXphdGlvbiBDb2RlIEdyYW50IiwicmVxdWlyZWQiOmZhbHNlLCJleGNsdWRlIjpbXSwiZGVwZW5kcyI6W119LHsibmFtZSI6InJlZnJlc2hfdG9rZW4iLCJsYWJlbCI6IlJlZnJlc2ggVG9rZW4iLCJyZXF1aXJlZCI6ZmFsc2UsImV4Y2x1ZGUiOltdLCJkZXBlbmRzIjpbImF1dGhvcml6YXRpb25fY29kZSIsInBhc3N3b3JkIl19XX19LCJpbnRlcmFjdGl2ZUxvZ2luIjp0cnVlLCJ0b2tlbiI6ImEyYzg0ODE1LThjYjgtNGE3Ni1iNmU0LTg4MGM3ZTc2MGNlYiIsImlhdCI6MTQ4NjU4Njc4OCwiYXVkIjoiaHR0cDovL2FwaS1wbGF0Zm9ybS1hcGkvcmVwb3NpdG9yeSIsImlzcyI6Imh0dHA6Ly9hcGktcGxhdGZvcm0tYXBpL3JlcG9zaXRvcnkifQ.YOsto-KJMgjQZxFXe6FFipYd8TIh4P1HIlJ5Tg6a9Ps
				Accept=*/*
				Content-Type=application/json; charset=UTF-8
Cookies:		&lt;none&gt;
Body:			&lt;none&gt;
Request method:	POST
Request path:	https://qax.anypoint.mulesoft.com/apiplatform/repository/v2/organizations/5000db95-c5d4-487f-925e-3f82f15a5499/apis/2053/versions/2161/contracts/30261/revoke
Proxy:			&lt;none&gt;
Request params:	&lt;none&gt;
Query params:	&lt;none&gt;
Form params:	&lt;none&gt;
Path params:	&lt;none&gt;
Multiparts:		&lt;none&gt;
Headers:		Authorization=Bearer eyJ0eXAiOiJKV1QiLCJhbGciOiJIUzI1NiJ9.eyJpZCI6IjUwMDAzN2NkLTJjZmQtNGRhNC1iZWQ3LTU3Mzg0ZGViMDYyYiIsImZpcnN0TmFtZSI6IkZlZGVyYXRlZCIsImxhc3ROYW1lIjoiRXh0ZXJuYWwiLCJlbWFpbCI6ImNocmlzdG9waGVyLm1vcmR1ZUBtdWxlc29mdC5jb20iLCJ1c2VybmFtZSI6ImZlZGVyYXRlZF9leHRlcm5hbCIsIm9yZ2FuaXphdGlvbiI6eyJpZCI6IjUwMDBkYjk1LWM1ZDQtNDg3Zi05MjVlLTNmODJmMTVhNTQ5OSIsIm5hbWUiOiJGZWRlcmF0ZWQgSW5jIEV4dGVybmFsIEF1dGhvcml6YXRpb24iLCJkb21haW4iOiJmZWRlcmF0ZWQtZXh0ZXJuYWwiLCJlbnRpdGxlbWVudHMiOnsiaHlicmlkIjp7ImVuYWJsZWQiOmZhbHNlfSwiY3JlYXRlU3ViT3JncyI6dHJ1ZSwidkNvcmVzUHJvZHVjdGlvbiI6eyJhc3NpZ25lZCI6MSwicmVhc3NpZ25lZCI6MH0sInZDb3Jlc1NhbmRib3giOnsiYXNzaWduZWQiOjEsInJlYXNzaWduZWQiOjB9LCJnbG9iYWxEZXBsb3ltZW50IjpmYWxzZSwid29ya2VyTG9nZ2luZ092ZXJyaWRlIjp7ImVuYWJsZWQiOmZhbHNlfSwiZ2F0ZXdheXMiOnsiYXNzaWduZWQiOjB9LCJjcmVhdGVFbnZpcm9ubWVudHMiOnRydWUsInBhcnRuZXJzUHJvZHVjdGlvbiI6eyJhc3NpZ25lZCI6MH0sInBhcnRuZXJzU2FuZGJveCI6eyJhc3NpZ25lZCI6MH0sImF1dG9zY2FsaW5nIjpmYWxzZSwic3RhdGljSXBzIjp7ImFzc2lnbmVkIjowLCJyZWFzc2lnbmVkIjowfSwiYXJtQWxlcnRzIjpmYWxzZSwiYXBpcyI6eyJlbmFibGVkIjp0cnVlfSwibXFNZXNzYWdlcyI6eyJiYXNlIjowLCJhZGRPbiI6MH0sIm1xUmVxdWVzdHMiOnsiYmFzZSI6MCwiYWRkT24iOjB9LCJleHRlcm5hbElkZW50aXR5Ijp0cnVlLCJtcUFkdmFuY2VkRmVhdHVyZXMiOnsiZW5hYmxlZCI6ZmFsc2V9LCJ2cGNzIjp7ImFzc2lnbmVkIjowLCJyZWFzc2lnbmVkIjowfSwiaHlicmlkSW5zaWdodCI6ZmFsc2UsImRlc2lnbkNlbnRlciI6eyJtb3phcnQiOmZhbHNlLCJhcGkiOmZhbHNlfSwib2JqZWN0U3RvcmVSZXF1ZXN0VW5pdHMiOnsiYmFzZSI6MTUwMDAwMDAsImFkZE9uIjowfSwib2JqZWN0U3RvcmVLZXlzIjp7ImJhc2UiOjEwMDAwMCwiYWRkT24iOjB9LCJjYW0iOnsiZW5hYmxlZCI6ZmFsc2V9LCJsb2FkQmFsYW5jZXIiOnsiYXNzaWduZWQiOjAsInJlYXNzaWduZWQiOjB9LCJtZXNzYWdpbmciOnsiYXNzaWduZWQiOjB9fSwiZXh0ZXJuYWxBdXRob3JpemF0aW9uIjp0cnVlLCJleHRlcm5hbEF1dGhvcml6YXRpb25Qcm92aWRlciI6eyJuYW1lIjoiUG9ydGFsIEFwcGxpY2F0aW9uIE1hbmFnZW1lbnQgU3lzdGVtIChQQU1TKSIsInVybCI6Imh0dHBzOi8vd3NneC10ZXN0LmNpc2NvLmNvbS9wYW1zL2x0L2NlcG1TZXJ2aWNlL3YxLjUvbWdyc3J2cyIsInZlcnNpb24iOiIxLjUifSwiaWRlbnRpdHlNYW5hZ2VtZW50Ijp7InR5cGUiOiJQaW5nRmVkZXJhdGUifSwib2F1dGgyU2V0dGluZ3MiOnsiYXV0aG9yaXphdGlvbkdyYW50cyI6WyJjb2RlIiwidG9rZW4iLCJvd25lciIsImNyZWRlbnRpYWxzIl0sImF1dGhvcml6YXRpb25VcmkiOiJodHRwczovL2Nsb3Vkc3NvLXRlc3QuY2lzY28uY29tL2FzL2F1dGhvcml6YXRpb24ub2F1dGgyIiwiYWNjZXNzVG9rZW5VcmkiOiJodHRwczovL2Nsb3Vkc3NvLXRlc3QuY2lzY28uY29tL2FzL3Rva2VuLm9hdXRoMiIsImdyYW50VHlwZXMiOlt7Im5hbWUiOiJwYXNzd29yZCIsImxhYmVsIjoiUmVzb3VyY2UgT3duZXIgR3JhbnQiLCJyZXF1aXJlZCI6ZmFsc2UsImV4Y2x1ZGUiOltdLCJkZXBlbmRzIjpbXX0seyJuYW1lIjoiaW1wbGljaXQiLCJsYWJlbCI6IkltcGxpY2l0IEdyYW50IiwicmVxdWlyZWQiOmZhbHNlLCJleGNsdWRlIjpbXSwiZGVwZW5kcyI6W119LHsibmFtZSI6ImNsaWVudF9jcmVkZW50aWFscyIsImxhYmVsIjoiQ2xpZW50IENyZWRlbnRpYWxzIEdyYW50IiwicmVxdWlyZWQiOmZhbHNlLCJleGNsdWRlIjpbXSwiZGVwZW5kcyI6W119LHsibmFtZSI6ImF1dGhvcml6YXRpb25fY29kZSIsImxhYmVsIjoiQXV0aG9yaXphdGlvbiBDb2RlIEdyYW50IiwicmVxdWlyZWQiOmZhbHNlLCJleGNsdWRlIjpbXSwiZGVwZW5kcyI6W119LHsibmFtZSI6InJlZnJlc2hfdG9rZW4iLCJsYWJlbCI6IlJlZnJlc2ggVG9rZW4iLCJyZXF1aXJlZCI6ZmFsc2UsImV4Y2x1ZGUiOltdLCJkZXBlbmRzIjpbImF1dGhvcml6YXRpb25fY29kZSIsInBhc3N3b3JkIl19XX19LCJpbnRlcmFjdGl2ZUxvZ2luIjp0cnVlLCJ0b2tlbiI6ImEyYzg0ODE1LThjYjgtNGE3Ni1iNmU0LTg4MGM3ZTc2MGNlYiIsImlhdCI6MTQ4NjU4Njc4OCwiYXVkIjoiaHR0cDovL2FwaS1wbGF0Zm9ybS1hcGkvcmVwb3NpdG9yeSIsImlzcyI6Imh0dHA6Ly9hcGktcGxhdGZvcm0tYXBpL3JlcG9zaXRvcnkifQ.YOsto-KJMgjQZxFXe6FFipYd8TIh4P1HIlJ5Tg6a9Ps
				Accept=*/*
				Content-Type=application/json; charset=UTF-8
Cookies:		&lt;none&gt;
Body:			&lt;none&gt;
Request method:	POST
Request path:	https://qax.anypoint.mulesoft.com/apiplatform/repository/v2/organizations/5000db95-c5d4-487f-925e-3f82f15a5499/apis/2053/versions/2161/contracts/30237/revoke
Proxy:			&lt;none&gt;
Request params:	&lt;none&gt;
Query params:	&lt;none&gt;
Form params:	&lt;none&gt;
Path params:	&lt;none&gt;
Multiparts:		&lt;none&gt;
Headers:		Authorization=Bearer eyJ0eXAiOiJKV1QiLCJhbGciOiJIUzI1NiJ9.eyJpZCI6IjUwMDAzN2NkLTJjZmQtNGRhNC1iZWQ3LTU3Mzg0ZGViMDYyYiIsImZpcnN0TmFtZSI6IkZlZGVyYXRlZCIsImxhc3ROYW1lIjoiRXh0ZXJuYWwiLCJlbWFpbCI6ImNocmlzdG9waGVyLm1vcmR1ZUBtdWxlc29mdC5jb20iLCJ1c2VybmFtZSI6ImZlZGVyYXRlZF9leHRlcm5hbCIsIm9yZ2FuaXphdGlvbiI6eyJpZCI6IjUwMDBkYjk1LWM1ZDQtNDg3Zi05MjVlLTNmODJmMTVhNTQ5OSIsIm5hbWUiOiJGZWRlcmF0ZWQgSW5jIEV4dGVybmFsIEF1dGhvcml6YXRpb24iLCJkb21haW4iOiJmZWRlcmF0ZWQtZXh0ZXJuYWwiLCJlbnRpdGxlbWVudHMiOnsiaHlicmlkIjp7ImVuYWJsZWQiOmZhbHNlfSwiY3JlYXRlU3ViT3JncyI6dHJ1ZSwidkNvcmVzUHJvZHVjdGlvbiI6eyJhc3NpZ25lZCI6MSwicmVhc3NpZ25lZCI6MH0sInZDb3Jlc1NhbmRib3giOnsiYXNzaWduZWQiOjEsInJlYXNzaWduZWQiOjB9LCJnbG9iYWxEZXBsb3ltZW50IjpmYWxzZSwid29ya2VyTG9nZ2luZ092ZXJyaWRlIjp7ImVuYWJsZWQiOmZhbHNlfSwiZ2F0ZXdheXMiOnsiYXNzaWduZWQiOjB9LCJjcmVhdGVFbnZpcm9ubWVudHMiOnRydWUsInBhcnRuZXJzUHJvZHVjdGlvbiI6eyJhc3NpZ25lZCI6MH0sInBhcnRuZXJzU2FuZGJveCI6eyJhc3NpZ25lZCI6MH0sImF1dG9zY2FsaW5nIjpmYWxzZSwic3RhdGljSXBzIjp7ImFzc2lnbmVkIjowLCJyZWFzc2lnbmVkIjowfSwiYXJtQWxlcnRzIjpmYWxzZSwiYXBpcyI6eyJlbmFibGVkIjp0cnVlfSwibXFNZXNzYWdlcyI6eyJiYXNlIjowLCJhZGRPbiI6MH0sIm1xUmVxdWVzdHMiOnsiYmFzZSI6MCwiYWRkT24iOjB9LCJleHRlcm5hbElkZW50aXR5Ijp0cnVlLCJtcUFkdmFuY2VkRmVhdHVyZXMiOnsiZW5hYmxlZCI6ZmFsc2V9LCJ2cGNzIjp7ImFzc2lnbmVkIjowLCJyZWFzc2lnbmVkIjowfSwiaHlicmlkSW5zaWdodCI6ZmFsc2UsImRlc2lnbkNlbnRlciI6eyJtb3phcnQiOmZhbHNlLCJhcGkiOmZhbHNlfSwib2JqZWN0U3RvcmVSZXF1ZXN0VW5pdHMiOnsiYmFzZSI6MTUwMDAwMDAsImFkZE9uIjowfSwib2JqZWN0U3RvcmVLZXlzIjp7ImJhc2UiOjEwMDAwMCwiYWRkT24iOjB9LCJjYW0iOnsiZW5hYmxlZCI6ZmFsc2V9LCJsb2FkQmFsYW5jZXIiOnsiYXNzaWduZWQiOjAsInJlYXNzaWduZWQiOjB9LCJtZXNzYWdpbmciOnsiYXNzaWduZWQiOjB9fSwiZXh0ZXJuYWxBdXRob3JpemF0aW9uIjp0cnVlLCJleHRlcm5hbEF1dGhvcml6YXRpb25Qcm92aWRlciI6eyJuYW1lIjoiUG9ydGFsIEFwcGxpY2F0aW9uIE1hbmFnZW1lbnQgU3lzdGVtIChQQU1TKSIsInVybCI6Imh0dHBzOi8vd3NneC10ZXN0LmNpc2NvLmNvbS9wYW1zL2x0L2NlcG1TZXJ2aWNlL3YxLjUvbWdyc3J2cyIsInZlcnNpb24iOiIxLjUifSwiaWRlbnRpdHlNYW5hZ2VtZW50Ijp7InR5cGUiOiJQaW5nRmVkZXJhdGUifSwib2F1dGgyU2V0dGluZ3MiOnsiYXV0aG9yaXphdGlvbkdyYW50cyI6WyJjb2RlIiwidG9rZW4iLCJvd25lciIsImNyZWRlbnRpYWxzIl0sImF1dGhvcml6YXRpb25VcmkiOiJodHRwczovL2Nsb3Vkc3NvLXRlc3QuY2lzY28uY29tL2FzL2F1dGhvcml6YXRpb24ub2F1dGgyIiwiYWNjZXNzVG9rZW5VcmkiOiJodHRwczovL2Nsb3Vkc3NvLXRlc3QuY2lzY28uY29tL2FzL3Rva2VuLm9hdXRoMiIsImdyYW50VHlwZXMiOlt7Im5hbWUiOiJwYXNzd29yZCIsImxhYmVsIjoiUmVzb3VyY2UgT3duZXIgR3JhbnQiLCJyZXF1aXJlZCI6ZmFsc2UsImV4Y2x1ZGUiOltdLCJkZXBlbmRzIjpbXX0seyJuYW1lIjoiaW1wbGljaXQiLCJsYWJlbCI6IkltcGxpY2l0IEdyYW50IiwicmVxdWlyZWQiOmZhbHNlLCJleGNsdWRlIjpbXSwiZGVwZW5kcyI6W119LHsibmFtZSI6ImNsaWVudF9jcmVkZW50aWFscyIsImxhYmVsIjoiQ2xpZW50IENyZWRlbnRpYWxzIEdyYW50IiwicmVxdWlyZWQiOmZhbHNlLCJleGNsdWRlIjpbXSwiZGVwZW5kcyI6W119LHsibmFtZSI6ImF1dGhvcml6YXRpb25fY29kZSIsImxhYmVsIjoiQXV0aG9yaXphdGlvbiBDb2RlIEdyYW50IiwicmVxdWlyZWQiOmZhbHNlLCJleGNsdWRlIjpbXSwiZGVwZW5kcyI6W119LHsibmFtZSI6InJlZnJlc2hfdG9rZW4iLCJsYWJlbCI6IlJlZnJlc2ggVG9rZW4iLCJyZXF1aXJlZCI6ZmFsc2UsImV4Y2x1ZGUiOltdLCJkZXBlbmRzIjpbImF1dGhvcml6YXRpb25fY29kZSIsInBhc3N3b3JkIl19XX19LCJpbnRlcmFjdGl2ZUxvZ2luIjp0cnVlLCJ0b2tlbiI6ImEyYzg0ODE1LThjYjgtNGE3Ni1iNmU0LTg4MGM3ZTc2MGNlYiIsImlhdCI6MTQ4NjU4Njc4OCwiYXVkIjoiaHR0cDovL2FwaS1wbGF0Zm9ybS1hcGkvcmVwb3NpdG9yeSIsImlzcyI6Imh0dHA6Ly9hcGktcGxhdGZvcm0tYXBpL3JlcG9zaXRvcnkifQ.YOsto-KJMgjQZxFXe6FFipYd8TIh4P1HIlJ5Tg6a9Ps
				Accept=*/*
				Content-Type=application/json; charset=UTF-8
Cookies:		&lt;none&gt;
Body:			&lt;none&gt;
Request method:	POST
Request path:	https://qax.anypoint.mulesoft.com/apiplatform/repository/v2/organizations/5000db95-c5d4-487f-925e-3f82f15a5499/apis/2053/versions/2161/contracts/30207/revoke
Proxy:			&lt;none&gt;
Request params:	&lt;none&gt;
Query params:	&lt;none&gt;
Form params:	&lt;none&gt;
Path params:	&lt;none&gt;
Multiparts:		&lt;none&gt;
Headers:		Authorization=Bearer eyJ0eXAiOiJKV1QiLCJhbGciOiJIUzI1NiJ9.eyJpZCI6IjUwMDAzN2NkLTJjZmQtNGRhNC1iZWQ3LTU3Mzg0ZGViMDYyYiIsImZpcnN0TmFtZSI6IkZlZGVyYXRlZCIsImxhc3ROYW1lIjoiRXh0ZXJuYWwiLCJlbWFpbCI6ImNocmlzdG9waGVyLm1vcmR1ZUBtdWxlc29mdC5jb20iLCJ1c2VybmFtZSI6ImZlZGVyYXRlZF9leHRlcm5hbCIsIm9yZ2FuaXphdGlvbiI6eyJpZCI6IjUwMDBkYjk1LWM1ZDQtNDg3Zi05MjVlLTNmODJmMTVhNTQ5OSIsIm5hbWUiOiJGZWRlcmF0ZWQgSW5jIEV4dGVybmFsIEF1dGhvcml6YXRpb24iLCJkb21haW4iOiJmZWRlcmF0ZWQtZXh0ZXJuYWwiLCJlbnRpdGxlbWVudHMiOnsiaHlicmlkIjp7ImVuYWJsZWQiOmZhbHNlfSwiY3JlYXRlU3ViT3JncyI6dHJ1ZSwidkNvcmVzUHJvZHVjdGlvbiI6eyJhc3NpZ25lZCI6MSwicmVhc3NpZ25lZCI6MH0sInZDb3Jlc1NhbmRib3giOnsiYXNzaWduZWQiOjEsInJlYXNzaWduZWQiOjB9LCJnbG9iYWxEZXBsb3ltZW50IjpmYWxzZSwid29ya2VyTG9nZ2luZ092ZXJyaWRlIjp7ImVuYWJsZWQiOmZhbHNlfSwiZ2F0ZXdheXMiOnsiYXNzaWduZWQiOjB9LCJjcmVhdGVFbnZpcm9ubWVudHMiOnRydWUsInBhcnRuZXJzUHJvZHVjdGlvbiI6eyJhc3NpZ25lZCI6MH0sInBhcnRuZXJzU2FuZGJveCI6eyJhc3NpZ25lZCI6MH0sImF1dG9zY2FsaW5nIjpmYWxzZSwic3RhdGljSXBzIjp7ImFzc2lnbmVkIjowLCJyZWFzc2lnbmVkIjowfSwiYXJtQWxlcnRzIjpmYWxzZSwiYXBpcyI6eyJlbmFibGVkIjp0cnVlfSwibXFNZXNzYWdlcyI6eyJiYXNlIjowLCJhZGRPbiI6MH0sIm1xUmVxdWVzdHMiOnsiYmFzZSI6MCwiYWRkT24iOjB9LCJleHRlcm5hbElkZW50aXR5Ijp0cnVlLCJtcUFkdmFuY2VkRmVhdHVyZXMiOnsiZW5hYmxlZCI6ZmFsc2V9LCJ2cGNzIjp7ImFzc2lnbmVkIjowLCJyZWFzc2lnbmVkIjowfSwiaHlicmlkSW5zaWdodCI6ZmFsc2UsImRlc2lnbkNlbnRlciI6eyJtb3phcnQiOmZhbHNlLCJhcGkiOmZhbHNlfSwib2JqZWN0U3RvcmVSZXF1ZXN0VW5pdHMiOnsiYmFzZSI6MTUwMDAwMDAsImFkZE9uIjowfSwib2JqZWN0U3RvcmVLZXlzIjp7ImJhc2UiOjEwMDAwMCwiYWRkT24iOjB9LCJjYW0iOnsiZW5hYmxlZCI6ZmFsc2V9LCJsb2FkQmFsYW5jZXIiOnsiYXNzaWduZWQiOjAsInJlYXNzaWduZWQiOjB9LCJtZXNzYWdpbmciOnsiYXNzaWduZWQiOjB9fSwiZXh0ZXJuYWxBdXRob3JpemF0aW9uIjp0cnVlLCJleHRlcm5hbEF1dGhvcml6YXRpb25Qcm92aWRlciI6eyJuYW1lIjoiUG9ydGFsIEFwcGxpY2F0aW9uIE1hbmFnZW1lbnQgU3lzdGVtIChQQU1TKSIsInVybCI6Imh0dHBzOi8vd3NneC10ZXN0LmNpc2NvLmNvbS9wYW1zL2x0L2NlcG1TZXJ2aWNlL3YxLjUvbWdyc3J2cyIsInZlcnNpb24iOiIxLjUifSwiaWRlbnRpdHlNYW5hZ2VtZW50Ijp7InR5cGUiOiJQaW5nRmVkZXJhdGUifSwib2F1dGgyU2V0dGluZ3MiOnsiYXV0aG9yaXphdGlvbkdyYW50cyI6WyJjb2RlIiwidG9rZW4iLCJvd25lciIsImNyZWRlbnRpYWxzIl0sImF1dGhvcml6YXRpb25VcmkiOiJodHRwczovL2Nsb3Vkc3NvLXRlc3QuY2lzY28uY29tL2FzL2F1dGhvcml6YXRpb24ub2F1dGgyIiwiYWNjZXNzVG9rZW5VcmkiOiJodHRwczovL2Nsb3Vkc3NvLXRlc3QuY2lzY28uY29tL2FzL3Rva2VuLm9hdXRoMiIsImdyYW50VHlwZXMiOlt7Im5hbWUiOiJwYXNzd29yZCIsImxhYmVsIjoiUmVzb3VyY2UgT3duZXIgR3JhbnQiLCJyZXF1aXJlZCI6ZmFsc2UsImV4Y2x1ZGUiOltdLCJkZXBlbmRzIjpbXX0seyJuYW1lIjoiaW1wbGljaXQiLCJsYWJlbCI6IkltcGxpY2l0IEdyYW50IiwicmVxdWlyZWQiOmZhbHNlLCJleGNsdWRlIjpbXSwiZGVwZW5kcyI6W119LHsibmFtZSI6ImNsaWVudF9jcmVkZW50aWFscyIsImxhYmVsIjoiQ2xpZW50IENyZWRlbnRpYWxzIEdyYW50IiwicmVxdWlyZWQiOmZhbHNlLCJleGNsdWRlIjpbXSwiZGVwZW5kcyI6W119LHsibmFtZSI6ImF1dGhvcml6YXRpb25fY29kZSIsImxhYmVsIjoiQXV0aG9yaXphdGlvbiBDb2RlIEdyYW50IiwicmVxdWlyZWQiOmZhbHNlLCJleGNsdWRlIjpbXSwiZGVwZW5kcyI6W119LHsibmFtZSI6InJlZnJlc2hfdG9rZW4iLCJsYWJlbCI6IlJlZnJlc2ggVG9rZW4iLCJyZXF1aXJlZCI6ZmFsc2UsImV4Y2x1ZGUiOltdLCJkZXBlbmRzIjpbImF1dGhvcml6YXRpb25fY29kZSIsInBhc3N3b3JkIl19XX19LCJpbnRlcmFjdGl2ZUxvZ2luIjp0cnVlLCJ0b2tlbiI6ImEyYzg0ODE1LThjYjgtNGE3Ni1iNmU0LTg4MGM3ZTc2MGNlYiIsImlhdCI6MTQ4NjU4Njc4OCwiYXVkIjoiaHR0cDovL2FwaS1wbGF0Zm9ybS1hcGkvcmVwb3NpdG9yeSIsImlzcyI6Imh0dHA6Ly9hcGktcGxhdGZvcm0tYXBpL3JlcG9zaXRvcnkifQ.YOsto-KJMgjQZxFXe6FFipYd8TIh4P1HIlJ5Tg6a9Ps
				Accept=*/*
				Content-Type=application/json; charset=UTF-8
Cookies:		&lt;none&gt;
Body:			&lt;none&gt;
Request method:	POST
Request path:	https://qax.anypoint.mulesoft.com/apiplatform/repository/v2/organizations/5000db95-c5d4-487f-925e-3f82f15a5499/apis/2053/versions/2161/contracts/30267/revoke
Proxy:			&lt;none&gt;
Request params:	&lt;none&gt;
Query params:	&lt;none&gt;
Form params:	&lt;none&gt;
Path params:	&lt;none&gt;
Multiparts:		&lt;none&gt;
Headers:		Authorization=Bearer eyJ0eXAiOiJKV1QiLCJhbGciOiJIUzI1NiJ9.eyJpZCI6IjUwMDAzN2NkLTJjZmQtNGRhNC1iZWQ3LTU3Mzg0ZGViMDYyYiIsImZpcnN0TmFtZSI6IkZlZGVyYXRlZCIsImxhc3ROYW1lIjoiRXh0ZXJuYWwiLCJlbWFpbCI6ImNocmlzdG9waGVyLm1vcmR1ZUBtdWxlc29mdC5jb20iLCJ1c2VybmFtZSI6ImZlZGVyYXRlZF9leHRlcm5hbCIsIm9yZ2FuaXphdGlvbiI6eyJpZCI6IjUwMDBkYjk1LWM1ZDQtNDg3Zi05MjVlLTNmODJmMTVhNTQ5OSIsIm5hbWUiOiJGZWRlcmF0ZWQgSW5jIEV4dGVybmFsIEF1dGhvcml6YXRpb24iLCJkb21haW4iOiJmZWRlcmF0ZWQtZXh0ZXJuYWwiLCJlbnRpdGxlbWVudHMiOnsiaHlicmlkIjp7ImVuYWJsZWQiOmZhbHNlfSwiY3JlYXRlU3ViT3JncyI6dHJ1ZSwidkNvcmVzUHJvZHVjdGlvbiI6eyJhc3NpZ25lZCI6MSwicmVhc3NpZ25lZCI6MH0sInZDb3Jlc1NhbmRib3giOnsiYXNzaWduZWQiOjEsInJlYXNzaWduZWQiOjB9LCJnbG9iYWxEZXBsb3ltZW50IjpmYWxzZSwid29ya2VyTG9nZ2luZ092ZXJyaWRlIjp7ImVuYWJsZWQiOmZhbHNlfSwiZ2F0ZXdheXMiOnsiYXNzaWduZWQiOjB9LCJjcmVhdGVFbnZpcm9ubWVudHMiOnRydWUsInBhcnRuZXJzUHJvZHVjdGlvbiI6eyJhc3NpZ25lZCI6MH0sInBhcnRuZXJzU2FuZGJveCI6eyJhc3NpZ25lZCI6MH0sImF1dG9zY2FsaW5nIjpmYWxzZSwic3RhdGljSXBzIjp7ImFzc2lnbmVkIjowLCJyZWFzc2lnbmVkIjowfSwiYXJtQWxlcnRzIjpmYWxzZSwiYXBpcyI6eyJlbmFibGVkIjp0cnVlfSwibXFNZXNzYWdlcyI6eyJiYXNlIjowLCJhZGRPbiI6MH0sIm1xUmVxdWVzdHMiOnsiYmFzZSI6MCwiYWRkT24iOjB9LCJleHRlcm5hbElkZW50aXR5Ijp0cnVlLCJtcUFkdmFuY2VkRmVhdHVyZXMiOnsiZW5hYmxlZCI6ZmFsc2V9LCJ2cGNzIjp7ImFzc2lnbmVkIjowLCJyZWFzc2lnbmVkIjowfSwiaHlicmlkSW5zaWdodCI6ZmFsc2UsImRlc2lnbkNlbnRlciI6eyJtb3phcnQiOmZhbHNlLCJhcGkiOmZhbHNlfSwib2JqZWN0U3RvcmVSZXF1ZXN0VW5pdHMiOnsiYmFzZSI6MTUwMDAwMDAsImFkZE9uIjowfSwib2JqZWN0U3RvcmVLZXlzIjp7ImJhc2UiOjEwMDAwMCwiYWRkT24iOjB9LCJjYW0iOnsiZW5hYmxlZCI6ZmFsc2V9LCJsb2FkQmFsYW5jZXIiOnsiYXNzaWduZWQiOjAsInJlYXNzaWduZWQiOjB9LCJtZXNzYWdpbmciOnsiYXNzaWduZWQiOjB9fSwiZXh0ZXJuYWxBdXRob3JpemF0aW9uIjp0cnVlLCJleHRlcm5hbEF1dGhvcml6YXRpb25Qcm92aWRlciI6eyJuYW1lIjoiUG9ydGFsIEFwcGxpY2F0aW9uIE1hbmFnZW1lbnQgU3lzdGVtIChQQU1TKSIsInVybCI6Imh0dHBzOi8vd3NneC10ZXN0LmNpc2NvLmNvbS9wYW1zL2x0L2NlcG1TZXJ2aWNlL3YxLjUvbWdyc3J2cyIsInZlcnNpb24iOiIxLjUifSwiaWRlbnRpdHlNYW5hZ2VtZW50Ijp7InR5cGUiOiJQaW5nRmVkZXJhdGUifSwib2F1dGgyU2V0dGluZ3MiOnsiYXV0aG9yaXphdGlvbkdyYW50cyI6WyJjb2RlIiwidG9rZW4iLCJvd25lciIsImNyZWRlbnRpYWxzIl0sImF1dGhvcml6YXRpb25VcmkiOiJodHRwczovL2Nsb3Vkc3NvLXRlc3QuY2lzY28uY29tL2FzL2F1dGhvcml6YXRpb24ub2F1dGgyIiwiYWNjZXNzVG9rZW5VcmkiOiJodHRwczovL2Nsb3Vkc3NvLXRlc3QuY2lzY28uY29tL2FzL3Rva2VuLm9hdXRoMiIsImdyYW50VHlwZXMiOlt7Im5hbWUiOiJwYXNzd29yZCIsImxhYmVsIjoiUmVzb3VyY2UgT3duZXIgR3JhbnQiLCJyZXF1aXJlZCI6ZmFsc2UsImV4Y2x1ZGUiOltdLCJkZXBlbmRzIjpbXX0seyJuYW1lIjoiaW1wbGljaXQiLCJsYWJlbCI6IkltcGxpY2l0IEdyYW50IiwicmVxdWlyZWQiOmZhbHNlLCJleGNsdWRlIjpbXSwiZGVwZW5kcyI6W119LHsibmFtZSI6ImNsaWVudF9jcmVkZW50aWFscyIsImxhYmVsIjoiQ2xpZW50IENyZWRlbnRpYWxzIEdyYW50IiwicmVxdWlyZWQiOmZhbHNlLCJleGNsdWRlIjpbXSwiZGVwZW5kcyI6W119LHsibmFtZSI6ImF1dGhvcml6YXRpb25fY29kZSIsImxhYmVsIjoiQXV0aG9yaXphdGlvbiBDb2RlIEdyYW50IiwicmVxdWlyZWQiOmZhbHNlLCJleGNsdWRlIjpbXSwiZGVwZW5kcyI6W119LHsibmFtZSI6InJlZnJlc2hfdG9rZW4iLCJsYWJlbCI6IlJlZnJlc2ggVG9rZW4iLCJyZXF1aXJlZCI6ZmFsc2UsImV4Y2x1ZGUiOltdLCJkZXBlbmRzIjpbImF1dGhvcml6YXRpb25fY29kZSIsInBhc3N3b3JkIl19XX19LCJpbnRlcmFjdGl2ZUxvZ2luIjp0cnVlLCJ0b2tlbiI6ImEyYzg0ODE1LThjYjgtNGE3Ni1iNmU0LTg4MGM3ZTc2MGNlYiIsImlhdCI6MTQ4NjU4Njc4OCwiYXVkIjoiaHR0cDovL2FwaS1wbGF0Zm9ybS1hcGkvcmVwb3NpdG9yeSIsImlzcyI6Imh0dHA6Ly9hcGktcGxhdGZvcm0tYXBpL3JlcG9zaXRvcnkifQ.YOsto-KJMgjQZxFXe6FFipYd8TIh4P1HIlJ5Tg6a9Ps
				Accept=*/*
				Content-Type=application/json; charset=UTF-8
Cookies:		&lt;none&gt;
Body:			&lt;none&gt;
Request method:	POST
Request path:	https://qax.anypoint.mulesoft.com/apiplatform/repository/v2/organizations/5000db95-c5d4-487f-925e-3f82f15a5499/apis/2053/versions/2161/contracts/30232/revoke
Proxy:			&lt;none&gt;
Request params:	&lt;none&gt;
Query params:	&lt;none&gt;
Form params:	&lt;none&gt;
Path params:	&lt;none&gt;
Multiparts:		&lt;none&gt;
Headers:		Authorization=Bearer eyJ0eXAiOiJKV1QiLCJhbGciOiJIUzI1NiJ9.eyJpZCI6IjUwMDAzN2NkLTJjZmQtNGRhNC1iZWQ3LTU3Mzg0ZGViMDYyYiIsImZpcnN0TmFtZSI6IkZlZGVyYXRlZCIsImxhc3ROYW1lIjoiRXh0ZXJuYWwiLCJlbWFpbCI6ImNocmlzdG9waGVyLm1vcmR1ZUBtdWxlc29mdC5jb20iLCJ1c2VybmFtZSI6ImZlZGVyYXRlZF9leHRlcm5hbCIsIm9yZ2FuaXphdGlvbiI6eyJpZCI6IjUwMDBkYjk1LWM1ZDQtNDg3Zi05MjVlLTNmODJmMTVhNTQ5OSIsIm5hbWUiOiJGZWRlcmF0ZWQgSW5jIEV4dGVybmFsIEF1dGhvcml6YXRpb24iLCJkb21haW4iOiJmZWRlcmF0ZWQtZXh0ZXJuYWwiLCJlbnRpdGxlbWVudHMiOnsiaHlicmlkIjp7ImVuYWJsZWQiOmZhbHNlfSwiY3JlYXRlU3ViT3JncyI6dHJ1ZSwidkNvcmVzUHJvZHVjdGlvbiI6eyJhc3NpZ25lZCI6MSwicmVhc3NpZ25lZCI6MH0sInZDb3Jlc1NhbmRib3giOnsiYXNzaWduZWQiOjEsInJlYXNzaWduZWQiOjB9LCJnbG9iYWxEZXBsb3ltZW50IjpmYWxzZSwid29ya2VyTG9nZ2luZ092ZXJyaWRlIjp7ImVuYWJsZWQiOmZhbHNlfSwiZ2F0ZXdheXMiOnsiYXNzaWduZWQiOjB9LCJjcmVhdGVFbnZpcm9ubWVudHMiOnRydWUsInBhcnRuZXJzUHJvZHVjdGlvbiI6eyJhc3NpZ25lZCI6MH0sInBhcnRuZXJzU2FuZGJveCI6eyJhc3NpZ25lZCI6MH0sImF1dG9zY2FsaW5nIjpmYWxzZSwic3RhdGljSXBzIjp7ImFzc2lnbmVkIjowLCJyZWFzc2lnbmVkIjowfSwiYXJtQWxlcnRzIjpmYWxzZSwiYXBpcyI6eyJlbmFibGVkIjp0cnVlfSwibXFNZXNzYWdlcyI6eyJiYXNlIjowLCJhZGRPbiI6MH0sIm1xUmVxdWVzdHMiOnsiYmFzZSI6MCwiYWRkT24iOjB9LCJleHRlcm5hbElkZW50aXR5Ijp0cnVlLCJtcUFkdmFuY2VkRmVhdHVyZXMiOnsiZW5hYmxlZCI6ZmFsc2V9LCJ2cGNzIjp7ImFzc2lnbmVkIjowLCJyZWFzc2lnbmVkIjowfSwiaHlicmlkSW5zaWdodCI6ZmFsc2UsImRlc2lnbkNlbnRlciI6eyJtb3phcnQiOmZhbHNlLCJhcGkiOmZhbHNlfSwib2JqZWN0U3RvcmVSZXF1ZXN0VW5pdHMiOnsiYmFzZSI6MTUwMDAwMDAsImFkZE9uIjowfSwib2JqZWN0U3RvcmVLZXlzIjp7ImJhc2UiOjEwMDAwMCwiYWRkT24iOjB9LCJjYW0iOnsiZW5hYmxlZCI6ZmFsc2V9LCJsb2FkQmFsYW5jZXIiOnsiYXNzaWduZWQiOjAsInJlYXNzaWduZWQiOjB9LCJtZXNzYWdpbmciOnsiYXNzaWduZWQiOjB9fSwiZXh0ZXJuYWxBdXRob3JpemF0aW9uIjp0cnVlLCJleHRlcm5hbEF1dGhvcml6YXRpb25Qcm92aWRlciI6eyJuYW1lIjoiUG9ydGFsIEFwcGxpY2F0aW9uIE1hbmFnZW1lbnQgU3lzdGVtIChQQU1TKSIsInVybCI6Imh0dHBzOi8vd3NneC10ZXN0LmNpc2NvLmNvbS9wYW1zL2x0L2NlcG1TZXJ2aWNlL3YxLjUvbWdyc3J2cyIsInZlcnNpb24iOiIxLjUifSwiaWRlbnRpdHlNYW5hZ2VtZW50Ijp7InR5cGUiOiJQaW5nRmVkZXJhdGUifSwib2F1dGgyU2V0dGluZ3MiOnsiYXV0aG9yaXphdGlvbkdyYW50cyI6WyJjb2RlIiwidG9rZW4iLCJvd25lciIsImNyZWRlbnRpYWxzIl0sImF1dGhvcml6YXRpb25VcmkiOiJodHRwczovL2Nsb3Vkc3NvLXRlc3QuY2lzY28uY29tL2FzL2F1dGhvcml6YXRpb24ub2F1dGgyIiwiYWNjZXNzVG9rZW5VcmkiOiJodHRwczovL2Nsb3Vkc3NvLXRlc3QuY2lzY28uY29tL2FzL3Rva2VuLm9hdXRoMiIsImdyYW50VHlwZXMiOlt7Im5hbWUiOiJwYXNzd29yZCIsImxhYmVsIjoiUmVzb3VyY2UgT3duZXIgR3JhbnQiLCJyZXF1aXJlZCI6ZmFsc2UsImV4Y2x1ZGUiOltdLCJkZXBlbmRzIjpbXX0seyJuYW1lIjoiaW1wbGljaXQiLCJsYWJlbCI6IkltcGxpY2l0IEdyYW50IiwicmVxdWlyZWQiOmZhbHNlLCJleGNsdWRlIjpbXSwiZGVwZW5kcyI6W119LHsibmFtZSI6ImNsaWVudF9jcmVkZW50aWFscyIsImxhYmVsIjoiQ2xpZW50IENyZWRlbnRpYWxzIEdyYW50IiwicmVxdWlyZWQiOmZhbHNlLCJleGNsdWRlIjpbXSwiZGVwZW5kcyI6W119LHsibmFtZSI6ImF1dGhvcml6YXRpb25fY29kZSIsImxhYmVsIjoiQXV0aG9yaXphdGlvbiBDb2RlIEdyYW50IiwicmVxdWlyZWQiOmZhbHNlLCJleGNsdWRlIjpbXSwiZGVwZW5kcyI6W119LHsibmFtZSI6InJlZnJlc2hfdG9rZW4iLCJsYWJlbCI6IlJlZnJlc2ggVG9rZW4iLCJyZXF1aXJlZCI6ZmFsc2UsImV4Y2x1ZGUiOltdLCJkZXBlbmRzIjpbImF1dGhvcml6YXRpb25fY29kZSIsInBhc3N3b3JkIl19XX19LCJpbnRlcmFjdGl2ZUxvZ2luIjp0cnVlLCJ0b2tlbiI6ImEyYzg0ODE1LThjYjgtNGE3Ni1iNmU0LTg4MGM3ZTc2MGNlYiIsImlhdCI6MTQ4NjU4Njc4OCwiYXVkIjoiaHR0cDovL2FwaS1wbGF0Zm9ybS1hcGkvcmVwb3NpdG9yeSIsImlzcyI6Imh0dHA6Ly9hcGktcGxhdGZvcm0tYXBpL3JlcG9zaXRvcnkifQ.YOsto-KJMgjQZxFXe6FFipYd8TIh4P1HIlJ5Tg6a9Ps
				Accept=*/*
				Content-Type=application/json; charset=UTF-8
Cookies:		&lt;none&gt;
Body:			&lt;none&gt;
Request method:	POST
Request path:	https://qax.anypoint.mulesoft.com/apiplatform/repository/v2/organizations/5000db95-c5d4-487f-925e-3f82f15a5499/apis/2053/versions/2161/contracts/30233/revoke
Proxy:			&lt;none&gt;
Request params:	&lt;none&gt;
Query params:	&lt;none&gt;
Form params:	&lt;none&gt;
Path params:	&lt;none&gt;
Multiparts:		&lt;none&gt;
Headers:		Authorization=Bearer eyJ0eXAiOiJKV1QiLCJhbGciOiJIUzI1NiJ9.eyJpZCI6IjUwMDAzN2NkLTJjZmQtNGRhNC1iZWQ3LTU3Mzg0ZGViMDYyYiIsImZpcnN0TmFtZSI6IkZlZGVyYXRlZCIsImxhc3ROYW1lIjoiRXh0ZXJuYWwiLCJlbWFpbCI6ImNocmlzdG9waGVyLm1vcmR1ZUBtdWxlc29mdC5jb20iLCJ1c2VybmFtZSI6ImZlZGVyYXRlZF9leHRlcm5hbCIsIm9yZ2FuaXphdGlvbiI6eyJpZCI6IjUwMDBkYjk1LWM1ZDQtNDg3Zi05MjVlLTNmODJmMTVhNTQ5OSIsIm5hbWUiOiJGZWRlcmF0ZWQgSW5jIEV4dGVybmFsIEF1dGhvcml6YXRpb24iLCJkb21haW4iOiJmZWRlcmF0ZWQtZXh0ZXJuYWwiLCJlbnRpdGxlbWVudHMiOnsiaHlicmlkIjp7ImVuYWJsZWQiOmZhbHNlfSwiY3JlYXRlU3ViT3JncyI6dHJ1ZSwidkNvcmVzUHJvZHVjdGlvbiI6eyJhc3NpZ25lZCI6MSwicmVhc3NpZ25lZCI6MH0sInZDb3Jlc1NhbmRib3giOnsiYXNzaWduZWQiOjEsInJlYXNzaWduZWQiOjB9LCJnbG9iYWxEZXBsb3ltZW50IjpmYWxzZSwid29ya2VyTG9nZ2luZ092ZXJyaWRlIjp7ImVuYWJsZWQiOmZhbHNlfSwiZ2F0ZXdheXMiOnsiYXNzaWduZWQiOjB9LCJjcmVhdGVFbnZpcm9ubWVudHMiOnRydWUsInBhcnRuZXJzUHJvZHVjdGlvbiI6eyJhc3NpZ25lZCI6MH0sInBhcnRuZXJzU2FuZGJveCI6eyJhc3NpZ25lZCI6MH0sImF1dG9zY2FsaW5nIjpmYWxzZSwic3RhdGljSXBzIjp7ImFzc2lnbmVkIjowLCJyZWFzc2lnbmVkIjowfSwiYXJtQWxlcnRzIjpmYWxzZSwiYXBpcyI6eyJlbmFibGVkIjp0cnVlfSwibXFNZXNzYWdlcyI6eyJiYXNlIjowLCJhZGRPbiI6MH0sIm1xUmVxdWVzdHMiOnsiYmFzZSI6MCwiYWRkT24iOjB9LCJleHRlcm5hbElkZW50aXR5Ijp0cnVlLCJtcUFkdmFuY2VkRmVhdHVyZXMiOnsiZW5hYmxlZCI6ZmFsc2V9LCJ2cGNzIjp7ImFzc2lnbmVkIjowLCJyZWFzc2lnbmVkIjowfSwiaHlicmlkSW5zaWdodCI6ZmFsc2UsImRlc2lnbkNlbnRlciI6eyJtb3phcnQiOmZhbHNlLCJhcGkiOmZhbHNlfSwib2JqZWN0U3RvcmVSZXF1ZXN0VW5pdHMiOnsiYmFzZSI6MTUwMDAwMDAsImFkZE9uIjowfSwib2JqZWN0U3RvcmVLZXlzIjp7ImJhc2UiOjEwMDAwMCwiYWRkT24iOjB9LCJjYW0iOnsiZW5hYmxlZCI6ZmFsc2V9LCJsb2FkQmFsYW5jZXIiOnsiYXNzaWduZWQiOjAsInJlYXNzaWduZWQiOjB9LCJtZXNzYWdpbmciOnsiYXNzaWduZWQiOjB9fSwiZXh0ZXJuYWxBdXRob3JpemF0aW9uIjp0cnVlLCJleHRlcm5hbEF1dGhvcml6YXRpb25Qcm92aWRlciI6eyJuYW1lIjoiUG9ydGFsIEFwcGxpY2F0aW9uIE1hbmFnZW1lbnQgU3lzdGVtIChQQU1TKSIsInVybCI6Imh0dHBzOi8vd3NneC10ZXN0LmNpc2NvLmNvbS9wYW1zL2x0L2NlcG1TZXJ2aWNlL3YxLjUvbWdyc3J2cyIsInZlcnNpb24iOiIxLjUifSwiaWRlbnRpdHlNYW5hZ2VtZW50Ijp7InR5cGUiOiJQaW5nRmVkZXJhdGUifSwib2F1dGgyU2V0dGluZ3MiOnsiYXV0aG9yaXphdGlvbkdyYW50cyI6WyJjb2RlIiwidG9rZW4iLCJvd25lciIsImNyZWRlbnRpYWxzIl0sImF1dGhvcml6YXRpb25VcmkiOiJodHRwczovL2Nsb3Vkc3NvLXRlc3QuY2lzY28uY29tL2FzL2F1dGhvcml6YXRpb24ub2F1dGgyIiwiYWNjZXNzVG9rZW5VcmkiOiJodHRwczovL2Nsb3Vkc3NvLXRlc3QuY2lzY28uY29tL2FzL3Rva2VuLm9hdXRoMiIsImdyYW50VHlwZXMiOlt7Im5hbWUiOiJwYXNzd29yZCIsImxhYmVsIjoiUmVzb3VyY2UgT3duZXIgR3JhbnQiLCJyZXF1aXJlZCI6ZmFsc2UsImV4Y2x1ZGUiOltdLCJkZXBlbmRzIjpbXX0seyJuYW1lIjoiaW1wbGljaXQiLCJsYWJlbCI6IkltcGxpY2l0IEdyYW50IiwicmVxdWlyZWQiOmZhbHNlLCJleGNsdWRlIjpbXSwiZGVwZW5kcyI6W119LHsibmFtZSI6ImNsaWVudF9jcmVkZW50aWFscyIsImxhYmVsIjoiQ2xpZW50IENyZWRlbnRpYWxzIEdyYW50IiwicmVxdWlyZWQiOmZhbHNlLCJleGNsdWRlIjpbXSwiZGVwZW5kcyI6W119LHsibmFtZSI6ImF1dGhvcml6YXRpb25fY29kZSIsImxhYmVsIjoiQXV0aG9yaXphdGlvbiBDb2RlIEdyYW50IiwicmVxdWlyZWQiOmZhbHNlLCJleGNsdWRlIjpbXSwiZGVwZW5kcyI6W119LHsibmFtZSI6InJlZnJlc2hfdG9rZW4iLCJsYWJlbCI6IlJlZnJlc2ggVG9rZW4iLCJyZXF1aXJlZCI6ZmFsc2UsImV4Y2x1ZGUiOltdLCJkZXBlbmRzIjpbImF1dGhvcml6YXRpb25fY29kZSIsInBhc3N3b3JkIl19XX19LCJpbnRlcmFjdGl2ZUxvZ2luIjp0cnVlLCJ0b2tlbiI6ImEyYzg0ODE1LThjYjgtNGE3Ni1iNmU0LTg4MGM3ZTc2MGNlYiIsImlhdCI6MTQ4NjU4Njc4OCwiYXVkIjoiaHR0cDovL2FwaS1wbGF0Zm9ybS1hcGkvcmVwb3NpdG9yeSIsImlzcyI6Imh0dHA6Ly9hcGktcGxhdGZvcm0tYXBpL3JlcG9zaXRvcnkifQ.YOsto-KJMgjQZxFXe6FFipYd8TIh4P1HIlJ5Tg6a9Ps
				Accept=*/*
				Content-Type=application/json; charset=UTF-8
Cookies:		&lt;none&gt;
Body:			&lt;none&gt;
Request method:	POST
Request path:	https://qax.anypoint.mulesoft.com/apiplatform/repository/v2/organizations/5000db95-c5d4-487f-925e-3f82f15a5499/apis/2053/versions/2161/contracts/30238/revoke
Proxy:			&lt;none&gt;
Request params:	&lt;none&gt;
Query params:	&lt;none&gt;
Form params:	&lt;none&gt;
Path params:	&lt;none&gt;
Multiparts:		&lt;none&gt;
Headers:		Authorization=Bearer eyJ0eXAiOiJKV1QiLCJhbGciOiJIUzI1NiJ9.eyJpZCI6IjUwMDAzN2NkLTJjZmQtNGRhNC1iZWQ3LTU3Mzg0ZGViMDYyYiIsImZpcnN0TmFtZSI6IkZlZGVyYXRlZCIsImxhc3ROYW1lIjoiRXh0ZXJuYWwiLCJlbWFpbCI6ImNocmlzdG9waGVyLm1vcmR1ZUBtdWxlc29mdC5jb20iLCJ1c2VybmFtZSI6ImZlZGVyYXRlZF9leHRlcm5hbCIsIm9yZ2FuaXphdGlvbiI6eyJpZCI6IjUwMDBkYjk1LWM1ZDQtNDg3Zi05MjVlLTNmODJmMTVhNTQ5OSIsIm5hbWUiOiJGZWRlcmF0ZWQgSW5jIEV4dGVybmFsIEF1dGhvcml6YXRpb24iLCJkb21haW4iOiJmZWRlcmF0ZWQtZXh0ZXJuYWwiLCJlbnRpdGxlbWVudHMiOnsiaHlicmlkIjp7ImVuYWJsZWQiOmZhbHNlfSwiY3JlYXRlU3ViT3JncyI6dHJ1ZSwidkNvcmVzUHJvZHVjdGlvbiI6eyJhc3NpZ25lZCI6MSwicmVhc3NpZ25lZCI6MH0sInZDb3Jlc1NhbmRib3giOnsiYXNzaWduZWQiOjEsInJlYXNzaWduZWQiOjB9LCJnbG9iYWxEZXBsb3ltZW50IjpmYWxzZSwid29ya2VyTG9nZ2luZ092ZXJyaWRlIjp7ImVuYWJsZWQiOmZhbHNlfSwiZ2F0ZXdheXMiOnsiYXNzaWduZWQiOjB9LCJjcmVhdGVFbnZpcm9ubWVudHMiOnRydWUsInBhcnRuZXJzUHJvZHVjdGlvbiI6eyJhc3NpZ25lZCI6MH0sInBhcnRuZXJzU2FuZGJveCI6eyJhc3NpZ25lZCI6MH0sImF1dG9zY2FsaW5nIjpmYWxzZSwic3RhdGljSXBzIjp7ImFzc2lnbmVkIjowLCJyZWFzc2lnbmVkIjowfSwiYXJtQWxlcnRzIjpmYWxzZSwiYXBpcyI6eyJlbmFibGVkIjp0cnVlfSwibXFNZXNzYWdlcyI6eyJiYXNlIjowLCJhZGRPbiI6MH0sIm1xUmVxdWVzdHMiOnsiYmFzZSI6MCwiYWRkT24iOjB9LCJleHRlcm5hbElkZW50aXR5Ijp0cnVlLCJtcUFkdmFuY2VkRmVhdHVyZXMiOnsiZW5hYmxlZCI6ZmFsc2V9LCJ2cGNzIjp7ImFzc2lnbmVkIjowLCJyZWFzc2lnbmVkIjowfSwiaHlicmlkSW5zaWdodCI6ZmFsc2UsImRlc2lnbkNlbnRlciI6eyJtb3phcnQiOmZhbHNlLCJhcGkiOmZhbHNlfSwib2JqZWN0U3RvcmVSZXF1ZXN0VW5pdHMiOnsiYmFzZSI6MTUwMDAwMDAsImFkZE9uIjowfSwib2JqZWN0U3RvcmVLZXlzIjp7ImJhc2UiOjEwMDAwMCwiYWRkT24iOjB9LCJjYW0iOnsiZW5hYmxlZCI6ZmFsc2V9LCJsb2FkQmFsYW5jZXIiOnsiYXNzaWduZWQiOjAsInJlYXNzaWduZWQiOjB9LCJtZXNzYWdpbmciOnsiYXNzaWduZWQiOjB9fSwiZXh0ZXJuYWxBdXRob3JpemF0aW9uIjp0cnVlLCJleHRlcm5hbEF1dGhvcml6YXRpb25Qcm92aWRlciI6eyJuYW1lIjoiUG9ydGFsIEFwcGxpY2F0aW9uIE1hbmFnZW1lbnQgU3lzdGVtIChQQU1TKSIsInVybCI6Imh0dHBzOi8vd3NneC10ZXN0LmNpc2NvLmNvbS9wYW1zL2x0L2NlcG1TZXJ2aWNlL3YxLjUvbWdyc3J2cyIsInZlcnNpb24iOiIxLjUifSwiaWRlbnRpdHlNYW5hZ2VtZW50Ijp7InR5cGUiOiJQaW5nRmVkZXJhdGUifSwib2F1dGgyU2V0dGluZ3MiOnsiYXV0aG9yaXphdGlvbkdyYW50cyI6WyJjb2RlIiwidG9rZW4iLCJvd25lciIsImNyZWRlbnRpYWxzIl0sImF1dGhvcml6YXRpb25VcmkiOiJodHRwczovL2Nsb3Vkc3NvLXRlc3QuY2lzY28uY29tL2FzL2F1dGhvcml6YXRpb24ub2F1dGgyIiwiYWNjZXNzVG9rZW5VcmkiOiJodHRwczovL2Nsb3Vkc3NvLXRlc3QuY2lzY28uY29tL2FzL3Rva2VuLm9hdXRoMiIsImdyYW50VHlwZXMiOlt7Im5hbWUiOiJwYXNzd29yZCIsImxhYmVsIjoiUmVzb3VyY2UgT3duZXIgR3JhbnQiLCJyZXF1aXJlZCI6ZmFsc2UsImV4Y2x1ZGUiOltdLCJkZXBlbmRzIjpbXX0seyJuYW1lIjoiaW1wbGljaXQiLCJsYWJlbCI6IkltcGxpY2l0IEdyYW50IiwicmVxdWlyZWQiOmZhbHNlLCJleGNsdWRlIjpbXSwiZGVwZW5kcyI6W119LHsibmFtZSI6ImNsaWVudF9jcmVkZW50aWFscyIsImxhYmVsIjoiQ2xpZW50IENyZWRlbnRpYWxzIEdyYW50IiwicmVxdWlyZWQiOmZhbHNlLCJleGNsdWRlIjpbXSwiZGVwZW5kcyI6W119LHsibmFtZSI6ImF1dGhvcml6YXRpb25fY29kZSIsImxhYmVsIjoiQXV0aG9yaXphdGlvbiBDb2RlIEdyYW50IiwicmVxdWlyZWQiOmZhbHNlLCJleGNsdWRlIjpbXSwiZGVwZW5kcyI6W119LHsibmFtZSI6InJlZnJlc2hfdG9rZW4iLCJsYWJlbCI6IlJlZnJlc2ggVG9rZW4iLCJyZXF1aXJlZCI6ZmFsc2UsImV4Y2x1ZGUiOltdLCJkZXBlbmRzIjpbImF1dGhvcml6YXRpb25fY29kZSIsInBhc3N3b3JkIl19XX19LCJpbnRlcmFjdGl2ZUxvZ2luIjp0cnVlLCJ0b2tlbiI6ImEyYzg0ODE1LThjYjgtNGE3Ni1iNmU0LTg4MGM3ZTc2MGNlYiIsImlhdCI6MTQ4NjU4Njc4OCwiYXVkIjoiaHR0cDovL2FwaS1wbGF0Zm9ybS1hcGkvcmVwb3NpdG9yeSIsImlzcyI6Imh0dHA6Ly9hcGktcGxhdGZvcm0tYXBpL3JlcG9zaXRvcnkifQ.YOsto-KJMgjQZxFXe6FFipYd8TIh4P1HIlJ5Tg6a9Ps
				Accept=*/*
				Content-Type=application/json; charset=UTF-8
Cookies:		&lt;none&gt;
Body:			&lt;none&gt;
Request method:	POST
Request path:	https://qax.anypoint.mulesoft.com/apiplatform/repository/v2/organizations/5000db95-c5d4-487f-925e-3f82f15a5499/apis/2053/versions/2161/contracts/30241/revoke
Proxy:			&lt;none&gt;
Request params:	&lt;none&gt;
Query params:	&lt;none&gt;
Form params:	&lt;none&gt;
Path params:	&lt;none&gt;
Multiparts:		&lt;none&gt;
Headers:		Authorization=Bearer eyJ0eXAiOiJKV1QiLCJhbGciOiJIUzI1NiJ9.eyJpZCI6IjUwMDAzN2NkLTJjZmQtNGRhNC1iZWQ3LTU3Mzg0ZGViMDYyYiIsImZpcnN0TmFtZSI6IkZlZGVyYXRlZCIsImxhc3ROYW1lIjoiRXh0ZXJuYWwiLCJlbWFpbCI6ImNocmlzdG9waGVyLm1vcmR1ZUBtdWxlc29mdC5jb20iLCJ1c2VybmFtZSI6ImZlZGVyYXRlZF9leHRlcm5hbCIsIm9yZ2FuaXphdGlvbiI6eyJpZCI6IjUwMDBkYjk1LWM1ZDQtNDg3Zi05MjVlLTNmODJmMTVhNTQ5OSIsIm5hbWUiOiJGZWRlcmF0ZWQgSW5jIEV4dGVybmFsIEF1dGhvcml6YXRpb24iLCJkb21haW4iOiJmZWRlcmF0ZWQtZXh0ZXJuYWwiLCJlbnRpdGxlbWVudHMiOnsiaHlicmlkIjp7ImVuYWJsZWQiOmZhbHNlfSwiY3JlYXRlU3ViT3JncyI6dHJ1ZSwidkNvcmVzUHJvZHVjdGlvbiI6eyJhc3NpZ25lZCI6MSwicmVhc3NpZ25lZCI6MH0sInZDb3Jlc1NhbmRib3giOnsiYXNzaWduZWQiOjEsInJlYXNzaWduZWQiOjB9LCJnbG9iYWxEZXBsb3ltZW50IjpmYWxzZSwid29ya2VyTG9nZ2luZ092ZXJyaWRlIjp7ImVuYWJsZWQiOmZhbHNlfSwiZ2F0ZXdheXMiOnsiYXNzaWduZWQiOjB9LCJjcmVhdGVFbnZpcm9ubWVudHMiOnRydWUsInBhcnRuZXJzUHJvZHVjdGlvbiI6eyJhc3NpZ25lZCI6MH0sInBhcnRuZXJzU2FuZGJveCI6eyJhc3NpZ25lZCI6MH0sImF1dG9zY2FsaW5nIjpmYWxzZSwic3RhdGljSXBzIjp7ImFzc2lnbmVkIjowLCJyZWFzc2lnbmVkIjowfSwiYXJtQWxlcnRzIjpmYWxzZSwiYXBpcyI6eyJlbmFibGVkIjp0cnVlfSwibXFNZXNzYWdlcyI6eyJiYXNlIjowLCJhZGRPbiI6MH0sIm1xUmVxdWVzdHMiOnsiYmFzZSI6MCwiYWRkT24iOjB9LCJleHRlcm5hbElkZW50aXR5Ijp0cnVlLCJtcUFkdmFuY2VkRmVhdHVyZXMiOnsiZW5hYmxlZCI6ZmFsc2V9LCJ2cGNzIjp7ImFzc2lnbmVkIjowLCJyZWFzc2lnbmVkIjowfSwiaHlicmlkSW5zaWdodCI6ZmFsc2UsImRlc2lnbkNlbnRlciI6eyJtb3phcnQiOmZhbHNlLCJhcGkiOmZhbHNlfSwib2JqZWN0U3RvcmVSZXF1ZXN0VW5pdHMiOnsiYmFzZSI6MTUwMDAwMDAsImFkZE9uIjowfSwib2JqZWN0U3RvcmVLZXlzIjp7ImJhc2UiOjEwMDAwMCwiYWRkT24iOjB9LCJjYW0iOnsiZW5hYmxlZCI6ZmFsc2V9LCJsb2FkQmFsYW5jZXIiOnsiYXNzaWduZWQiOjAsInJlYXNzaWduZWQiOjB9LCJtZXNzYWdpbmciOnsiYXNzaWduZWQiOjB9fSwiZXh0ZXJuYWxBdXRob3JpemF0aW9uIjp0cnVlLCJleHRlcm5hbEF1dGhvcml6YXRpb25Qcm92aWRlciI6eyJuYW1lIjoiUG9ydGFsIEFwcGxpY2F0aW9uIE1hbmFnZW1lbnQgU3lzdGVtIChQQU1TKSIsInVybCI6Imh0dHBzOi8vd3NneC10ZXN0LmNpc2NvLmNvbS9wYW1zL2x0L2NlcG1TZXJ2aWNlL3YxLjUvbWdyc3J2cyIsInZlcnNpb24iOiIxLjUifSwiaWRlbnRpdHlNYW5hZ2VtZW50Ijp7InR5cGUiOiJQaW5nRmVkZXJhdGUifSwib2F1dGgyU2V0dGluZ3MiOnsiYXV0aG9yaXphdGlvbkdyYW50cyI6WyJjb2RlIiwidG9rZW4iLCJvd25lciIsImNyZWRlbnRpYWxzIl0sImF1dGhvcml6YXRpb25VcmkiOiJodHRwczovL2Nsb3Vkc3NvLXRlc3QuY2lzY28uY29tL2FzL2F1dGhvcml6YXRpb24ub2F1dGgyIiwiYWNjZXNzVG9rZW5VcmkiOiJodHRwczovL2Nsb3Vkc3NvLXRlc3QuY2lzY28uY29tL2FzL3Rva2VuLm9hdXRoMiIsImdyYW50VHlwZXMiOlt7Im5hbWUiOiJwYXNzd29yZCIsImxhYmVsIjoiUmVzb3VyY2UgT3duZXIgR3JhbnQiLCJyZXF1aXJlZCI6ZmFsc2UsImV4Y2x1ZGUiOltdLCJkZXBlbmRzIjpbXX0seyJuYW1lIjoiaW1wbGljaXQiLCJsYWJlbCI6IkltcGxpY2l0IEdyYW50IiwicmVxdWlyZWQiOmZhbHNlLCJleGNsdWRlIjpbXSwiZGVwZW5kcyI6W119LHsibmFtZSI6ImNsaWVudF9jcmVkZW50aWFscyIsImxhYmVsIjoiQ2xpZW50IENyZWRlbnRpYWxzIEdyYW50IiwicmVxdWlyZWQiOmZhbHNlLCJleGNsdWRlIjpbXSwiZGVwZW5kcyI6W119LHsibmFtZSI6ImF1dGhvcml6YXRpb25fY29kZSIsImxhYmVsIjoiQXV0aG9yaXphdGlvbiBDb2RlIEdyYW50IiwicmVxdWlyZWQiOmZhbHNlLCJleGNsdWRlIjpbXSwiZGVwZW5kcyI6W119LHsibmFtZSI6InJlZnJlc2hfdG9rZW4iLCJsYWJlbCI6IlJlZnJlc2ggVG9rZW4iLCJyZXF1aXJlZCI6ZmFsc2UsImV4Y2x1ZGUiOltdLCJkZXBlbmRzIjpbImF1dGhvcml6YXRpb25fY29kZSIsInBhc3N3b3JkIl19XX19LCJpbnRlcmFjdGl2ZUxvZ2luIjp0cnVlLCJ0b2tlbiI6ImEyYzg0ODE1LThjYjgtNGE3Ni1iNmU0LTg4MGM3ZTc2MGNlYiIsImlhdCI6MTQ4NjU4Njc4OCwiYXVkIjoiaHR0cDovL2FwaS1wbGF0Zm9ybS1hcGkvcmVwb3NpdG9yeSIsImlzcyI6Imh0dHA6Ly9hcGktcGxhdGZvcm0tYXBpL3JlcG9zaXRvcnkifQ.YOsto-KJMgjQZxFXe6FFipYd8TIh4P1HIlJ5Tg6a9Ps
				Accept=*/*
				Content-Type=application/json; charset=UTF-8
Cookies:		&lt;none&gt;
Body:			&lt;none&gt;
Request method:	POST
Request path:	https://qax.anypoint.mulesoft.com/apiplatform/repository/v2/organizations/5000db95-c5d4-487f-925e-3f82f15a5499/apis/2053/versions/2161/contracts/30239/revoke
Proxy:			&lt;none&gt;
Request params:	&lt;none&gt;
Query params:	&lt;none&gt;
Form params:	&lt;none&gt;
Path params:	&lt;none&gt;
Multiparts:		&lt;none&gt;
Headers:		Authorization=Bearer eyJ0eXAiOiJKV1QiLCJhbGciOiJIUzI1NiJ9.eyJpZCI6IjUwMDAzN2NkLTJjZmQtNGRhNC1iZWQ3LTU3Mzg0ZGViMDYyYiIsImZpcnN0TmFtZSI6IkZlZGVyYXRlZCIsImxhc3ROYW1lIjoiRXh0ZXJuYWwiLCJlbWFpbCI6ImNocmlzdG9waGVyLm1vcmR1ZUBtdWxlc29mdC5jb20iLCJ1c2VybmFtZSI6ImZlZGVyYXRlZF9leHRlcm5hbCIsIm9yZ2FuaXphdGlvbiI6eyJpZCI6IjUwMDBkYjk1LWM1ZDQtNDg3Zi05MjVlLTNmODJmMTVhNTQ5OSIsIm5hbWUiOiJGZWRlcmF0ZWQgSW5jIEV4dGVybmFsIEF1dGhvcml6YXRpb24iLCJkb21haW4iOiJmZWRlcmF0ZWQtZXh0ZXJuYWwiLCJlbnRpdGxlbWVudHMiOnsiaHlicmlkIjp7ImVuYWJsZWQiOmZhbHNlfSwiY3JlYXRlU3ViT3JncyI6dHJ1ZSwidkNvcmVzUHJvZHVjdGlvbiI6eyJhc3NpZ25lZCI6MSwicmVhc3NpZ25lZCI6MH0sInZDb3Jlc1NhbmRib3giOnsiYXNzaWduZWQiOjEsInJlYXNzaWduZWQiOjB9LCJnbG9iYWxEZXBsb3ltZW50IjpmYWxzZSwid29ya2VyTG9nZ2luZ092ZXJyaWRlIjp7ImVuYWJsZWQiOmZhbHNlfSwiZ2F0ZXdheXMiOnsiYXNzaWduZWQiOjB9LCJjcmVhdGVFbnZpcm9ubWVudHMiOnRydWUsInBhcnRuZXJzUHJvZHVjdGlvbiI6eyJhc3NpZ25lZCI6MH0sInBhcnRuZXJzU2FuZGJveCI6eyJhc3NpZ25lZCI6MH0sImF1dG9zY2FsaW5nIjpmYWxzZSwic3RhdGljSXBzIjp7ImFzc2lnbmVkIjowLCJyZWFzc2lnbmVkIjowfSwiYXJtQWxlcnRzIjpmYWxzZSwiYXBpcyI6eyJlbmFibGVkIjp0cnVlfSwibXFNZXNzYWdlcyI6eyJiYXNlIjowLCJhZGRPbiI6MH0sIm1xUmVxdWVzdHMiOnsiYmFzZSI6MCwiYWRkT24iOjB9LCJleHRlcm5hbElkZW50aXR5Ijp0cnVlLCJtcUFkdmFuY2VkRmVhdHVyZXMiOnsiZW5hYmxlZCI6ZmFsc2V9LCJ2cGNzIjp7ImFzc2lnbmVkIjowLCJyZWFzc2lnbmVkIjowfSwiaHlicmlkSW5zaWdodCI6ZmFsc2UsImRlc2lnbkNlbnRlciI6eyJtb3phcnQiOmZhbHNlLCJhcGkiOmZhbHNlfSwib2JqZWN0U3RvcmVSZXF1ZXN0VW5pdHMiOnsiYmFzZSI6MTUwMDAwMDAsImFkZE9uIjowfSwib2JqZWN0U3RvcmVLZXlzIjp7ImJhc2UiOjEwMDAwMCwiYWRkT24iOjB9LCJjYW0iOnsiZW5hYmxlZCI6ZmFsc2V9LCJsb2FkQmFsYW5jZXIiOnsiYXNzaWduZWQiOjAsInJlYXNzaWduZWQiOjB9LCJtZXNzYWdpbmciOnsiYXNzaWduZWQiOjB9fSwiZXh0ZXJuYWxBdXRob3JpemF0aW9uIjp0cnVlLCJleHRlcm5hbEF1dGhvcml6YXRpb25Qcm92aWRlciI6eyJuYW1lIjoiUG9ydGFsIEFwcGxpY2F0aW9uIE1hbmFnZW1lbnQgU3lzdGVtIChQQU1TKSIsInVybCI6Imh0dHBzOi8vd3NneC10ZXN0LmNpc2NvLmNvbS9wYW1zL2x0L2NlcG1TZXJ2aWNlL3YxLjUvbWdyc3J2cyIsInZlcnNpb24iOiIxLjUifSwiaWRlbnRpdHlNYW5hZ2VtZW50Ijp7InR5cGUiOiJQaW5nRmVkZXJhdGUifSwib2F1dGgyU2V0dGluZ3MiOnsiYXV0aG9yaXphdGlvbkdyYW50cyI6WyJjb2RlIiwidG9rZW4iLCJvd25lciIsImNyZWRlbnRpYWxzIl0sImF1dGhvcml6YXRpb25VcmkiOiJodHRwczovL2Nsb3Vkc3NvLXRlc3QuY2lzY28uY29tL2FzL2F1dGhvcml6YXRpb24ub2F1dGgyIiwiYWNjZXNzVG9rZW5VcmkiOiJodHRwczovL2Nsb3Vkc3NvLXRlc3QuY2lzY28uY29tL2FzL3Rva2VuLm9hdXRoMiIsImdyYW50VHlwZXMiOlt7Im5hbWUiOiJwYXNzd29yZCIsImxhYmVsIjoiUmVzb3VyY2UgT3duZXIgR3JhbnQiLCJyZXF1aXJlZCI6ZmFsc2UsImV4Y2x1ZGUiOltdLCJkZXBlbmRzIjpbXX0seyJuYW1lIjoiaW1wbGljaXQiLCJsYWJlbCI6IkltcGxpY2l0IEdyYW50IiwicmVxdWlyZWQiOmZhbHNlLCJleGNsdWRlIjpbXSwiZGVwZW5kcyI6W119LHsibmFtZSI6ImNsaWVudF9jcmVkZW50aWFscyIsImxhYmVsIjoiQ2xpZW50IENyZWRlbnRpYWxzIEdyYW50IiwicmVxdWlyZWQiOmZhbHNlLCJleGNsdWRlIjpbXSwiZGVwZW5kcyI6W119LHsibmFtZSI6ImF1dGhvcml6YXRpb25fY29kZSIsImxhYmVsIjoiQXV0aG9yaXphdGlvbiBDb2RlIEdyYW50IiwicmVxdWlyZWQiOmZhbHNlLCJleGNsdWRlIjpbXSwiZGVwZW5kcyI6W119LHsibmFtZSI6InJlZnJlc2hfdG9rZW4iLCJsYWJlbCI6IlJlZnJlc2ggVG9rZW4iLCJyZXF1aXJlZCI6ZmFsc2UsImV4Y2x1ZGUiOltdLCJkZXBlbmRzIjpbImF1dGhvcml6YXRpb25fY29kZSIsInBhc3N3b3JkIl19XX19LCJpbnRlcmFjdGl2ZUxvZ2luIjp0cnVlLCJ0b2tlbiI6ImEyYzg0ODE1LThjYjgtNGE3Ni1iNmU0LTg4MGM3ZTc2MGNlYiIsImlhdCI6MTQ4NjU4Njc4OCwiYXVkIjoiaHR0cDovL2FwaS1wbGF0Zm9ybS1hcGkvcmVwb3NpdG9yeSIsImlzcyI6Imh0dHA6Ly9hcGktcGxhdGZvcm0tYXBpL3JlcG9zaXRvcnkifQ.YOsto-KJMgjQZxFXe6FFipYd8TIh4P1HIlJ5Tg6a9Ps
				Accept=*/*
				Content-Type=application/json; charset=UTF-8
Cookies:		&lt;none&gt;
Body:			&lt;none&gt;
Request method:	POST
Request path:	https://qax.anypoint.mulesoft.com/apiplatform/repository/v2/organizations/5000db95-c5d4-487f-925e-3f82f15a5499/apis/2053/versions/2161/contracts/30246/revoke
Proxy:			&lt;none&gt;
Request params:	&lt;none&gt;
Query params:	&lt;none&gt;
Form params:	&lt;none&gt;
Path params:	&lt;none&gt;
Multiparts:		&lt;none&gt;
Headers:		Authorization=Bearer eyJ0eXAiOiJKV1QiLCJhbGciOiJIUzI1NiJ9.eyJpZCI6IjUwMDAzN2NkLTJjZmQtNGRhNC1iZWQ3LTU3Mzg0ZGViMDYyYiIsImZpcnN0TmFtZSI6IkZlZGVyYXRlZCIsImxhc3ROYW1lIjoiRXh0ZXJuYWwiLCJlbWFpbCI6ImNocmlzdG9waGVyLm1vcmR1ZUBtdWxlc29mdC5jb20iLCJ1c2VybmFtZSI6ImZlZGVyYXRlZF9leHRlcm5hbCIsIm9yZ2FuaXphdGlvbiI6eyJpZCI6IjUwMDBkYjk1LWM1ZDQtNDg3Zi05MjVlLTNmODJmMTVhNTQ5OSIsIm5hbWUiOiJGZWRlcmF0ZWQgSW5jIEV4dGVybmFsIEF1dGhvcml6YXRpb24iLCJkb21haW4iOiJmZWRlcmF0ZWQtZXh0ZXJuYWwiLCJlbnRpdGxlbWVudHMiOnsiaHlicmlkIjp7ImVuYWJsZWQiOmZhbHNlfSwiY3JlYXRlU3ViT3JncyI6dHJ1ZSwidkNvcmVzUHJvZHVjdGlvbiI6eyJhc3NpZ25lZCI6MSwicmVhc3NpZ25lZCI6MH0sInZDb3Jlc1NhbmRib3giOnsiYXNzaWduZWQiOjEsInJlYXNzaWduZWQiOjB9LCJnbG9iYWxEZXBsb3ltZW50IjpmYWxzZSwid29ya2VyTG9nZ2luZ092ZXJyaWRlIjp7ImVuYWJsZWQiOmZhbHNlfSwiZ2F0ZXdheXMiOnsiYXNzaWduZWQiOjB9LCJjcmVhdGVFbnZpcm9ubWVudHMiOnRydWUsInBhcnRuZXJzUHJvZHVjdGlvbiI6eyJhc3NpZ25lZCI6MH0sInBhcnRuZXJzU2FuZGJveCI6eyJhc3NpZ25lZCI6MH0sImF1dG9zY2FsaW5nIjpmYWxzZSwic3RhdGljSXBzIjp7ImFzc2lnbmVkIjowLCJyZWFzc2lnbmVkIjowfSwiYXJtQWxlcnRzIjpmYWxzZSwiYXBpcyI6eyJlbmFibGVkIjp0cnVlfSwibXFNZXNzYWdlcyI6eyJiYXNlIjowLCJhZGRPbiI6MH0sIm1xUmVxdWVzdHMiOnsiYmFzZSI6MCwiYWRkT24iOjB9LCJleHRlcm5hbElkZW50aXR5Ijp0cnVlLCJtcUFkdmFuY2VkRmVhdHVyZXMiOnsiZW5hYmxlZCI6ZmFsc2V9LCJ2cGNzIjp7ImFzc2lnbmVkIjowLCJyZWFzc2lnbmVkIjowfSwiaHlicmlkSW5zaWdodCI6ZmFsc2UsImRlc2lnbkNlbnRlciI6eyJtb3phcnQiOmZhbHNlLCJhcGkiOmZhbHNlfSwib2JqZWN0U3RvcmVSZXF1ZXN0VW5pdHMiOnsiYmFzZSI6MTUwMDAwMDAsImFkZE9uIjowfSwib2JqZWN0U3RvcmVLZXlzIjp7ImJhc2UiOjEwMDAwMCwiYWRkT24iOjB9LCJjYW0iOnsiZW5hYmxlZCI6ZmFsc2V9LCJsb2FkQmFsYW5jZXIiOnsiYXNzaWduZWQiOjAsInJlYXNzaWduZWQiOjB9LCJtZXNzYWdpbmciOnsiYXNzaWduZWQiOjB9fSwiZXh0ZXJuYWxBdXRob3JpemF0aW9uIjp0cnVlLCJleHRlcm5hbEF1dGhvcml6YXRpb25Qcm92aWRlciI6eyJuYW1lIjoiUG9ydGFsIEFwcGxpY2F0aW9uIE1hbmFnZW1lbnQgU3lzdGVtIChQQU1TKSIsInVybCI6Imh0dHBzOi8vd3NneC10ZXN0LmNpc2NvLmNvbS9wYW1zL2x0L2NlcG1TZXJ2aWNlL3YxLjUvbWdyc3J2cyIsInZlcnNpb24iOiIxLjUifSwiaWRlbnRpdHlNYW5hZ2VtZW50Ijp7InR5cGUiOiJQaW5nRmVkZXJhdGUifSwib2F1dGgyU2V0dGluZ3MiOnsiYXV0aG9yaXphdGlvbkdyYW50cyI6WyJjb2RlIiwidG9rZW4iLCJvd25lciIsImNyZWRlbnRpYWxzIl0sImF1dGhvcml6YXRpb25VcmkiOiJodHRwczovL2Nsb3Vkc3NvLXRlc3QuY2lzY28uY29tL2FzL2F1dGhvcml6YXRpb24ub2F1dGgyIiwiYWNjZXNzVG9rZW5VcmkiOiJodHRwczovL2Nsb3Vkc3NvLXRlc3QuY2lzY28uY29tL2FzL3Rva2VuLm9hdXRoMiIsImdyYW50VHlwZXMiOlt7Im5hbWUiOiJwYXNzd29yZCIsImxhYmVsIjoiUmVzb3VyY2UgT3duZXIgR3JhbnQiLCJyZXF1aXJlZCI6ZmFsc2UsImV4Y2x1ZGUiOltdLCJkZXBlbmRzIjpbXX0seyJuYW1lIjoiaW1wbGljaXQiLCJsYWJlbCI6IkltcGxpY2l0IEdyYW50IiwicmVxdWlyZWQiOmZhbHNlLCJleGNsdWRlIjpbXSwiZGVwZW5kcyI6W119LHsibmFtZSI6ImNsaWVudF9jcmVkZW50aWFscyIsImxhYmVsIjoiQ2xpZW50IENyZWRlbnRpYWxzIEdyYW50IiwicmVxdWlyZWQiOmZhbHNlLCJleGNsdWRlIjpbXSwiZGVwZW5kcyI6W119LHsibmFtZSI6ImF1dGhvcml6YXRpb25fY29kZSIsImxhYmVsIjoiQXV0aG9yaXphdGlvbiBDb2RlIEdyYW50IiwicmVxdWlyZWQiOmZhbHNlLCJleGNsdWRlIjpbXSwiZGVwZW5kcyI6W119LHsibmFtZSI6InJlZnJlc2hfdG9rZW4iLCJsYWJlbCI6IlJlZnJlc2ggVG9rZW4iLCJyZXF1aXJlZCI6ZmFsc2UsImV4Y2x1ZGUiOltdLCJkZXBlbmRzIjpbImF1dGhvcml6YXRpb25fY29kZSIsInBhc3N3b3JkIl19XX19LCJpbnRlcmFjdGl2ZUxvZ2luIjp0cnVlLCJ0b2tlbiI6ImEyYzg0ODE1LThjYjgtNGE3Ni1iNmU0LTg4MGM3ZTc2MGNlYiIsImlhdCI6MTQ4NjU4Njc4OCwiYXVkIjoiaHR0cDovL2FwaS1wbGF0Zm9ybS1hcGkvcmVwb3NpdG9yeSIsImlzcyI6Imh0dHA6Ly9hcGktcGxhdGZvcm0tYXBpL3JlcG9zaXRvcnkifQ.YOsto-KJMgjQZxFXe6FFipYd8TIh4P1HIlJ5Tg6a9Ps
				Accept=*/*
				Content-Type=application/json; charset=UTF-8
Cookies:		&lt;none&gt;
Body:			&lt;none&gt;
Request method:	POST
Request path:	https://qax.anypoint.mulesoft.com/apiplatform/repository/v2/organizations/5000db95-c5d4-487f-925e-3f82f15a5499/apis/2053/versions/2161/contracts/30227/revoke
Proxy:			&lt;none&gt;
Request params:	&lt;none&gt;
Query params:	&lt;none&gt;
Form params:	&lt;none&gt;
Path params:	&lt;none&gt;
Multiparts:		&lt;none&gt;
Headers:		Authorization=Bearer eyJ0eXAiOiJKV1QiLCJhbGciOiJIUzI1NiJ9.eyJpZCI6IjUwMDAzN2NkLTJjZmQtNGRhNC1iZWQ3LTU3Mzg0ZGViMDYyYiIsImZpcnN0TmFtZSI6IkZlZGVyYXRlZCIsImxhc3ROYW1lIjoiRXh0ZXJuYWwiLCJlbWFpbCI6ImNocmlzdG9waGVyLm1vcmR1ZUBtdWxlc29mdC5jb20iLCJ1c2VybmFtZSI6ImZlZGVyYXRlZF9leHRlcm5hbCIsIm9yZ2FuaXphdGlvbiI6eyJpZCI6IjUwMDBkYjk1LWM1ZDQtNDg3Zi05MjVlLTNmODJmMTVhNTQ5OSIsIm5hbWUiOiJGZWRlcmF0ZWQgSW5jIEV4dGVybmFsIEF1dGhvcml6YXRpb24iLCJkb21haW4iOiJmZWRlcmF0ZWQtZXh0ZXJuYWwiLCJlbnRpdGxlbWVudHMiOnsiaHlicmlkIjp7ImVuYWJsZWQiOmZhbHNlfSwiY3JlYXRlU3ViT3JncyI6dHJ1ZSwidkNvcmVzUHJvZHVjdGlvbiI6eyJhc3NpZ25lZCI6MSwicmVhc3NpZ25lZCI6MH0sInZDb3Jlc1NhbmRib3giOnsiYXNzaWduZWQiOjEsInJlYXNzaWduZWQiOjB9LCJnbG9iYWxEZXBsb3ltZW50IjpmYWxzZSwid29ya2VyTG9nZ2luZ092ZXJyaWRlIjp7ImVuYWJsZWQiOmZhbHNlfSwiZ2F0ZXdheXMiOnsiYXNzaWduZWQiOjB9LCJjcmVhdGVFbnZpcm9ubWVudHMiOnRydWUsInBhcnRuZXJzUHJvZHVjdGlvbiI6eyJhc3NpZ25lZCI6MH0sInBhcnRuZXJzU2FuZGJveCI6eyJhc3NpZ25lZCI6MH0sImF1dG9zY2FsaW5nIjpmYWxzZSwic3RhdGljSXBzIjp7ImFzc2lnbmVkIjowLCJyZWFzc2lnbmVkIjowfSwiYXJtQWxlcnRzIjpmYWxzZSwiYXBpcyI6eyJlbmFibGVkIjp0cnVlfSwibXFNZXNzYWdlcyI6eyJiYXNlIjowLCJhZGRPbiI6MH0sIm1xUmVxdWVzdHMiOnsiYmFzZSI6MCwiYWRkT24iOjB9LCJleHRlcm5hbElkZW50aXR5Ijp0cnVlLCJtcUFkdmFuY2VkRmVhdHVyZXMiOnsiZW5hYmxlZCI6ZmFsc2V9LCJ2cGNzIjp7ImFzc2lnbmVkIjowLCJyZWFzc2lnbmVkIjowfSwiaHlicmlkSW5zaWdodCI6ZmFsc2UsImRlc2lnbkNlbnRlciI6eyJtb3phcnQiOmZhbHNlLCJhcGkiOmZhbHNlfSwib2JqZWN0U3RvcmVSZXF1ZXN0VW5pdHMiOnsiYmFzZSI6MTUwMDAwMDAsImFkZE9uIjowfSwib2JqZWN0U3RvcmVLZXlzIjp7ImJhc2UiOjEwMDAwMCwiYWRkT24iOjB9LCJjYW0iOnsiZW5hYmxlZCI6ZmFsc2V9LCJsb2FkQmFsYW5jZXIiOnsiYXNzaWduZWQiOjAsInJlYXNzaWduZWQiOjB9LCJtZXNzYWdpbmciOnsiYXNzaWduZWQiOjB9fSwiZXh0ZXJuYWxBdXRob3JpemF0aW9uIjp0cnVlLCJleHRlcm5hbEF1dGhvcml6YXRpb25Qcm92aWRlciI6eyJuYW1lIjoiUG9ydGFsIEFwcGxpY2F0aW9uIE1hbmFnZW1lbnQgU3lzdGVtIChQQU1TKSIsInVybCI6Imh0dHBzOi8vd3NneC10ZXN0LmNpc2NvLmNvbS9wYW1zL2x0L2NlcG1TZXJ2aWNlL3YxLjUvbWdyc3J2cyIsInZlcnNpb24iOiIxLjUifSwiaWRlbnRpdHlNYW5hZ2VtZW50Ijp7InR5cGUiOiJQaW5nRmVkZXJhdGUifSwib2F1dGgyU2V0dGluZ3MiOnsiYXV0aG9yaXphdGlvbkdyYW50cyI6WyJjb2RlIiwidG9rZW4iLCJvd25lciIsImNyZWRlbnRpYWxzIl0sImF1dGhvcml6YXRpb25VcmkiOiJodHRwczovL2Nsb3Vkc3NvLXRlc3QuY2lzY28uY29tL2FzL2F1dGhvcml6YXRpb24ub2F1dGgyIiwiYWNjZXNzVG9rZW5VcmkiOiJodHRwczovL2Nsb3Vkc3NvLXRlc3QuY2lzY28uY29tL2FzL3Rva2VuLm9hdXRoMiIsImdyYW50VHlwZXMiOlt7Im5hbWUiOiJwYXNzd29yZCIsImxhYmVsIjoiUmVzb3VyY2UgT3duZXIgR3JhbnQiLCJyZXF1aXJlZCI6ZmFsc2UsImV4Y2x1ZGUiOltdLCJkZXBlbmRzIjpbXX0seyJuYW1lIjoiaW1wbGljaXQiLCJsYWJlbCI6IkltcGxpY2l0IEdyYW50IiwicmVxdWlyZWQiOmZhbHNlLCJleGNsdWRlIjpbXSwiZGVwZW5kcyI6W119LHsibmFtZSI6ImNsaWVudF9jcmVkZW50aWFscyIsImxhYmVsIjoiQ2xpZW50IENyZWRlbnRpYWxzIEdyYW50IiwicmVxdWlyZWQiOmZhbHNlLCJleGNsdWRlIjpbXSwiZGVwZW5kcyI6W119LHsibmFtZSI6ImF1dGhvcml6YXRpb25fY29kZSIsImxhYmVsIjoiQXV0aG9yaXphdGlvbiBDb2RlIEdyYW50IiwicmVxdWlyZWQiOmZhbHNlLCJleGNsdWRlIjpbXSwiZGVwZW5kcyI6W119LHsibmFtZSI6InJlZnJlc2hfdG9rZW4iLCJsYWJlbCI6IlJlZnJlc2ggVG9rZW4iLCJyZXF1aXJlZCI6ZmFsc2UsImV4Y2x1ZGUiOltdLCJkZXBlbmRzIjpbImF1dGhvcml6YXRpb25fY29kZSIsInBhc3N3b3JkIl19XX19LCJpbnRlcmFjdGl2ZUxvZ2luIjp0cnVlLCJ0b2tlbiI6ImEyYzg0ODE1LThjYjgtNGE3Ni1iNmU0LTg4MGM3ZTc2MGNlYiIsImlhdCI6MTQ4NjU4Njc4OCwiYXVkIjoiaHR0cDovL2FwaS1wbGF0Zm9ybS1hcGkvcmVwb3NpdG9yeSIsImlzcyI6Imh0dHA6Ly9hcGktcGxhdGZvcm0tYXBpL3JlcG9zaXRvcnkifQ.YOsto-KJMgjQZxFXe6FFipYd8TIh4P1HIlJ5Tg6a9Ps
				Accept=*/*
				Content-Type=application/json; charset=UTF-8
Cookies:		&lt;none&gt;
Body:			&lt;none&gt;
Request method:	POST
Request path:	https://qax.anypoint.mulesoft.com/apiplatform/repository/v2/organizations/5000db95-c5d4-487f-925e-3f82f15a5499/apis/2053/versions/2161/contracts/30197/revoke
Proxy:			&lt;none&gt;
Request params:	&lt;none&gt;
Query params:	&lt;none&gt;
Form params:	&lt;none&gt;
Path params:	&lt;none&gt;
Multiparts:		&lt;none&gt;
Headers:		Authorization=Bearer eyJ0eXAiOiJKV1QiLCJhbGciOiJIUzI1NiJ9.eyJpZCI6IjUwMDAzN2NkLTJjZmQtNGRhNC1iZWQ3LTU3Mzg0ZGViMDYyYiIsImZpcnN0TmFtZSI6IkZlZGVyYXRlZCIsImxhc3ROYW1lIjoiRXh0ZXJuYWwiLCJlbWFpbCI6ImNocmlzdG9waGVyLm1vcmR1ZUBtdWxlc29mdC5jb20iLCJ1c2VybmFtZSI6ImZlZGVyYXRlZF9leHRlcm5hbCIsIm9yZ2FuaXphdGlvbiI6eyJpZCI6IjUwMDBkYjk1LWM1ZDQtNDg3Zi05MjVlLTNmODJmMTVhNTQ5OSIsIm5hbWUiOiJGZWRlcmF0ZWQgSW5jIEV4dGVybmFsIEF1dGhvcml6YXRpb24iLCJkb21haW4iOiJmZWRlcmF0ZWQtZXh0ZXJuYWwiLCJlbnRpdGxlbWVudHMiOnsiaHlicmlkIjp7ImVuYWJsZWQiOmZhbHNlfSwiY3JlYXRlU3ViT3JncyI6dHJ1ZSwidkNvcmVzUHJvZHVjdGlvbiI6eyJhc3NpZ25lZCI6MSwicmVhc3NpZ25lZCI6MH0sInZDb3Jlc1NhbmRib3giOnsiYXNzaWduZWQiOjEsInJlYXNzaWduZWQiOjB9LCJnbG9iYWxEZXBsb3ltZW50IjpmYWxzZSwid29ya2VyTG9nZ2luZ092ZXJyaWRlIjp7ImVuYWJsZWQiOmZhbHNlfSwiZ2F0ZXdheXMiOnsiYXNzaWduZWQiOjB9LCJjcmVhdGVFbnZpcm9ubWVudHMiOnRydWUsInBhcnRuZXJzUHJvZHVjdGlvbiI6eyJhc3NpZ25lZCI6MH0sInBhcnRuZXJzU2FuZGJveCI6eyJhc3NpZ25lZCI6MH0sImF1dG9zY2FsaW5nIjpmYWxzZSwic3RhdGljSXBzIjp7ImFzc2lnbmVkIjowLCJyZWFzc2lnbmVkIjowfSwiYXJtQWxlcnRzIjpmYWxzZSwiYXBpcyI6eyJlbmFibGVkIjp0cnVlfSwibXFNZXNzYWdlcyI6eyJiYXNlIjowLCJhZGRPbiI6MH0sIm1xUmVxdWVzdHMiOnsiYmFzZSI6MCwiYWRkT24iOjB9LCJleHRlcm5hbElkZW50aXR5Ijp0cnVlLCJtcUFkdmFuY2VkRmVhdHVyZXMiOnsiZW5hYmxlZCI6ZmFsc2V9LCJ2cGNzIjp7ImFzc2lnbmVkIjowLCJyZWFzc2lnbmVkIjowfSwiaHlicmlkSW5zaWdodCI6ZmFsc2UsImRlc2lnbkNlbnRlciI6eyJtb3phcnQiOmZhbHNlLCJhcGkiOmZhbHNlfSwib2JqZWN0U3RvcmVSZXF1ZXN0VW5pdHMiOnsiYmFzZSI6MTUwMDAwMDAsImFkZE9uIjowfSwib2JqZWN0U3RvcmVLZXlzIjp7ImJhc2UiOjEwMDAwMCwiYWRkT24iOjB9LCJjYW0iOnsiZW5hYmxlZCI6ZmFsc2V9LCJsb2FkQmFsYW5jZXIiOnsiYXNzaWduZWQiOjAsInJlYXNzaWduZWQiOjB9LCJtZXNzYWdpbmciOnsiYXNzaWduZWQiOjB9fSwiZXh0ZXJuYWxBdXRob3JpemF0aW9uIjp0cnVlLCJleHRlcm5hbEF1dGhvcml6YXRpb25Qcm92aWRlciI6eyJuYW1lIjoiUG9ydGFsIEFwcGxpY2F0aW9uIE1hbmFnZW1lbnQgU3lzdGVtIChQQU1TKSIsInVybCI6Imh0dHBzOi8vd3NneC10ZXN0LmNpc2NvLmNvbS9wYW1zL2x0L2NlcG1TZXJ2aWNlL3YxLjUvbWdyc3J2cyIsInZlcnNpb24iOiIxLjUifSwiaWRlbnRpdHlNYW5hZ2VtZW50Ijp7InR5cGUiOiJQaW5nRmVkZXJhdGUifSwib2F1dGgyU2V0dGluZ3MiOnsiYXV0aG9yaXphdGlvbkdyYW50cyI6WyJjb2RlIiwidG9rZW4iLCJvd25lciIsImNyZWRlbnRpYWxzIl0sImF1dGhvcml6YXRpb25VcmkiOiJodHRwczovL2Nsb3Vkc3NvLXRlc3QuY2lzY28uY29tL2FzL2F1dGhvcml6YXRpb24ub2F1dGgyIiwiYWNjZXNzVG9rZW5VcmkiOiJodHRwczovL2Nsb3Vkc3NvLXRlc3QuY2lzY28uY29tL2FzL3Rva2VuLm9hdXRoMiIsImdyYW50VHlwZXMiOlt7Im5hbWUiOiJwYXNzd29yZCIsImxhYmVsIjoiUmVzb3VyY2UgT3duZXIgR3JhbnQiLCJyZXF1aXJlZCI6ZmFsc2UsImV4Y2x1ZGUiOltdLCJkZXBlbmRzIjpbXX0seyJuYW1lIjoiaW1wbGljaXQiLCJsYWJlbCI6IkltcGxpY2l0IEdyYW50IiwicmVxdWlyZWQiOmZhbHNlLCJleGNsdWRlIjpbXSwiZGVwZW5kcyI6W119LHsibmFtZSI6ImNsaWVudF9jcmVkZW50aWFscyIsImxhYmVsIjoiQ2xpZW50IENyZWRlbnRpYWxzIEdyYW50IiwicmVxdWlyZWQiOmZhbHNlLCJleGNsdWRlIjpbXSwiZGVwZW5kcyI6W119LHsibmFtZSI6ImF1dGhvcml6YXRpb25fY29kZSIsImxhYmVsIjoiQXV0aG9yaXphdGlvbiBDb2RlIEdyYW50IiwicmVxdWlyZWQiOmZhbHNlLCJleGNsdWRlIjpbXSwiZGVwZW5kcyI6W119LHsibmFtZSI6InJlZnJlc2hfdG9rZW4iLCJsYWJlbCI6IlJlZnJlc2ggVG9rZW4iLCJyZXF1aXJlZCI6ZmFsc2UsImV4Y2x1ZGUiOltdLCJkZXBlbmRzIjpbImF1dGhvcml6YXRpb25fY29kZSIsInBhc3N3b3JkIl19XX19LCJpbnRlcmFjdGl2ZUxvZ2luIjp0cnVlLCJ0b2tlbiI6ImEyYzg0ODE1LThjYjgtNGE3Ni1iNmU0LTg4MGM3ZTc2MGNlYiIsImlhdCI6MTQ4NjU4Njc4OCwiYXVkIjoiaHR0cDovL2FwaS1wbGF0Zm9ybS1hcGkvcmVwb3NpdG9yeSIsImlzcyI6Imh0dHA6Ly9hcGktcGxhdGZvcm0tYXBpL3JlcG9zaXRvcnkifQ.YOsto-KJMgjQZxFXe6FFipYd8TIh4P1HIlJ5Tg6a9Ps
				Accept=*/*
				Content-Type=application/json; charset=UTF-8
Cookies:		&lt;none&gt;
Body:			&lt;none&gt;
Request method:	POST
Request path:	https://qax.anypoint.mulesoft.com/apiplatform/repository/v2/organizations/5000db95-c5d4-487f-925e-3f82f15a5499/apis/2053/versions/2161/contracts/30209/revoke
Proxy:			&lt;none&gt;
Request params:	&lt;none&gt;
Query params:	&lt;none&gt;
Form params:	&lt;none&gt;
Path params:	&lt;none&gt;
Multiparts:		&lt;none&gt;
Headers:		Authorization=Bearer eyJ0eXAiOiJKV1QiLCJhbGciOiJIUzI1NiJ9.eyJpZCI6IjUwMDAzN2NkLTJjZmQtNGRhNC1iZWQ3LTU3Mzg0ZGViMDYyYiIsImZpcnN0TmFtZSI6IkZlZGVyYXRlZCIsImxhc3ROYW1lIjoiRXh0ZXJuYWwiLCJlbWFpbCI6ImNocmlzdG9waGVyLm1vcmR1ZUBtdWxlc29mdC5jb20iLCJ1c2VybmFtZSI6ImZlZGVyYXRlZF9leHRlcm5hbCIsIm9yZ2FuaXphdGlvbiI6eyJpZCI6IjUwMDBkYjk1LWM1ZDQtNDg3Zi05MjVlLTNmODJmMTVhNTQ5OSIsIm5hbWUiOiJGZWRlcmF0ZWQgSW5jIEV4dGVybmFsIEF1dGhvcml6YXRpb24iLCJkb21haW4iOiJmZWRlcmF0ZWQtZXh0ZXJuYWwiLCJlbnRpdGxlbWVudHMiOnsiaHlicmlkIjp7ImVuYWJsZWQiOmZhbHNlfSwiY3JlYXRlU3ViT3JncyI6dHJ1ZSwidkNvcmVzUHJvZHVjdGlvbiI6eyJhc3NpZ25lZCI6MSwicmVhc3NpZ25lZCI6MH0sInZDb3Jlc1NhbmRib3giOnsiYXNzaWduZWQiOjEsInJlYXNzaWduZWQiOjB9LCJnbG9iYWxEZXBsb3ltZW50IjpmYWxzZSwid29ya2VyTG9nZ2luZ092ZXJyaWRlIjp7ImVuYWJsZWQiOmZhbHNlfSwiZ2F0ZXdheXMiOnsiYXNzaWduZWQiOjB9LCJjcmVhdGVFbnZpcm9ubWVudHMiOnRydWUsInBhcnRuZXJzUHJvZHVjdGlvbiI6eyJhc3NpZ25lZCI6MH0sInBhcnRuZXJzU2FuZGJveCI6eyJhc3NpZ25lZCI6MH0sImF1dG9zY2FsaW5nIjpmYWxzZSwic3RhdGljSXBzIjp7ImFzc2lnbmVkIjowLCJyZWFzc2lnbmVkIjowfSwiYXJtQWxlcnRzIjpmYWxzZSwiYXBpcyI6eyJlbmFibGVkIjp0cnVlfSwibXFNZXNzYWdlcyI6eyJiYXNlIjowLCJhZGRPbiI6MH0sIm1xUmVxdWVzdHMiOnsiYmFzZSI6MCwiYWRkT24iOjB9LCJleHRlcm5hbElkZW50aXR5Ijp0cnVlLCJtcUFkdmFuY2VkRmVhdHVyZXMiOnsiZW5hYmxlZCI6ZmFsc2V9LCJ2cGNzIjp7ImFzc2lnbmVkIjowLCJyZWFzc2lnbmVkIjowfSwiaHlicmlkSW5zaWdodCI6ZmFsc2UsImRlc2lnbkNlbnRlciI6eyJtb3phcnQiOmZhbHNlLCJhcGkiOmZhbHNlfSwib2JqZWN0U3RvcmVSZXF1ZXN0VW5pdHMiOnsiYmFzZSI6MTUwMDAwMDAsImFkZE9uIjowfSwib2JqZWN0U3RvcmVLZXlzIjp7ImJhc2UiOjEwMDAwMCwiYWRkT24iOjB9LCJjYW0iOnsiZW5hYmxlZCI6ZmFsc2V9LCJsb2FkQmFsYW5jZXIiOnsiYXNzaWduZWQiOjAsInJlYXNzaWduZWQiOjB9LCJtZXNzYWdpbmciOnsiYXNzaWduZWQiOjB9fSwiZXh0ZXJuYWxBdXRob3JpemF0aW9uIjp0cnVlLCJleHRlcm5hbEF1dGhvcml6YXRpb25Qcm92aWRlciI6eyJuYW1lIjoiUG9ydGFsIEFwcGxpY2F0aW9uIE1hbmFnZW1lbnQgU3lzdGVtIChQQU1TKSIsInVybCI6Imh0dHBzOi8vd3NneC10ZXN0LmNpc2NvLmNvbS9wYW1zL2x0L2NlcG1TZXJ2aWNlL3YxLjUvbWdyc3J2cyIsInZlcnNpb24iOiIxLjUifSwiaWRlbnRpdHlNYW5hZ2VtZW50Ijp7InR5cGUiOiJQaW5nRmVkZXJhdGUifSwib2F1dGgyU2V0dGluZ3MiOnsiYXV0aG9yaXphdGlvbkdyYW50cyI6WyJjb2RlIiwidG9rZW4iLCJvd25lciIsImNyZWRlbnRpYWxzIl0sImF1dGhvcml6YXRpb25VcmkiOiJodHRwczovL2Nsb3Vkc3NvLXRlc3QuY2lzY28uY29tL2FzL2F1dGhvcml6YXRpb24ub2F1dGgyIiwiYWNjZXNzVG9rZW5VcmkiOiJodHRwczovL2Nsb3Vkc3NvLXRlc3QuY2lzY28uY29tL2FzL3Rva2VuLm9hdXRoMiIsImdyYW50VHlwZXMiOlt7Im5hbWUiOiJwYXNzd29yZCIsImxhYmVsIjoiUmVzb3VyY2UgT3duZXIgR3JhbnQiLCJyZXF1aXJlZCI6ZmFsc2UsImV4Y2x1ZGUiOltdLCJkZXBlbmRzIjpbXX0seyJuYW1lIjoiaW1wbGljaXQiLCJsYWJlbCI6IkltcGxpY2l0IEdyYW50IiwicmVxdWlyZWQiOmZhbHNlLCJleGNsdWRlIjpbXSwiZGVwZW5kcyI6W119LHsibmFtZSI6ImNsaWVudF9jcmVkZW50aWFscyIsImxhYmVsIjoiQ2xpZW50IENyZWRlbnRpYWxzIEdyYW50IiwicmVxdWlyZWQiOmZhbHNlLCJleGNsdWRlIjpbXSwiZGVwZW5kcyI6W119LHsibmFtZSI6ImF1dGhvcml6YXRpb25fY29kZSIsImxhYmVsIjoiQXV0aG9yaXphdGlvbiBDb2RlIEdyYW50IiwicmVxdWlyZWQiOmZhbHNlLCJleGNsdWRlIjpbXSwiZGVwZW5kcyI6W119LHsibmFtZSI6InJlZnJlc2hfdG9rZW4iLCJsYWJlbCI6IlJlZnJlc2ggVG9rZW4iLCJyZXF1aXJlZCI6ZmFsc2UsImV4Y2x1ZGUiOltdLCJkZXBlbmRzIjpbImF1dGhvcml6YXRpb25fY29kZSIsInBhc3N3b3JkIl19XX19LCJpbnRlcmFjdGl2ZUxvZ2luIjp0cnVlLCJ0b2tlbiI6ImEyYzg0ODE1LThjYjgtNGE3Ni1iNmU0LTg4MGM3ZTc2MGNlYiIsImlhdCI6MTQ4NjU4Njc4OCwiYXVkIjoiaHR0cDovL2FwaS1wbGF0Zm9ybS1hcGkvcmVwb3NpdG9yeSIsImlzcyI6Imh0dHA6Ly9hcGktcGxhdGZvcm0tYXBpL3JlcG9zaXRvcnkifQ.YOsto-KJMgjQZxFXe6FFipYd8TIh4P1HIlJ5Tg6a9Ps
				Accept=*/*
				Content-Type=application/json; charset=UTF-8
Cookies:		&lt;none&gt;
Body:			&lt;none&gt;
Request method:	POST
Request path:	https://qax.anypoint.mulesoft.com/apiplatform/repository/v2/organizations/5000db95-c5d4-487f-925e-3f82f15a5499/apis/2053/versions/2161/contracts/30200/revoke
Proxy:			&lt;none&gt;
Request params:	&lt;none&gt;
Query params:	&lt;none&gt;
Form params:	&lt;none&gt;
Path params:	&lt;none&gt;
Multiparts:		&lt;none&gt;
Headers:		Authorization=Bearer eyJ0eXAiOiJKV1QiLCJhbGciOiJIUzI1NiJ9.eyJpZCI6IjUwMDAzN2NkLTJjZmQtNGRhNC1iZWQ3LTU3Mzg0ZGViMDYyYiIsImZpcnN0TmFtZSI6IkZlZGVyYXRlZCIsImxhc3ROYW1lIjoiRXh0ZXJuYWwiLCJlbWFpbCI6ImNocmlzdG9waGVyLm1vcmR1ZUBtdWxlc29mdC5jb20iLCJ1c2VybmFtZSI6ImZlZGVyYXRlZF9leHRlcm5hbCIsIm9yZ2FuaXphdGlvbiI6eyJpZCI6IjUwMDBkYjk1LWM1ZDQtNDg3Zi05MjVlLTNmODJmMTVhNTQ5OSIsIm5hbWUiOiJGZWRlcmF0ZWQgSW5jIEV4dGVybmFsIEF1dGhvcml6YXRpb24iLCJkb21haW4iOiJmZWRlcmF0ZWQtZXh0ZXJuYWwiLCJlbnRpdGxlbWVudHMiOnsiaHlicmlkIjp7ImVuYWJsZWQiOmZhbHNlfSwiY3JlYXRlU3ViT3JncyI6dHJ1ZSwidkNvcmVzUHJvZHVjdGlvbiI6eyJhc3NpZ25lZCI6MSwicmVhc3NpZ25lZCI6MH0sInZDb3Jlc1NhbmRib3giOnsiYXNzaWduZWQiOjEsInJlYXNzaWduZWQiOjB9LCJnbG9iYWxEZXBsb3ltZW50IjpmYWxzZSwid29ya2VyTG9nZ2luZ092ZXJyaWRlIjp7ImVuYWJsZWQiOmZhbHNlfSwiZ2F0ZXdheXMiOnsiYXNzaWduZWQiOjB9LCJjcmVhdGVFbnZpcm9ubWVudHMiOnRydWUsInBhcnRuZXJzUHJvZHVjdGlvbiI6eyJhc3NpZ25lZCI6MH0sInBhcnRuZXJzU2FuZGJveCI6eyJhc3NpZ25lZCI6MH0sImF1dG9zY2FsaW5nIjpmYWxzZSwic3RhdGljSXBzIjp7ImFzc2lnbmVkIjowLCJyZWFzc2lnbmVkIjowfSwiYXJtQWxlcnRzIjpmYWxzZSwiYXBpcyI6eyJlbmFibGVkIjp0cnVlfSwibXFNZXNzYWdlcyI6eyJiYXNlIjowLCJhZGRPbiI6MH0sIm1xUmVxdWVzdHMiOnsiYmFzZSI6MCwiYWRkT24iOjB9LCJleHRlcm5hbElkZW50aXR5Ijp0cnVlLCJtcUFkdmFuY2VkRmVhdHVyZXMiOnsiZW5hYmxlZCI6ZmFsc2V9LCJ2cGNzIjp7ImFzc2lnbmVkIjowLCJyZWFzc2lnbmVkIjowfSwiaHlicmlkSW5zaWdodCI6ZmFsc2UsImRlc2lnbkNlbnRlciI6eyJtb3phcnQiOmZhbHNlLCJhcGkiOmZhbHNlfSwib2JqZWN0U3RvcmVSZXF1ZXN0VW5pdHMiOnsiYmFzZSI6MTUwMDAwMDAsImFkZE9uIjowfSwib2JqZWN0U3RvcmVLZXlzIjp7ImJhc2UiOjEwMDAwMCwiYWRkT24iOjB9LCJjYW0iOnsiZW5hYmxlZCI6ZmFsc2V9LCJsb2FkQmFsYW5jZXIiOnsiYXNzaWduZWQiOjAsInJlYXNzaWduZWQiOjB9LCJtZXNzYWdpbmciOnsiYXNzaWduZWQiOjB9fSwiZXh0ZXJuYWxBdXRob3JpemF0aW9uIjp0cnVlLCJleHRlcm5hbEF1dGhvcml6YXRpb25Qcm92aWRlciI6eyJuYW1lIjoiUG9ydGFsIEFwcGxpY2F0aW9uIE1hbmFnZW1lbnQgU3lzdGVtIChQQU1TKSIsInVybCI6Imh0dHBzOi8vd3NneC10ZXN0LmNpc2NvLmNvbS9wYW1zL2x0L2NlcG1TZXJ2aWNlL3YxLjUvbWdyc3J2cyIsInZlcnNpb24iOiIxLjUifSwiaWRlbnRpdHlNYW5hZ2VtZW50Ijp7InR5cGUiOiJQaW5nRmVkZXJhdGUifSwib2F1dGgyU2V0dGluZ3MiOnsiYXV0aG9yaXphdGlvbkdyYW50cyI6WyJjb2RlIiwidG9rZW4iLCJvd25lciIsImNyZWRlbnRpYWxzIl0sImF1dGhvcml6YXRpb25VcmkiOiJodHRwczovL2Nsb3Vkc3NvLXRlc3QuY2lzY28uY29tL2FzL2F1dGhvcml6YXRpb24ub2F1dGgyIiwiYWNjZXNzVG9rZW5VcmkiOiJodHRwczovL2Nsb3Vkc3NvLXRlc3QuY2lzY28uY29tL2FzL3Rva2VuLm9hdXRoMiIsImdyYW50VHlwZXMiOlt7Im5hbWUiOiJwYXNzd29yZCIsImxhYmVsIjoiUmVzb3VyY2UgT3duZXIgR3JhbnQiLCJyZXF1aXJlZCI6ZmFsc2UsImV4Y2x1ZGUiOltdLCJkZXBlbmRzIjpbXX0seyJuYW1lIjoiaW1wbGljaXQiLCJsYWJlbCI6IkltcGxpY2l0IEdyYW50IiwicmVxdWlyZWQiOmZhbHNlLCJleGNsdWRlIjpbXSwiZGVwZW5kcyI6W119LHsibmFtZSI6ImNsaWVudF9jcmVkZW50aWFscyIsImxhYmVsIjoiQ2xpZW50IENyZWRlbnRpYWxzIEdyYW50IiwicmVxdWlyZWQiOmZhbHNlLCJleGNsdWRlIjpbXSwiZGVwZW5kcyI6W119LHsibmFtZSI6ImF1dGhvcml6YXRpb25fY29kZSIsImxhYmVsIjoiQXV0aG9yaXphdGlvbiBDb2RlIEdyYW50IiwicmVxdWlyZWQiOmZhbHNlLCJleGNsdWRlIjpbXSwiZGVwZW5kcyI6W119LHsibmFtZSI6InJlZnJlc2hfdG9rZW4iLCJsYWJlbCI6IlJlZnJlc2ggVG9rZW4iLCJyZXF1aXJlZCI6ZmFsc2UsImV4Y2x1ZGUiOltdLCJkZXBlbmRzIjpbImF1dGhvcml6YXRpb25fY29kZSIsInBhc3N3b3JkIl19XX19LCJpbnRlcmFjdGl2ZUxvZ2luIjp0cnVlLCJ0b2tlbiI6ImEyYzg0ODE1LThjYjgtNGE3Ni1iNmU0LTg4MGM3ZTc2MGNlYiIsImlhdCI6MTQ4NjU4Njc4OCwiYXVkIjoiaHR0cDovL2FwaS1wbGF0Zm9ybS1hcGkvcmVwb3NpdG9yeSIsImlzcyI6Imh0dHA6Ly9hcGktcGxhdGZvcm0tYXBpL3JlcG9zaXRvcnkifQ.YOsto-KJMgjQZxFXe6FFipYd8TIh4P1HIlJ5Tg6a9Ps
				Accept=*/*
				Content-Type=application/json; charset=UTF-8
Cookies:		&lt;none&gt;
Body:			&lt;none&gt;
Request method:	POST
Request path:	https://qax.anypoint.mulesoft.com/apiplatform/repository/v2/organizations/5000db95-c5d4-487f-925e-3f82f15a5499/apis/2053/versions/2161/contracts/30274/revoke
Proxy:			&lt;none&gt;
Request params:	&lt;none&gt;
Query params:	&lt;none&gt;
Form params:	&lt;none&gt;
Path params:	&lt;none&gt;
Multiparts:		&lt;none&gt;
Headers:		Authorization=Bearer eyJ0eXAiOiJKV1QiLCJhbGciOiJIUzI1NiJ9.eyJpZCI6IjUwMDAzN2NkLTJjZmQtNGRhNC1iZWQ3LTU3Mzg0ZGViMDYyYiIsImZpcnN0TmFtZSI6IkZlZGVyYXRlZCIsImxhc3ROYW1lIjoiRXh0ZXJuYWwiLCJlbWFpbCI6ImNocmlzdG9waGVyLm1vcmR1ZUBtdWxlc29mdC5jb20iLCJ1c2VybmFtZSI6ImZlZGVyYXRlZF9leHRlcm5hbCIsIm9yZ2FuaXphdGlvbiI6eyJpZCI6IjUwMDBkYjk1LWM1ZDQtNDg3Zi05MjVlLTNmODJmMTVhNTQ5OSIsIm5hbWUiOiJGZWRlcmF0ZWQgSW5jIEV4dGVybmFsIEF1dGhvcml6YXRpb24iLCJkb21haW4iOiJmZWRlcmF0ZWQtZXh0ZXJuYWwiLCJlbnRpdGxlbWVudHMiOnsiaHlicmlkIjp7ImVuYWJsZWQiOmZhbHNlfSwiY3JlYXRlU3ViT3JncyI6dHJ1ZSwidkNvcmVzUHJvZHVjdGlvbiI6eyJhc3NpZ25lZCI6MSwicmVhc3NpZ25lZCI6MH0sInZDb3Jlc1NhbmRib3giOnsiYXNzaWduZWQiOjEsInJlYXNzaWduZWQiOjB9LCJnbG9iYWxEZXBsb3ltZW50IjpmYWxzZSwid29ya2VyTG9nZ2luZ092ZXJyaWRlIjp7ImVuYWJsZWQiOmZhbHNlfSwiZ2F0ZXdheXMiOnsiYXNzaWduZWQiOjB9LCJjcmVhdGVFbnZpcm9ubWVudHMiOnRydWUsInBhcnRuZXJzUHJvZHVjdGlvbiI6eyJhc3NpZ25lZCI6MH0sInBhcnRuZXJzU2FuZGJveCI6eyJhc3NpZ25lZCI6MH0sImF1dG9zY2FsaW5nIjpmYWxzZSwic3RhdGljSXBzIjp7ImFzc2lnbmVkIjowLCJyZWFzc2lnbmVkIjowfSwiYXJtQWxlcnRzIjpmYWxzZSwiYXBpcyI6eyJlbmFibGVkIjp0cnVlfSwibXFNZXNzYWdlcyI6eyJiYXNlIjowLCJhZGRPbiI6MH0sIm1xUmVxdWVzdHMiOnsiYmFzZSI6MCwiYWRkT24iOjB9LCJleHRlcm5hbElkZW50aXR5Ijp0cnVlLCJtcUFkdmFuY2VkRmVhdHVyZXMiOnsiZW5hYmxlZCI6ZmFsc2V9LCJ2cGNzIjp7ImFzc2lnbmVkIjowLCJyZWFzc2lnbmVkIjowfSwiaHlicmlkSW5zaWdodCI6ZmFsc2UsImRlc2lnbkNlbnRlciI6eyJtb3phcnQiOmZhbHNlLCJhcGkiOmZhbHNlfSwib2JqZWN0U3RvcmVSZXF1ZXN0VW5pdHMiOnsiYmFzZSI6MTUwMDAwMDAsImFkZE9uIjowfSwib2JqZWN0U3RvcmVLZXlzIjp7ImJhc2UiOjEwMDAwMCwiYWRkT24iOjB9LCJjYW0iOnsiZW5hYmxlZCI6ZmFsc2V9LCJsb2FkQmFsYW5jZXIiOnsiYXNzaWduZWQiOjAsInJlYXNzaWduZWQiOjB9LCJtZXNzYWdpbmciOnsiYXNzaWduZWQiOjB9fSwiZXh0ZXJuYWxBdXRob3JpemF0aW9uIjp0cnVlLCJleHRlcm5hbEF1dGhvcml6YXRpb25Qcm92aWRlciI6eyJuYW1lIjoiUG9ydGFsIEFwcGxpY2F0aW9uIE1hbmFnZW1lbnQgU3lzdGVtIChQQU1TKSIsInVybCI6Imh0dHBzOi8vd3NneC10ZXN0LmNpc2NvLmNvbS9wYW1zL2x0L2NlcG1TZXJ2aWNlL3YxLjUvbWdyc3J2cyIsInZlcnNpb24iOiIxLjUifSwiaWRlbnRpdHlNYW5hZ2VtZW50Ijp7InR5cGUiOiJQaW5nRmVkZXJhdGUifSwib2F1dGgyU2V0dGluZ3MiOnsiYXV0aG9yaXphdGlvbkdyYW50cyI6WyJjb2RlIiwidG9rZW4iLCJvd25lciIsImNyZWRlbnRpYWxzIl0sImF1dGhvcml6YXRpb25VcmkiOiJodHRwczovL2Nsb3Vkc3NvLXRlc3QuY2lzY28uY29tL2FzL2F1dGhvcml6YXRpb24ub2F1dGgyIiwiYWNjZXNzVG9rZW5VcmkiOiJodHRwczovL2Nsb3Vkc3NvLXRlc3QuY2lzY28uY29tL2FzL3Rva2VuLm9hdXRoMiIsImdyYW50VHlwZXMiOlt7Im5hbWUiOiJwYXNzd29yZCIsImxhYmVsIjoiUmVzb3VyY2UgT3duZXIgR3JhbnQiLCJyZXF1aXJlZCI6ZmFsc2UsImV4Y2x1ZGUiOltdLCJkZXBlbmRzIjpbXX0seyJuYW1lIjoiaW1wbGljaXQiLCJsYWJlbCI6IkltcGxpY2l0IEdyYW50IiwicmVxdWlyZWQiOmZhbHNlLCJleGNsdWRlIjpbXSwiZGVwZW5kcyI6W119LHsibmFtZSI6ImNsaWVudF9jcmVkZW50aWFscyIsImxhYmVsIjoiQ2xpZW50IENyZWRlbnRpYWxzIEdyYW50IiwicmVxdWlyZWQiOmZhbHNlLCJleGNsdWRlIjpbXSwiZGVwZW5kcyI6W119LHsibmFtZSI6ImF1dGhvcml6YXRpb25fY29kZSIsImxhYmVsIjoiQXV0aG9yaXphdGlvbiBDb2RlIEdyYW50IiwicmVxdWlyZWQiOmZhbHNlLCJleGNsdWRlIjpbXSwiZGVwZW5kcyI6W119LHsibmFtZSI6InJlZnJlc2hfdG9rZW4iLCJsYWJlbCI6IlJlZnJlc2ggVG9rZW4iLCJyZXF1aXJlZCI6ZmFsc2UsImV4Y2x1ZGUiOltdLCJkZXBlbmRzIjpbImF1dGhvcml6YXRpb25fY29kZSIsInBhc3N3b3JkIl19XX19LCJpbnRlcmFjdGl2ZUxvZ2luIjp0cnVlLCJ0b2tlbiI6ImEyYzg0ODE1LThjYjgtNGE3Ni1iNmU0LTg4MGM3ZTc2MGNlYiIsImlhdCI6MTQ4NjU4Njc4OCwiYXVkIjoiaHR0cDovL2FwaS1wbGF0Zm9ybS1hcGkvcmVwb3NpdG9yeSIsImlzcyI6Imh0dHA6Ly9hcGktcGxhdGZvcm0tYXBpL3JlcG9zaXRvcnkifQ.YOsto-KJMgjQZxFXe6FFipYd8TIh4P1HIlJ5Tg6a9Ps
				Accept=*/*
				Content-Type=application/json; charset=UTF-8
Cookies:		&lt;none&gt;
Body:			&lt;none&gt;
Request method:	POST
Request path:	https://qax.anypoint.mulesoft.com/apiplatform/repository/v2/organizations/5000db95-c5d4-487f-925e-3f82f15a5499/apis/2053/versions/2161/contracts/30272/revoke
Proxy:			&lt;none&gt;
Request params:	&lt;none&gt;
Query params:	&lt;none&gt;
Form params:	&lt;none&gt;
Path params:	&lt;none&gt;
Multiparts:		&lt;none&gt;
Headers:		Authorization=Bearer eyJ0eXAiOiJKV1QiLCJhbGciOiJIUzI1NiJ9.eyJpZCI6IjUwMDAzN2NkLTJjZmQtNGRhNC1iZWQ3LTU3Mzg0ZGViMDYyYiIsImZpcnN0TmFtZSI6IkZlZGVyYXRlZCIsImxhc3ROYW1lIjoiRXh0ZXJuYWwiLCJlbWFpbCI6ImNocmlzdG9waGVyLm1vcmR1ZUBtdWxlc29mdC5jb20iLCJ1c2VybmFtZSI6ImZlZGVyYXRlZF9leHRlcm5hbCIsIm9yZ2FuaXphdGlvbiI6eyJpZCI6IjUwMDBkYjk1LWM1ZDQtNDg3Zi05MjVlLTNmODJmMTVhNTQ5OSIsIm5hbWUiOiJGZWRlcmF0ZWQgSW5jIEV4dGVybmFsIEF1dGhvcml6YXRpb24iLCJkb21haW4iOiJmZWRlcmF0ZWQtZXh0ZXJuYWwiLCJlbnRpdGxlbWVudHMiOnsiaHlicmlkIjp7ImVuYWJsZWQiOmZhbHNlfSwiY3JlYXRlU3ViT3JncyI6dHJ1ZSwidkNvcmVzUHJvZHVjdGlvbiI6eyJhc3NpZ25lZCI6MSwicmVhc3NpZ25lZCI6MH0sInZDb3Jlc1NhbmRib3giOnsiYXNzaWduZWQiOjEsInJlYXNzaWduZWQiOjB9LCJnbG9iYWxEZXBsb3ltZW50IjpmYWxzZSwid29ya2VyTG9nZ2luZ092ZXJyaWRlIjp7ImVuYWJsZWQiOmZhbHNlfSwiZ2F0ZXdheXMiOnsiYXNzaWduZWQiOjB9LCJjcmVhdGVFbnZpcm9ubWVudHMiOnRydWUsInBhcnRuZXJzUHJvZHVjdGlvbiI6eyJhc3NpZ25lZCI6MH0sInBhcnRuZXJzU2FuZGJveCI6eyJhc3NpZ25lZCI6MH0sImF1dG9zY2FsaW5nIjpmYWxzZSwic3RhdGljSXBzIjp7ImFzc2lnbmVkIjowLCJyZWFzc2lnbmVkIjowfSwiYXJtQWxlcnRzIjpmYWxzZSwiYXBpcyI6eyJlbmFibGVkIjp0cnVlfSwibXFNZXNzYWdlcyI6eyJiYXNlIjowLCJhZGRPbiI6MH0sIm1xUmVxdWVzdHMiOnsiYmFzZSI6MCwiYWRkT24iOjB9LCJleHRlcm5hbElkZW50aXR5Ijp0cnVlLCJtcUFkdmFuY2VkRmVhdHVyZXMiOnsiZW5hYmxlZCI6ZmFsc2V9LCJ2cGNzIjp7ImFzc2lnbmVkIjowLCJyZWFzc2lnbmVkIjowfSwiaHlicmlkSW5zaWdodCI6ZmFsc2UsImRlc2lnbkNlbnRlciI6eyJtb3phcnQiOmZhbHNlLCJhcGkiOmZhbHNlfSwib2JqZWN0U3RvcmVSZXF1ZXN0VW5pdHMiOnsiYmFzZSI6MTUwMDAwMDAsImFkZE9uIjowfSwib2JqZWN0U3RvcmVLZXlzIjp7ImJhc2UiOjEwMDAwMCwiYWRkT24iOjB9LCJjYW0iOnsiZW5hYmxlZCI6ZmFsc2V9LCJsb2FkQmFsYW5jZXIiOnsiYXNzaWduZWQiOjAsInJlYXNzaWduZWQiOjB9LCJtZXNzYWdpbmciOnsiYXNzaWduZWQiOjB9fSwiZXh0ZXJuYWxBdXRob3JpemF0aW9uIjp0cnVlLCJleHRlcm5hbEF1dGhvcml6YXRpb25Qcm92aWRlciI6eyJuYW1lIjoiUG9ydGFsIEFwcGxpY2F0aW9uIE1hbmFnZW1lbnQgU3lzdGVtIChQQU1TKSIsInVybCI6Imh0dHBzOi8vd3NneC10ZXN0LmNpc2NvLmNvbS9wYW1zL2x0L2NlcG1TZXJ2aWNlL3YxLjUvbWdyc3J2cyIsInZlcnNpb24iOiIxLjUifSwiaWRlbnRpdHlNYW5hZ2VtZW50Ijp7InR5cGUiOiJQaW5nRmVkZXJhdGUifSwib2F1dGgyU2V0dGluZ3MiOnsiYXV0aG9yaXphdGlvbkdyYW50cyI6WyJjb2RlIiwidG9rZW4iLCJvd25lciIsImNyZWRlbnRpYWxzIl0sImF1dGhvcml6YXRpb25VcmkiOiJodHRwczovL2Nsb3Vkc3NvLXRlc3QuY2lzY28uY29tL2FzL2F1dGhvcml6YXRpb24ub2F1dGgyIiwiYWNjZXNzVG9rZW5VcmkiOiJodHRwczovL2Nsb3Vkc3NvLXRlc3QuY2lzY28uY29tL2FzL3Rva2VuLm9hdXRoMiIsImdyYW50VHlwZXMiOlt7Im5hbWUiOiJwYXNzd29yZCIsImxhYmVsIjoiUmVzb3VyY2UgT3duZXIgR3JhbnQiLCJyZXF1aXJlZCI6ZmFsc2UsImV4Y2x1ZGUiOltdLCJkZXBlbmRzIjpbXX0seyJuYW1lIjoiaW1wbGljaXQiLCJsYWJlbCI6IkltcGxpY2l0IEdyYW50IiwicmVxdWlyZWQiOmZhbHNlLCJleGNsdWRlIjpbXSwiZGVwZW5kcyI6W119LHsibmFtZSI6ImNsaWVudF9jcmVkZW50aWFscyIsImxhYmVsIjoiQ2xpZW50IENyZWRlbnRpYWxzIEdyYW50IiwicmVxdWlyZWQiOmZhbHNlLCJleGNsdWRlIjpbXSwiZGVwZW5kcyI6W119LHsibmFtZSI6ImF1dGhvcml6YXRpb25fY29kZSIsImxhYmVsIjoiQXV0aG9yaXphdGlvbiBDb2RlIEdyYW50IiwicmVxdWlyZWQiOmZhbHNlLCJleGNsdWRlIjpbXSwiZGVwZW5kcyI6W119LHsibmFtZSI6InJlZnJlc2hfdG9rZW4iLCJsYWJlbCI6IlJlZnJlc2ggVG9rZW4iLCJyZXF1aXJlZCI6ZmFsc2UsImV4Y2x1ZGUiOltdLCJkZXBlbmRzIjpbImF1dGhvcml6YXRpb25fY29kZSIsInBhc3N3b3JkIl19XX19LCJpbnRlcmFjdGl2ZUxvZ2luIjp0cnVlLCJ0b2tlbiI6ImEyYzg0ODE1LThjYjgtNGE3Ni1iNmU0LTg4MGM3ZTc2MGNlYiIsImlhdCI6MTQ4NjU4Njc4OCwiYXVkIjoiaHR0cDovL2FwaS1wbGF0Zm9ybS1hcGkvcmVwb3NpdG9yeSIsImlzcyI6Imh0dHA6Ly9hcGktcGxhdGZvcm0tYXBpL3JlcG9zaXRvcnkifQ.YOsto-KJMgjQZxFXe6FFipYd8TIh4P1HIlJ5Tg6a9Ps
				Accept=*/*
				Content-Type=application/json; charset=UTF-8
Cookies:		&lt;none&gt;
Body:			&lt;none&gt;
Request method:	POST
Request path:	https://qax.anypoint.mulesoft.com/apiplatform/repository/v2/organizations/5000db95-c5d4-487f-925e-3f82f15a5499/apis/2053/versions/2161/contracts/30222/revoke
Proxy:			&lt;none&gt;
Request params:	&lt;none&gt;
Query params:	&lt;none&gt;
Form params:	&lt;none&gt;
Path params:	&lt;none&gt;
Multiparts:		&lt;none&gt;
Headers:		Authorization=Bearer eyJ0eXAiOiJKV1QiLCJhbGciOiJIUzI1NiJ9.eyJpZCI6IjUwMDAzN2NkLTJjZmQtNGRhNC1iZWQ3LTU3Mzg0ZGViMDYyYiIsImZpcnN0TmFtZSI6IkZlZGVyYXRlZCIsImxhc3ROYW1lIjoiRXh0ZXJuYWwiLCJlbWFpbCI6ImNocmlzdG9waGVyLm1vcmR1ZUBtdWxlc29mdC5jb20iLCJ1c2VybmFtZSI6ImZlZGVyYXRlZF9leHRlcm5hbCIsIm9yZ2FuaXphdGlvbiI6eyJpZCI6IjUwMDBkYjk1LWM1ZDQtNDg3Zi05MjVlLTNmODJmMTVhNTQ5OSIsIm5hbWUiOiJGZWRlcmF0ZWQgSW5jIEV4dGVybmFsIEF1dGhvcml6YXRpb24iLCJkb21haW4iOiJmZWRlcmF0ZWQtZXh0ZXJuYWwiLCJlbnRpdGxlbWVudHMiOnsiaHlicmlkIjp7ImVuYWJsZWQiOmZhbHNlfSwiY3JlYXRlU3ViT3JncyI6dHJ1ZSwidkNvcmVzUHJvZHVjdGlvbiI6eyJhc3NpZ25lZCI6MSwicmVhc3NpZ25lZCI6MH0sInZDb3Jlc1NhbmRib3giOnsiYXNzaWduZWQiOjEsInJlYXNzaWduZWQiOjB9LCJnbG9iYWxEZXBsb3ltZW50IjpmYWxzZSwid29ya2VyTG9nZ2luZ092ZXJyaWRlIjp7ImVuYWJsZWQiOmZhbHNlfSwiZ2F0ZXdheXMiOnsiYXNzaWduZWQiOjB9LCJjcmVhdGVFbnZpcm9ubWVudHMiOnRydWUsInBhcnRuZXJzUHJvZHVjdGlvbiI6eyJhc3NpZ25lZCI6MH0sInBhcnRuZXJzU2FuZGJveCI6eyJhc3NpZ25lZCI6MH0sImF1dG9zY2FsaW5nIjpmYWxzZSwic3RhdGljSXBzIjp7ImFzc2lnbmVkIjowLCJyZWFzc2lnbmVkIjowfSwiYXJtQWxlcnRzIjpmYWxzZSwiYXBpcyI6eyJlbmFibGVkIjp0cnVlfSwibXFNZXNzYWdlcyI6eyJiYXNlIjowLCJhZGRPbiI6MH0sIm1xUmVxdWVzdHMiOnsiYmFzZSI6MCwiYWRkT24iOjB9LCJleHRlcm5hbElkZW50aXR5Ijp0cnVlLCJtcUFkdmFuY2VkRmVhdHVyZXMiOnsiZW5hYmxlZCI6ZmFsc2V9LCJ2cGNzIjp7ImFzc2lnbmVkIjowLCJyZWFzc2lnbmVkIjowfSwiaHlicmlkSW5zaWdodCI6ZmFsc2UsImRlc2lnbkNlbnRlciI6eyJtb3phcnQiOmZhbHNlLCJhcGkiOmZhbHNlfSwib2JqZWN0U3RvcmVSZXF1ZXN0VW5pdHMiOnsiYmFzZSI6MTUwMDAwMDAsImFkZE9uIjowfSwib2JqZWN0U3RvcmVLZXlzIjp7ImJhc2UiOjEwMDAwMCwiYWRkT24iOjB9LCJjYW0iOnsiZW5hYmxlZCI6ZmFsc2V9LCJsb2FkQmFsYW5jZXIiOnsiYXNzaWduZWQiOjAsInJlYXNzaWduZWQiOjB9LCJtZXNzYWdpbmciOnsiYXNzaWduZWQiOjB9fSwiZXh0ZXJuYWxBdXRob3JpemF0aW9uIjp0cnVlLCJleHRlcm5hbEF1dGhvcml6YXRpb25Qcm92aWRlciI6eyJuYW1lIjoiUG9ydGFsIEFwcGxpY2F0aW9uIE1hbmFnZW1lbnQgU3lzdGVtIChQQU1TKSIsInVybCI6Imh0dHBzOi8vd3NneC10ZXN0LmNpc2NvLmNvbS9wYW1zL2x0L2NlcG1TZXJ2aWNlL3YxLjUvbWdyc3J2cyIsInZlcnNpb24iOiIxLjUifSwiaWRlbnRpdHlNYW5hZ2VtZW50Ijp7InR5cGUiOiJQaW5nRmVkZXJhdGUifSwib2F1dGgyU2V0dGluZ3MiOnsiYXV0aG9yaXphdGlvbkdyYW50cyI6WyJjb2RlIiwidG9rZW4iLCJvd25lciIsImNyZWRlbnRpYWxzIl0sImF1dGhvcml6YXRpb25VcmkiOiJodHRwczovL2Nsb3Vkc3NvLXRlc3QuY2lzY28uY29tL2FzL2F1dGhvcml6YXRpb24ub2F1dGgyIiwiYWNjZXNzVG9rZW5VcmkiOiJodHRwczovL2Nsb3Vkc3NvLXRlc3QuY2lzY28uY29tL2FzL3Rva2VuLm9hdXRoMiIsImdyYW50VHlwZXMiOlt7Im5hbWUiOiJwYXNzd29yZCIsImxhYmVsIjoiUmVzb3VyY2UgT3duZXIgR3JhbnQiLCJyZXF1aXJlZCI6ZmFsc2UsImV4Y2x1ZGUiOltdLCJkZXBlbmRzIjpbXX0seyJuYW1lIjoiaW1wbGljaXQiLCJsYWJlbCI6IkltcGxpY2l0IEdyYW50IiwicmVxdWlyZWQiOmZhbHNlLCJleGNsdWRlIjpbXSwiZGVwZW5kcyI6W119LHsibmFtZSI6ImNsaWVudF9jcmVkZW50aWFscyIsImxhYmVsIjoiQ2xpZW50IENyZWRlbnRpYWxzIEdyYW50IiwicmVxdWlyZWQiOmZhbHNlLCJleGNsdWRlIjpbXSwiZGVwZW5kcyI6W119LHsibmFtZSI6ImF1dGhvcml6YXRpb25fY29kZSIsImxhYmVsIjoiQXV0aG9yaXphdGlvbiBDb2RlIEdyYW50IiwicmVxdWlyZWQiOmZhbHNlLCJleGNsdWRlIjpbXSwiZGVwZW5kcyI6W119LHsibmFtZSI6InJlZnJlc2hfdG9rZW4iLCJsYWJlbCI6IlJlZnJlc2ggVG9rZW4iLCJyZXF1aXJlZCI6ZmFsc2UsImV4Y2x1ZGUiOltdLCJkZXBlbmRzIjpbImF1dGhvcml6YXRpb25fY29kZSIsInBhc3N3b3JkIl19XX19LCJpbnRlcmFjdGl2ZUxvZ2luIjp0cnVlLCJ0b2tlbiI6ImEyYzg0ODE1LThjYjgtNGE3Ni1iNmU0LTg4MGM3ZTc2MGNlYiIsImlhdCI6MTQ4NjU4Njc4OCwiYXVkIjoiaHR0cDovL2FwaS1wbGF0Zm9ybS1hcGkvcmVwb3NpdG9yeSIsImlzcyI6Imh0dHA6Ly9hcGktcGxhdGZvcm0tYXBpL3JlcG9zaXRvcnkifQ.YOsto-KJMgjQZxFXe6FFipYd8TIh4P1HIlJ5Tg6a9Ps
				Accept=*/*
				Content-Type=application/json; charset=UTF-8
Cookies:		&lt;none&gt;
Body:			&lt;none&gt;
Request method:	POST
Request path:	https://qax.anypoint.mulesoft.com/apiplatform/repository/v2/organizations/5000db95-c5d4-487f-925e-3f82f15a5499/apis/2053/versions/2161/contracts/30258/revoke
Proxy:			&lt;none&gt;
Request params:	&lt;none&gt;
Query params:	&lt;none&gt;
Form params:	&lt;none&gt;
Path params:	&lt;none&gt;
Multiparts:		&lt;none&gt;
Headers:		Authorization=Bearer eyJ0eXAiOiJKV1QiLCJhbGciOiJIUzI1NiJ9.eyJpZCI6IjUwMDAzN2NkLTJjZmQtNGRhNC1iZWQ3LTU3Mzg0ZGViMDYyYiIsImZpcnN0TmFtZSI6IkZlZGVyYXRlZCIsImxhc3ROYW1lIjoiRXh0ZXJuYWwiLCJlbWFpbCI6ImNocmlzdG9waGVyLm1vcmR1ZUBtdWxlc29mdC5jb20iLCJ1c2VybmFtZSI6ImZlZGVyYXRlZF9leHRlcm5hbCIsIm9yZ2FuaXphdGlvbiI6eyJpZCI6IjUwMDBkYjk1LWM1ZDQtNDg3Zi05MjVlLTNmODJmMTVhNTQ5OSIsIm5hbWUiOiJGZWRlcmF0ZWQgSW5jIEV4dGVybmFsIEF1dGhvcml6YXRpb24iLCJkb21haW4iOiJmZWRlcmF0ZWQtZXh0ZXJuYWwiLCJlbnRpdGxlbWVudHMiOnsiaHlicmlkIjp7ImVuYWJsZWQiOmZhbHNlfSwiY3JlYXRlU3ViT3JncyI6dHJ1ZSwidkNvcmVzUHJvZHVjdGlvbiI6eyJhc3NpZ25lZCI6MSwicmVhc3NpZ25lZCI6MH0sInZDb3Jlc1NhbmRib3giOnsiYXNzaWduZWQiOjEsInJlYXNzaWduZWQiOjB9LCJnbG9iYWxEZXBsb3ltZW50IjpmYWxzZSwid29ya2VyTG9nZ2luZ092ZXJyaWRlIjp7ImVuYWJsZWQiOmZhbHNlfSwiZ2F0ZXdheXMiOnsiYXNzaWduZWQiOjB9LCJjcmVhdGVFbnZpcm9ubWVudHMiOnRydWUsInBhcnRuZXJzUHJvZHVjdGlvbiI6eyJhc3NpZ25lZCI6MH0sInBhcnRuZXJzU2FuZGJveCI6eyJhc3NpZ25lZCI6MH0sImF1dG9zY2FsaW5nIjpmYWxzZSwic3RhdGljSXBzIjp7ImFzc2lnbmVkIjowLCJyZWFzc2lnbmVkIjowfSwiYXJtQWxlcnRzIjpmYWxzZSwiYXBpcyI6eyJlbmFibGVkIjp0cnVlfSwibXFNZXNzYWdlcyI6eyJiYXNlIjowLCJhZGRPbiI6MH0sIm1xUmVxdWVzdHMiOnsiYmFzZSI6MCwiYWRkT24iOjB9LCJleHRlcm5hbElkZW50aXR5Ijp0cnVlLCJtcUFkdmFuY2VkRmVhdHVyZXMiOnsiZW5hYmxlZCI6ZmFsc2V9LCJ2cGNzIjp7ImFzc2lnbmVkIjowLCJyZWFzc2lnbmVkIjowfSwiaHlicmlkSW5zaWdodCI6ZmFsc2UsImRlc2lnbkNlbnRlciI6eyJtb3phcnQiOmZhbHNlLCJhcGkiOmZhbHNlfSwib2JqZWN0U3RvcmVSZXF1ZXN0VW5pdHMiOnsiYmFzZSI6MTUwMDAwMDAsImFkZE9uIjowfSwib2JqZWN0U3RvcmVLZXlzIjp7ImJhc2UiOjEwMDAwMCwiYWRkT24iOjB9LCJjYW0iOnsiZW5hYmxlZCI6ZmFsc2V9LCJsb2FkQmFsYW5jZXIiOnsiYXNzaWduZWQiOjAsInJlYXNzaWduZWQiOjB9LCJtZXNzYWdpbmciOnsiYXNzaWduZWQiOjB9fSwiZXh0ZXJuYWxBdXRob3JpemF0aW9uIjp0cnVlLCJleHRlcm5hbEF1dGhvcml6YXRpb25Qcm92aWRlciI6eyJuYW1lIjoiUG9ydGFsIEFwcGxpY2F0aW9uIE1hbmFnZW1lbnQgU3lzdGVtIChQQU1TKSIsInVybCI6Imh0dHBzOi8vd3NneC10ZXN0LmNpc2NvLmNvbS9wYW1zL2x0L2NlcG1TZXJ2aWNlL3YxLjUvbWdyc3J2cyIsInZlcnNpb24iOiIxLjUifSwiaWRlbnRpdHlNYW5hZ2VtZW50Ijp7InR5cGUiOiJQaW5nRmVkZXJhdGUifSwib2F1dGgyU2V0dGluZ3MiOnsiYXV0aG9yaXphdGlvbkdyYW50cyI6WyJjb2RlIiwidG9rZW4iLCJvd25lciIsImNyZWRlbnRpYWxzIl0sImF1dGhvcml6YXRpb25VcmkiOiJodHRwczovL2Nsb3Vkc3NvLXRlc3QuY2lzY28uY29tL2FzL2F1dGhvcml6YXRpb24ub2F1dGgyIiwiYWNjZXNzVG9rZW5VcmkiOiJodHRwczovL2Nsb3Vkc3NvLXRlc3QuY2lzY28uY29tL2FzL3Rva2VuLm9hdXRoMiIsImdyYW50VHlwZXMiOlt7Im5hbWUiOiJwYXNzd29yZCIsImxhYmVsIjoiUmVzb3VyY2UgT3duZXIgR3JhbnQiLCJyZXF1aXJlZCI6ZmFsc2UsImV4Y2x1ZGUiOltdLCJkZXBlbmRzIjpbXX0seyJuYW1lIjoiaW1wbGljaXQiLCJsYWJlbCI6IkltcGxpY2l0IEdyYW50IiwicmVxdWlyZWQiOmZhbHNlLCJleGNsdWRlIjpbXSwiZGVwZW5kcyI6W119LHsibmFtZSI6ImNsaWVudF9jcmVkZW50aWFscyIsImxhYmVsIjoiQ2xpZW50IENyZWRlbnRpYWxzIEdyYW50IiwicmVxdWlyZWQiOmZhbHNlLCJleGNsdWRlIjpbXSwiZGVwZW5kcyI6W119LHsibmFtZSI6ImF1dGhvcml6YXRpb25fY29kZSIsImxhYmVsIjoiQXV0aG9yaXphdGlvbiBDb2RlIEdyYW50IiwicmVxdWlyZWQiOmZhbHNlLCJleGNsdWRlIjpbXSwiZGVwZW5kcyI6W119LHsibmFtZSI6InJlZnJlc2hfdG9rZW4iLCJsYWJlbCI6IlJlZnJlc2ggVG9rZW4iLCJyZXF1aXJlZCI6ZmFsc2UsImV4Y2x1ZGUiOltdLCJkZXBlbmRzIjpbImF1dGhvcml6YXRpb25fY29kZSIsInBhc3N3b3JkIl19XX19LCJpbnRlcmFjdGl2ZUxvZ2luIjp0cnVlLCJ0b2tlbiI6ImEyYzg0ODE1LThjYjgtNGE3Ni1iNmU0LTg4MGM3ZTc2MGNlYiIsImlhdCI6MTQ4NjU4Njc4OCwiYXVkIjoiaHR0cDovL2FwaS1wbGF0Zm9ybS1hcGkvcmVwb3NpdG9yeSIsImlzcyI6Imh0dHA6Ly9hcGktcGxhdGZvcm0tYXBpL3JlcG9zaXRvcnkifQ.YOsto-KJMgjQZxFXe6FFipYd8TIh4P1HIlJ5Tg6a9Ps
				Accept=*/*
				Content-Type=application/json; charset=UTF-8
Cookies:		&lt;none&gt;
Body:			&lt;none&gt;
Request method:	POST
Request path:	https://qax.anypoint.mulesoft.com/apiplatform/repository/v2/organizations/5000db95-c5d4-487f-925e-3f82f15a5499/apis/2053/versions/2161/contracts/30235/revoke
Proxy:			&lt;none&gt;
Request params:	&lt;none&gt;
Query params:	&lt;none&gt;
Form params:	&lt;none&gt;
Path params:	&lt;none&gt;
Multiparts:		&lt;none&gt;
Headers:		Authorization=Bearer eyJ0eXAiOiJKV1QiLCJhbGciOiJIUzI1NiJ9.eyJpZCI6IjUwMDAzN2NkLTJjZmQtNGRhNC1iZWQ3LTU3Mzg0ZGViMDYyYiIsImZpcnN0TmFtZSI6IkZlZGVyYXRlZCIsImxhc3ROYW1lIjoiRXh0ZXJuYWwiLCJlbWFpbCI6ImNocmlzdG9waGVyLm1vcmR1ZUBtdWxlc29mdC5jb20iLCJ1c2VybmFtZSI6ImZlZGVyYXRlZF9leHRlcm5hbCIsIm9yZ2FuaXphdGlvbiI6eyJpZCI6IjUwMDBkYjk1LWM1ZDQtNDg3Zi05MjVlLTNmODJmMTVhNTQ5OSIsIm5hbWUiOiJGZWRlcmF0ZWQgSW5jIEV4dGVybmFsIEF1dGhvcml6YXRpb24iLCJkb21haW4iOiJmZWRlcmF0ZWQtZXh0ZXJuYWwiLCJlbnRpdGxlbWVudHMiOnsiaHlicmlkIjp7ImVuYWJsZWQiOmZhbHNlfSwiY3JlYXRlU3ViT3JncyI6dHJ1ZSwidkNvcmVzUHJvZHVjdGlvbiI6eyJhc3NpZ25lZCI6MSwicmVhc3NpZ25lZCI6MH0sInZDb3Jlc1NhbmRib3giOnsiYXNzaWduZWQiOjEsInJlYXNzaWduZWQiOjB9LCJnbG9iYWxEZXBsb3ltZW50IjpmYWxzZSwid29ya2VyTG9nZ2luZ092ZXJyaWRlIjp7ImVuYWJsZWQiOmZhbHNlfSwiZ2F0ZXdheXMiOnsiYXNzaWduZWQiOjB9LCJjcmVhdGVFbnZpcm9ubWVudHMiOnRydWUsInBhcnRuZXJzUHJvZHVjdGlvbiI6eyJhc3NpZ25lZCI6MH0sInBhcnRuZXJzU2FuZGJveCI6eyJhc3NpZ25lZCI6MH0sImF1dG9zY2FsaW5nIjpmYWxzZSwic3RhdGljSXBzIjp7ImFzc2lnbmVkIjowLCJyZWFzc2lnbmVkIjowfSwiYXJtQWxlcnRzIjpmYWxzZSwiYXBpcyI6eyJlbmFibGVkIjp0cnVlfSwibXFNZXNzYWdlcyI6eyJiYXNlIjowLCJhZGRPbiI6MH0sIm1xUmVxdWVzdHMiOnsiYmFzZSI6MCwiYWRkT24iOjB9LCJleHRlcm5hbElkZW50aXR5Ijp0cnVlLCJtcUFkdmFuY2VkRmVhdHVyZXMiOnsiZW5hYmxlZCI6ZmFsc2V9LCJ2cGNzIjp7ImFzc2lnbmVkIjowLCJyZWFzc2lnbmVkIjowfSwiaHlicmlkSW5zaWdodCI6ZmFsc2UsImRlc2lnbkNlbnRlciI6eyJtb3phcnQiOmZhbHNlLCJhcGkiOmZhbHNlfSwib2JqZWN0U3RvcmVSZXF1ZXN0VW5pdHMiOnsiYmFzZSI6MTUwMDAwMDAsImFkZE9uIjowfSwib2JqZWN0U3RvcmVLZXlzIjp7ImJhc2UiOjEwMDAwMCwiYWRkT24iOjB9LCJjYW0iOnsiZW5hYmxlZCI6ZmFsc2V9LCJsb2FkQmFsYW5jZXIiOnsiYXNzaWduZWQiOjAsInJlYXNzaWduZWQiOjB9LCJtZXNzYWdpbmciOnsiYXNzaWduZWQiOjB9fSwiZXh0ZXJuYWxBdXRob3JpemF0aW9uIjp0cnVlLCJleHRlcm5hbEF1dGhvcml6YXRpb25Qcm92aWRlciI6eyJuYW1lIjoiUG9ydGFsIEFwcGxpY2F0aW9uIE1hbmFnZW1lbnQgU3lzdGVtIChQQU1TKSIsInVybCI6Imh0dHBzOi8vd3NneC10ZXN0LmNpc2NvLmNvbS9wYW1zL2x0L2NlcG1TZXJ2aWNlL3YxLjUvbWdyc3J2cyIsInZlcnNpb24iOiIxLjUifSwiaWRlbnRpdHlNYW5hZ2VtZW50Ijp7InR5cGUiOiJQaW5nRmVkZXJhdGUifSwib2F1dGgyU2V0dGluZ3MiOnsiYXV0aG9yaXphdGlvbkdyYW50cyI6WyJjb2RlIiwidG9rZW4iLCJvd25lciIsImNyZWRlbnRpYWxzIl0sImF1dGhvcml6YXRpb25VcmkiOiJodHRwczovL2Nsb3Vkc3NvLXRlc3QuY2lzY28uY29tL2FzL2F1dGhvcml6YXRpb24ub2F1dGgyIiwiYWNjZXNzVG9rZW5VcmkiOiJodHRwczovL2Nsb3Vkc3NvLXRlc3QuY2lzY28uY29tL2FzL3Rva2VuLm9hdXRoMiIsImdyYW50VHlwZXMiOlt7Im5hbWUiOiJwYXNzd29yZCIsImxhYmVsIjoiUmVzb3VyY2UgT3duZXIgR3JhbnQiLCJyZXF1aXJlZCI6ZmFsc2UsImV4Y2x1ZGUiOltdLCJkZXBlbmRzIjpbXX0seyJuYW1lIjoiaW1wbGljaXQiLCJsYWJlbCI6IkltcGxpY2l0IEdyYW50IiwicmVxdWlyZWQiOmZhbHNlLCJleGNsdWRlIjpbXSwiZGVwZW5kcyI6W119LHsibmFtZSI6ImNsaWVudF9jcmVkZW50aWFscyIsImxhYmVsIjoiQ2xpZW50IENyZWRlbnRpYWxzIEdyYW50IiwicmVxdWlyZWQiOmZhbHNlLCJleGNsdWRlIjpbXSwiZGVwZW5kcyI6W119LHsibmFtZSI6ImF1dGhvcml6YXRpb25fY29kZSIsImxhYmVsIjoiQXV0aG9yaXphdGlvbiBDb2RlIEdyYW50IiwicmVxdWlyZWQiOmZhbHNlLCJleGNsdWRlIjpbXSwiZGVwZW5kcyI6W119LHsibmFtZSI6InJlZnJlc2hfdG9rZW4iLCJsYWJlbCI6IlJlZnJlc2ggVG9rZW4iLCJyZXF1aXJlZCI6ZmFsc2UsImV4Y2x1ZGUiOltdLCJkZXBlbmRzIjpbImF1dGhvcml6YXRpb25fY29kZSIsInBhc3N3b3JkIl19XX19LCJpbnRlcmFjdGl2ZUxvZ2luIjp0cnVlLCJ0b2tlbiI6ImEyYzg0ODE1LThjYjgtNGE3Ni1iNmU0LTg4MGM3ZTc2MGNlYiIsImlhdCI6MTQ4NjU4Njc4OCwiYXVkIjoiaHR0cDovL2FwaS1wbGF0Zm9ybS1hcGkvcmVwb3NpdG9yeSIsImlzcyI6Imh0dHA6Ly9hcGktcGxhdGZvcm0tYXBpL3JlcG9zaXRvcnkifQ.YOsto-KJMgjQZxFXe6FFipYd8TIh4P1HIlJ5Tg6a9Ps
				Accept=*/*
				Content-Type=application/json; charset=UTF-8
Cookies:		&lt;none&gt;
Body:			&lt;none&gt;
Request method:	POST
Request path:	https://qax.anypoint.mulesoft.com/apiplatform/repository/v2/organizations/5000db95-c5d4-487f-925e-3f82f15a5499/apis/2053/versions/2161/contracts/30202/revoke
Proxy:			&lt;none&gt;
Request params:	&lt;none&gt;
Query params:	&lt;none&gt;
Form params:	&lt;none&gt;
Path params:	&lt;none&gt;
Multiparts:		&lt;none&gt;
Headers:		Authorization=Bearer eyJ0eXAiOiJKV1QiLCJhbGciOiJIUzI1NiJ9.eyJpZCI6IjUwMDAzN2NkLTJjZmQtNGRhNC1iZWQ3LTU3Mzg0ZGViMDYyYiIsImZpcnN0TmFtZSI6IkZlZGVyYXRlZCIsImxhc3ROYW1lIjoiRXh0ZXJuYWwiLCJlbWFpbCI6ImNocmlzdG9waGVyLm1vcmR1ZUBtdWxlc29mdC5jb20iLCJ1c2VybmFtZSI6ImZlZGVyYXRlZF9leHRlcm5hbCIsIm9yZ2FuaXphdGlvbiI6eyJpZCI6IjUwMDBkYjk1LWM1ZDQtNDg3Zi05MjVlLTNmODJmMTVhNTQ5OSIsIm5hbWUiOiJGZWRlcmF0ZWQgSW5jIEV4dGVybmFsIEF1dGhvcml6YXRpb24iLCJkb21haW4iOiJmZWRlcmF0ZWQtZXh0ZXJuYWwiLCJlbnRpdGxlbWVudHMiOnsiaHlicmlkIjp7ImVuYWJsZWQiOmZhbHNlfSwiY3JlYXRlU3ViT3JncyI6dHJ1ZSwidkNvcmVzUHJvZHVjdGlvbiI6eyJhc3NpZ25lZCI6MSwicmVhc3NpZ25lZCI6MH0sInZDb3Jlc1NhbmRib3giOnsiYXNzaWduZWQiOjEsInJlYXNzaWduZWQiOjB9LCJnbG9iYWxEZXBsb3ltZW50IjpmYWxzZSwid29ya2VyTG9nZ2luZ092ZXJyaWRlIjp7ImVuYWJsZWQiOmZhbHNlfSwiZ2F0ZXdheXMiOnsiYXNzaWduZWQiOjB9LCJjcmVhdGVFbnZpcm9ubWVudHMiOnRydWUsInBhcnRuZXJzUHJvZHVjdGlvbiI6eyJhc3NpZ25lZCI6MH0sInBhcnRuZXJzU2FuZGJveCI6eyJhc3NpZ25lZCI6MH0sImF1dG9zY2FsaW5nIjpmYWxzZSwic3RhdGljSXBzIjp7ImFzc2lnbmVkIjowLCJyZWFzc2lnbmVkIjowfSwiYXJtQWxlcnRzIjpmYWxzZSwiYXBpcyI6eyJlbmFibGVkIjp0cnVlfSwibXFNZXNzYWdlcyI6eyJiYXNlIjowLCJhZGRPbiI6MH0sIm1xUmVxdWVzdHMiOnsiYmFzZSI6MCwiYWRkT24iOjB9LCJleHRlcm5hbElkZW50aXR5Ijp0cnVlLCJtcUFkdmFuY2VkRmVhdHVyZXMiOnsiZW5hYmxlZCI6ZmFsc2V9LCJ2cGNzIjp7ImFzc2lnbmVkIjowLCJyZWFzc2lnbmVkIjowfSwiaHlicmlkSW5zaWdodCI6ZmFsc2UsImRlc2lnbkNlbnRlciI6eyJtb3phcnQiOmZhbHNlLCJhcGkiOmZhbHNlfSwib2JqZWN0U3RvcmVSZXF1ZXN0VW5pdHMiOnsiYmFzZSI6MTUwMDAwMDAsImFkZE9uIjowfSwib2JqZWN0U3RvcmVLZXlzIjp7ImJhc2UiOjEwMDAwMCwiYWRkT24iOjB9LCJjYW0iOnsiZW5hYmxlZCI6ZmFsc2V9LCJsb2FkQmFsYW5jZXIiOnsiYXNzaWduZWQiOjAsInJlYXNzaWduZWQiOjB9LCJtZXNzYWdpbmciOnsiYXNzaWduZWQiOjB9fSwiZXh0ZXJuYWxBdXRob3JpemF0aW9uIjp0cnVlLCJleHRlcm5hbEF1dGhvcml6YXRpb25Qcm92aWRlciI6eyJuYW1lIjoiUG9ydGFsIEFwcGxpY2F0aW9uIE1hbmFnZW1lbnQgU3lzdGVtIChQQU1TKSIsInVybCI6Imh0dHBzOi8vd3NneC10ZXN0LmNpc2NvLmNvbS9wYW1zL2x0L2NlcG1TZXJ2aWNlL3YxLjUvbWdyc3J2cyIsInZlcnNpb24iOiIxLjUifSwiaWRlbnRpdHlNYW5hZ2VtZW50Ijp7InR5cGUiOiJQaW5nRmVkZXJhdGUifSwib2F1dGgyU2V0dGluZ3MiOnsiYXV0aG9yaXphdGlvbkdyYW50cyI6WyJjb2RlIiwidG9rZW4iLCJvd25lciIsImNyZWRlbnRpYWxzIl0sImF1dGhvcml6YXRpb25VcmkiOiJodHRwczovL2Nsb3Vkc3NvLXRlc3QuY2lzY28uY29tL2FzL2F1dGhvcml6YXRpb24ub2F1dGgyIiwiYWNjZXNzVG9rZW5VcmkiOiJodHRwczovL2Nsb3Vkc3NvLXRlc3QuY2lzY28uY29tL2FzL3Rva2VuLm9hdXRoMiIsImdyYW50VHlwZXMiOlt7Im5hbWUiOiJwYXNzd29yZCIsImxhYmVsIjoiUmVzb3VyY2UgT3duZXIgR3JhbnQiLCJyZXF1aXJlZCI6ZmFsc2UsImV4Y2x1ZGUiOltdLCJkZXBlbmRzIjpbXX0seyJuYW1lIjoiaW1wbGljaXQiLCJsYWJlbCI6IkltcGxpY2l0IEdyYW50IiwicmVxdWlyZWQiOmZhbHNlLCJleGNsdWRlIjpbXSwiZGVwZW5kcyI6W119LHsibmFtZSI6ImNsaWVudF9jcmVkZW50aWFscyIsImxhYmVsIjoiQ2xpZW50IENyZWRlbnRpYWxzIEdyYW50IiwicmVxdWlyZWQiOmZhbHNlLCJleGNsdWRlIjpbXSwiZGVwZW5kcyI6W119LHsibmFtZSI6ImF1dGhvcml6YXRpb25fY29kZSIsImxhYmVsIjoiQXV0aG9yaXphdGlvbiBDb2RlIEdyYW50IiwicmVxdWlyZWQiOmZhbHNlLCJleGNsdWRlIjpbXSwiZGVwZW5kcyI6W119LHsibmFtZSI6InJlZnJlc2hfdG9rZW4iLCJsYWJlbCI6IlJlZnJlc2ggVG9rZW4iLCJyZXF1aXJlZCI6ZmFsc2UsImV4Y2x1ZGUiOltdLCJkZXBlbmRzIjpbImF1dGhvcml6YXRpb25fY29kZSIsInBhc3N3b3JkIl19XX19LCJpbnRlcmFjdGl2ZUxvZ2luIjp0cnVlLCJ0b2tlbiI6ImEyYzg0ODE1LThjYjgtNGE3Ni1iNmU0LTg4MGM3ZTc2MGNlYiIsImlhdCI6MTQ4NjU4Njc4OCwiYXVkIjoiaHR0cDovL2FwaS1wbGF0Zm9ybS1hcGkvcmVwb3NpdG9yeSIsImlzcyI6Imh0dHA6Ly9hcGktcGxhdGZvcm0tYXBpL3JlcG9zaXRvcnkifQ.YOsto-KJMgjQZxFXe6FFipYd8TIh4P1HIlJ5Tg6a9Ps
				Accept=*/*
				Content-Type=application/json; charset=UTF-8
Cookies:		&lt;none&gt;
Body:			&lt;none&gt;
Request method:	POST
Request path:	https://qax.anypoint.mulesoft.com/apiplatform/repository/v2/organizations/5000db95-c5d4-487f-925e-3f82f15a5499/apis/2053/versions/2161/contracts/30224/revoke
Proxy:			&lt;none&gt;
Request params:	&lt;none&gt;
Query params:	&lt;none&gt;
Form params:	&lt;none&gt;
Path params:	&lt;none&gt;
Multiparts:		&lt;none&gt;
Headers:		Authorization=Bearer eyJ0eXAiOiJKV1QiLCJhbGciOiJIUzI1NiJ9.eyJpZCI6IjUwMDAzN2NkLTJjZmQtNGRhNC1iZWQ3LTU3Mzg0ZGViMDYyYiIsImZpcnN0TmFtZSI6IkZlZGVyYXRlZCIsImxhc3ROYW1lIjoiRXh0ZXJuYWwiLCJlbWFpbCI6ImNocmlzdG9waGVyLm1vcmR1ZUBtdWxlc29mdC5jb20iLCJ1c2VybmFtZSI6ImZlZGVyYXRlZF9leHRlcm5hbCIsIm9yZ2FuaXphdGlvbiI6eyJpZCI6IjUwMDBkYjk1LWM1ZDQtNDg3Zi05MjVlLTNmODJmMTVhNTQ5OSIsIm5hbWUiOiJGZWRlcmF0ZWQgSW5jIEV4dGVybmFsIEF1dGhvcml6YXRpb24iLCJkb21haW4iOiJmZWRlcmF0ZWQtZXh0ZXJuYWwiLCJlbnRpdGxlbWVudHMiOnsiaHlicmlkIjp7ImVuYWJsZWQiOmZhbHNlfSwiY3JlYXRlU3ViT3JncyI6dHJ1ZSwidkNvcmVzUHJvZHVjdGlvbiI6eyJhc3NpZ25lZCI6MSwicmVhc3NpZ25lZCI6MH0sInZDb3Jlc1NhbmRib3giOnsiYXNzaWduZWQiOjEsInJlYXNzaWduZWQiOjB9LCJnbG9iYWxEZXBsb3ltZW50IjpmYWxzZSwid29ya2VyTG9nZ2luZ092ZXJyaWRlIjp7ImVuYWJsZWQiOmZhbHNlfSwiZ2F0ZXdheXMiOnsiYXNzaWduZWQiOjB9LCJjcmVhdGVFbnZpcm9ubWVudHMiOnRydWUsInBhcnRuZXJzUHJvZHVjdGlvbiI6eyJhc3NpZ25lZCI6MH0sInBhcnRuZXJzU2FuZGJveCI6eyJhc3NpZ25lZCI6MH0sImF1dG9zY2FsaW5nIjpmYWxzZSwic3RhdGljSXBzIjp7ImFzc2lnbmVkIjowLCJyZWFzc2lnbmVkIjowfSwiYXJtQWxlcnRzIjpmYWxzZSwiYXBpcyI6eyJlbmFibGVkIjp0cnVlfSwibXFNZXNzYWdlcyI6eyJiYXNlIjowLCJhZGRPbiI6MH0sIm1xUmVxdWVzdHMiOnsiYmFzZSI6MCwiYWRkT24iOjB9LCJleHRlcm5hbElkZW50aXR5Ijp0cnVlLCJtcUFkdmFuY2VkRmVhdHVyZXMiOnsiZW5hYmxlZCI6ZmFsc2V9LCJ2cGNzIjp7ImFzc2lnbmVkIjowLCJyZWFzc2lnbmVkIjowfSwiaHlicmlkSW5zaWdodCI6ZmFsc2UsImRlc2lnbkNlbnRlciI6eyJtb3phcnQiOmZhbHNlLCJhcGkiOmZhbHNlfSwib2JqZWN0U3RvcmVSZXF1ZXN0VW5pdHMiOnsiYmFzZSI6MTUwMDAwMDAsImFkZE9uIjowfSwib2JqZWN0U3RvcmVLZXlzIjp7ImJhc2UiOjEwMDAwMCwiYWRkT24iOjB9LCJjYW0iOnsiZW5hYmxlZCI6ZmFsc2V9LCJsb2FkQmFsYW5jZXIiOnsiYXNzaWduZWQiOjAsInJlYXNzaWduZWQiOjB9LCJtZXNzYWdpbmciOnsiYXNzaWduZWQiOjB9fSwiZXh0ZXJuYWxBdXRob3JpemF0aW9uIjp0cnVlLCJleHRlcm5hbEF1dGhvcml6YXRpb25Qcm92aWRlciI6eyJuYW1lIjoiUG9ydGFsIEFwcGxpY2F0aW9uIE1hbmFnZW1lbnQgU3lzdGVtIChQQU1TKSIsInVybCI6Imh0dHBzOi8vd3NneC10ZXN0LmNpc2NvLmNvbS9wYW1zL2x0L2NlcG1TZXJ2aWNlL3YxLjUvbWdyc3J2cyIsInZlcnNpb24iOiIxLjUifSwiaWRlbnRpdHlNYW5hZ2VtZW50Ijp7InR5cGUiOiJQaW5nRmVkZXJhdGUifSwib2F1dGgyU2V0dGluZ3MiOnsiYXV0aG9yaXphdGlvbkdyYW50cyI6WyJjb2RlIiwidG9rZW4iLCJvd25lciIsImNyZWRlbnRpYWxzIl0sImF1dGhvcml6YXRpb25VcmkiOiJodHRwczovL2Nsb3Vkc3NvLXRlc3QuY2lzY28uY29tL2FzL2F1dGhvcml6YXRpb24ub2F1dGgyIiwiYWNjZXNzVG9rZW5VcmkiOiJodHRwczovL2Nsb3Vkc3NvLXRlc3QuY2lzY28uY29tL2FzL3Rva2VuLm9hdXRoMiIsImdyYW50VHlwZXMiOlt7Im5hbWUiOiJwYXNzd29yZCIsImxhYmVsIjoiUmVzb3VyY2UgT3duZXIgR3JhbnQiLCJyZXF1aXJlZCI6ZmFsc2UsImV4Y2x1ZGUiOltdLCJkZXBlbmRzIjpbXX0seyJuYW1lIjoiaW1wbGljaXQiLCJsYWJlbCI6IkltcGxpY2l0IEdyYW50IiwicmVxdWlyZWQiOmZhbHNlLCJleGNsdWRlIjpbXSwiZGVwZW5kcyI6W119LHsibmFtZSI6ImNsaWVudF9jcmVkZW50aWFscyIsImxhYmVsIjoiQ2xpZW50IENyZWRlbnRpYWxzIEdyYW50IiwicmVxdWlyZWQiOmZhbHNlLCJleGNsdWRlIjpbXSwiZGVwZW5kcyI6W119LHsibmFtZSI6ImF1dGhvcml6YXRpb25fY29kZSIsImxhYmVsIjoiQXV0aG9yaXphdGlvbiBDb2RlIEdyYW50IiwicmVxdWlyZWQiOmZhbHNlLCJleGNsdWRlIjpbXSwiZGVwZW5kcyI6W119LHsibmFtZSI6InJlZnJlc2hfdG9rZW4iLCJsYWJlbCI6IlJlZnJlc2ggVG9rZW4iLCJyZXF1aXJlZCI6ZmFsc2UsImV4Y2x1ZGUiOltdLCJkZXBlbmRzIjpbImF1dGhvcml6YXRpb25fY29kZSIsInBhc3N3b3JkIl19XX19LCJpbnRlcmFjdGl2ZUxvZ2luIjp0cnVlLCJ0b2tlbiI6ImEyYzg0ODE1LThjYjgtNGE3Ni1iNmU0LTg4MGM3ZTc2MGNlYiIsImlhdCI6MTQ4NjU4Njc4OCwiYXVkIjoiaHR0cDovL2FwaS1wbGF0Zm9ybS1hcGkvcmVwb3NpdG9yeSIsImlzcyI6Imh0dHA6Ly9hcGktcGxhdGZvcm0tYXBpL3JlcG9zaXRvcnkifQ.YOsto-KJMgjQZxFXe6FFipYd8TIh4P1HIlJ5Tg6a9Ps
				Accept=*/*
				Content-Type=application/json; charset=UTF-8
Cookies:		&lt;none&gt;
Body:			&lt;none&gt;
Request method:	POST
Request path:	https://qax.anypoint.mulesoft.com/apiplatform/repository/v2/organizations/5000db95-c5d4-487f-925e-3f82f15a5499/apis/2053/versions/2161/contracts/30247/revoke
Proxy:			&lt;none&gt;
Request params:	&lt;none&gt;
Query params:	&lt;none&gt;
Form params:	&lt;none&gt;
Path params:	&lt;none&gt;
Multiparts:		&lt;none&gt;
Headers:		Authorization=Bearer eyJ0eXAiOiJKV1QiLCJhbGciOiJIUzI1NiJ9.eyJpZCI6IjUwMDAzN2NkLTJjZmQtNGRhNC1iZWQ3LTU3Mzg0ZGViMDYyYiIsImZpcnN0TmFtZSI6IkZlZGVyYXRlZCIsImxhc3ROYW1lIjoiRXh0ZXJuYWwiLCJlbWFpbCI6ImNocmlzdG9waGVyLm1vcmR1ZUBtdWxlc29mdC5jb20iLCJ1c2VybmFtZSI6ImZlZGVyYXRlZF9leHRlcm5hbCIsIm9yZ2FuaXphdGlvbiI6eyJpZCI6IjUwMDBkYjk1LWM1ZDQtNDg3Zi05MjVlLTNmODJmMTVhNTQ5OSIsIm5hbWUiOiJGZWRlcmF0ZWQgSW5jIEV4dGVybmFsIEF1dGhvcml6YXRpb24iLCJkb21haW4iOiJmZWRlcmF0ZWQtZXh0ZXJuYWwiLCJlbnRpdGxlbWVudHMiOnsiaHlicmlkIjp7ImVuYWJsZWQiOmZhbHNlfSwiY3JlYXRlU3ViT3JncyI6dHJ1ZSwidkNvcmVzUHJvZHVjdGlvbiI6eyJhc3NpZ25lZCI6MSwicmVhc3NpZ25lZCI6MH0sInZDb3Jlc1NhbmRib3giOnsiYXNzaWduZWQiOjEsInJlYXNzaWduZWQiOjB9LCJnbG9iYWxEZXBsb3ltZW50IjpmYWxzZSwid29ya2VyTG9nZ2luZ092ZXJyaWRlIjp7ImVuYWJsZWQiOmZhbHNlfSwiZ2F0ZXdheXMiOnsiYXNzaWduZWQiOjB9LCJjcmVhdGVFbnZpcm9ubWVudHMiOnRydWUsInBhcnRuZXJzUHJvZHVjdGlvbiI6eyJhc3NpZ25lZCI6MH0sInBhcnRuZXJzU2FuZGJveCI6eyJhc3NpZ25lZCI6MH0sImF1dG9zY2FsaW5nIjpmYWxzZSwic3RhdGljSXBzIjp7ImFzc2lnbmVkIjowLCJyZWFzc2lnbmVkIjowfSwiYXJtQWxlcnRzIjpmYWxzZSwiYXBpcyI6eyJlbmFibGVkIjp0cnVlfSwibXFNZXNzYWdlcyI6eyJiYXNlIjowLCJhZGRPbiI6MH0sIm1xUmVxdWVzdHMiOnsiYmFzZSI6MCwiYWRkT24iOjB9LCJleHRlcm5hbElkZW50aXR5Ijp0cnVlLCJtcUFkdmFuY2VkRmVhdHVyZXMiOnsiZW5hYmxlZCI6ZmFsc2V9LCJ2cGNzIjp7ImFzc2lnbmVkIjowLCJyZWFzc2lnbmVkIjowfSwiaHlicmlkSW5zaWdodCI6ZmFsc2UsImRlc2lnbkNlbnRlciI6eyJtb3phcnQiOmZhbHNlLCJhcGkiOmZhbHNlfSwib2JqZWN0U3RvcmVSZXF1ZXN0VW5pdHMiOnsiYmFzZSI6MTUwMDAwMDAsImFkZE9uIjowfSwib2JqZWN0U3RvcmVLZXlzIjp7ImJhc2UiOjEwMDAwMCwiYWRkT24iOjB9LCJjYW0iOnsiZW5hYmxlZCI6ZmFsc2V9LCJsb2FkQmFsYW5jZXIiOnsiYXNzaWduZWQiOjAsInJlYXNzaWduZWQiOjB9LCJtZXNzYWdpbmciOnsiYXNzaWduZWQiOjB9fSwiZXh0ZXJuYWxBdXRob3JpemF0aW9uIjp0cnVlLCJleHRlcm5hbEF1dGhvcml6YXRpb25Qcm92aWRlciI6eyJuYW1lIjoiUG9ydGFsIEFwcGxpY2F0aW9uIE1hbmFnZW1lbnQgU3lzdGVtIChQQU1TKSIsInVybCI6Imh0dHBzOi8vd3NneC10ZXN0LmNpc2NvLmNvbS9wYW1zL2x0L2NlcG1TZXJ2aWNlL3YxLjUvbWdyc3J2cyIsInZlcnNpb24iOiIxLjUifSwiaWRlbnRpdHlNYW5hZ2VtZW50Ijp7InR5cGUiOiJQaW5nRmVkZXJhdGUifSwib2F1dGgyU2V0dGluZ3MiOnsiYXV0aG9yaXphdGlvbkdyYW50cyI6WyJjb2RlIiwidG9rZW4iLCJvd25lciIsImNyZWRlbnRpYWxzIl0sImF1dGhvcml6YXRpb25VcmkiOiJodHRwczovL2Nsb3Vkc3NvLXRlc3QuY2lzY28uY29tL2FzL2F1dGhvcml6YXRpb24ub2F1dGgyIiwiYWNjZXNzVG9rZW5VcmkiOiJodHRwczovL2Nsb3Vkc3NvLXRlc3QuY2lzY28uY29tL2FzL3Rva2VuLm9hdXRoMiIsImdyYW50VHlwZXMiOlt7Im5hbWUiOiJwYXNzd29yZCIsImxhYmVsIjoiUmVzb3VyY2UgT3duZXIgR3JhbnQiLCJyZXF1aXJlZCI6ZmFsc2UsImV4Y2x1ZGUiOltdLCJkZXBlbmRzIjpbXX0seyJuYW1lIjoiaW1wbGljaXQiLCJsYWJlbCI6IkltcGxpY2l0IEdyYW50IiwicmVxdWlyZWQiOmZhbHNlLCJleGNsdWRlIjpbXSwiZGVwZW5kcyI6W119LHsibmFtZSI6ImNsaWVudF9jcmVkZW50aWFscyIsImxhYmVsIjoiQ2xpZW50IENyZWRlbnRpYWxzIEdyYW50IiwicmVxdWlyZWQiOmZhbHNlLCJleGNsdWRlIjpbXSwiZGVwZW5kcyI6W119LHsibmFtZSI6ImF1dGhvcml6YXRpb25fY29kZSIsImxhYmVsIjoiQXV0aG9yaXphdGlvbiBDb2RlIEdyYW50IiwicmVxdWlyZWQiOmZhbHNlLCJleGNsdWRlIjpbXSwiZGVwZW5kcyI6W119LHsibmFtZSI6InJlZnJlc2hfdG9rZW4iLCJsYWJlbCI6IlJlZnJlc2ggVG9rZW4iLCJyZXF1aXJlZCI6ZmFsc2UsImV4Y2x1ZGUiOltdLCJkZXBlbmRzIjpbImF1dGhvcml6YXRpb25fY29kZSIsInBhc3N3b3JkIl19XX19LCJpbnRlcmFjdGl2ZUxvZ2luIjp0cnVlLCJ0b2tlbiI6ImEyYzg0ODE1LThjYjgtNGE3Ni1iNmU0LTg4MGM3ZTc2MGNlYiIsImlhdCI6MTQ4NjU4Njc4OCwiYXVkIjoiaHR0cDovL2FwaS1wbGF0Zm9ybS1hcGkvcmVwb3NpdG9yeSIsImlzcyI6Imh0dHA6Ly9hcGktcGxhdGZvcm0tYXBpL3JlcG9zaXRvcnkifQ.YOsto-KJMgjQZxFXe6FFipYd8TIh4P1HIlJ5Tg6a9Ps
				Accept=*/*
				Content-Type=application/json; charset=UTF-8
Cookies:		&lt;none&gt;
Body:			&lt;none&gt;
Request method:	POST
Request path:	https://qax.anypoint.mulesoft.com/apiplatform/repository/v2/organizations/5000db95-c5d4-487f-925e-3f82f15a5499/apis/2053/versions/2161/contracts/30240/revoke
Proxy:			&lt;none&gt;
Request params:	&lt;none&gt;
Query params:	&lt;none&gt;
Form params:	&lt;none&gt;
Path params:	&lt;none&gt;
Multiparts:		&lt;none&gt;
Headers:		Authorization=Bearer eyJ0eXAiOiJKV1QiLCJhbGciOiJIUzI1NiJ9.eyJpZCI6IjUwMDAzN2NkLTJjZmQtNGRhNC1iZWQ3LTU3Mzg0ZGViMDYyYiIsImZpcnN0TmFtZSI6IkZlZGVyYXRlZCIsImxhc3ROYW1lIjoiRXh0ZXJuYWwiLCJlbWFpbCI6ImNocmlzdG9waGVyLm1vcmR1ZUBtdWxlc29mdC5jb20iLCJ1c2VybmFtZSI6ImZlZGVyYXRlZF9leHRlcm5hbCIsIm9yZ2FuaXphdGlvbiI6eyJpZCI6IjUwMDBkYjk1LWM1ZDQtNDg3Zi05MjVlLTNmODJmMTVhNTQ5OSIsIm5hbWUiOiJGZWRlcmF0ZWQgSW5jIEV4dGVybmFsIEF1dGhvcml6YXRpb24iLCJkb21haW4iOiJmZWRlcmF0ZWQtZXh0ZXJuYWwiLCJlbnRpdGxlbWVudHMiOnsiaHlicmlkIjp7ImVuYWJsZWQiOmZhbHNlfSwiY3JlYXRlU3ViT3JncyI6dHJ1ZSwidkNvcmVzUHJvZHVjdGlvbiI6eyJhc3NpZ25lZCI6MSwicmVhc3NpZ25lZCI6MH0sInZDb3Jlc1NhbmRib3giOnsiYXNzaWduZWQiOjEsInJlYXNzaWduZWQiOjB9LCJnbG9iYWxEZXBsb3ltZW50IjpmYWxzZSwid29ya2VyTG9nZ2luZ092ZXJyaWRlIjp7ImVuYWJsZWQiOmZhbHNlfSwiZ2F0ZXdheXMiOnsiYXNzaWduZWQiOjB9LCJjcmVhdGVFbnZpcm9ubWVudHMiOnRydWUsInBhcnRuZXJzUHJvZHVjdGlvbiI6eyJhc3NpZ25lZCI6MH0sInBhcnRuZXJzU2FuZGJveCI6eyJhc3NpZ25lZCI6MH0sImF1dG9zY2FsaW5nIjpmYWxzZSwic3RhdGljSXBzIjp7ImFzc2lnbmVkIjowLCJyZWFzc2lnbmVkIjowfSwiYXJtQWxlcnRzIjpmYWxzZSwiYXBpcyI6eyJlbmFibGVkIjp0cnVlfSwibXFNZXNzYWdlcyI6eyJiYXNlIjowLCJhZGRPbiI6MH0sIm1xUmVxdWVzdHMiOnsiYmFzZSI6MCwiYWRkT24iOjB9LCJleHRlcm5hbElkZW50aXR5Ijp0cnVlLCJtcUFkdmFuY2VkRmVhdHVyZXMiOnsiZW5hYmxlZCI6ZmFsc2V9LCJ2cGNzIjp7ImFzc2lnbmVkIjowLCJyZWFzc2lnbmVkIjowfSwiaHlicmlkSW5zaWdodCI6ZmFsc2UsImRlc2lnbkNlbnRlciI6eyJtb3phcnQiOmZhbHNlLCJhcGkiOmZhbHNlfSwib2JqZWN0U3RvcmVSZXF1ZXN0VW5pdHMiOnsiYmFzZSI6MTUwMDAwMDAsImFkZE9uIjowfSwib2JqZWN0U3RvcmVLZXlzIjp7ImJhc2UiOjEwMDAwMCwiYWRkT24iOjB9LCJjYW0iOnsiZW5hYmxlZCI6ZmFsc2V9LCJsb2FkQmFsYW5jZXIiOnsiYXNzaWduZWQiOjAsInJlYXNzaWduZWQiOjB9LCJtZXNzYWdpbmciOnsiYXNzaWduZWQiOjB9fSwiZXh0ZXJuYWxBdXRob3JpemF0aW9uIjp0cnVlLCJleHRlcm5hbEF1dGhvcml6YXRpb25Qcm92aWRlciI6eyJuYW1lIjoiUG9ydGFsIEFwcGxpY2F0aW9uIE1hbmFnZW1lbnQgU3lzdGVtIChQQU1TKSIsInVybCI6Imh0dHBzOi8vd3NneC10ZXN0LmNpc2NvLmNvbS9wYW1zL2x0L2NlcG1TZXJ2aWNlL3YxLjUvbWdyc3J2cyIsInZlcnNpb24iOiIxLjUifSwiaWRlbnRpdHlNYW5hZ2VtZW50Ijp7InR5cGUiOiJQaW5nRmVkZXJhdGUifSwib2F1dGgyU2V0dGluZ3MiOnsiYXV0aG9yaXphdGlvbkdyYW50cyI6WyJjb2RlIiwidG9rZW4iLCJvd25lciIsImNyZWRlbnRpYWxzIl0sImF1dGhvcml6YXRpb25VcmkiOiJodHRwczovL2Nsb3Vkc3NvLXRlc3QuY2lzY28uY29tL2FzL2F1dGhvcml6YXRpb24ub2F1dGgyIiwiYWNjZXNzVG9rZW5VcmkiOiJodHRwczovL2Nsb3Vkc3NvLXRlc3QuY2lzY28uY29tL2FzL3Rva2VuLm9hdXRoMiIsImdyYW50VHlwZXMiOlt7Im5hbWUiOiJwYXNzd29yZCIsImxhYmVsIjoiUmVzb3VyY2UgT3duZXIgR3JhbnQiLCJyZXF1aXJlZCI6ZmFsc2UsImV4Y2x1ZGUiOltdLCJkZXBlbmRzIjpbXX0seyJuYW1lIjoiaW1wbGljaXQiLCJsYWJlbCI6IkltcGxpY2l0IEdyYW50IiwicmVxdWlyZWQiOmZhbHNlLCJleGNsdWRlIjpbXSwiZGVwZW5kcyI6W119LHsibmFtZSI6ImNsaWVudF9jcmVkZW50aWFscyIsImxhYmVsIjoiQ2xpZW50IENyZWRlbnRpYWxzIEdyYW50IiwicmVxdWlyZWQiOmZhbHNlLCJleGNsdWRlIjpbXSwiZGVwZW5kcyI6W119LHsibmFtZSI6ImF1dGhvcml6YXRpb25fY29kZSIsImxhYmVsIjoiQXV0aG9yaXphdGlvbiBDb2RlIEdyYW50IiwicmVxdWlyZWQiOmZhbHNlLCJleGNsdWRlIjpbXSwiZGVwZW5kcyI6W119LHsibmFtZSI6InJlZnJlc2hfdG9rZW4iLCJsYWJlbCI6IlJlZnJlc2ggVG9rZW4iLCJyZXF1aXJlZCI6ZmFsc2UsImV4Y2x1ZGUiOltdLCJkZXBlbmRzIjpbImF1dGhvcml6YXRpb25fY29kZSIsInBhc3N3b3JkIl19XX19LCJpbnRlcmFjdGl2ZUxvZ2luIjp0cnVlLCJ0b2tlbiI6ImEyYzg0ODE1LThjYjgtNGE3Ni1iNmU0LTg4MGM3ZTc2MGNlYiIsImlhdCI6MTQ4NjU4Njc4OCwiYXVkIjoiaHR0cDovL2FwaS1wbGF0Zm9ybS1hcGkvcmVwb3NpdG9yeSIsImlzcyI6Imh0dHA6Ly9hcGktcGxhdGZvcm0tYXBpL3JlcG9zaXRvcnkifQ.YOsto-KJMgjQZxFXe6FFipYd8TIh4P1HIlJ5Tg6a9Ps
				Accept=*/*
				Content-Type=application/json; charset=UTF-8
Cookies:		&lt;none&gt;
Body:			&lt;none&gt;
Request method:	POST
Request path:	https://qax.anypoint.mulesoft.com/apiplatform/repository/v2/organizations/5000db95-c5d4-487f-925e-3f82f15a5499/apis/2053/versions/2161/contracts/30217/revoke
Proxy:			&lt;none&gt;
Request params:	&lt;none&gt;
Query params:	&lt;none&gt;
Form params:	&lt;none&gt;
Path params:	&lt;none&gt;
Multiparts:		&lt;none&gt;
Headers:		Authorization=Bearer eyJ0eXAiOiJKV1QiLCJhbGciOiJIUzI1NiJ9.eyJpZCI6IjUwMDAzN2NkLTJjZmQtNGRhNC1iZWQ3LTU3Mzg0ZGViMDYyYiIsImZpcnN0TmFtZSI6IkZlZGVyYXRlZCIsImxhc3ROYW1lIjoiRXh0ZXJuYWwiLCJlbWFpbCI6ImNocmlzdG9waGVyLm1vcmR1ZUBtdWxlc29mdC5jb20iLCJ1c2VybmFtZSI6ImZlZGVyYXRlZF9leHRlcm5hbCIsIm9yZ2FuaXphdGlvbiI6eyJpZCI6IjUwMDBkYjk1LWM1ZDQtNDg3Zi05MjVlLTNmODJmMTVhNTQ5OSIsIm5hbWUiOiJGZWRlcmF0ZWQgSW5jIEV4dGVybmFsIEF1dGhvcml6YXRpb24iLCJkb21haW4iOiJmZWRlcmF0ZWQtZXh0ZXJuYWwiLCJlbnRpdGxlbWVudHMiOnsiaHlicmlkIjp7ImVuYWJsZWQiOmZhbHNlfSwiY3JlYXRlU3ViT3JncyI6dHJ1ZSwidkNvcmVzUHJvZHVjdGlvbiI6eyJhc3NpZ25lZCI6MSwicmVhc3NpZ25lZCI6MH0sInZDb3Jlc1NhbmRib3giOnsiYXNzaWduZWQiOjEsInJlYXNzaWduZWQiOjB9LCJnbG9iYWxEZXBsb3ltZW50IjpmYWxzZSwid29ya2VyTG9nZ2luZ092ZXJyaWRlIjp7ImVuYWJsZWQiOmZhbHNlfSwiZ2F0ZXdheXMiOnsiYXNzaWduZWQiOjB9LCJjcmVhdGVFbnZpcm9ubWVudHMiOnRydWUsInBhcnRuZXJzUHJvZHVjdGlvbiI6eyJhc3NpZ25lZCI6MH0sInBhcnRuZXJzU2FuZGJveCI6eyJhc3NpZ25lZCI6MH0sImF1dG9zY2FsaW5nIjpmYWxzZSwic3RhdGljSXBzIjp7ImFzc2lnbmVkIjowLCJyZWFzc2lnbmVkIjowfSwiYXJtQWxlcnRzIjpmYWxzZSwiYXBpcyI6eyJlbmFibGVkIjp0cnVlfSwibXFNZXNzYWdlcyI6eyJiYXNlIjowLCJhZGRPbiI6MH0sIm1xUmVxdWVzdHMiOnsiYmFzZSI6MCwiYWRkT24iOjB9LCJleHRlcm5hbElkZW50aXR5Ijp0cnVlLCJtcUFkdmFuY2VkRmVhdHVyZXMiOnsiZW5hYmxlZCI6ZmFsc2V9LCJ2cGNzIjp7ImFzc2lnbmVkIjowLCJyZWFzc2lnbmVkIjowfSwiaHlicmlkSW5zaWdodCI6ZmFsc2UsImRlc2lnbkNlbnRlciI6eyJtb3phcnQiOmZhbHNlLCJhcGkiOmZhbHNlfSwib2JqZWN0U3RvcmVSZXF1ZXN0VW5pdHMiOnsiYmFzZSI6MTUwMDAwMDAsImFkZE9uIjowfSwib2JqZWN0U3RvcmVLZXlzIjp7ImJhc2UiOjEwMDAwMCwiYWRkT24iOjB9LCJjYW0iOnsiZW5hYmxlZCI6ZmFsc2V9LCJsb2FkQmFsYW5jZXIiOnsiYXNzaWduZWQiOjAsInJlYXNzaWduZWQiOjB9LCJtZXNzYWdpbmciOnsiYXNzaWduZWQiOjB9fSwiZXh0ZXJuYWxBdXRob3JpemF0aW9uIjp0cnVlLCJleHRlcm5hbEF1dGhvcml6YXRpb25Qcm92aWRlciI6eyJuYW1lIjoiUG9ydGFsIEFwcGxpY2F0aW9uIE1hbmFnZW1lbnQgU3lzdGVtIChQQU1TKSIsInVybCI6Imh0dHBzOi8vd3NneC10ZXN0LmNpc2NvLmNvbS9wYW1zL2x0L2NlcG1TZXJ2aWNlL3YxLjUvbWdyc3J2cyIsInZlcnNpb24iOiIxLjUifSwiaWRlbnRpdHlNYW5hZ2VtZW50Ijp7InR5cGUiOiJQaW5nRmVkZXJhdGUifSwib2F1dGgyU2V0dGluZ3MiOnsiYXV0aG9yaXphdGlvbkdyYW50cyI6WyJjb2RlIiwidG9rZW4iLCJvd25lciIsImNyZWRlbnRpYWxzIl0sImF1dGhvcml6YXRpb25VcmkiOiJodHRwczovL2Nsb3Vkc3NvLXRlc3QuY2lzY28uY29tL2FzL2F1dGhvcml6YXRpb24ub2F1dGgyIiwiYWNjZXNzVG9rZW5VcmkiOiJodHRwczovL2Nsb3Vkc3NvLXRlc3QuY2lzY28uY29tL2FzL3Rva2VuLm9hdXRoMiIsImdyYW50VHlwZXMiOlt7Im5hbWUiOiJwYXNzd29yZCIsImxhYmVsIjoiUmVzb3VyY2UgT3duZXIgR3JhbnQiLCJyZXF1aXJlZCI6ZmFsc2UsImV4Y2x1ZGUiOltdLCJkZXBlbmRzIjpbXX0seyJuYW1lIjoiaW1wbGljaXQiLCJsYWJlbCI6IkltcGxpY2l0IEdyYW50IiwicmVxdWlyZWQiOmZhbHNlLCJleGNsdWRlIjpbXSwiZGVwZW5kcyI6W119LHsibmFtZSI6ImNsaWVudF9jcmVkZW50aWFscyIsImxhYmVsIjoiQ2xpZW50IENyZWRlbnRpYWxzIEdyYW50IiwicmVxdWlyZWQiOmZhbHNlLCJleGNsdWRlIjpbXSwiZGVwZW5kcyI6W119LHsibmFtZSI6ImF1dGhvcml6YXRpb25fY29kZSIsImxhYmVsIjoiQXV0aG9yaXphdGlvbiBDb2RlIEdyYW50IiwicmVxdWlyZWQiOmZhbHNlLCJleGNsdWRlIjpbXSwiZGVwZW5kcyI6W119LHsibmFtZSI6InJlZnJlc2hfdG9rZW4iLCJsYWJlbCI6IlJlZnJlc2ggVG9rZW4iLCJyZXF1aXJlZCI6ZmFsc2UsImV4Y2x1ZGUiOltdLCJkZXBlbmRzIjpbImF1dGhvcml6YXRpb25fY29kZSIsInBhc3N3b3JkIl19XX19LCJpbnRlcmFjdGl2ZUxvZ2luIjp0cnVlLCJ0b2tlbiI6ImEyYzg0ODE1LThjYjgtNGE3Ni1iNmU0LTg4MGM3ZTc2MGNlYiIsImlhdCI6MTQ4NjU4Njc4OCwiYXVkIjoiaHR0cDovL2FwaS1wbGF0Zm9ybS1hcGkvcmVwb3NpdG9yeSIsImlzcyI6Imh0dHA6Ly9hcGktcGxhdGZvcm0tYXBpL3JlcG9zaXRvcnkifQ.YOsto-KJMgjQZxFXe6FFipYd8TIh4P1HIlJ5Tg6a9Ps
				Accept=*/*
				Content-Type=application/json; charset=UTF-8
Cookies:		&lt;none&gt;
Body:			&lt;none&gt;
Request method:	POST
Request path:	https://qax.anypoint.mulesoft.com/apiplatform/repository/v2/organizations/5000db95-c5d4-487f-925e-3f82f15a5499/apis/2053/versions/2161/contracts/30260/revoke
Proxy:			&lt;none&gt;
Request params:	&lt;none&gt;
Query params:	&lt;none&gt;
Form params:	&lt;none&gt;
Path params:	&lt;none&gt;
Multiparts:		&lt;none&gt;
Headers:		Authorization=Bearer eyJ0eXAiOiJKV1QiLCJhbGciOiJIUzI1NiJ9.eyJpZCI6IjUwMDAzN2NkLTJjZmQtNGRhNC1iZWQ3LTU3Mzg0ZGViMDYyYiIsImZpcnN0TmFtZSI6IkZlZGVyYXRlZCIsImxhc3ROYW1lIjoiRXh0ZXJuYWwiLCJlbWFpbCI6ImNocmlzdG9waGVyLm1vcmR1ZUBtdWxlc29mdC5jb20iLCJ1c2VybmFtZSI6ImZlZGVyYXRlZF9leHRlcm5hbCIsIm9yZ2FuaXphdGlvbiI6eyJpZCI6IjUwMDBkYjk1LWM1ZDQtNDg3Zi05MjVlLTNmODJmMTVhNTQ5OSIsIm5hbWUiOiJGZWRlcmF0ZWQgSW5jIEV4dGVybmFsIEF1dGhvcml6YXRpb24iLCJkb21haW4iOiJmZWRlcmF0ZWQtZXh0ZXJuYWwiLCJlbnRpdGxlbWVudHMiOnsiaHlicmlkIjp7ImVuYWJsZWQiOmZhbHNlfSwiY3JlYXRlU3ViT3JncyI6dHJ1ZSwidkNvcmVzUHJvZHVjdGlvbiI6eyJhc3NpZ25lZCI6MSwicmVhc3NpZ25lZCI6MH0sInZDb3Jlc1NhbmRib3giOnsiYXNzaWduZWQiOjEsInJlYXNzaWduZWQiOjB9LCJnbG9iYWxEZXBsb3ltZW50IjpmYWxzZSwid29ya2VyTG9nZ2luZ092ZXJyaWRlIjp7ImVuYWJsZWQiOmZhbHNlfSwiZ2F0ZXdheXMiOnsiYXNzaWduZWQiOjB9LCJjcmVhdGVFbnZpcm9ubWVudHMiOnRydWUsInBhcnRuZXJzUHJvZHVjdGlvbiI6eyJhc3NpZ25lZCI6MH0sInBhcnRuZXJzU2FuZGJveCI6eyJhc3NpZ25lZCI6MH0sImF1dG9zY2FsaW5nIjpmYWxzZSwic3RhdGljSXBzIjp7ImFzc2lnbmVkIjowLCJyZWFzc2lnbmVkIjowfSwiYXJtQWxlcnRzIjpmYWxzZSwiYXBpcyI6eyJlbmFibGVkIjp0cnVlfSwibXFNZXNzYWdlcyI6eyJiYXNlIjowLCJhZGRPbiI6MH0sIm1xUmVxdWVzdHMiOnsiYmFzZSI6MCwiYWRkT24iOjB9LCJleHRlcm5hbElkZW50aXR5Ijp0cnVlLCJtcUFkdmFuY2VkRmVhdHVyZXMiOnsiZW5hYmxlZCI6ZmFsc2V9LCJ2cGNzIjp7ImFzc2lnbmVkIjowLCJyZWFzc2lnbmVkIjowfSwiaHlicmlkSW5zaWdodCI6ZmFsc2UsImRlc2lnbkNlbnRlciI6eyJtb3phcnQiOmZhbHNlLCJhcGkiOmZhbHNlfSwib2JqZWN0U3RvcmVSZXF1ZXN0VW5pdHMiOnsiYmFzZSI6MTUwMDAwMDAsImFkZE9uIjowfSwib2JqZWN0U3RvcmVLZXlzIjp7ImJhc2UiOjEwMDAwMCwiYWRkT24iOjB9LCJjYW0iOnsiZW5hYmxlZCI6ZmFsc2V9LCJsb2FkQmFsYW5jZXIiOnsiYXNzaWduZWQiOjAsInJlYXNzaWduZWQiOjB9LCJtZXNzYWdpbmciOnsiYXNzaWduZWQiOjB9fSwiZXh0ZXJuYWxBdXRob3JpemF0aW9uIjp0cnVlLCJleHRlcm5hbEF1dGhvcml6YXRpb25Qcm92aWRlciI6eyJuYW1lIjoiUG9ydGFsIEFwcGxpY2F0aW9uIE1hbmFnZW1lbnQgU3lzdGVtIChQQU1TKSIsInVybCI6Imh0dHBzOi8vd3NneC10ZXN0LmNpc2NvLmNvbS9wYW1zL2x0L2NlcG1TZXJ2aWNlL3YxLjUvbWdyc3J2cyIsInZlcnNpb24iOiIxLjUifSwiaWRlbnRpdHlNYW5hZ2VtZW50Ijp7InR5cGUiOiJQaW5nRmVkZXJhdGUifSwib2F1dGgyU2V0dGluZ3MiOnsiYXV0aG9yaXphdGlvbkdyYW50cyI6WyJjb2RlIiwidG9rZW4iLCJvd25lciIsImNyZWRlbnRpYWxzIl0sImF1dGhvcml6YXRpb25VcmkiOiJodHRwczovL2Nsb3Vkc3NvLXRlc3QuY2lzY28uY29tL2FzL2F1dGhvcml6YXRpb24ub2F1dGgyIiwiYWNjZXNzVG9rZW5VcmkiOiJodHRwczovL2Nsb3Vkc3NvLXRlc3QuY2lzY28uY29tL2FzL3Rva2VuLm9hdXRoMiIsImdyYW50VHlwZXMiOlt7Im5hbWUiOiJwYXNzd29yZCIsImxhYmVsIjoiUmVzb3VyY2UgT3duZXIgR3JhbnQiLCJyZXF1aXJlZCI6ZmFsc2UsImV4Y2x1ZGUiOltdLCJkZXBlbmRzIjpbXX0seyJuYW1lIjoiaW1wbGljaXQiLCJsYWJlbCI6IkltcGxpY2l0IEdyYW50IiwicmVxdWlyZWQiOmZhbHNlLCJleGNsdWRlIjpbXSwiZGVwZW5kcyI6W119LHsibmFtZSI6ImNsaWVudF9jcmVkZW50aWFscyIsImxhYmVsIjoiQ2xpZW50IENyZWRlbnRpYWxzIEdyYW50IiwicmVxdWlyZWQiOmZhbHNlLCJleGNsdWRlIjpbXSwiZGVwZW5kcyI6W119LHsibmFtZSI6ImF1dGhvcml6YXRpb25fY29kZSIsImxhYmVsIjoiQXV0aG9yaXphdGlvbiBDb2RlIEdyYW50IiwicmVxdWlyZWQiOmZhbHNlLCJleGNsdWRlIjpbXSwiZGVwZW5kcyI6W119LHsibmFtZSI6InJlZnJlc2hfdG9rZW4iLCJsYWJlbCI6IlJlZnJlc2ggVG9rZW4iLCJyZXF1aXJlZCI6ZmFsc2UsImV4Y2x1ZGUiOltdLCJkZXBlbmRzIjpbImF1dGhvcml6YXRpb25fY29kZSIsInBhc3N3b3JkIl19XX19LCJpbnRlcmFjdGl2ZUxvZ2luIjp0cnVlLCJ0b2tlbiI6ImEyYzg0ODE1LThjYjgtNGE3Ni1iNmU0LTg4MGM3ZTc2MGNlYiIsImlhdCI6MTQ4NjU4Njc4OCwiYXVkIjoiaHR0cDovL2FwaS1wbGF0Zm9ybS1hcGkvcmVwb3NpdG9yeSIsImlzcyI6Imh0dHA6Ly9hcGktcGxhdGZvcm0tYXBpL3JlcG9zaXRvcnkifQ.YOsto-KJMgjQZxFXe6FFipYd8TIh4P1HIlJ5Tg6a9Ps
				Accept=*/*
				Content-Type=application/json; charset=UTF-8
Cookies:		&lt;none&gt;
Body:			&lt;none&gt;
Request method:	POST
Request path:	https://qax.anypoint.mulesoft.com/apiplatform/repository/v2/organizations/5000db95-c5d4-487f-925e-3f82f15a5499/apis/2053/versions/2161/contracts/30265/revoke
Proxy:			&lt;none&gt;
Request params:	&lt;none&gt;
Query params:	&lt;none&gt;
Form params:	&lt;none&gt;
Path params:	&lt;none&gt;
Multiparts:		&lt;none&gt;
Headers:		Authorization=Bearer eyJ0eXAiOiJKV1QiLCJhbGciOiJIUzI1NiJ9.eyJpZCI6IjUwMDAzN2NkLTJjZmQtNGRhNC1iZWQ3LTU3Mzg0ZGViMDYyYiIsImZpcnN0TmFtZSI6IkZlZGVyYXRlZCIsImxhc3ROYW1lIjoiRXh0ZXJuYWwiLCJlbWFpbCI6ImNocmlzdG9waGVyLm1vcmR1ZUBtdWxlc29mdC5jb20iLCJ1c2VybmFtZSI6ImZlZGVyYXRlZF9leHRlcm5hbCIsIm9yZ2FuaXphdGlvbiI6eyJpZCI6IjUwMDBkYjk1LWM1ZDQtNDg3Zi05MjVlLTNmODJmMTVhNTQ5OSIsIm5hbWUiOiJGZWRlcmF0ZWQgSW5jIEV4dGVybmFsIEF1dGhvcml6YXRpb24iLCJkb21haW4iOiJmZWRlcmF0ZWQtZXh0ZXJuYWwiLCJlbnRpdGxlbWVudHMiOnsiaHlicmlkIjp7ImVuYWJsZWQiOmZhbHNlfSwiY3JlYXRlU3ViT3JncyI6dHJ1ZSwidkNvcmVzUHJvZHVjdGlvbiI6eyJhc3NpZ25lZCI6MSwicmVhc3NpZ25lZCI6MH0sInZDb3Jlc1NhbmRib3giOnsiYXNzaWduZWQiOjEsInJlYXNzaWduZWQiOjB9LCJnbG9iYWxEZXBsb3ltZW50IjpmYWxzZSwid29ya2VyTG9nZ2luZ092ZXJyaWRlIjp7ImVuYWJsZWQiOmZhbHNlfSwiZ2F0ZXdheXMiOnsiYXNzaWduZWQiOjB9LCJjcmVhdGVFbnZpcm9ubWVudHMiOnRydWUsInBhcnRuZXJzUHJvZHVjdGlvbiI6eyJhc3NpZ25lZCI6MH0sInBhcnRuZXJzU2FuZGJveCI6eyJhc3NpZ25lZCI6MH0sImF1dG9zY2FsaW5nIjpmYWxzZSwic3RhdGljSXBzIjp7ImFzc2lnbmVkIjowLCJyZWFzc2lnbmVkIjowfSwiYXJtQWxlcnRzIjpmYWxzZSwiYXBpcyI6eyJlbmFibGVkIjp0cnVlfSwibXFNZXNzYWdlcyI6eyJiYXNlIjowLCJhZGRPbiI6MH0sIm1xUmVxdWVzdHMiOnsiYmFzZSI6MCwiYWRkT24iOjB9LCJleHRlcm5hbElkZW50aXR5Ijp0cnVlLCJtcUFkdmFuY2VkRmVhdHVyZXMiOnsiZW5hYmxlZCI6ZmFsc2V9LCJ2cGNzIjp7ImFzc2lnbmVkIjowLCJyZWFzc2lnbmVkIjowfSwiaHlicmlkSW5zaWdodCI6ZmFsc2UsImRlc2lnbkNlbnRlciI6eyJtb3phcnQiOmZhbHNlLCJhcGkiOmZhbHNlfSwib2JqZWN0U3RvcmVSZXF1ZXN0VW5pdHMiOnsiYmFzZSI6MTUwMDAwMDAsImFkZE9uIjowfSwib2JqZWN0U3RvcmVLZXlzIjp7ImJhc2UiOjEwMDAwMCwiYWRkT24iOjB9LCJjYW0iOnsiZW5hYmxlZCI6ZmFsc2V9LCJsb2FkQmFsYW5jZXIiOnsiYXNzaWduZWQiOjAsInJlYXNzaWduZWQiOjB9LCJtZXNzYWdpbmciOnsiYXNzaWduZWQiOjB9fSwiZXh0ZXJuYWxBdXRob3JpemF0aW9uIjp0cnVlLCJleHRlcm5hbEF1dGhvcml6YXRpb25Qcm92aWRlciI6eyJuYW1lIjoiUG9ydGFsIEFwcGxpY2F0aW9uIE1hbmFnZW1lbnQgU3lzdGVtIChQQU1TKSIsInVybCI6Imh0dHBzOi8vd3NneC10ZXN0LmNpc2NvLmNvbS9wYW1zL2x0L2NlcG1TZXJ2aWNlL3YxLjUvbWdyc3J2cyIsInZlcnNpb24iOiIxLjUifSwiaWRlbnRpdHlNYW5hZ2VtZW50Ijp7InR5cGUiOiJQaW5nRmVkZXJhdGUifSwib2F1dGgyU2V0dGluZ3MiOnsiYXV0aG9yaXphdGlvbkdyYW50cyI6WyJjb2RlIiwidG9rZW4iLCJvd25lciIsImNyZWRlbnRpYWxzIl0sImF1dGhvcml6YXRpb25VcmkiOiJodHRwczovL2Nsb3Vkc3NvLXRlc3QuY2lzY28uY29tL2FzL2F1dGhvcml6YXRpb24ub2F1dGgyIiwiYWNjZXNzVG9rZW5VcmkiOiJodHRwczovL2Nsb3Vkc3NvLXRlc3QuY2lzY28uY29tL2FzL3Rva2VuLm9hdXRoMiIsImdyYW50VHlwZXMiOlt7Im5hbWUiOiJwYXNzd29yZCIsImxhYmVsIjoiUmVzb3VyY2UgT3duZXIgR3JhbnQiLCJyZXF1aXJlZCI6ZmFsc2UsImV4Y2x1ZGUiOltdLCJkZXBlbmRzIjpbXX0seyJuYW1lIjoiaW1wbGljaXQiLCJsYWJlbCI6IkltcGxpY2l0IEdyYW50IiwicmVxdWlyZWQiOmZhbHNlLCJleGNsdWRlIjpbXSwiZGVwZW5kcyI6W119LHsibmFtZSI6ImNsaWVudF9jcmVkZW50aWFscyIsImxhYmVsIjoiQ2xpZW50IENyZWRlbnRpYWxzIEdyYW50IiwicmVxdWlyZWQiOmZhbHNlLCJleGNsdWRlIjpbXSwiZGVwZW5kcyI6W119LHsibmFtZSI6ImF1dGhvcml6YXRpb25fY29kZSIsImxhYmVsIjoiQXV0aG9yaXphdGlvbiBDb2RlIEdyYW50IiwicmVxdWlyZWQiOmZhbHNlLCJleGNsdWRlIjpbXSwiZGVwZW5kcyI6W119LHsibmFtZSI6InJlZnJlc2hfdG9rZW4iLCJsYWJlbCI6IlJlZnJlc2ggVG9rZW4iLCJyZXF1aXJlZCI6ZmFsc2UsImV4Y2x1ZGUiOltdLCJkZXBlbmRzIjpbImF1dGhvcml6YXRpb25fY29kZSIsInBhc3N3b3JkIl19XX19LCJpbnRlcmFjdGl2ZUxvZ2luIjp0cnVlLCJ0b2tlbiI6ImEyYzg0ODE1LThjYjgtNGE3Ni1iNmU0LTg4MGM3ZTc2MGNlYiIsImlhdCI6MTQ4NjU4Njc4OCwiYXVkIjoiaHR0cDovL2FwaS1wbGF0Zm9ybS1hcGkvcmVwb3NpdG9yeSIsImlzcyI6Imh0dHA6Ly9hcGktcGxhdGZvcm0tYXBpL3JlcG9zaXRvcnkifQ.YOsto-KJMgjQZxFXe6FFipYd8TIh4P1HIlJ5Tg6a9Ps
				Accept=*/*
				Content-Type=application/json; charset=UTF-8
Cookies:		&lt;none&gt;
Body:			&lt;none&gt;
Request method:	POST
Request path:	https://qax.anypoint.mulesoft.com/apiplatform/repository/v2/organizations/5000db95-c5d4-487f-925e-3f82f15a5499/apis/2053/versions/2161/contracts/30231/revoke
Proxy:			&lt;none&gt;
Request params:	&lt;none&gt;
Query params:	&lt;none&gt;
Form params:	&lt;none&gt;
Path params:	&lt;none&gt;
Multiparts:		&lt;none&gt;
Headers:		Authorization=Bearer eyJ0eXAiOiJKV1QiLCJhbGciOiJIUzI1NiJ9.eyJpZCI6IjUwMDAzN2NkLTJjZmQtNGRhNC1iZWQ3LTU3Mzg0ZGViMDYyYiIsImZpcnN0TmFtZSI6IkZlZGVyYXRlZCIsImxhc3ROYW1lIjoiRXh0ZXJuYWwiLCJlbWFpbCI6ImNocmlzdG9waGVyLm1vcmR1ZUBtdWxlc29mdC5jb20iLCJ1c2VybmFtZSI6ImZlZGVyYXRlZF9leHRlcm5hbCIsIm9yZ2FuaXphdGlvbiI6eyJpZCI6IjUwMDBkYjk1LWM1ZDQtNDg3Zi05MjVlLTNmODJmMTVhNTQ5OSIsIm5hbWUiOiJGZWRlcmF0ZWQgSW5jIEV4dGVybmFsIEF1dGhvcml6YXRpb24iLCJkb21haW4iOiJmZWRlcmF0ZWQtZXh0ZXJuYWwiLCJlbnRpdGxlbWVudHMiOnsiaHlicmlkIjp7ImVuYWJsZWQiOmZhbHNlfSwiY3JlYXRlU3ViT3JncyI6dHJ1ZSwidkNvcmVzUHJvZHVjdGlvbiI6eyJhc3NpZ25lZCI6MSwicmVhc3NpZ25lZCI6MH0sInZDb3Jlc1NhbmRib3giOnsiYXNzaWduZWQiOjEsInJlYXNzaWduZWQiOjB9LCJnbG9iYWxEZXBsb3ltZW50IjpmYWxzZSwid29ya2VyTG9nZ2luZ092ZXJyaWRlIjp7ImVuYWJsZWQiOmZhbHNlfSwiZ2F0ZXdheXMiOnsiYXNzaWduZWQiOjB9LCJjcmVhdGVFbnZpcm9ubWVudHMiOnRydWUsInBhcnRuZXJzUHJvZHVjdGlvbiI6eyJhc3NpZ25lZCI6MH0sInBhcnRuZXJzU2FuZGJveCI6eyJhc3NpZ25lZCI6MH0sImF1dG9zY2FsaW5nIjpmYWxzZSwic3RhdGljSXBzIjp7ImFzc2lnbmVkIjowLCJyZWFzc2lnbmVkIjowfSwiYXJtQWxlcnRzIjpmYWxzZSwiYXBpcyI6eyJlbmFibGVkIjp0cnVlfSwibXFNZXNzYWdlcyI6eyJiYXNlIjowLCJhZGRPbiI6MH0sIm1xUmVxdWVzdHMiOnsiYmFzZSI6MCwiYWRkT24iOjB9LCJleHRlcm5hbElkZW50aXR5Ijp0cnVlLCJtcUFkdmFuY2VkRmVhdHVyZXMiOnsiZW5hYmxlZCI6ZmFsc2V9LCJ2cGNzIjp7ImFzc2lnbmVkIjowLCJyZWFzc2lnbmVkIjowfSwiaHlicmlkSW5zaWdodCI6ZmFsc2UsImRlc2lnbkNlbnRlciI6eyJtb3phcnQiOmZhbHNlLCJhcGkiOmZhbHNlfSwib2JqZWN0U3RvcmVSZXF1ZXN0VW5pdHMiOnsiYmFzZSI6MTUwMDAwMDAsImFkZE9uIjowfSwib2JqZWN0U3RvcmVLZXlzIjp7ImJhc2UiOjEwMDAwMCwiYWRkT24iOjB9LCJjYW0iOnsiZW5hYmxlZCI6ZmFsc2V9LCJsb2FkQmFsYW5jZXIiOnsiYXNzaWduZWQiOjAsInJlYXNzaWduZWQiOjB9LCJtZXNzYWdpbmciOnsiYXNzaWduZWQiOjB9fSwiZXh0ZXJuYWxBdXRob3JpemF0aW9uIjp0cnVlLCJleHRlcm5hbEF1dGhvcml6YXRpb25Qcm92aWRlciI6eyJuYW1lIjoiUG9ydGFsIEFwcGxpY2F0aW9uIE1hbmFnZW1lbnQgU3lzdGVtIChQQU1TKSIsInVybCI6Imh0dHBzOi8vd3NneC10ZXN0LmNpc2NvLmNvbS9wYW1zL2x0L2NlcG1TZXJ2aWNlL3YxLjUvbWdyc3J2cyIsInZlcnNpb24iOiIxLjUifSwiaWRlbnRpdHlNYW5hZ2VtZW50Ijp7InR5cGUiOiJQaW5nRmVkZXJhdGUifSwib2F1dGgyU2V0dGluZ3MiOnsiYXV0aG9yaXphdGlvbkdyYW50cyI6WyJjb2RlIiwidG9rZW4iLCJvd25lciIsImNyZWRlbnRpYWxzIl0sImF1dGhvcml6YXRpb25VcmkiOiJodHRwczovL2Nsb3Vkc3NvLXRlc3QuY2lzY28uY29tL2FzL2F1dGhvcml6YXRpb24ub2F1dGgyIiwiYWNjZXNzVG9rZW5VcmkiOiJodHRwczovL2Nsb3Vkc3NvLXRlc3QuY2lzY28uY29tL2FzL3Rva2VuLm9hdXRoMiIsImdyYW50VHlwZXMiOlt7Im5hbWUiOiJwYXNzd29yZCIsImxhYmVsIjoiUmVzb3VyY2UgT3duZXIgR3JhbnQiLCJyZXF1aXJlZCI6ZmFsc2UsImV4Y2x1ZGUiOltdLCJkZXBlbmRzIjpbXX0seyJuYW1lIjoiaW1wbGljaXQiLCJsYWJlbCI6IkltcGxpY2l0IEdyYW50IiwicmVxdWlyZWQiOmZhbHNlLCJleGNsdWRlIjpbXSwiZGVwZW5kcyI6W119LHsibmFtZSI6ImNsaWVudF9jcmVkZW50aWFscyIsImxhYmVsIjoiQ2xpZW50IENyZWRlbnRpYWxzIEdyYW50IiwicmVxdWlyZWQiOmZhbHNlLCJleGNsdWRlIjpbXSwiZGVwZW5kcyI6W119LHsibmFtZSI6ImF1dGhvcml6YXRpb25fY29kZSIsImxhYmVsIjoiQXV0aG9yaXphdGlvbiBDb2RlIEdyYW50IiwicmVxdWlyZWQiOmZhbHNlLCJleGNsdWRlIjpbXSwiZGVwZW5kcyI6W119LHsibmFtZSI6InJlZnJlc2hfdG9rZW4iLCJsYWJlbCI6IlJlZnJlc2ggVG9rZW4iLCJyZXF1aXJlZCI6ZmFsc2UsImV4Y2x1ZGUiOltdLCJkZXBlbmRzIjpbImF1dGhvcml6YXRpb25fY29kZSIsInBhc3N3b3JkIl19XX19LCJpbnRlcmFjdGl2ZUxvZ2luIjp0cnVlLCJ0b2tlbiI6ImEyYzg0ODE1LThjYjgtNGE3Ni1iNmU0LTg4MGM3ZTc2MGNlYiIsImlhdCI6MTQ4NjU4Njc4OCwiYXVkIjoiaHR0cDovL2FwaS1wbGF0Zm9ybS1hcGkvcmVwb3NpdG9yeSIsImlzcyI6Imh0dHA6Ly9hcGktcGxhdGZvcm0tYXBpL3JlcG9zaXRvcnkifQ.YOsto-KJMgjQZxFXe6FFipYd8TIh4P1HIlJ5Tg6a9Ps
				Accept=*/*
				Content-Type=application/json; charset=UTF-8
Cookies:		&lt;none&gt;
Body:			&lt;none&gt;
Request method:	POST
Request path:	https://qax.anypoint.mulesoft.com/apiplatform/repository/v2/organizations/5000db95-c5d4-487f-925e-3f82f15a5499/apis/2053/versions/2161/contracts/30193/revoke
Proxy:			&lt;none&gt;
Request params:	&lt;none&gt;
Query params:	&lt;none&gt;
Form params:	&lt;none&gt;
Path params:	&lt;none&gt;
Multiparts:		&lt;none&gt;
Headers:		Authorization=Bearer eyJ0eXAiOiJKV1QiLCJhbGciOiJIUzI1NiJ9.eyJpZCI6IjUwMDAzN2NkLTJjZmQtNGRhNC1iZWQ3LTU3Mzg0ZGViMDYyYiIsImZpcnN0TmFtZSI6IkZlZGVyYXRlZCIsImxhc3ROYW1lIjoiRXh0ZXJuYWwiLCJlbWFpbCI6ImNocmlzdG9waGVyLm1vcmR1ZUBtdWxlc29mdC5jb20iLCJ1c2VybmFtZSI6ImZlZGVyYXRlZF9leHRlcm5hbCIsIm9yZ2FuaXphdGlvbiI6eyJpZCI6IjUwMDBkYjk1LWM1ZDQtNDg3Zi05MjVlLTNmODJmMTVhNTQ5OSIsIm5hbWUiOiJGZWRlcmF0ZWQgSW5jIEV4dGVybmFsIEF1dGhvcml6YXRpb24iLCJkb21haW4iOiJmZWRlcmF0ZWQtZXh0ZXJuYWwiLCJlbnRpdGxlbWVudHMiOnsiaHlicmlkIjp7ImVuYWJsZWQiOmZhbHNlfSwiY3JlYXRlU3ViT3JncyI6dHJ1ZSwidkNvcmVzUHJvZHVjdGlvbiI6eyJhc3NpZ25lZCI6MSwicmVhc3NpZ25lZCI6MH0sInZDb3Jlc1NhbmRib3giOnsiYXNzaWduZWQiOjEsInJlYXNzaWduZWQiOjB9LCJnbG9iYWxEZXBsb3ltZW50IjpmYWxzZSwid29ya2VyTG9nZ2luZ092ZXJyaWRlIjp7ImVuYWJsZWQiOmZhbHNlfSwiZ2F0ZXdheXMiOnsiYXNzaWduZWQiOjB9LCJjcmVhdGVFbnZpcm9ubWVudHMiOnRydWUsInBhcnRuZXJzUHJvZHVjdGlvbiI6eyJhc3NpZ25lZCI6MH0sInBhcnRuZXJzU2FuZGJveCI6eyJhc3NpZ25lZCI6MH0sImF1dG9zY2FsaW5nIjpmYWxzZSwic3RhdGljSXBzIjp7ImFzc2lnbmVkIjowLCJyZWFzc2lnbmVkIjowfSwiYXJtQWxlcnRzIjpmYWxzZSwiYXBpcyI6eyJlbmFibGVkIjp0cnVlfSwibXFNZXNzYWdlcyI6eyJiYXNlIjowLCJhZGRPbiI6MH0sIm1xUmVxdWVzdHMiOnsiYmFzZSI6MCwiYWRkT24iOjB9LCJleHRlcm5hbElkZW50aXR5Ijp0cnVlLCJtcUFkdmFuY2VkRmVhdHVyZXMiOnsiZW5hYmxlZCI6ZmFsc2V9LCJ2cGNzIjp7ImFzc2lnbmVkIjowLCJyZWFzc2lnbmVkIjowfSwiaHlicmlkSW5zaWdodCI6ZmFsc2UsImRlc2lnbkNlbnRlciI6eyJtb3phcnQiOmZhbHNlLCJhcGkiOmZhbHNlfSwib2JqZWN0U3RvcmVSZXF1ZXN0VW5pdHMiOnsiYmFzZSI6MTUwMDAwMDAsImFkZE9uIjowfSwib2JqZWN0U3RvcmVLZXlzIjp7ImJhc2UiOjEwMDAwMCwiYWRkT24iOjB9LCJjYW0iOnsiZW5hYmxlZCI6ZmFsc2V9LCJsb2FkQmFsYW5jZXIiOnsiYXNzaWduZWQiOjAsInJlYXNzaWduZWQiOjB9LCJtZXNzYWdpbmciOnsiYXNzaWduZWQiOjB9fSwiZXh0ZXJuYWxBdXRob3JpemF0aW9uIjp0cnVlLCJleHRlcm5hbEF1dGhvcml6YXRpb25Qcm92aWRlciI6eyJuYW1lIjoiUG9ydGFsIEFwcGxpY2F0aW9uIE1hbmFnZW1lbnQgU3lzdGVtIChQQU1TKSIsInVybCI6Imh0dHBzOi8vd3NneC10ZXN0LmNpc2NvLmNvbS9wYW1zL2x0L2NlcG1TZXJ2aWNlL3YxLjUvbWdyc3J2cyIsInZlcnNpb24iOiIxLjUifSwiaWRlbnRpdHlNYW5hZ2VtZW50Ijp7InR5cGUiOiJQaW5nRmVkZXJhdGUifSwib2F1dGgyU2V0dGluZ3MiOnsiYXV0aG9yaXphdGlvbkdyYW50cyI6WyJjb2RlIiwidG9rZW4iLCJvd25lciIsImNyZWRlbnRpYWxzIl0sImF1dGhvcml6YXRpb25VcmkiOiJodHRwczovL2Nsb3Vkc3NvLXRlc3QuY2lzY28uY29tL2FzL2F1dGhvcml6YXRpb24ub2F1dGgyIiwiYWNjZXNzVG9rZW5VcmkiOiJodHRwczovL2Nsb3Vkc3NvLXRlc3QuY2lzY28uY29tL2FzL3Rva2VuLm9hdXRoMiIsImdyYW50VHlwZXMiOlt7Im5hbWUiOiJwYXNzd29yZCIsImxhYmVsIjoiUmVzb3VyY2UgT3duZXIgR3JhbnQiLCJyZXF1aXJlZCI6ZmFsc2UsImV4Y2x1ZGUiOltdLCJkZXBlbmRzIjpbXX0seyJuYW1lIjoiaW1wbGljaXQiLCJsYWJlbCI6IkltcGxpY2l0IEdyYW50IiwicmVxdWlyZWQiOmZhbHNlLCJleGNsdWRlIjpbXSwiZGVwZW5kcyI6W119LHsibmFtZSI6ImNsaWVudF9jcmVkZW50aWFscyIsImxhYmVsIjoiQ2xpZW50IENyZWRlbnRpYWxzIEdyYW50IiwicmVxdWlyZWQiOmZhbHNlLCJleGNsdWRlIjpbXSwiZGVwZW5kcyI6W119LHsibmFtZSI6ImF1dGhvcml6YXRpb25fY29kZSIsImxhYmVsIjoiQXV0aG9yaXphdGlvbiBDb2RlIEdyYW50IiwicmVxdWlyZWQiOmZhbHNlLCJleGNsdWRlIjpbXSwiZGVwZW5kcyI6W119LHsibmFtZSI6InJlZnJlc2hfdG9rZW4iLCJsYWJlbCI6IlJlZnJlc2ggVG9rZW4iLCJyZXF1aXJlZCI6ZmFsc2UsImV4Y2x1ZGUiOltdLCJkZXBlbmRzIjpbImF1dGhvcml6YXRpb25fY29kZSIsInBhc3N3b3JkIl19XX19LCJpbnRlcmFjdGl2ZUxvZ2luIjp0cnVlLCJ0b2tlbiI6ImEyYzg0ODE1LThjYjgtNGE3Ni1iNmU0LTg4MGM3ZTc2MGNlYiIsImlhdCI6MTQ4NjU4Njc4OCwiYXVkIjoiaHR0cDovL2FwaS1wbGF0Zm9ybS1hcGkvcmVwb3NpdG9yeSIsImlzcyI6Imh0dHA6Ly9hcGktcGxhdGZvcm0tYXBpL3JlcG9zaXRvcnkifQ.YOsto-KJMgjQZxFXe6FFipYd8TIh4P1HIlJ5Tg6a9Ps
				Accept=*/*
				Content-Type=application/json; charset=UTF-8
Cookies:		&lt;none&gt;
Body:			&lt;none&gt;
Request method:	POST
Request path:	https://qax.anypoint.mulesoft.com/apiplatform/repository/v2/organizations/5000db95-c5d4-487f-925e-3f82f15a5499/apis/2053/versions/2161/contracts/30257/revoke
Proxy:			&lt;none&gt;
Request params:	&lt;none&gt;
Query params:	&lt;none&gt;
Form params:	&lt;none&gt;
Path params:	&lt;none&gt;
Multiparts:		&lt;none&gt;
Headers:		Authorization=Bearer eyJ0eXAiOiJKV1QiLCJhbGciOiJIUzI1NiJ9.eyJpZCI6IjUwMDAzN2NkLTJjZmQtNGRhNC1iZWQ3LTU3Mzg0ZGViMDYyYiIsImZpcnN0TmFtZSI6IkZlZGVyYXRlZCIsImxhc3ROYW1lIjoiRXh0ZXJuYWwiLCJlbWFpbCI6ImNocmlzdG9waGVyLm1vcmR1ZUBtdWxlc29mdC5jb20iLCJ1c2VybmFtZSI6ImZlZGVyYXRlZF9leHRlcm5hbCIsIm9yZ2FuaXphdGlvbiI6eyJpZCI6IjUwMDBkYjk1LWM1ZDQtNDg3Zi05MjVlLTNmODJmMTVhNTQ5OSIsIm5hbWUiOiJGZWRlcmF0ZWQgSW5jIEV4dGVybmFsIEF1dGhvcml6YXRpb24iLCJkb21haW4iOiJmZWRlcmF0ZWQtZXh0ZXJuYWwiLCJlbnRpdGxlbWVudHMiOnsiaHlicmlkIjp7ImVuYWJsZWQiOmZhbHNlfSwiY3JlYXRlU3ViT3JncyI6dHJ1ZSwidkNvcmVzUHJvZHVjdGlvbiI6eyJhc3NpZ25lZCI6MSwicmVhc3NpZ25lZCI6MH0sInZDb3Jlc1NhbmRib3giOnsiYXNzaWduZWQiOjEsInJlYXNzaWduZWQiOjB9LCJnbG9iYWxEZXBsb3ltZW50IjpmYWxzZSwid29ya2VyTG9nZ2luZ092ZXJyaWRlIjp7ImVuYWJsZWQiOmZhbHNlfSwiZ2F0ZXdheXMiOnsiYXNzaWduZWQiOjB9LCJjcmVhdGVFbnZpcm9ubWVudHMiOnRydWUsInBhcnRuZXJzUHJvZHVjdGlvbiI6eyJhc3NpZ25lZCI6MH0sInBhcnRuZXJzU2FuZGJveCI6eyJhc3NpZ25lZCI6MH0sImF1dG9zY2FsaW5nIjpmYWxzZSwic3RhdGljSXBzIjp7ImFzc2lnbmVkIjowLCJyZWFzc2lnbmVkIjowfSwiYXJtQWxlcnRzIjpmYWxzZSwiYXBpcyI6eyJlbmFibGVkIjp0cnVlfSwibXFNZXNzYWdlcyI6eyJiYXNlIjowLCJhZGRPbiI6MH0sIm1xUmVxdWVzdHMiOnsiYmFzZSI6MCwiYWRkT24iOjB9LCJleHRlcm5hbElkZW50aXR5Ijp0cnVlLCJtcUFkdmFuY2VkRmVhdHVyZXMiOnsiZW5hYmxlZCI6ZmFsc2V9LCJ2cGNzIjp7ImFzc2lnbmVkIjowLCJyZWFzc2lnbmVkIjowfSwiaHlicmlkSW5zaWdodCI6ZmFsc2UsImRlc2lnbkNlbnRlciI6eyJtb3phcnQiOmZhbHNlLCJhcGkiOmZhbHNlfSwib2JqZWN0U3RvcmVSZXF1ZXN0VW5pdHMiOnsiYmFzZSI6MTUwMDAwMDAsImFkZE9uIjowfSwib2JqZWN0U3RvcmVLZXlzIjp7ImJhc2UiOjEwMDAwMCwiYWRkT24iOjB9LCJjYW0iOnsiZW5hYmxlZCI6ZmFsc2V9LCJsb2FkQmFsYW5jZXIiOnsiYXNzaWduZWQiOjAsInJlYXNzaWduZWQiOjB9LCJtZXNzYWdpbmciOnsiYXNzaWduZWQiOjB9fSwiZXh0ZXJuYWxBdXRob3JpemF0aW9uIjp0cnVlLCJleHRlcm5hbEF1dGhvcml6YXRpb25Qcm92aWRlciI6eyJuYW1lIjoiUG9ydGFsIEFwcGxpY2F0aW9uIE1hbmFnZW1lbnQgU3lzdGVtIChQQU1TKSIsInVybCI6Imh0dHBzOi8vd3NneC10ZXN0LmNpc2NvLmNvbS9wYW1zL2x0L2NlcG1TZXJ2aWNlL3YxLjUvbWdyc3J2cyIsInZlcnNpb24iOiIxLjUifSwiaWRlbnRpdHlNYW5hZ2VtZW50Ijp7InR5cGUiOiJQaW5nRmVkZXJhdGUifSwib2F1dGgyU2V0dGluZ3MiOnsiYXV0aG9yaXphdGlvbkdyYW50cyI6WyJjb2RlIiwidG9rZW4iLCJvd25lciIsImNyZWRlbnRpYWxzIl0sImF1dGhvcml6YXRpb25VcmkiOiJodHRwczovL2Nsb3Vkc3NvLXRlc3QuY2lzY28uY29tL2FzL2F1dGhvcml6YXRpb24ub2F1dGgyIiwiYWNjZXNzVG9rZW5VcmkiOiJodHRwczovL2Nsb3Vkc3NvLXRlc3QuY2lzY28uY29tL2FzL3Rva2VuLm9hdXRoMiIsImdyYW50VHlwZXMiOlt7Im5hbWUiOiJwYXNzd29yZCIsImxhYmVsIjoiUmVzb3VyY2UgT3duZXIgR3JhbnQiLCJyZXF1aXJlZCI6ZmFsc2UsImV4Y2x1ZGUiOltdLCJkZXBlbmRzIjpbXX0seyJuYW1lIjoiaW1wbGljaXQiLCJsYWJlbCI6IkltcGxpY2l0IEdyYW50IiwicmVxdWlyZWQiOmZhbHNlLCJleGNsdWRlIjpbXSwiZGVwZW5kcyI6W119LHsibmFtZSI6ImNsaWVudF9jcmVkZW50aWFscyIsImxhYmVsIjoiQ2xpZW50IENyZWRlbnRpYWxzIEdyYW50IiwicmVxdWlyZWQiOmZhbHNlLCJleGNsdWRlIjpbXSwiZGVwZW5kcyI6W119LHsibmFtZSI6ImF1dGhvcml6YXRpb25fY29kZSIsImxhYmVsIjoiQXV0aG9yaXphdGlvbiBDb2RlIEdyYW50IiwicmVxdWlyZWQiOmZhbHNlLCJleGNsdWRlIjpbXSwiZGVwZW5kcyI6W119LHsibmFtZSI6InJlZnJlc2hfdG9rZW4iLCJsYWJlbCI6IlJlZnJlc2ggVG9rZW4iLCJyZXF1aXJlZCI6ZmFsc2UsImV4Y2x1ZGUiOltdLCJkZXBlbmRzIjpbImF1dGhvcml6YXRpb25fY29kZSIsInBhc3N3b3JkIl19XX19LCJpbnRlcmFjdGl2ZUxvZ2luIjp0cnVlLCJ0b2tlbiI6ImEyYzg0ODE1LThjYjgtNGE3Ni1iNmU0LTg4MGM3ZTc2MGNlYiIsImlhdCI6MTQ4NjU4Njc4OCwiYXVkIjoiaHR0cDovL2FwaS1wbGF0Zm9ybS1hcGkvcmVwb3NpdG9yeSIsImlzcyI6Imh0dHA6Ly9hcGktcGxhdGZvcm0tYXBpL3JlcG9zaXRvcnkifQ.YOsto-KJMgjQZxFXe6FFipYd8TIh4P1HIlJ5Tg6a9Ps
				Accept=*/*
				Content-Type=application/json; charset=UTF-8
Cookies:		&lt;none&gt;
Body:			&lt;none&gt;
Request method:	POST
Request path:	https://qax.anypoint.mulesoft.com/apiplatform/repository/v2/organizations/5000db95-c5d4-487f-925e-3f82f15a5499/apis/2053/versions/2161/contracts/30234/revoke
Proxy:			&lt;none&gt;
Request params:	&lt;none&gt;
Query params:	&lt;none&gt;
Form params:	&lt;none&gt;
Path params:	&lt;none&gt;
Multiparts:		&lt;none&gt;
Headers:		Authorization=Bearer eyJ0eXAiOiJKV1QiLCJhbGciOiJIUzI1NiJ9.eyJpZCI6IjUwMDAzN2NkLTJjZmQtNGRhNC1iZWQ3LTU3Mzg0ZGViMDYyYiIsImZpcnN0TmFtZSI6IkZlZGVyYXRlZCIsImxhc3ROYW1lIjoiRXh0ZXJuYWwiLCJlbWFpbCI6ImNocmlzdG9waGVyLm1vcmR1ZUBtdWxlc29mdC5jb20iLCJ1c2VybmFtZSI6ImZlZGVyYXRlZF9leHRlcm5hbCIsIm9yZ2FuaXphdGlvbiI6eyJpZCI6IjUwMDBkYjk1LWM1ZDQtNDg3Zi05MjVlLTNmODJmMTVhNTQ5OSIsIm5hbWUiOiJGZWRlcmF0ZWQgSW5jIEV4dGVybmFsIEF1dGhvcml6YXRpb24iLCJkb21haW4iOiJmZWRlcmF0ZWQtZXh0ZXJuYWwiLCJlbnRpdGxlbWVudHMiOnsiaHlicmlkIjp7ImVuYWJsZWQiOmZhbHNlfSwiY3JlYXRlU3ViT3JncyI6dHJ1ZSwidkNvcmVzUHJvZHVjdGlvbiI6eyJhc3NpZ25lZCI6MSwicmVhc3NpZ25lZCI6MH0sInZDb3Jlc1NhbmRib3giOnsiYXNzaWduZWQiOjEsInJlYXNzaWduZWQiOjB9LCJnbG9iYWxEZXBsb3ltZW50IjpmYWxzZSwid29ya2VyTG9nZ2luZ092ZXJyaWRlIjp7ImVuYWJsZWQiOmZhbHNlfSwiZ2F0ZXdheXMiOnsiYXNzaWduZWQiOjB9LCJjcmVhdGVFbnZpcm9ubWVudHMiOnRydWUsInBhcnRuZXJzUHJvZHVjdGlvbiI6eyJhc3NpZ25lZCI6MH0sInBhcnRuZXJzU2FuZGJveCI6eyJhc3NpZ25lZCI6MH0sImF1dG9zY2FsaW5nIjpmYWxzZSwic3RhdGljSXBzIjp7ImFzc2lnbmVkIjowLCJyZWFzc2lnbmVkIjowfSwiYXJtQWxlcnRzIjpmYWxzZSwiYXBpcyI6eyJlbmFibGVkIjp0cnVlfSwibXFNZXNzYWdlcyI6eyJiYXNlIjowLCJhZGRPbiI6MH0sIm1xUmVxdWVzdHMiOnsiYmFzZSI6MCwiYWRkT24iOjB9LCJleHRlcm5hbElkZW50aXR5Ijp0cnVlLCJtcUFkdmFuY2VkRmVhdHVyZXMiOnsiZW5hYmxlZCI6ZmFsc2V9LCJ2cGNzIjp7ImFzc2lnbmVkIjowLCJyZWFzc2lnbmVkIjowfSwiaHlicmlkSW5zaWdodCI6ZmFsc2UsImRlc2lnbkNlbnRlciI6eyJtb3phcnQiOmZhbHNlLCJhcGkiOmZhbHNlfSwib2JqZWN0U3RvcmVSZXF1ZXN0VW5pdHMiOnsiYmFzZSI6MTUwMDAwMDAsImFkZE9uIjowfSwib2JqZWN0U3RvcmVLZXlzIjp7ImJhc2UiOjEwMDAwMCwiYWRkT24iOjB9LCJjYW0iOnsiZW5hYmxlZCI6ZmFsc2V9LCJsb2FkQmFsYW5jZXIiOnsiYXNzaWduZWQiOjAsInJlYXNzaWduZWQiOjB9LCJtZXNzYWdpbmciOnsiYXNzaWduZWQiOjB9fSwiZXh0ZXJuYWxBdXRob3JpemF0aW9uIjp0cnVlLCJleHRlcm5hbEF1dGhvcml6YXRpb25Qcm92aWRlciI6eyJuYW1lIjoiUG9ydGFsIEFwcGxpY2F0aW9uIE1hbmFnZW1lbnQgU3lzdGVtIChQQU1TKSIsInVybCI6Imh0dHBzOi8vd3NneC10ZXN0LmNpc2NvLmNvbS9wYW1zL2x0L2NlcG1TZXJ2aWNlL3YxLjUvbWdyc3J2cyIsInZlcnNpb24iOiIxLjUifSwiaWRlbnRpdHlNYW5hZ2VtZW50Ijp7InR5cGUiOiJQaW5nRmVkZXJhdGUifSwib2F1dGgyU2V0dGluZ3MiOnsiYXV0aG9yaXphdGlvbkdyYW50cyI6WyJjb2RlIiwidG9rZW4iLCJvd25lciIsImNyZWRlbnRpYWxzIl0sImF1dGhvcml6YXRpb25VcmkiOiJodHRwczovL2Nsb3Vkc3NvLXRlc3QuY2lzY28uY29tL2FzL2F1dGhvcml6YXRpb24ub2F1dGgyIiwiYWNjZXNzVG9rZW5VcmkiOiJodHRwczovL2Nsb3Vkc3NvLXRlc3QuY2lzY28uY29tL2FzL3Rva2VuLm9hdXRoMiIsImdyYW50VHlwZXMiOlt7Im5hbWUiOiJwYXNzd29yZCIsImxhYmVsIjoiUmVzb3VyY2UgT3duZXIgR3JhbnQiLCJyZXF1aXJlZCI6ZmFsc2UsImV4Y2x1ZGUiOltdLCJkZXBlbmRzIjpbXX0seyJuYW1lIjoiaW1wbGljaXQiLCJsYWJlbCI6IkltcGxpY2l0IEdyYW50IiwicmVxdWlyZWQiOmZhbHNlLCJleGNsdWRlIjpbXSwiZGVwZW5kcyI6W119LHsibmFtZSI6ImNsaWVudF9jcmVkZW50aWFscyIsImxhYmVsIjoiQ2xpZW50IENyZWRlbnRpYWxzIEdyYW50IiwicmVxdWlyZWQiOmZhbHNlLCJleGNsdWRlIjpbXSwiZGVwZW5kcyI6W119LHsibmFtZSI6ImF1dGhvcml6YXRpb25fY29kZSIsImxhYmVsIjoiQXV0aG9yaXphdGlvbiBDb2RlIEdyYW50IiwicmVxdWlyZWQiOmZhbHNlLCJleGNsdWRlIjpbXSwiZGVwZW5kcyI6W119LHsibmFtZSI6InJlZnJlc2hfdG9rZW4iLCJsYWJlbCI6IlJlZnJlc2ggVG9rZW4iLCJyZXF1aXJlZCI6ZmFsc2UsImV4Y2x1ZGUiOltdLCJkZXBlbmRzIjpbImF1dGhvcml6YXRpb25fY29kZSIsInBhc3N3b3JkIl19XX19LCJpbnRlcmFjdGl2ZUxvZ2luIjp0cnVlLCJ0b2tlbiI6ImEyYzg0ODE1LThjYjgtNGE3Ni1iNmU0LTg4MGM3ZTc2MGNlYiIsImlhdCI6MTQ4NjU4Njc4OCwiYXVkIjoiaHR0cDovL2FwaS1wbGF0Zm9ybS1hcGkvcmVwb3NpdG9yeSIsImlzcyI6Imh0dHA6Ly9hcGktcGxhdGZvcm0tYXBpL3JlcG9zaXRvcnkifQ.YOsto-KJMgjQZxFXe6FFipYd8TIh4P1HIlJ5Tg6a9Ps
				Accept=*/*
				Content-Type=application/json; charset=UTF-8
Cookies:		&lt;none&gt;
Body:			&lt;none&gt;
Request method:	POST
Request path:	https://qax.anypoint.mulesoft.com/apiplatform/repository/v2/organizations/5000db95-c5d4-487f-925e-3f82f15a5499/apis/2053/versions/2161/contracts/30194/revoke
Proxy:			&lt;none&gt;
Request params:	&lt;none&gt;
Query params:	&lt;none&gt;
Form params:	&lt;none&gt;
Path params:	&lt;none&gt;
Multiparts:		&lt;none&gt;
Headers:		Authorization=Bearer eyJ0eXAiOiJKV1QiLCJhbGciOiJIUzI1NiJ9.eyJpZCI6IjUwMDAzN2NkLTJjZmQtNGRhNC1iZWQ3LTU3Mzg0ZGViMDYyYiIsImZpcnN0TmFtZSI6IkZlZGVyYXRlZCIsImxhc3ROYW1lIjoiRXh0ZXJuYWwiLCJlbWFpbCI6ImNocmlzdG9waGVyLm1vcmR1ZUBtdWxlc29mdC5jb20iLCJ1c2VybmFtZSI6ImZlZGVyYXRlZF9leHRlcm5hbCIsIm9yZ2FuaXphdGlvbiI6eyJpZCI6IjUwMDBkYjk1LWM1ZDQtNDg3Zi05MjVlLTNmODJmMTVhNTQ5OSIsIm5hbWUiOiJGZWRlcmF0ZWQgSW5jIEV4dGVybmFsIEF1dGhvcml6YXRpb24iLCJkb21haW4iOiJmZWRlcmF0ZWQtZXh0ZXJuYWwiLCJlbnRpdGxlbWVudHMiOnsiaHlicmlkIjp7ImVuYWJsZWQiOmZhbHNlfSwiY3JlYXRlU3ViT3JncyI6dHJ1ZSwidkNvcmVzUHJvZHVjdGlvbiI6eyJhc3NpZ25lZCI6MSwicmVhc3NpZ25lZCI6MH0sInZDb3Jlc1NhbmRib3giOnsiYXNzaWduZWQiOjEsInJlYXNzaWduZWQiOjB9LCJnbG9iYWxEZXBsb3ltZW50IjpmYWxzZSwid29ya2VyTG9nZ2luZ092ZXJyaWRlIjp7ImVuYWJsZWQiOmZhbHNlfSwiZ2F0ZXdheXMiOnsiYXNzaWduZWQiOjB9LCJjcmVhdGVFbnZpcm9ubWVudHMiOnRydWUsInBhcnRuZXJzUHJvZHVjdGlvbiI6eyJhc3NpZ25lZCI6MH0sInBhcnRuZXJzU2FuZGJveCI6eyJhc3NpZ25lZCI6MH0sImF1dG9zY2FsaW5nIjpmYWxzZSwic3RhdGljSXBzIjp7ImFzc2lnbmVkIjowLCJyZWFzc2lnbmVkIjowfSwiYXJtQWxlcnRzIjpmYWxzZSwiYXBpcyI6eyJlbmFibGVkIjp0cnVlfSwibXFNZXNzYWdlcyI6eyJiYXNlIjowLCJhZGRPbiI6MH0sIm1xUmVxdWVzdHMiOnsiYmFzZSI6MCwiYWRkT24iOjB9LCJleHRlcm5hbElkZW50aXR5Ijp0cnVlLCJtcUFkdmFuY2VkRmVhdHVyZXMiOnsiZW5hYmxlZCI6ZmFsc2V9LCJ2cGNzIjp7ImFzc2lnbmVkIjowLCJyZWFzc2lnbmVkIjowfSwiaHlicmlkSW5zaWdodCI6ZmFsc2UsImRlc2lnbkNlbnRlciI6eyJtb3phcnQiOmZhbHNlLCJhcGkiOmZhbHNlfSwib2JqZWN0U3RvcmVSZXF1ZXN0VW5pdHMiOnsiYmFzZSI6MTUwMDAwMDAsImFkZE9uIjowfSwib2JqZWN0U3RvcmVLZXlzIjp7ImJhc2UiOjEwMDAwMCwiYWRkT24iOjB9LCJjYW0iOnsiZW5hYmxlZCI6ZmFsc2V9LCJsb2FkQmFsYW5jZXIiOnsiYXNzaWduZWQiOjAsInJlYXNzaWduZWQiOjB9LCJtZXNzYWdpbmciOnsiYXNzaWduZWQiOjB9fSwiZXh0ZXJuYWxBdXRob3JpemF0aW9uIjp0cnVlLCJleHRlcm5hbEF1dGhvcml6YXRpb25Qcm92aWRlciI6eyJuYW1lIjoiUG9ydGFsIEFwcGxpY2F0aW9uIE1hbmFnZW1lbnQgU3lzdGVtIChQQU1TKSIsInVybCI6Imh0dHBzOi8vd3NneC10ZXN0LmNpc2NvLmNvbS9wYW1zL2x0L2NlcG1TZXJ2aWNlL3YxLjUvbWdyc3J2cyIsInZlcnNpb24iOiIxLjUifSwiaWRlbnRpdHlNYW5hZ2VtZW50Ijp7InR5cGUiOiJQaW5nRmVkZXJhdGUifSwib2F1dGgyU2V0dGluZ3MiOnsiYXV0aG9yaXphdGlvbkdyYW50cyI6WyJjb2RlIiwidG9rZW4iLCJvd25lciIsImNyZWRlbnRpYWxzIl0sImF1dGhvcml6YXRpb25VcmkiOiJodHRwczovL2Nsb3Vkc3NvLXRlc3QuY2lzY28uY29tL2FzL2F1dGhvcml6YXRpb24ub2F1dGgyIiwiYWNjZXNzVG9rZW5VcmkiOiJodHRwczovL2Nsb3Vkc3NvLXRlc3QuY2lzY28uY29tL2FzL3Rva2VuLm9hdXRoMiIsImdyYW50VHlwZXMiOlt7Im5hbWUiOiJwYXNzd29yZCIsImxhYmVsIjoiUmVzb3VyY2UgT3duZXIgR3JhbnQiLCJyZXF1aXJlZCI6ZmFsc2UsImV4Y2x1ZGUiOltdLCJkZXBlbmRzIjpbXX0seyJuYW1lIjoiaW1wbGljaXQiLCJsYWJlbCI6IkltcGxpY2l0IEdyYW50IiwicmVxdWlyZWQiOmZhbHNlLCJleGNsdWRlIjpbXSwiZGVwZW5kcyI6W119LHsibmFtZSI6ImNsaWVudF9jcmVkZW50aWFscyIsImxhYmVsIjoiQ2xpZW50IENyZWRlbnRpYWxzIEdyYW50IiwicmVxdWlyZWQiOmZhbHNlLCJleGNsdWRlIjpbXSwiZGVwZW5kcyI6W119LHsibmFtZSI6ImF1dGhvcml6YXRpb25fY29kZSIsImxhYmVsIjoiQXV0aG9yaXphdGlvbiBDb2RlIEdyYW50IiwicmVxdWlyZWQiOmZhbHNlLCJleGNsdWRlIjpbXSwiZGVwZW5kcyI6W119LHsibmFtZSI6InJlZnJlc2hfdG9rZW4iLCJsYWJlbCI6IlJlZnJlc2ggVG9rZW4iLCJyZXF1aXJlZCI6ZmFsc2UsImV4Y2x1ZGUiOltdLCJkZXBlbmRzIjpbImF1dGhvcml6YXRpb25fY29kZSIsInBhc3N3b3JkIl19XX19LCJpbnRlcmFjdGl2ZUxvZ2luIjp0cnVlLCJ0b2tlbiI6ImEyYzg0ODE1LThjYjgtNGE3Ni1iNmU0LTg4MGM3ZTc2MGNlYiIsImlhdCI6MTQ4NjU4Njc4OCwiYXVkIjoiaHR0cDovL2FwaS1wbGF0Zm9ybS1hcGkvcmVwb3NpdG9yeSIsImlzcyI6Imh0dHA6Ly9hcGktcGxhdGZvcm0tYXBpL3JlcG9zaXRvcnkifQ.YOsto-KJMgjQZxFXe6FFipYd8TIh4P1HIlJ5Tg6a9Ps
				Accept=*/*
				Content-Type=application/json; charset=UTF-8
Cookies:		&lt;none&gt;
Body:			&lt;none&gt;
Request method:	POST
Request path:	https://qax.anypoint.mulesoft.com/apiplatform/repository/v2/organizations/5000db95-c5d4-487f-925e-3f82f15a5499/apis/2053/versions/2161/contracts/30221/revoke
Proxy:			&lt;none&gt;
Request params:	&lt;none&gt;
Query params:	&lt;none&gt;
Form params:	&lt;none&gt;
Path params:	&lt;none&gt;
Multiparts:		&lt;none&gt;
Headers:		Authorization=Bearer eyJ0eXAiOiJKV1QiLCJhbGciOiJIUzI1NiJ9.eyJpZCI6IjUwMDAzN2NkLTJjZmQtNGRhNC1iZWQ3LTU3Mzg0ZGViMDYyYiIsImZpcnN0TmFtZSI6IkZlZGVyYXRlZCIsImxhc3ROYW1lIjoiRXh0ZXJuYWwiLCJlbWFpbCI6ImNocmlzdG9waGVyLm1vcmR1ZUBtdWxlc29mdC5jb20iLCJ1c2VybmFtZSI6ImZlZGVyYXRlZF9leHRlcm5hbCIsIm9yZ2FuaXphdGlvbiI6eyJpZCI6IjUwMDBkYjk1LWM1ZDQtNDg3Zi05MjVlLTNmODJmMTVhNTQ5OSIsIm5hbWUiOiJGZWRlcmF0ZWQgSW5jIEV4dGVybmFsIEF1dGhvcml6YXRpb24iLCJkb21haW4iOiJmZWRlcmF0ZWQtZXh0ZXJuYWwiLCJlbnRpdGxlbWVudHMiOnsiaHlicmlkIjp7ImVuYWJsZWQiOmZhbHNlfSwiY3JlYXRlU3ViT3JncyI6dHJ1ZSwidkNvcmVzUHJvZHVjdGlvbiI6eyJhc3NpZ25lZCI6MSwicmVhc3NpZ25lZCI6MH0sInZDb3Jlc1NhbmRib3giOnsiYXNzaWduZWQiOjEsInJlYXNzaWduZWQiOjB9LCJnbG9iYWxEZXBsb3ltZW50IjpmYWxzZSwid29ya2VyTG9nZ2luZ092ZXJyaWRlIjp7ImVuYWJsZWQiOmZhbHNlfSwiZ2F0ZXdheXMiOnsiYXNzaWduZWQiOjB9LCJjcmVhdGVFbnZpcm9ubWVudHMiOnRydWUsInBhcnRuZXJzUHJvZHVjdGlvbiI6eyJhc3NpZ25lZCI6MH0sInBhcnRuZXJzU2FuZGJveCI6eyJhc3NpZ25lZCI6MH0sImF1dG9zY2FsaW5nIjpmYWxzZSwic3RhdGljSXBzIjp7ImFzc2lnbmVkIjowLCJyZWFzc2lnbmVkIjowfSwiYXJtQWxlcnRzIjpmYWxzZSwiYXBpcyI6eyJlbmFibGVkIjp0cnVlfSwibXFNZXNzYWdlcyI6eyJiYXNlIjowLCJhZGRPbiI6MH0sIm1xUmVxdWVzdHMiOnsiYmFzZSI6MCwiYWRkT24iOjB9LCJleHRlcm5hbElkZW50aXR5Ijp0cnVlLCJtcUFkdmFuY2VkRmVhdHVyZXMiOnsiZW5hYmxlZCI6ZmFsc2V9LCJ2cGNzIjp7ImFzc2lnbmVkIjowLCJyZWFzc2lnbmVkIjowfSwiaHlicmlkSW5zaWdodCI6ZmFsc2UsImRlc2lnbkNlbnRlciI6eyJtb3phcnQiOmZhbHNlLCJhcGkiOmZhbHNlfSwib2JqZWN0U3RvcmVSZXF1ZXN0VW5pdHMiOnsiYmFzZSI6MTUwMDAwMDAsImFkZE9uIjowfSwib2JqZWN0U3RvcmVLZXlzIjp7ImJhc2UiOjEwMDAwMCwiYWRkT24iOjB9LCJjYW0iOnsiZW5hYmxlZCI6ZmFsc2V9LCJsb2FkQmFsYW5jZXIiOnsiYXNzaWduZWQiOjAsInJlYXNzaWduZWQiOjB9LCJtZXNzYWdpbmciOnsiYXNzaWduZWQiOjB9fSwiZXh0ZXJuYWxBdXRob3JpemF0aW9uIjp0cnVlLCJleHRlcm5hbEF1dGhvcml6YXRpb25Qcm92aWRlciI6eyJuYW1lIjoiUG9ydGFsIEFwcGxpY2F0aW9uIE1hbmFnZW1lbnQgU3lzdGVtIChQQU1TKSIsInVybCI6Imh0dHBzOi8vd3NneC10ZXN0LmNpc2NvLmNvbS9wYW1zL2x0L2NlcG1TZXJ2aWNlL3YxLjUvbWdyc3J2cyIsInZlcnNpb24iOiIxLjUifSwiaWRlbnRpdHlNYW5hZ2VtZW50Ijp7InR5cGUiOiJQaW5nRmVkZXJhdGUifSwib2F1dGgyU2V0dGluZ3MiOnsiYXV0aG9yaXphdGlvbkdyYW50cyI6WyJjb2RlIiwidG9rZW4iLCJvd25lciIsImNyZWRlbnRpYWxzIl0sImF1dGhvcml6YXRpb25VcmkiOiJodHRwczovL2Nsb3Vkc3NvLXRlc3QuY2lzY28uY29tL2FzL2F1dGhvcml6YXRpb24ub2F1dGgyIiwiYWNjZXNzVG9rZW5VcmkiOiJodHRwczovL2Nsb3Vkc3NvLXRlc3QuY2lzY28uY29tL2FzL3Rva2VuLm9hdXRoMiIsImdyYW50VHlwZXMiOlt7Im5hbWUiOiJwYXNzd29yZCIsImxhYmVsIjoiUmVzb3VyY2UgT3duZXIgR3JhbnQiLCJyZXF1aXJlZCI6ZmFsc2UsImV4Y2x1ZGUiOltdLCJkZXBlbmRzIjpbXX0seyJuYW1lIjoiaW1wbGljaXQiLCJsYWJlbCI6IkltcGxpY2l0IEdyYW50IiwicmVxdWlyZWQiOmZhbHNlLCJleGNsdWRlIjpbXSwiZGVwZW5kcyI6W119LHsibmFtZSI6ImNsaWVudF9jcmVkZW50aWFscyIsImxhYmVsIjoiQ2xpZW50IENyZWRlbnRpYWxzIEdyYW50IiwicmVxdWlyZWQiOmZhbHNlLCJleGNsdWRlIjpbXSwiZGVwZW5kcyI6W119LHsibmFtZSI6ImF1dGhvcml6YXRpb25fY29kZSIsImxhYmVsIjoiQXV0aG9yaXphdGlvbiBDb2RlIEdyYW50IiwicmVxdWlyZWQiOmZhbHNlLCJleGNsdWRlIjpbXSwiZGVwZW5kcyI6W119LHsibmFtZSI6InJlZnJlc2hfdG9rZW4iLCJsYWJlbCI6IlJlZnJlc2ggVG9rZW4iLCJyZXF1aXJlZCI6ZmFsc2UsImV4Y2x1ZGUiOltdLCJkZXBlbmRzIjpbImF1dGhvcml6YXRpb25fY29kZSIsInBhc3N3b3JkIl19XX19LCJpbnRlcmFjdGl2ZUxvZ2luIjp0cnVlLCJ0b2tlbiI6ImEyYzg0ODE1LThjYjgtNGE3Ni1iNmU0LTg4MGM3ZTc2MGNlYiIsImlhdCI6MTQ4NjU4Njc4OCwiYXVkIjoiaHR0cDovL2FwaS1wbGF0Zm9ybS1hcGkvcmVwb3NpdG9yeSIsImlzcyI6Imh0dHA6Ly9hcGktcGxhdGZvcm0tYXBpL3JlcG9zaXRvcnkifQ.YOsto-KJMgjQZxFXe6FFipYd8TIh4P1HIlJ5Tg6a9Ps
				Accept=*/*
				Content-Type=application/json; charset=UTF-8
Cookies:		&lt;none&gt;
Body:			&lt;none&gt;
Request method:	POST
Request path:	https://qax.anypoint.mulesoft.com/apiplatform/repository/v2/organizations/5000db95-c5d4-487f-925e-3f82f15a5499/apis/2053/versions/2161/contracts/30191/revoke
Proxy:			&lt;none&gt;
Request params:	&lt;none&gt;
Query params:	&lt;none&gt;
Form params:	&lt;none&gt;
Path params:	&lt;none&gt;
Multiparts:		&lt;none&gt;
Headers:		Authorization=Bearer eyJ0eXAiOiJKV1QiLCJhbGciOiJIUzI1NiJ9.eyJpZCI6IjUwMDAzN2NkLTJjZmQtNGRhNC1iZWQ3LTU3Mzg0ZGViMDYyYiIsImZpcnN0TmFtZSI6IkZlZGVyYXRlZCIsImxhc3ROYW1lIjoiRXh0ZXJuYWwiLCJlbWFpbCI6ImNocmlzdG9waGVyLm1vcmR1ZUBtdWxlc29mdC5jb20iLCJ1c2VybmFtZSI6ImZlZGVyYXRlZF9leHRlcm5hbCIsIm9yZ2FuaXphdGlvbiI6eyJpZCI6IjUwMDBkYjk1LWM1ZDQtNDg3Zi05MjVlLTNmODJmMTVhNTQ5OSIsIm5hbWUiOiJGZWRlcmF0ZWQgSW5jIEV4dGVybmFsIEF1dGhvcml6YXRpb24iLCJkb21haW4iOiJmZWRlcmF0ZWQtZXh0ZXJuYWwiLCJlbnRpdGxlbWVudHMiOnsiaHlicmlkIjp7ImVuYWJsZWQiOmZhbHNlfSwiY3JlYXRlU3ViT3JncyI6dHJ1ZSwidkNvcmVzUHJvZHVjdGlvbiI6eyJhc3NpZ25lZCI6MSwicmVhc3NpZ25lZCI6MH0sInZDb3Jlc1NhbmRib3giOnsiYXNzaWduZWQiOjEsInJlYXNzaWduZWQiOjB9LCJnbG9iYWxEZXBsb3ltZW50IjpmYWxzZSwid29ya2VyTG9nZ2luZ092ZXJyaWRlIjp7ImVuYWJsZWQiOmZhbHNlfSwiZ2F0ZXdheXMiOnsiYXNzaWduZWQiOjB9LCJjcmVhdGVFbnZpcm9ubWVudHMiOnRydWUsInBhcnRuZXJzUHJvZHVjdGlvbiI6eyJhc3NpZ25lZCI6MH0sInBhcnRuZXJzU2FuZGJveCI6eyJhc3NpZ25lZCI6MH0sImF1dG9zY2FsaW5nIjpmYWxzZSwic3RhdGljSXBzIjp7ImFzc2lnbmVkIjowLCJyZWFzc2lnbmVkIjowfSwiYXJtQWxlcnRzIjpmYWxzZSwiYXBpcyI6eyJlbmFibGVkIjp0cnVlfSwibXFNZXNzYWdlcyI6eyJiYXNlIjowLCJhZGRPbiI6MH0sIm1xUmVxdWVzdHMiOnsiYmFzZSI6MCwiYWRkT24iOjB9LCJleHRlcm5hbElkZW50aXR5Ijp0cnVlLCJtcUFkdmFuY2VkRmVhdHVyZXMiOnsiZW5hYmxlZCI6ZmFsc2V9LCJ2cGNzIjp7ImFzc2lnbmVkIjowLCJyZWFzc2lnbmVkIjowfSwiaHlicmlkSW5zaWdodCI6ZmFsc2UsImRlc2lnbkNlbnRlciI6eyJtb3phcnQiOmZhbHNlLCJhcGkiOmZhbHNlfSwib2JqZWN0U3RvcmVSZXF1ZXN0VW5pdHMiOnsiYmFzZSI6MTUwMDAwMDAsImFkZE9uIjowfSwib2JqZWN0U3RvcmVLZXlzIjp7ImJhc2UiOjEwMDAwMCwiYWRkT24iOjB9LCJjYW0iOnsiZW5hYmxlZCI6ZmFsc2V9LCJsb2FkQmFsYW5jZXIiOnsiYXNzaWduZWQiOjAsInJlYXNzaWduZWQiOjB9LCJtZXNzYWdpbmciOnsiYXNzaWduZWQiOjB9fSwiZXh0ZXJuYWxBdXRob3JpemF0aW9uIjp0cnVlLCJleHRlcm5hbEF1dGhvcml6YXRpb25Qcm92aWRlciI6eyJuYW1lIjoiUG9ydGFsIEFwcGxpY2F0aW9uIE1hbmFnZW1lbnQgU3lzdGVtIChQQU1TKSIsInVybCI6Imh0dHBzOi8vd3NneC10ZXN0LmNpc2NvLmNvbS9wYW1zL2x0L2NlcG1TZXJ2aWNlL3YxLjUvbWdyc3J2cyIsInZlcnNpb24iOiIxLjUifSwiaWRlbnRpdHlNYW5hZ2VtZW50Ijp7InR5cGUiOiJQaW5nRmVkZXJhdGUifSwib2F1dGgyU2V0dGluZ3MiOnsiYXV0aG9yaXphdGlvbkdyYW50cyI6WyJjb2RlIiwidG9rZW4iLCJvd25lciIsImNyZWRlbnRpYWxzIl0sImF1dGhvcml6YXRpb25VcmkiOiJodHRwczovL2Nsb3Vkc3NvLXRlc3QuY2lzY28uY29tL2FzL2F1dGhvcml6YXRpb24ub2F1dGgyIiwiYWNjZXNzVG9rZW5VcmkiOiJodHRwczovL2Nsb3Vkc3NvLXRlc3QuY2lzY28uY29tL2FzL3Rva2VuLm9hdXRoMiIsImdyYW50VHlwZXMiOlt7Im5hbWUiOiJwYXNzd29yZCIsImxhYmVsIjoiUmVzb3VyY2UgT3duZXIgR3JhbnQiLCJyZXF1aXJlZCI6ZmFsc2UsImV4Y2x1ZGUiOltdLCJkZXBlbmRzIjpbXX0seyJuYW1lIjoiaW1wbGljaXQiLCJsYWJlbCI6IkltcGxpY2l0IEdyYW50IiwicmVxdWlyZWQiOmZhbHNlLCJleGNsdWRlIjpbXSwiZGVwZW5kcyI6W119LHsibmFtZSI6ImNsaWVudF9jcmVkZW50aWFscyIsImxhYmVsIjoiQ2xpZW50IENyZWRlbnRpYWxzIEdyYW50IiwicmVxdWlyZWQiOmZhbHNlLCJleGNsdWRlIjpbXSwiZGVwZW5kcyI6W119LHsibmFtZSI6ImF1dGhvcml6YXRpb25fY29kZSIsImxhYmVsIjoiQXV0aG9yaXphdGlvbiBDb2RlIEdyYW50IiwicmVxdWlyZWQiOmZhbHNlLCJleGNsdWRlIjpbXSwiZGVwZW5kcyI6W119LHsibmFtZSI6InJlZnJlc2hfdG9rZW4iLCJsYWJlbCI6IlJlZnJlc2ggVG9rZW4iLCJyZXF1aXJlZCI6ZmFsc2UsImV4Y2x1ZGUiOltdLCJkZXBlbmRzIjpbImF1dGhvcml6YXRpb25fY29kZSIsInBhc3N3b3JkIl19XX19LCJpbnRlcmFjdGl2ZUxvZ2luIjp0cnVlLCJ0b2tlbiI6ImEyYzg0ODE1LThjYjgtNGE3Ni1iNmU0LTg4MGM3ZTc2MGNlYiIsImlhdCI6MTQ4NjU4Njc4OCwiYXVkIjoiaHR0cDovL2FwaS1wbGF0Zm9ybS1hcGkvcmVwb3NpdG9yeSIsImlzcyI6Imh0dHA6Ly9hcGktcGxhdGZvcm0tYXBpL3JlcG9zaXRvcnkifQ.YOsto-KJMgjQZxFXe6FFipYd8TIh4P1HIlJ5Tg6a9Ps
				Accept=*/*
				Content-Type=application/json; charset=UTF-8
Cookies:		&lt;none&gt;
Body:			&lt;none&gt;
Request method:	POST
Request path:	https://qax.anypoint.mulesoft.com/apiplatform/repository/v2/organizations/5000db95-c5d4-487f-925e-3f82f15a5499/apis/2053/versions/2161/contracts/30198/revoke
Proxy:			&lt;none&gt;
Request params:	&lt;none&gt;
Query params:	&lt;none&gt;
Form params:	&lt;none&gt;
Path params:	&lt;none&gt;
Multiparts:		&lt;none&gt;
Headers:		Authorization=Bearer eyJ0eXAiOiJKV1QiLCJhbGciOiJIUzI1NiJ9.eyJpZCI6IjUwMDAzN2NkLTJjZmQtNGRhNC1iZWQ3LTU3Mzg0ZGViMDYyYiIsImZpcnN0TmFtZSI6IkZlZGVyYXRlZCIsImxhc3ROYW1lIjoiRXh0ZXJuYWwiLCJlbWFpbCI6ImNocmlzdG9waGVyLm1vcmR1ZUBtdWxlc29mdC5jb20iLCJ1c2VybmFtZSI6ImZlZGVyYXRlZF9leHRlcm5hbCIsIm9yZ2FuaXphdGlvbiI6eyJpZCI6IjUwMDBkYjk1LWM1ZDQtNDg3Zi05MjVlLTNmODJmMTVhNTQ5OSIsIm5hbWUiOiJGZWRlcmF0ZWQgSW5jIEV4dGVybmFsIEF1dGhvcml6YXRpb24iLCJkb21haW4iOiJmZWRlcmF0ZWQtZXh0ZXJuYWwiLCJlbnRpdGxlbWVudHMiOnsiaHlicmlkIjp7ImVuYWJsZWQiOmZhbHNlfSwiY3JlYXRlU3ViT3JncyI6dHJ1ZSwidkNvcmVzUHJvZHVjdGlvbiI6eyJhc3NpZ25lZCI6MSwicmVhc3NpZ25lZCI6MH0sInZDb3Jlc1NhbmRib3giOnsiYXNzaWduZWQiOjEsInJlYXNzaWduZWQiOjB9LCJnbG9iYWxEZXBsb3ltZW50IjpmYWxzZSwid29ya2VyTG9nZ2luZ092ZXJyaWRlIjp7ImVuYWJsZWQiOmZhbHNlfSwiZ2F0ZXdheXMiOnsiYXNzaWduZWQiOjB9LCJjcmVhdGVFbnZpcm9ubWVudHMiOnRydWUsInBhcnRuZXJzUHJvZHVjdGlvbiI6eyJhc3NpZ25lZCI6MH0sInBhcnRuZXJzU2FuZGJveCI6eyJhc3NpZ25lZCI6MH0sImF1dG9zY2FsaW5nIjpmYWxzZSwic3RhdGljSXBzIjp7ImFzc2lnbmVkIjowLCJyZWFzc2lnbmVkIjowfSwiYXJtQWxlcnRzIjpmYWxzZSwiYXBpcyI6eyJlbmFibGVkIjp0cnVlfSwibXFNZXNzYWdlcyI6eyJiYXNlIjowLCJhZGRPbiI6MH0sIm1xUmVxdWVzdHMiOnsiYmFzZSI6MCwiYWRkT24iOjB9LCJleHRlcm5hbElkZW50aXR5Ijp0cnVlLCJtcUFkdmFuY2VkRmVhdHVyZXMiOnsiZW5hYmxlZCI6ZmFsc2V9LCJ2cGNzIjp7ImFzc2lnbmVkIjowLCJyZWFzc2lnbmVkIjowfSwiaHlicmlkSW5zaWdodCI6ZmFsc2UsImRlc2lnbkNlbnRlciI6eyJtb3phcnQiOmZhbHNlLCJhcGkiOmZhbHNlfSwib2JqZWN0U3RvcmVSZXF1ZXN0VW5pdHMiOnsiYmFzZSI6MTUwMDAwMDAsImFkZE9uIjowfSwib2JqZWN0U3RvcmVLZXlzIjp7ImJhc2UiOjEwMDAwMCwiYWRkT24iOjB9LCJjYW0iOnsiZW5hYmxlZCI6ZmFsc2V9LCJsb2FkQmFsYW5jZXIiOnsiYXNzaWduZWQiOjAsInJlYXNzaWduZWQiOjB9LCJtZXNzYWdpbmciOnsiYXNzaWduZWQiOjB9fSwiZXh0ZXJuYWxBdXRob3JpemF0aW9uIjp0cnVlLCJleHRlcm5hbEF1dGhvcml6YXRpb25Qcm92aWRlciI6eyJuYW1lIjoiUG9ydGFsIEFwcGxpY2F0aW9uIE1hbmFnZW1lbnQgU3lzdGVtIChQQU1TKSIsInVybCI6Imh0dHBzOi8vd3NneC10ZXN0LmNpc2NvLmNvbS9wYW1zL2x0L2NlcG1TZXJ2aWNlL3YxLjUvbWdyc3J2cyIsInZlcnNpb24iOiIxLjUifSwiaWRlbnRpdHlNYW5hZ2VtZW50Ijp7InR5cGUiOiJQaW5nRmVkZXJhdGUifSwib2F1dGgyU2V0dGluZ3MiOnsiYXV0aG9yaXphdGlvbkdyYW50cyI6WyJjb2RlIiwidG9rZW4iLCJvd25lciIsImNyZWRlbnRpYWxzIl0sImF1dGhvcml6YXRpb25VcmkiOiJodHRwczovL2Nsb3Vkc3NvLXRlc3QuY2lzY28uY29tL2FzL2F1dGhvcml6YXRpb24ub2F1dGgyIiwiYWNjZXNzVG9rZW5VcmkiOiJodHRwczovL2Nsb3Vkc3NvLXRlc3QuY2lzY28uY29tL2FzL3Rva2VuLm9hdXRoMiIsImdyYW50VHlwZXMiOlt7Im5hbWUiOiJwYXNzd29yZCIsImxhYmVsIjoiUmVzb3VyY2UgT3duZXIgR3JhbnQiLCJyZXF1aXJlZCI6ZmFsc2UsImV4Y2x1ZGUiOltdLCJkZXBlbmRzIjpbXX0seyJuYW1lIjoiaW1wbGljaXQiLCJsYWJlbCI6IkltcGxpY2l0IEdyYW50IiwicmVxdWlyZWQiOmZhbHNlLCJleGNsdWRlIjpbXSwiZGVwZW5kcyI6W119LHsibmFtZSI6ImNsaWVudF9jcmVkZW50aWFscyIsImxhYmVsIjoiQ2xpZW50IENyZWRlbnRpYWxzIEdyYW50IiwicmVxdWlyZWQiOmZhbHNlLCJleGNsdWRlIjpbXSwiZGVwZW5kcyI6W119LHsibmFtZSI6ImF1dGhvcml6YXRpb25fY29kZSIsImxhYmVsIjoiQXV0aG9yaXphdGlvbiBDb2RlIEdyYW50IiwicmVxdWlyZWQiOmZhbHNlLCJleGNsdWRlIjpbXSwiZGVwZW5kcyI6W119LHsibmFtZSI6InJlZnJlc2hfdG9rZW4iLCJsYWJlbCI6IlJlZnJlc2ggVG9rZW4iLCJyZXF1aXJlZCI6ZmFsc2UsImV4Y2x1ZGUiOltdLCJkZXBlbmRzIjpbImF1dGhvcml6YXRpb25fY29kZSIsInBhc3N3b3JkIl19XX19LCJpbnRlcmFjdGl2ZUxvZ2luIjp0cnVlLCJ0b2tlbiI6ImEyYzg0ODE1LThjYjgtNGE3Ni1iNmU0LTg4MGM3ZTc2MGNlYiIsImlhdCI6MTQ4NjU4Njc4OCwiYXVkIjoiaHR0cDovL2FwaS1wbGF0Zm9ybS1hcGkvcmVwb3NpdG9yeSIsImlzcyI6Imh0dHA6Ly9hcGktcGxhdGZvcm0tYXBpL3JlcG9zaXRvcnkifQ.YOsto-KJMgjQZxFXe6FFipYd8TIh4P1HIlJ5Tg6a9Ps
				Accept=*/*
				Content-Type=application/json; charset=UTF-8
Cookies:		&lt;none&gt;
Body:			&lt;none&gt;
Request method:	POST
Request path:	https://qax.anypoint.mulesoft.com/apiplatform/repository/v2/organizations/5000db95-c5d4-487f-925e-3f82f15a5499/apis/2053/versions/2161/contracts/30242/revoke
Proxy:			&lt;none&gt;
Request params:	&lt;none&gt;
Query params:	&lt;none&gt;
Form params:	&lt;none&gt;
Path params:	&lt;none&gt;
Multiparts:		&lt;none&gt;
Headers:		Authorization=Bearer eyJ0eXAiOiJKV1QiLCJhbGciOiJIUzI1NiJ9.eyJpZCI6IjUwMDAzN2NkLTJjZmQtNGRhNC1iZWQ3LTU3Mzg0ZGViMDYyYiIsImZpcnN0TmFtZSI6IkZlZGVyYXRlZCIsImxhc3ROYW1lIjoiRXh0ZXJuYWwiLCJlbWFpbCI6ImNocmlzdG9waGVyLm1vcmR1ZUBtdWxlc29mdC5jb20iLCJ1c2VybmFtZSI6ImZlZGVyYXRlZF9leHRlcm5hbCIsIm9yZ2FuaXphdGlvbiI6eyJpZCI6IjUwMDBkYjk1LWM1ZDQtNDg3Zi05MjVlLTNmODJmMTVhNTQ5OSIsIm5hbWUiOiJGZWRlcmF0ZWQgSW5jIEV4dGVybmFsIEF1dGhvcml6YXRpb24iLCJkb21haW4iOiJmZWRlcmF0ZWQtZXh0ZXJuYWwiLCJlbnRpdGxlbWVudHMiOnsiaHlicmlkIjp7ImVuYWJsZWQiOmZhbHNlfSwiY3JlYXRlU3ViT3JncyI6dHJ1ZSwidkNvcmVzUHJvZHVjdGlvbiI6eyJhc3NpZ25lZCI6MSwicmVhc3NpZ25lZCI6MH0sInZDb3Jlc1NhbmRib3giOnsiYXNzaWduZWQiOjEsInJlYXNzaWduZWQiOjB9LCJnbG9iYWxEZXBsb3ltZW50IjpmYWxzZSwid29ya2VyTG9nZ2luZ092ZXJyaWRlIjp7ImVuYWJsZWQiOmZhbHNlfSwiZ2F0ZXdheXMiOnsiYXNzaWduZWQiOjB9LCJjcmVhdGVFbnZpcm9ubWVudHMiOnRydWUsInBhcnRuZXJzUHJvZHVjdGlvbiI6eyJhc3NpZ25lZCI6MH0sInBhcnRuZXJzU2FuZGJveCI6eyJhc3NpZ25lZCI6MH0sImF1dG9zY2FsaW5nIjpmYWxzZSwic3RhdGljSXBzIjp7ImFzc2lnbmVkIjowLCJyZWFzc2lnbmVkIjowfSwiYXJtQWxlcnRzIjpmYWxzZSwiYXBpcyI6eyJlbmFibGVkIjp0cnVlfSwibXFNZXNzYWdlcyI6eyJiYXNlIjowLCJhZGRPbiI6MH0sIm1xUmVxdWVzdHMiOnsiYmFzZSI6MCwiYWRkT24iOjB9LCJleHRlcm5hbElkZW50aXR5Ijp0cnVlLCJtcUFkdmFuY2VkRmVhdHVyZXMiOnsiZW5hYmxlZCI6ZmFsc2V9LCJ2cGNzIjp7ImFzc2lnbmVkIjowLCJyZWFzc2lnbmVkIjowfSwiaHlicmlkSW5zaWdodCI6ZmFsc2UsImRlc2lnbkNlbnRlciI6eyJtb3phcnQiOmZhbHNlLCJhcGkiOmZhbHNlfSwib2JqZWN0U3RvcmVSZXF1ZXN0VW5pdHMiOnsiYmFzZSI6MTUwMDAwMDAsImFkZE9uIjowfSwib2JqZWN0U3RvcmVLZXlzIjp7ImJhc2UiOjEwMDAwMCwiYWRkT24iOjB9LCJjYW0iOnsiZW5hYmxlZCI6ZmFsc2V9LCJsb2FkQmFsYW5jZXIiOnsiYXNzaWduZWQiOjAsInJlYXNzaWduZWQiOjB9LCJtZXNzYWdpbmciOnsiYXNzaWduZWQiOjB9fSwiZXh0ZXJuYWxBdXRob3JpemF0aW9uIjp0cnVlLCJleHRlcm5hbEF1dGhvcml6YXRpb25Qcm92aWRlciI6eyJuYW1lIjoiUG9ydGFsIEFwcGxpY2F0aW9uIE1hbmFnZW1lbnQgU3lzdGVtIChQQU1TKSIsInVybCI6Imh0dHBzOi8vd3NneC10ZXN0LmNpc2NvLmNvbS9wYW1zL2x0L2NlcG1TZXJ2aWNlL3YxLjUvbWdyc3J2cyIsInZlcnNpb24iOiIxLjUifSwiaWRlbnRpdHlNYW5hZ2VtZW50Ijp7InR5cGUiOiJQaW5nRmVkZXJhdGUifSwib2F1dGgyU2V0dGluZ3MiOnsiYXV0aG9yaXphdGlvbkdyYW50cyI6WyJjb2RlIiwidG9rZW4iLCJvd25lciIsImNyZWRlbnRpYWxzIl0sImF1dGhvcml6YXRpb25VcmkiOiJodHRwczovL2Nsb3Vkc3NvLXRlc3QuY2lzY28uY29tL2FzL2F1dGhvcml6YXRpb24ub2F1dGgyIiwiYWNjZXNzVG9rZW5VcmkiOiJodHRwczovL2Nsb3Vkc3NvLXRlc3QuY2lzY28uY29tL2FzL3Rva2VuLm9hdXRoMiIsImdyYW50VHlwZXMiOlt7Im5hbWUiOiJwYXNzd29yZCIsImxhYmVsIjoiUmVzb3VyY2UgT3duZXIgR3JhbnQiLCJyZXF1aXJlZCI6ZmFsc2UsImV4Y2x1ZGUiOltdLCJkZXBlbmRzIjpbXX0seyJuYW1lIjoiaW1wbGljaXQiLCJsYWJlbCI6IkltcGxpY2l0IEdyYW50IiwicmVxdWlyZWQiOmZhbHNlLCJleGNsdWRlIjpbXSwiZGVwZW5kcyI6W119LHsibmFtZSI6ImNsaWVudF9jcmVkZW50aWFscyIsImxhYmVsIjoiQ2xpZW50IENyZWRlbnRpYWxzIEdyYW50IiwicmVxdWlyZWQiOmZhbHNlLCJleGNsdWRlIjpbXSwiZGVwZW5kcyI6W119LHsibmFtZSI6ImF1dGhvcml6YXRpb25fY29kZSIsImxhYmVsIjoiQXV0aG9yaXphdGlvbiBDb2RlIEdyYW50IiwicmVxdWlyZWQiOmZhbHNlLCJleGNsdWRlIjpbXSwiZGVwZW5kcyI6W119LHsibmFtZSI6InJlZnJlc2hfdG9rZW4iLCJsYWJlbCI6IlJlZnJlc2ggVG9rZW4iLCJyZXF1aXJlZCI6ZmFsc2UsImV4Y2x1ZGUiOltdLCJkZXBlbmRzIjpbImF1dGhvcml6YXRpb25fY29kZSIsInBhc3N3b3JkIl19XX19LCJpbnRlcmFjdGl2ZUxvZ2luIjp0cnVlLCJ0b2tlbiI6ImEyYzg0ODE1LThjYjgtNGE3Ni1iNmU0LTg4MGM3ZTc2MGNlYiIsImlhdCI6MTQ4NjU4Njc4OCwiYXVkIjoiaHR0cDovL2FwaS1wbGF0Zm9ybS1hcGkvcmVwb3NpdG9yeSIsImlzcyI6Imh0dHA6Ly9hcGktcGxhdGZvcm0tYXBpL3JlcG9zaXRvcnkifQ.YOsto-KJMgjQZxFXe6FFipYd8TIh4P1HIlJ5Tg6a9Ps
				Accept=*/*
				Content-Type=application/json; charset=UTF-8
Cookies:		&lt;none&gt;
Body:			&lt;none&gt;
Request method:	POST
Request path:	https://qax.anypoint.mulesoft.com/apiplatform/repository/v2/organizations/5000db95-c5d4-487f-925e-3f82f15a5499/apis/2053/versions/2161/contracts/30271/revoke
Proxy:			&lt;none&gt;
Request params:	&lt;none&gt;
Query params:	&lt;none&gt;
Form params:	&lt;none&gt;
Path params:	&lt;none&gt;
Multiparts:		&lt;none&gt;
Headers:		Authorization=Bearer eyJ0eXAiOiJKV1QiLCJhbGciOiJIUzI1NiJ9.eyJpZCI6IjUwMDAzN2NkLTJjZmQtNGRhNC1iZWQ3LTU3Mzg0ZGViMDYyYiIsImZpcnN0TmFtZSI6IkZlZGVyYXRlZCIsImxhc3ROYW1lIjoiRXh0ZXJuYWwiLCJlbWFpbCI6ImNocmlzdG9waGVyLm1vcmR1ZUBtdWxlc29mdC5jb20iLCJ1c2VybmFtZSI6ImZlZGVyYXRlZF9leHRlcm5hbCIsIm9yZ2FuaXphdGlvbiI6eyJpZCI6IjUwMDBkYjk1LWM1ZDQtNDg3Zi05MjVlLTNmODJmMTVhNTQ5OSIsIm5hbWUiOiJGZWRlcmF0ZWQgSW5jIEV4dGVybmFsIEF1dGhvcml6YXRpb24iLCJkb21haW4iOiJmZWRlcmF0ZWQtZXh0ZXJuYWwiLCJlbnRpdGxlbWVudHMiOnsiaHlicmlkIjp7ImVuYWJsZWQiOmZhbHNlfSwiY3JlYXRlU3ViT3JncyI6dHJ1ZSwidkNvcmVzUHJvZHVjdGlvbiI6eyJhc3NpZ25lZCI6MSwicmVhc3NpZ25lZCI6MH0sInZDb3Jlc1NhbmRib3giOnsiYXNzaWduZWQiOjEsInJlYXNzaWduZWQiOjB9LCJnbG9iYWxEZXBsb3ltZW50IjpmYWxzZSwid29ya2VyTG9nZ2luZ092ZXJyaWRlIjp7ImVuYWJsZWQiOmZhbHNlfSwiZ2F0ZXdheXMiOnsiYXNzaWduZWQiOjB9LCJjcmVhdGVFbnZpcm9ubWVudHMiOnRydWUsInBhcnRuZXJzUHJvZHVjdGlvbiI6eyJhc3NpZ25lZCI6MH0sInBhcnRuZXJzU2FuZGJveCI6eyJhc3NpZ25lZCI6MH0sImF1dG9zY2FsaW5nIjpmYWxzZSwic3RhdGljSXBzIjp7ImFzc2lnbmVkIjowLCJyZWFzc2lnbmVkIjowfSwiYXJtQWxlcnRzIjpmYWxzZSwiYXBpcyI6eyJlbmFibGVkIjp0cnVlfSwibXFNZXNzYWdlcyI6eyJiYXNlIjowLCJhZGRPbiI6MH0sIm1xUmVxdWVzdHMiOnsiYmFzZSI6MCwiYWRkT24iOjB9LCJleHRlcm5hbElkZW50aXR5Ijp0cnVlLCJtcUFkdmFuY2VkRmVhdHVyZXMiOnsiZW5hYmxlZCI6ZmFsc2V9LCJ2cGNzIjp7ImFzc2lnbmVkIjowLCJyZWFzc2lnbmVkIjowfSwiaHlicmlkSW5zaWdodCI6ZmFsc2UsImRlc2lnbkNlbnRlciI6eyJtb3phcnQiOmZhbHNlLCJhcGkiOmZhbHNlfSwib2JqZWN0U3RvcmVSZXF1ZXN0VW5pdHMiOnsiYmFzZSI6MTUwMDAwMDAsImFkZE9uIjowfSwib2JqZWN0U3RvcmVLZXlzIjp7ImJhc2UiOjEwMDAwMCwiYWRkT24iOjB9LCJjYW0iOnsiZW5hYmxlZCI6ZmFsc2V9LCJsb2FkQmFsYW5jZXIiOnsiYXNzaWduZWQiOjAsInJlYXNzaWduZWQiOjB9LCJtZXNzYWdpbmciOnsiYXNzaWduZWQiOjB9fSwiZXh0ZXJuYWxBdXRob3JpemF0aW9uIjp0cnVlLCJleHRlcm5hbEF1dGhvcml6YXRpb25Qcm92aWRlciI6eyJuYW1lIjoiUG9ydGFsIEFwcGxpY2F0aW9uIE1hbmFnZW1lbnQgU3lzdGVtIChQQU1TKSIsInVybCI6Imh0dHBzOi8vd3NneC10ZXN0LmNpc2NvLmNvbS9wYW1zL2x0L2NlcG1TZXJ2aWNlL3YxLjUvbWdyc3J2cyIsInZlcnNpb24iOiIxLjUifSwiaWRlbnRpdHlNYW5hZ2VtZW50Ijp7InR5cGUiOiJQaW5nRmVkZXJhdGUifSwib2F1dGgyU2V0dGluZ3MiOnsiYXV0aG9yaXphdGlvbkdyYW50cyI6WyJjb2RlIiwidG9rZW4iLCJvd25lciIsImNyZWRlbnRpYWxzIl0sImF1dGhvcml6YXRpb25VcmkiOiJodHRwczovL2Nsb3Vkc3NvLXRlc3QuY2lzY28uY29tL2FzL2F1dGhvcml6YXRpb24ub2F1dGgyIiwiYWNjZXNzVG9rZW5VcmkiOiJodHRwczovL2Nsb3Vkc3NvLXRlc3QuY2lzY28uY29tL2FzL3Rva2VuLm9hdXRoMiIsImdyYW50VHlwZXMiOlt7Im5hbWUiOiJwYXNzd29yZCIsImxhYmVsIjoiUmVzb3VyY2UgT3duZXIgR3JhbnQiLCJyZXF1aXJlZCI6ZmFsc2UsImV4Y2x1ZGUiOltdLCJkZXBlbmRzIjpbXX0seyJuYW1lIjoiaW1wbGljaXQiLCJsYWJlbCI6IkltcGxpY2l0IEdyYW50IiwicmVxdWlyZWQiOmZhbHNlLCJleGNsdWRlIjpbXSwiZGVwZW5kcyI6W119LHsibmFtZSI6ImNsaWVudF9jcmVkZW50aWFscyIsImxhYmVsIjoiQ2xpZW50IENyZWRlbnRpYWxzIEdyYW50IiwicmVxdWlyZWQiOmZhbHNlLCJleGNsdWRlIjpbXSwiZGVwZW5kcyI6W119LHsibmFtZSI6ImF1dGhvcml6YXRpb25fY29kZSIsImxhYmVsIjoiQXV0aG9yaXphdGlvbiBDb2RlIEdyYW50IiwicmVxdWlyZWQiOmZhbHNlLCJleGNsdWRlIjpbXSwiZGVwZW5kcyI6W119LHsibmFtZSI6InJlZnJlc2hfdG9rZW4iLCJsYWJlbCI6IlJlZnJlc2ggVG9rZW4iLCJyZXF1aXJlZCI6ZmFsc2UsImV4Y2x1ZGUiOltdLCJkZXBlbmRzIjpbImF1dGhvcml6YXRpb25fY29kZSIsInBhc3N3b3JkIl19XX19LCJpbnRlcmFjdGl2ZUxvZ2luIjp0cnVlLCJ0b2tlbiI6ImEyYzg0ODE1LThjYjgtNGE3Ni1iNmU0LTg4MGM3ZTc2MGNlYiIsImlhdCI6MTQ4NjU4Njc4OCwiYXVkIjoiaHR0cDovL2FwaS1wbGF0Zm9ybS1hcGkvcmVwb3NpdG9yeSIsImlzcyI6Imh0dHA6Ly9hcGktcGxhdGZvcm0tYXBpL3JlcG9zaXRvcnkifQ.YOsto-KJMgjQZxFXe6FFipYd8TIh4P1HIlJ5Tg6a9Ps
				Accept=*/*
				Content-Type=application/json; charset=UTF-8
Cookies:		&lt;none&gt;
Body:			&lt;none&gt;
Request method:	POST
Request path:	https://qax.anypoint.mulesoft.com/apiplatform/repository/v2/organizations/5000db95-c5d4-487f-925e-3f82f15a5499/apis/2053/versions/2161/contracts/30251/revoke
Proxy:			&lt;none&gt;
Request params:	&lt;none&gt;
Query params:	&lt;none&gt;
Form params:	&lt;none&gt;
Path params:	&lt;none&gt;
Multiparts:		&lt;none&gt;
Headers:		Authorization=Bearer eyJ0eXAiOiJKV1QiLCJhbGciOiJIUzI1NiJ9.eyJpZCI6IjUwMDAzN2NkLTJjZmQtNGRhNC1iZWQ3LTU3Mzg0ZGViMDYyYiIsImZpcnN0TmFtZSI6IkZlZGVyYXRlZCIsImxhc3ROYW1lIjoiRXh0ZXJuYWwiLCJlbWFpbCI6ImNocmlzdG9waGVyLm1vcmR1ZUBtdWxlc29mdC5jb20iLCJ1c2VybmFtZSI6ImZlZGVyYXRlZF9leHRlcm5hbCIsIm9yZ2FuaXphdGlvbiI6eyJpZCI6IjUwMDBkYjk1LWM1ZDQtNDg3Zi05MjVlLTNmODJmMTVhNTQ5OSIsIm5hbWUiOiJGZWRlcmF0ZWQgSW5jIEV4dGVybmFsIEF1dGhvcml6YXRpb24iLCJkb21haW4iOiJmZWRlcmF0ZWQtZXh0ZXJuYWwiLCJlbnRpdGxlbWVudHMiOnsiaHlicmlkIjp7ImVuYWJsZWQiOmZhbHNlfSwiY3JlYXRlU3ViT3JncyI6dHJ1ZSwidkNvcmVzUHJvZHVjdGlvbiI6eyJhc3NpZ25lZCI6MSwicmVhc3NpZ25lZCI6MH0sInZDb3Jlc1NhbmRib3giOnsiYXNzaWduZWQiOjEsInJlYXNzaWduZWQiOjB9LCJnbG9iYWxEZXBsb3ltZW50IjpmYWxzZSwid29ya2VyTG9nZ2luZ092ZXJyaWRlIjp7ImVuYWJsZWQiOmZhbHNlfSwiZ2F0ZXdheXMiOnsiYXNzaWduZWQiOjB9LCJjcmVhdGVFbnZpcm9ubWVudHMiOnRydWUsInBhcnRuZXJzUHJvZHVjdGlvbiI6eyJhc3NpZ25lZCI6MH0sInBhcnRuZXJzU2FuZGJveCI6eyJhc3NpZ25lZCI6MH0sImF1dG9zY2FsaW5nIjpmYWxzZSwic3RhdGljSXBzIjp7ImFzc2lnbmVkIjowLCJyZWFzc2lnbmVkIjowfSwiYXJtQWxlcnRzIjpmYWxzZSwiYXBpcyI6eyJlbmFibGVkIjp0cnVlfSwibXFNZXNzYWdlcyI6eyJiYXNlIjowLCJhZGRPbiI6MH0sIm1xUmVxdWVzdHMiOnsiYmFzZSI6MCwiYWRkT24iOjB9LCJleHRlcm5hbElkZW50aXR5Ijp0cnVlLCJtcUFkdmFuY2VkRmVhdHVyZXMiOnsiZW5hYmxlZCI6ZmFsc2V9LCJ2cGNzIjp7ImFzc2lnbmVkIjowLCJyZWFzc2lnbmVkIjowfSwiaHlicmlkSW5zaWdodCI6ZmFsc2UsImRlc2lnbkNlbnRlciI6eyJtb3phcnQiOmZhbHNlLCJhcGkiOmZhbHNlfSwib2JqZWN0U3RvcmVSZXF1ZXN0VW5pdHMiOnsiYmFzZSI6MTUwMDAwMDAsImFkZE9uIjowfSwib2JqZWN0U3RvcmVLZXlzIjp7ImJhc2UiOjEwMDAwMCwiYWRkT24iOjB9LCJjYW0iOnsiZW5hYmxlZCI6ZmFsc2V9LCJsb2FkQmFsYW5jZXIiOnsiYXNzaWduZWQiOjAsInJlYXNzaWduZWQiOjB9LCJtZXNzYWdpbmciOnsiYXNzaWduZWQiOjB9fSwiZXh0ZXJuYWxBdXRob3JpemF0aW9uIjp0cnVlLCJleHRlcm5hbEF1dGhvcml6YXRpb25Qcm92aWRlciI6eyJuYW1lIjoiUG9ydGFsIEFwcGxpY2F0aW9uIE1hbmFnZW1lbnQgU3lzdGVtIChQQU1TKSIsInVybCI6Imh0dHBzOi8vd3NneC10ZXN0LmNpc2NvLmNvbS9wYW1zL2x0L2NlcG1TZXJ2aWNlL3YxLjUvbWdyc3J2cyIsInZlcnNpb24iOiIxLjUifSwiaWRlbnRpdHlNYW5hZ2VtZW50Ijp7InR5cGUiOiJQaW5nRmVkZXJhdGUifSwib2F1dGgyU2V0dGluZ3MiOnsiYXV0aG9yaXphdGlvbkdyYW50cyI6WyJjb2RlIiwidG9rZW4iLCJvd25lciIsImNyZWRlbnRpYWxzIl0sImF1dGhvcml6YXRpb25VcmkiOiJodHRwczovL2Nsb3Vkc3NvLXRlc3QuY2lzY28uY29tL2FzL2F1dGhvcml6YXRpb24ub2F1dGgyIiwiYWNjZXNzVG9rZW5VcmkiOiJodHRwczovL2Nsb3Vkc3NvLXRlc3QuY2lzY28uY29tL2FzL3Rva2VuLm9hdXRoMiIsImdyYW50VHlwZXMiOlt7Im5hbWUiOiJwYXNzd29yZCIsImxhYmVsIjoiUmVzb3VyY2UgT3duZXIgR3JhbnQiLCJyZXF1aXJlZCI6ZmFsc2UsImV4Y2x1ZGUiOltdLCJkZXBlbmRzIjpbXX0seyJuYW1lIjoiaW1wbGljaXQiLCJsYWJlbCI6IkltcGxpY2l0IEdyYW50IiwicmVxdWlyZWQiOmZhbHNlLCJleGNsdWRlIjpbXSwiZGVwZW5kcyI6W119LHsibmFtZSI6ImNsaWVudF9jcmVkZW50aWFscyIsImxhYmVsIjoiQ2xpZW50IENyZWRlbnRpYWxzIEdyYW50IiwicmVxdWlyZWQiOmZhbHNlLCJleGNsdWRlIjpbXSwiZGVwZW5kcyI6W119LHsibmFtZSI6ImF1dGhvcml6YXRpb25fY29kZSIsImxhYmVsIjoiQXV0aG9yaXphdGlvbiBDb2RlIEdyYW50IiwicmVxdWlyZWQiOmZhbHNlLCJleGNsdWRlIjpbXSwiZGVwZW5kcyI6W119LHsibmFtZSI6InJlZnJlc2hfdG9rZW4iLCJsYWJlbCI6IlJlZnJlc2ggVG9rZW4iLCJyZXF1aXJlZCI6ZmFsc2UsImV4Y2x1ZGUiOltdLCJkZXBlbmRzIjpbImF1dGhvcml6YXRpb25fY29kZSIsInBhc3N3b3JkIl19XX19LCJpbnRlcmFjdGl2ZUxvZ2luIjp0cnVlLCJ0b2tlbiI6ImEyYzg0ODE1LThjYjgtNGE3Ni1iNmU0LTg4MGM3ZTc2MGNlYiIsImlhdCI6MTQ4NjU4Njc4OCwiYXVkIjoiaHR0cDovL2FwaS1wbGF0Zm9ybS1hcGkvcmVwb3NpdG9yeSIsImlzcyI6Imh0dHA6Ly9hcGktcGxhdGZvcm0tYXBpL3JlcG9zaXRvcnkifQ.YOsto-KJMgjQZxFXe6FFipYd8TIh4P1HIlJ5Tg6a9Ps
				Accept=*/*
				Content-Type=application/json; charset=UTF-8
Cookies:		&lt;none&gt;
Body:			&lt;none&gt;
Request method:	POST
Request path:	https://qax.anypoint.mulesoft.com/apiplatform/repository/v2/organizations/5000db95-c5d4-487f-925e-3f82f15a5499/apis/2053/versions/2161/contracts/30277/revoke
Proxy:			&lt;none&gt;
Request params:	&lt;none&gt;
Query params:	&lt;none&gt;
Form params:	&lt;none&gt;
Path params:	&lt;none&gt;
Multiparts:		&lt;none&gt;
Headers:		Authorization=Bearer eyJ0eXAiOiJKV1QiLCJhbGciOiJIUzI1NiJ9.eyJpZCI6IjUwMDAzN2NkLTJjZmQtNGRhNC1iZWQ3LTU3Mzg0ZGViMDYyYiIsImZpcnN0TmFtZSI6IkZlZGVyYXRlZCIsImxhc3ROYW1lIjoiRXh0ZXJuYWwiLCJlbWFpbCI6ImNocmlzdG9waGVyLm1vcmR1ZUBtdWxlc29mdC5jb20iLCJ1c2VybmFtZSI6ImZlZGVyYXRlZF9leHRlcm5hbCIsIm9yZ2FuaXphdGlvbiI6eyJpZCI6IjUwMDBkYjk1LWM1ZDQtNDg3Zi05MjVlLTNmODJmMTVhNTQ5OSIsIm5hbWUiOiJGZWRlcmF0ZWQgSW5jIEV4dGVybmFsIEF1dGhvcml6YXRpb24iLCJkb21haW4iOiJmZWRlcmF0ZWQtZXh0ZXJuYWwiLCJlbnRpdGxlbWVudHMiOnsiaHlicmlkIjp7ImVuYWJsZWQiOmZhbHNlfSwiY3JlYXRlU3ViT3JncyI6dHJ1ZSwidkNvcmVzUHJvZHVjdGlvbiI6eyJhc3NpZ25lZCI6MSwicmVhc3NpZ25lZCI6MH0sInZDb3Jlc1NhbmRib3giOnsiYXNzaWduZWQiOjEsInJlYXNzaWduZWQiOjB9LCJnbG9iYWxEZXBsb3ltZW50IjpmYWxzZSwid29ya2VyTG9nZ2luZ092ZXJyaWRlIjp7ImVuYWJsZWQiOmZhbHNlfSwiZ2F0ZXdheXMiOnsiYXNzaWduZWQiOjB9LCJjcmVhdGVFbnZpcm9ubWVudHMiOnRydWUsInBhcnRuZXJzUHJvZHVjdGlvbiI6eyJhc3NpZ25lZCI6MH0sInBhcnRuZXJzU2FuZGJveCI6eyJhc3NpZ25lZCI6MH0sImF1dG9zY2FsaW5nIjpmYWxzZSwic3RhdGljSXBzIjp7ImFzc2lnbmVkIjowLCJyZWFzc2lnbmVkIjowfSwiYXJtQWxlcnRzIjpmYWxzZSwiYXBpcyI6eyJlbmFibGVkIjp0cnVlfSwibXFNZXNzYWdlcyI6eyJiYXNlIjowLCJhZGRPbiI6MH0sIm1xUmVxdWVzdHMiOnsiYmFzZSI6MCwiYWRkT24iOjB9LCJleHRlcm5hbElkZW50aXR5Ijp0cnVlLCJtcUFkdmFuY2VkRmVhdHVyZXMiOnsiZW5hYmxlZCI6ZmFsc2V9LCJ2cGNzIjp7ImFzc2lnbmVkIjowLCJyZWFzc2lnbmVkIjowfSwiaHlicmlkSW5zaWdodCI6ZmFsc2UsImRlc2lnbkNlbnRlciI6eyJtb3phcnQiOmZhbHNlLCJhcGkiOmZhbHNlfSwib2JqZWN0U3RvcmVSZXF1ZXN0VW5pdHMiOnsiYmFzZSI6MTUwMDAwMDAsImFkZE9uIjowfSwib2JqZWN0U3RvcmVLZXlzIjp7ImJhc2UiOjEwMDAwMCwiYWRkT24iOjB9LCJjYW0iOnsiZW5hYmxlZCI6ZmFsc2V9LCJsb2FkQmFsYW5jZXIiOnsiYXNzaWduZWQiOjAsInJlYXNzaWduZWQiOjB9LCJtZXNzYWdpbmciOnsiYXNzaWduZWQiOjB9fSwiZXh0ZXJuYWxBdXRob3JpemF0aW9uIjp0cnVlLCJleHRlcm5hbEF1dGhvcml6YXRpb25Qcm92aWRlciI6eyJuYW1lIjoiUG9ydGFsIEFwcGxpY2F0aW9uIE1hbmFnZW1lbnQgU3lzdGVtIChQQU1TKSIsInVybCI6Imh0dHBzOi8vd3NneC10ZXN0LmNpc2NvLmNvbS9wYW1zL2x0L2NlcG1TZXJ2aWNlL3YxLjUvbWdyc3J2cyIsInZlcnNpb24iOiIxLjUifSwiaWRlbnRpdHlNYW5hZ2VtZW50Ijp7InR5cGUiOiJQaW5nRmVkZXJhdGUifSwib2F1dGgyU2V0dGluZ3MiOnsiYXV0aG9yaXphdGlvbkdyYW50cyI6WyJjb2RlIiwidG9rZW4iLCJvd25lciIsImNyZWRlbnRpYWxzIl0sImF1dGhvcml6YXRpb25VcmkiOiJodHRwczovL2Nsb3Vkc3NvLXRlc3QuY2lzY28uY29tL2FzL2F1dGhvcml6YXRpb24ub2F1dGgyIiwiYWNjZXNzVG9rZW5VcmkiOiJodHRwczovL2Nsb3Vkc3NvLXRlc3QuY2lzY28uY29tL2FzL3Rva2VuLm9hdXRoMiIsImdyYW50VHlwZXMiOlt7Im5hbWUiOiJwYXNzd29yZCIsImxhYmVsIjoiUmVzb3VyY2UgT3duZXIgR3JhbnQiLCJyZXF1aXJlZCI6ZmFsc2UsImV4Y2x1ZGUiOltdLCJkZXBlbmRzIjpbXX0seyJuYW1lIjoiaW1wbGljaXQiLCJsYWJlbCI6IkltcGxpY2l0IEdyYW50IiwicmVxdWlyZWQiOmZhbHNlLCJleGNsdWRlIjpbXSwiZGVwZW5kcyI6W119LHsibmFtZSI6ImNsaWVudF9jcmVkZW50aWFscyIsImxhYmVsIjoiQ2xpZW50IENyZWRlbnRpYWxzIEdyYW50IiwicmVxdWlyZWQiOmZhbHNlLCJleGNsdWRlIjpbXSwiZGVwZW5kcyI6W119LHsibmFtZSI6ImF1dGhvcml6YXRpb25fY29kZSIsImxhYmVsIjoiQXV0aG9yaXphdGlvbiBDb2RlIEdyYW50IiwicmVxdWlyZWQiOmZhbHNlLCJleGNsdWRlIjpbXSwiZGVwZW5kcyI6W119LHsibmFtZSI6InJlZnJlc2hfdG9rZW4iLCJsYWJlbCI6IlJlZnJlc2ggVG9rZW4iLCJyZXF1aXJlZCI6ZmFsc2UsImV4Y2x1ZGUiOltdLCJkZXBlbmRzIjpbImF1dGhvcml6YXRpb25fY29kZSIsInBhc3N3b3JkIl19XX19LCJpbnRlcmFjdGl2ZUxvZ2luIjp0cnVlLCJ0b2tlbiI6ImEyYzg0ODE1LThjYjgtNGE3Ni1iNmU0LTg4MGM3ZTc2MGNlYiIsImlhdCI6MTQ4NjU4Njc4OCwiYXVkIjoiaHR0cDovL2FwaS1wbGF0Zm9ybS1hcGkvcmVwb3NpdG9yeSIsImlzcyI6Imh0dHA6Ly9hcGktcGxhdGZvcm0tYXBpL3JlcG9zaXRvcnkifQ.YOsto-KJMgjQZxFXe6FFipYd8TIh4P1HIlJ5Tg6a9Ps
				Accept=*/*
				Content-Type=application/json; charset=UTF-8
Cookies:		&lt;none&gt;
Body:			&lt;none&gt;
Request method:	POST
Request path:	https://qax.anypoint.mulesoft.com/apiplatform/repository/v2/organizations/5000db95-c5d4-487f-925e-3f82f15a5499/apis/2053/versions/2161/contracts/30280/revoke
Proxy:			&lt;none&gt;
Request params:	&lt;none&gt;
Query params:	&lt;none&gt;
Form params:	&lt;none&gt;
Path params:	&lt;none&gt;
Multiparts:		&lt;none&gt;
Headers:		Authorization=Bearer eyJ0eXAiOiJKV1QiLCJhbGciOiJIUzI1NiJ9.eyJpZCI6IjUwMDAzN2NkLTJjZmQtNGRhNC1iZWQ3LTU3Mzg0ZGViMDYyYiIsImZpcnN0TmFtZSI6IkZlZGVyYXRlZCIsImxhc3ROYW1lIjoiRXh0ZXJuYWwiLCJlbWFpbCI6ImNocmlzdG9waGVyLm1vcmR1ZUBtdWxlc29mdC5jb20iLCJ1c2VybmFtZSI6ImZlZGVyYXRlZF9leHRlcm5hbCIsIm9yZ2FuaXphdGlvbiI6eyJpZCI6IjUwMDBkYjk1LWM1ZDQtNDg3Zi05MjVlLTNmODJmMTVhNTQ5OSIsIm5hbWUiOiJGZWRlcmF0ZWQgSW5jIEV4dGVybmFsIEF1dGhvcml6YXRpb24iLCJkb21haW4iOiJmZWRlcmF0ZWQtZXh0ZXJuYWwiLCJlbnRpdGxlbWVudHMiOnsiaHlicmlkIjp7ImVuYWJsZWQiOmZhbHNlfSwiY3JlYXRlU3ViT3JncyI6dHJ1ZSwidkNvcmVzUHJvZHVjdGlvbiI6eyJhc3NpZ25lZCI6MSwicmVhc3NpZ25lZCI6MH0sInZDb3Jlc1NhbmRib3giOnsiYXNzaWduZWQiOjEsInJlYXNzaWduZWQiOjB9LCJnbG9iYWxEZXBsb3ltZW50IjpmYWxzZSwid29ya2VyTG9nZ2luZ092ZXJyaWRlIjp7ImVuYWJsZWQiOmZhbHNlfSwiZ2F0ZXdheXMiOnsiYXNzaWduZWQiOjB9LCJjcmVhdGVFbnZpcm9ubWVudHMiOnRydWUsInBhcnRuZXJzUHJvZHVjdGlvbiI6eyJhc3NpZ25lZCI6MH0sInBhcnRuZXJzU2FuZGJveCI6eyJhc3NpZ25lZCI6MH0sImF1dG9zY2FsaW5nIjpmYWxzZSwic3RhdGljSXBzIjp7ImFzc2lnbmVkIjowLCJyZWFzc2lnbmVkIjowfSwiYXJtQWxlcnRzIjpmYWxzZSwiYXBpcyI6eyJlbmFibGVkIjp0cnVlfSwibXFNZXNzYWdlcyI6eyJiYXNlIjowLCJhZGRPbiI6MH0sIm1xUmVxdWVzdHMiOnsiYmFzZSI6MCwiYWRkT24iOjB9LCJleHRlcm5hbElkZW50aXR5Ijp0cnVlLCJtcUFkdmFuY2VkRmVhdHVyZXMiOnsiZW5hYmxlZCI6ZmFsc2V9LCJ2cGNzIjp7ImFzc2lnbmVkIjowLCJyZWFzc2lnbmVkIjowfSwiaHlicmlkSW5zaWdodCI6ZmFsc2UsImRlc2lnbkNlbnRlciI6eyJtb3phcnQiOmZhbHNlLCJhcGkiOmZhbHNlfSwib2JqZWN0U3RvcmVSZXF1ZXN0VW5pdHMiOnsiYmFzZSI6MTUwMDAwMDAsImFkZE9uIjowfSwib2JqZWN0U3RvcmVLZXlzIjp7ImJhc2UiOjEwMDAwMCwiYWRkT24iOjB9LCJjYW0iOnsiZW5hYmxlZCI6ZmFsc2V9LCJsb2FkQmFsYW5jZXIiOnsiYXNzaWduZWQiOjAsInJlYXNzaWduZWQiOjB9LCJtZXNzYWdpbmciOnsiYXNzaWduZWQiOjB9fSwiZXh0ZXJuYWxBdXRob3JpemF0aW9uIjp0cnVlLCJleHRlcm5hbEF1dGhvcml6YXRpb25Qcm92aWRlciI6eyJuYW1lIjoiUG9ydGFsIEFwcGxpY2F0aW9uIE1hbmFnZW1lbnQgU3lzdGVtIChQQU1TKSIsInVybCI6Imh0dHBzOi8vd3NneC10ZXN0LmNpc2NvLmNvbS9wYW1zL2x0L2NlcG1TZXJ2aWNlL3YxLjUvbWdyc3J2cyIsInZlcnNpb24iOiIxLjUifSwiaWRlbnRpdHlNYW5hZ2VtZW50Ijp7InR5cGUiOiJQaW5nRmVkZXJhdGUifSwib2F1dGgyU2V0dGluZ3MiOnsiYXV0aG9yaXphdGlvbkdyYW50cyI6WyJjb2RlIiwidG9rZW4iLCJvd25lciIsImNyZWRlbnRpYWxzIl0sImF1dGhvcml6YXRpb25VcmkiOiJodHRwczovL2Nsb3Vkc3NvLXRlc3QuY2lzY28uY29tL2FzL2F1dGhvcml6YXRpb24ub2F1dGgyIiwiYWNjZXNzVG9rZW5VcmkiOiJodHRwczovL2Nsb3Vkc3NvLXRlc3QuY2lzY28uY29tL2FzL3Rva2VuLm9hdXRoMiIsImdyYW50VHlwZXMiOlt7Im5hbWUiOiJwYXNzd29yZCIsImxhYmVsIjoiUmVzb3VyY2UgT3duZXIgR3JhbnQiLCJyZXF1aXJlZCI6ZmFsc2UsImV4Y2x1ZGUiOltdLCJkZXBlbmRzIjpbXX0seyJuYW1lIjoiaW1wbGljaXQiLCJsYWJlbCI6IkltcGxpY2l0IEdyYW50IiwicmVxdWlyZWQiOmZhbHNlLCJleGNsdWRlIjpbXSwiZGVwZW5kcyI6W119LHsibmFtZSI6ImNsaWVudF9jcmVkZW50aWFscyIsImxhYmVsIjoiQ2xpZW50IENyZWRlbnRpYWxzIEdyYW50IiwicmVxdWlyZWQiOmZhbHNlLCJleGNsdWRlIjpbXSwiZGVwZW5kcyI6W119LHsibmFtZSI6ImF1dGhvcml6YXRpb25fY29kZSIsImxhYmVsIjoiQXV0aG9yaXphdGlvbiBDb2RlIEdyYW50IiwicmVxdWlyZWQiOmZhbHNlLCJleGNsdWRlIjpbXSwiZGVwZW5kcyI6W119LHsibmFtZSI6InJlZnJlc2hfdG9rZW4iLCJsYWJlbCI6IlJlZnJlc2ggVG9rZW4iLCJyZXF1aXJlZCI6ZmFsc2UsImV4Y2x1ZGUiOltdLCJkZXBlbmRzIjpbImF1dGhvcml6YXRpb25fY29kZSIsInBhc3N3b3JkIl19XX19LCJpbnRlcmFjdGl2ZUxvZ2luIjp0cnVlLCJ0b2tlbiI6ImEyYzg0ODE1LThjYjgtNGE3Ni1iNmU0LTg4MGM3ZTc2MGNlYiIsImlhdCI6MTQ4NjU4Njc4OCwiYXVkIjoiaHR0cDovL2FwaS1wbGF0Zm9ybS1hcGkvcmVwb3NpdG9yeSIsImlzcyI6Imh0dHA6Ly9hcGktcGxhdGZvcm0tYXBpL3JlcG9zaXRvcnkifQ.YOsto-KJMgjQZxFXe6FFipYd8TIh4P1HIlJ5Tg6a9Ps
				Accept=*/*
				Content-Type=application/json; charset=UTF-8
Cookies:		&lt;none&gt;
Body:			&lt;none&gt;
Request method:	POST
Request path:	https://qax.anypoint.mulesoft.com/apiplatform/repository/v2/organizations/5000db95-c5d4-487f-925e-3f82f15a5499/apis/2053/versions/2161/contracts/30201/revoke
Proxy:			&lt;none&gt;
Request params:	&lt;none&gt;
Query params:	&lt;none&gt;
Form params:	&lt;none&gt;
Path params:	&lt;none&gt;
Multiparts:		&lt;none&gt;
Headers:		Authorization=Bearer eyJ0eXAiOiJKV1QiLCJhbGciOiJIUzI1NiJ9.eyJpZCI6IjUwMDAzN2NkLTJjZmQtNGRhNC1iZWQ3LTU3Mzg0ZGViMDYyYiIsImZpcnN0TmFtZSI6IkZlZGVyYXRlZCIsImxhc3ROYW1lIjoiRXh0ZXJuYWwiLCJlbWFpbCI6ImNocmlzdG9waGVyLm1vcmR1ZUBtdWxlc29mdC5jb20iLCJ1c2VybmFtZSI6ImZlZGVyYXRlZF9leHRlcm5hbCIsIm9yZ2FuaXphdGlvbiI6eyJpZCI6IjUwMDBkYjk1LWM1ZDQtNDg3Zi05MjVlLTNmODJmMTVhNTQ5OSIsIm5hbWUiOiJGZWRlcmF0ZWQgSW5jIEV4dGVybmFsIEF1dGhvcml6YXRpb24iLCJkb21haW4iOiJmZWRlcmF0ZWQtZXh0ZXJuYWwiLCJlbnRpdGxlbWVudHMiOnsiaHlicmlkIjp7ImVuYWJsZWQiOmZhbHNlfSwiY3JlYXRlU3ViT3JncyI6dHJ1ZSwidkNvcmVzUHJvZHVjdGlvbiI6eyJhc3NpZ25lZCI6MSwicmVhc3NpZ25lZCI6MH0sInZDb3Jlc1NhbmRib3giOnsiYXNzaWduZWQiOjEsInJlYXNzaWduZWQiOjB9LCJnbG9iYWxEZXBsb3ltZW50IjpmYWxzZSwid29ya2VyTG9nZ2luZ092ZXJyaWRlIjp7ImVuYWJsZWQiOmZhbHNlfSwiZ2F0ZXdheXMiOnsiYXNzaWduZWQiOjB9LCJjcmVhdGVFbnZpcm9ubWVudHMiOnRydWUsInBhcnRuZXJzUHJvZHVjdGlvbiI6eyJhc3NpZ25lZCI6MH0sInBhcnRuZXJzU2FuZGJveCI6eyJhc3NpZ25lZCI6MH0sImF1dG9zY2FsaW5nIjpmYWxzZSwic3RhdGljSXBzIjp7ImFzc2lnbmVkIjowLCJyZWFzc2lnbmVkIjowfSwiYXJtQWxlcnRzIjpmYWxzZSwiYXBpcyI6eyJlbmFibGVkIjp0cnVlfSwibXFNZXNzYWdlcyI6eyJiYXNlIjowLCJhZGRPbiI6MH0sIm1xUmVxdWVzdHMiOnsiYmFzZSI6MCwiYWRkT24iOjB9LCJleHRlcm5hbElkZW50aXR5Ijp0cnVlLCJtcUFkdmFuY2VkRmVhdHVyZXMiOnsiZW5hYmxlZCI6ZmFsc2V9LCJ2cGNzIjp7ImFzc2lnbmVkIjowLCJyZWFzc2lnbmVkIjowfSwiaHlicmlkSW5zaWdodCI6ZmFsc2UsImRlc2lnbkNlbnRlciI6eyJtb3phcnQiOmZhbHNlLCJhcGkiOmZhbHNlfSwib2JqZWN0U3RvcmVSZXF1ZXN0VW5pdHMiOnsiYmFzZSI6MTUwMDAwMDAsImFkZE9uIjowfSwib2JqZWN0U3RvcmVLZXlzIjp7ImJhc2UiOjEwMDAwMCwiYWRkT24iOjB9LCJjYW0iOnsiZW5hYmxlZCI6ZmFsc2V9LCJsb2FkQmFsYW5jZXIiOnsiYXNzaWduZWQiOjAsInJlYXNzaWduZWQiOjB9LCJtZXNzYWdpbmciOnsiYXNzaWduZWQiOjB9fSwiZXh0ZXJuYWxBdXRob3JpemF0aW9uIjp0cnVlLCJleHRlcm5hbEF1dGhvcml6YXRpb25Qcm92aWRlciI6eyJuYW1lIjoiUG9ydGFsIEFwcGxpY2F0aW9uIE1hbmFnZW1lbnQgU3lzdGVtIChQQU1TKSIsInVybCI6Imh0dHBzOi8vd3NneC10ZXN0LmNpc2NvLmNvbS9wYW1zL2x0L2NlcG1TZXJ2aWNlL3YxLjUvbWdyc3J2cyIsInZlcnNpb24iOiIxLjUifSwiaWRlbnRpdHlNYW5hZ2VtZW50Ijp7InR5cGUiOiJQaW5nRmVkZXJhdGUifSwib2F1dGgyU2V0dGluZ3MiOnsiYXV0aG9yaXphdGlvbkdyYW50cyI6WyJjb2RlIiwidG9rZW4iLCJvd25lciIsImNyZWRlbnRpYWxzIl0sImF1dGhvcml6YXRpb25VcmkiOiJodHRwczovL2Nsb3Vkc3NvLXRlc3QuY2lzY28uY29tL2FzL2F1dGhvcml6YXRpb24ub2F1dGgyIiwiYWNjZXNzVG9rZW5VcmkiOiJodHRwczovL2Nsb3Vkc3NvLXRlc3QuY2lzY28uY29tL2FzL3Rva2VuLm9hdXRoMiIsImdyYW50VHlwZXMiOlt7Im5hbWUiOiJwYXNzd29yZCIsImxhYmVsIjoiUmVzb3VyY2UgT3duZXIgR3JhbnQiLCJyZXF1aXJlZCI6ZmFsc2UsImV4Y2x1ZGUiOltdLCJkZXBlbmRzIjpbXX0seyJuYW1lIjoiaW1wbGljaXQiLCJsYWJlbCI6IkltcGxpY2l0IEdyYW50IiwicmVxdWlyZWQiOmZhbHNlLCJleGNsdWRlIjpbXSwiZGVwZW5kcyI6W119LHsibmFtZSI6ImNsaWVudF9jcmVkZW50aWFscyIsImxhYmVsIjoiQ2xpZW50IENyZWRlbnRpYWxzIEdyYW50IiwicmVxdWlyZWQiOmZhbHNlLCJleGNsdWRlIjpbXSwiZGVwZW5kcyI6W119LHsibmFtZSI6ImF1dGhvcml6YXRpb25fY29kZSIsImxhYmVsIjoiQXV0aG9yaXphdGlvbiBDb2RlIEdyYW50IiwicmVxdWlyZWQiOmZhbHNlLCJleGNsdWRlIjpbXSwiZGVwZW5kcyI6W119LHsibmFtZSI6InJlZnJlc2hfdG9rZW4iLCJsYWJlbCI6IlJlZnJlc2ggVG9rZW4iLCJyZXF1aXJlZCI6ZmFsc2UsImV4Y2x1ZGUiOltdLCJkZXBlbmRzIjpbImF1dGhvcml6YXRpb25fY29kZSIsInBhc3N3b3JkIl19XX19LCJpbnRlcmFjdGl2ZUxvZ2luIjp0cnVlLCJ0b2tlbiI6ImEyYzg0ODE1LThjYjgtNGE3Ni1iNmU0LTg4MGM3ZTc2MGNlYiIsImlhdCI6MTQ4NjU4Njc4OCwiYXVkIjoiaHR0cDovL2FwaS1wbGF0Zm9ybS1hcGkvcmVwb3NpdG9yeSIsImlzcyI6Imh0dHA6Ly9hcGktcGxhdGZvcm0tYXBpL3JlcG9zaXRvcnkifQ.YOsto-KJMgjQZxFXe6FFipYd8TIh4P1HIlJ5Tg6a9Ps
				Accept=*/*
				Content-Type=application/json; charset=UTF-8
Cookies:		&lt;none&gt;
Body:			&lt;none&gt;
Request method:	POST
Request path:	https://qax.anypoint.mulesoft.com/apiplatform/repository/v2/organizations/5000db95-c5d4-487f-925e-3f82f15a5499/apis/2053/versions/2161/contracts/30270/revoke
Proxy:			&lt;none&gt;
Request params:	&lt;none&gt;
Query params:	&lt;none&gt;
Form params:	&lt;none&gt;
Path params:	&lt;none&gt;
Multiparts:		&lt;none&gt;
Headers:		Authorization=Bearer eyJ0eXAiOiJKV1QiLCJhbGciOiJIUzI1NiJ9.eyJpZCI6IjUwMDAzN2NkLTJjZmQtNGRhNC1iZWQ3LTU3Mzg0ZGViMDYyYiIsImZpcnN0TmFtZSI6IkZlZGVyYXRlZCIsImxhc3ROYW1lIjoiRXh0ZXJuYWwiLCJlbWFpbCI6ImNocmlzdG9waGVyLm1vcmR1ZUBtdWxlc29mdC5jb20iLCJ1c2VybmFtZSI6ImZlZGVyYXRlZF9leHRlcm5hbCIsIm9yZ2FuaXphdGlvbiI6eyJpZCI6IjUwMDBkYjk1LWM1ZDQtNDg3Zi05MjVlLTNmODJmMTVhNTQ5OSIsIm5hbWUiOiJGZWRlcmF0ZWQgSW5jIEV4dGVybmFsIEF1dGhvcml6YXRpb24iLCJkb21haW4iOiJmZWRlcmF0ZWQtZXh0ZXJuYWwiLCJlbnRpdGxlbWVudHMiOnsiaHlicmlkIjp7ImVuYWJsZWQiOmZhbHNlfSwiY3JlYXRlU3ViT3JncyI6dHJ1ZSwidkNvcmVzUHJvZHVjdGlvbiI6eyJhc3NpZ25lZCI6MSwicmVhc3NpZ25lZCI6MH0sInZDb3Jlc1NhbmRib3giOnsiYXNzaWduZWQiOjEsInJlYXNzaWduZWQiOjB9LCJnbG9iYWxEZXBsb3ltZW50IjpmYWxzZSwid29ya2VyTG9nZ2luZ092ZXJyaWRlIjp7ImVuYWJsZWQiOmZhbHNlfSwiZ2F0ZXdheXMiOnsiYXNzaWduZWQiOjB9LCJjcmVhdGVFbnZpcm9ubWVudHMiOnRydWUsInBhcnRuZXJzUHJvZHVjdGlvbiI6eyJhc3NpZ25lZCI6MH0sInBhcnRuZXJzU2FuZGJveCI6eyJhc3NpZ25lZCI6MH0sImF1dG9zY2FsaW5nIjpmYWxzZSwic3RhdGljSXBzIjp7ImFzc2lnbmVkIjowLCJyZWFzc2lnbmVkIjowfSwiYXJtQWxlcnRzIjpmYWxzZSwiYXBpcyI6eyJlbmFibGVkIjp0cnVlfSwibXFNZXNzYWdlcyI6eyJiYXNlIjowLCJhZGRPbiI6MH0sIm1xUmVxdWVzdHMiOnsiYmFzZSI6MCwiYWRkT24iOjB9LCJleHRlcm5hbElkZW50aXR5Ijp0cnVlLCJtcUFkdmFuY2VkRmVhdHVyZXMiOnsiZW5hYmxlZCI6ZmFsc2V9LCJ2cGNzIjp7ImFzc2lnbmVkIjowLCJyZWFzc2lnbmVkIjowfSwiaHlicmlkSW5zaWdodCI6ZmFsc2UsImRlc2lnbkNlbnRlciI6eyJtb3phcnQiOmZhbHNlLCJhcGkiOmZhbHNlfSwib2JqZWN0U3RvcmVSZXF1ZXN0VW5pdHMiOnsiYmFzZSI6MTUwMDAwMDAsImFkZE9uIjowfSwib2JqZWN0U3RvcmVLZXlzIjp7ImJhc2UiOjEwMDAwMCwiYWRkT24iOjB9LCJjYW0iOnsiZW5hYmxlZCI6ZmFsc2V9LCJsb2FkQmFsYW5jZXIiOnsiYXNzaWduZWQiOjAsInJlYXNzaWduZWQiOjB9LCJtZXNzYWdpbmciOnsiYXNzaWduZWQiOjB9fSwiZXh0ZXJuYWxBdXRob3JpemF0aW9uIjp0cnVlLCJleHRlcm5hbEF1dGhvcml6YXRpb25Qcm92aWRlciI6eyJuYW1lIjoiUG9ydGFsIEFwcGxpY2F0aW9uIE1hbmFnZW1lbnQgU3lzdGVtIChQQU1TKSIsInVybCI6Imh0dHBzOi8vd3NneC10ZXN0LmNpc2NvLmNvbS9wYW1zL2x0L2NlcG1TZXJ2aWNlL3YxLjUvbWdyc3J2cyIsInZlcnNpb24iOiIxLjUifSwiaWRlbnRpdHlNYW5hZ2VtZW50Ijp7InR5cGUiOiJQaW5nRmVkZXJhdGUifSwib2F1dGgyU2V0dGluZ3MiOnsiYXV0aG9yaXphdGlvbkdyYW50cyI6WyJjb2RlIiwidG9rZW4iLCJvd25lciIsImNyZWRlbnRpYWxzIl0sImF1dGhvcml6YXRpb25VcmkiOiJodHRwczovL2Nsb3Vkc3NvLXRlc3QuY2lzY28uY29tL2FzL2F1dGhvcml6YXRpb24ub2F1dGgyIiwiYWNjZXNzVG9rZW5VcmkiOiJodHRwczovL2Nsb3Vkc3NvLXRlc3QuY2lzY28uY29tL2FzL3Rva2VuLm9hdXRoMiIsImdyYW50VHlwZXMiOlt7Im5hbWUiOiJwYXNzd29yZCIsImxhYmVsIjoiUmVzb3VyY2UgT3duZXIgR3JhbnQiLCJyZXF1aXJlZCI6ZmFsc2UsImV4Y2x1ZGUiOltdLCJkZXBlbmRzIjpbXX0seyJuYW1lIjoiaW1wbGljaXQiLCJsYWJlbCI6IkltcGxpY2l0IEdyYW50IiwicmVxdWlyZWQiOmZhbHNlLCJleGNsdWRlIjpbXSwiZGVwZW5kcyI6W119LHsibmFtZSI6ImNsaWVudF9jcmVkZW50aWFscyIsImxhYmVsIjoiQ2xpZW50IENyZWRlbnRpYWxzIEdyYW50IiwicmVxdWlyZWQiOmZhbHNlLCJleGNsdWRlIjpbXSwiZGVwZW5kcyI6W119LHsibmFtZSI6ImF1dGhvcml6YXRpb25fY29kZSIsImxhYmVsIjoiQXV0aG9yaXphdGlvbiBDb2RlIEdyYW50IiwicmVxdWlyZWQiOmZhbHNlLCJleGNsdWRlIjpbXSwiZGVwZW5kcyI6W119LHsibmFtZSI6InJlZnJlc2hfdG9rZW4iLCJsYWJlbCI6IlJlZnJlc2ggVG9rZW4iLCJyZXF1aXJlZCI6ZmFsc2UsImV4Y2x1ZGUiOltdLCJkZXBlbmRzIjpbImF1dGhvcml6YXRpb25fY29kZSIsInBhc3N3b3JkIl19XX19LCJpbnRlcmFjdGl2ZUxvZ2luIjp0cnVlLCJ0b2tlbiI6ImEyYzg0ODE1LThjYjgtNGE3Ni1iNmU0LTg4MGM3ZTc2MGNlYiIsImlhdCI6MTQ4NjU4Njc4OCwiYXVkIjoiaHR0cDovL2FwaS1wbGF0Zm9ybS1hcGkvcmVwb3NpdG9yeSIsImlzcyI6Imh0dHA6Ly9hcGktcGxhdGZvcm0tYXBpL3JlcG9zaXRvcnkifQ.YOsto-KJMgjQZxFXe6FFipYd8TIh4P1HIlJ5Tg6a9Ps
				Accept=*/*
				Content-Type=application/json; charset=UTF-8
Cookies:		&lt;none&gt;
Body:			&lt;none&gt;
Request method:	POST
Request path:	https://qax.anypoint.mulesoft.com/apiplatform/repository/v2/organizations/5000db95-c5d4-487f-925e-3f82f15a5499/apis/2053/versions/2161/contracts/30212/revoke
Proxy:			&lt;none&gt;
Request params:	&lt;none&gt;
Query params:	&lt;none&gt;
Form params:	&lt;none&gt;
Path params:	&lt;none&gt;
Multiparts:		&lt;none&gt;
Headers:		Authorization=Bearer eyJ0eXAiOiJKV1QiLCJhbGciOiJIUzI1NiJ9.eyJpZCI6IjUwMDAzN2NkLTJjZmQtNGRhNC1iZWQ3LTU3Mzg0ZGViMDYyYiIsImZpcnN0TmFtZSI6IkZlZGVyYXRlZCIsImxhc3ROYW1lIjoiRXh0ZXJuYWwiLCJlbWFpbCI6ImNocmlzdG9waGVyLm1vcmR1ZUBtdWxlc29mdC5jb20iLCJ1c2VybmFtZSI6ImZlZGVyYXRlZF9leHRlcm5hbCIsIm9yZ2FuaXphdGlvbiI6eyJpZCI6IjUwMDBkYjk1LWM1ZDQtNDg3Zi05MjVlLTNmODJmMTVhNTQ5OSIsIm5hbWUiOiJGZWRlcmF0ZWQgSW5jIEV4dGVybmFsIEF1dGhvcml6YXRpb24iLCJkb21haW4iOiJmZWRlcmF0ZWQtZXh0ZXJuYWwiLCJlbnRpdGxlbWVudHMiOnsiaHlicmlkIjp7ImVuYWJsZWQiOmZhbHNlfSwiY3JlYXRlU3ViT3JncyI6dHJ1ZSwidkNvcmVzUHJvZHVjdGlvbiI6eyJhc3NpZ25lZCI6MSwicmVhc3NpZ25lZCI6MH0sInZDb3Jlc1NhbmRib3giOnsiYXNzaWduZWQiOjEsInJlYXNzaWduZWQiOjB9LCJnbG9iYWxEZXBsb3ltZW50IjpmYWxzZSwid29ya2VyTG9nZ2luZ092ZXJyaWRlIjp7ImVuYWJsZWQiOmZhbHNlfSwiZ2F0ZXdheXMiOnsiYXNzaWduZWQiOjB9LCJjcmVhdGVFbnZpcm9ubWVudHMiOnRydWUsInBhcnRuZXJzUHJvZHVjdGlvbiI6eyJhc3NpZ25lZCI6MH0sInBhcnRuZXJzU2FuZGJveCI6eyJhc3NpZ25lZCI6MH0sImF1dG9zY2FsaW5nIjpmYWxzZSwic3RhdGljSXBzIjp7ImFzc2lnbmVkIjowLCJyZWFzc2lnbmVkIjowfSwiYXJtQWxlcnRzIjpmYWxzZSwiYXBpcyI6eyJlbmFibGVkIjp0cnVlfSwibXFNZXNzYWdlcyI6eyJiYXNlIjowLCJhZGRPbiI6MH0sIm1xUmVxdWVzdHMiOnsiYmFzZSI6MCwiYWRkT24iOjB9LCJleHRlcm5hbElkZW50aXR5Ijp0cnVlLCJtcUFkdmFuY2VkRmVhdHVyZXMiOnsiZW5hYmxlZCI6ZmFsc2V9LCJ2cGNzIjp7ImFzc2lnbmVkIjowLCJyZWFzc2lnbmVkIjowfSwiaHlicmlkSW5zaWdodCI6ZmFsc2UsImRlc2lnbkNlbnRlciI6eyJtb3phcnQiOmZhbHNlLCJhcGkiOmZhbHNlfSwib2JqZWN0U3RvcmVSZXF1ZXN0VW5pdHMiOnsiYmFzZSI6MTUwMDAwMDAsImFkZE9uIjowfSwib2JqZWN0U3RvcmVLZXlzIjp7ImJhc2UiOjEwMDAwMCwiYWRkT24iOjB9LCJjYW0iOnsiZW5hYmxlZCI6ZmFsc2V9LCJsb2FkQmFsYW5jZXIiOnsiYXNzaWduZWQiOjAsInJlYXNzaWduZWQiOjB9LCJtZXNzYWdpbmciOnsiYXNzaWduZWQiOjB9fSwiZXh0ZXJuYWxBdXRob3JpemF0aW9uIjp0cnVlLCJleHRlcm5hbEF1dGhvcml6YXRpb25Qcm92aWRlciI6eyJuYW1lIjoiUG9ydGFsIEFwcGxpY2F0aW9uIE1hbmFnZW1lbnQgU3lzdGVtIChQQU1TKSIsInVybCI6Imh0dHBzOi8vd3NneC10ZXN0LmNpc2NvLmNvbS9wYW1zL2x0L2NlcG1TZXJ2aWNlL3YxLjUvbWdyc3J2cyIsInZlcnNpb24iOiIxLjUifSwiaWRlbnRpdHlNYW5hZ2VtZW50Ijp7InR5cGUiOiJQaW5nRmVkZXJhdGUifSwib2F1dGgyU2V0dGluZ3MiOnsiYXV0aG9yaXphdGlvbkdyYW50cyI6WyJjb2RlIiwidG9rZW4iLCJvd25lciIsImNyZWRlbnRpYWxzIl0sImF1dGhvcml6YXRpb25VcmkiOiJodHRwczovL2Nsb3Vkc3NvLXRlc3QuY2lzY28uY29tL2FzL2F1dGhvcml6YXRpb24ub2F1dGgyIiwiYWNjZXNzVG9rZW5VcmkiOiJodHRwczovL2Nsb3Vkc3NvLXRlc3QuY2lzY28uY29tL2FzL3Rva2VuLm9hdXRoMiIsImdyYW50VHlwZXMiOlt7Im5hbWUiOiJwYXNzd29yZCIsImxhYmVsIjoiUmVzb3VyY2UgT3duZXIgR3JhbnQiLCJyZXF1aXJlZCI6ZmFsc2UsImV4Y2x1ZGUiOltdLCJkZXBlbmRzIjpbXX0seyJuYW1lIjoiaW1wbGljaXQiLCJsYWJlbCI6IkltcGxpY2l0IEdyYW50IiwicmVxdWlyZWQiOmZhbHNlLCJleGNsdWRlIjpbXSwiZGVwZW5kcyI6W119LHsibmFtZSI6ImNsaWVudF9jcmVkZW50aWFscyIsImxhYmVsIjoiQ2xpZW50IENyZWRlbnRpYWxzIEdyYW50IiwicmVxdWlyZWQiOmZhbHNlLCJleGNsdWRlIjpbXSwiZGVwZW5kcyI6W119LHsibmFtZSI6ImF1dGhvcml6YXRpb25fY29kZSIsImxhYmVsIjoiQXV0aG9yaXphdGlvbiBDb2RlIEdyYW50IiwicmVxdWlyZWQiOmZhbHNlLCJleGNsdWRlIjpbXSwiZGVwZW5kcyI6W119LHsibmFtZSI6InJlZnJlc2hfdG9rZW4iLCJsYWJlbCI6IlJlZnJlc2ggVG9rZW4iLCJyZXF1aXJlZCI6ZmFsc2UsImV4Y2x1ZGUiOltdLCJkZXBlbmRzIjpbImF1dGhvcml6YXRpb25fY29kZSIsInBhc3N3b3JkIl19XX19LCJpbnRlcmFjdGl2ZUxvZ2luIjp0cnVlLCJ0b2tlbiI6ImEyYzg0ODE1LThjYjgtNGE3Ni1iNmU0LTg4MGM3ZTc2MGNlYiIsImlhdCI6MTQ4NjU4Njc4OCwiYXVkIjoiaHR0cDovL2FwaS1wbGF0Zm9ybS1hcGkvcmVwb3NpdG9yeSIsImlzcyI6Imh0dHA6Ly9hcGktcGxhdGZvcm0tYXBpL3JlcG9zaXRvcnkifQ.YOsto-KJMgjQZxFXe6FFipYd8TIh4P1HIlJ5Tg6a9Ps
				Accept=*/*
				Content-Type=application/json; charset=UTF-8
Cookies:		&lt;none&gt;
Body:			&lt;none&gt;
Request method:	POST
Request path:	https://qax.anypoint.mulesoft.com/apiplatform/repository/v2/organizations/5000db95-c5d4-487f-925e-3f82f15a5499/apis/2053/versions/2161/contracts/30219/revoke
Proxy:			&lt;none&gt;
Request params:	&lt;none&gt;
Query params:	&lt;none&gt;
Form params:	&lt;none&gt;
Path params:	&lt;none&gt;
Multiparts:		&lt;none&gt;
Headers:		Authorization=Bearer eyJ0eXAiOiJKV1QiLCJhbGciOiJIUzI1NiJ9.eyJpZCI6IjUwMDAzN2NkLTJjZmQtNGRhNC1iZWQ3LTU3Mzg0ZGViMDYyYiIsImZpcnN0TmFtZSI6IkZlZGVyYXRlZCIsImxhc3ROYW1lIjoiRXh0ZXJuYWwiLCJlbWFpbCI6ImNocmlzdG9waGVyLm1vcmR1ZUBtdWxlc29mdC5jb20iLCJ1c2VybmFtZSI6ImZlZGVyYXRlZF9leHRlcm5hbCIsIm9yZ2FuaXphdGlvbiI6eyJpZCI6IjUwMDBkYjk1LWM1ZDQtNDg3Zi05MjVlLTNmODJmMTVhNTQ5OSIsIm5hbWUiOiJGZWRlcmF0ZWQgSW5jIEV4dGVybmFsIEF1dGhvcml6YXRpb24iLCJkb21haW4iOiJmZWRlcmF0ZWQtZXh0ZXJuYWwiLCJlbnRpdGxlbWVudHMiOnsiaHlicmlkIjp7ImVuYWJsZWQiOmZhbHNlfSwiY3JlYXRlU3ViT3JncyI6dHJ1ZSwidkNvcmVzUHJvZHVjdGlvbiI6eyJhc3NpZ25lZCI6MSwicmVhc3NpZ25lZCI6MH0sInZDb3Jlc1NhbmRib3giOnsiYXNzaWduZWQiOjEsInJlYXNzaWduZWQiOjB9LCJnbG9iYWxEZXBsb3ltZW50IjpmYWxzZSwid29ya2VyTG9nZ2luZ092ZXJyaWRlIjp7ImVuYWJsZWQiOmZhbHNlfSwiZ2F0ZXdheXMiOnsiYXNzaWduZWQiOjB9LCJjcmVhdGVFbnZpcm9ubWVudHMiOnRydWUsInBhcnRuZXJzUHJvZHVjdGlvbiI6eyJhc3NpZ25lZCI6MH0sInBhcnRuZXJzU2FuZGJveCI6eyJhc3NpZ25lZCI6MH0sImF1dG9zY2FsaW5nIjpmYWxzZSwic3RhdGljSXBzIjp7ImFzc2lnbmVkIjowLCJyZWFzc2lnbmVkIjowfSwiYXJtQWxlcnRzIjpmYWxzZSwiYXBpcyI6eyJlbmFibGVkIjp0cnVlfSwibXFNZXNzYWdlcyI6eyJiYXNlIjowLCJhZGRPbiI6MH0sIm1xUmVxdWVzdHMiOnsiYmFzZSI6MCwiYWRkT24iOjB9LCJleHRlcm5hbElkZW50aXR5Ijp0cnVlLCJtcUFkdmFuY2VkRmVhdHVyZXMiOnsiZW5hYmxlZCI6ZmFsc2V9LCJ2cGNzIjp7ImFzc2lnbmVkIjowLCJyZWFzc2lnbmVkIjowfSwiaHlicmlkSW5zaWdodCI6ZmFsc2UsImRlc2lnbkNlbnRlciI6eyJtb3phcnQiOmZhbHNlLCJhcGkiOmZhbHNlfSwib2JqZWN0U3RvcmVSZXF1ZXN0VW5pdHMiOnsiYmFzZSI6MTUwMDAwMDAsImFkZE9uIjowfSwib2JqZWN0U3RvcmVLZXlzIjp7ImJhc2UiOjEwMDAwMCwiYWRkT24iOjB9LCJjYW0iOnsiZW5hYmxlZCI6ZmFsc2V9LCJsb2FkQmFsYW5jZXIiOnsiYXNzaWduZWQiOjAsInJlYXNzaWduZWQiOjB9LCJtZXNzYWdpbmciOnsiYXNzaWduZWQiOjB9fSwiZXh0ZXJuYWxBdXRob3JpemF0aW9uIjp0cnVlLCJleHRlcm5hbEF1dGhvcml6YXRpb25Qcm92aWRlciI6eyJuYW1lIjoiUG9ydGFsIEFwcGxpY2F0aW9uIE1hbmFnZW1lbnQgU3lzdGVtIChQQU1TKSIsInVybCI6Imh0dHBzOi8vd3NneC10ZXN0LmNpc2NvLmNvbS9wYW1zL2x0L2NlcG1TZXJ2aWNlL3YxLjUvbWdyc3J2cyIsInZlcnNpb24iOiIxLjUifSwiaWRlbnRpdHlNYW5hZ2VtZW50Ijp7InR5cGUiOiJQaW5nRmVkZXJhdGUifSwib2F1dGgyU2V0dGluZ3MiOnsiYXV0aG9yaXphdGlvbkdyYW50cyI6WyJjb2RlIiwidG9rZW4iLCJvd25lciIsImNyZWRlbnRpYWxzIl0sImF1dGhvcml6YXRpb25VcmkiOiJodHRwczovL2Nsb3Vkc3NvLXRlc3QuY2lzY28uY29tL2FzL2F1dGhvcml6YXRpb24ub2F1dGgyIiwiYWNjZXNzVG9rZW5VcmkiOiJodHRwczovL2Nsb3Vkc3NvLXRlc3QuY2lzY28uY29tL2FzL3Rva2VuLm9hdXRoMiIsImdyYW50VHlwZXMiOlt7Im5hbWUiOiJwYXNzd29yZCIsImxhYmVsIjoiUmVzb3VyY2UgT3duZXIgR3JhbnQiLCJyZXF1aXJlZCI6ZmFsc2UsImV4Y2x1ZGUiOltdLCJkZXBlbmRzIjpbXX0seyJuYW1lIjoiaW1wbGljaXQiLCJsYWJlbCI6IkltcGxpY2l0IEdyYW50IiwicmVxdWlyZWQiOmZhbHNlLCJleGNsdWRlIjpbXSwiZGVwZW5kcyI6W119LHsibmFtZSI6ImNsaWVudF9jcmVkZW50aWFscyIsImxhYmVsIjoiQ2xpZW50IENyZWRlbnRpYWxzIEdyYW50IiwicmVxdWlyZWQiOmZhbHNlLCJleGNsdWRlIjpbXSwiZGVwZW5kcyI6W119LHsibmFtZSI6ImF1dGhvcml6YXRpb25fY29kZSIsImxhYmVsIjoiQXV0aG9yaXphdGlvbiBDb2RlIEdyYW50IiwicmVxdWlyZWQiOmZhbHNlLCJleGNsdWRlIjpbXSwiZGVwZW5kcyI6W119LHsibmFtZSI6InJlZnJlc2hfdG9rZW4iLCJsYWJlbCI6IlJlZnJlc2ggVG9rZW4iLCJyZXF1aXJlZCI6ZmFsc2UsImV4Y2x1ZGUiOltdLCJkZXBlbmRzIjpbImF1dGhvcml6YXRpb25fY29kZSIsInBhc3N3b3JkIl19XX19LCJpbnRlcmFjdGl2ZUxvZ2luIjp0cnVlLCJ0b2tlbiI6ImEyYzg0ODE1LThjYjgtNGE3Ni1iNmU0LTg4MGM3ZTc2MGNlYiIsImlhdCI6MTQ4NjU4Njc4OCwiYXVkIjoiaHR0cDovL2FwaS1wbGF0Zm9ybS1hcGkvcmVwb3NpdG9yeSIsImlzcyI6Imh0dHA6Ly9hcGktcGxhdGZvcm0tYXBpL3JlcG9zaXRvcnkifQ.YOsto-KJMgjQZxFXe6FFipYd8TIh4P1HIlJ5Tg6a9Ps
				Accept=*/*
				Content-Type=application/json; charset=UTF-8
Cookies:		&lt;none&gt;
Body:			&lt;none&gt;
Request method:	POST
Request path:	https://qax.anypoint.mulesoft.com/apiplatform/repository/v2/organizations/5000db95-c5d4-487f-925e-3f82f15a5499/apis/2053/versions/2161/contracts/30250/revoke
Proxy:			&lt;none&gt;
Request params:	&lt;none&gt;
Query params:	&lt;none&gt;
Form params:	&lt;none&gt;
Path params:	&lt;none&gt;
Multiparts:		&lt;none&gt;
Headers:		Authorization=Bearer eyJ0eXAiOiJKV1QiLCJhbGciOiJIUzI1NiJ9.eyJpZCI6IjUwMDAzN2NkLTJjZmQtNGRhNC1iZWQ3LTU3Mzg0ZGViMDYyYiIsImZpcnN0TmFtZSI6IkZlZGVyYXRlZCIsImxhc3ROYW1lIjoiRXh0ZXJuYWwiLCJlbWFpbCI6ImNocmlzdG9waGVyLm1vcmR1ZUBtdWxlc29mdC5jb20iLCJ1c2VybmFtZSI6ImZlZGVyYXRlZF9leHRlcm5hbCIsIm9yZ2FuaXphdGlvbiI6eyJpZCI6IjUwMDBkYjk1LWM1ZDQtNDg3Zi05MjVlLTNmODJmMTVhNTQ5OSIsIm5hbWUiOiJGZWRlcmF0ZWQgSW5jIEV4dGVybmFsIEF1dGhvcml6YXRpb24iLCJkb21haW4iOiJmZWRlcmF0ZWQtZXh0ZXJuYWwiLCJlbnRpdGxlbWVudHMiOnsiaHlicmlkIjp7ImVuYWJsZWQiOmZhbHNlfSwiY3JlYXRlU3ViT3JncyI6dHJ1ZSwidkNvcmVzUHJvZHVjdGlvbiI6eyJhc3NpZ25lZCI6MSwicmVhc3NpZ25lZCI6MH0sInZDb3Jlc1NhbmRib3giOnsiYXNzaWduZWQiOjEsInJlYXNzaWduZWQiOjB9LCJnbG9iYWxEZXBsb3ltZW50IjpmYWxzZSwid29ya2VyTG9nZ2luZ092ZXJyaWRlIjp7ImVuYWJsZWQiOmZhbHNlfSwiZ2F0ZXdheXMiOnsiYXNzaWduZWQiOjB9LCJjcmVhdGVFbnZpcm9ubWVudHMiOnRydWUsInBhcnRuZXJzUHJvZHVjdGlvbiI6eyJhc3NpZ25lZCI6MH0sInBhcnRuZXJzU2FuZGJveCI6eyJhc3NpZ25lZCI6MH0sImF1dG9zY2FsaW5nIjpmYWxzZSwic3RhdGljSXBzIjp7ImFzc2lnbmVkIjowLCJyZWFzc2lnbmVkIjowfSwiYXJtQWxlcnRzIjpmYWxzZSwiYXBpcyI6eyJlbmFibGVkIjp0cnVlfSwibXFNZXNzYWdlcyI6eyJiYXNlIjowLCJhZGRPbiI6MH0sIm1xUmVxdWVzdHMiOnsiYmFzZSI6MCwiYWRkT24iOjB9LCJleHRlcm5hbElkZW50aXR5Ijp0cnVlLCJtcUFkdmFuY2VkRmVhdHVyZXMiOnsiZW5hYmxlZCI6ZmFsc2V9LCJ2cGNzIjp7ImFzc2lnbmVkIjowLCJyZWFzc2lnbmVkIjowfSwiaHlicmlkSW5zaWdodCI6ZmFsc2UsImRlc2lnbkNlbnRlciI6eyJtb3phcnQiOmZhbHNlLCJhcGkiOmZhbHNlfSwib2JqZWN0U3RvcmVSZXF1ZXN0VW5pdHMiOnsiYmFzZSI6MTUwMDAwMDAsImFkZE9uIjowfSwib2JqZWN0U3RvcmVLZXlzIjp7ImJhc2UiOjEwMDAwMCwiYWRkT24iOjB9LCJjYW0iOnsiZW5hYmxlZCI6ZmFsc2V9LCJsb2FkQmFsYW5jZXIiOnsiYXNzaWduZWQiOjAsInJlYXNzaWduZWQiOjB9LCJtZXNzYWdpbmciOnsiYXNzaWduZWQiOjB9fSwiZXh0ZXJuYWxBdXRob3JpemF0aW9uIjp0cnVlLCJleHRlcm5hbEF1dGhvcml6YXRpb25Qcm92aWRlciI6eyJuYW1lIjoiUG9ydGFsIEFwcGxpY2F0aW9uIE1hbmFnZW1lbnQgU3lzdGVtIChQQU1TKSIsInVybCI6Imh0dHBzOi8vd3NneC10ZXN0LmNpc2NvLmNvbS9wYW1zL2x0L2NlcG1TZXJ2aWNlL3YxLjUvbWdyc3J2cyIsInZlcnNpb24iOiIxLjUifSwiaWRlbnRpdHlNYW5hZ2VtZW50Ijp7InR5cGUiOiJQaW5nRmVkZXJhdGUifSwib2F1dGgyU2V0dGluZ3MiOnsiYXV0aG9yaXphdGlvbkdyYW50cyI6WyJjb2RlIiwidG9rZW4iLCJvd25lciIsImNyZWRlbnRpYWxzIl0sImF1dGhvcml6YXRpb25VcmkiOiJodHRwczovL2Nsb3Vkc3NvLXRlc3QuY2lzY28uY29tL2FzL2F1dGhvcml6YXRpb24ub2F1dGgyIiwiYWNjZXNzVG9rZW5VcmkiOiJodHRwczovL2Nsb3Vkc3NvLXRlc3QuY2lzY28uY29tL2FzL3Rva2VuLm9hdXRoMiIsImdyYW50VHlwZXMiOlt7Im5hbWUiOiJwYXNzd29yZCIsImxhYmVsIjoiUmVzb3VyY2UgT3duZXIgR3JhbnQiLCJyZXF1aXJlZCI6ZmFsc2UsImV4Y2x1ZGUiOltdLCJkZXBlbmRzIjpbXX0seyJuYW1lIjoiaW1wbGljaXQiLCJsYWJlbCI6IkltcGxpY2l0IEdyYW50IiwicmVxdWlyZWQiOmZhbHNlLCJleGNsdWRlIjpbXSwiZGVwZW5kcyI6W119LHsibmFtZSI6ImNsaWVudF9jcmVkZW50aWFscyIsImxhYmVsIjoiQ2xpZW50IENyZWRlbnRpYWxzIEdyYW50IiwicmVxdWlyZWQiOmZhbHNlLCJleGNsdWRlIjpbXSwiZGVwZW5kcyI6W119LHsibmFtZSI6ImF1dGhvcml6YXRpb25fY29kZSIsImxhYmVsIjoiQXV0aG9yaXphdGlvbiBDb2RlIEdyYW50IiwicmVxdWlyZWQiOmZhbHNlLCJleGNsdWRlIjpbXSwiZGVwZW5kcyI6W119LHsibmFtZSI6InJlZnJlc2hfdG9rZW4iLCJsYWJlbCI6IlJlZnJlc2ggVG9rZW4iLCJyZXF1aXJlZCI6ZmFsc2UsImV4Y2x1ZGUiOltdLCJkZXBlbmRzIjpbImF1dGhvcml6YXRpb25fY29kZSIsInBhc3N3b3JkIl19XX19LCJpbnRlcmFjdGl2ZUxvZ2luIjp0cnVlLCJ0b2tlbiI6ImEyYzg0ODE1LThjYjgtNGE3Ni1iNmU0LTg4MGM3ZTc2MGNlYiIsImlhdCI6MTQ4NjU4Njc4OCwiYXVkIjoiaHR0cDovL2FwaS1wbGF0Zm9ybS1hcGkvcmVwb3NpdG9yeSIsImlzcyI6Imh0dHA6Ly9hcGktcGxhdGZvcm0tYXBpL3JlcG9zaXRvcnkifQ.YOsto-KJMgjQZxFXe6FFipYd8TIh4P1HIlJ5Tg6a9Ps
				Accept=*/*
				Content-Type=application/json; charset=UTF-8
Cookies:		&lt;none&gt;
Body:			&lt;none&gt;
Request method:	POST
Request path:	https://qax.anypoint.mulesoft.com/apiplatform/repository/v2/organizations/5000db95-c5d4-487f-925e-3f82f15a5499/apis/2053/versions/2161/contracts/30276/revoke
Proxy:			&lt;none&gt;
Request params:	&lt;none&gt;
Query params:	&lt;none&gt;
Form params:	&lt;none&gt;
Path params:	&lt;none&gt;
Multiparts:		&lt;none&gt;
Headers:		Authorization=Bearer eyJ0eXAiOiJKV1QiLCJhbGciOiJIUzI1NiJ9.eyJpZCI6IjUwMDAzN2NkLTJjZmQtNGRhNC1iZWQ3LTU3Mzg0ZGViMDYyYiIsImZpcnN0TmFtZSI6IkZlZGVyYXRlZCIsImxhc3ROYW1lIjoiRXh0ZXJuYWwiLCJlbWFpbCI6ImNocmlzdG9waGVyLm1vcmR1ZUBtdWxlc29mdC5jb20iLCJ1c2VybmFtZSI6ImZlZGVyYXRlZF9leHRlcm5hbCIsIm9yZ2FuaXphdGlvbiI6eyJpZCI6IjUwMDBkYjk1LWM1ZDQtNDg3Zi05MjVlLTNmODJmMTVhNTQ5OSIsIm5hbWUiOiJGZWRlcmF0ZWQgSW5jIEV4dGVybmFsIEF1dGhvcml6YXRpb24iLCJkb21haW4iOiJmZWRlcmF0ZWQtZXh0ZXJuYWwiLCJlbnRpdGxlbWVudHMiOnsiaHlicmlkIjp7ImVuYWJsZWQiOmZhbHNlfSwiY3JlYXRlU3ViT3JncyI6dHJ1ZSwidkNvcmVzUHJvZHVjdGlvbiI6eyJhc3NpZ25lZCI6MSwicmVhc3NpZ25lZCI6MH0sInZDb3Jlc1NhbmRib3giOnsiYXNzaWduZWQiOjEsInJlYXNzaWduZWQiOjB9LCJnbG9iYWxEZXBsb3ltZW50IjpmYWxzZSwid29ya2VyTG9nZ2luZ092ZXJyaWRlIjp7ImVuYWJsZWQiOmZhbHNlfSwiZ2F0ZXdheXMiOnsiYXNzaWduZWQiOjB9LCJjcmVhdGVFbnZpcm9ubWVudHMiOnRydWUsInBhcnRuZXJzUHJvZHVjdGlvbiI6eyJhc3NpZ25lZCI6MH0sInBhcnRuZXJzU2FuZGJveCI6eyJhc3NpZ25lZCI6MH0sImF1dG9zY2FsaW5nIjpmYWxzZSwic3RhdGljSXBzIjp7ImFzc2lnbmVkIjowLCJyZWFzc2lnbmVkIjowfSwiYXJtQWxlcnRzIjpmYWxzZSwiYXBpcyI6eyJlbmFibGVkIjp0cnVlfSwibXFNZXNzYWdlcyI6eyJiYXNlIjowLCJhZGRPbiI6MH0sIm1xUmVxdWVzdHMiOnsiYmFzZSI6MCwiYWRkT24iOjB9LCJleHRlcm5hbElkZW50aXR5Ijp0cnVlLCJtcUFkdmFuY2VkRmVhdHVyZXMiOnsiZW5hYmxlZCI6ZmFsc2V9LCJ2cGNzIjp7ImFzc2lnbmVkIjowLCJyZWFzc2lnbmVkIjowfSwiaHlicmlkSW5zaWdodCI6ZmFsc2UsImRlc2lnbkNlbnRlciI6eyJtb3phcnQiOmZhbHNlLCJhcGkiOmZhbHNlfSwib2JqZWN0U3RvcmVSZXF1ZXN0VW5pdHMiOnsiYmFzZSI6MTUwMDAwMDAsImFkZE9uIjowfSwib2JqZWN0U3RvcmVLZXlzIjp7ImJhc2UiOjEwMDAwMCwiYWRkT24iOjB9LCJjYW0iOnsiZW5hYmxlZCI6ZmFsc2V9LCJsb2FkQmFsYW5jZXIiOnsiYXNzaWduZWQiOjAsInJlYXNzaWduZWQiOjB9LCJtZXNzYWdpbmciOnsiYXNzaWduZWQiOjB9fSwiZXh0ZXJuYWxBdXRob3JpemF0aW9uIjp0cnVlLCJleHRlcm5hbEF1dGhvcml6YXRpb25Qcm92aWRlciI6eyJuYW1lIjoiUG9ydGFsIEFwcGxpY2F0aW9uIE1hbmFnZW1lbnQgU3lzdGVtIChQQU1TKSIsInVybCI6Imh0dHBzOi8vd3NneC10ZXN0LmNpc2NvLmNvbS9wYW1zL2x0L2NlcG1TZXJ2aWNlL3YxLjUvbWdyc3J2cyIsInZlcnNpb24iOiIxLjUifSwiaWRlbnRpdHlNYW5hZ2VtZW50Ijp7InR5cGUiOiJQaW5nRmVkZXJhdGUifSwib2F1dGgyU2V0dGluZ3MiOnsiYXV0aG9yaXphdGlvbkdyYW50cyI6WyJjb2RlIiwidG9rZW4iLCJvd25lciIsImNyZWRlbnRpYWxzIl0sImF1dGhvcml6YXRpb25VcmkiOiJodHRwczovL2Nsb3Vkc3NvLXRlc3QuY2lzY28uY29tL2FzL2F1dGhvcml6YXRpb24ub2F1dGgyIiwiYWNjZXNzVG9rZW5VcmkiOiJodHRwczovL2Nsb3Vkc3NvLXRlc3QuY2lzY28uY29tL2FzL3Rva2VuLm9hdXRoMiIsImdyYW50VHlwZXMiOlt7Im5hbWUiOiJwYXNzd29yZCIsImxhYmVsIjoiUmVzb3VyY2UgT3duZXIgR3JhbnQiLCJyZXF1aXJlZCI6ZmFsc2UsImV4Y2x1ZGUiOltdLCJkZXBlbmRzIjpbXX0seyJuYW1lIjoiaW1wbGljaXQiLCJsYWJlbCI6IkltcGxpY2l0IEdyYW50IiwicmVxdWlyZWQiOmZhbHNlLCJleGNsdWRlIjpbXSwiZGVwZW5kcyI6W119LHsibmFtZSI6ImNsaWVudF9jcmVkZW50aWFscyIsImxhYmVsIjoiQ2xpZW50IENyZWRlbnRpYWxzIEdyYW50IiwicmVxdWlyZWQiOmZhbHNlLCJleGNsdWRlIjpbXSwiZGVwZW5kcyI6W119LHsibmFtZSI6ImF1dGhvcml6YXRpb25fY29kZSIsImxhYmVsIjoiQXV0aG9yaXphdGlvbiBDb2RlIEdyYW50IiwicmVxdWlyZWQiOmZhbHNlLCJleGNsdWRlIjpbXSwiZGVwZW5kcyI6W119LHsibmFtZSI6InJlZnJlc2hfdG9rZW4iLCJsYWJlbCI6IlJlZnJlc2ggVG9rZW4iLCJyZXF1aXJlZCI6ZmFsc2UsImV4Y2x1ZGUiOltdLCJkZXBlbmRzIjpbImF1dGhvcml6YXRpb25fY29kZSIsInBhc3N3b3JkIl19XX19LCJpbnRlcmFjdGl2ZUxvZ2luIjp0cnVlLCJ0b2tlbiI6ImEyYzg0ODE1LThjYjgtNGE3Ni1iNmU0LTg4MGM3ZTc2MGNlYiIsImlhdCI6MTQ4NjU4Njc4OCwiYXVkIjoiaHR0cDovL2FwaS1wbGF0Zm9ybS1hcGkvcmVwb3NpdG9yeSIsImlzcyI6Imh0dHA6Ly9hcGktcGxhdGZvcm0tYXBpL3JlcG9zaXRvcnkifQ.YOsto-KJMgjQZxFXe6FFipYd8TIh4P1HIlJ5Tg6a9Ps
				Accept=*/*
				Content-Type=application/json; charset=UTF-8
Cookies:		&lt;none&gt;
Body:			&lt;none&gt;
Request method:	POST
Request path:	https://qax.anypoint.mulesoft.com/apiplatform/repository/v2/organizations/5000db95-c5d4-487f-925e-3f82f15a5499/apis/2053/versions/2161/contracts/30187/revoke
Proxy:			&lt;none&gt;
Request params:	&lt;none&gt;
Query params:	&lt;none&gt;
Form params:	&lt;none&gt;
Path params:	&lt;none&gt;
Multiparts:		&lt;none&gt;
Headers:		Authorization=Bearer eyJ0eXAiOiJKV1QiLCJhbGciOiJIUzI1NiJ9.eyJpZCI6IjUwMDAzN2NkLTJjZmQtNGRhNC1iZWQ3LTU3Mzg0ZGViMDYyYiIsImZpcnN0TmFtZSI6IkZlZGVyYXRlZCIsImxhc3ROYW1lIjoiRXh0ZXJuYWwiLCJlbWFpbCI6ImNocmlzdG9waGVyLm1vcmR1ZUBtdWxlc29mdC5jb20iLCJ1c2VybmFtZSI6ImZlZGVyYXRlZF9leHRlcm5hbCIsIm9yZ2FuaXphdGlvbiI6eyJpZCI6IjUwMDBkYjk1LWM1ZDQtNDg3Zi05MjVlLTNmODJmMTVhNTQ5OSIsIm5hbWUiOiJGZWRlcmF0ZWQgSW5jIEV4dGVybmFsIEF1dGhvcml6YXRpb24iLCJkb21haW4iOiJmZWRlcmF0ZWQtZXh0ZXJuYWwiLCJlbnRpdGxlbWVudHMiOnsiaHlicmlkIjp7ImVuYWJsZWQiOmZhbHNlfSwiY3JlYXRlU3ViT3JncyI6dHJ1ZSwidkNvcmVzUHJvZHVjdGlvbiI6eyJhc3NpZ25lZCI6MSwicmVhc3NpZ25lZCI6MH0sInZDb3Jlc1NhbmRib3giOnsiYXNzaWduZWQiOjEsInJlYXNzaWduZWQiOjB9LCJnbG9iYWxEZXBsb3ltZW50IjpmYWxzZSwid29ya2VyTG9nZ2luZ092ZXJyaWRlIjp7ImVuYWJsZWQiOmZhbHNlfSwiZ2F0ZXdheXMiOnsiYXNzaWduZWQiOjB9LCJjcmVhdGVFbnZpcm9ubWVudHMiOnRydWUsInBhcnRuZXJzUHJvZHVjdGlvbiI6eyJhc3NpZ25lZCI6MH0sInBhcnRuZXJzU2FuZGJveCI6eyJhc3NpZ25lZCI6MH0sImF1dG9zY2FsaW5nIjpmYWxzZSwic3RhdGljSXBzIjp7ImFzc2lnbmVkIjowLCJyZWFzc2lnbmVkIjowfSwiYXJtQWxlcnRzIjpmYWxzZSwiYXBpcyI6eyJlbmFibGVkIjp0cnVlfSwibXFNZXNzYWdlcyI6eyJiYXNlIjowLCJhZGRPbiI6MH0sIm1xUmVxdWVzdHMiOnsiYmFzZSI6MCwiYWRkT24iOjB9LCJleHRlcm5hbElkZW50aXR5Ijp0cnVlLCJtcUFkdmFuY2VkRmVhdHVyZXMiOnsiZW5hYmxlZCI6ZmFsc2V9LCJ2cGNzIjp7ImFzc2lnbmVkIjowLCJyZWFzc2lnbmVkIjowfSwiaHlicmlkSW5zaWdodCI6ZmFsc2UsImRlc2lnbkNlbnRlciI6eyJtb3phcnQiOmZhbHNlLCJhcGkiOmZhbHNlfSwib2JqZWN0U3RvcmVSZXF1ZXN0VW5pdHMiOnsiYmFzZSI6MTUwMDAwMDAsImFkZE9uIjowfSwib2JqZWN0U3RvcmVLZXlzIjp7ImJhc2UiOjEwMDAwMCwiYWRkT24iOjB9LCJjYW0iOnsiZW5hYmxlZCI6ZmFsc2V9LCJsb2FkQmFsYW5jZXIiOnsiYXNzaWduZWQiOjAsInJlYXNzaWduZWQiOjB9LCJtZXNzYWdpbmciOnsiYXNzaWduZWQiOjB9fSwiZXh0ZXJuYWxBdXRob3JpemF0aW9uIjp0cnVlLCJleHRlcm5hbEF1dGhvcml6YXRpb25Qcm92aWRlciI6eyJuYW1lIjoiUG9ydGFsIEFwcGxpY2F0aW9uIE1hbmFnZW1lbnQgU3lzdGVtIChQQU1TKSIsInVybCI6Imh0dHBzOi8vd3NneC10ZXN0LmNpc2NvLmNvbS9wYW1zL2x0L2NlcG1TZXJ2aWNlL3YxLjUvbWdyc3J2cyIsInZlcnNpb24iOiIxLjUifSwiaWRlbnRpdHlNYW5hZ2VtZW50Ijp7InR5cGUiOiJQaW5nRmVkZXJhdGUifSwib2F1dGgyU2V0dGluZ3MiOnsiYXV0aG9yaXphdGlvbkdyYW50cyI6WyJjb2RlIiwidG9rZW4iLCJvd25lciIsImNyZWRlbnRpYWxzIl0sImF1dGhvcml6YXRpb25VcmkiOiJodHRwczovL2Nsb3Vkc3NvLXRlc3QuY2lzY28uY29tL2FzL2F1dGhvcml6YXRpb24ub2F1dGgyIiwiYWNjZXNzVG9rZW5VcmkiOiJodHRwczovL2Nsb3Vkc3NvLXRlc3QuY2lzY28uY29tL2FzL3Rva2VuLm9hdXRoMiIsImdyYW50VHlwZXMiOlt7Im5hbWUiOiJwYXNzd29yZCIsImxhYmVsIjoiUmVzb3VyY2UgT3duZXIgR3JhbnQiLCJyZXF1aXJlZCI6ZmFsc2UsImV4Y2x1ZGUiOltdLCJkZXBlbmRzIjpbXX0seyJuYW1lIjoiaW1wbGljaXQiLCJsYWJlbCI6IkltcGxpY2l0IEdyYW50IiwicmVxdWlyZWQiOmZhbHNlLCJleGNsdWRlIjpbXSwiZGVwZW5kcyI6W119LHsibmFtZSI6ImNsaWVudF9jcmVkZW50aWFscyIsImxhYmVsIjoiQ2xpZW50IENyZWRlbnRpYWxzIEdyYW50IiwicmVxdWlyZWQiOmZhbHNlLCJleGNsdWRlIjpbXSwiZGVwZW5kcyI6W119LHsibmFtZSI6ImF1dGhvcml6YXRpb25fY29kZSIsImxhYmVsIjoiQXV0aG9yaXphdGlvbiBDb2RlIEdyYW50IiwicmVxdWlyZWQiOmZhbHNlLCJleGNsdWRlIjpbXSwiZGVwZW5kcyI6W119LHsibmFtZSI6InJlZnJlc2hfdG9rZW4iLCJsYWJlbCI6IlJlZnJlc2ggVG9rZW4iLCJyZXF1aXJlZCI6ZmFsc2UsImV4Y2x1ZGUiOltdLCJkZXBlbmRzIjpbImF1dGhvcml6YXRpb25fY29kZSIsInBhc3N3b3JkIl19XX19LCJpbnRlcmFjdGl2ZUxvZ2luIjp0cnVlLCJ0b2tlbiI6ImEyYzg0ODE1LThjYjgtNGE3Ni1iNmU0LTg4MGM3ZTc2MGNlYiIsImlhdCI6MTQ4NjU4Njc4OCwiYXVkIjoiaHR0cDovL2FwaS1wbGF0Zm9ybS1hcGkvcmVwb3NpdG9yeSIsImlzcyI6Imh0dHA6Ly9hcGktcGxhdGZvcm0tYXBpL3JlcG9zaXRvcnkifQ.YOsto-KJMgjQZxFXe6FFipYd8TIh4P1HIlJ5Tg6a9Ps
				Accept=*/*
				Content-Type=application/json; charset=UTF-8
Cookies:		&lt;none&gt;
Body:			&lt;none&gt;
Request method:	POST
Request path:	https://qax.anypoint.mulesoft.com/apiplatform/repository/v2/organizations/5000db95-c5d4-487f-925e-3f82f15a5499/apis/2053/versions/2161/contracts/30225/revoke
Proxy:			&lt;none&gt;
Request params:	&lt;none&gt;
Query params:	&lt;none&gt;
Form params:	&lt;none&gt;
Path params:	&lt;none&gt;
Multiparts:		&lt;none&gt;
Headers:		Authorization=Bearer eyJ0eXAiOiJKV1QiLCJhbGciOiJIUzI1NiJ9.eyJpZCI6IjUwMDAzN2NkLTJjZmQtNGRhNC1iZWQ3LTU3Mzg0ZGViMDYyYiIsImZpcnN0TmFtZSI6IkZlZGVyYXRlZCIsImxhc3ROYW1lIjoiRXh0ZXJuYWwiLCJlbWFpbCI6ImNocmlzdG9waGVyLm1vcmR1ZUBtdWxlc29mdC5jb20iLCJ1c2VybmFtZSI6ImZlZGVyYXRlZF9leHRlcm5hbCIsIm9yZ2FuaXphdGlvbiI6eyJpZCI6IjUwMDBkYjk1LWM1ZDQtNDg3Zi05MjVlLTNmODJmMTVhNTQ5OSIsIm5hbWUiOiJGZWRlcmF0ZWQgSW5jIEV4dGVybmFsIEF1dGhvcml6YXRpb24iLCJkb21haW4iOiJmZWRlcmF0ZWQtZXh0ZXJuYWwiLCJlbnRpdGxlbWVudHMiOnsiaHlicmlkIjp7ImVuYWJsZWQiOmZhbHNlfSwiY3JlYXRlU3ViT3JncyI6dHJ1ZSwidkNvcmVzUHJvZHVjdGlvbiI6eyJhc3NpZ25lZCI6MSwicmVhc3NpZ25lZCI6MH0sInZDb3Jlc1NhbmRib3giOnsiYXNzaWduZWQiOjEsInJlYXNzaWduZWQiOjB9LCJnbG9iYWxEZXBsb3ltZW50IjpmYWxzZSwid29ya2VyTG9nZ2luZ092ZXJyaWRlIjp7ImVuYWJsZWQiOmZhbHNlfSwiZ2F0ZXdheXMiOnsiYXNzaWduZWQiOjB9LCJjcmVhdGVFbnZpcm9ubWVudHMiOnRydWUsInBhcnRuZXJzUHJvZHVjdGlvbiI6eyJhc3NpZ25lZCI6MH0sInBhcnRuZXJzU2FuZGJveCI6eyJhc3NpZ25lZCI6MH0sImF1dG9zY2FsaW5nIjpmYWxzZSwic3RhdGljSXBzIjp7ImFzc2lnbmVkIjowLCJyZWFzc2lnbmVkIjowfSwiYXJtQWxlcnRzIjpmYWxzZSwiYXBpcyI6eyJlbmFibGVkIjp0cnVlfSwibXFNZXNzYWdlcyI6eyJiYXNlIjowLCJhZGRPbiI6MH0sIm1xUmVxdWVzdHMiOnsiYmFzZSI6MCwiYWRkT24iOjB9LCJleHRlcm5hbElkZW50aXR5Ijp0cnVlLCJtcUFkdmFuY2VkRmVhdHVyZXMiOnsiZW5hYmxlZCI6ZmFsc2V9LCJ2cGNzIjp7ImFzc2lnbmVkIjowLCJyZWFzc2lnbmVkIjowfSwiaHlicmlkSW5zaWdodCI6ZmFsc2UsImRlc2lnbkNlbnRlciI6eyJtb3phcnQiOmZhbHNlLCJhcGkiOmZhbHNlfSwib2JqZWN0U3RvcmVSZXF1ZXN0VW5pdHMiOnsiYmFzZSI6MTUwMDAwMDAsImFkZE9uIjowfSwib2JqZWN0U3RvcmVLZXlzIjp7ImJhc2UiOjEwMDAwMCwiYWRkT24iOjB9LCJjYW0iOnsiZW5hYmxlZCI6ZmFsc2V9LCJsb2FkQmFsYW5jZXIiOnsiYXNzaWduZWQiOjAsInJlYXNzaWduZWQiOjB9LCJtZXNzYWdpbmciOnsiYXNzaWduZWQiOjB9fSwiZXh0ZXJuYWxBdXRob3JpemF0aW9uIjp0cnVlLCJleHRlcm5hbEF1dGhvcml6YXRpb25Qcm92aWRlciI6eyJuYW1lIjoiUG9ydGFsIEFwcGxpY2F0aW9uIE1hbmFnZW1lbnQgU3lzdGVtIChQQU1TKSIsInVybCI6Imh0dHBzOi8vd3NneC10ZXN0LmNpc2NvLmNvbS9wYW1zL2x0L2NlcG1TZXJ2aWNlL3YxLjUvbWdyc3J2cyIsInZlcnNpb24iOiIxLjUifSwiaWRlbnRpdHlNYW5hZ2VtZW50Ijp7InR5cGUiOiJQaW5nRmVkZXJhdGUifSwib2F1dGgyU2V0dGluZ3MiOnsiYXV0aG9yaXphdGlvbkdyYW50cyI6WyJjb2RlIiwidG9rZW4iLCJvd25lciIsImNyZWRlbnRpYWxzIl0sImF1dGhvcml6YXRpb25VcmkiOiJodHRwczovL2Nsb3Vkc3NvLXRlc3QuY2lzY28uY29tL2FzL2F1dGhvcml6YXRpb24ub2F1dGgyIiwiYWNjZXNzVG9rZW5VcmkiOiJodHRwczovL2Nsb3Vkc3NvLXRlc3QuY2lzY28uY29tL2FzL3Rva2VuLm9hdXRoMiIsImdyYW50VHlwZXMiOlt7Im5hbWUiOiJwYXNzd29yZCIsImxhYmVsIjoiUmVzb3VyY2UgT3duZXIgR3JhbnQiLCJyZXF1aXJlZCI6ZmFsc2UsImV4Y2x1ZGUiOltdLCJkZXBlbmRzIjpbXX0seyJuYW1lIjoiaW1wbGljaXQiLCJsYWJlbCI6IkltcGxpY2l0IEdyYW50IiwicmVxdWlyZWQiOmZhbHNlLCJleGNsdWRlIjpbXSwiZGVwZW5kcyI6W119LHsibmFtZSI6ImNsaWVudF9jcmVkZW50aWFscyIsImxhYmVsIjoiQ2xpZW50IENyZWRlbnRpYWxzIEdyYW50IiwicmVxdWlyZWQiOmZhbHNlLCJleGNsdWRlIjpbXSwiZGVwZW5kcyI6W119LHsibmFtZSI6ImF1dGhvcml6YXRpb25fY29kZSIsImxhYmVsIjoiQXV0aG9yaXphdGlvbiBDb2RlIEdyYW50IiwicmVxdWlyZWQiOmZhbHNlLCJleGNsdWRlIjpbXSwiZGVwZW5kcyI6W119LHsibmFtZSI6InJlZnJlc2hfdG9rZW4iLCJsYWJlbCI6IlJlZnJlc2ggVG9rZW4iLCJyZXF1aXJlZCI6ZmFsc2UsImV4Y2x1ZGUiOltdLCJkZXBlbmRzIjpbImF1dGhvcml6YXRpb25fY29kZSIsInBhc3N3b3JkIl19XX19LCJpbnRlcmFjdGl2ZUxvZ2luIjp0cnVlLCJ0b2tlbiI6ImEyYzg0ODE1LThjYjgtNGE3Ni1iNmU0LTg4MGM3ZTc2MGNlYiIsImlhdCI6MTQ4NjU4Njc4OCwiYXVkIjoiaHR0cDovL2FwaS1wbGF0Zm9ybS1hcGkvcmVwb3NpdG9yeSIsImlzcyI6Imh0dHA6Ly9hcGktcGxhdGZvcm0tYXBpL3JlcG9zaXRvcnkifQ.YOsto-KJMgjQZxFXe6FFipYd8TIh4P1HIlJ5Tg6a9Ps
				Accept=*/*
				Content-Type=application/json; charset=UTF-8
Cookies:		&lt;none&gt;
Body:			&lt;none&gt;
Request method:	POST
Request path:	https://qax.anypoint.mulesoft.com/apiplatform/repository/v2/organizations/5000db95-c5d4-487f-925e-3f82f15a5499/apis/2053/versions/2161/contracts/30229/revoke
Proxy:			&lt;none&gt;
Request params:	&lt;none&gt;
Query params:	&lt;none&gt;
Form params:	&lt;none&gt;
Path params:	&lt;none&gt;
Multiparts:		&lt;none&gt;
Headers:		Authorization=Bearer eyJ0eXAiOiJKV1QiLCJhbGciOiJIUzI1NiJ9.eyJpZCI6IjUwMDAzN2NkLTJjZmQtNGRhNC1iZWQ3LTU3Mzg0ZGViMDYyYiIsImZpcnN0TmFtZSI6IkZlZGVyYXRlZCIsImxhc3ROYW1lIjoiRXh0ZXJuYWwiLCJlbWFpbCI6ImNocmlzdG9waGVyLm1vcmR1ZUBtdWxlc29mdC5jb20iLCJ1c2VybmFtZSI6ImZlZGVyYXRlZF9leHRlcm5hbCIsIm9yZ2FuaXphdGlvbiI6eyJpZCI6IjUwMDBkYjk1LWM1ZDQtNDg3Zi05MjVlLTNmODJmMTVhNTQ5OSIsIm5hbWUiOiJGZWRlcmF0ZWQgSW5jIEV4dGVybmFsIEF1dGhvcml6YXRpb24iLCJkb21haW4iOiJmZWRlcmF0ZWQtZXh0ZXJuYWwiLCJlbnRpdGxlbWVudHMiOnsiaHlicmlkIjp7ImVuYWJsZWQiOmZhbHNlfSwiY3JlYXRlU3ViT3JncyI6dHJ1ZSwidkNvcmVzUHJvZHVjdGlvbiI6eyJhc3NpZ25lZCI6MSwicmVhc3NpZ25lZCI6MH0sInZDb3Jlc1NhbmRib3giOnsiYXNzaWduZWQiOjEsInJlYXNzaWduZWQiOjB9LCJnbG9iYWxEZXBsb3ltZW50IjpmYWxzZSwid29ya2VyTG9nZ2luZ092ZXJyaWRlIjp7ImVuYWJsZWQiOmZhbHNlfSwiZ2F0ZXdheXMiOnsiYXNzaWduZWQiOjB9LCJjcmVhdGVFbnZpcm9ubWVudHMiOnRydWUsInBhcnRuZXJzUHJvZHVjdGlvbiI6eyJhc3NpZ25lZCI6MH0sInBhcnRuZXJzU2FuZGJveCI6eyJhc3NpZ25lZCI6MH0sImF1dG9zY2FsaW5nIjpmYWxzZSwic3RhdGljSXBzIjp7ImFzc2lnbmVkIjowLCJyZWFzc2lnbmVkIjowfSwiYXJtQWxlcnRzIjpmYWxzZSwiYXBpcyI6eyJlbmFibGVkIjp0cnVlfSwibXFNZXNzYWdlcyI6eyJiYXNlIjowLCJhZGRPbiI6MH0sIm1xUmVxdWVzdHMiOnsiYmFzZSI6MCwiYWRkT24iOjB9LCJleHRlcm5hbElkZW50aXR5Ijp0cnVlLCJtcUFkdmFuY2VkRmVhdHVyZXMiOnsiZW5hYmxlZCI6ZmFsc2V9LCJ2cGNzIjp7ImFzc2lnbmVkIjowLCJyZWFzc2lnbmVkIjowfSwiaHlicmlkSW5zaWdodCI6ZmFsc2UsImRlc2lnbkNlbnRlciI6eyJtb3phcnQiOmZhbHNlLCJhcGkiOmZhbHNlfSwib2JqZWN0U3RvcmVSZXF1ZXN0VW5pdHMiOnsiYmFzZSI6MTUwMDAwMDAsImFkZE9uIjowfSwib2JqZWN0U3RvcmVLZXlzIjp7ImJhc2UiOjEwMDAwMCwiYWRkT24iOjB9LCJjYW0iOnsiZW5hYmxlZCI6ZmFsc2V9LCJsb2FkQmFsYW5jZXIiOnsiYXNzaWduZWQiOjAsInJlYXNzaWduZWQiOjB9LCJtZXNzYWdpbmciOnsiYXNzaWduZWQiOjB9fSwiZXh0ZXJuYWxBdXRob3JpemF0aW9uIjp0cnVlLCJleHRlcm5hbEF1dGhvcml6YXRpb25Qcm92aWRlciI6eyJuYW1lIjoiUG9ydGFsIEFwcGxpY2F0aW9uIE1hbmFnZW1lbnQgU3lzdGVtIChQQU1TKSIsInVybCI6Imh0dHBzOi8vd3NneC10ZXN0LmNpc2NvLmNvbS9wYW1zL2x0L2NlcG1TZXJ2aWNlL3YxLjUvbWdyc3J2cyIsInZlcnNpb24iOiIxLjUifSwiaWRlbnRpdHlNYW5hZ2VtZW50Ijp7InR5cGUiOiJQaW5nRmVkZXJhdGUifSwib2F1dGgyU2V0dGluZ3MiOnsiYXV0aG9yaXphdGlvbkdyYW50cyI6WyJjb2RlIiwidG9rZW4iLCJvd25lciIsImNyZWRlbnRpYWxzIl0sImF1dGhvcml6YXRpb25VcmkiOiJodHRwczovL2Nsb3Vkc3NvLXRlc3QuY2lzY28uY29tL2FzL2F1dGhvcml6YXRpb24ub2F1dGgyIiwiYWNjZXNzVG9rZW5VcmkiOiJodHRwczovL2Nsb3Vkc3NvLXRlc3QuY2lzY28uY29tL2FzL3Rva2VuLm9hdXRoMiIsImdyYW50VHlwZXMiOlt7Im5hbWUiOiJwYXNzd29yZCIsImxhYmVsIjoiUmVzb3VyY2UgT3duZXIgR3JhbnQiLCJyZXF1aXJlZCI6ZmFsc2UsImV4Y2x1ZGUiOltdLCJkZXBlbmRzIjpbXX0seyJuYW1lIjoiaW1wbGljaXQiLCJsYWJlbCI6IkltcGxpY2l0IEdyYW50IiwicmVxdWlyZWQiOmZhbHNlLCJleGNsdWRlIjpbXSwiZGVwZW5kcyI6W119LHsibmFtZSI6ImNsaWVudF9jcmVkZW50aWFscyIsImxhYmVsIjoiQ2xpZW50IENyZWRlbnRpYWxzIEdyYW50IiwicmVxdWlyZWQiOmZhbHNlLCJleGNsdWRlIjpbXSwiZGVwZW5kcyI6W119LHsibmFtZSI6ImF1dGhvcml6YXRpb25fY29kZSIsImxhYmVsIjoiQXV0aG9yaXphdGlvbiBDb2RlIEdyYW50IiwicmVxdWlyZWQiOmZhbHNlLCJleGNsdWRlIjpbXSwiZGVwZW5kcyI6W119LHsibmFtZSI6InJlZnJlc2hfdG9rZW4iLCJsYWJlbCI6IlJlZnJlc2ggVG9rZW4iLCJyZXF1aXJlZCI6ZmFsc2UsImV4Y2x1ZGUiOltdLCJkZXBlbmRzIjpbImF1dGhvcml6YXRpb25fY29kZSIsInBhc3N3b3JkIl19XX19LCJpbnRlcmFjdGl2ZUxvZ2luIjp0cnVlLCJ0b2tlbiI6ImEyYzg0ODE1LThjYjgtNGE3Ni1iNmU0LTg4MGM3ZTc2MGNlYiIsImlhdCI6MTQ4NjU4Njc4OCwiYXVkIjoiaHR0cDovL2FwaS1wbGF0Zm9ybS1hcGkvcmVwb3NpdG9yeSIsImlzcyI6Imh0dHA6Ly9hcGktcGxhdGZvcm0tYXBpL3JlcG9zaXRvcnkifQ.YOsto-KJMgjQZxFXe6FFipYd8TIh4P1HIlJ5Tg6a9Ps
				Accept=*/*
				Content-Type=application/json; charset=UTF-8
Cookies:		&lt;none&gt;
Body:			&lt;none&gt;
Request method:	POST
Request path:	https://qax.anypoint.mulesoft.com/apiplatform/repository/v2/organizations/5000db95-c5d4-487f-925e-3f82f15a5499/apis/2053/versions/2161/contracts/30259/revoke
Proxy:			&lt;none&gt;
Request params:	&lt;none&gt;
Query params:	&lt;none&gt;
Form params:	&lt;none&gt;
Path params:	&lt;none&gt;
Multiparts:		&lt;none&gt;
Headers:		Authorization=Bearer eyJ0eXAiOiJKV1QiLCJhbGciOiJIUzI1NiJ9.eyJpZCI6IjUwMDAzN2NkLTJjZmQtNGRhNC1iZWQ3LTU3Mzg0ZGViMDYyYiIsImZpcnN0TmFtZSI6IkZlZGVyYXRlZCIsImxhc3ROYW1lIjoiRXh0ZXJuYWwiLCJlbWFpbCI6ImNocmlzdG9waGVyLm1vcmR1ZUBtdWxlc29mdC5jb20iLCJ1c2VybmFtZSI6ImZlZGVyYXRlZF9leHRlcm5hbCIsIm9yZ2FuaXphdGlvbiI6eyJpZCI6IjUwMDBkYjk1LWM1ZDQtNDg3Zi05MjVlLTNmODJmMTVhNTQ5OSIsIm5hbWUiOiJGZWRlcmF0ZWQgSW5jIEV4dGVybmFsIEF1dGhvcml6YXRpb24iLCJkb21haW4iOiJmZWRlcmF0ZWQtZXh0ZXJuYWwiLCJlbnRpdGxlbWVudHMiOnsiaHlicmlkIjp7ImVuYWJsZWQiOmZhbHNlfSwiY3JlYXRlU3ViT3JncyI6dHJ1ZSwidkNvcmVzUHJvZHVjdGlvbiI6eyJhc3NpZ25lZCI6MSwicmVhc3NpZ25lZCI6MH0sInZDb3Jlc1NhbmRib3giOnsiYXNzaWduZWQiOjEsInJlYXNzaWduZWQiOjB9LCJnbG9iYWxEZXBsb3ltZW50IjpmYWxzZSwid29ya2VyTG9nZ2luZ092ZXJyaWRlIjp7ImVuYWJsZWQiOmZhbHNlfSwiZ2F0ZXdheXMiOnsiYXNzaWduZWQiOjB9LCJjcmVhdGVFbnZpcm9ubWVudHMiOnRydWUsInBhcnRuZXJzUHJvZHVjdGlvbiI6eyJhc3NpZ25lZCI6MH0sInBhcnRuZXJzU2FuZGJveCI6eyJhc3NpZ25lZCI6MH0sImF1dG9zY2FsaW5nIjpmYWxzZSwic3RhdGljSXBzIjp7ImFzc2lnbmVkIjowLCJyZWFzc2lnbmVkIjowfSwiYXJtQWxlcnRzIjpmYWxzZSwiYXBpcyI6eyJlbmFibGVkIjp0cnVlfSwibXFNZXNzYWdlcyI6eyJiYXNlIjowLCJhZGRPbiI6MH0sIm1xUmVxdWVzdHMiOnsiYmFzZSI6MCwiYWRkT24iOjB9LCJleHRlcm5hbElkZW50aXR5Ijp0cnVlLCJtcUFkdmFuY2VkRmVhdHVyZXMiOnsiZW5hYmxlZCI6ZmFsc2V9LCJ2cGNzIjp7ImFzc2lnbmVkIjowLCJyZWFzc2lnbmVkIjowfSwiaHlicmlkSW5zaWdodCI6ZmFsc2UsImRlc2lnbkNlbnRlciI6eyJtb3phcnQiOmZhbHNlLCJhcGkiOmZhbHNlfSwib2JqZWN0U3RvcmVSZXF1ZXN0VW5pdHMiOnsiYmFzZSI6MTUwMDAwMDAsImFkZE9uIjowfSwib2JqZWN0U3RvcmVLZXlzIjp7ImJhc2UiOjEwMDAwMCwiYWRkT24iOjB9LCJjYW0iOnsiZW5hYmxlZCI6ZmFsc2V9LCJsb2FkQmFsYW5jZXIiOnsiYXNzaWduZWQiOjAsInJlYXNzaWduZWQiOjB9LCJtZXNzYWdpbmciOnsiYXNzaWduZWQiOjB9fSwiZXh0ZXJuYWxBdXRob3JpemF0aW9uIjp0cnVlLCJleHRlcm5hbEF1dGhvcml6YXRpb25Qcm92aWRlciI6eyJuYW1lIjoiUG9ydGFsIEFwcGxpY2F0aW9uIE1hbmFnZW1lbnQgU3lzdGVtIChQQU1TKSIsInVybCI6Imh0dHBzOi8vd3NneC10ZXN0LmNpc2NvLmNvbS9wYW1zL2x0L2NlcG1TZXJ2aWNlL3YxLjUvbWdyc3J2cyIsInZlcnNpb24iOiIxLjUifSwiaWRlbnRpdHlNYW5hZ2VtZW50Ijp7InR5cGUiOiJQaW5nRmVkZXJhdGUifSwib2F1dGgyU2V0dGluZ3MiOnsiYXV0aG9yaXphdGlvbkdyYW50cyI6WyJjb2RlIiwidG9rZW4iLCJvd25lciIsImNyZWRlbnRpYWxzIl0sImF1dGhvcml6YXRpb25VcmkiOiJodHRwczovL2Nsb3Vkc3NvLXRlc3QuY2lzY28uY29tL2FzL2F1dGhvcml6YXRpb24ub2F1dGgyIiwiYWNjZXNzVG9rZW5VcmkiOiJodHRwczovL2Nsb3Vkc3NvLXRlc3QuY2lzY28uY29tL2FzL3Rva2VuLm9hdXRoMiIsImdyYW50VHlwZXMiOlt7Im5hbWUiOiJwYXNzd29yZCIsImxhYmVsIjoiUmVzb3VyY2UgT3duZXIgR3JhbnQiLCJyZXF1aXJlZCI6ZmFsc2UsImV4Y2x1ZGUiOltdLCJkZXBlbmRzIjpbXX0seyJuYW1lIjoiaW1wbGljaXQiLCJsYWJlbCI6IkltcGxpY2l0IEdyYW50IiwicmVxdWlyZWQiOmZhbHNlLCJleGNsdWRlIjpbXSwiZGVwZW5kcyI6W119LHsibmFtZSI6ImNsaWVudF9jcmVkZW50aWFscyIsImxhYmVsIjoiQ2xpZW50IENyZWRlbnRpYWxzIEdyYW50IiwicmVxdWlyZWQiOmZhbHNlLCJleGNsdWRlIjpbXSwiZGVwZW5kcyI6W119LHsibmFtZSI6ImF1dGhvcml6YXRpb25fY29kZSIsImxhYmVsIjoiQXV0aG9yaXphdGlvbiBDb2RlIEdyYW50IiwicmVxdWlyZWQiOmZhbHNlLCJleGNsdWRlIjpbXSwiZGVwZW5kcyI6W119LHsibmFtZSI6InJlZnJlc2hfdG9rZW4iLCJsYWJlbCI6IlJlZnJlc2ggVG9rZW4iLCJyZXF1aXJlZCI6ZmFsc2UsImV4Y2x1ZGUiOltdLCJkZXBlbmRzIjpbImF1dGhvcml6YXRpb25fY29kZSIsInBhc3N3b3JkIl19XX19LCJpbnRlcmFjdGl2ZUxvZ2luIjp0cnVlLCJ0b2tlbiI6ImEyYzg0ODE1LThjYjgtNGE3Ni1iNmU0LTg4MGM3ZTc2MGNlYiIsImlhdCI6MTQ4NjU4Njc4OCwiYXVkIjoiaHR0cDovL2FwaS1wbGF0Zm9ybS1hcGkvcmVwb3NpdG9yeSIsImlzcyI6Imh0dHA6Ly9hcGktcGxhdGZvcm0tYXBpL3JlcG9zaXRvcnkifQ.YOsto-KJMgjQZxFXe6FFipYd8TIh4P1HIlJ5Tg6a9Ps
				Accept=*/*
				Content-Type=application/json; charset=UTF-8
Cookies:		&lt;none&gt;
Body:			&lt;none&gt;
Request method:	POST
Request path:	https://qax.anypoint.mulesoft.com/apiplatform/repository/v2/organizations/5000db95-c5d4-487f-925e-3f82f15a5499/apis/2053/versions/2161/contracts/30190/revoke
Proxy:			&lt;none&gt;
Request params:	&lt;none&gt;
Query params:	&lt;none&gt;
Form params:	&lt;none&gt;
Path params:	&lt;none&gt;
Multiparts:		&lt;none&gt;
Headers:		Authorization=Bearer eyJ0eXAiOiJKV1QiLCJhbGciOiJIUzI1NiJ9.eyJpZCI6IjUwMDAzN2NkLTJjZmQtNGRhNC1iZWQ3LTU3Mzg0ZGViMDYyYiIsImZpcnN0TmFtZSI6IkZlZGVyYXRlZCIsImxhc3ROYW1lIjoiRXh0ZXJuYWwiLCJlbWFpbCI6ImNocmlzdG9waGVyLm1vcmR1ZUBtdWxlc29mdC5jb20iLCJ1c2VybmFtZSI6ImZlZGVyYXRlZF9leHRlcm5hbCIsIm9yZ2FuaXphdGlvbiI6eyJpZCI6IjUwMDBkYjk1LWM1ZDQtNDg3Zi05MjVlLTNmODJmMTVhNTQ5OSIsIm5hbWUiOiJGZWRlcmF0ZWQgSW5jIEV4dGVybmFsIEF1dGhvcml6YXRpb24iLCJkb21haW4iOiJmZWRlcmF0ZWQtZXh0ZXJuYWwiLCJlbnRpdGxlbWVudHMiOnsiaHlicmlkIjp7ImVuYWJsZWQiOmZhbHNlfSwiY3JlYXRlU3ViT3JncyI6dHJ1ZSwidkNvcmVzUHJvZHVjdGlvbiI6eyJhc3NpZ25lZCI6MSwicmVhc3NpZ25lZCI6MH0sInZDb3Jlc1NhbmRib3giOnsiYXNzaWduZWQiOjEsInJlYXNzaWduZWQiOjB9LCJnbG9iYWxEZXBsb3ltZW50IjpmYWxzZSwid29ya2VyTG9nZ2luZ092ZXJyaWRlIjp7ImVuYWJsZWQiOmZhbHNlfSwiZ2F0ZXdheXMiOnsiYXNzaWduZWQiOjB9LCJjcmVhdGVFbnZpcm9ubWVudHMiOnRydWUsInBhcnRuZXJzUHJvZHVjdGlvbiI6eyJhc3NpZ25lZCI6MH0sInBhcnRuZXJzU2FuZGJveCI6eyJhc3NpZ25lZCI6MH0sImF1dG9zY2FsaW5nIjpmYWxzZSwic3RhdGljSXBzIjp7ImFzc2lnbmVkIjowLCJyZWFzc2lnbmVkIjowfSwiYXJtQWxlcnRzIjpmYWxzZSwiYXBpcyI6eyJlbmFibGVkIjp0cnVlfSwibXFNZXNzYWdlcyI6eyJiYXNlIjowLCJhZGRPbiI6MH0sIm1xUmVxdWVzdHMiOnsiYmFzZSI6MCwiYWRkT24iOjB9LCJleHRlcm5hbElkZW50aXR5Ijp0cnVlLCJtcUFkdmFuY2VkRmVhdHVyZXMiOnsiZW5hYmxlZCI6ZmFsc2V9LCJ2cGNzIjp7ImFzc2lnbmVkIjowLCJyZWFzc2lnbmVkIjowfSwiaHlicmlkSW5zaWdodCI6ZmFsc2UsImRlc2lnbkNlbnRlciI6eyJtb3phcnQiOmZhbHNlLCJhcGkiOmZhbHNlfSwib2JqZWN0U3RvcmVSZXF1ZXN0VW5pdHMiOnsiYmFzZSI6MTUwMDAwMDAsImFkZE9uIjowfSwib2JqZWN0U3RvcmVLZXlzIjp7ImJhc2UiOjEwMDAwMCwiYWRkT24iOjB9LCJjYW0iOnsiZW5hYmxlZCI6ZmFsc2V9LCJsb2FkQmFsYW5jZXIiOnsiYXNzaWduZWQiOjAsInJlYXNzaWduZWQiOjB9LCJtZXNzYWdpbmciOnsiYXNzaWduZWQiOjB9fSwiZXh0ZXJuYWxBdXRob3JpemF0aW9uIjp0cnVlLCJleHRlcm5hbEF1dGhvcml6YXRpb25Qcm92aWRlciI6eyJuYW1lIjoiUG9ydGFsIEFwcGxpY2F0aW9uIE1hbmFnZW1lbnQgU3lzdGVtIChQQU1TKSIsInVybCI6Imh0dHBzOi8vd3NneC10ZXN0LmNpc2NvLmNvbS9wYW1zL2x0L2NlcG1TZXJ2aWNlL3YxLjUvbWdyc3J2cyIsInZlcnNpb24iOiIxLjUifSwiaWRlbnRpdHlNYW5hZ2VtZW50Ijp7InR5cGUiOiJQaW5nRmVkZXJhdGUifSwib2F1dGgyU2V0dGluZ3MiOnsiYXV0aG9yaXphdGlvbkdyYW50cyI6WyJjb2RlIiwidG9rZW4iLCJvd25lciIsImNyZWRlbnRpYWxzIl0sImF1dGhvcml6YXRpb25VcmkiOiJodHRwczovL2Nsb3Vkc3NvLXRlc3QuY2lzY28uY29tL2FzL2F1dGhvcml6YXRpb24ub2F1dGgyIiwiYWNjZXNzVG9rZW5VcmkiOiJodHRwczovL2Nsb3Vkc3NvLXRlc3QuY2lzY28uY29tL2FzL3Rva2VuLm9hdXRoMiIsImdyYW50VHlwZXMiOlt7Im5hbWUiOiJwYXNzd29yZCIsImxhYmVsIjoiUmVzb3VyY2UgT3duZXIgR3JhbnQiLCJyZXF1aXJlZCI6ZmFsc2UsImV4Y2x1ZGUiOltdLCJkZXBlbmRzIjpbXX0seyJuYW1lIjoiaW1wbGljaXQiLCJsYWJlbCI6IkltcGxpY2l0IEdyYW50IiwicmVxdWlyZWQiOmZhbHNlLCJleGNsdWRlIjpbXSwiZGVwZW5kcyI6W119LHsibmFtZSI6ImNsaWVudF9jcmVkZW50aWFscyIsImxhYmVsIjoiQ2xpZW50IENyZWRlbnRpYWxzIEdyYW50IiwicmVxdWlyZWQiOmZhbHNlLCJleGNsdWRlIjpbXSwiZGVwZW5kcyI6W119LHsibmFtZSI6ImF1dGhvcml6YXRpb25fY29kZSIsImxhYmVsIjoiQXV0aG9yaXphdGlvbiBDb2RlIEdyYW50IiwicmVxdWlyZWQiOmZhbHNlLCJleGNsdWRlIjpbXSwiZGVwZW5kcyI6W119LHsibmFtZSI6InJlZnJlc2hfdG9rZW4iLCJsYWJlbCI6IlJlZnJlc2ggVG9rZW4iLCJyZXF1aXJlZCI6ZmFsc2UsImV4Y2x1ZGUiOltdLCJkZXBlbmRzIjpbImF1dGhvcml6YXRpb25fY29kZSIsInBhc3N3b3JkIl19XX19LCJpbnRlcmFjdGl2ZUxvZ2luIjp0cnVlLCJ0b2tlbiI6ImEyYzg0ODE1LThjYjgtNGE3Ni1iNmU0LTg4MGM3ZTc2MGNlYiIsImlhdCI6MTQ4NjU4Njc4OCwiYXVkIjoiaHR0cDovL2FwaS1wbGF0Zm9ybS1hcGkvcmVwb3NpdG9yeSIsImlzcyI6Imh0dHA6Ly9hcGktcGxhdGZvcm0tYXBpL3JlcG9zaXRvcnkifQ.YOsto-KJMgjQZxFXe6FFipYd8TIh4P1HIlJ5Tg6a9Ps
				Accept=*/*
				Content-Type=application/json; charset=UTF-8
Cookies:		&lt;none&gt;
Body:			&lt;none&gt;
Request method:	POST
Request path:	https://qax.anypoint.mulesoft.com/apiplatform/repository/v2/organizations/5000db95-c5d4-487f-925e-3f82f15a5499/apis/2053/versions/2161/contracts/30184/revoke
Proxy:			&lt;none&gt;
Request params:	&lt;none&gt;
Query params:	&lt;none&gt;
Form params:	&lt;none&gt;
Path params:	&lt;none&gt;
Multiparts:		&lt;none&gt;
Headers:		Authorization=Bearer eyJ0eXAiOiJKV1QiLCJhbGciOiJIUzI1NiJ9.eyJpZCI6IjUwMDAzN2NkLTJjZmQtNGRhNC1iZWQ3LTU3Mzg0ZGViMDYyYiIsImZpcnN0TmFtZSI6IkZlZGVyYXRlZCIsImxhc3ROYW1lIjoiRXh0ZXJuYWwiLCJlbWFpbCI6ImNocmlzdG9waGVyLm1vcmR1ZUBtdWxlc29mdC5jb20iLCJ1c2VybmFtZSI6ImZlZGVyYXRlZF9leHRlcm5hbCIsIm9yZ2FuaXphdGlvbiI6eyJpZCI6IjUwMDBkYjk1LWM1ZDQtNDg3Zi05MjVlLTNmODJmMTVhNTQ5OSIsIm5hbWUiOiJGZWRlcmF0ZWQgSW5jIEV4dGVybmFsIEF1dGhvcml6YXRpb24iLCJkb21haW4iOiJmZWRlcmF0ZWQtZXh0ZXJuYWwiLCJlbnRpdGxlbWVudHMiOnsiaHlicmlkIjp7ImVuYWJsZWQiOmZhbHNlfSwiY3JlYXRlU3ViT3JncyI6dHJ1ZSwidkNvcmVzUHJvZHVjdGlvbiI6eyJhc3NpZ25lZCI6MSwicmVhc3NpZ25lZCI6MH0sInZDb3Jlc1NhbmRib3giOnsiYXNzaWduZWQiOjEsInJlYXNzaWduZWQiOjB9LCJnbG9iYWxEZXBsb3ltZW50IjpmYWxzZSwid29ya2VyTG9nZ2luZ092ZXJyaWRlIjp7ImVuYWJsZWQiOmZhbHNlfSwiZ2F0ZXdheXMiOnsiYXNzaWduZWQiOjB9LCJjcmVhdGVFbnZpcm9ubWVudHMiOnRydWUsInBhcnRuZXJzUHJvZHVjdGlvbiI6eyJhc3NpZ25lZCI6MH0sInBhcnRuZXJzU2FuZGJveCI6eyJhc3NpZ25lZCI6MH0sImF1dG9zY2FsaW5nIjpmYWxzZSwic3RhdGljSXBzIjp7ImFzc2lnbmVkIjowLCJyZWFzc2lnbmVkIjowfSwiYXJtQWxlcnRzIjpmYWxzZSwiYXBpcyI6eyJlbmFibGVkIjp0cnVlfSwibXFNZXNzYWdlcyI6eyJiYXNlIjowLCJhZGRPbiI6MH0sIm1xUmVxdWVzdHMiOnsiYmFzZSI6MCwiYWRkT24iOjB9LCJleHRlcm5hbElkZW50aXR5Ijp0cnVlLCJtcUFkdmFuY2VkRmVhdHVyZXMiOnsiZW5hYmxlZCI6ZmFsc2V9LCJ2cGNzIjp7ImFzc2lnbmVkIjowLCJyZWFzc2lnbmVkIjowfSwiaHlicmlkSW5zaWdodCI6ZmFsc2UsImRlc2lnbkNlbnRlciI6eyJtb3phcnQiOmZhbHNlLCJhcGkiOmZhbHNlfSwib2JqZWN0U3RvcmVSZXF1ZXN0VW5pdHMiOnsiYmFzZSI6MTUwMDAwMDAsImFkZE9uIjowfSwib2JqZWN0U3RvcmVLZXlzIjp7ImJhc2UiOjEwMDAwMCwiYWRkT24iOjB9LCJjYW0iOnsiZW5hYmxlZCI6ZmFsc2V9LCJsb2FkQmFsYW5jZXIiOnsiYXNzaWduZWQiOjAsInJlYXNzaWduZWQiOjB9LCJtZXNzYWdpbmciOnsiYXNzaWduZWQiOjB9fSwiZXh0ZXJuYWxBdXRob3JpemF0aW9uIjp0cnVlLCJleHRlcm5hbEF1dGhvcml6YXRpb25Qcm92aWRlciI6eyJuYW1lIjoiUG9ydGFsIEFwcGxpY2F0aW9uIE1hbmFnZW1lbnQgU3lzdGVtIChQQU1TKSIsInVybCI6Imh0dHBzOi8vd3NneC10ZXN0LmNpc2NvLmNvbS9wYW1zL2x0L2NlcG1TZXJ2aWNlL3YxLjUvbWdyc3J2cyIsInZlcnNpb24iOiIxLjUifSwiaWRlbnRpdHlNYW5hZ2VtZW50Ijp7InR5cGUiOiJQaW5nRmVkZXJhdGUifSwib2F1dGgyU2V0dGluZ3MiOnsiYXV0aG9yaXphdGlvbkdyYW50cyI6WyJjb2RlIiwidG9rZW4iLCJvd25lciIsImNyZWRlbnRpYWxzIl0sImF1dGhvcml6YXRpb25VcmkiOiJodHRwczovL2Nsb3Vkc3NvLXRlc3QuY2lzY28uY29tL2FzL2F1dGhvcml6YXRpb24ub2F1dGgyIiwiYWNjZXNzVG9rZW5VcmkiOiJodHRwczovL2Nsb3Vkc3NvLXRlc3QuY2lzY28uY29tL2FzL3Rva2VuLm9hdXRoMiIsImdyYW50VHlwZXMiOlt7Im5hbWUiOiJwYXNzd29yZCIsImxhYmVsIjoiUmVzb3VyY2UgT3duZXIgR3JhbnQiLCJyZXF1aXJlZCI6ZmFsc2UsImV4Y2x1ZGUiOltdLCJkZXBlbmRzIjpbXX0seyJuYW1lIjoiaW1wbGljaXQiLCJsYWJlbCI6IkltcGxpY2l0IEdyYW50IiwicmVxdWlyZWQiOmZhbHNlLCJleGNsdWRlIjpbXSwiZGVwZW5kcyI6W119LHsibmFtZSI6ImNsaWVudF9jcmVkZW50aWFscyIsImxhYmVsIjoiQ2xpZW50IENyZWRlbnRpYWxzIEdyYW50IiwicmVxdWlyZWQiOmZhbHNlLCJleGNsdWRlIjpbXSwiZGVwZW5kcyI6W119LHsibmFtZSI6ImF1dGhvcml6YXRpb25fY29kZSIsImxhYmVsIjoiQXV0aG9yaXphdGlvbiBDb2RlIEdyYW50IiwicmVxdWlyZWQiOmZhbHNlLCJleGNsdWRlIjpbXSwiZGVwZW5kcyI6W119LHsibmFtZSI6InJlZnJlc2hfdG9rZW4iLCJsYWJlbCI6IlJlZnJlc2ggVG9rZW4iLCJyZXF1aXJlZCI6ZmFsc2UsImV4Y2x1ZGUiOltdLCJkZXBlbmRzIjpbImF1dGhvcml6YXRpb25fY29kZSIsInBhc3N3b3JkIl19XX19LCJpbnRlcmFjdGl2ZUxvZ2luIjp0cnVlLCJ0b2tlbiI6ImEyYzg0ODE1LThjYjgtNGE3Ni1iNmU0LTg4MGM3ZTc2MGNlYiIsImlhdCI6MTQ4NjU4Njc4OCwiYXVkIjoiaHR0cDovL2FwaS1wbGF0Zm9ybS1hcGkvcmVwb3NpdG9yeSIsImlzcyI6Imh0dHA6Ly9hcGktcGxhdGZvcm0tYXBpL3JlcG9zaXRvcnkifQ.YOsto-KJMgjQZxFXe6FFipYd8TIh4P1HIlJ5Tg6a9Ps
				Accept=*/*
				Content-Type=application/json; charset=UTF-8
Cookies:		&lt;none&gt;
Body:			&lt;none&gt;
Request method:	POST
Request path:	https://qax.anypoint.mulesoft.com/apiplatform/repository/v2/organizations/5000db95-c5d4-487f-925e-3f82f15a5499/apis/2053/versions/2161/contracts/30263/revoke
Proxy:			&lt;none&gt;
Request params:	&lt;none&gt;
Query params:	&lt;none&gt;
Form params:	&lt;none&gt;
Path params:	&lt;none&gt;
Multiparts:		&lt;none&gt;
Headers:		Authorization=Bearer eyJ0eXAiOiJKV1QiLCJhbGciOiJIUzI1NiJ9.eyJpZCI6IjUwMDAzN2NkLTJjZmQtNGRhNC1iZWQ3LTU3Mzg0ZGViMDYyYiIsImZpcnN0TmFtZSI6IkZlZGVyYXRlZCIsImxhc3ROYW1lIjoiRXh0ZXJuYWwiLCJlbWFpbCI6ImNocmlzdG9waGVyLm1vcmR1ZUBtdWxlc29mdC5jb20iLCJ1c2VybmFtZSI6ImZlZGVyYXRlZF9leHRlcm5hbCIsIm9yZ2FuaXphdGlvbiI6eyJpZCI6IjUwMDBkYjk1LWM1ZDQtNDg3Zi05MjVlLTNmODJmMTVhNTQ5OSIsIm5hbWUiOiJGZWRlcmF0ZWQgSW5jIEV4dGVybmFsIEF1dGhvcml6YXRpb24iLCJkb21haW4iOiJmZWRlcmF0ZWQtZXh0ZXJuYWwiLCJlbnRpdGxlbWVudHMiOnsiaHlicmlkIjp7ImVuYWJsZWQiOmZhbHNlfSwiY3JlYXRlU3ViT3JncyI6dHJ1ZSwidkNvcmVzUHJvZHVjdGlvbiI6eyJhc3NpZ25lZCI6MSwicmVhc3NpZ25lZCI6MH0sInZDb3Jlc1NhbmRib3giOnsiYXNzaWduZWQiOjEsInJlYXNzaWduZWQiOjB9LCJnbG9iYWxEZXBsb3ltZW50IjpmYWxzZSwid29ya2VyTG9nZ2luZ092ZXJyaWRlIjp7ImVuYWJsZWQiOmZhbHNlfSwiZ2F0ZXdheXMiOnsiYXNzaWduZWQiOjB9LCJjcmVhdGVFbnZpcm9ubWVudHMiOnRydWUsInBhcnRuZXJzUHJvZHVjdGlvbiI6eyJhc3NpZ25lZCI6MH0sInBhcnRuZXJzU2FuZGJveCI6eyJhc3NpZ25lZCI6MH0sImF1dG9zY2FsaW5nIjpmYWxzZSwic3RhdGljSXBzIjp7ImFzc2lnbmVkIjowLCJyZWFzc2lnbmVkIjowfSwiYXJtQWxlcnRzIjpmYWxzZSwiYXBpcyI6eyJlbmFibGVkIjp0cnVlfSwibXFNZXNzYWdlcyI6eyJiYXNlIjowLCJhZGRPbiI6MH0sIm1xUmVxdWVzdHMiOnsiYmFzZSI6MCwiYWRkT24iOjB9LCJleHRlcm5hbElkZW50aXR5Ijp0cnVlLCJtcUFkdmFuY2VkRmVhdHVyZXMiOnsiZW5hYmxlZCI6ZmFsc2V9LCJ2cGNzIjp7ImFzc2lnbmVkIjowLCJyZWFzc2lnbmVkIjowfSwiaHlicmlkSW5zaWdodCI6ZmFsc2UsImRlc2lnbkNlbnRlciI6eyJtb3phcnQiOmZhbHNlLCJhcGkiOmZhbHNlfSwib2JqZWN0U3RvcmVSZXF1ZXN0VW5pdHMiOnsiYmFzZSI6MTUwMDAwMDAsImFkZE9uIjowfSwib2JqZWN0U3RvcmVLZXlzIjp7ImJhc2UiOjEwMDAwMCwiYWRkT24iOjB9LCJjYW0iOnsiZW5hYmxlZCI6ZmFsc2V9LCJsb2FkQmFsYW5jZXIiOnsiYXNzaWduZWQiOjAsInJlYXNzaWduZWQiOjB9LCJtZXNzYWdpbmciOnsiYXNzaWduZWQiOjB9fSwiZXh0ZXJuYWxBdXRob3JpemF0aW9uIjp0cnVlLCJleHRlcm5hbEF1dGhvcml6YXRpb25Qcm92aWRlciI6eyJuYW1lIjoiUG9ydGFsIEFwcGxpY2F0aW9uIE1hbmFnZW1lbnQgU3lzdGVtIChQQU1TKSIsInVybCI6Imh0dHBzOi8vd3NneC10ZXN0LmNpc2NvLmNvbS9wYW1zL2x0L2NlcG1TZXJ2aWNlL3YxLjUvbWdyc3J2cyIsInZlcnNpb24iOiIxLjUifSwiaWRlbnRpdHlNYW5hZ2VtZW50Ijp7InR5cGUiOiJQaW5nRmVkZXJhdGUifSwib2F1dGgyU2V0dGluZ3MiOnsiYXV0aG9yaXphdGlvbkdyYW50cyI6WyJjb2RlIiwidG9rZW4iLCJvd25lciIsImNyZWRlbnRpYWxzIl0sImF1dGhvcml6YXRpb25VcmkiOiJodHRwczovL2Nsb3Vkc3NvLXRlc3QuY2lzY28uY29tL2FzL2F1dGhvcml6YXRpb24ub2F1dGgyIiwiYWNjZXNzVG9rZW5VcmkiOiJodHRwczovL2Nsb3Vkc3NvLXRlc3QuY2lzY28uY29tL2FzL3Rva2VuLm9hdXRoMiIsImdyYW50VHlwZXMiOlt7Im5hbWUiOiJwYXNzd29yZCIsImxhYmVsIjoiUmVzb3VyY2UgT3duZXIgR3JhbnQiLCJyZXF1aXJlZCI6ZmFsc2UsImV4Y2x1ZGUiOltdLCJkZXBlbmRzIjpbXX0seyJuYW1lIjoiaW1wbGljaXQiLCJsYWJlbCI6IkltcGxpY2l0IEdyYW50IiwicmVxdWlyZWQiOmZhbHNlLCJleGNsdWRlIjpbXSwiZGVwZW5kcyI6W119LHsibmFtZSI6ImNsaWVudF9jcmVkZW50aWFscyIsImxhYmVsIjoiQ2xpZW50IENyZWRlbnRpYWxzIEdyYW50IiwicmVxdWlyZWQiOmZhbHNlLCJleGNsdWRlIjpbXSwiZGVwZW5kcyI6W119LHsibmFtZSI6ImF1dGhvcml6YXRpb25fY29kZSIsImxhYmVsIjoiQXV0aG9yaXphdGlvbiBDb2RlIEdyYW50IiwicmVxdWlyZWQiOmZhbHNlLCJleGNsdWRlIjpbXSwiZGVwZW5kcyI6W119LHsibmFtZSI6InJlZnJlc2hfdG9rZW4iLCJsYWJlbCI6IlJlZnJlc2ggVG9rZW4iLCJyZXF1aXJlZCI6ZmFsc2UsImV4Y2x1ZGUiOltdLCJkZXBlbmRzIjpbImF1dGhvcml6YXRpb25fY29kZSIsInBhc3N3b3JkIl19XX19LCJpbnRlcmFjdGl2ZUxvZ2luIjp0cnVlLCJ0b2tlbiI6ImEyYzg0ODE1LThjYjgtNGE3Ni1iNmU0LTg4MGM3ZTc2MGNlYiIsImlhdCI6MTQ4NjU4Njc4OCwiYXVkIjoiaHR0cDovL2FwaS1wbGF0Zm9ybS1hcGkvcmVwb3NpdG9yeSIsImlzcyI6Imh0dHA6Ly9hcGktcGxhdGZvcm0tYXBpL3JlcG9zaXRvcnkifQ.YOsto-KJMgjQZxFXe6FFipYd8TIh4P1HIlJ5Tg6a9Ps
				Accept=*/*
				Content-Type=application/json; charset=UTF-8
Cookies:		&lt;none&gt;
Body:			&lt;none&gt;
Request method:	POST
Request path:	https://qax.anypoint.mulesoft.com/apiplatform/repository/v2/organizations/5000db95-c5d4-487f-925e-3f82f15a5499/apis/2053/versions/2161/contracts/30244/revoke
Proxy:			&lt;none&gt;
Request params:	&lt;none&gt;
Query params:	&lt;none&gt;
Form params:	&lt;none&gt;
Path params:	&lt;none&gt;
Multiparts:		&lt;none&gt;
Headers:		Authorization=Bearer eyJ0eXAiOiJKV1QiLCJhbGciOiJIUzI1NiJ9.eyJpZCI6IjUwMDAzN2NkLTJjZmQtNGRhNC1iZWQ3LTU3Mzg0ZGViMDYyYiIsImZpcnN0TmFtZSI6IkZlZGVyYXRlZCIsImxhc3ROYW1lIjoiRXh0ZXJuYWwiLCJlbWFpbCI6ImNocmlzdG9waGVyLm1vcmR1ZUBtdWxlc29mdC5jb20iLCJ1c2VybmFtZSI6ImZlZGVyYXRlZF9leHRlcm5hbCIsIm9yZ2FuaXphdGlvbiI6eyJpZCI6IjUwMDBkYjk1LWM1ZDQtNDg3Zi05MjVlLTNmODJmMTVhNTQ5OSIsIm5hbWUiOiJGZWRlcmF0ZWQgSW5jIEV4dGVybmFsIEF1dGhvcml6YXRpb24iLCJkb21haW4iOiJmZWRlcmF0ZWQtZXh0ZXJuYWwiLCJlbnRpdGxlbWVudHMiOnsiaHlicmlkIjp7ImVuYWJsZWQiOmZhbHNlfSwiY3JlYXRlU3ViT3JncyI6dHJ1ZSwidkNvcmVzUHJvZHVjdGlvbiI6eyJhc3NpZ25lZCI6MSwicmVhc3NpZ25lZCI6MH0sInZDb3Jlc1NhbmRib3giOnsiYXNzaWduZWQiOjEsInJlYXNzaWduZWQiOjB9LCJnbG9iYWxEZXBsb3ltZW50IjpmYWxzZSwid29ya2VyTG9nZ2luZ092ZXJyaWRlIjp7ImVuYWJsZWQiOmZhbHNlfSwiZ2F0ZXdheXMiOnsiYXNzaWduZWQiOjB9LCJjcmVhdGVFbnZpcm9ubWVudHMiOnRydWUsInBhcnRuZXJzUHJvZHVjdGlvbiI6eyJhc3NpZ25lZCI6MH0sInBhcnRuZXJzU2FuZGJveCI6eyJhc3NpZ25lZCI6MH0sImF1dG9zY2FsaW5nIjpmYWxzZSwic3RhdGljSXBzIjp7ImFzc2lnbmVkIjowLCJyZWFzc2lnbmVkIjowfSwiYXJtQWxlcnRzIjpmYWxzZSwiYXBpcyI6eyJlbmFibGVkIjp0cnVlfSwibXFNZXNzYWdlcyI6eyJiYXNlIjowLCJhZGRPbiI6MH0sIm1xUmVxdWVzdHMiOnsiYmFzZSI6MCwiYWRkT24iOjB9LCJleHRlcm5hbElkZW50aXR5Ijp0cnVlLCJtcUFkdmFuY2VkRmVhdHVyZXMiOnsiZW5hYmxlZCI6ZmFsc2V9LCJ2cGNzIjp7ImFzc2lnbmVkIjowLCJyZWFzc2lnbmVkIjowfSwiaHlicmlkSW5zaWdodCI6ZmFsc2UsImRlc2lnbkNlbnRlciI6eyJtb3phcnQiOmZhbHNlLCJhcGkiOmZhbHNlfSwib2JqZWN0U3RvcmVSZXF1ZXN0VW5pdHMiOnsiYmFzZSI6MTUwMDAwMDAsImFkZE9uIjowfSwib2JqZWN0U3RvcmVLZXlzIjp7ImJhc2UiOjEwMDAwMCwiYWRkT24iOjB9LCJjYW0iOnsiZW5hYmxlZCI6ZmFsc2V9LCJsb2FkQmFsYW5jZXIiOnsiYXNzaWduZWQiOjAsInJlYXNzaWduZWQiOjB9LCJtZXNzYWdpbmciOnsiYXNzaWduZWQiOjB9fSwiZXh0ZXJuYWxBdXRob3JpemF0aW9uIjp0cnVlLCJleHRlcm5hbEF1dGhvcml6YXRpb25Qcm92aWRlciI6eyJuYW1lIjoiUG9ydGFsIEFwcGxpY2F0aW9uIE1hbmFnZW1lbnQgU3lzdGVtIChQQU1TKSIsInVybCI6Imh0dHBzOi8vd3NneC10ZXN0LmNpc2NvLmNvbS9wYW1zL2x0L2NlcG1TZXJ2aWNlL3YxLjUvbWdyc3J2cyIsInZlcnNpb24iOiIxLjUifSwiaWRlbnRpdHlNYW5hZ2VtZW50Ijp7InR5cGUiOiJQaW5nRmVkZXJhdGUifSwib2F1dGgyU2V0dGluZ3MiOnsiYXV0aG9yaXphdGlvbkdyYW50cyI6WyJjb2RlIiwidG9rZW4iLCJvd25lciIsImNyZWRlbnRpYWxzIl0sImF1dGhvcml6YXRpb25VcmkiOiJodHRwczovL2Nsb3Vkc3NvLXRlc3QuY2lzY28uY29tL2FzL2F1dGhvcml6YXRpb24ub2F1dGgyIiwiYWNjZXNzVG9rZW5VcmkiOiJodHRwczovL2Nsb3Vkc3NvLXRlc3QuY2lzY28uY29tL2FzL3Rva2VuLm9hdXRoMiIsImdyYW50VHlwZXMiOlt7Im5hbWUiOiJwYXNzd29yZCIsImxhYmVsIjoiUmVzb3VyY2UgT3duZXIgR3JhbnQiLCJyZXF1aXJlZCI6ZmFsc2UsImV4Y2x1ZGUiOltdLCJkZXBlbmRzIjpbXX0seyJuYW1lIjoiaW1wbGljaXQiLCJsYWJlbCI6IkltcGxpY2l0IEdyYW50IiwicmVxdWlyZWQiOmZhbHNlLCJleGNsdWRlIjpbXSwiZGVwZW5kcyI6W119LHsibmFtZSI6ImNsaWVudF9jcmVkZW50aWFscyIsImxhYmVsIjoiQ2xpZW50IENyZWRlbnRpYWxzIEdyYW50IiwicmVxdWlyZWQiOmZhbHNlLCJleGNsdWRlIjpbXSwiZGVwZW5kcyI6W119LHsibmFtZSI6ImF1dGhvcml6YXRpb25fY29kZSIsImxhYmVsIjoiQXV0aG9yaXphdGlvbiBDb2RlIEdyYW50IiwicmVxdWlyZWQiOmZhbHNlLCJleGNsdWRlIjpbXSwiZGVwZW5kcyI6W119LHsibmFtZSI6InJlZnJlc2hfdG9rZW4iLCJsYWJlbCI6IlJlZnJlc2ggVG9rZW4iLCJyZXF1aXJlZCI6ZmFsc2UsImV4Y2x1ZGUiOltdLCJkZXBlbmRzIjpbImF1dGhvcml6YXRpb25fY29kZSIsInBhc3N3b3JkIl19XX19LCJpbnRlcmFjdGl2ZUxvZ2luIjp0cnVlLCJ0b2tlbiI6ImEyYzg0ODE1LThjYjgtNGE3Ni1iNmU0LTg4MGM3ZTc2MGNlYiIsImlhdCI6MTQ4NjU4Njc4OCwiYXVkIjoiaHR0cDovL2FwaS1wbGF0Zm9ybS1hcGkvcmVwb3NpdG9yeSIsImlzcyI6Imh0dHA6Ly9hcGktcGxhdGZvcm0tYXBpL3JlcG9zaXRvcnkifQ.YOsto-KJMgjQZxFXe6FFipYd8TIh4P1HIlJ5Tg6a9Ps
				Accept=*/*
				Content-Type=application/json; charset=UTF-8
Cookies:		&lt;none&gt;
Body:			&lt;none&gt;
Request method:	POST
Request path:	https://qax.anypoint.mulesoft.com/apiplatform/repository/v2/organizations/5000db95-c5d4-487f-925e-3f82f15a5499/apis/2053/versions/2161/contracts/30236/revoke
Proxy:			&lt;none&gt;
Request params:	&lt;none&gt;
Query params:	&lt;none&gt;
Form params:	&lt;none&gt;
Path params:	&lt;none&gt;
Multiparts:		&lt;none&gt;
Headers:		Authorization=Bearer eyJ0eXAiOiJKV1QiLCJhbGciOiJIUzI1NiJ9.eyJpZCI6IjUwMDAzN2NkLTJjZmQtNGRhNC1iZWQ3LTU3Mzg0ZGViMDYyYiIsImZpcnN0TmFtZSI6IkZlZGVyYXRlZCIsImxhc3ROYW1lIjoiRXh0ZXJuYWwiLCJlbWFpbCI6ImNocmlzdG9waGVyLm1vcmR1ZUBtdWxlc29mdC5jb20iLCJ1c2VybmFtZSI6ImZlZGVyYXRlZF9leHRlcm5hbCIsIm9yZ2FuaXphdGlvbiI6eyJpZCI6IjUwMDBkYjk1LWM1ZDQtNDg3Zi05MjVlLTNmODJmMTVhNTQ5OSIsIm5hbWUiOiJGZWRlcmF0ZWQgSW5jIEV4dGVybmFsIEF1dGhvcml6YXRpb24iLCJkb21haW4iOiJmZWRlcmF0ZWQtZXh0ZXJuYWwiLCJlbnRpdGxlbWVudHMiOnsiaHlicmlkIjp7ImVuYWJsZWQiOmZhbHNlfSwiY3JlYXRlU3ViT3JncyI6dHJ1ZSwidkNvcmVzUHJvZHVjdGlvbiI6eyJhc3NpZ25lZCI6MSwicmVhc3NpZ25lZCI6MH0sInZDb3Jlc1NhbmRib3giOnsiYXNzaWduZWQiOjEsInJlYXNzaWduZWQiOjB9LCJnbG9iYWxEZXBsb3ltZW50IjpmYWxzZSwid29ya2VyTG9nZ2luZ092ZXJyaWRlIjp7ImVuYWJsZWQiOmZhbHNlfSwiZ2F0ZXdheXMiOnsiYXNzaWduZWQiOjB9LCJjcmVhdGVFbnZpcm9ubWVudHMiOnRydWUsInBhcnRuZXJzUHJvZHVjdGlvbiI6eyJhc3NpZ25lZCI6MH0sInBhcnRuZXJzU2FuZGJveCI6eyJhc3NpZ25lZCI6MH0sImF1dG9zY2FsaW5nIjpmYWxzZSwic3RhdGljSXBzIjp7ImFzc2lnbmVkIjowLCJyZWFzc2lnbmVkIjowfSwiYXJtQWxlcnRzIjpmYWxzZSwiYXBpcyI6eyJlbmFibGVkIjp0cnVlfSwibXFNZXNzYWdlcyI6eyJiYXNlIjowLCJhZGRPbiI6MH0sIm1xUmVxdWVzdHMiOnsiYmFzZSI6MCwiYWRkT24iOjB9LCJleHRlcm5hbElkZW50aXR5Ijp0cnVlLCJtcUFkdmFuY2VkRmVhdHVyZXMiOnsiZW5hYmxlZCI6ZmFsc2V9LCJ2cGNzIjp7ImFzc2lnbmVkIjowLCJyZWFzc2lnbmVkIjowfSwiaHlicmlkSW5zaWdodCI6ZmFsc2UsImRlc2lnbkNlbnRlciI6eyJtb3phcnQiOmZhbHNlLCJhcGkiOmZhbHNlfSwib2JqZWN0U3RvcmVSZXF1ZXN0VW5pdHMiOnsiYmFzZSI6MTUwMDAwMDAsImFkZE9uIjowfSwib2JqZWN0U3RvcmVLZXlzIjp7ImJhc2UiOjEwMDAwMCwiYWRkT24iOjB9LCJjYW0iOnsiZW5hYmxlZCI6ZmFsc2V9LCJsb2FkQmFsYW5jZXIiOnsiYXNzaWduZWQiOjAsInJlYXNzaWduZWQiOjB9LCJtZXNzYWdpbmciOnsiYXNzaWduZWQiOjB9fSwiZXh0ZXJuYWxBdXRob3JpemF0aW9uIjp0cnVlLCJleHRlcm5hbEF1dGhvcml6YXRpb25Qcm92aWRlciI6eyJuYW1lIjoiUG9ydGFsIEFwcGxpY2F0aW9uIE1hbmFnZW1lbnQgU3lzdGVtIChQQU1TKSIsInVybCI6Imh0dHBzOi8vd3NneC10ZXN0LmNpc2NvLmNvbS9wYW1zL2x0L2NlcG1TZXJ2aWNlL3YxLjUvbWdyc3J2cyIsInZlcnNpb24iOiIxLjUifSwiaWRlbnRpdHlNYW5hZ2VtZW50Ijp7InR5cGUiOiJQaW5nRmVkZXJhdGUifSwib2F1dGgyU2V0dGluZ3MiOnsiYXV0aG9yaXphdGlvbkdyYW50cyI6WyJjb2RlIiwidG9rZW4iLCJvd25lciIsImNyZWRlbnRpYWxzIl0sImF1dGhvcml6YXRpb25VcmkiOiJodHRwczovL2Nsb3Vkc3NvLXRlc3QuY2lzY28uY29tL2FzL2F1dGhvcml6YXRpb24ub2F1dGgyIiwiYWNjZXNzVG9rZW5VcmkiOiJodHRwczovL2Nsb3Vkc3NvLXRlc3QuY2lzY28uY29tL2FzL3Rva2VuLm9hdXRoMiIsImdyYW50VHlwZXMiOlt7Im5hbWUiOiJwYXNzd29yZCIsImxhYmVsIjoiUmVzb3VyY2UgT3duZXIgR3JhbnQiLCJyZXF1aXJlZCI6ZmFsc2UsImV4Y2x1ZGUiOltdLCJkZXBlbmRzIjpbXX0seyJuYW1lIjoiaW1wbGljaXQiLCJsYWJlbCI6IkltcGxpY2l0IEdyYW50IiwicmVxdWlyZWQiOmZhbHNlLCJleGNsdWRlIjpbXSwiZGVwZW5kcyI6W119LHsibmFtZSI6ImNsaWVudF9jcmVkZW50aWFscyIsImxhYmVsIjoiQ2xpZW50IENyZWRlbnRpYWxzIEdyYW50IiwicmVxdWlyZWQiOmZhbHNlLCJleGNsdWRlIjpbXSwiZGVwZW5kcyI6W119LHsibmFtZSI6ImF1dGhvcml6YXRpb25fY29kZSIsImxhYmVsIjoiQXV0aG9yaXphdGlvbiBDb2RlIEdyYW50IiwicmVxdWlyZWQiOmZhbHNlLCJleGNsdWRlIjpbXSwiZGVwZW5kcyI6W119LHsibmFtZSI6InJlZnJlc2hfdG9rZW4iLCJsYWJlbCI6IlJlZnJlc2ggVG9rZW4iLCJyZXF1aXJlZCI6ZmFsc2UsImV4Y2x1ZGUiOltdLCJkZXBlbmRzIjpbImF1dGhvcml6YXRpb25fY29kZSIsInBhc3N3b3JkIl19XX19LCJpbnRlcmFjdGl2ZUxvZ2luIjp0cnVlLCJ0b2tlbiI6ImEyYzg0ODE1LThjYjgtNGE3Ni1iNmU0LTg4MGM3ZTc2MGNlYiIsImlhdCI6MTQ4NjU4Njc4OCwiYXVkIjoiaHR0cDovL2FwaS1wbGF0Zm9ybS1hcGkvcmVwb3NpdG9yeSIsImlzcyI6Imh0dHA6Ly9hcGktcGxhdGZvcm0tYXBpL3JlcG9zaXRvcnkifQ.YOsto-KJMgjQZxFXe6FFipYd8TIh4P1HIlJ5Tg6a9Ps
				Accept=*/*
				Content-Type=application/json; charset=UTF-8
Cookies:		&lt;none&gt;
Body:			&lt;none&gt;
Request method:	POST
Request path:	https://qax.anypoint.mulesoft.com/apiplatform/repository/v2/organizations/5000db95-c5d4-487f-925e-3f82f15a5499/apis/2053/versions/2161/contracts/30262/revoke
Proxy:			&lt;none&gt;
Request params:	&lt;none&gt;
Query params:	&lt;none&gt;
Form params:	&lt;none&gt;
Path params:	&lt;none&gt;
Multiparts:		&lt;none&gt;
Headers:		Authorization=Bearer eyJ0eXAiOiJKV1QiLCJhbGciOiJIUzI1NiJ9.eyJpZCI6IjUwMDAzN2NkLTJjZmQtNGRhNC1iZWQ3LTU3Mzg0ZGViMDYyYiIsImZpcnN0TmFtZSI6IkZlZGVyYXRlZCIsImxhc3ROYW1lIjoiRXh0ZXJuYWwiLCJlbWFpbCI6ImNocmlzdG9waGVyLm1vcmR1ZUBtdWxlc29mdC5jb20iLCJ1c2VybmFtZSI6ImZlZGVyYXRlZF9leHRlcm5hbCIsIm9yZ2FuaXphdGlvbiI6eyJpZCI6IjUwMDBkYjk1LWM1ZDQtNDg3Zi05MjVlLTNmODJmMTVhNTQ5OSIsIm5hbWUiOiJGZWRlcmF0ZWQgSW5jIEV4dGVybmFsIEF1dGhvcml6YXRpb24iLCJkb21haW4iOiJmZWRlcmF0ZWQtZXh0ZXJuYWwiLCJlbnRpdGxlbWVudHMiOnsiaHlicmlkIjp7ImVuYWJsZWQiOmZhbHNlfSwiY3JlYXRlU3ViT3JncyI6dHJ1ZSwidkNvcmVzUHJvZHVjdGlvbiI6eyJhc3NpZ25lZCI6MSwicmVhc3NpZ25lZCI6MH0sInZDb3Jlc1NhbmRib3giOnsiYXNzaWduZWQiOjEsInJlYXNzaWduZWQiOjB9LCJnbG9iYWxEZXBsb3ltZW50IjpmYWxzZSwid29ya2VyTG9nZ2luZ092ZXJyaWRlIjp7ImVuYWJsZWQiOmZhbHNlfSwiZ2F0ZXdheXMiOnsiYXNzaWduZWQiOjB9LCJjcmVhdGVFbnZpcm9ubWVudHMiOnRydWUsInBhcnRuZXJzUHJvZHVjdGlvbiI6eyJhc3NpZ25lZCI6MH0sInBhcnRuZXJzU2FuZGJveCI6eyJhc3NpZ25lZCI6MH0sImF1dG9zY2FsaW5nIjpmYWxzZSwic3RhdGljSXBzIjp7ImFzc2lnbmVkIjowLCJyZWFzc2lnbmVkIjowfSwiYXJtQWxlcnRzIjpmYWxzZSwiYXBpcyI6eyJlbmFibGVkIjp0cnVlfSwibXFNZXNzYWdlcyI6eyJiYXNlIjowLCJhZGRPbiI6MH0sIm1xUmVxdWVzdHMiOnsiYmFzZSI6MCwiYWRkT24iOjB9LCJleHRlcm5hbElkZW50aXR5Ijp0cnVlLCJtcUFkdmFuY2VkRmVhdHVyZXMiOnsiZW5hYmxlZCI6ZmFsc2V9LCJ2cGNzIjp7ImFzc2lnbmVkIjowLCJyZWFzc2lnbmVkIjowfSwiaHlicmlkSW5zaWdodCI6ZmFsc2UsImRlc2lnbkNlbnRlciI6eyJtb3phcnQiOmZhbHNlLCJhcGkiOmZhbHNlfSwib2JqZWN0U3RvcmVSZXF1ZXN0VW5pdHMiOnsiYmFzZSI6MTUwMDAwMDAsImFkZE9uIjowfSwib2JqZWN0U3RvcmVLZXlzIjp7ImJhc2UiOjEwMDAwMCwiYWRkT24iOjB9LCJjYW0iOnsiZW5hYmxlZCI6ZmFsc2V9LCJsb2FkQmFsYW5jZXIiOnsiYXNzaWduZWQiOjAsInJlYXNzaWduZWQiOjB9LCJtZXNzYWdpbmciOnsiYXNzaWduZWQiOjB9fSwiZXh0ZXJuYWxBdXRob3JpemF0aW9uIjp0cnVlLCJleHRlcm5hbEF1dGhvcml6YXRpb25Qcm92aWRlciI6eyJuYW1lIjoiUG9ydGFsIEFwcGxpY2F0aW9uIE1hbmFnZW1lbnQgU3lzdGVtIChQQU1TKSIsInVybCI6Imh0dHBzOi8vd3NneC10ZXN0LmNpc2NvLmNvbS9wYW1zL2x0L2NlcG1TZXJ2aWNlL3YxLjUvbWdyc3J2cyIsInZlcnNpb24iOiIxLjUifSwiaWRlbnRpdHlNYW5hZ2VtZW50Ijp7InR5cGUiOiJQaW5nRmVkZXJhdGUifSwib2F1dGgyU2V0dGluZ3MiOnsiYXV0aG9yaXphdGlvbkdyYW50cyI6WyJjb2RlIiwidG9rZW4iLCJvd25lciIsImNyZWRlbnRpYWxzIl0sImF1dGhvcml6YXRpb25VcmkiOiJodHRwczovL2Nsb3Vkc3NvLXRlc3QuY2lzY28uY29tL2FzL2F1dGhvcml6YXRpb24ub2F1dGgyIiwiYWNjZXNzVG9rZW5VcmkiOiJodHRwczovL2Nsb3Vkc3NvLXRlc3QuY2lzY28uY29tL2FzL3Rva2VuLm9hdXRoMiIsImdyYW50VHlwZXMiOlt7Im5hbWUiOiJwYXNzd29yZCIsImxhYmVsIjoiUmVzb3VyY2UgT3duZXIgR3JhbnQiLCJyZXF1aXJlZCI6ZmFsc2UsImV4Y2x1ZGUiOltdLCJkZXBlbmRzIjpbXX0seyJuYW1lIjoiaW1wbGljaXQiLCJsYWJlbCI6IkltcGxpY2l0IEdyYW50IiwicmVxdWlyZWQiOmZhbHNlLCJleGNsdWRlIjpbXSwiZGVwZW5kcyI6W119LHsibmFtZSI6ImNsaWVudF9jcmVkZW50aWFscyIsImxhYmVsIjoiQ2xpZW50IENyZWRlbnRpYWxzIEdyYW50IiwicmVxdWlyZWQiOmZhbHNlLCJleGNsdWRlIjpbXSwiZGVwZW5kcyI6W119LHsibmFtZSI6ImF1dGhvcml6YXRpb25fY29kZSIsImxhYmVsIjoiQXV0aG9yaXphdGlvbiBDb2RlIEdyYW50IiwicmVxdWlyZWQiOmZhbHNlLCJleGNsdWRlIjpbXSwiZGVwZW5kcyI6W119LHsibmFtZSI6InJlZnJlc2hfdG9rZW4iLCJsYWJlbCI6IlJlZnJlc2ggVG9rZW4iLCJyZXF1aXJlZCI6ZmFsc2UsImV4Y2x1ZGUiOltdLCJkZXBlbmRzIjpbImF1dGhvcml6YXRpb25fY29kZSIsInBhc3N3b3JkIl19XX19LCJpbnRlcmFjdGl2ZUxvZ2luIjp0cnVlLCJ0b2tlbiI6ImEyYzg0ODE1LThjYjgtNGE3Ni1iNmU0LTg4MGM3ZTc2MGNlYiIsImlhdCI6MTQ4NjU4Njc4OCwiYXVkIjoiaHR0cDovL2FwaS1wbGF0Zm9ybS1hcGkvcmVwb3NpdG9yeSIsImlzcyI6Imh0dHA6Ly9hcGktcGxhdGZvcm0tYXBpL3JlcG9zaXRvcnkifQ.YOsto-KJMgjQZxFXe6FFipYd8TIh4P1HIlJ5Tg6a9Ps
				Accept=*/*
				Content-Type=application/json; charset=UTF-8
Cookies:		&lt;none&gt;
Body:			&lt;none&gt;
Request method:	POST
Request path:	https://qax.anypoint.mulesoft.com/apiplatform/repository/v2/organizations/5000db95-c5d4-487f-925e-3f82f15a5499/apis/2053/versions/2161/contracts/30256/revoke
Proxy:			&lt;none&gt;
Request params:	&lt;none&gt;
Query params:	&lt;none&gt;
Form params:	&lt;none&gt;
Path params:	&lt;none&gt;
Multiparts:		&lt;none&gt;
Headers:		Authorization=Bearer eyJ0eXAiOiJKV1QiLCJhbGciOiJIUzI1NiJ9.eyJpZCI6IjUwMDAzN2NkLTJjZmQtNGRhNC1iZWQ3LTU3Mzg0ZGViMDYyYiIsImZpcnN0TmFtZSI6IkZlZGVyYXRlZCIsImxhc3ROYW1lIjoiRXh0ZXJuYWwiLCJlbWFpbCI6ImNocmlzdG9waGVyLm1vcmR1ZUBtdWxlc29mdC5jb20iLCJ1c2VybmFtZSI6ImZlZGVyYXRlZF9leHRlcm5hbCIsIm9yZ2FuaXphdGlvbiI6eyJpZCI6IjUwMDBkYjk1LWM1ZDQtNDg3Zi05MjVlLTNmODJmMTVhNTQ5OSIsIm5hbWUiOiJGZWRlcmF0ZWQgSW5jIEV4dGVybmFsIEF1dGhvcml6YXRpb24iLCJkb21haW4iOiJmZWRlcmF0ZWQtZXh0ZXJuYWwiLCJlbnRpdGxlbWVudHMiOnsiaHlicmlkIjp7ImVuYWJsZWQiOmZhbHNlfSwiY3JlYXRlU3ViT3JncyI6dHJ1ZSwidkNvcmVzUHJvZHVjdGlvbiI6eyJhc3NpZ25lZCI6MSwicmVhc3NpZ25lZCI6MH0sInZDb3Jlc1NhbmRib3giOnsiYXNzaWduZWQiOjEsInJlYXNzaWduZWQiOjB9LCJnbG9iYWxEZXBsb3ltZW50IjpmYWxzZSwid29ya2VyTG9nZ2luZ092ZXJyaWRlIjp7ImVuYWJsZWQiOmZhbHNlfSwiZ2F0ZXdheXMiOnsiYXNzaWduZWQiOjB9LCJjcmVhdGVFbnZpcm9ubWVudHMiOnRydWUsInBhcnRuZXJzUHJvZHVjdGlvbiI6eyJhc3NpZ25lZCI6MH0sInBhcnRuZXJzU2FuZGJveCI6eyJhc3NpZ25lZCI6MH0sImF1dG9zY2FsaW5nIjpmYWxzZSwic3RhdGljSXBzIjp7ImFzc2lnbmVkIjowLCJyZWFzc2lnbmVkIjowfSwiYXJtQWxlcnRzIjpmYWxzZSwiYXBpcyI6eyJlbmFibGVkIjp0cnVlfSwibXFNZXNzYWdlcyI6eyJiYXNlIjowLCJhZGRPbiI6MH0sIm1xUmVxdWVzdHMiOnsiYmFzZSI6MCwiYWRkT24iOjB9LCJleHRlcm5hbElkZW50aXR5Ijp0cnVlLCJtcUFkdmFuY2VkRmVhdHVyZXMiOnsiZW5hYmxlZCI6ZmFsc2V9LCJ2cGNzIjp7ImFzc2lnbmVkIjowLCJyZWFzc2lnbmVkIjowfSwiaHlicmlkSW5zaWdodCI6ZmFsc2UsImRlc2lnbkNlbnRlciI6eyJtb3phcnQiOmZhbHNlLCJhcGkiOmZhbHNlfSwib2JqZWN0U3RvcmVSZXF1ZXN0VW5pdHMiOnsiYmFzZSI6MTUwMDAwMDAsImFkZE9uIjowfSwib2JqZWN0U3RvcmVLZXlzIjp7ImJhc2UiOjEwMDAwMCwiYWRkT24iOjB9LCJjYW0iOnsiZW5hYmxlZCI6ZmFsc2V9LCJsb2FkQmFsYW5jZXIiOnsiYXNzaWduZWQiOjAsInJlYXNzaWduZWQiOjB9LCJtZXNzYWdpbmciOnsiYXNzaWduZWQiOjB9fSwiZXh0ZXJuYWxBdXRob3JpemF0aW9uIjp0cnVlLCJleHRlcm5hbEF1dGhvcml6YXRpb25Qcm92aWRlciI6eyJuYW1lIjoiUG9ydGFsIEFwcGxpY2F0aW9uIE1hbmFnZW1lbnQgU3lzdGVtIChQQU1TKSIsInVybCI6Imh0dHBzOi8vd3NneC10ZXN0LmNpc2NvLmNvbS9wYW1zL2x0L2NlcG1TZXJ2aWNlL3YxLjUvbWdyc3J2cyIsInZlcnNpb24iOiIxLjUifSwiaWRlbnRpdHlNYW5hZ2VtZW50Ijp7InR5cGUiOiJQaW5nRmVkZXJhdGUifSwib2F1dGgyU2V0dGluZ3MiOnsiYXV0aG9yaXphdGlvbkdyYW50cyI6WyJjb2RlIiwidG9rZW4iLCJvd25lciIsImNyZWRlbnRpYWxzIl0sImF1dGhvcml6YXRpb25VcmkiOiJodHRwczovL2Nsb3Vkc3NvLXRlc3QuY2lzY28uY29tL2FzL2F1dGhvcml6YXRpb24ub2F1dGgyIiwiYWNjZXNzVG9rZW5VcmkiOiJodHRwczovL2Nsb3Vkc3NvLXRlc3QuY2lzY28uY29tL2FzL3Rva2VuLm9hdXRoMiIsImdyYW50VHlwZXMiOlt7Im5hbWUiOiJwYXNzd29yZCIsImxhYmVsIjoiUmVzb3VyY2UgT3duZXIgR3JhbnQiLCJyZXF1aXJlZCI6ZmFsc2UsImV4Y2x1ZGUiOltdLCJkZXBlbmRzIjpbXX0seyJuYW1lIjoiaW1wbGljaXQiLCJsYWJlbCI6IkltcGxpY2l0IEdyYW50IiwicmVxdWlyZWQiOmZhbHNlLCJleGNsdWRlIjpbXSwiZGVwZW5kcyI6W119LHsibmFtZSI6ImNsaWVudF9jcmVkZW50aWFscyIsImxhYmVsIjoiQ2xpZW50IENyZWRlbnRpYWxzIEdyYW50IiwicmVxdWlyZWQiOmZhbHNlLCJleGNsdWRlIjpbXSwiZGVwZW5kcyI6W119LHsibmFtZSI6ImF1dGhvcml6YXRpb25fY29kZSIsImxhYmVsIjoiQXV0aG9yaXphdGlvbiBDb2RlIEdyYW50IiwicmVxdWlyZWQiOmZhbHNlLCJleGNsdWRlIjpbXSwiZGVwZW5kcyI6W119LHsibmFtZSI6InJlZnJlc2hfdG9rZW4iLCJsYWJlbCI6IlJlZnJlc2ggVG9rZW4iLCJyZXF1aXJlZCI6ZmFsc2UsImV4Y2x1ZGUiOltdLCJkZXBlbmRzIjpbImF1dGhvcml6YXRpb25fY29kZSIsInBhc3N3b3JkIl19XX19LCJpbnRlcmFjdGl2ZUxvZ2luIjp0cnVlLCJ0b2tlbiI6ImEyYzg0ODE1LThjYjgtNGE3Ni1iNmU0LTg4MGM3ZTc2MGNlYiIsImlhdCI6MTQ4NjU4Njc4OCwiYXVkIjoiaHR0cDovL2FwaS1wbGF0Zm9ybS1hcGkvcmVwb3NpdG9yeSIsImlzcyI6Imh0dHA6Ly9hcGktcGxhdGZvcm0tYXBpL3JlcG9zaXRvcnkifQ.YOsto-KJMgjQZxFXe6FFipYd8TIh4P1HIlJ5Tg6a9Ps
				Accept=*/*
				Content-Type=application/json; charset=UTF-8
Cookies:		&lt;none&gt;
Body:			&lt;none&gt;
Request method:	POST
Request path:	https://qax.anypoint.mulesoft.com/apiplatform/repository/v2/organizations/5000db95-c5d4-487f-925e-3f82f15a5499/apis/2053/versions/2161/contracts/30255/revoke
Proxy:			&lt;none&gt;
Request params:	&lt;none&gt;
Query params:	&lt;none&gt;
Form params:	&lt;none&gt;
Path params:	&lt;none&gt;
Multiparts:		&lt;none&gt;
Headers:		Authorization=Bearer eyJ0eXAiOiJKV1QiLCJhbGciOiJIUzI1NiJ9.eyJpZCI6IjUwMDAzN2NkLTJjZmQtNGRhNC1iZWQ3LTU3Mzg0ZGViMDYyYiIsImZpcnN0TmFtZSI6IkZlZGVyYXRlZCIsImxhc3ROYW1lIjoiRXh0ZXJuYWwiLCJlbWFpbCI6ImNocmlzdG9waGVyLm1vcmR1ZUBtdWxlc29mdC5jb20iLCJ1c2VybmFtZSI6ImZlZGVyYXRlZF9leHRlcm5hbCIsIm9yZ2FuaXphdGlvbiI6eyJpZCI6IjUwMDBkYjk1LWM1ZDQtNDg3Zi05MjVlLTNmODJmMTVhNTQ5OSIsIm5hbWUiOiJGZWRlcmF0ZWQgSW5jIEV4dGVybmFsIEF1dGhvcml6YXRpb24iLCJkb21haW4iOiJmZWRlcmF0ZWQtZXh0ZXJuYWwiLCJlbnRpdGxlbWVudHMiOnsiaHlicmlkIjp7ImVuYWJsZWQiOmZhbHNlfSwiY3JlYXRlU3ViT3JncyI6dHJ1ZSwidkNvcmVzUHJvZHVjdGlvbiI6eyJhc3NpZ25lZCI6MSwicmVhc3NpZ25lZCI6MH0sInZDb3Jlc1NhbmRib3giOnsiYXNzaWduZWQiOjEsInJlYXNzaWduZWQiOjB9LCJnbG9iYWxEZXBsb3ltZW50IjpmYWxzZSwid29ya2VyTG9nZ2luZ092ZXJyaWRlIjp7ImVuYWJsZWQiOmZhbHNlfSwiZ2F0ZXdheXMiOnsiYXNzaWduZWQiOjB9LCJjcmVhdGVFbnZpcm9ubWVudHMiOnRydWUsInBhcnRuZXJzUHJvZHVjdGlvbiI6eyJhc3NpZ25lZCI6MH0sInBhcnRuZXJzU2FuZGJveCI6eyJhc3NpZ25lZCI6MH0sImF1dG9zY2FsaW5nIjpmYWxzZSwic3RhdGljSXBzIjp7ImFzc2lnbmVkIjowLCJyZWFzc2lnbmVkIjowfSwiYXJtQWxlcnRzIjpmYWxzZSwiYXBpcyI6eyJlbmFibGVkIjp0cnVlfSwibXFNZXNzYWdlcyI6eyJiYXNlIjowLCJhZGRPbiI6MH0sIm1xUmVxdWVzdHMiOnsiYmFzZSI6MCwiYWRkT24iOjB9LCJleHRlcm5hbElkZW50aXR5Ijp0cnVlLCJtcUFkdmFuY2VkRmVhdHVyZXMiOnsiZW5hYmxlZCI6ZmFsc2V9LCJ2cGNzIjp7ImFzc2lnbmVkIjowLCJyZWFzc2lnbmVkIjowfSwiaHlicmlkSW5zaWdodCI6ZmFsc2UsImRlc2lnbkNlbnRlciI6eyJtb3phcnQiOmZhbHNlLCJhcGkiOmZhbHNlfSwib2JqZWN0U3RvcmVSZXF1ZXN0VW5pdHMiOnsiYmFzZSI6MTUwMDAwMDAsImFkZE9uIjowfSwib2JqZWN0U3RvcmVLZXlzIjp7ImJhc2UiOjEwMDAwMCwiYWRkT24iOjB9LCJjYW0iOnsiZW5hYmxlZCI6ZmFsc2V9LCJsb2FkQmFsYW5jZXIiOnsiYXNzaWduZWQiOjAsInJlYXNzaWduZWQiOjB9LCJtZXNzYWdpbmciOnsiYXNzaWduZWQiOjB9fSwiZXh0ZXJuYWxBdXRob3JpemF0aW9uIjp0cnVlLCJleHRlcm5hbEF1dGhvcml6YXRpb25Qcm92aWRlciI6eyJuYW1lIjoiUG9ydGFsIEFwcGxpY2F0aW9uIE1hbmFnZW1lbnQgU3lzdGVtIChQQU1TKSIsInVybCI6Imh0dHBzOi8vd3NneC10ZXN0LmNpc2NvLmNvbS9wYW1zL2x0L2NlcG1TZXJ2aWNlL3YxLjUvbWdyc3J2cyIsInZlcnNpb24iOiIxLjUifSwiaWRlbnRpdHlNYW5hZ2VtZW50Ijp7InR5cGUiOiJQaW5nRmVkZXJhdGUifSwib2F1dGgyU2V0dGluZ3MiOnsiYXV0aG9yaXphdGlvbkdyYW50cyI6WyJjb2RlIiwidG9rZW4iLCJvd25lciIsImNyZWRlbnRpYWxzIl0sImF1dGhvcml6YXRpb25VcmkiOiJodHRwczovL2Nsb3Vkc3NvLXRlc3QuY2lzY28uY29tL2FzL2F1dGhvcml6YXRpb24ub2F1dGgyIiwiYWNjZXNzVG9rZW5VcmkiOiJodHRwczovL2Nsb3Vkc3NvLXRlc3QuY2lzY28uY29tL2FzL3Rva2VuLm9hdXRoMiIsImdyYW50VHlwZXMiOlt7Im5hbWUiOiJwYXNzd29yZCIsImxhYmVsIjoiUmVzb3VyY2UgT3duZXIgR3JhbnQiLCJyZXF1aXJlZCI6ZmFsc2UsImV4Y2x1ZGUiOltdLCJkZXBlbmRzIjpbXX0seyJuYW1lIjoiaW1wbGljaXQiLCJsYWJlbCI6IkltcGxpY2l0IEdyYW50IiwicmVxdWlyZWQiOmZhbHNlLCJleGNsdWRlIjpbXSwiZGVwZW5kcyI6W119LHsibmFtZSI6ImNsaWVudF9jcmVkZW50aWFscyIsImxhYmVsIjoiQ2xpZW50IENyZWRlbnRpYWxzIEdyYW50IiwicmVxdWlyZWQiOmZhbHNlLCJleGNsdWRlIjpbXSwiZGVwZW5kcyI6W119LHsibmFtZSI6ImF1dGhvcml6YXRpb25fY29kZSIsImxhYmVsIjoiQXV0aG9yaXphdGlvbiBDb2RlIEdyYW50IiwicmVxdWlyZWQiOmZhbHNlLCJleGNsdWRlIjpbXSwiZGVwZW5kcyI6W119LHsibmFtZSI6InJlZnJlc2hfdG9rZW4iLCJsYWJlbCI6IlJlZnJlc2ggVG9rZW4iLCJyZXF1aXJlZCI6ZmFsc2UsImV4Y2x1ZGUiOltdLCJkZXBlbmRzIjpbImF1dGhvcml6YXRpb25fY29kZSIsInBhc3N3b3JkIl19XX19LCJpbnRlcmFjdGl2ZUxvZ2luIjp0cnVlLCJ0b2tlbiI6ImEyYzg0ODE1LThjYjgtNGE3Ni1iNmU0LTg4MGM3ZTc2MGNlYiIsImlhdCI6MTQ4NjU4Njc4OCwiYXVkIjoiaHR0cDovL2FwaS1wbGF0Zm9ybS1hcGkvcmVwb3NpdG9yeSIsImlzcyI6Imh0dHA6Ly9hcGktcGxhdGZvcm0tYXBpL3JlcG9zaXRvcnkifQ.YOsto-KJMgjQZxFXe6FFipYd8TIh4P1HIlJ5Tg6a9Ps
				Accept=*/*
				Content-Type=application/json; charset=UTF-8
Cookies:		&lt;none&gt;
Body:			&lt;none&gt;
Request method:	POST
Request path:	https://qax.anypoint.mulesoft.com/apiplatform/repository/v2/organizations/5000db95-c5d4-487f-925e-3f82f15a5499/apis/2053/versions/2161/contracts/30228/revoke
Proxy:			&lt;none&gt;
Request params:	&lt;none&gt;
Query params:	&lt;none&gt;
Form params:	&lt;none&gt;
Path params:	&lt;none&gt;
Multiparts:		&lt;none&gt;
Headers:		Authorization=Bearer eyJ0eXAiOiJKV1QiLCJhbGciOiJIUzI1NiJ9.eyJpZCI6IjUwMDAzN2NkLTJjZmQtNGRhNC1iZWQ3LTU3Mzg0ZGViMDYyYiIsImZpcnN0TmFtZSI6IkZlZGVyYXRlZCIsImxhc3ROYW1lIjoiRXh0ZXJuYWwiLCJlbWFpbCI6ImNocmlzdG9waGVyLm1vcmR1ZUBtdWxlc29mdC5jb20iLCJ1c2VybmFtZSI6ImZlZGVyYXRlZF9leHRlcm5hbCIsIm9yZ2FuaXphdGlvbiI6eyJpZCI6IjUwMDBkYjk1LWM1ZDQtNDg3Zi05MjVlLTNmODJmMTVhNTQ5OSIsIm5hbWUiOiJGZWRlcmF0ZWQgSW5jIEV4dGVybmFsIEF1dGhvcml6YXRpb24iLCJkb21haW4iOiJmZWRlcmF0ZWQtZXh0ZXJuYWwiLCJlbnRpdGxlbWVudHMiOnsiaHlicmlkIjp7ImVuYWJsZWQiOmZhbHNlfSwiY3JlYXRlU3ViT3JncyI6dHJ1ZSwidkNvcmVzUHJvZHVjdGlvbiI6eyJhc3NpZ25lZCI6MSwicmVhc3NpZ25lZCI6MH0sInZDb3Jlc1NhbmRib3giOnsiYXNzaWduZWQiOjEsInJlYXNzaWduZWQiOjB9LCJnbG9iYWxEZXBsb3ltZW50IjpmYWxzZSwid29ya2VyTG9nZ2luZ092ZXJyaWRlIjp7ImVuYWJsZWQiOmZhbHNlfSwiZ2F0ZXdheXMiOnsiYXNzaWduZWQiOjB9LCJjcmVhdGVFbnZpcm9ubWVudHMiOnRydWUsInBhcnRuZXJzUHJvZHVjdGlvbiI6eyJhc3NpZ25lZCI6MH0sInBhcnRuZXJzU2FuZGJveCI6eyJhc3NpZ25lZCI6MH0sImF1dG9zY2FsaW5nIjpmYWxzZSwic3RhdGljSXBzIjp7ImFzc2lnbmVkIjowLCJyZWFzc2lnbmVkIjowfSwiYXJtQWxlcnRzIjpmYWxzZSwiYXBpcyI6eyJlbmFibGVkIjp0cnVlfSwibXFNZXNzYWdlcyI6eyJiYXNlIjowLCJhZGRPbiI6MH0sIm1xUmVxdWVzdHMiOnsiYmFzZSI6MCwiYWRkT24iOjB9LCJleHRlcm5hbElkZW50aXR5Ijp0cnVlLCJtcUFkdmFuY2VkRmVhdHVyZXMiOnsiZW5hYmxlZCI6ZmFsc2V9LCJ2cGNzIjp7ImFzc2lnbmVkIjowLCJyZWFzc2lnbmVkIjowfSwiaHlicmlkSW5zaWdodCI6ZmFsc2UsImRlc2lnbkNlbnRlciI6eyJtb3phcnQiOmZhbHNlLCJhcGkiOmZhbHNlfSwib2JqZWN0U3RvcmVSZXF1ZXN0VW5pdHMiOnsiYmFzZSI6MTUwMDAwMDAsImFkZE9uIjowfSwib2JqZWN0U3RvcmVLZXlzIjp7ImJhc2UiOjEwMDAwMCwiYWRkT24iOjB9LCJjYW0iOnsiZW5hYmxlZCI6ZmFsc2V9LCJsb2FkQmFsYW5jZXIiOnsiYXNzaWduZWQiOjAsInJlYXNzaWduZWQiOjB9LCJtZXNzYWdpbmciOnsiYXNzaWduZWQiOjB9fSwiZXh0ZXJuYWxBdXRob3JpemF0aW9uIjp0cnVlLCJleHRlcm5hbEF1dGhvcml6YXRpb25Qcm92aWRlciI6eyJuYW1lIjoiUG9ydGFsIEFwcGxpY2F0aW9uIE1hbmFnZW1lbnQgU3lzdGVtIChQQU1TKSIsInVybCI6Imh0dHBzOi8vd3NneC10ZXN0LmNpc2NvLmNvbS9wYW1zL2x0L2NlcG1TZXJ2aWNlL3YxLjUvbWdyc3J2cyIsInZlcnNpb24iOiIxLjUifSwiaWRlbnRpdHlNYW5hZ2VtZW50Ijp7InR5cGUiOiJQaW5nRmVkZXJhdGUifSwib2F1dGgyU2V0dGluZ3MiOnsiYXV0aG9yaXphdGlvbkdyYW50cyI6WyJjb2RlIiwidG9rZW4iLCJvd25lciIsImNyZWRlbnRpYWxzIl0sImF1dGhvcml6YXRpb25VcmkiOiJodHRwczovL2Nsb3Vkc3NvLXRlc3QuY2lzY28uY29tL2FzL2F1dGhvcml6YXRpb24ub2F1dGgyIiwiYWNjZXNzVG9rZW5VcmkiOiJodHRwczovL2Nsb3Vkc3NvLXRlc3QuY2lzY28uY29tL2FzL3Rva2VuLm9hdXRoMiIsImdyYW50VHlwZXMiOlt7Im5hbWUiOiJwYXNzd29yZCIsImxhYmVsIjoiUmVzb3VyY2UgT3duZXIgR3JhbnQiLCJyZXF1aXJlZCI6ZmFsc2UsImV4Y2x1ZGUiOltdLCJkZXBlbmRzIjpbXX0seyJuYW1lIjoiaW1wbGljaXQiLCJsYWJlbCI6IkltcGxpY2l0IEdyYW50IiwicmVxdWlyZWQiOmZhbHNlLCJleGNsdWRlIjpbXSwiZGVwZW5kcyI6W119LHsibmFtZSI6ImNsaWVudF9jcmVkZW50aWFscyIsImxhYmVsIjoiQ2xpZW50IENyZWRlbnRpYWxzIEdyYW50IiwicmVxdWlyZWQiOmZhbHNlLCJleGNsdWRlIjpbXSwiZGVwZW5kcyI6W119LHsibmFtZSI6ImF1dGhvcml6YXRpb25fY29kZSIsImxhYmVsIjoiQXV0aG9yaXphdGlvbiBDb2RlIEdyYW50IiwicmVxdWlyZWQiOmZhbHNlLCJleGNsdWRlIjpbXSwiZGVwZW5kcyI6W119LHsibmFtZSI6InJlZnJlc2hfdG9rZW4iLCJsYWJlbCI6IlJlZnJlc2ggVG9rZW4iLCJyZXF1aXJlZCI6ZmFsc2UsImV4Y2x1ZGUiOltdLCJkZXBlbmRzIjpbImF1dGhvcml6YXRpb25fY29kZSIsInBhc3N3b3JkIl19XX19LCJpbnRlcmFjdGl2ZUxvZ2luIjp0cnVlLCJ0b2tlbiI6ImEyYzg0ODE1LThjYjgtNGE3Ni1iNmU0LTg4MGM3ZTc2MGNlYiIsImlhdCI6MTQ4NjU4Njc4OCwiYXVkIjoiaHR0cDovL2FwaS1wbGF0Zm9ybS1hcGkvcmVwb3NpdG9yeSIsImlzcyI6Imh0dHA6Ly9hcGktcGxhdGZvcm0tYXBpL3JlcG9zaXRvcnkifQ.YOsto-KJMgjQZxFXe6FFipYd8TIh4P1HIlJ5Tg6a9Ps
				Accept=*/*
				Content-Type=application/json; charset=UTF-8
Cookies:		&lt;none&gt;
Body:			&lt;none&gt;
Request method:	POST
Request path:	https://qax.anypoint.mulesoft.com/apiplatform/repository/v2/organizations/5000db95-c5d4-487f-925e-3f82f15a5499/apis/2053/versions/2161/contracts/30278/revoke
Proxy:			&lt;none&gt;
Request params:	&lt;none&gt;
Query params:	&lt;none&gt;
Form params:	&lt;none&gt;
Path params:	&lt;none&gt;
Multiparts:		&lt;none&gt;
Headers:		Authorization=Bearer eyJ0eXAiOiJKV1QiLCJhbGciOiJIUzI1NiJ9.eyJpZCI6IjUwMDAzN2NkLTJjZmQtNGRhNC1iZWQ3LTU3Mzg0ZGViMDYyYiIsImZpcnN0TmFtZSI6IkZlZGVyYXRlZCIsImxhc3ROYW1lIjoiRXh0ZXJuYWwiLCJlbWFpbCI6ImNocmlzdG9waGVyLm1vcmR1ZUBtdWxlc29mdC5jb20iLCJ1c2VybmFtZSI6ImZlZGVyYXRlZF9leHRlcm5hbCIsIm9yZ2FuaXphdGlvbiI6eyJpZCI6IjUwMDBkYjk1LWM1ZDQtNDg3Zi05MjVlLTNmODJmMTVhNTQ5OSIsIm5hbWUiOiJGZWRlcmF0ZWQgSW5jIEV4dGVybmFsIEF1dGhvcml6YXRpb24iLCJkb21haW4iOiJmZWRlcmF0ZWQtZXh0ZXJuYWwiLCJlbnRpdGxlbWVudHMiOnsiaHlicmlkIjp7ImVuYWJsZWQiOmZhbHNlfSwiY3JlYXRlU3ViT3JncyI6dHJ1ZSwidkNvcmVzUHJvZHVjdGlvbiI6eyJhc3NpZ25lZCI6MSwicmVhc3NpZ25lZCI6MH0sInZDb3Jlc1NhbmRib3giOnsiYXNzaWduZWQiOjEsInJlYXNzaWduZWQiOjB9LCJnbG9iYWxEZXBsb3ltZW50IjpmYWxzZSwid29ya2VyTG9nZ2luZ092ZXJyaWRlIjp7ImVuYWJsZWQiOmZhbHNlfSwiZ2F0ZXdheXMiOnsiYXNzaWduZWQiOjB9LCJjcmVhdGVFbnZpcm9ubWVudHMiOnRydWUsInBhcnRuZXJzUHJvZHVjdGlvbiI6eyJhc3NpZ25lZCI6MH0sInBhcnRuZXJzU2FuZGJveCI6eyJhc3NpZ25lZCI6MH0sImF1dG9zY2FsaW5nIjpmYWxzZSwic3RhdGljSXBzIjp7ImFzc2lnbmVkIjowLCJyZWFzc2lnbmVkIjowfSwiYXJtQWxlcnRzIjpmYWxzZSwiYXBpcyI6eyJlbmFibGVkIjp0cnVlfSwibXFNZXNzYWdlcyI6eyJiYXNlIjowLCJhZGRPbiI6MH0sIm1xUmVxdWVzdHMiOnsiYmFzZSI6MCwiYWRkT24iOjB9LCJleHRlcm5hbElkZW50aXR5Ijp0cnVlLCJtcUFkdmFuY2VkRmVhdHVyZXMiOnsiZW5hYmxlZCI6ZmFsc2V9LCJ2cGNzIjp7ImFzc2lnbmVkIjowLCJyZWFzc2lnbmVkIjowfSwiaHlicmlkSW5zaWdodCI6ZmFsc2UsImRlc2lnbkNlbnRlciI6eyJtb3phcnQiOmZhbHNlLCJhcGkiOmZhbHNlfSwib2JqZWN0U3RvcmVSZXF1ZXN0VW5pdHMiOnsiYmFzZSI6MTUwMDAwMDAsImFkZE9uIjowfSwib2JqZWN0U3RvcmVLZXlzIjp7ImJhc2UiOjEwMDAwMCwiYWRkT24iOjB9LCJjYW0iOnsiZW5hYmxlZCI6ZmFsc2V9LCJsb2FkQmFsYW5jZXIiOnsiYXNzaWduZWQiOjAsInJlYXNzaWduZWQiOjB9LCJtZXNzYWdpbmciOnsiYXNzaWduZWQiOjB9fSwiZXh0ZXJuYWxBdXRob3JpemF0aW9uIjp0cnVlLCJleHRlcm5hbEF1dGhvcml6YXRpb25Qcm92aWRlciI6eyJuYW1lIjoiUG9ydGFsIEFwcGxpY2F0aW9uIE1hbmFnZW1lbnQgU3lzdGVtIChQQU1TKSIsInVybCI6Imh0dHBzOi8vd3NneC10ZXN0LmNpc2NvLmNvbS9wYW1zL2x0L2NlcG1TZXJ2aWNlL3YxLjUvbWdyc3J2cyIsInZlcnNpb24iOiIxLjUifSwiaWRlbnRpdHlNYW5hZ2VtZW50Ijp7InR5cGUiOiJQaW5nRmVkZXJhdGUifSwib2F1dGgyU2V0dGluZ3MiOnsiYXV0aG9yaXphdGlvbkdyYW50cyI6WyJjb2RlIiwidG9rZW4iLCJvd25lciIsImNyZWRlbnRpYWxzIl0sImF1dGhvcml6YXRpb25VcmkiOiJodHRwczovL2Nsb3Vkc3NvLXRlc3QuY2lzY28uY29tL2FzL2F1dGhvcml6YXRpb24ub2F1dGgyIiwiYWNjZXNzVG9rZW5VcmkiOiJodHRwczovL2Nsb3Vkc3NvLXRlc3QuY2lzY28uY29tL2FzL3Rva2VuLm9hdXRoMiIsImdyYW50VHlwZXMiOlt7Im5hbWUiOiJwYXNzd29yZCIsImxhYmVsIjoiUmVzb3VyY2UgT3duZXIgR3JhbnQiLCJyZXF1aXJlZCI6ZmFsc2UsImV4Y2x1ZGUiOltdLCJkZXBlbmRzIjpbXX0seyJuYW1lIjoiaW1wbGljaXQiLCJsYWJlbCI6IkltcGxpY2l0IEdyYW50IiwicmVxdWlyZWQiOmZhbHNlLCJleGNsdWRlIjpbXSwiZGVwZW5kcyI6W119LHsibmFtZSI6ImNsaWVudF9jcmVkZW50aWFscyIsImxhYmVsIjoiQ2xpZW50IENyZWRlbnRpYWxzIEdyYW50IiwicmVxdWlyZWQiOmZhbHNlLCJleGNsdWRlIjpbXSwiZGVwZW5kcyI6W119LHsibmFtZSI6ImF1dGhvcml6YXRpb25fY29kZSIsImxhYmVsIjoiQXV0aG9yaXphdGlvbiBDb2RlIEdyYW50IiwicmVxdWlyZWQiOmZhbHNlLCJleGNsdWRlIjpbXSwiZGVwZW5kcyI6W119LHsibmFtZSI6InJlZnJlc2hfdG9rZW4iLCJsYWJlbCI6IlJlZnJlc2ggVG9rZW4iLCJyZXF1aXJlZCI6ZmFsc2UsImV4Y2x1ZGUiOltdLCJkZXBlbmRzIjpbImF1dGhvcml6YXRpb25fY29kZSIsInBhc3N3b3JkIl19XX19LCJpbnRlcmFjdGl2ZUxvZ2luIjp0cnVlLCJ0b2tlbiI6ImEyYzg0ODE1LThjYjgtNGE3Ni1iNmU0LTg4MGM3ZTc2MGNlYiIsImlhdCI6MTQ4NjU4Njc4OCwiYXVkIjoiaHR0cDovL2FwaS1wbGF0Zm9ybS1hcGkvcmVwb3NpdG9yeSIsImlzcyI6Imh0dHA6Ly9hcGktcGxhdGZvcm0tYXBpL3JlcG9zaXRvcnkifQ.YOsto-KJMgjQZxFXe6FFipYd8TIh4P1HIlJ5Tg6a9Ps
				Accept=*/*
				Content-Type=application/json; charset=UTF-8
Cookies:		&lt;none&gt;
Body:			&lt;none&gt;
Request method:	POST
Request path:	https://qax.anypoint.mulesoft.com/apiplatform/repository/v2/organizations/5000db95-c5d4-487f-925e-3f82f15a5499/apis/2053/versions/2161/contracts/30199/revoke
Proxy:			&lt;none&gt;
Request params:	&lt;none&gt;
Query params:	&lt;none&gt;
Form params:	&lt;none&gt;
Path params:	&lt;none&gt;
Multiparts:		&lt;none&gt;
Headers:		Authorization=Bearer eyJ0eXAiOiJKV1QiLCJhbGciOiJIUzI1NiJ9.eyJpZCI6IjUwMDAzN2NkLTJjZmQtNGRhNC1iZWQ3LTU3Mzg0ZGViMDYyYiIsImZpcnN0TmFtZSI6IkZlZGVyYXRlZCIsImxhc3ROYW1lIjoiRXh0ZXJuYWwiLCJlbWFpbCI6ImNocmlzdG9waGVyLm1vcmR1ZUBtdWxlc29mdC5jb20iLCJ1c2VybmFtZSI6ImZlZGVyYXRlZF9leHRlcm5hbCIsIm9yZ2FuaXphdGlvbiI6eyJpZCI6IjUwMDBkYjk1LWM1ZDQtNDg3Zi05MjVlLTNmODJmMTVhNTQ5OSIsIm5hbWUiOiJGZWRlcmF0ZWQgSW5jIEV4dGVybmFsIEF1dGhvcml6YXRpb24iLCJkb21haW4iOiJmZWRlcmF0ZWQtZXh0ZXJuYWwiLCJlbnRpdGxlbWVudHMiOnsiaHlicmlkIjp7ImVuYWJsZWQiOmZhbHNlfSwiY3JlYXRlU3ViT3JncyI6dHJ1ZSwidkNvcmVzUHJvZHVjdGlvbiI6eyJhc3NpZ25lZCI6MSwicmVhc3NpZ25lZCI6MH0sInZDb3Jlc1NhbmRib3giOnsiYXNzaWduZWQiOjEsInJlYXNzaWduZWQiOjB9LCJnbG9iYWxEZXBsb3ltZW50IjpmYWxzZSwid29ya2VyTG9nZ2luZ092ZXJyaWRlIjp7ImVuYWJsZWQiOmZhbHNlfSwiZ2F0ZXdheXMiOnsiYXNzaWduZWQiOjB9LCJjcmVhdGVFbnZpcm9ubWVudHMiOnRydWUsInBhcnRuZXJzUHJvZHVjdGlvbiI6eyJhc3NpZ25lZCI6MH0sInBhcnRuZXJzU2FuZGJveCI6eyJhc3NpZ25lZCI6MH0sImF1dG9zY2FsaW5nIjpmYWxzZSwic3RhdGljSXBzIjp7ImFzc2lnbmVkIjowLCJyZWFzc2lnbmVkIjowfSwiYXJtQWxlcnRzIjpmYWxzZSwiYXBpcyI6eyJlbmFibGVkIjp0cnVlfSwibXFNZXNzYWdlcyI6eyJiYXNlIjowLCJhZGRPbiI6MH0sIm1xUmVxdWVzdHMiOnsiYmFzZSI6MCwiYWRkT24iOjB9LCJleHRlcm5hbElkZW50aXR5Ijp0cnVlLCJtcUFkdmFuY2VkRmVhdHVyZXMiOnsiZW5hYmxlZCI6ZmFsc2V9LCJ2cGNzIjp7ImFzc2lnbmVkIjowLCJyZWFzc2lnbmVkIjowfSwiaHlicmlkSW5zaWdodCI6ZmFsc2UsImRlc2lnbkNlbnRlciI6eyJtb3phcnQiOmZhbHNlLCJhcGkiOmZhbHNlfSwib2JqZWN0U3RvcmVSZXF1ZXN0VW5pdHMiOnsiYmFzZSI6MTUwMDAwMDAsImFkZE9uIjowfSwib2JqZWN0U3RvcmVLZXlzIjp7ImJhc2UiOjEwMDAwMCwiYWRkT24iOjB9LCJjYW0iOnsiZW5hYmxlZCI6ZmFsc2V9LCJsb2FkQmFsYW5jZXIiOnsiYXNzaWduZWQiOjAsInJlYXNzaWduZWQiOjB9LCJtZXNzYWdpbmciOnsiYXNzaWduZWQiOjB9fSwiZXh0ZXJuYWxBdXRob3JpemF0aW9uIjp0cnVlLCJleHRlcm5hbEF1dGhvcml6YXRpb25Qcm92aWRlciI6eyJuYW1lIjoiUG9ydGFsIEFwcGxpY2F0aW9uIE1hbmFnZW1lbnQgU3lzdGVtIChQQU1TKSIsInVybCI6Imh0dHBzOi8vd3NneC10ZXN0LmNpc2NvLmNvbS9wYW1zL2x0L2NlcG1TZXJ2aWNlL3YxLjUvbWdyc3J2cyIsInZlcnNpb24iOiIxLjUifSwiaWRlbnRpdHlNYW5hZ2VtZW50Ijp7InR5cGUiOiJQaW5nRmVkZXJhdGUifSwib2F1dGgyU2V0dGluZ3MiOnsiYXV0aG9yaXphdGlvbkdyYW50cyI6WyJjb2RlIiwidG9rZW4iLCJvd25lciIsImNyZWRlbnRpYWxzIl0sImF1dGhvcml6YXRpb25VcmkiOiJodHRwczovL2Nsb3Vkc3NvLXRlc3QuY2lzY28uY29tL2FzL2F1dGhvcml6YXRpb24ub2F1dGgyIiwiYWNjZXNzVG9rZW5VcmkiOiJodHRwczovL2Nsb3Vkc3NvLXRlc3QuY2lzY28uY29tL2FzL3Rva2VuLm9hdXRoMiIsImdyYW50VHlwZXMiOlt7Im5hbWUiOiJwYXNzd29yZCIsImxhYmVsIjoiUmVzb3VyY2UgT3duZXIgR3JhbnQiLCJyZXF1aXJlZCI6ZmFsc2UsImV4Y2x1ZGUiOltdLCJkZXBlbmRzIjpbXX0seyJuYW1lIjoiaW1wbGljaXQiLCJsYWJlbCI6IkltcGxpY2l0IEdyYW50IiwicmVxdWlyZWQiOmZhbHNlLCJleGNsdWRlIjpbXSwiZGVwZW5kcyI6W119LHsibmFtZSI6ImNsaWVudF9jcmVkZW50aWFscyIsImxhYmVsIjoiQ2xpZW50IENyZWRlbnRpYWxzIEdyYW50IiwicmVxdWlyZWQiOmZhbHNlLCJleGNsdWRlIjpbXSwiZGVwZW5kcyI6W119LHsibmFtZSI6ImF1dGhvcml6YXRpb25fY29kZSIsImxhYmVsIjoiQXV0aG9yaXphdGlvbiBDb2RlIEdyYW50IiwicmVxdWlyZWQiOmZhbHNlLCJleGNsdWRlIjpbXSwiZGVwZW5kcyI6W119LHsibmFtZSI6InJlZnJlc2hfdG9rZW4iLCJsYWJlbCI6IlJlZnJlc2ggVG9rZW4iLCJyZXF1aXJlZCI6ZmFsc2UsImV4Y2x1ZGUiOltdLCJkZXBlbmRzIjpbImF1dGhvcml6YXRpb25fY29kZSIsInBhc3N3b3JkIl19XX19LCJpbnRlcmFjdGl2ZUxvZ2luIjp0cnVlLCJ0b2tlbiI6ImEyYzg0ODE1LThjYjgtNGE3Ni1iNmU0LTg4MGM3ZTc2MGNlYiIsImlhdCI6MTQ4NjU4Njc4OCwiYXVkIjoiaHR0cDovL2FwaS1wbGF0Zm9ybS1hcGkvcmVwb3NpdG9yeSIsImlzcyI6Imh0dHA6Ly9hcGktcGxhdGZvcm0tYXBpL3JlcG9zaXRvcnkifQ.YOsto-KJMgjQZxFXe6FFipYd8TIh4P1HIlJ5Tg6a9Ps
				Accept=*/*
				Content-Type=application/json; charset=UTF-8
Cookies:		&lt;none&gt;
Body:			&lt;none&gt;
Request method:	POST
Request path:	https://qax.anypoint.mulesoft.com/apiplatform/repository/v2/organizations/5000db95-c5d4-487f-925e-3f82f15a5499/apis/2053/versions/2161/contracts/30248/revoke
Proxy:			&lt;none&gt;
Request params:	&lt;none&gt;
Query params:	&lt;none&gt;
Form params:	&lt;none&gt;
Path params:	&lt;none&gt;
Multiparts:		&lt;none&gt;
Headers:		Authorization=Bearer eyJ0eXAiOiJKV1QiLCJhbGciOiJIUzI1NiJ9.eyJpZCI6IjUwMDAzN2NkLTJjZmQtNGRhNC1iZWQ3LTU3Mzg0ZGViMDYyYiIsImZpcnN0TmFtZSI6IkZlZGVyYXRlZCIsImxhc3ROYW1lIjoiRXh0ZXJuYWwiLCJlbWFpbCI6ImNocmlzdG9waGVyLm1vcmR1ZUBtdWxlc29mdC5jb20iLCJ1c2VybmFtZSI6ImZlZGVyYXRlZF9leHRlcm5hbCIsIm9yZ2FuaXphdGlvbiI6eyJpZCI6IjUwMDBkYjk1LWM1ZDQtNDg3Zi05MjVlLTNmODJmMTVhNTQ5OSIsIm5hbWUiOiJGZWRlcmF0ZWQgSW5jIEV4dGVybmFsIEF1dGhvcml6YXRpb24iLCJkb21haW4iOiJmZWRlcmF0ZWQtZXh0ZXJuYWwiLCJlbnRpdGxlbWVudHMiOnsiaHlicmlkIjp7ImVuYWJsZWQiOmZhbHNlfSwiY3JlYXRlU3ViT3JncyI6dHJ1ZSwidkNvcmVzUHJvZHVjdGlvbiI6eyJhc3NpZ25lZCI6MSwicmVhc3NpZ25lZCI6MH0sInZDb3Jlc1NhbmRib3giOnsiYXNzaWduZWQiOjEsInJlYXNzaWduZWQiOjB9LCJnbG9iYWxEZXBsb3ltZW50IjpmYWxzZSwid29ya2VyTG9nZ2luZ092ZXJyaWRlIjp7ImVuYWJsZWQiOmZhbHNlfSwiZ2F0ZXdheXMiOnsiYXNzaWduZWQiOjB9LCJjcmVhdGVFbnZpcm9ubWVudHMiOnRydWUsInBhcnRuZXJzUHJvZHVjdGlvbiI6eyJhc3NpZ25lZCI6MH0sInBhcnRuZXJzU2FuZGJveCI6eyJhc3NpZ25lZCI6MH0sImF1dG9zY2FsaW5nIjpmYWxzZSwic3RhdGljSXBzIjp7ImFzc2lnbmVkIjowLCJyZWFzc2lnbmVkIjowfSwiYXJtQWxlcnRzIjpmYWxzZSwiYXBpcyI6eyJlbmFibGVkIjp0cnVlfSwibXFNZXNzYWdlcyI6eyJiYXNlIjowLCJhZGRPbiI6MH0sIm1xUmVxdWVzdHMiOnsiYmFzZSI6MCwiYWRkT24iOjB9LCJleHRlcm5hbElkZW50aXR5Ijp0cnVlLCJtcUFkdmFuY2VkRmVhdHVyZXMiOnsiZW5hYmxlZCI6ZmFsc2V9LCJ2cGNzIjp7ImFzc2lnbmVkIjowLCJyZWFzc2lnbmVkIjowfSwiaHlicmlkSW5zaWdodCI6ZmFsc2UsImRlc2lnbkNlbnRlciI6eyJtb3phcnQiOmZhbHNlLCJhcGkiOmZhbHNlfSwib2JqZWN0U3RvcmVSZXF1ZXN0VW5pdHMiOnsiYmFzZSI6MTUwMDAwMDAsImFkZE9uIjowfSwib2JqZWN0U3RvcmVLZXlzIjp7ImJhc2UiOjEwMDAwMCwiYWRkT24iOjB9LCJjYW0iOnsiZW5hYmxlZCI6ZmFsc2V9LCJsb2FkQmFsYW5jZXIiOnsiYXNzaWduZWQiOjAsInJlYXNzaWduZWQiOjB9LCJtZXNzYWdpbmciOnsiYXNzaWduZWQiOjB9fSwiZXh0ZXJuYWxBdXRob3JpemF0aW9uIjp0cnVlLCJleHRlcm5hbEF1dGhvcml6YXRpb25Qcm92aWRlciI6eyJuYW1lIjoiUG9ydGFsIEFwcGxpY2F0aW9uIE1hbmFnZW1lbnQgU3lzdGVtIChQQU1TKSIsInVybCI6Imh0dHBzOi8vd3NneC10ZXN0LmNpc2NvLmNvbS9wYW1zL2x0L2NlcG1TZXJ2aWNlL3YxLjUvbWdyc3J2cyIsInZlcnNpb24iOiIxLjUifSwiaWRlbnRpdHlNYW5hZ2VtZW50Ijp7InR5cGUiOiJQaW5nRmVkZXJhdGUifSwib2F1dGgyU2V0dGluZ3MiOnsiYXV0aG9yaXphdGlvbkdyYW50cyI6WyJjb2RlIiwidG9rZW4iLCJvd25lciIsImNyZWRlbnRpYWxzIl0sImF1dGhvcml6YXRpb25VcmkiOiJodHRwczovL2Nsb3Vkc3NvLXRlc3QuY2lzY28uY29tL2FzL2F1dGhvcml6YXRpb24ub2F1dGgyIiwiYWNjZXNzVG9rZW5VcmkiOiJodHRwczovL2Nsb3Vkc3NvLXRlc3QuY2lzY28uY29tL2FzL3Rva2VuLm9hdXRoMiIsImdyYW50VHlwZXMiOlt7Im5hbWUiOiJwYXNzd29yZCIsImxhYmVsIjoiUmVzb3VyY2UgT3duZXIgR3JhbnQiLCJyZXF1aXJlZCI6ZmFsc2UsImV4Y2x1ZGUiOltdLCJkZXBlbmRzIjpbXX0seyJuYW1lIjoiaW1wbGljaXQiLCJsYWJlbCI6IkltcGxpY2l0IEdyYW50IiwicmVxdWlyZWQiOmZhbHNlLCJleGNsdWRlIjpbXSwiZGVwZW5kcyI6W119LHsibmFtZSI6ImNsaWVudF9jcmVkZW50aWFscyIsImxhYmVsIjoiQ2xpZW50IENyZWRlbnRpYWxzIEdyYW50IiwicmVxdWlyZWQiOmZhbHNlLCJleGNsdWRlIjpbXSwiZGVwZW5kcyI6W119LHsibmFtZSI6ImF1dGhvcml6YXRpb25fY29kZSIsImxhYmVsIjoiQXV0aG9yaXphdGlvbiBDb2RlIEdyYW50IiwicmVxdWlyZWQiOmZhbHNlLCJleGNsdWRlIjpbXSwiZGVwZW5kcyI6W119LHsibmFtZSI6InJlZnJlc2hfdG9rZW4iLCJsYWJlbCI6IlJlZnJlc2ggVG9rZW4iLCJyZXF1aXJlZCI6ZmFsc2UsImV4Y2x1ZGUiOltdLCJkZXBlbmRzIjpbImF1dGhvcml6YXRpb25fY29kZSIsInBhc3N3b3JkIl19XX19LCJpbnRlcmFjdGl2ZUxvZ2luIjp0cnVlLCJ0b2tlbiI6ImEyYzg0ODE1LThjYjgtNGE3Ni1iNmU0LTg4MGM3ZTc2MGNlYiIsImlhdCI6MTQ4NjU4Njc4OCwiYXVkIjoiaHR0cDovL2FwaS1wbGF0Zm9ybS1hcGkvcmVwb3NpdG9yeSIsImlzcyI6Imh0dHA6Ly9hcGktcGxhdGZvcm0tYXBpL3JlcG9zaXRvcnkifQ.YOsto-KJMgjQZxFXe6FFipYd8TIh4P1HIlJ5Tg6a9Ps
				Accept=*/*
				Content-Type=application/json; charset=UTF-8
Cookies:		&lt;none&gt;
Body:			&lt;none&gt;
Request method:	POST
Request path:	https://qax.anypoint.mulesoft.com/apiplatform/repository/v2/organizations/5000db95-c5d4-487f-925e-3f82f15a5499/apis/2053/versions/2161/contracts/30205/revoke
Proxy:			&lt;none&gt;
Request params:	&lt;none&gt;
Query params:	&lt;none&gt;
Form params:	&lt;none&gt;
Path params:	&lt;none&gt;
Multiparts:		&lt;none&gt;
Headers:		Authorization=Bearer eyJ0eXAiOiJKV1QiLCJhbGciOiJIUzI1NiJ9.eyJpZCI6IjUwMDAzN2NkLTJjZmQtNGRhNC1iZWQ3LTU3Mzg0ZGViMDYyYiIsImZpcnN0TmFtZSI6IkZlZGVyYXRlZCIsImxhc3ROYW1lIjoiRXh0ZXJuYWwiLCJlbWFpbCI6ImNocmlzdG9waGVyLm1vcmR1ZUBtdWxlc29mdC5jb20iLCJ1c2VybmFtZSI6ImZlZGVyYXRlZF9leHRlcm5hbCIsIm9yZ2FuaXphdGlvbiI6eyJpZCI6IjUwMDBkYjk1LWM1ZDQtNDg3Zi05MjVlLTNmODJmMTVhNTQ5OSIsIm5hbWUiOiJGZWRlcmF0ZWQgSW5jIEV4dGVybmFsIEF1dGhvcml6YXRpb24iLCJkb21haW4iOiJmZWRlcmF0ZWQtZXh0ZXJuYWwiLCJlbnRpdGxlbWVudHMiOnsiaHlicmlkIjp7ImVuYWJsZWQiOmZhbHNlfSwiY3JlYXRlU3ViT3JncyI6dHJ1ZSwidkNvcmVzUHJvZHVjdGlvbiI6eyJhc3NpZ25lZCI6MSwicmVhc3NpZ25lZCI6MH0sInZDb3Jlc1NhbmRib3giOnsiYXNzaWduZWQiOjEsInJlYXNzaWduZWQiOjB9LCJnbG9iYWxEZXBsb3ltZW50IjpmYWxzZSwid29ya2VyTG9nZ2luZ092ZXJyaWRlIjp7ImVuYWJsZWQiOmZhbHNlfSwiZ2F0ZXdheXMiOnsiYXNzaWduZWQiOjB9LCJjcmVhdGVFbnZpcm9ubWVudHMiOnRydWUsInBhcnRuZXJzUHJvZHVjdGlvbiI6eyJhc3NpZ25lZCI6MH0sInBhcnRuZXJzU2FuZGJveCI6eyJhc3NpZ25lZCI6MH0sImF1dG9zY2FsaW5nIjpmYWxzZSwic3RhdGljSXBzIjp7ImFzc2lnbmVkIjowLCJyZWFzc2lnbmVkIjowfSwiYXJtQWxlcnRzIjpmYWxzZSwiYXBpcyI6eyJlbmFibGVkIjp0cnVlfSwibXFNZXNzYWdlcyI6eyJiYXNlIjowLCJhZGRPbiI6MH0sIm1xUmVxdWVzdHMiOnsiYmFzZSI6MCwiYWRkT24iOjB9LCJleHRlcm5hbElkZW50aXR5Ijp0cnVlLCJtcUFkdmFuY2VkRmVhdHVyZXMiOnsiZW5hYmxlZCI6ZmFsc2V9LCJ2cGNzIjp7ImFzc2lnbmVkIjowLCJyZWFzc2lnbmVkIjowfSwiaHlicmlkSW5zaWdodCI6ZmFsc2UsImRlc2lnbkNlbnRlciI6eyJtb3phcnQiOmZhbHNlLCJhcGkiOmZhbHNlfSwib2JqZWN0U3RvcmVSZXF1ZXN0VW5pdHMiOnsiYmFzZSI6MTUwMDAwMDAsImFkZE9uIjowfSwib2JqZWN0U3RvcmVLZXlzIjp7ImJhc2UiOjEwMDAwMCwiYWRkT24iOjB9LCJjYW0iOnsiZW5hYmxlZCI6ZmFsc2V9LCJsb2FkQmFsYW5jZXIiOnsiYXNzaWduZWQiOjAsInJlYXNzaWduZWQiOjB9LCJtZXNzYWdpbmciOnsiYXNzaWduZWQiOjB9fSwiZXh0ZXJuYWxBdXRob3JpemF0aW9uIjp0cnVlLCJleHRlcm5hbEF1dGhvcml6YXRpb25Qcm92aWRlciI6eyJuYW1lIjoiUG9ydGFsIEFwcGxpY2F0aW9uIE1hbmFnZW1lbnQgU3lzdGVtIChQQU1TKSIsInVybCI6Imh0dHBzOi8vd3NneC10ZXN0LmNpc2NvLmNvbS9wYW1zL2x0L2NlcG1TZXJ2aWNlL3YxLjUvbWdyc3J2cyIsInZlcnNpb24iOiIxLjUifSwiaWRlbnRpdHlNYW5hZ2VtZW50Ijp7InR5cGUiOiJQaW5nRmVkZXJhdGUifSwib2F1dGgyU2V0dGluZ3MiOnsiYXV0aG9yaXphdGlvbkdyYW50cyI6WyJjb2RlIiwidG9rZW4iLCJvd25lciIsImNyZWRlbnRpYWxzIl0sImF1dGhvcml6YXRpb25VcmkiOiJodHRwczovL2Nsb3Vkc3NvLXRlc3QuY2lzY28uY29tL2FzL2F1dGhvcml6YXRpb24ub2F1dGgyIiwiYWNjZXNzVG9rZW5VcmkiOiJodHRwczovL2Nsb3Vkc3NvLXRlc3QuY2lzY28uY29tL2FzL3Rva2VuLm9hdXRoMiIsImdyYW50VHlwZXMiOlt7Im5hbWUiOiJwYXNzd29yZCIsImxhYmVsIjoiUmVzb3VyY2UgT3duZXIgR3JhbnQiLCJyZXF1aXJlZCI6ZmFsc2UsImV4Y2x1ZGUiOltdLCJkZXBlbmRzIjpbXX0seyJuYW1lIjoiaW1wbGljaXQiLCJsYWJlbCI6IkltcGxpY2l0IEdyYW50IiwicmVxdWlyZWQiOmZhbHNlLCJleGNsdWRlIjpbXSwiZGVwZW5kcyI6W119LHsibmFtZSI6ImNsaWVudF9jcmVkZW50aWFscyIsImxhYmVsIjoiQ2xpZW50IENyZWRlbnRpYWxzIEdyYW50IiwicmVxdWlyZWQiOmZhbHNlLCJleGNsdWRlIjpbXSwiZGVwZW5kcyI6W119LHsibmFtZSI6ImF1dGhvcml6YXRpb25fY29kZSIsImxhYmVsIjoiQXV0aG9yaXphdGlvbiBDb2RlIEdyYW50IiwicmVxdWlyZWQiOmZhbHNlLCJleGNsdWRlIjpbXSwiZGVwZW5kcyI6W119LHsibmFtZSI6InJlZnJlc2hfdG9rZW4iLCJsYWJlbCI6IlJlZnJlc2ggVG9rZW4iLCJyZXF1aXJlZCI6ZmFsc2UsImV4Y2x1ZGUiOltdLCJkZXBlbmRzIjpbImF1dGhvcml6YXRpb25fY29kZSIsInBhc3N3b3JkIl19XX19LCJpbnRlcmFjdGl2ZUxvZ2luIjp0cnVlLCJ0b2tlbiI6ImEyYzg0ODE1LThjYjgtNGE3Ni1iNmU0LTg4MGM3ZTc2MGNlYiIsImlhdCI6MTQ4NjU4Njc4OCwiYXVkIjoiaHR0cDovL2FwaS1wbGF0Zm9ybS1hcGkvcmVwb3NpdG9yeSIsImlzcyI6Imh0dHA6Ly9hcGktcGxhdGZvcm0tYXBpL3JlcG9zaXRvcnkifQ.YOsto-KJMgjQZxFXe6FFipYd8TIh4P1HIlJ5Tg6a9Ps
				Accept=*/*
				Content-Type=application/json; charset=UTF-8
Cookies:		&lt;none&gt;
Body:			&lt;none&gt;
Request method:	POST
Request path:	https://qax.anypoint.mulesoft.com/apiplatform/repository/v2/organizations/5000db95-c5d4-487f-925e-3f82f15a5499/apis/2053/versions/2161/contracts/30252/revoke
Proxy:			&lt;none&gt;
Request params:	&lt;none&gt;
Query params:	&lt;none&gt;
Form params:	&lt;none&gt;
Path params:	&lt;none&gt;
Multiparts:		&lt;none&gt;
Headers:		Authorization=Bearer eyJ0eXAiOiJKV1QiLCJhbGciOiJIUzI1NiJ9.eyJpZCI6IjUwMDAzN2NkLTJjZmQtNGRhNC1iZWQ3LTU3Mzg0ZGViMDYyYiIsImZpcnN0TmFtZSI6IkZlZGVyYXRlZCIsImxhc3ROYW1lIjoiRXh0ZXJuYWwiLCJlbWFpbCI6ImNocmlzdG9waGVyLm1vcmR1ZUBtdWxlc29mdC5jb20iLCJ1c2VybmFtZSI6ImZlZGVyYXRlZF9leHRlcm5hbCIsIm9yZ2FuaXphdGlvbiI6eyJpZCI6IjUwMDBkYjk1LWM1ZDQtNDg3Zi05MjVlLTNmODJmMTVhNTQ5OSIsIm5hbWUiOiJGZWRlcmF0ZWQgSW5jIEV4dGVybmFsIEF1dGhvcml6YXRpb24iLCJkb21haW4iOiJmZWRlcmF0ZWQtZXh0ZXJuYWwiLCJlbnRpdGxlbWVudHMiOnsiaHlicmlkIjp7ImVuYWJsZWQiOmZhbHNlfSwiY3JlYXRlU3ViT3JncyI6dHJ1ZSwidkNvcmVzUHJvZHVjdGlvbiI6eyJhc3NpZ25lZCI6MSwicmVhc3NpZ25lZCI6MH0sInZDb3Jlc1NhbmRib3giOnsiYXNzaWduZWQiOjEsInJlYXNzaWduZWQiOjB9LCJnbG9iYWxEZXBsb3ltZW50IjpmYWxzZSwid29ya2VyTG9nZ2luZ092ZXJyaWRlIjp7ImVuYWJsZWQiOmZhbHNlfSwiZ2F0ZXdheXMiOnsiYXNzaWduZWQiOjB9LCJjcmVhdGVFbnZpcm9ubWVudHMiOnRydWUsInBhcnRuZXJzUHJvZHVjdGlvbiI6eyJhc3NpZ25lZCI6MH0sInBhcnRuZXJzU2FuZGJveCI6eyJhc3NpZ25lZCI6MH0sImF1dG9zY2FsaW5nIjpmYWxzZSwic3RhdGljSXBzIjp7ImFzc2lnbmVkIjowLCJyZWFzc2lnbmVkIjowfSwiYXJtQWxlcnRzIjpmYWxzZSwiYXBpcyI6eyJlbmFibGVkIjp0cnVlfSwibXFNZXNzYWdlcyI6eyJiYXNlIjowLCJhZGRPbiI6MH0sIm1xUmVxdWVzdHMiOnsiYmFzZSI6MCwiYWRkT24iOjB9LCJleHRlcm5hbElkZW50aXR5Ijp0cnVlLCJtcUFkdmFuY2VkRmVhdHVyZXMiOnsiZW5hYmxlZCI6ZmFsc2V9LCJ2cGNzIjp7ImFzc2lnbmVkIjowLCJyZWFzc2lnbmVkIjowfSwiaHlicmlkSW5zaWdodCI6ZmFsc2UsImRlc2lnbkNlbnRlciI6eyJtb3phcnQiOmZhbHNlLCJhcGkiOmZhbHNlfSwib2JqZWN0U3RvcmVSZXF1ZXN0VW5pdHMiOnsiYmFzZSI6MTUwMDAwMDAsImFkZE9uIjowfSwib2JqZWN0U3RvcmVLZXlzIjp7ImJhc2UiOjEwMDAwMCwiYWRkT24iOjB9LCJjYW0iOnsiZW5hYmxlZCI6ZmFsc2V9LCJsb2FkQmFsYW5jZXIiOnsiYXNzaWduZWQiOjAsInJlYXNzaWduZWQiOjB9LCJtZXNzYWdpbmciOnsiYXNzaWduZWQiOjB9fSwiZXh0ZXJuYWxBdXRob3JpemF0aW9uIjp0cnVlLCJleHRlcm5hbEF1dGhvcml6YXRpb25Qcm92aWRlciI6eyJuYW1lIjoiUG9ydGFsIEFwcGxpY2F0aW9uIE1hbmFnZW1lbnQgU3lzdGVtIChQQU1TKSIsInVybCI6Imh0dHBzOi8vd3NneC10ZXN0LmNpc2NvLmNvbS9wYW1zL2x0L2NlcG1TZXJ2aWNlL3YxLjUvbWdyc3J2cyIsInZlcnNpb24iOiIxLjUifSwiaWRlbnRpdHlNYW5hZ2VtZW50Ijp7InR5cGUiOiJQaW5nRmVkZXJhdGUifSwib2F1dGgyU2V0dGluZ3MiOnsiYXV0aG9yaXphdGlvbkdyYW50cyI6WyJjb2RlIiwidG9rZW4iLCJvd25lciIsImNyZWRlbnRpYWxzIl0sImF1dGhvcml6YXRpb25VcmkiOiJodHRwczovL2Nsb3Vkc3NvLXRlc3QuY2lzY28uY29tL2FzL2F1dGhvcml6YXRpb24ub2F1dGgyIiwiYWNjZXNzVG9rZW5VcmkiOiJodHRwczovL2Nsb3Vkc3NvLXRlc3QuY2lzY28uY29tL2FzL3Rva2VuLm9hdXRoMiIsImdyYW50VHlwZXMiOlt7Im5hbWUiOiJwYXNzd29yZCIsImxhYmVsIjoiUmVzb3VyY2UgT3duZXIgR3JhbnQiLCJyZXF1aXJlZCI6ZmFsc2UsImV4Y2x1ZGUiOltdLCJkZXBlbmRzIjpbXX0seyJuYW1lIjoiaW1wbGljaXQiLCJsYWJlbCI6IkltcGxpY2l0IEdyYW50IiwicmVxdWlyZWQiOmZhbHNlLCJleGNsdWRlIjpbXSwiZGVwZW5kcyI6W119LHsibmFtZSI6ImNsaWVudF9jcmVkZW50aWFscyIsImxhYmVsIjoiQ2xpZW50IENyZWRlbnRpYWxzIEdyYW50IiwicmVxdWlyZWQiOmZhbHNlLCJleGNsdWRlIjpbXSwiZGVwZW5kcyI6W119LHsibmFtZSI6ImF1dGhvcml6YXRpb25fY29kZSIsImxhYmVsIjoiQXV0aG9yaXphdGlvbiBDb2RlIEdyYW50IiwicmVxdWlyZWQiOmZhbHNlLCJleGNsdWRlIjpbXSwiZGVwZW5kcyI6W119LHsibmFtZSI6InJlZnJlc2hfdG9rZW4iLCJsYWJlbCI6IlJlZnJlc2ggVG9rZW4iLCJyZXF1aXJlZCI6ZmFsc2UsImV4Y2x1ZGUiOltdLCJkZXBlbmRzIjpbImF1dGhvcml6YXRpb25fY29kZSIsInBhc3N3b3JkIl19XX19LCJpbnRlcmFjdGl2ZUxvZ2luIjp0cnVlLCJ0b2tlbiI6ImEyYzg0ODE1LThjYjgtNGE3Ni1iNmU0LTg4MGM3ZTc2MGNlYiIsImlhdCI6MTQ4NjU4Njc4OCwiYXVkIjoiaHR0cDovL2FwaS1wbGF0Zm9ybS1hcGkvcmVwb3NpdG9yeSIsImlzcyI6Imh0dHA6Ly9hcGktcGxhdGZvcm0tYXBpL3JlcG9zaXRvcnkifQ.YOsto-KJMgjQZxFXe6FFipYd8TIh4P1HIlJ5Tg6a9Ps
				Accept=*/*
				Content-Type=application/json; charset=UTF-8
Cookies:		&lt;none&gt;
Body:			&lt;none&gt;
Request method:	POST
Request path:	https://qax.anypoint.mulesoft.com/apiplatform/repository/v2/organizations/5000db95-c5d4-487f-925e-3f82f15a5499/apis/2053/versions/2161/contracts/30195/revoke
Proxy:			&lt;none&gt;
Request params:	&lt;none&gt;
Query params:	&lt;none&gt;
Form params:	&lt;none&gt;
Path params:	&lt;none&gt;
Multiparts:		&lt;none&gt;
Headers:		Authorization=Bearer eyJ0eXAiOiJKV1QiLCJhbGciOiJIUzI1NiJ9.eyJpZCI6IjUwMDAzN2NkLTJjZmQtNGRhNC1iZWQ3LTU3Mzg0ZGViMDYyYiIsImZpcnN0TmFtZSI6IkZlZGVyYXRlZCIsImxhc3ROYW1lIjoiRXh0ZXJuYWwiLCJlbWFpbCI6ImNocmlzdG9waGVyLm1vcmR1ZUBtdWxlc29mdC5jb20iLCJ1c2VybmFtZSI6ImZlZGVyYXRlZF9leHRlcm5hbCIsIm9yZ2FuaXphdGlvbiI6eyJpZCI6IjUwMDBkYjk1LWM1ZDQtNDg3Zi05MjVlLTNmODJmMTVhNTQ5OSIsIm5hbWUiOiJGZWRlcmF0ZWQgSW5jIEV4dGVybmFsIEF1dGhvcml6YXRpb24iLCJkb21haW4iOiJmZWRlcmF0ZWQtZXh0ZXJuYWwiLCJlbnRpdGxlbWVudHMiOnsiaHlicmlkIjp7ImVuYWJsZWQiOmZhbHNlfSwiY3JlYXRlU3ViT3JncyI6dHJ1ZSwidkNvcmVzUHJvZHVjdGlvbiI6eyJhc3NpZ25lZCI6MSwicmVhc3NpZ25lZCI6MH0sInZDb3Jlc1NhbmRib3giOnsiYXNzaWduZWQiOjEsInJlYXNzaWduZWQiOjB9LCJnbG9iYWxEZXBsb3ltZW50IjpmYWxzZSwid29ya2VyTG9nZ2luZ092ZXJyaWRlIjp7ImVuYWJsZWQiOmZhbHNlfSwiZ2F0ZXdheXMiOnsiYXNzaWduZWQiOjB9LCJjcmVhdGVFbnZpcm9ubWVudHMiOnRydWUsInBhcnRuZXJzUHJvZHVjdGlvbiI6eyJhc3NpZ25lZCI6MH0sInBhcnRuZXJzU2FuZGJveCI6eyJhc3NpZ25lZCI6MH0sImF1dG9zY2FsaW5nIjpmYWxzZSwic3RhdGljSXBzIjp7ImFzc2lnbmVkIjowLCJyZWFzc2lnbmVkIjowfSwiYXJtQWxlcnRzIjpmYWxzZSwiYXBpcyI6eyJlbmFibGVkIjp0cnVlfSwibXFNZXNzYWdlcyI6eyJiYXNlIjowLCJhZGRPbiI6MH0sIm1xUmVxdWVzdHMiOnsiYmFzZSI6MCwiYWRkT24iOjB9LCJleHRlcm5hbElkZW50aXR5Ijp0cnVlLCJtcUFkdmFuY2VkRmVhdHVyZXMiOnsiZW5hYmxlZCI6ZmFsc2V9LCJ2cGNzIjp7ImFzc2lnbmVkIjowLCJyZWFzc2lnbmVkIjowfSwiaHlicmlkSW5zaWdodCI6ZmFsc2UsImRlc2lnbkNlbnRlciI6eyJtb3phcnQiOmZhbHNlLCJhcGkiOmZhbHNlfSwib2JqZWN0U3RvcmVSZXF1ZXN0VW5pdHMiOnsiYmFzZSI6MTUwMDAwMDAsImFkZE9uIjowfSwib2JqZWN0U3RvcmVLZXlzIjp7ImJhc2UiOjEwMDAwMCwiYWRkT24iOjB9LCJjYW0iOnsiZW5hYmxlZCI6ZmFsc2V9LCJsb2FkQmFsYW5jZXIiOnsiYXNzaWduZWQiOjAsInJlYXNzaWduZWQiOjB9LCJtZXNzYWdpbmciOnsiYXNzaWduZWQiOjB9fSwiZXh0ZXJuYWxBdXRob3JpemF0aW9uIjp0cnVlLCJleHRlcm5hbEF1dGhvcml6YXRpb25Qcm92aWRlciI6eyJuYW1lIjoiUG9ydGFsIEFwcGxpY2F0aW9uIE1hbmFnZW1lbnQgU3lzdGVtIChQQU1TKSIsInVybCI6Imh0dHBzOi8vd3NneC10ZXN0LmNpc2NvLmNvbS9wYW1zL2x0L2NlcG1TZXJ2aWNlL3YxLjUvbWdyc3J2cyIsInZlcnNpb24iOiIxLjUifSwiaWRlbnRpdHlNYW5hZ2VtZW50Ijp7InR5cGUiOiJQaW5nRmVkZXJhdGUifSwib2F1dGgyU2V0dGluZ3MiOnsiYXV0aG9yaXphdGlvbkdyYW50cyI6WyJjb2RlIiwidG9rZW4iLCJvd25lciIsImNyZWRlbnRpYWxzIl0sImF1dGhvcml6YXRpb25VcmkiOiJodHRwczovL2Nsb3Vkc3NvLXRlc3QuY2lzY28uY29tL2FzL2F1dGhvcml6YXRpb24ub2F1dGgyIiwiYWNjZXNzVG9rZW5VcmkiOiJodHRwczovL2Nsb3Vkc3NvLXRlc3QuY2lzY28uY29tL2FzL3Rva2VuLm9hdXRoMiIsImdyYW50VHlwZXMiOlt7Im5hbWUiOiJwYXNzd29yZCIsImxhYmVsIjoiUmVzb3VyY2UgT3duZXIgR3JhbnQiLCJyZXF1aXJlZCI6ZmFsc2UsImV4Y2x1ZGUiOltdLCJkZXBlbmRzIjpbXX0seyJuYW1lIjoiaW1wbGljaXQiLCJsYWJlbCI6IkltcGxpY2l0IEdyYW50IiwicmVxdWlyZWQiOmZhbHNlLCJleGNsdWRlIjpbXSwiZGVwZW5kcyI6W119LHsibmFtZSI6ImNsaWVudF9jcmVkZW50aWFscyIsImxhYmVsIjoiQ2xpZW50IENyZWRlbnRpYWxzIEdyYW50IiwicmVxdWlyZWQiOmZhbHNlLCJleGNsdWRlIjpbXSwiZGVwZW5kcyI6W119LHsibmFtZSI6ImF1dGhvcml6YXRpb25fY29kZSIsImxhYmVsIjoiQXV0aG9yaXphdGlvbiBDb2RlIEdyYW50IiwicmVxdWlyZWQiOmZhbHNlLCJleGNsdWRlIjpbXSwiZGVwZW5kcyI6W119LHsibmFtZSI6InJlZnJlc2hfdG9rZW4iLCJsYWJlbCI6IlJlZnJlc2ggVG9rZW4iLCJyZXF1aXJlZCI6ZmFsc2UsImV4Y2x1ZGUiOltdLCJkZXBlbmRzIjpbImF1dGhvcml6YXRpb25fY29kZSIsInBhc3N3b3JkIl19XX19LCJpbnRlcmFjdGl2ZUxvZ2luIjp0cnVlLCJ0b2tlbiI6ImEyYzg0ODE1LThjYjgtNGE3Ni1iNmU0LTg4MGM3ZTc2MGNlYiIsImlhdCI6MTQ4NjU4Njc4OCwiYXVkIjoiaHR0cDovL2FwaS1wbGF0Zm9ybS1hcGkvcmVwb3NpdG9yeSIsImlzcyI6Imh0dHA6Ly9hcGktcGxhdGZvcm0tYXBpL3JlcG9zaXRvcnkifQ.YOsto-KJMgjQZxFXe6FFipYd8TIh4P1HIlJ5Tg6a9Ps
				Accept=*/*
				Content-Type=application/json; charset=UTF-8
Cookies:		&lt;none&gt;
Body:			&lt;none&gt;
Request method:	POST
Request path:	https://qax.anypoint.mulesoft.com/apiplatform/repository/v2/organizations/5000db95-c5d4-487f-925e-3f82f15a5499/apis/2053/versions/2161/contracts/30220/revoke
Proxy:			&lt;none&gt;
Request params:	&lt;none&gt;
Query params:	&lt;none&gt;
Form params:	&lt;none&gt;
Path params:	&lt;none&gt;
Multiparts:		&lt;none&gt;
Headers:		Authorization=Bearer eyJ0eXAiOiJKV1QiLCJhbGciOiJIUzI1NiJ9.eyJpZCI6IjUwMDAzN2NkLTJjZmQtNGRhNC1iZWQ3LTU3Mzg0ZGViMDYyYiIsImZpcnN0TmFtZSI6IkZlZGVyYXRlZCIsImxhc3ROYW1lIjoiRXh0ZXJuYWwiLCJlbWFpbCI6ImNocmlzdG9waGVyLm1vcmR1ZUBtdWxlc29mdC5jb20iLCJ1c2VybmFtZSI6ImZlZGVyYXRlZF9leHRlcm5hbCIsIm9yZ2FuaXphdGlvbiI6eyJpZCI6IjUwMDBkYjk1LWM1ZDQtNDg3Zi05MjVlLTNmODJmMTVhNTQ5OSIsIm5hbWUiOiJGZWRlcmF0ZWQgSW5jIEV4dGVybmFsIEF1dGhvcml6YXRpb24iLCJkb21haW4iOiJmZWRlcmF0ZWQtZXh0ZXJuYWwiLCJlbnRpdGxlbWVudHMiOnsiaHlicmlkIjp7ImVuYWJsZWQiOmZhbHNlfSwiY3JlYXRlU3ViT3JncyI6dHJ1ZSwidkNvcmVzUHJvZHVjdGlvbiI6eyJhc3NpZ25lZCI6MSwicmVhc3NpZ25lZCI6MH0sInZDb3Jlc1NhbmRib3giOnsiYXNzaWduZWQiOjEsInJlYXNzaWduZWQiOjB9LCJnbG9iYWxEZXBsb3ltZW50IjpmYWxzZSwid29ya2VyTG9nZ2luZ092ZXJyaWRlIjp7ImVuYWJsZWQiOmZhbHNlfSwiZ2F0ZXdheXMiOnsiYXNzaWduZWQiOjB9LCJjcmVhdGVFbnZpcm9ubWVudHMiOnRydWUsInBhcnRuZXJzUHJvZHVjdGlvbiI6eyJhc3NpZ25lZCI6MH0sInBhcnRuZXJzU2FuZGJveCI6eyJhc3NpZ25lZCI6MH0sImF1dG9zY2FsaW5nIjpmYWxzZSwic3RhdGljSXBzIjp7ImFzc2lnbmVkIjowLCJyZWFzc2lnbmVkIjowfSwiYXJtQWxlcnRzIjpmYWxzZSwiYXBpcyI6eyJlbmFibGVkIjp0cnVlfSwibXFNZXNzYWdlcyI6eyJiYXNlIjowLCJhZGRPbiI6MH0sIm1xUmVxdWVzdHMiOnsiYmFzZSI6MCwiYWRkT24iOjB9LCJleHRlcm5hbElkZW50aXR5Ijp0cnVlLCJtcUFkdmFuY2VkRmVhdHVyZXMiOnsiZW5hYmxlZCI6ZmFsc2V9LCJ2cGNzIjp7ImFzc2lnbmVkIjowLCJyZWFzc2lnbmVkIjowfSwiaHlicmlkSW5zaWdodCI6ZmFsc2UsImRlc2lnbkNlbnRlciI6eyJtb3phcnQiOmZhbHNlLCJhcGkiOmZhbHNlfSwib2JqZWN0U3RvcmVSZXF1ZXN0VW5pdHMiOnsiYmFzZSI6MTUwMDAwMDAsImFkZE9uIjowfSwib2JqZWN0U3RvcmVLZXlzIjp7ImJhc2UiOjEwMDAwMCwiYWRkT24iOjB9LCJjYW0iOnsiZW5hYmxlZCI6ZmFsc2V9LCJsb2FkQmFsYW5jZXIiOnsiYXNzaWduZWQiOjAsInJlYXNzaWduZWQiOjB9LCJtZXNzYWdpbmciOnsiYXNzaWduZWQiOjB9fSwiZXh0ZXJuYWxBdXRob3JpemF0aW9uIjp0cnVlLCJleHRlcm5hbEF1dGhvcml6YXRpb25Qcm92aWRlciI6eyJuYW1lIjoiUG9ydGFsIEFwcGxpY2F0aW9uIE1hbmFnZW1lbnQgU3lzdGVtIChQQU1TKSIsInVybCI6Imh0dHBzOi8vd3NneC10ZXN0LmNpc2NvLmNvbS9wYW1zL2x0L2NlcG1TZXJ2aWNlL3YxLjUvbWdyc3J2cyIsInZlcnNpb24iOiIxLjUifSwiaWRlbnRpdHlNYW5hZ2VtZW50Ijp7InR5cGUiOiJQaW5nRmVkZXJhdGUifSwib2F1dGgyU2V0dGluZ3MiOnsiYXV0aG9yaXphdGlvbkdyYW50cyI6WyJjb2RlIiwidG9rZW4iLCJvd25lciIsImNyZWRlbnRpYWxzIl0sImF1dGhvcml6YXRpb25VcmkiOiJodHRwczovL2Nsb3Vkc3NvLXRlc3QuY2lzY28uY29tL2FzL2F1dGhvcml6YXRpb24ub2F1dGgyIiwiYWNjZXNzVG9rZW5VcmkiOiJodHRwczovL2Nsb3Vkc3NvLXRlc3QuY2lzY28uY29tL2FzL3Rva2VuLm9hdXRoMiIsImdyYW50VHlwZXMiOlt7Im5hbWUiOiJwYXNzd29yZCIsImxhYmVsIjoiUmVzb3VyY2UgT3duZXIgR3JhbnQiLCJyZXF1aXJlZCI6ZmFsc2UsImV4Y2x1ZGUiOltdLCJkZXBlbmRzIjpbXX0seyJuYW1lIjoiaW1wbGljaXQiLCJsYWJlbCI6IkltcGxpY2l0IEdyYW50IiwicmVxdWlyZWQiOmZhbHNlLCJleGNsdWRlIjpbXSwiZGVwZW5kcyI6W119LHsibmFtZSI6ImNsaWVudF9jcmVkZW50aWFscyIsImxhYmVsIjoiQ2xpZW50IENyZWRlbnRpYWxzIEdyYW50IiwicmVxdWlyZWQiOmZhbHNlLCJleGNsdWRlIjpbXSwiZGVwZW5kcyI6W119LHsibmFtZSI6ImF1dGhvcml6YXRpb25fY29kZSIsImxhYmVsIjoiQXV0aG9yaXphdGlvbiBDb2RlIEdyYW50IiwicmVxdWlyZWQiOmZhbHNlLCJleGNsdWRlIjpbXSwiZGVwZW5kcyI6W119LHsibmFtZSI6InJlZnJlc2hfdG9rZW4iLCJsYWJlbCI6IlJlZnJlc2ggVG9rZW4iLCJyZXF1aXJlZCI6ZmFsc2UsImV4Y2x1ZGUiOltdLCJkZXBlbmRzIjpbImF1dGhvcml6YXRpb25fY29kZSIsInBhc3N3b3JkIl19XX19LCJpbnRlcmFjdGl2ZUxvZ2luIjp0cnVlLCJ0b2tlbiI6ImEyYzg0ODE1LThjYjgtNGE3Ni1iNmU0LTg4MGM3ZTc2MGNlYiIsImlhdCI6MTQ4NjU4Njc4OCwiYXVkIjoiaHR0cDovL2FwaS1wbGF0Zm9ybS1hcGkvcmVwb3NpdG9yeSIsImlzcyI6Imh0dHA6Ly9hcGktcGxhdGZvcm0tYXBpL3JlcG9zaXRvcnkifQ.YOsto-KJMgjQZxFXe6FFipYd8TIh4P1HIlJ5Tg6a9Ps
				Accept=*/*
				Content-Type=application/json; charset=UTF-8
Cookies:		&lt;none&gt;
Body:			&lt;none&gt;
Request method:	POST
Request path:	https://qax.anypoint.mulesoft.com/apiplatform/repository/v2/organizations/5000db95-c5d4-487f-925e-3f82f15a5499/apis/2053/versions/2161/contracts/30254/revoke
Proxy:			&lt;none&gt;
Request params:	&lt;none&gt;
Query params:	&lt;none&gt;
Form params:	&lt;none&gt;
Path params:	&lt;none&gt;
Multiparts:		&lt;none&gt;
Headers:		Authorization=Bearer eyJ0eXAiOiJKV1QiLCJhbGciOiJIUzI1NiJ9.eyJpZCI6IjUwMDAzN2NkLTJjZmQtNGRhNC1iZWQ3LTU3Mzg0ZGViMDYyYiIsImZpcnN0TmFtZSI6IkZlZGVyYXRlZCIsImxhc3ROYW1lIjoiRXh0ZXJuYWwiLCJlbWFpbCI6ImNocmlzdG9waGVyLm1vcmR1ZUBtdWxlc29mdC5jb20iLCJ1c2VybmFtZSI6ImZlZGVyYXRlZF9leHRlcm5hbCIsIm9yZ2FuaXphdGlvbiI6eyJpZCI6IjUwMDBkYjk1LWM1ZDQtNDg3Zi05MjVlLTNmODJmMTVhNTQ5OSIsIm5hbWUiOiJGZWRlcmF0ZWQgSW5jIEV4dGVybmFsIEF1dGhvcml6YXRpb24iLCJkb21haW4iOiJmZWRlcmF0ZWQtZXh0ZXJuYWwiLCJlbnRpdGxlbWVudHMiOnsiaHlicmlkIjp7ImVuYWJsZWQiOmZhbHNlfSwiY3JlYXRlU3ViT3JncyI6dHJ1ZSwidkNvcmVzUHJvZHVjdGlvbiI6eyJhc3NpZ25lZCI6MSwicmVhc3NpZ25lZCI6MH0sInZDb3Jlc1NhbmRib3giOnsiYXNzaWduZWQiOjEsInJlYXNzaWduZWQiOjB9LCJnbG9iYWxEZXBsb3ltZW50IjpmYWxzZSwid29ya2VyTG9nZ2luZ092ZXJyaWRlIjp7ImVuYWJsZWQiOmZhbHNlfSwiZ2F0ZXdheXMiOnsiYXNzaWduZWQiOjB9LCJjcmVhdGVFbnZpcm9ubWVudHMiOnRydWUsInBhcnRuZXJzUHJvZHVjdGlvbiI6eyJhc3NpZ25lZCI6MH0sInBhcnRuZXJzU2FuZGJveCI6eyJhc3NpZ25lZCI6MH0sImF1dG9zY2FsaW5nIjpmYWxzZSwic3RhdGljSXBzIjp7ImFzc2lnbmVkIjowLCJyZWFzc2lnbmVkIjowfSwiYXJtQWxlcnRzIjpmYWxzZSwiYXBpcyI6eyJlbmFibGVkIjp0cnVlfSwibXFNZXNzYWdlcyI6eyJiYXNlIjowLCJhZGRPbiI6MH0sIm1xUmVxdWVzdHMiOnsiYmFzZSI6MCwiYWRkT24iOjB9LCJleHRlcm5hbElkZW50aXR5Ijp0cnVlLCJtcUFkdmFuY2VkRmVhdHVyZXMiOnsiZW5hYmxlZCI6ZmFsc2V9LCJ2cGNzIjp7ImFzc2lnbmVkIjowLCJyZWFzc2lnbmVkIjowfSwiaHlicmlkSW5zaWdodCI6ZmFsc2UsImRlc2lnbkNlbnRlciI6eyJtb3phcnQiOmZhbHNlLCJhcGkiOmZhbHNlfSwib2JqZWN0U3RvcmVSZXF1ZXN0VW5pdHMiOnsiYmFzZSI6MTUwMDAwMDAsImFkZE9uIjowfSwib2JqZWN0U3RvcmVLZXlzIjp7ImJhc2UiOjEwMDAwMCwiYWRkT24iOjB9LCJjYW0iOnsiZW5hYmxlZCI6ZmFsc2V9LCJsb2FkQmFsYW5jZXIiOnsiYXNzaWduZWQiOjAsInJlYXNzaWduZWQiOjB9LCJtZXNzYWdpbmciOnsiYXNzaWduZWQiOjB9fSwiZXh0ZXJuYWxBdXRob3JpemF0aW9uIjp0cnVlLCJleHRlcm5hbEF1dGhvcml6YXRpb25Qcm92aWRlciI6eyJuYW1lIjoiUG9ydGFsIEFwcGxpY2F0aW9uIE1hbmFnZW1lbnQgU3lzdGVtIChQQU1TKSIsInVybCI6Imh0dHBzOi8vd3NneC10ZXN0LmNpc2NvLmNvbS9wYW1zL2x0L2NlcG1TZXJ2aWNlL3YxLjUvbWdyc3J2cyIsInZlcnNpb24iOiIxLjUifSwiaWRlbnRpdHlNYW5hZ2VtZW50Ijp7InR5cGUiOiJQaW5nRmVkZXJhdGUifSwib2F1dGgyU2V0dGluZ3MiOnsiYXV0aG9yaXphdGlvbkdyYW50cyI6WyJjb2RlIiwidG9rZW4iLCJvd25lciIsImNyZWRlbnRpYWxzIl0sImF1dGhvcml6YXRpb25VcmkiOiJodHRwczovL2Nsb3Vkc3NvLXRlc3QuY2lzY28uY29tL2FzL2F1dGhvcml6YXRpb24ub2F1dGgyIiwiYWNjZXNzVG9rZW5VcmkiOiJodHRwczovL2Nsb3Vkc3NvLXRlc3QuY2lzY28uY29tL2FzL3Rva2VuLm9hdXRoMiIsImdyYW50VHlwZXMiOlt7Im5hbWUiOiJwYXNzd29yZCIsImxhYmVsIjoiUmVzb3VyY2UgT3duZXIgR3JhbnQiLCJyZXF1aXJlZCI6ZmFsc2UsImV4Y2x1ZGUiOltdLCJkZXBlbmRzIjpbXX0seyJuYW1lIjoiaW1wbGljaXQiLCJsYWJlbCI6IkltcGxpY2l0IEdyYW50IiwicmVxdWlyZWQiOmZhbHNlLCJleGNsdWRlIjpbXSwiZGVwZW5kcyI6W119LHsibmFtZSI6ImNsaWVudF9jcmVkZW50aWFscyIsImxhYmVsIjoiQ2xpZW50IENyZWRlbnRpYWxzIEdyYW50IiwicmVxdWlyZWQiOmZhbHNlLCJleGNsdWRlIjpbXSwiZGVwZW5kcyI6W119LHsibmFtZSI6ImF1dGhvcml6YXRpb25fY29kZSIsImxhYmVsIjoiQXV0aG9yaXphdGlvbiBDb2RlIEdyYW50IiwicmVxdWlyZWQiOmZhbHNlLCJleGNsdWRlIjpbXSwiZGVwZW5kcyI6W119LHsibmFtZSI6InJlZnJlc2hfdG9rZW4iLCJsYWJlbCI6IlJlZnJlc2ggVG9rZW4iLCJyZXF1aXJlZCI6ZmFsc2UsImV4Y2x1ZGUiOltdLCJkZXBlbmRzIjpbImF1dGhvcml6YXRpb25fY29kZSIsInBhc3N3b3JkIl19XX19LCJpbnRlcmFjdGl2ZUxvZ2luIjp0cnVlLCJ0b2tlbiI6ImEyYzg0ODE1LThjYjgtNGE3Ni1iNmU0LTg4MGM3ZTc2MGNlYiIsImlhdCI6MTQ4NjU4Njc4OCwiYXVkIjoiaHR0cDovL2FwaS1wbGF0Zm9ybS1hcGkvcmVwb3NpdG9yeSIsImlzcyI6Imh0dHA6Ly9hcGktcGxhdGZvcm0tYXBpL3JlcG9zaXRvcnkifQ.YOsto-KJMgjQZxFXe6FFipYd8TIh4P1HIlJ5Tg6a9Ps
				Accept=*/*
				Content-Type=application/json; charset=UTF-8
Cookies:		&lt;none&gt;
Body:			&lt;none&gt;
Request method:	POST
Request path:	https://qax.anypoint.mulesoft.com/apiplatform/repository/v2/organizations/5000db95-c5d4-487f-925e-3f82f15a5499/apis/2053/versions/2161/contracts/30196/revoke
Proxy:			&lt;none&gt;
Request params:	&lt;none&gt;
Query params:	&lt;none&gt;
Form params:	&lt;none&gt;
Path params:	&lt;none&gt;
Multiparts:		&lt;none&gt;
Headers:		Authorization=Bearer eyJ0eXAiOiJKV1QiLCJhbGciOiJIUzI1NiJ9.eyJpZCI6IjUwMDAzN2NkLTJjZmQtNGRhNC1iZWQ3LTU3Mzg0ZGViMDYyYiIsImZpcnN0TmFtZSI6IkZlZGVyYXRlZCIsImxhc3ROYW1lIjoiRXh0ZXJuYWwiLCJlbWFpbCI6ImNocmlzdG9waGVyLm1vcmR1ZUBtdWxlc29mdC5jb20iLCJ1c2VybmFtZSI6ImZlZGVyYXRlZF9leHRlcm5hbCIsIm9yZ2FuaXphdGlvbiI6eyJpZCI6IjUwMDBkYjk1LWM1ZDQtNDg3Zi05MjVlLTNmODJmMTVhNTQ5OSIsIm5hbWUiOiJGZWRlcmF0ZWQgSW5jIEV4dGVybmFsIEF1dGhvcml6YXRpb24iLCJkb21haW4iOiJmZWRlcmF0ZWQtZXh0ZXJuYWwiLCJlbnRpdGxlbWVudHMiOnsiaHlicmlkIjp7ImVuYWJsZWQiOmZhbHNlfSwiY3JlYXRlU3ViT3JncyI6dHJ1ZSwidkNvcmVzUHJvZHVjdGlvbiI6eyJhc3NpZ25lZCI6MSwicmVhc3NpZ25lZCI6MH0sInZDb3Jlc1NhbmRib3giOnsiYXNzaWduZWQiOjEsInJlYXNzaWduZWQiOjB9LCJnbG9iYWxEZXBsb3ltZW50IjpmYWxzZSwid29ya2VyTG9nZ2luZ092ZXJyaWRlIjp7ImVuYWJsZWQiOmZhbHNlfSwiZ2F0ZXdheXMiOnsiYXNzaWduZWQiOjB9LCJjcmVhdGVFbnZpcm9ubWVudHMiOnRydWUsInBhcnRuZXJzUHJvZHVjdGlvbiI6eyJhc3NpZ25lZCI6MH0sInBhcnRuZXJzU2FuZGJveCI6eyJhc3NpZ25lZCI6MH0sImF1dG9zY2FsaW5nIjpmYWxzZSwic3RhdGljSXBzIjp7ImFzc2lnbmVkIjowLCJyZWFzc2lnbmVkIjowfSwiYXJtQWxlcnRzIjpmYWxzZSwiYXBpcyI6eyJlbmFibGVkIjp0cnVlfSwibXFNZXNzYWdlcyI6eyJiYXNlIjowLCJhZGRPbiI6MH0sIm1xUmVxdWVzdHMiOnsiYmFzZSI6MCwiYWRkT24iOjB9LCJleHRlcm5hbElkZW50aXR5Ijp0cnVlLCJtcUFkdmFuY2VkRmVhdHVyZXMiOnsiZW5hYmxlZCI6ZmFsc2V9LCJ2cGNzIjp7ImFzc2lnbmVkIjowLCJyZWFzc2lnbmVkIjowfSwiaHlicmlkSW5zaWdodCI6ZmFsc2UsImRlc2lnbkNlbnRlciI6eyJtb3phcnQiOmZhbHNlLCJhcGkiOmZhbHNlfSwib2JqZWN0U3RvcmVSZXF1ZXN0VW5pdHMiOnsiYmFzZSI6MTUwMDAwMDAsImFkZE9uIjowfSwib2JqZWN0U3RvcmVLZXlzIjp7ImJhc2UiOjEwMDAwMCwiYWRkT24iOjB9LCJjYW0iOnsiZW5hYmxlZCI6ZmFsc2V9LCJsb2FkQmFsYW5jZXIiOnsiYXNzaWduZWQiOjAsInJlYXNzaWduZWQiOjB9LCJtZXNzYWdpbmciOnsiYXNzaWduZWQiOjB9fSwiZXh0ZXJuYWxBdXRob3JpemF0aW9uIjp0cnVlLCJleHRlcm5hbEF1dGhvcml6YXRpb25Qcm92aWRlciI6eyJuYW1lIjoiUG9ydGFsIEFwcGxpY2F0aW9uIE1hbmFnZW1lbnQgU3lzdGVtIChQQU1TKSIsInVybCI6Imh0dHBzOi8vd3NneC10ZXN0LmNpc2NvLmNvbS9wYW1zL2x0L2NlcG1TZXJ2aWNlL3YxLjUvbWdyc3J2cyIsInZlcnNpb24iOiIxLjUifSwiaWRlbnRpdHlNYW5hZ2VtZW50Ijp7InR5cGUiOiJQaW5nRmVkZXJhdGUifSwib2F1dGgyU2V0dGluZ3MiOnsiYXV0aG9yaXphdGlvbkdyYW50cyI6WyJjb2RlIiwidG9rZW4iLCJvd25lciIsImNyZWRlbnRpYWxzIl0sImF1dGhvcml6YXRpb25VcmkiOiJodHRwczovL2Nsb3Vkc3NvLXRlc3QuY2lzY28uY29tL2FzL2F1dGhvcml6YXRpb24ub2F1dGgyIiwiYWNjZXNzVG9rZW5VcmkiOiJodHRwczovL2Nsb3Vkc3NvLXRlc3QuY2lzY28uY29tL2FzL3Rva2VuLm9hdXRoMiIsImdyYW50VHlwZXMiOlt7Im5hbWUiOiJwYXNzd29yZCIsImxhYmVsIjoiUmVzb3VyY2UgT3duZXIgR3JhbnQiLCJyZXF1aXJlZCI6ZmFsc2UsImV4Y2x1ZGUiOltdLCJkZXBlbmRzIjpbXX0seyJuYW1lIjoiaW1wbGljaXQiLCJsYWJlbCI6IkltcGxpY2l0IEdyYW50IiwicmVxdWlyZWQiOmZhbHNlLCJleGNsdWRlIjpbXSwiZGVwZW5kcyI6W119LHsibmFtZSI6ImNsaWVudF9jcmVkZW50aWFscyIsImxhYmVsIjoiQ2xpZW50IENyZWRlbnRpYWxzIEdyYW50IiwicmVxdWlyZWQiOmZhbHNlLCJleGNsdWRlIjpbXSwiZGVwZW5kcyI6W119LHsibmFtZSI6ImF1dGhvcml6YXRpb25fY29kZSIsImxhYmVsIjoiQXV0aG9yaXphdGlvbiBDb2RlIEdyYW50IiwicmVxdWlyZWQiOmZhbHNlLCJleGNsdWRlIjpbXSwiZGVwZW5kcyI6W119LHsibmFtZSI6InJlZnJlc2hfdG9rZW4iLCJsYWJlbCI6IlJlZnJlc2ggVG9rZW4iLCJyZXF1aXJlZCI6ZmFsc2UsImV4Y2x1ZGUiOltdLCJkZXBlbmRzIjpbImF1dGhvcml6YXRpb25fY29kZSIsInBhc3N3b3JkIl19XX19LCJpbnRlcmFjdGl2ZUxvZ2luIjp0cnVlLCJ0b2tlbiI6ImEyYzg0ODE1LThjYjgtNGE3Ni1iNmU0LTg4MGM3ZTc2MGNlYiIsImlhdCI6MTQ4NjU4Njc4OCwiYXVkIjoiaHR0cDovL2FwaS1wbGF0Zm9ybS1hcGkvcmVwb3NpdG9yeSIsImlzcyI6Imh0dHA6Ly9hcGktcGxhdGZvcm0tYXBpL3JlcG9zaXRvcnkifQ.YOsto-KJMgjQZxFXe6FFipYd8TIh4P1HIlJ5Tg6a9Ps
				Accept=*/*
				Content-Type=application/json; charset=UTF-8
Cookies:		&lt;none&gt;
Body:			&lt;none&gt;
Request method:	POST
Request path:	https://qax.anypoint.mulesoft.com/apiplatform/repository/v2/organizations/5000db95-c5d4-487f-925e-3f82f15a5499/apis/2053/versions/2161/contracts/30230/revoke
Proxy:			&lt;none&gt;
Request params:	&lt;none&gt;
Query params:	&lt;none&gt;
Form params:	&lt;none&gt;
Path params:	&lt;none&gt;
Multiparts:		&lt;none&gt;
Headers:		Authorization=Bearer eyJ0eXAiOiJKV1QiLCJhbGciOiJIUzI1NiJ9.eyJpZCI6IjUwMDAzN2NkLTJjZmQtNGRhNC1iZWQ3LTU3Mzg0ZGViMDYyYiIsImZpcnN0TmFtZSI6IkZlZGVyYXRlZCIsImxhc3ROYW1lIjoiRXh0ZXJuYWwiLCJlbWFpbCI6ImNocmlzdG9waGVyLm1vcmR1ZUBtdWxlc29mdC5jb20iLCJ1c2VybmFtZSI6ImZlZGVyYXRlZF9leHRlcm5hbCIsIm9yZ2FuaXphdGlvbiI6eyJpZCI6IjUwMDBkYjk1LWM1ZDQtNDg3Zi05MjVlLTNmODJmMTVhNTQ5OSIsIm5hbWUiOiJGZWRlcmF0ZWQgSW5jIEV4dGVybmFsIEF1dGhvcml6YXRpb24iLCJkb21haW4iOiJmZWRlcmF0ZWQtZXh0ZXJuYWwiLCJlbnRpdGxlbWVudHMiOnsiaHlicmlkIjp7ImVuYWJsZWQiOmZhbHNlfSwiY3JlYXRlU3ViT3JncyI6dHJ1ZSwidkNvcmVzUHJvZHVjdGlvbiI6eyJhc3NpZ25lZCI6MSwicmVhc3NpZ25lZCI6MH0sInZDb3Jlc1NhbmRib3giOnsiYXNzaWduZWQiOjEsInJlYXNzaWduZWQiOjB9LCJnbG9iYWxEZXBsb3ltZW50IjpmYWxzZSwid29ya2VyTG9nZ2luZ092ZXJyaWRlIjp7ImVuYWJsZWQiOmZhbHNlfSwiZ2F0ZXdheXMiOnsiYXNzaWduZWQiOjB9LCJjcmVhdGVFbnZpcm9ubWVudHMiOnRydWUsInBhcnRuZXJzUHJvZHVjdGlvbiI6eyJhc3NpZ25lZCI6MH0sInBhcnRuZXJzU2FuZGJveCI6eyJhc3NpZ25lZCI6MH0sImF1dG9zY2FsaW5nIjpmYWxzZSwic3RhdGljSXBzIjp7ImFzc2lnbmVkIjowLCJyZWFzc2lnbmVkIjowfSwiYXJtQWxlcnRzIjpmYWxzZSwiYXBpcyI6eyJlbmFibGVkIjp0cnVlfSwibXFNZXNzYWdlcyI6eyJiYXNlIjowLCJhZGRPbiI6MH0sIm1xUmVxdWVzdHMiOnsiYmFzZSI6MCwiYWRkT24iOjB9LCJleHRlcm5hbElkZW50aXR5Ijp0cnVlLCJtcUFkdmFuY2VkRmVhdHVyZXMiOnsiZW5hYmxlZCI6ZmFsc2V9LCJ2cGNzIjp7ImFzc2lnbmVkIjowLCJyZWFzc2lnbmVkIjowfSwiaHlicmlkSW5zaWdodCI6ZmFsc2UsImRlc2lnbkNlbnRlciI6eyJtb3phcnQiOmZhbHNlLCJhcGkiOmZhbHNlfSwib2JqZWN0U3RvcmVSZXF1ZXN0VW5pdHMiOnsiYmFzZSI6MTUwMDAwMDAsImFkZE9uIjowfSwib2JqZWN0U3RvcmVLZXlzIjp7ImJhc2UiOjEwMDAwMCwiYWRkT24iOjB9LCJjYW0iOnsiZW5hYmxlZCI6ZmFsc2V9LCJsb2FkQmFsYW5jZXIiOnsiYXNzaWduZWQiOjAsInJlYXNzaWduZWQiOjB9LCJtZXNzYWdpbmciOnsiYXNzaWduZWQiOjB9fSwiZXh0ZXJuYWxBdXRob3JpemF0aW9uIjp0cnVlLCJleHRlcm5hbEF1dGhvcml6YXRpb25Qcm92aWRlciI6eyJuYW1lIjoiUG9ydGFsIEFwcGxpY2F0aW9uIE1hbmFnZW1lbnQgU3lzdGVtIChQQU1TKSIsInVybCI6Imh0dHBzOi8vd3NneC10ZXN0LmNpc2NvLmNvbS9wYW1zL2x0L2NlcG1TZXJ2aWNlL3YxLjUvbWdyc3J2cyIsInZlcnNpb24iOiIxLjUifSwiaWRlbnRpdHlNYW5hZ2VtZW50Ijp7InR5cGUiOiJQaW5nRmVkZXJhdGUifSwib2F1dGgyU2V0dGluZ3MiOnsiYXV0aG9yaXphdGlvbkdyYW50cyI6WyJjb2RlIiwidG9rZW4iLCJvd25lciIsImNyZWRlbnRpYWxzIl0sImF1dGhvcml6YXRpb25VcmkiOiJodHRwczovL2Nsb3Vkc3NvLXRlc3QuY2lzY28uY29tL2FzL2F1dGhvcml6YXRpb24ub2F1dGgyIiwiYWNjZXNzVG9rZW5VcmkiOiJodHRwczovL2Nsb3Vkc3NvLXRlc3QuY2lzY28uY29tL2FzL3Rva2VuLm9hdXRoMiIsImdyYW50VHlwZXMiOlt7Im5hbWUiOiJwYXNzd29yZCIsImxhYmVsIjoiUmVzb3VyY2UgT3duZXIgR3JhbnQiLCJyZXF1aXJlZCI6ZmFsc2UsImV4Y2x1ZGUiOltdLCJkZXBlbmRzIjpbXX0seyJuYW1lIjoiaW1wbGljaXQiLCJsYWJlbCI6IkltcGxpY2l0IEdyYW50IiwicmVxdWlyZWQiOmZhbHNlLCJleGNsdWRlIjpbXSwiZGVwZW5kcyI6W119LHsibmFtZSI6ImNsaWVudF9jcmVkZW50aWFscyIsImxhYmVsIjoiQ2xpZW50IENyZWRlbnRpYWxzIEdyYW50IiwicmVxdWlyZWQiOmZhbHNlLCJleGNsdWRlIjpbXSwiZGVwZW5kcyI6W119LHsibmFtZSI6ImF1dGhvcml6YXRpb25fY29kZSIsImxhYmVsIjoiQXV0aG9yaXphdGlvbiBDb2RlIEdyYW50IiwicmVxdWlyZWQiOmZhbHNlLCJleGNsdWRlIjpbXSwiZGVwZW5kcyI6W119LHsibmFtZSI6InJlZnJlc2hfdG9rZW4iLCJsYWJlbCI6IlJlZnJlc2ggVG9rZW4iLCJyZXF1aXJlZCI6ZmFsc2UsImV4Y2x1ZGUiOltdLCJkZXBlbmRzIjpbImF1dGhvcml6YXRpb25fY29kZSIsInBhc3N3b3JkIl19XX19LCJpbnRlcmFjdGl2ZUxvZ2luIjp0cnVlLCJ0b2tlbiI6ImEyYzg0ODE1LThjYjgtNGE3Ni1iNmU0LTg4MGM3ZTc2MGNlYiIsImlhdCI6MTQ4NjU4Njc4OCwiYXVkIjoiaHR0cDovL2FwaS1wbGF0Zm9ybS1hcGkvcmVwb3NpdG9yeSIsImlzcyI6Imh0dHA6Ly9hcGktcGxhdGZvcm0tYXBpL3JlcG9zaXRvcnkifQ.YOsto-KJMgjQZxFXe6FFipYd8TIh4P1HIlJ5Tg6a9Ps
				Accept=*/*
				Content-Type=application/json; charset=UTF-8
Cookies:		&lt;none&gt;
Body:			&lt;none&gt;
Request method:	POST
Request path:	https://qax.anypoint.mulesoft.com/apiplatform/repository/v2/organizations/5000db95-c5d4-487f-925e-3f82f15a5499/apis/2053/versions/2161/contracts/30192/revoke
Proxy:			&lt;none&gt;
Request params:	&lt;none&gt;
Query params:	&lt;none&gt;
Form params:	&lt;none&gt;
Path params:	&lt;none&gt;
Multiparts:		&lt;none&gt;
Headers:		Authorization=Bearer eyJ0eXAiOiJKV1QiLCJhbGciOiJIUzI1NiJ9.eyJpZCI6IjUwMDAzN2NkLTJjZmQtNGRhNC1iZWQ3LTU3Mzg0ZGViMDYyYiIsImZpcnN0TmFtZSI6IkZlZGVyYXRlZCIsImxhc3ROYW1lIjoiRXh0ZXJuYWwiLCJlbWFpbCI6ImNocmlzdG9waGVyLm1vcmR1ZUBtdWxlc29mdC5jb20iLCJ1c2VybmFtZSI6ImZlZGVyYXRlZF9leHRlcm5hbCIsIm9yZ2FuaXphdGlvbiI6eyJpZCI6IjUwMDBkYjk1LWM1ZDQtNDg3Zi05MjVlLTNmODJmMTVhNTQ5OSIsIm5hbWUiOiJGZWRlcmF0ZWQgSW5jIEV4dGVybmFsIEF1dGhvcml6YXRpb24iLCJkb21haW4iOiJmZWRlcmF0ZWQtZXh0ZXJuYWwiLCJlbnRpdGxlbWVudHMiOnsiaHlicmlkIjp7ImVuYWJsZWQiOmZhbHNlfSwiY3JlYXRlU3ViT3JncyI6dHJ1ZSwidkNvcmVzUHJvZHVjdGlvbiI6eyJhc3NpZ25lZCI6MSwicmVhc3NpZ25lZCI6MH0sInZDb3Jlc1NhbmRib3giOnsiYXNzaWduZWQiOjEsInJlYXNzaWduZWQiOjB9LCJnbG9iYWxEZXBsb3ltZW50IjpmYWxzZSwid29ya2VyTG9nZ2luZ092ZXJyaWRlIjp7ImVuYWJsZWQiOmZhbHNlfSwiZ2F0ZXdheXMiOnsiYXNzaWduZWQiOjB9LCJjcmVhdGVFbnZpcm9ubWVudHMiOnRydWUsInBhcnRuZXJzUHJvZHVjdGlvbiI6eyJhc3NpZ25lZCI6MH0sInBhcnRuZXJzU2FuZGJveCI6eyJhc3NpZ25lZCI6MH0sImF1dG9zY2FsaW5nIjpmYWxzZSwic3RhdGljSXBzIjp7ImFzc2lnbmVkIjowLCJyZWFzc2lnbmVkIjowfSwiYXJtQWxlcnRzIjpmYWxzZSwiYXBpcyI6eyJlbmFibGVkIjp0cnVlfSwibXFNZXNzYWdlcyI6eyJiYXNlIjowLCJhZGRPbiI6MH0sIm1xUmVxdWVzdHMiOnsiYmFzZSI6MCwiYWRkT24iOjB9LCJleHRlcm5hbElkZW50aXR5Ijp0cnVlLCJtcUFkdmFuY2VkRmVhdHVyZXMiOnsiZW5hYmxlZCI6ZmFsc2V9LCJ2cGNzIjp7ImFzc2lnbmVkIjowLCJyZWFzc2lnbmVkIjowfSwiaHlicmlkSW5zaWdodCI6ZmFsc2UsImRlc2lnbkNlbnRlciI6eyJtb3phcnQiOmZhbHNlLCJhcGkiOmZhbHNlfSwib2JqZWN0U3RvcmVSZXF1ZXN0VW5pdHMiOnsiYmFzZSI6MTUwMDAwMDAsImFkZE9uIjowfSwib2JqZWN0U3RvcmVLZXlzIjp7ImJhc2UiOjEwMDAwMCwiYWRkT24iOjB9LCJjYW0iOnsiZW5hYmxlZCI6ZmFsc2V9LCJsb2FkQmFsYW5jZXIiOnsiYXNzaWduZWQiOjAsInJlYXNzaWduZWQiOjB9LCJtZXNzYWdpbmciOnsiYXNzaWduZWQiOjB9fSwiZXh0ZXJuYWxBdXRob3JpemF0aW9uIjp0cnVlLCJleHRlcm5hbEF1dGhvcml6YXRpb25Qcm92aWRlciI6eyJuYW1lIjoiUG9ydGFsIEFwcGxpY2F0aW9uIE1hbmFnZW1lbnQgU3lzdGVtIChQQU1TKSIsInVybCI6Imh0dHBzOi8vd3NneC10ZXN0LmNpc2NvLmNvbS9wYW1zL2x0L2NlcG1TZXJ2aWNlL3YxLjUvbWdyc3J2cyIsInZlcnNpb24iOiIxLjUifSwiaWRlbnRpdHlNYW5hZ2VtZW50Ijp7InR5cGUiOiJQaW5nRmVkZXJhdGUifSwib2F1dGgyU2V0dGluZ3MiOnsiYXV0aG9yaXphdGlvbkdyYW50cyI6WyJjb2RlIiwidG9rZW4iLCJvd25lciIsImNyZWRlbnRpYWxzIl0sImF1dGhvcml6YXRpb25VcmkiOiJodHRwczovL2Nsb3Vkc3NvLXRlc3QuY2lzY28uY29tL2FzL2F1dGhvcml6YXRpb24ub2F1dGgyIiwiYWNjZXNzVG9rZW5VcmkiOiJodHRwczovL2Nsb3Vkc3NvLXRlc3QuY2lzY28uY29tL2FzL3Rva2VuLm9hdXRoMiIsImdyYW50VHlwZXMiOlt7Im5hbWUiOiJwYXNzd29yZCIsImxhYmVsIjoiUmVzb3VyY2UgT3duZXIgR3JhbnQiLCJyZXF1aXJlZCI6ZmFsc2UsImV4Y2x1ZGUiOltdLCJkZXBlbmRzIjpbXX0seyJuYW1lIjoiaW1wbGljaXQiLCJsYWJlbCI6IkltcGxpY2l0IEdyYW50IiwicmVxdWlyZWQiOmZhbHNlLCJleGNsdWRlIjpbXSwiZGVwZW5kcyI6W119LHsibmFtZSI6ImNsaWVudF9jcmVkZW50aWFscyIsImxhYmVsIjoiQ2xpZW50IENyZWRlbnRpYWxzIEdyYW50IiwicmVxdWlyZWQiOmZhbHNlLCJleGNsdWRlIjpbXSwiZGVwZW5kcyI6W119LHsibmFtZSI6ImF1dGhvcml6YXRpb25fY29kZSIsImxhYmVsIjoiQXV0aG9yaXphdGlvbiBDb2RlIEdyYW50IiwicmVxdWlyZWQiOmZhbHNlLCJleGNsdWRlIjpbXSwiZGVwZW5kcyI6W119LHsibmFtZSI6InJlZnJlc2hfdG9rZW4iLCJsYWJlbCI6IlJlZnJlc2ggVG9rZW4iLCJyZXF1aXJlZCI6ZmFsc2UsImV4Y2x1ZGUiOltdLCJkZXBlbmRzIjpbImF1dGhvcml6YXRpb25fY29kZSIsInBhc3N3b3JkIl19XX19LCJpbnRlcmFjdGl2ZUxvZ2luIjp0cnVlLCJ0b2tlbiI6ImEyYzg0ODE1LThjYjgtNGE3Ni1iNmU0LTg4MGM3ZTc2MGNlYiIsImlhdCI6MTQ4NjU4Njc4OCwiYXVkIjoiaHR0cDovL2FwaS1wbGF0Zm9ybS1hcGkvcmVwb3NpdG9yeSIsImlzcyI6Imh0dHA6Ly9hcGktcGxhdGZvcm0tYXBpL3JlcG9zaXRvcnkifQ.YOsto-KJMgjQZxFXe6FFipYd8TIh4P1HIlJ5Tg6a9Ps
				Accept=*/*
				Content-Type=application/json; charset=UTF-8
Cookies:		&lt;none&gt;
Body:			&lt;none&gt;
Request method:	GET
Request path:	https://qax.anypoint.mulesoft.com/apiplatform/repository/v2/organizations/5000db95-c5d4-487f-925e-3f82f15a5499/apis/2053/versions/2161/contracts
Proxy:			&lt;none&gt;
Request params:	&lt;none&gt;
Query params:	&lt;none&gt;
Form params:	&lt;none&gt;
Path params:	&lt;none&gt;
Multiparts:		&lt;none&gt;
Headers:		Authorization=Bearer eyJ0eXAiOiJKV1QiLCJhbGciOiJIUzI1NiJ9.eyJpZCI6IjUwMDAzN2NkLTJjZmQtNGRhNC1iZWQ3LTU3Mzg0ZGViMDYyYiIsImZpcnN0TmFtZSI6IkZlZGVyYXRlZCIsImxhc3ROYW1lIjoiRXh0ZXJuYWwiLCJlbWFpbCI6ImNocmlzdG9waGVyLm1vcmR1ZUBtdWxlc29mdC5jb20iLCJ1c2VybmFtZSI6ImZlZGVyYXRlZF9leHRlcm5hbCIsIm9yZ2FuaXphdGlvbiI6eyJpZCI6IjUwMDBkYjk1LWM1ZDQtNDg3Zi05MjVlLTNmODJmMTVhNTQ5OSIsIm5hbWUiOiJGZWRlcmF0ZWQgSW5jIEV4dGVybmFsIEF1dGhvcml6YXRpb24iLCJkb21haW4iOiJmZWRlcmF0ZWQtZXh0ZXJuYWwiLCJlbnRpdGxlbWVudHMiOnsiaHlicmlkIjp7ImVuYWJsZWQiOmZhbHNlfSwiY3JlYXRlU3ViT3JncyI6dHJ1ZSwidkNvcmVzUHJvZHVjdGlvbiI6eyJhc3NpZ25lZCI6MSwicmVhc3NpZ25lZCI6MH0sInZDb3Jlc1NhbmRib3giOnsiYXNzaWduZWQiOjEsInJlYXNzaWduZWQiOjB9LCJnbG9iYWxEZXBsb3ltZW50IjpmYWxzZSwid29ya2VyTG9nZ2luZ092ZXJyaWRlIjp7ImVuYWJsZWQiOmZhbHNlfSwiZ2F0ZXdheXMiOnsiYXNzaWduZWQiOjB9LCJjcmVhdGVFbnZpcm9ubWVudHMiOnRydWUsInBhcnRuZXJzUHJvZHVjdGlvbiI6eyJhc3NpZ25lZCI6MH0sInBhcnRuZXJzU2FuZGJveCI6eyJhc3NpZ25lZCI6MH0sImF1dG9zY2FsaW5nIjpmYWxzZSwic3RhdGljSXBzIjp7ImFzc2lnbmVkIjowLCJyZWFzc2lnbmVkIjowfSwiYXJtQWxlcnRzIjpmYWxzZSwiYXBpcyI6eyJlbmFibGVkIjp0cnVlfSwibXFNZXNzYWdlcyI6eyJiYXNlIjowLCJhZGRPbiI6MH0sIm1xUmVxdWVzdHMiOnsiYmFzZSI6MCwiYWRkT24iOjB9LCJleHRlcm5hbElkZW50aXR5Ijp0cnVlLCJtcUFkdmFuY2VkRmVhdHVyZXMiOnsiZW5hYmxlZCI6ZmFsc2V9LCJ2cGNzIjp7ImFzc2lnbmVkIjowLCJyZWFzc2lnbmVkIjowfSwiaHlicmlkSW5zaWdodCI6ZmFsc2UsImRlc2lnbkNlbnRlciI6eyJtb3phcnQiOmZhbHNlLCJhcGkiOmZhbHNlfSwib2JqZWN0U3RvcmVSZXF1ZXN0VW5pdHMiOnsiYmFzZSI6MTUwMDAwMDAsImFkZE9uIjowfSwib2JqZWN0U3RvcmVLZXlzIjp7ImJhc2UiOjEwMDAwMCwiYWRkT24iOjB9LCJjYW0iOnsiZW5hYmxlZCI6ZmFsc2V9LCJsb2FkQmFsYW5jZXIiOnsiYXNzaWduZWQiOjAsInJlYXNzaWduZWQiOjB9LCJtZXNzYWdpbmciOnsiYXNzaWduZWQiOjB9fSwiZXh0ZXJuYWxBdXRob3JpemF0aW9uIjp0cnVlLCJleHRlcm5hbEF1dGhvcml6YXRpb25Qcm92aWRlciI6eyJuYW1lIjoiUG9ydGFsIEFwcGxpY2F0aW9uIE1hbmFnZW1lbnQgU3lzdGVtIChQQU1TKSIsInVybCI6Imh0dHBzOi8vd3NneC10ZXN0LmNpc2NvLmNvbS9wYW1zL2x0L2NlcG1TZXJ2aWNlL3YxLjUvbWdyc3J2cyIsInZlcnNpb24iOiIxLjUifSwiaWRlbnRpdHlNYW5hZ2VtZW50Ijp7InR5cGUiOiJQaW5nRmVkZXJhdGUifSwib2F1dGgyU2V0dGluZ3MiOnsiYXV0aG9yaXphdGlvbkdyYW50cyI6WyJjb2RlIiwidG9rZW4iLCJvd25lciIsImNyZWRlbnRpYWxzIl0sImF1dGhvcml6YXRpb25VcmkiOiJodHRwczovL2Nsb3Vkc3NvLXRlc3QuY2lzY28uY29tL2FzL2F1dGhvcml6YXRpb24ub2F1dGgyIiwiYWNjZXNzVG9rZW5VcmkiOiJodHRwczovL2Nsb3Vkc3NvLXRlc3QuY2lzY28uY29tL2FzL3Rva2VuLm9hdXRoMiIsImdyYW50VHlwZXMiOlt7Im5hbWUiOiJwYXNzd29yZCIsImxhYmVsIjoiUmVzb3VyY2UgT3duZXIgR3JhbnQiLCJyZXF1aXJlZCI6ZmFsc2UsImV4Y2x1ZGUiOltdLCJkZXBlbmRzIjpbXX0seyJuYW1lIjoiaW1wbGljaXQiLCJsYWJlbCI6IkltcGxpY2l0IEdyYW50IiwicmVxdWlyZWQiOmZhbHNlLCJleGNsdWRlIjpbXSwiZGVwZW5kcyI6W119LHsibmFtZSI6ImNsaWVudF9jcmVkZW50aWFscyIsImxhYmVsIjoiQ2xpZW50IENyZWRlbnRpYWxzIEdyYW50IiwicmVxdWlyZWQiOmZhbHNlLCJleGNsdWRlIjpbXSwiZGVwZW5kcyI6W119LHsibmFtZSI6ImF1dGhvcml6YXRpb25fY29kZSIsImxhYmVsIjoiQXV0aG9yaXphdGlvbiBDb2RlIEdyYW50IiwicmVxdWlyZWQiOmZhbHNlLCJleGNsdWRlIjpbXSwiZGVwZW5kcyI6W119LHsibmFtZSI6InJlZnJlc2hfdG9rZW4iLCJsYWJlbCI6IlJlZnJlc2ggVG9rZW4iLCJyZXF1aXJlZCI6ZmFsc2UsImV4Y2x1ZGUiOltdLCJkZXBlbmRzIjpbImF1dGhvcml6YXRpb25fY29kZSIsInBhc3N3b3JkIl19XX19LCJpbnRlcmFjdGl2ZUxvZ2luIjp0cnVlLCJ0b2tlbiI6ImEyYzg0ODE1LThjYjgtNGE3Ni1iNmU0LTg4MGM3ZTc2MGNlYiIsImlhdCI6MTQ4NjU4Njc4OCwiYXVkIjoiaHR0cDovL2FwaS1wbGF0Zm9ybS1hcGkvcmVwb3NpdG9yeSIsImlzcyI6Imh0dHA6Ly9hcGktcGxhdGZvcm0tYXBpL3JlcG9zaXRvcnkifQ.YOsto-KJMgjQZxFXe6FFipYd8TIh4P1HIlJ5Tg6a9Ps
				Accept=*/*
				Content-Type=application/json; charset=UTF-8
Cookies:		&lt;none&gt;
Body:			&lt;none&gt;
2017-02-08 17:48:39,887 INFO   Message - 
HTTP Response: 
Headers: Access-Control-Allow-Origin: *
Content-Type: application/json; charset=utf-8
Date: Wed, 08 Feb 2017 20:48:39 GMT
ETag: W/&quot;13e62-VzOfTe0jzuf/4470jKm/QQ&quot;
Expires: -1
Server: nginx
Content-Length: 81506
Connection: keep-alive
Status code: 200
Payload: {
  &quot;total&quot;: 97,
  &quot;contracts&quot;: [
    {
      &quot;audit&quot;: {
        &quot;created&quot;: {
          &quot;date&quot;: &quot;2017-02-08T20:03:37.827Z&quot;
        },
        &quot;updated&quot;: {
          &quot;date&quot;: &quot;2017-02-08T20:46:39.315Z&quot;
        }
      },
      &quot;masterOrganizationId&quot;: &quot;5000db95-c5d4-487f-925e-3f82f15a5499&quot;,
      &quot;organizationId&quot;: &quot;5000db95-c5d4-487f-925e-3f82f15a5499&quot;,
      &quot;id&quot;: 30279,
      &quot;status&quot;: &quot;REVOKED&quot;,
      &quot;approvedDate&quot;: &quot;2017-02-08T20:03:37.862Z&quot;,
      &quot;revokedDate&quot;: &quot;2017-02-08T20:46:39.315Z&quot;,
      &quot;applicationId&quot;: 43396,
      &quot;application&quot;: {
        &quot;audit&quot;: {
          &quot;created&quot;: {
            &quot;date&quot;: &quot;2017-02-08T20:03:35.649Z&quot;
          },
          &quot;updated&quot;: {}
        },
        &quot;id&quot;: 43396,
        &quot;name&quot;: &quot;pTest ClientID AppPerf yzvllyt&quot;,
        &quot;description&quot;: &quot;Application description&quot;,
        &quot;coreServicesId&quot;: &quot;e3061fd32621428082d56b90f2034610&quot;,
        &quot;url&quot;: &quot;http://localhost:1234&quot;
      },
      &quot;apiVersionId&quot;: 2161,
      &quot;apiVersion&quot;: {
        &quot;audit&quot;: {
          &quot;created&quot;: {},
          &quot;updated&quot;: {}
        },
        &quot;id&quot;: 2161,
        &quot;apiId&quot;: 2053
      },
      &quot;partyId&quot;: &quot;&quot;,
      &quot;partyName&quot;: &quot;&quot;
    },
    {
      &quot;audit&quot;: {
        &quot;created&quot;: {
          &quot;date&quot;: &quot;2017-02-08T20:03:10.406Z&quot;
        },
        &quot;updated&quot;: {
          &quot;date&quot;: &quot;2017-02-08T20:46:40.510Z&quot;
        }
      },
      &quot;masterOrganizationId&quot;: &quot;5000db95-c5d4-487f-925e-3f82f15a5499&quot;,
      &quot;organizationId&quot;: &quot;5000db95-c5d4-487f-925e-3f82f15a5499&quot;,
      &quot;id&quot;: 30273,
      &quot;status&quot;: &quot;REVOKED&quot;,
      &quot;approvedDate&quot;: &quot;2017-02-08T20:03:10.674Z&quot;,
      &quot;revokedDate&quot;: &quot;2017-02-08T20:46:40.510Z&quot;,
      &quot;applicationId&quot;: 43390,
      &quot;application&quot;: {
        &quot;audit&quot;: {
          &quot;created&quot;: {
            &quot;date&quot;: &quot;2017-02-08T20:03:07.571Z&quot;
          },
          &quot;updated&quot;: {}
        },
        &quot;id&quot;: 43390,
        &quot;name&quot;: &quot;pTest ClientID AppPerf ytwywbq&quot;,
        &quot;description&quot;: &quot;Application description&quot;,
        &quot;coreServicesId&quot;: &quot;2141afee433e482580f2e50677273512&quot;,
        &quot;url&quot;: &quot;http://localhost:1234&quot;
      },
      &quot;apiVersionId&quot;: 2161,
      &quot;apiVersion&quot;: {
        &quot;audit&quot;: {
          &quot;created&quot;: {},
          &quot;updated&quot;: {}
        },
        &quot;id&quot;: 2161,
        &quot;apiId&quot;: 2053
      },
      &quot;partyId&quot;: &quot;&quot;,
      &quot;partyName&quot;: &quot;&quot;
    },
    {
      &quot;audit&quot;: {
        &quot;created&quot;: {
          &quot;date&quot;: &quot;2017-02-08T19:59:17.761Z&quot;
        },
        &quot;updated&quot;: {
          &quot;date&quot;: &quot;2017-02-08T20:46:41.699Z&quot;
        }
      },
      &quot;masterOrganizationId&quot;: &quot;5000db95-c5d4-487f-925e-3f82f15a5499&quot;,
      &quot;organizationId&quot;: &quot;5000db95-c5d4-487f-925e-3f82f15a5499&quot;,
      &quot;id&quot;: 30218,
      &quot;status&quot;: &quot;REVOKED&quot;,
      &quot;approvedDate&quot;: &quot;2017-02-08T19:59:17.798Z&quot;,
      &quot;revokedDate&quot;: &quot;2017-02-08T20:46:41.699Z&quot;,
      &quot;applicationId&quot;: 43335,
      &quot;application&quot;: {
        &quot;audit&quot;: {
          &quot;created&quot;: {
            &quot;date&quot;: &quot;2017-02-08T19:59:15.654Z&quot;
          },
          &quot;updated&quot;: {}
        },
        &quot;id&quot;: 43335,
        &quot;name&quot;: &quot;pTest ClientID AppPerf ynbqddv&quot;,
        &quot;description&quot;: &quot;Application description&quot;,
        &quot;coreServicesId&quot;: &quot;5440fa2889724b128783b732f20a6377&quot;,
        &quot;url&quot;: &quot;http://localhost:1234&quot;
      },
      &quot;apiVersionId&quot;: 2161,
      &quot;apiVersion&quot;: {
        &quot;audit&quot;: {
          &quot;created&quot;: {},
          &quot;updated&quot;: {}
        },
        &quot;id&quot;: 2161,
        &quot;apiId&quot;: 2053
      },
      &quot;partyId&quot;: &quot;&quot;,
      &quot;partyName&quot;: &quot;&quot;
    },
    {
      &quot;audit&quot;: {
        &quot;created&quot;: {
          &quot;date&quot;: &quot;2017-02-08T19:58:20.724Z&quot;
        },
        &quot;updated&quot;: {
          &quot;date&quot;: &quot;2017-02-08T20:46:42.824Z&quot;
        }
      },
      &quot;masterOrganizationId&quot;: &quot;5000db95-c5d4-487f-925e-3f82f15a5499&quot;,
      &quot;organizationId&quot;: &quot;5000db95-c5d4-487f-925e-3f82f15a5499&quot;,
      &quot;id&quot;: 30204,
      &quot;status&quot;: &quot;REVOKED&quot;,
      &quot;approvedDate&quot;: &quot;2017-02-08T19:58:20.771Z&quot;,
      &quot;revokedDate&quot;: &quot;2017-02-08T20:46:42.824Z&quot;,
      &quot;applicationId&quot;: 43321,
      &quot;application&quot;: {
        &quot;audit&quot;: {
          &quot;created&quot;: {
            &quot;date&quot;: &quot;2017-02-08T19:58:18.625Z&quot;
          },
          &quot;updated&quot;: {}
        },
        &quot;id&quot;: 43321,
        &quot;name&quot;: &quot;pTest ClientID AppPerf ygysmjv&quot;,
        &quot;description&quot;: &quot;Application description&quot;,
        &quot;coreServicesId&quot;: &quot;7d61c1dc5e1f438bb47a17752c78b680&quot;,
        &quot;url&quot;: &quot;http://localhost:1234&quot;
      },
      &quot;apiVersionId&quot;: 2161,
      &quot;apiVersion&quot;: {
        &quot;audit&quot;: {
          &quot;created&quot;: {},
          &quot;updated&quot;: {}
        },
        &quot;id&quot;: 2161,
        &quot;apiId&quot;: 2053
      },
      &quot;partyId&quot;: &quot;&quot;,
      &quot;partyName&quot;: &quot;&quot;
    },
    {
      &quot;audit&quot;: {
        &quot;created&quot;: {
          &quot;date&quot;: &quot;2017-02-08T19:59:01.772Z&quot;
        },
        &quot;updated&quot;: {
          &quot;date&quot;: &quot;2017-02-08T20:46:43.972Z&quot;
        }
      },
      &quot;masterOrganizationId&quot;: &quot;5000db95-c5d4-487f-925e-3f82f15a5499&quot;,
      &quot;organizationId&quot;: &quot;5000db95-c5d4-487f-925e-3f82f15a5499&quot;,
      &quot;id&quot;: 30214,
      &quot;status&quot;: &quot;REVOKED&quot;,
      &quot;approvedDate&quot;: &quot;2017-02-08T19:59:01.823Z&quot;,
      &quot;revokedDate&quot;: &quot;2017-02-08T20:46:43.972Z&quot;,
      &quot;applicationId&quot;: 43331,
      &quot;application&quot;: {
        &quot;audit&quot;: {
          &quot;created&quot;: {
            &quot;date&quot;: &quot;2017-02-08T19:58:59.520Z&quot;
          },
          &quot;updated&quot;: {}
        },
        &quot;id&quot;: 43331,
        &quot;name&quot;: &quot;pTest ClientID AppPerf yewgsae&quot;,
        &quot;description&quot;: &quot;Application description&quot;,
        &quot;coreServicesId&quot;: &quot;dcf2a69775c3401993b638b33057d93a&quot;,
        &quot;url&quot;: &quot;http://localhost:1234&quot;
      },
      &quot;apiVersionId&quot;: 2161,
      &quot;apiVersion&quot;: {
        &quot;audit&quot;: {
          &quot;created&quot;: {},
          &quot;updated&quot;: {}
        },
        &quot;id&quot;: 2161,
        &quot;apiId&quot;: 2053
      },
      &quot;partyId&quot;: &quot;&quot;,
      &quot;partyName&quot;: &quot;&quot;
    },
    {
      &quot;audit&quot;: {
        &quot;created&quot;: {
          &quot;date&quot;: &quot;2017-02-08T20:01:42.137Z&quot;
        },
        &quot;updated&quot;: {
          &quot;date&quot;: &quot;2017-02-08T20:46:45.550Z&quot;
        }
      },
      &quot;masterOrganizationId&quot;: &quot;5000db95-c5d4-487f-925e-3f82f15a5499&quot;,
      &quot;organizationId&quot;: &quot;5000db95-c5d4-487f-925e-3f82f15a5499&quot;,
      &quot;id&quot;: 30253,
      &quot;status&quot;: &quot;REVOKED&quot;,
      &quot;approvedDate&quot;: &quot;2017-02-08T20:01:42.170Z&quot;,
      &quot;revokedDate&quot;: &quot;2017-02-08T20:46:45.550Z&quot;,
      &quot;applicationId&quot;: 43370,
      &quot;application&quot;: {
        &quot;audit&quot;: {
          &quot;created&quot;: {
            &quot;date&quot;: &quot;2017-02-08T20:01:39.920Z&quot;
          },
          &quot;updated&quot;: {}
        },
        &quot;id&quot;: 43370,
        &quot;name&quot;: &quot;pTest ClientID AppPerf xrrbpgj&quot;,
        &quot;description&quot;: &quot;Application description&quot;,
        &quot;coreServicesId&quot;: &quot;a82e9b424c6141b6a49b66f7d7fde965&quot;,
        &quot;url&quot;: &quot;http://localhost:1234&quot;
      },
      &quot;apiVersionId&quot;: 2161,
      &quot;apiVersion&quot;: {
        &quot;audit&quot;: {
          &quot;created&quot;: {},
          &quot;updated&quot;: {}
        },
        &quot;id&quot;: 2161,
        &quot;apiId&quot;: 2053
      },
      &quot;partyId&quot;: &quot;&quot;,
      &quot;partyName&quot;: &quot;&quot;
    },
    {
      &quot;audit&quot;: {
        &quot;created&quot;: {
          &quot;date&quot;: &quot;2017-02-08T20:03:52.446Z&quot;
        },
        &quot;updated&quot;: {
          &quot;date&quot;: &quot;2017-02-08T20:46:46.773Z&quot;
        }
      },
      &quot;masterOrganizationId&quot;: &quot;5000db95-c5d4-487f-925e-3f82f15a5499&quot;,
      &quot;organizationId&quot;: &quot;5000db95-c5d4-487f-925e-3f82f15a5499&quot;,
      &quot;id&quot;: 30281,
      &quot;status&quot;: &quot;REVOKED&quot;,
      &quot;approvedDate&quot;: &quot;2017-02-08T20:03:52.960Z&quot;,
      &quot;revokedDate&quot;: &quot;2017-02-08T20:46:46.773Z&quot;,
      &quot;applicationId&quot;: 43398,
      &quot;application&quot;: {
        &quot;audit&quot;: {
          &quot;created&quot;: {
            &quot;date&quot;: &quot;2017-02-08T20:03:46.635Z&quot;
          },
          &quot;updated&quot;: {}
        },
        &quot;id&quot;: 43398,
        &quot;name&quot;: &quot;pTest ClientID AppPerf wjzfrev&quot;,
        &quot;description&quot;: &quot;Application description&quot;,
        &quot;coreServicesId&quot;: &quot;2aa5e947cdad460e8a411532138b38fa&quot;,
        &quot;url&quot;: &quot;http://localhost:1234&quot;
      },
      &quot;apiVersionId&quot;: 2161,
      &quot;apiVersion&quot;: {
        &quot;audit&quot;: {
          &quot;created&quot;: {},
          &quot;updated&quot;: {}
        },
        &quot;id&quot;: 2161,
        &quot;apiId&quot;: 2053
      },
      &quot;partyId&quot;: &quot;&quot;,
      &quot;partyName&quot;: &quot;&quot;
    },
    {
      &quot;audit&quot;: {
        &quot;created&quot;: {
          &quot;date&quot;: &quot;2017-02-08T19:59:38.764Z&quot;
        },
        &quot;updated&quot;: {
          &quot;date&quot;: &quot;2017-02-08T20:46:47.959Z&quot;
        }
      },
      &quot;masterOrganizationId&quot;: &quot;5000db95-c5d4-487f-925e-3f82f15a5499&quot;,
      &quot;organizationId&quot;: &quot;5000db95-c5d4-487f-925e-3f82f15a5499&quot;,
      &quot;id&quot;: 30223,
      &quot;status&quot;: &quot;REVOKED&quot;,
      &quot;approvedDate&quot;: &quot;2017-02-08T19:59:38.818Z&quot;,
      &quot;revokedDate&quot;: &quot;2017-02-08T20:46:47.959Z&quot;,
      &quot;applicationId&quot;: 43340,
      &quot;application&quot;: {
        &quot;audit&quot;: {
          &quot;created&quot;: {
            &quot;date&quot;: &quot;2017-02-08T19:59:36.626Z&quot;
          },
          &quot;updated&quot;: {}
        },
        &quot;id&quot;: 43340,
        &quot;name&quot;: &quot;pTest ClientID AppPerf wilrwpc&quot;,
        &quot;description&quot;: &quot;Application description&quot;,
        &quot;coreServicesId&quot;: &quot;b05c640440f0488b879e580bee98abe2&quot;,
        &quot;url&quot;: &quot;http://localhost:1234&quot;
      },
      &quot;apiVersionId&quot;: 2161,
      &quot;apiVersion&quot;: {
        &quot;audit&quot;: {
          &quot;created&quot;: {},
          &quot;updated&quot;: {}
        },
        &quot;id&quot;: 2161,
        &quot;apiId&quot;: 2053
      },
      &quot;partyId&quot;: &quot;&quot;,
      &quot;partyName&quot;: &quot;&quot;
    },
    {
      &quot;audit&quot;: {
        &quot;created&quot;: {
          &quot;date&quot;: &quot;2017-02-08T20:03:21.683Z&quot;
        },
        &quot;updated&quot;: {
          &quot;date&quot;: &quot;2017-02-08T20:46:49.132Z&quot;
        }
      },
      &quot;masterOrganizationId&quot;: &quot;5000db95-c5d4-487f-925e-3f82f15a5499&quot;,
      &quot;organizationId&quot;: &quot;5000db95-c5d4-487f-925e-3f82f15a5499&quot;,
      &quot;id&quot;: 30275,
      &quot;status&quot;: &quot;REVOKED&quot;,
      &quot;approvedDate&quot;: &quot;2017-02-08T20:03:21.729Z&quot;,
      &quot;revokedDate&quot;: &quot;2017-02-08T20:46:49.132Z&quot;,
      &quot;applicationId&quot;: 43392,
      &quot;application&quot;: {
        &quot;audit&quot;: {
          &quot;created&quot;: {
            &quot;date&quot;: &quot;2017-02-08T20:03:19.272Z&quot;
          },
          &quot;updated&quot;: {}
        },
        &quot;id&quot;: 43392,
        &quot;name&quot;: &quot;pTest ClientID AppPerf wdoipcz&quot;,
        &quot;description&quot;: &quot;Application description&quot;,
        &quot;coreServicesId&quot;: &quot;5ee5e4dc4fad4fc39b55010fad72c541&quot;,
        &quot;url&quot;: &quot;http://localhost:1234&quot;
      },
      &quot;apiVersionId&quot;: 2161,
      &quot;apiVersion&quot;: {
        &quot;audit&quot;: {
          &quot;created&quot;: {},
          &quot;updated&quot;: {}
        },
        &quot;id&quot;: 2161,
        &quot;apiId&quot;: 2053
      },
      &quot;partyId&quot;: &quot;&quot;,
      &quot;partyName&quot;: &quot;&quot;
    },
    {
      &quot;audit&quot;: {
        &quot;created&quot;: {
          &quot;date&quot;: &quot;2017-02-08T19:59:51.734Z&quot;
        },
        &quot;updated&quot;: {
          &quot;date&quot;: &quot;2017-02-08T20:46:50.274Z&quot;
        }
      },
      &quot;masterOrganizationId&quot;: &quot;5000db95-c5d4-487f-925e-3f82f15a5499&quot;,
      &quot;organizationId&quot;: &quot;5000db95-c5d4-487f-925e-3f82f15a5499&quot;,
      &quot;id&quot;: 30226,
      &quot;status&quot;: &quot;REVOKED&quot;,
      &quot;approvedDate&quot;: &quot;2017-02-08T19:59:51.781Z&quot;,
      &quot;revokedDate&quot;: &quot;2017-02-08T20:46:50.274Z&quot;,
      &quot;applicationId&quot;: 43343,
      &quot;application&quot;: {
        &quot;audit&quot;: {
          &quot;created&quot;: {
            &quot;date&quot;: &quot;2017-02-08T19:59:49.585Z&quot;
          },
          &quot;updated&quot;: {}
        },
        &quot;id&quot;: 43343,
        &quot;name&quot;: &quot;pTest ClientID AppPerf wcpyipl&quot;,
        &quot;description&quot;: &quot;Application description&quot;,
        &quot;coreServicesId&quot;: &quot;79980d7121d847808d9aaa5c1ce3617a&quot;,
        &quot;url&quot;: &quot;http://localhost:1234&quot;
      },
      &quot;apiVersionId&quot;: 2161,
      &quot;apiVersion&quot;: {
        &quot;audit&quot;: {
          &quot;created&quot;: {},
          &quot;updated&quot;: {}
        },
        &quot;id&quot;: 2161,
        &quot;apiId&quot;: 2053
      },
      &quot;partyId&quot;: &quot;&quot;,
      &quot;partyName&quot;: &quot;&quot;
    },
    {
      &quot;audit&quot;: {
        &quot;created&quot;: {
          &quot;date&quot;: &quot;2017-02-08T20:02:36.441Z&quot;
        },
        &quot;updated&quot;: {
          &quot;date&quot;: &quot;2017-02-08T20:46:51.362Z&quot;
        }
      },
      &quot;masterOrganizationId&quot;: &quot;5000db95-c5d4-487f-925e-3f82f15a5499&quot;,
      &quot;organizationId&quot;: &quot;5000db95-c5d4-487f-925e-3f82f15a5499&quot;,
      &quot;id&quot;: 30266,
      &quot;status&quot;: &quot;REVOKED&quot;,
      &quot;approvedDate&quot;: &quot;2017-02-08T20:02:36.584Z&quot;,
      &quot;revokedDate&quot;: &quot;2017-02-08T20:46:51.362Z&quot;,
      &quot;applicationId&quot;: 43383,
      &quot;application&quot;: {
        &quot;audit&quot;: {
          &quot;created&quot;: {
            &quot;date&quot;: &quot;2017-02-08T20:02:34.270Z&quot;
          },
          &quot;updated&quot;: {}
        },
        &quot;id&quot;: 43383,
        &quot;name&quot;: &quot;pTest ClientID AppPerf vpymvqj&quot;,
        &quot;description&quot;: &quot;Application description&quot;,
        &quot;coreServicesId&quot;: &quot;79c1d91c301a4d0d856a37407029e789&quot;,
        &quot;url&quot;: &quot;http://localhost:1234&quot;
      },
      &quot;apiVersionId&quot;: 2161,
      &quot;apiVersion&quot;: {
        &quot;audit&quot;: {
          &quot;created&quot;: {},
          &quot;updated&quot;: {}
        },
        &quot;id&quot;: 2161,
        &quot;apiId&quot;: 2053
      },
      &quot;partyId&quot;: &quot;&quot;,
      &quot;partyName&quot;: &quot;&quot;
    },
    {
      &quot;audit&quot;: {
        &quot;created&quot;: {
          &quot;date&quot;: &quot;2017-02-08T20:01:26.376Z&quot;
        },
        &quot;updated&quot;: {
          &quot;date&quot;: &quot;2017-02-08T20:46:52.532Z&quot;
        }
      },
      &quot;masterOrganizationId&quot;: &quot;5000db95-c5d4-487f-925e-3f82f15a5499&quot;,
      &quot;organizationId&quot;: &quot;5000db95-c5d4-487f-925e-3f82f15a5499&quot;,
      &quot;id&quot;: 30249,
      &quot;status&quot;: &quot;REVOKED&quot;,
      &quot;approvedDate&quot;: &quot;2017-02-08T20:01:26.426Z&quot;,
      &quot;revokedDate&quot;: &quot;2017-02-08T20:46:52.532Z&quot;,
      &quot;applicationId&quot;: 43366,
      &quot;application&quot;: {
        &quot;audit&quot;: {
          &quot;created&quot;: {
            &quot;date&quot;: &quot;2017-02-08T20:01:24.213Z&quot;
          },
          &quot;updated&quot;: {}
        },
        &quot;id&quot;: 43366,
        &quot;name&quot;: &quot;pTest ClientID AppPerf vprkppj&quot;,
        &quot;description&quot;: &quot;Application description&quot;,
        &quot;coreServicesId&quot;: &quot;c5eabb90a8444d22a360e500377363f2&quot;,
        &quot;url&quot;: &quot;http://localhost:1234&quot;
      },
      &quot;apiVersionId&quot;: 2161,
      &quot;apiVersion&quot;: {
        &quot;audit&quot;: {
          &quot;created&quot;: {},
          &quot;updated&quot;: {}
        },
        &quot;id&quot;: 2161,
        &quot;apiId&quot;: 2053
      },
      &quot;partyId&quot;: &quot;&quot;,
      &quot;partyName&quot;: &quot;&quot;
    },
    {
      &quot;audit&quot;: {
        &quot;created&quot;: {
          &quot;date&quot;: &quot;2017-02-08T19:59:09.868Z&quot;
        },
        &quot;updated&quot;: {
          &quot;date&quot;: &quot;2017-02-08T20:46:53.756Z&quot;
        }
      },
      &quot;masterOrganizationId&quot;: &quot;5000db95-c5d4-487f-925e-3f82f15a5499&quot;,
      &quot;organizationId&quot;: &quot;5000db95-c5d4-487f-925e-3f82f15a5499&quot;,
      &quot;id&quot;: 30216,
      &quot;status&quot;: &quot;REVOKED&quot;,
      &quot;approvedDate&quot;: &quot;2017-02-08T19:59:09.909Z&quot;,
      &quot;revokedDate&quot;: &quot;2017-02-08T20:46:53.756Z&quot;,
      &quot;applicationId&quot;: 43333,
      &quot;application&quot;: {
        &quot;audit&quot;: {
          &quot;created&quot;: {
            &quot;date&quot;: &quot;2017-02-08T19:59:07.683Z&quot;
          },
          &quot;updated&quot;: {}
        },
        &quot;id&quot;: 43333,
        &quot;name&quot;: &quot;pTest ClientID AppPerf vamjwtk&quot;,
        &quot;description&quot;: &quot;Application description&quot;,
        &quot;coreServicesId&quot;: &quot;e7f0832140ae451caa8e7eea84960b02&quot;,
        &quot;url&quot;: &quot;http://localhost:1234&quot;
      },
      &quot;apiVersionId&quot;: 2161,
      &quot;apiVersion&quot;: {
        &quot;audit&quot;: {
          &quot;created&quot;: {},
          &quot;updated&quot;: {}
        },
        &quot;id&quot;: 2161,
        &quot;apiId&quot;: 2053
      },
      &quot;partyId&quot;: &quot;&quot;,
      &quot;partyName&quot;: &quot;&quot;
    },
    {
      &quot;audit&quot;: {
        &quot;created&quot;: {
          &quot;date&quot;: &quot;2017-02-08T19:57:14.703Z&quot;
        },
        &quot;updated&quot;: {
          &quot;date&quot;: &quot;2017-02-08T20:46:54.905Z&quot;
        }
      },
      &quot;masterOrganizationId&quot;: &quot;5000db95-c5d4-487f-925e-3f82f15a5499&quot;,
      &quot;organizationId&quot;: &quot;5000db95-c5d4-487f-925e-3f82f15a5499&quot;,
      &quot;id&quot;: 30188,
      &quot;status&quot;: &quot;REVOKED&quot;,
      &quot;approvedDate&quot;: &quot;2017-02-08T19:57:14.743Z&quot;,
      &quot;revokedDate&quot;: &quot;2017-02-08T20:46:54.905Z&quot;,
      &quot;applicationId&quot;: 43305,
      &quot;application&quot;: {
        &quot;audit&quot;: {
          &quot;created&quot;: {
            &quot;date&quot;: &quot;2017-02-08T19:57:12.519Z&quot;
          },
          &quot;updated&quot;: {}
        },
        &quot;id&quot;: 43305,
        &quot;name&quot;: &quot;pTest ClientID AppPerf uunpmwn&quot;,
        &quot;description&quot;: &quot;Application description&quot;,
        &quot;coreServicesId&quot;: &quot;49c40749479c4632b0bcab69e82157d0&quot;,
        &quot;url&quot;: &quot;http://localhost:1234&quot;
      },
      &quot;apiVersionId&quot;: 2161,
      &quot;apiVersion&quot;: {
        &quot;audit&quot;: {
          &quot;created&quot;: {},
          &quot;updated&quot;: {}
        },
        &quot;id&quot;: 2161,
        &quot;apiId&quot;: 2053
      },
      &quot;partyId&quot;: &quot;&quot;,
      &quot;partyName&quot;: &quot;&quot;
    },
    {
      &quot;audit&quot;: {
        &quot;created&quot;: {
          &quot;date&quot;: &quot;2017-02-08T19:58:37.035Z&quot;
        },
        &quot;updated&quot;: {
          &quot;date&quot;: &quot;2017-02-08T20:46:56.163Z&quot;
        }
      },
      &quot;masterOrganizationId&quot;: &quot;5000db95-c5d4-487f-925e-3f82f15a5499&quot;,
      &quot;organizationId&quot;: &quot;5000db95-c5d4-487f-925e-3f82f15a5499&quot;,
      &quot;id&quot;: 30208,
      &quot;status&quot;: &quot;REVOKED&quot;,
      &quot;approvedDate&quot;: &quot;2017-02-08T19:58:37.065Z&quot;,
      &quot;revokedDate&quot;: &quot;2017-02-08T20:46:56.163Z&quot;,
      &quot;applicationId&quot;: 43325,
      &quot;application&quot;: {
        &quot;audit&quot;: {
          &quot;created&quot;: {
            &quot;date&quot;: &quot;2017-02-08T19:58:34.880Z&quot;
          },
          &quot;updated&quot;: {}
        },
        &quot;id&quot;: 43325,
        &quot;name&quot;: &quot;pTest ClientID AppPerf uslrwen&quot;,
        &quot;description&quot;: &quot;Application description&quot;,
        &quot;coreServicesId&quot;: &quot;cea82ac4436c4deea33cbdfab687f4da&quot;,
        &quot;url&quot;: &quot;http://localhost:1234&quot;
      },
      &quot;apiVersionId&quot;: 2161,
      &quot;apiVersion&quot;: {
        &quot;audit&quot;: {
          &quot;created&quot;: {},
          &quot;updated&quot;: {}
        },
        &quot;id&quot;: 2161,
        &quot;apiId&quot;: 2053
      },
      &quot;partyId&quot;: &quot;&quot;,
      &quot;partyName&quot;: &quot;&quot;
    },
    {
      &quot;audit&quot;: {
        &quot;created&quot;: {
          &quot;date&quot;: &quot;2017-02-08T19:58:49.626Z&quot;
        },
        &quot;updated&quot;: {
          &quot;date&quot;: &quot;2017-02-08T20:46:57.373Z&quot;
        }
      },
      &quot;masterOrganizationId&quot;: &quot;5000db95-c5d4-487f-925e-3f82f15a5499&quot;,
      &quot;organizationId&quot;: &quot;5000db95-c5d4-487f-925e-3f82f15a5499&quot;,
      &quot;id&quot;: 30211,
      &quot;status&quot;: &quot;REVOKED&quot;,
      &quot;approvedDate&quot;: &quot;2017-02-08T19:58:49.657Z&quot;,
      &quot;revokedDate&quot;: &quot;2017-02-08T20:46:57.373Z&quot;,
      &quot;applicationId&quot;: 43328,
      &quot;application&quot;: {
        &quot;audit&quot;: {
          &quot;created&quot;: {
            &quot;date&quot;: &quot;2017-02-08T19:58:47.513Z&quot;
          },
          &quot;updated&quot;: {}
        },
        &quot;id&quot;: 43328,
        &quot;name&quot;: &quot;pTest ClientID AppPerf uscenbw&quot;,
        &quot;description&quot;: &quot;Application description&quot;,
        &quot;coreServicesId&quot;: &quot;91ff03b7b64449f2848d5169aa07aec8&quot;,
        &quot;url&quot;: &quot;http://localhost:1234&quot;
      },
      &quot;apiVersionId&quot;: 2161,
      &quot;apiVersion&quot;: {
        &quot;audit&quot;: {
          &quot;created&quot;: {},
          &quot;updated&quot;: {}
        },
        &quot;id&quot;: 2161,
        &quot;apiId&quot;: 2053
      },
      &quot;partyId&quot;: &quot;&quot;,
      &quot;partyName&quot;: &quot;&quot;
    },
    {
      &quot;audit&quot;: {
        &quot;created&quot;: {
          &quot;date&quot;: &quot;2017-02-08T19:57:18.714Z&quot;
        },
        &quot;updated&quot;: {
          &quot;date&quot;: &quot;2017-02-08T20:46:58.684Z&quot;
        }
      },
      &quot;masterOrganizationId&quot;: &quot;5000db95-c5d4-487f-925e-3f82f15a5499&quot;,
      &quot;organizationId&quot;: &quot;5000db95-c5d4-487f-925e-3f82f15a5499&quot;,
      &quot;id&quot;: 30189,
      &quot;status&quot;: &quot;REVOKED&quot;,
      &quot;approvedDate&quot;: &quot;2017-02-08T19:57:18.772Z&quot;,
      &quot;revokedDate&quot;: &quot;2017-02-08T20:46:58.684Z&quot;,
      &quot;applicationId&quot;: 43306,
      &quot;application&quot;: {
        &quot;audit&quot;: {
          &quot;created&quot;: {
            &quot;date&quot;: &quot;2017-02-08T19:57:16.537Z&quot;
          },
          &quot;updated&quot;: {}
        },
        &quot;id&quot;: 43306,
        &quot;name&quot;: &quot;pTest ClientID AppPerf ujovjeg&quot;,
        &quot;description&quot;: &quot;Application description&quot;,
        &quot;coreServicesId&quot;: &quot;b609397389f848d7bb97461466d6ac5e&quot;,
        &quot;url&quot;: &quot;http://localhost:1234&quot;
      },
      &quot;apiVersionId&quot;: 2161,
      &quot;apiVersion&quot;: {
        &quot;audit&quot;: {
          &quot;created&quot;: {},
          &quot;updated&quot;: {}
        },
        &quot;id&quot;: 2161,
        &quot;apiId&quot;: 2053
      },
      &quot;partyId&quot;: &quot;&quot;,
      &quot;partyName&quot;: &quot;&quot;
    },
    {
      &quot;audit&quot;: {
        &quot;created&quot;: {
          &quot;date&quot;: &quot;2017-02-08T19:58:57.672Z&quot;
        },
        &quot;updated&quot;: {
          &quot;date&quot;: &quot;2017-02-08T20:46:59.808Z&quot;
        }
      },
      &quot;masterOrganizationId&quot;: &quot;5000db95-c5d4-487f-925e-3f82f15a5499&quot;,
      &quot;organizationId&quot;: &quot;5000db95-c5d4-487f-925e-3f82f15a5499&quot;,
      &quot;id&quot;: 30213,
      &quot;status&quot;: &quot;REVOKED&quot;,
      &quot;approvedDate&quot;: &quot;2017-02-08T19:58:57.725Z&quot;,
      &quot;revokedDate&quot;: &quot;2017-02-08T20:46:59.808Z&quot;,
      &quot;applicationId&quot;: 43330,
      &quot;application&quot;: {
        &quot;audit&quot;: {
          &quot;created&quot;: {
            &quot;date&quot;: &quot;2017-02-08T19:58:55.583Z&quot;
          },
          &quot;updated&quot;: {}
        },
        &quot;id&quot;: 43330,
        &quot;name&quot;: &quot;pTest ClientID AppPerf uagqhkt&quot;,
        &quot;description&quot;: &quot;Application description&quot;,
        &quot;coreServicesId&quot;: &quot;1eea60187e82471ca793443c8e77539b&quot;,
        &quot;url&quot;: &quot;http://localhost:1234&quot;
      },
      &quot;apiVersionId&quot;: 2161,
      &quot;apiVersion&quot;: {
        &quot;audit&quot;: {
          &quot;created&quot;: {},
          &quot;updated&quot;: {}
        },
        &quot;id&quot;: 2161,
        &quot;apiId&quot;: 2053
      },
      &quot;partyId&quot;: &quot;&quot;,
      &quot;partyName&quot;: &quot;&quot;
    },
    {
      &quot;audit&quot;: {
        &quot;created&quot;: {
          &quot;date&quot;: &quot;2017-02-08T20:02:28.272Z&quot;
        },
        &quot;updated&quot;: {
          &quot;date&quot;: &quot;2017-02-08T20:47:00.961Z&quot;
        }
      },
      &quot;masterOrganizationId&quot;: &quot;5000db95-c5d4-487f-925e-3f82f15a5499&quot;,
      &quot;organizationId&quot;: &quot;5000db95-c5d4-487f-925e-3f82f15a5499&quot;,
      &quot;id&quot;: 30264,
      &quot;status&quot;: &quot;REVOKED&quot;,
      &quot;approvedDate&quot;: &quot;2017-02-08T20:02:28.320Z&quot;,
      &quot;revokedDate&quot;: &quot;2017-02-08T20:47:00.961Z&quot;,
      &quot;applicationId&quot;: 43381,
      &quot;application&quot;: {
        &quot;audit&quot;: {
          &quot;created&quot;: {
            &quot;date&quot;: &quot;2017-02-08T20:02:26.152Z&quot;
          },
          &quot;updated&quot;: {}
        },
        &quot;id&quot;: 43381,
        &quot;name&quot;: &quot;pTest ClientID AppPerf ttmzkae&quot;,
        &quot;description&quot;: &quot;Application description&quot;,
        &quot;coreServicesId&quot;: &quot;84712fe5e3434cccbaf1f14ca603d126&quot;,
        &quot;url&quot;: &quot;http://localhost:1234&quot;
      },
      &quot;apiVersionId&quot;: 2161,
      &quot;apiVersion&quot;: {
        &quot;audit&quot;: {
          &quot;created&quot;: {},
          &quot;updated&quot;: {}
        },
        &quot;id&quot;: 2161,
        &quot;apiId&quot;: 2053
      },
      &quot;partyId&quot;: &quot;&quot;,
      &quot;partyName&quot;: &quot;&quot;
    },
    {
      &quot;audit&quot;: {
        &quot;created&quot;: {
          &quot;date&quot;: &quot;2017-02-08T19:58:45.625Z&quot;
        },
        &quot;updated&quot;: {
          &quot;date&quot;: &quot;2017-02-08T20:47:02.236Z&quot;
        }
      },
      &quot;masterOrganizationId&quot;: &quot;5000db95-c5d4-487f-925e-3f82f15a5499&quot;,
      &quot;organizationId&quot;: &quot;5000db95-c5d4-487f-925e-3f82f15a5499&quot;,
      &quot;id&quot;: 30210,
      &quot;status&quot;: &quot;REVOKED&quot;,
      &quot;approvedDate&quot;: &quot;2017-02-08T19:58:45.715Z&quot;,
      &quot;revokedDate&quot;: &quot;2017-02-08T20:47:02.236Z&quot;,
      &quot;applicationId&quot;: 43327,
      &quot;application&quot;: {
        &quot;audit&quot;: {
          &quot;created&quot;: {
            &quot;date&quot;: &quot;2017-02-08T19:58:43.257Z&quot;
          },
          &quot;updated&quot;: {}
        },
        &quot;id&quot;: 43327,
        &quot;name&quot;: &quot;pTest ClientID AppPerf tpmrish&quot;,
        &quot;description&quot;: &quot;Application description&quot;,
        &quot;coreServicesId&quot;: &quot;79ffe22029834335ae59cca88684afbb&quot;,
        &quot;url&quot;: &quot;http://localhost:1234&quot;
      },
      &quot;apiVersionId&quot;: 2161,
      &quot;apiVersion&quot;: {
        &quot;audit&quot;: {
          &quot;created&quot;: {},
          &quot;updated&quot;: {}
        },
        &quot;id&quot;: 2161,
        &quot;apiId&quot;: 2053
      },
      &quot;partyId&quot;: &quot;&quot;,
      &quot;partyName&quot;: &quot;&quot;
    },
    {
      &quot;audit&quot;: {
        &quot;created&quot;: {
          &quot;date&quot;: &quot;2017-02-08T20:01:00.753Z&quot;
        },
        &quot;updated&quot;: {
          &quot;date&quot;: &quot;2017-02-08T20:47:03.649Z&quot;
        }
      },
      &quot;masterOrganizationId&quot;: &quot;5000db95-c5d4-487f-925e-3f82f15a5499&quot;,
      &quot;organizationId&quot;: &quot;5000db95-c5d4-487f-925e-3f82f15a5499&quot;,
      &quot;id&quot;: 30243,
      &quot;status&quot;: &quot;REVOKED&quot;,
      &quot;approvedDate&quot;: &quot;2017-02-08T20:01:00.839Z&quot;,
      &quot;revokedDate&quot;: &quot;2017-02-08T20:47:03.649Z&quot;,
      &quot;applicationId&quot;: 43360,
      &quot;application&quot;: {
        &quot;audit&quot;: {
          &quot;created&quot;: {
            &quot;date&quot;: &quot;2017-02-08T20:00:58.307Z&quot;
          },
          &quot;updated&quot;: {}
        },
        &quot;id&quot;: 43360,
        &quot;name&quot;: &quot;pTest ClientID AppPerf tpmacki&quot;,
        &quot;description&quot;: &quot;Application description&quot;,
        &quot;coreServicesId&quot;: &quot;671cc789f573439aa096c1278e6d47b1&quot;,
        &quot;url&quot;: &quot;http://localhost:1234&quot;
      },
      &quot;apiVersionId&quot;: 2161,
      &quot;apiVersion&quot;: {
        &quot;audit&quot;: {
          &quot;created&quot;: {},
          &quot;updated&quot;: {}
        },
        &quot;id&quot;: 2161,
        &quot;apiId&quot;: 2053
      },
      &quot;partyId&quot;: &quot;&quot;,
      &quot;partyName&quot;: &quot;&quot;
    },
    {
      &quot;audit&quot;: {
        &quot;created&quot;: {
          &quot;date&quot;: &quot;2017-02-08T19:59:05.832Z&quot;
        },
        &quot;updated&quot;: {
          &quot;date&quot;: &quot;2017-02-08T20:47:04.879Z&quot;
        }
      },
      &quot;masterOrganizationId&quot;: &quot;5000db95-c5d4-487f-925e-3f82f15a5499&quot;,
      &quot;organizationId&quot;: &quot;5000db95-c5d4-487f-925e-3f82f15a5499&quot;,
      &quot;id&quot;: 30215,
      &quot;status&quot;: &quot;REVOKED&quot;,
      &quot;approvedDate&quot;: &quot;2017-02-08T19:59:05.894Z&quot;,
      &quot;revokedDate&quot;: &quot;2017-02-08T20:47:04.879Z&quot;,
      &quot;applicationId&quot;: 43332,
      &quot;application&quot;: {
        &quot;audit&quot;: {
          &quot;created&quot;: {
            &quot;date&quot;: &quot;2017-02-08T19:59:03.771Z&quot;
          },
          &quot;updated&quot;: {}
        },
        &quot;id&quot;: 43332,
        &quot;name&quot;: &quot;pTest ClientID AppPerf tnxsfhh&quot;,
        &quot;description&quot;: &quot;Application description&quot;,
        &quot;coreServicesId&quot;: &quot;6cc17ed2a1734df787495d063cdbd0de&quot;,
        &quot;url&quot;: &quot;http://localhost:1234&quot;
      },
      &quot;apiVersionId&quot;: 2161,
      &quot;apiVersion&quot;: {
        &quot;audit&quot;: {
          &quot;created&quot;: {},
          &quot;updated&quot;: {}
        },
        &quot;id&quot;: 2161,
        &quot;apiId&quot;: 2053
      },
      &quot;partyId&quot;: &quot;&quot;,
      &quot;partyName&quot;: &quot;&quot;
    },
    {
      &quot;audit&quot;: {
        &quot;created&quot;: {
          &quot;date&quot;: &quot;2017-02-08T19:58:16.767Z&quot;
        },
        &quot;updated&quot;: {
          &quot;date&quot;: &quot;2017-02-08T20:47:06.026Z&quot;
        }
      },
      &quot;masterOrganizationId&quot;: &quot;5000db95-c5d4-487f-925e-3f82f15a5499&quot;,
      &quot;organizationId&quot;: &quot;5000db95-c5d4-487f-925e-3f82f15a5499&quot;,
      &quot;id&quot;: 30203,
      &quot;status&quot;: &quot;REVOKED&quot;,
      &quot;approvedDate&quot;: &quot;2017-02-08T19:58:16.823Z&quot;,
      &quot;revokedDate&quot;: &quot;2017-02-08T20:47:06.026Z&quot;,
      &quot;applicationId&quot;: 43320,
      &quot;application&quot;: {
        &quot;audit&quot;: {
          &quot;created&quot;: {
            &quot;date&quot;: &quot;2017-02-08T19:58:14.530Z&quot;
          },
          &quot;updated&quot;: {}
        },
        &quot;id&quot;: 43320,
        &quot;name&quot;: &quot;pTest ClientID AppPerf tmnfrzm&quot;,
        &quot;description&quot;: &quot;Application description&quot;,
        &quot;coreServicesId&quot;: &quot;3e0dc6ee502d4fc79b8b660130d616bd&quot;,
        &quot;url&quot;: &quot;http://localhost:1234&quot;
      },
      &quot;apiVersionId&quot;: 2161,
      &quot;apiVersion&quot;: {
        &quot;audit&quot;: {
          &quot;created&quot;: {},
          &quot;updated&quot;: {}
        },
        &quot;id&quot;: 2161,
        &quot;apiId&quot;: 2053
      },
      &quot;partyId&quot;: &quot;&quot;,
      &quot;partyName&quot;: &quot;&quot;
    },
    {
      &quot;audit&quot;: {
        &quot;created&quot;: {
          &quot;date&quot;: &quot;2017-02-08T20:02:48.877Z&quot;
        },
        &quot;updated&quot;: {
          &quot;date&quot;: &quot;2017-02-08T20:47:07.853Z&quot;
        }
      },
      &quot;masterOrganizationId&quot;: &quot;5000db95-c5d4-487f-925e-3f82f15a5499&quot;,
      &quot;organizationId&quot;: &quot;5000db95-c5d4-487f-925e-3f82f15a5499&quot;,
      &quot;id&quot;: 30268,
      &quot;status&quot;: &quot;REVOKED&quot;,
      &quot;approvedDate&quot;: &quot;2017-02-08T20:02:48.929Z&quot;,
      &quot;revokedDate&quot;: &quot;2017-02-08T20:47:07.853Z&quot;,
      &quot;applicationId&quot;: 43385,
      &quot;application&quot;: {
        &quot;audit&quot;: {
          &quot;created&quot;: {
            &quot;date&quot;: &quot;2017-02-08T20:02:46.787Z&quot;
          },
          &quot;updated&quot;: {}
        },
        &quot;id&quot;: 43385,
        &quot;name&quot;: &quot;pTest ClientID AppPerf tkjbays&quot;,
        &quot;description&quot;: &quot;Application description&quot;,
        &quot;coreServicesId&quot;: &quot;cccf797e4d9d4f3d891ff3a26287b103&quot;,
        &quot;url&quot;: &quot;http://localhost:1234&quot;
      },
      &quot;apiVersionId&quot;: 2161,
      &quot;apiVersion&quot;: {
        &quot;audit&quot;: {
          &quot;created&quot;: {},
          &quot;updated&quot;: {}
        },
        &quot;id&quot;: 2161,
        &quot;apiId&quot;: 2053
      },
      &quot;partyId&quot;: &quot;&quot;,
      &quot;partyName&quot;: &quot;&quot;
    },
    {
      &quot;audit&quot;: {
        &quot;created&quot;: {
          &quot;date&quot;: &quot;2017-02-08T19:58:29.035Z&quot;
        },
        &quot;updated&quot;: {
          &quot;date&quot;: &quot;2017-02-08T20:47:09.467Z&quot;
        }
      },
      &quot;masterOrganizationId&quot;: &quot;5000db95-c5d4-487f-925e-3f82f15a5499&quot;,
      &quot;organizationId&quot;: &quot;5000db95-c5d4-487f-925e-3f82f15a5499&quot;,
      &quot;id&quot;: 30206,
      &quot;status&quot;: &quot;REVOKED&quot;,
      &quot;approvedDate&quot;: &quot;2017-02-08T19:58:29.088Z&quot;,
      &quot;revokedDate&quot;: &quot;2017-02-08T20:47:09.467Z&quot;,
      &quot;applicationId&quot;: 43323,
      &quot;application&quot;: {
        &quot;audit&quot;: {
          &quot;created&quot;: {
            &quot;date&quot;: &quot;2017-02-08T19:58:26.786Z&quot;
          },
          &quot;updated&quot;: {}
        },
        &quot;id&quot;: 43323,
        &quot;name&quot;: &quot;pTest ClientID AppPerf tjmkxqm&quot;,
        &quot;description&quot;: &quot;Application description&quot;,
        &quot;coreServicesId&quot;: &quot;6e9b2e3a1f224263b7f84c4111618b0c&quot;,
        &quot;url&quot;: &quot;http://localhost:1234&quot;
      },
      &quot;apiVersionId&quot;: 2161,
      &quot;apiVersion&quot;: {
        &quot;audit&quot;: {
          &quot;created&quot;: {},
          &quot;updated&quot;: {}
        },
        &quot;id&quot;: 2161,
        &quot;apiId&quot;: 2053
      },
      &quot;partyId&quot;: &quot;&quot;,
      &quot;partyName&quot;: &quot;&quot;
    },
    {
      &quot;audit&quot;: {
        &quot;created&quot;: {
          &quot;date&quot;: &quot;2017-02-08T20:01:09.685Z&quot;
        },
        &quot;updated&quot;: {
          &quot;date&quot;: &quot;2017-02-08T20:47:10.656Z&quot;
        }
      },
      &quot;masterOrganizationId&quot;: &quot;5000db95-c5d4-487f-925e-3f82f15a5499&quot;,
      &quot;organizationId&quot;: &quot;5000db95-c5d4-487f-925e-3f82f15a5499&quot;,
      &quot;id&quot;: 30245,
      &quot;status&quot;: &quot;REVOKED&quot;,
      &quot;approvedDate&quot;: &quot;2017-02-08T20:01:09.730Z&quot;,
      &quot;revokedDate&quot;: &quot;2017-02-08T20:47:10.656Z&quot;,
      &quot;applicationId&quot;: 43362,
      &quot;application&quot;: {
        &quot;audit&quot;: {
          &quot;created&quot;: {
            &quot;date&quot;: &quot;2017-02-08T20:01:06.577Z&quot;
          },
          &quot;updated&quot;: {}
        },
        &quot;id&quot;: 43362,
        &quot;name&quot;: &quot;pTest ClientID AppPerf tfnirvb&quot;,
        &quot;description&quot;: &quot;Application description&quot;,
        &quot;coreServicesId&quot;: &quot;18458b4cec6b4001846af0f54478bc9b&quot;,
        &quot;url&quot;: &quot;http://localhost:1234&quot;
      },
      &quot;apiVersionId&quot;: 2161,
      &quot;apiVersion&quot;: {
        &quot;audit&quot;: {
          &quot;created&quot;: {},
          &quot;updated&quot;: {}
        },
        &quot;id&quot;: 2161,
        &quot;apiId&quot;: 2053
      },
      &quot;partyId&quot;: &quot;&quot;,
      &quot;partyName&quot;: &quot;&quot;
    },
    {
      &quot;audit&quot;: {
        &quot;created&quot;: {
          &quot;date&quot;: &quot;2017-02-08T20:02:52.745Z&quot;
        },
        &quot;updated&quot;: {
          &quot;date&quot;: &quot;2017-02-08T20:47:11.824Z&quot;
        }
      },
      &quot;masterOrganizationId&quot;: &quot;5000db95-c5d4-487f-925e-3f82f15a5499&quot;,
      &quot;organizationId&quot;: &quot;5000db95-c5d4-487f-925e-3f82f15a5499&quot;,
      &quot;id&quot;: 30269,
      &quot;status&quot;: &quot;REVOKED&quot;,
      &quot;approvedDate&quot;: &quot;2017-02-08T20:02:52.786Z&quot;,
      &quot;revokedDate&quot;: &quot;2017-02-08T20:47:11.824Z&quot;,
      &quot;applicationId&quot;: 43386,
      &quot;application&quot;: {
        &quot;audit&quot;: {
          &quot;created&quot;: {
            &quot;date&quot;: &quot;2017-02-08T20:02:50.679Z&quot;
          },
          &quot;updated&quot;: {}
        },
        &quot;id&quot;: 43386,
        &quot;name&quot;: &quot;pTest ClientID AppPerf snyttso&quot;,
        &quot;description&quot;: &quot;Application description&quot;,
        &quot;coreServicesId&quot;: &quot;71109c62f60b4c38813a625cd16fba7b&quot;,
        &quot;url&quot;: &quot;http://localhost:1234&quot;
      },
      &quot;apiVersionId&quot;: 2161,
      &quot;apiVersion&quot;: {
        &quot;audit&quot;: {
          &quot;created&quot;: {},
          &quot;updated&quot;: {}
        },
        &quot;id&quot;: 2161,
        &quot;apiId&quot;: 2053
      },
      &quot;partyId&quot;: &quot;&quot;,
      &quot;partyName&quot;: &quot;&quot;
    },
    {
      &quot;audit&quot;: {
        &quot;created&quot;: {
          &quot;date&quot;: &quot;2017-02-08T19:55:10.097Z&quot;
        },
        &quot;updated&quot;: {
          &quot;date&quot;: &quot;2017-02-08T19:56:28.431Z&quot;
        }
      },
      &quot;masterOrganizationId&quot;: &quot;5000db95-c5d4-487f-925e-3f82f15a5499&quot;,
      &quot;organizationId&quot;: &quot;5000db95-c5d4-487f-925e-3f82f15a5499&quot;,
      &quot;id&quot;: 30186,
      &quot;status&quot;: &quot;REVOKED&quot;,
      &quot;approvedDate&quot;: &quot;2017-02-08T19:55:10.163Z&quot;,
      &quot;revokedDate&quot;: &quot;2017-02-08T19:56:28.431Z&quot;,
      &quot;applicationId&quot;: 43303,
      &quot;application&quot;: {
        &quot;audit&quot;: {
          &quot;created&quot;: {
            &quot;date&quot;: &quot;2017-02-08T19:55:07.223Z&quot;
          },
          &quot;updated&quot;: {}
        },
        &quot;id&quot;: 43303,
        &quot;name&quot;: &quot;pTest ClientID AppPerf skqkxti&quot;,
        &quot;description&quot;: &quot;Application description&quot;,
        &quot;coreServicesId&quot;: &quot;83902edac14f45d1b15b440ed3c6000d&quot;,
        &quot;url&quot;: &quot;http://localhost:1234&quot;
      },
      &quot;apiVersionId&quot;: 2161,
      &quot;apiVersion&quot;: {
        &quot;audit&quot;: {
          &quot;created&quot;: {},
          &quot;updated&quot;: {}
        },
        &quot;id&quot;: 2161,
        &quot;apiId&quot;: 2053
      },
      &quot;partyId&quot;: &quot;&quot;,
      &quot;partyName&quot;: &quot;&quot;
    },
    {
      &quot;audit&quot;: {
        &quot;created&quot;: {
          &quot;date&quot;: &quot;2017-02-08T20:02:16.221Z&quot;
        },
        &quot;updated&quot;: {
          &quot;date&quot;: &quot;2017-02-08T20:47:12.980Z&quot;
        }
      },
      &quot;masterOrganizationId&quot;: &quot;5000db95-c5d4-487f-925e-3f82f15a5499&quot;,
      &quot;organizationId&quot;: &quot;5000db95-c5d4-487f-925e-3f82f15a5499&quot;,
      &quot;id&quot;: 30261,
      &quot;status&quot;: &quot;REVOKED&quot;,
      &quot;approvedDate&quot;: &quot;2017-02-08T20:02:16.269Z&quot;,
      &quot;revokedDate&quot;: &quot;2017-02-08T20:47:12.980Z&quot;,
      &quot;applicationId&quot;: 43378,
      &quot;application&quot;: {
        &quot;audit&quot;: {
          &quot;created&quot;: {
            &quot;date&quot;: &quot;2017-02-08T20:02:13.993Z&quot;
          },
          &quot;updated&quot;: {}
        },
        &quot;id&quot;: 43378,
        &quot;name&quot;: &quot;pTest ClientID AppPerf rmysphk&quot;,
        &quot;description&quot;: &quot;Application description&quot;,
        &quot;coreServicesId&quot;: &quot;01e8bc69458445d89bdcbe52842169f9&quot;,
        &quot;url&quot;: &quot;http://localhost:1234&quot;
      },
      &quot;apiVersionId&quot;: 2161,
      &quot;apiVersion&quot;: {
        &quot;audit&quot;: {
          &quot;created&quot;: {},
          &quot;updated&quot;: {}
        },
        &quot;id&quot;: 2161,
        &quot;apiId&quot;: 2053
      },
      &quot;partyId&quot;: &quot;&quot;,
      &quot;partyName&quot;: &quot;&quot;
    },
    {
      &quot;audit&quot;: {
        &quot;created&quot;: {
          &quot;date&quot;: &quot;2017-02-08T20:00:36.263Z&quot;
        },
        &quot;updated&quot;: {
          &quot;date&quot;: &quot;2017-02-08T20:47:14.156Z&quot;
        }
      },
      &quot;masterOrganizationId&quot;: &quot;5000db95-c5d4-487f-925e-3f82f15a5499&quot;,
      &quot;organizationId&quot;: &quot;5000db95-c5d4-487f-925e-3f82f15a5499&quot;,
      &quot;id&quot;: 30237,
      &quot;status&quot;: &quot;REVOKED&quot;,
      &quot;approvedDate&quot;: &quot;2017-02-08T20:00:36.310Z&quot;,
      &quot;revokedDate&quot;: &quot;2017-02-08T20:47:14.156Z&quot;,
      &quot;applicationId&quot;: 43354,
      &quot;application&quot;: {
        &quot;audit&quot;: {
          &quot;created&quot;: {
            &quot;date&quot;: &quot;2017-02-08T20:00:34.212Z&quot;
          },
          &quot;updated&quot;: {}
        },
        &quot;id&quot;: 43354,
        &quot;name&quot;: &quot;pTest ClientID AppPerf rhqdvnh&quot;,
        &quot;description&quot;: &quot;Application description&quot;,
        &quot;coreServicesId&quot;: &quot;39e879082ca54971aafab97370168bb2&quot;,
        &quot;url&quot;: &quot;http://localhost:1234&quot;
      },
      &quot;apiVersionId&quot;: 2161,
      &quot;apiVersion&quot;: {
        &quot;audit&quot;: {
          &quot;created&quot;: {},
          &quot;updated&quot;: {}
        },
        &quot;id&quot;: 2161,
        &quot;apiId&quot;: 2053
      },
      &quot;partyId&quot;: &quot;&quot;,
      &quot;partyName&quot;: &quot;&quot;
    },
    {
      &quot;audit&quot;: {
        &quot;created&quot;: {
          &quot;date&quot;: &quot;2017-02-08T19:58:33.106Z&quot;
        },
        &quot;updated&quot;: {
          &quot;date&quot;: &quot;2017-02-08T20:47:15.347Z&quot;
        }
      },
      &quot;masterOrganizationId&quot;: &quot;5000db95-c5d4-487f-925e-3f82f15a5499&quot;,
      &quot;organizationId&quot;: &quot;5000db95-c5d4-487f-925e-3f82f15a5499&quot;,
      &quot;id&quot;: 30207,
      &quot;status&quot;: &quot;REVOKED&quot;,
      &quot;approvedDate&quot;: &quot;2017-02-08T19:58:33.156Z&quot;,
      &quot;revokedDate&quot;: &quot;2017-02-08T20:47:15.347Z&quot;,
      &quot;applicationId&quot;: 43324,
      &quot;application&quot;: {
        &quot;audit&quot;: {
          &quot;created&quot;: {
            &quot;date&quot;: &quot;2017-02-08T19:58:30.803Z&quot;
          },
          &quot;updated&quot;: {}
        },
        &quot;id&quot;: 43324,
        &quot;name&quot;: &quot;pTest ClientID AppPerf qzflnmz&quot;,
        &quot;description&quot;: &quot;Application description&quot;,
        &quot;coreServicesId&quot;: &quot;8601eca6ab9e40af818e60101ecef235&quot;,
        &quot;url&quot;: &quot;http://localhost:1234&quot;
      },
      &quot;apiVersionId&quot;: 2161,
      &quot;apiVersion&quot;: {
        &quot;audit&quot;: {
          &quot;created&quot;: {},
          &quot;updated&quot;: {}
        },
        &quot;id&quot;: 2161,
        &quot;apiId&quot;: 2053
      },
      &quot;partyId&quot;: &quot;&quot;,
      &quot;partyName&quot;: &quot;&quot;
    },
    {
      &quot;audit&quot;: {
        &quot;created&quot;: {
          &quot;date&quot;: &quot;2017-02-08T20:02:42.201Z&quot;
        },
        &quot;updated&quot;: {
          &quot;date&quot;: &quot;2017-02-08T20:47:16.505Z&quot;
        }
      },
      &quot;masterOrganizationId&quot;: &quot;5000db95-c5d4-487f-925e-3f82f15a5499&quot;,
      &quot;organizationId&quot;: &quot;5000db95-c5d4-487f-925e-3f82f15a5499&quot;,
      &quot;id&quot;: 30267,
      &quot;status&quot;: &quot;REVOKED&quot;,
      &quot;approvedDate&quot;: &quot;2017-02-08T20:02:42.662Z&quot;,
      &quot;revokedDate&quot;: &quot;2017-02-08T20:47:16.505Z&quot;,
      &quot;applicationId&quot;: 43384,
      &quot;application&quot;: {
        &quot;audit&quot;: {
          &quot;created&quot;: {
            &quot;date&quot;: &quot;2017-02-08T20:02:38.716Z&quot;
          },
          &quot;updated&quot;: {}
        },
        &quot;id&quot;: 43384,
        &quot;name&quot;: &quot;pTest ClientID AppPerf qywhblu&quot;,
        &quot;description&quot;: &quot;Application description&quot;,
        &quot;coreServicesId&quot;: &quot;cde3f93b95854f4ab4b56cdab9615b25&quot;,
        &quot;url&quot;: &quot;http://localhost:1234&quot;
      },
      &quot;apiVersionId&quot;: 2161,
      &quot;apiVersion&quot;: {
        &quot;audit&quot;: {
          &quot;created&quot;: {},
          &quot;updated&quot;: {}
        },
        &quot;id&quot;: 2161,
        &quot;apiId&quot;: 2053
      },
      &quot;partyId&quot;: &quot;&quot;,
      &quot;partyName&quot;: &quot;&quot;
    },
    {
      &quot;audit&quot;: {
        &quot;created&quot;: {
          &quot;date&quot;: &quot;2017-02-08T20:00:16.524Z&quot;
        },
        &quot;updated&quot;: {
          &quot;date&quot;: &quot;2017-02-08T20:47:17.670Z&quot;
        }
      },
      &quot;masterOrganizationId&quot;: &quot;5000db95-c5d4-487f-925e-3f82f15a5499&quot;,
      &quot;organizationId&quot;: &quot;5000db95-c5d4-487f-925e-3f82f15a5499&quot;,
      &quot;id&quot;: 30232,
      &quot;status&quot;: &quot;REVOKED&quot;,
      &quot;approvedDate&quot;: &quot;2017-02-08T20:00:16.581Z&quot;,
      &quot;revokedDate&quot;: &quot;2017-02-08T20:47:17.670Z&quot;,
      &quot;applicationId&quot;: 43349,
      &quot;application&quot;: {
        &quot;audit&quot;: {
          &quot;created&quot;: {
            &quot;date&quot;: &quot;2017-02-08T20:00:14.157Z&quot;
          },
          &quot;updated&quot;: {}
        },
        &quot;id&quot;: 43349,
        &quot;name&quot;: &quot;pTest ClientID AppPerf qvpipbh&quot;,
        &quot;description&quot;: &quot;Application description&quot;,
        &quot;coreServicesId&quot;: &quot;7fc6a81850c34e6d9b91aafe0233d325&quot;,
        &quot;url&quot;: &quot;http://localhost:1234&quot;
      },
      &quot;apiVersionId&quot;: 2161,
      &quot;apiVersion&quot;: {
        &quot;audit&quot;: {
          &quot;created&quot;: {},
          &quot;updated&quot;: {}
        },
        &quot;id&quot;: 2161,
        &quot;apiId&quot;: 2053
      },
      &quot;partyId&quot;: &quot;&quot;,
      &quot;partyName&quot;: &quot;&quot;
    },
    {
      &quot;audit&quot;: {
        &quot;created&quot;: {
          &quot;date&quot;: &quot;2017-02-08T20:00:20.312Z&quot;
        },
        &quot;updated&quot;: {
          &quot;date&quot;: &quot;2017-02-08T20:47:18.829Z&quot;
        }
      },
      &quot;masterOrganizationId&quot;: &quot;5000db95-c5d4-487f-925e-3f82f15a5499&quot;,
      &quot;organizationId&quot;: &quot;5000db95-c5d4-487f-925e-3f82f15a5499&quot;,
      &quot;id&quot;: 30233,
      &quot;status&quot;: &quot;REVOKED&quot;,
      &quot;approvedDate&quot;: &quot;2017-02-08T20:00:20.362Z&quot;,
      &quot;revokedDate&quot;: &quot;2017-02-08T20:47:18.829Z&quot;,
      &quot;applicationId&quot;: 43350,
      &quot;application&quot;: {
        &quot;audit&quot;: {
          &quot;created&quot;: {
            &quot;date&quot;: &quot;2017-02-08T20:00:18.284Z&quot;
          },
          &quot;updated&quot;: {}
        },
        &quot;id&quot;: 43350,
        &quot;name&quot;: &quot;pTest ClientID AppPerf qjvqmun&quot;,
        &quot;description&quot;: &quot;Application description&quot;,
        &quot;coreServicesId&quot;: &quot;a5afa3d19ccd49e4844e8317ee2b612e&quot;,
        &quot;url&quot;: &quot;http://localhost:1234&quot;
      },
      &quot;apiVersionId&quot;: 2161,
      &quot;apiVersion&quot;: {
        &quot;audit&quot;: {
          &quot;created&quot;: {},
          &quot;updated&quot;: {}
        },
        &quot;id&quot;: 2161,
        &quot;apiId&quot;: 2053
      },
      &quot;partyId&quot;: &quot;&quot;,
      &quot;partyName&quot;: &quot;&quot;
    },
    {
      &quot;audit&quot;: {
        &quot;created&quot;: {
          &quot;date&quot;: &quot;2017-02-08T20:00:40.187Z&quot;
        },
        &quot;updated&quot;: {
          &quot;date&quot;: &quot;2017-02-08T20:47:19.977Z&quot;
        }
      },
      &quot;masterOrganizationId&quot;: &quot;5000db95-c5d4-487f-925e-3f82f15a5499&quot;,
      &quot;organizationId&quot;: &quot;5000db95-c5d4-487f-925e-3f82f15a5499&quot;,
      &quot;id&quot;: 30238,
      &quot;status&quot;: &quot;REVOKED&quot;,
      &quot;approvedDate&quot;: &quot;2017-02-08T20:00:40.252Z&quot;,
      &quot;revokedDate&quot;: &quot;2017-02-08T20:47:19.977Z&quot;,
      &quot;applicationId&quot;: 43355,
      &quot;application&quot;: {
        &quot;audit&quot;: {
          &quot;created&quot;: {
            &quot;date&quot;: &quot;2017-02-08T20:00:38.101Z&quot;
          },
          &quot;updated&quot;: {}
        },
        &quot;id&quot;: 43355,
        &quot;name&quot;: &quot;pTest ClientID AppPerf pyymial&quot;,
        &quot;description&quot;: &quot;Application description&quot;,
        &quot;coreServicesId&quot;: &quot;c8b73bc1101947dba0d6f63bd1d84aa5&quot;,
        &quot;url&quot;: &quot;http://localhost:1234&quot;
      },
      &quot;apiVersionId&quot;: 2161,
      &quot;apiVersion&quot;: {
        &quot;audit&quot;: {
          &quot;created&quot;: {},
          &quot;updated&quot;: {}
        },
        &quot;id&quot;: 2161,
        &quot;apiId&quot;: 2053
      },
      &quot;partyId&quot;: &quot;&quot;,
      &quot;partyName&quot;: &quot;&quot;
    },
    {
      &quot;audit&quot;: {
        &quot;created&quot;: {
          &quot;date&quot;: &quot;2017-02-08T20:00:52.510Z&quot;
        },
        &quot;updated&quot;: {
          &quot;date&quot;: &quot;2017-02-08T20:47:21.203Z&quot;
        }
      },
      &quot;masterOrganizationId&quot;: &quot;5000db95-c5d4-487f-925e-3f82f15a5499&quot;,
      &quot;organizationId&quot;: &quot;5000db95-c5d4-487f-925e-3f82f15a5499&quot;,
      &quot;id&quot;: 30241,
      &quot;status&quot;: &quot;REVOKED&quot;,
      &quot;approvedDate&quot;: &quot;2017-02-08T20:00:52.546Z&quot;,
      &quot;revokedDate&quot;: &quot;2017-02-08T20:47:21.203Z&quot;,
      &quot;applicationId&quot;: 43358,
      &quot;application&quot;: {
        &quot;audit&quot;: {
          &quot;created&quot;: {
            &quot;date&quot;: &quot;2017-02-08T20:00:50.481Z&quot;
          },
          &quot;updated&quot;: {}
        },
        &quot;id&quot;: 43358,
        &quot;name&quot;: &quot;pTest ClientID AppPerf puivbzp&quot;,
        &quot;description&quot;: &quot;Application description&quot;,
        &quot;coreServicesId&quot;: &quot;474cecb596c04756b56272ced814d942&quot;,
        &quot;url&quot;: &quot;http://localhost:1234&quot;
      },
      &quot;apiVersionId&quot;: 2161,
      &quot;apiVersion&quot;: {
        &quot;audit&quot;: {
          &quot;created&quot;: {},
          &quot;updated&quot;: {}
        },
        &quot;id&quot;: 2161,
        &quot;apiId&quot;: 2053
      },
      &quot;partyId&quot;: &quot;&quot;,
      &quot;partyName&quot;: &quot;&quot;
    },
    {
      &quot;audit&quot;: {
        &quot;created&quot;: {
          &quot;date&quot;: &quot;2017-02-08T20:00:44.670Z&quot;
        },
        &quot;updated&quot;: {
          &quot;date&quot;: &quot;2017-02-08T20:47:22.482Z&quot;
        }
      },
      &quot;masterOrganizationId&quot;: &quot;5000db95-c5d4-487f-925e-3f82f15a5499&quot;,
      &quot;organizationId&quot;: &quot;5000db95-c5d4-487f-925e-3f82f15a5499&quot;,
      &quot;id&quot;: 30239,
      &quot;status&quot;: &quot;REVOKED&quot;,
      &quot;approvedDate&quot;: &quot;2017-02-08T20:00:44.720Z&quot;,
      &quot;revokedDate&quot;: &quot;2017-02-08T20:47:22.482Z&quot;,
      &quot;applicationId&quot;: 43356,
      &quot;application&quot;: {
        &quot;audit&quot;: {
          &quot;created&quot;: {
            &quot;date&quot;: &quot;2017-02-08T20:00:42.574Z&quot;
          },
          &quot;updated&quot;: {}
        },
        &quot;id&quot;: 43356,
        &quot;name&quot;: &quot;pTest ClientID AppPerf ppfmwmq&quot;,
        &quot;description&quot;: &quot;Application description&quot;,
        &quot;coreServicesId&quot;: &quot;87ea07f586cd4015b3421653ea642b33&quot;,
        &quot;url&quot;: &quot;http://localhost:1234&quot;
      },
      &quot;apiVersionId&quot;: 2161,
      &quot;apiVersion&quot;: {
        &quot;audit&quot;: {
          &quot;created&quot;: {},
          &quot;updated&quot;: {}
        },
        &quot;id&quot;: 2161,
        &quot;apiId&quot;: 2053
      },
      &quot;partyId&quot;: &quot;&quot;,
      &quot;partyName&quot;: &quot;&quot;
    },
    {
      &quot;audit&quot;: {
        &quot;created&quot;: {
          &quot;date&quot;: &quot;2017-02-08T20:01:14.163Z&quot;
        },
        &quot;updated&quot;: {
          &quot;date&quot;: &quot;2017-02-08T20:47:23.745Z&quot;
        }
      },
      &quot;masterOrganizationId&quot;: &quot;5000db95-c5d4-487f-925e-3f82f15a5499&quot;,
      &quot;organizationId&quot;: &quot;5000db95-c5d4-487f-925e-3f82f15a5499&quot;,
      &quot;id&quot;: 30246,
      &quot;status&quot;: &quot;REVOKED&quot;,
      &quot;approvedDate&quot;: &quot;2017-02-08T20:01:14.218Z&quot;,
      &quot;revokedDate&quot;: &quot;2017-02-08T20:47:23.745Z&quot;,
      &quot;applicationId&quot;: 43363,
      &quot;application&quot;: {
        &quot;audit&quot;: {
          &quot;created&quot;: {
            &quot;date&quot;: &quot;2017-02-08T20:01:12.030Z&quot;
          },
          &quot;updated&quot;: {}
        },
        &quot;id&quot;: 43363,
        &quot;name&quot;: &quot;pTest ClientID AppPerf owylwqh&quot;,
        &quot;description&quot;: &quot;Application description&quot;,
        &quot;coreServicesId&quot;: &quot;88015c4bd8ae4c75ab27cdcbd3b2f016&quot;,
        &quot;url&quot;: &quot;http://localhost:1234&quot;
      },
      &quot;apiVersionId&quot;: 2161,
      &quot;apiVersion&quot;: {
        &quot;audit&quot;: {
          &quot;created&quot;: {},
          &quot;updated&quot;: {}
        },
        &quot;id&quot;: 2161,
        &quot;apiId&quot;: 2053
      },
      &quot;partyId&quot;: &quot;&quot;,
      &quot;partyName&quot;: &quot;&quot;
    },
    {
      &quot;audit&quot;: {
        &quot;created&quot;: {
          &quot;date&quot;: &quot;2017-02-08T19:59:55.660Z&quot;
        },
        &quot;updated&quot;: {
          &quot;date&quot;: &quot;2017-02-08T20:47:28.882Z&quot;
        }
      },
      &quot;masterOrganizationId&quot;: &quot;5000db95-c5d4-487f-925e-3f82f15a5499&quot;,
      &quot;organizationId&quot;: &quot;5000db95-c5d4-487f-925e-3f82f15a5499&quot;,
      &quot;id&quot;: 30227,
      &quot;status&quot;: &quot;REVOKED&quot;,
      &quot;approvedDate&quot;: &quot;2017-02-08T19:59:55.706Z&quot;,
      &quot;revokedDate&quot;: &quot;2017-02-08T20:47:28.882Z&quot;,
      &quot;applicationId&quot;: 43344,
      &quot;application&quot;: {
        &quot;audit&quot;: {
          &quot;created&quot;: {
            &quot;date&quot;: &quot;2017-02-08T19:59:53.582Z&quot;
          },
          &quot;updated&quot;: {}
        },
        &quot;id&quot;: 43344,
        &quot;name&quot;: &quot;pTest ClientID AppPerf otnxoss&quot;,
        &quot;description&quot;: &quot;Application description&quot;,
        &quot;coreServicesId&quot;: &quot;779be19004cd4429a5126d52743d64ef&quot;,
        &quot;url&quot;: &quot;http://localhost:1234&quot;
      },
      &quot;apiVersionId&quot;: 2161,
      &quot;apiVersion&quot;: {
        &quot;audit&quot;: {
          &quot;created&quot;: {},
          &quot;updated&quot;: {}
        },
        &quot;id&quot;: 2161,
        &quot;apiId&quot;: 2053
      },
      &quot;partyId&quot;: &quot;&quot;,
      &quot;partyName&quot;: &quot;&quot;
    },
    {
      &quot;audit&quot;: {
        &quot;created&quot;: {
          &quot;date&quot;: &quot;2017-02-08T19:57:52.377Z&quot;
        },
        &quot;updated&quot;: {
          &quot;date&quot;: &quot;2017-02-08T20:47:30.120Z&quot;
        }
      },
      &quot;masterOrganizationId&quot;: &quot;5000db95-c5d4-487f-925e-3f82f15a5499&quot;,
      &quot;organizationId&quot;: &quot;5000db95-c5d4-487f-925e-3f82f15a5499&quot;,
      &quot;id&quot;: 30197,
      &quot;status&quot;: &quot;REVOKED&quot;,
      &quot;approvedDate&quot;: &quot;2017-02-08T19:57:52.445Z&quot;,
      &quot;revokedDate&quot;: &quot;2017-02-08T20:47:30.120Z&quot;,
      &quot;applicationId&quot;: 43314,
      &quot;application&quot;: {
        &quot;audit&quot;: {
          &quot;created&quot;: {
            &quot;date&quot;: &quot;2017-02-08T19:57:50.297Z&quot;
          },
          &quot;updated&quot;: {}
        },
        &quot;id&quot;: 43314,
        &quot;name&quot;: &quot;pTest ClientID AppPerf okewjzl&quot;,
        &quot;description&quot;: &quot;Application description&quot;,
        &quot;coreServicesId&quot;: &quot;f3e77eb142024b2b9096c4a06abda8f7&quot;,
        &quot;url&quot;: &quot;http://localhost:1234&quot;
      },
      &quot;apiVersionId&quot;: 2161,
      &quot;apiVersion&quot;: {
        &quot;audit&quot;: {
          &quot;created&quot;: {},
          &quot;updated&quot;: {}
        },
        &quot;id&quot;: 2161,
        &quot;apiId&quot;: 2053
      },
      &quot;partyId&quot;: &quot;&quot;,
      &quot;partyName&quot;: &quot;&quot;
    },
    {
      &quot;audit&quot;: {
        &quot;created&quot;: {
          &quot;date&quot;: &quot;2017-02-08T19:58:41.431Z&quot;
        },
        &quot;updated&quot;: {
          &quot;date&quot;: &quot;2017-02-08T20:47:31.257Z&quot;
        }
      },
      &quot;masterOrganizationId&quot;: &quot;5000db95-c5d4-487f-925e-3f82f15a5499&quot;,
      &quot;organizationId&quot;: &quot;5000db95-c5d4-487f-925e-3f82f15a5499&quot;,
      &quot;id&quot;: 30209,
      &quot;status&quot;: &quot;REVOKED&quot;,
      &quot;approvedDate&quot;: &quot;2017-02-08T19:58:41.490Z&quot;,
      &quot;revokedDate&quot;: &quot;2017-02-08T20:47:31.257Z&quot;,
      &quot;applicationId&quot;: 43326,
      &quot;application&quot;: {
        &quot;audit&quot;: {
          &quot;created&quot;: {
            &quot;date&quot;: &quot;2017-02-08T19:58:39.280Z&quot;
          },
          &quot;updated&quot;: {}
        },
        &quot;id&quot;: 43326,
        &quot;name&quot;: &quot;pTest ClientID AppPerf njjyqvs&quot;,
        &quot;description&quot;: &quot;Application description&quot;,
        &quot;coreServicesId&quot;: &quot;26519489ce274818b363c1bc6a0dbaba&quot;,
        &quot;url&quot;: &quot;http://localhost:1234&quot;
      },
      &quot;apiVersionId&quot;: 2161,
      &quot;apiVersion&quot;: {
        &quot;audit&quot;: {
          &quot;created&quot;: {},
          &quot;updated&quot;: {}
        },
        &quot;id&quot;: 2161,
        &quot;apiId&quot;: 2053
      },
      &quot;partyId&quot;: &quot;&quot;,
      &quot;partyName&quot;: &quot;&quot;
    },
    {
      &quot;audit&quot;: {
        &quot;created&quot;: {
          &quot;date&quot;: &quot;2017-02-08T19:58:04.625Z&quot;
        },
        &quot;updated&quot;: {
          &quot;date&quot;: &quot;2017-02-08T20:47:32.474Z&quot;
        }
      },
      &quot;masterOrganizationId&quot;: &quot;5000db95-c5d4-487f-925e-3f82f15a5499&quot;,
      &quot;organizationId&quot;: &quot;5000db95-c5d4-487f-925e-3f82f15a5499&quot;,
      &quot;id&quot;: 30200,
      &quot;status&quot;: &quot;REVOKED&quot;,
      &quot;approvedDate&quot;: &quot;2017-02-08T19:58:04.681Z&quot;,
      &quot;revokedDate&quot;: &quot;2017-02-08T20:47:32.474Z&quot;,
      &quot;applicationId&quot;: 43317,
      &quot;application&quot;: {
        &quot;audit&quot;: {
          &quot;created&quot;: {
            &quot;date&quot;: &quot;2017-02-08T19:58:02.342Z&quot;
          },
          &quot;updated&quot;: {}
        },
        &quot;id&quot;: 43317,
        &quot;name&quot;: &quot;pTest ClientID AppPerf ncctalh&quot;,
        &quot;description&quot;: &quot;Application description&quot;,
        &quot;coreServicesId&quot;: &quot;ef1b48a56b744f3cafc281bbecba32f4&quot;,
        &quot;url&quot;: &quot;http://localhost:1234&quot;
      },
      &quot;apiVersionId&quot;: 2161,
      &quot;apiVersion&quot;: {
        &quot;audit&quot;: {
          &quot;created&quot;: {},
          &quot;updated&quot;: {}
        },
        &quot;id&quot;: 2161,
        &quot;apiId&quot;: 2053
      },
      &quot;partyId&quot;: &quot;&quot;,
      &quot;partyName&quot;: &quot;&quot;
    },
    {
      &quot;audit&quot;: {
        &quot;created&quot;: {
          &quot;date&quot;: &quot;2017-02-08T20:03:16.375Z&quot;
        },
        &quot;updated&quot;: {
          &quot;date&quot;: &quot;2017-02-08T20:47:33.592Z&quot;
        }
      },
      &quot;masterOrganizationId&quot;: &quot;5000db95-c5d4-487f-925e-3f82f15a5499&quot;,
      &quot;organizationId&quot;: &quot;5000db95-c5d4-487f-925e-3f82f15a5499&quot;,
      &quot;id&quot;: 30274,
      &quot;status&quot;: &quot;REVOKED&quot;,
      &quot;approvedDate&quot;: &quot;2017-02-08T20:03:16.687Z&quot;,
      &quot;revokedDate&quot;: &quot;2017-02-08T20:47:33.592Z&quot;,
      &quot;applicationId&quot;: 43391,
      &quot;application&quot;: {
        &quot;audit&quot;: {
          &quot;created&quot;: {
            &quot;date&quot;: &quot;2017-02-08T20:03:13.171Z&quot;
          },
          &quot;updated&quot;: {}
        },
        &quot;id&quot;: 43391,
        &quot;name&quot;: &quot;pTest ClientID AppPerf mycfgdz&quot;,
        &quot;description&quot;: &quot;Application description&quot;,
        &quot;coreServicesId&quot;: &quot;23ec7545bf0d45feb3d3b596d5c0d2d3&quot;,
        &quot;url&quot;: &quot;http://localhost:1234&quot;
      },
      &quot;apiVersionId&quot;: 2161,
      &quot;apiVersion&quot;: {
        &quot;audit&quot;: {
          &quot;created&quot;: {},
          &quot;updated&quot;: {}
        },
        &quot;id&quot;: 2161,
        &quot;apiId&quot;: 2053
      },
      &quot;partyId&quot;: &quot;&quot;,
      &quot;partyName&quot;: &quot;&quot;
    },
    {
      &quot;audit&quot;: {
        &quot;created&quot;: {
          &quot;date&quot;: &quot;2017-02-08T20:03:04.690Z&quot;
        },
        &quot;updated&quot;: {
          &quot;date&quot;: &quot;2017-02-08T20:47:34.804Z&quot;
        }
      },
      &quot;masterOrganizationId&quot;: &quot;5000db95-c5d4-487f-925e-3f82f15a5499&quot;,
      &quot;organizationId&quot;: &quot;5000db95-c5d4-487f-925e-3f82f15a5499&quot;,
      &quot;id&quot;: 30272,
      &quot;status&quot;: &quot;REVOKED&quot;,
      &quot;approvedDate&quot;: &quot;2017-02-08T20:03:04.782Z&quot;,
      &quot;revokedDate&quot;: &quot;2017-02-08T20:47:34.804Z&quot;,
      &quot;applicationId&quot;: 43389,
      &quot;application&quot;: {
        &quot;audit&quot;: {
          &quot;created&quot;: {
            &quot;date&quot;: &quot;2017-02-08T20:03:02.501Z&quot;
          },
          &quot;updated&quot;: {}
        },
        &quot;id&quot;: 43389,
        &quot;name&quot;: &quot;pTest ClientID AppPerf mxcrxhl&quot;,
        &quot;description&quot;: &quot;Application description&quot;,
        &quot;coreServicesId&quot;: &quot;2a176a055eaa4585a97d0c95134f5010&quot;,
        &quot;url&quot;: &quot;http://localhost:1234&quot;
      },
      &quot;apiVersionId&quot;: 2161,
      &quot;apiVersion&quot;: {
        &quot;audit&quot;: {
          &quot;created&quot;: {},
          &quot;updated&quot;: {}
        },
        &quot;id&quot;: 2161,
        &quot;apiId&quot;: 2053
      },
      &quot;partyId&quot;: &quot;&quot;,
      &quot;partyName&quot;: &quot;&quot;
    },
    {
      &quot;audit&quot;: {
        &quot;created&quot;: {
          &quot;date&quot;: &quot;2017-02-08T19:59:34.830Z&quot;
        },
        &quot;updated&quot;: {
          &quot;date&quot;: &quot;2017-02-08T20:47:36.037Z&quot;
        }
      },
      &quot;masterOrganizationId&quot;: &quot;5000db95-c5d4-487f-925e-3f82f15a5499&quot;,
      &quot;organizationId&quot;: &quot;5000db95-c5d4-487f-925e-3f82f15a5499&quot;,
      &quot;id&quot;: 30222,
      &quot;status&quot;: &quot;REVOKED&quot;,
      &quot;approvedDate&quot;: &quot;2017-02-08T19:59:34.867Z&quot;,
      &quot;revokedDate&quot;: &quot;2017-02-08T20:47:36.037Z&quot;,
      &quot;applicationId&quot;: 43339,
      &quot;application&quot;: {
        &quot;audit&quot;: {
          &quot;created&quot;: {
            &quot;date&quot;: &quot;2017-02-08T19:59:32.703Z&quot;
          },
          &quot;updated&quot;: {}
        },
        &quot;id&quot;: 43339,
        &quot;name&quot;: &quot;pTest ClientID AppPerf mnpyldk&quot;,
        &quot;description&quot;: &quot;Application description&quot;,
        &quot;coreServicesId&quot;: &quot;e8fdd7e78c3d422097f18ac7bd10ab53&quot;,
        &quot;url&quot;: &quot;http://localhost:1234&quot;
      },
      &quot;apiVersionId&quot;: 2161,
      &quot;apiVersion&quot;: {
        &quot;audit&quot;: {
          &quot;created&quot;: {},
          &quot;updated&quot;: {}
        },
        &quot;id&quot;: 2161,
        &quot;apiId&quot;: 2053
      },
      &quot;partyId&quot;: &quot;&quot;,
      &quot;partyName&quot;: &quot;&quot;
    },
    {
      &quot;audit&quot;: {
        &quot;created&quot;: {
          &quot;date&quot;: &quot;2017-02-08T20:02:04.352Z&quot;
        },
        &quot;updated&quot;: {
          &quot;date&quot;: &quot;2017-02-08T20:47:37.206Z&quot;
        }
      },
      &quot;masterOrganizationId&quot;: &quot;5000db95-c5d4-487f-925e-3f82f15a5499&quot;,
      &quot;organizationId&quot;: &quot;5000db95-c5d4-487f-925e-3f82f15a5499&quot;,
      &quot;id&quot;: 30258,
      &quot;status&quot;: &quot;REVOKED&quot;,
      &quot;approvedDate&quot;: &quot;2017-02-08T20:02:04.404Z&quot;,
      &quot;revokedDate&quot;: &quot;2017-02-08T20:47:37.206Z&quot;,
      &quot;applicationId&quot;: 43375,
      &quot;application&quot;: {
        &quot;audit&quot;: {
          &quot;created&quot;: {
            &quot;date&quot;: &quot;2017-02-08T20:02:02.242Z&quot;
          },
          &quot;updated&quot;: {}
        },
        &quot;id&quot;: 43375,
        &quot;name&quot;: &quot;pTest ClientID AppPerf mjewtud&quot;,
        &quot;description&quot;: &quot;Application description&quot;,
        &quot;coreServicesId&quot;: &quot;33bfea0d56f24177acec8515db7a581f&quot;,
        &quot;url&quot;: &quot;http://localhost:1234&quot;
      },
      &quot;apiVersionId&quot;: 2161,
      &quot;apiVersion&quot;: {
        &quot;audit&quot;: {
          &quot;created&quot;: {},
          &quot;updated&quot;: {}
        },
        &quot;id&quot;: 2161,
        &quot;apiId&quot;: 2053
      },
      &quot;partyId&quot;: &quot;&quot;,
      &quot;partyName&quot;: &quot;&quot;
    },
    {
      &quot;audit&quot;: {
        &quot;created&quot;: {
          &quot;date&quot;: &quot;2017-02-08T20:00:28.489Z&quot;
        },
        &quot;updated&quot;: {
          &quot;date&quot;: &quot;2017-02-08T20:47:38.340Z&quot;
        }
      },
      &quot;masterOrganizationId&quot;: &quot;5000db95-c5d4-487f-925e-3f82f15a5499&quot;,
      &quot;organizationId&quot;: &quot;5000db95-c5d4-487f-925e-3f82f15a5499&quot;,
      &quot;id&quot;: 30235,
      &quot;status&quot;: &quot;REVOKED&quot;,
      &quot;approvedDate&quot;: &quot;2017-02-08T20:00:28.526Z&quot;,
      &quot;revokedDate&quot;: &quot;2017-02-08T20:47:38.340Z&quot;,
      &quot;applicationId&quot;: 43352,
      &quot;application&quot;: {
        &quot;audit&quot;: {
          &quot;created&quot;: {
            &quot;date&quot;: &quot;2017-02-08T20:00:26.387Z&quot;
          },
          &quot;updated&quot;: {}
        },
        &quot;id&quot;: 43352,
        &quot;name&quot;: &quot;pTest ClientID AppPerf mghxduu&quot;,
        &quot;description&quot;: &quot;Application description&quot;,
        &quot;coreServicesId&quot;: &quot;e18d63d677884d338f4bbba943545a89&quot;,
        &quot;url&quot;: &quot;http://localhost:1234&quot;
      },
      &quot;apiVersionId&quot;: 2161,
      &quot;apiVersion&quot;: {
        &quot;audit&quot;: {
          &quot;created&quot;: {},
          &quot;updated&quot;: {}
        },
        &quot;id&quot;: 2161,
        &quot;apiId&quot;: 2053
      },
      &quot;partyId&quot;: &quot;&quot;,
      &quot;partyName&quot;: &quot;&quot;
    },
    {
      &quot;audit&quot;: {
        &quot;created&quot;: {
          &quot;date&quot;: &quot;2017-02-08T19:58:12.711Z&quot;
        },
        &quot;updated&quot;: {
          &quot;date&quot;: &quot;2017-02-08T20:47:39.494Z&quot;
        }
      },
      &quot;masterOrganizationId&quot;: &quot;5000db95-c5d4-487f-925e-3f82f15a5499&quot;,
      &quot;organizationId&quot;: &quot;5000db95-c5d4-487f-925e-3f82f15a5499&quot;,
      &quot;id&quot;: 30202,
      &quot;status&quot;: &quot;REVOKED&quot;,
      &quot;approvedDate&quot;: &quot;2017-02-08T19:58:12.753Z&quot;,
      &quot;revokedDate&quot;: &quot;2017-02-08T20:47:39.494Z&quot;,
      &quot;applicationId&quot;: 43319,
      &quot;application&quot;: {
        &quot;audit&quot;: {
          &quot;created&quot;: {
            &quot;date&quot;: &quot;2017-02-08T19:58:10.468Z&quot;
          },
          &quot;updated&quot;: {}
        },
        &quot;id&quot;: 43319,
        &quot;name&quot;: &quot;pTest ClientID AppPerf mbzshvb&quot;,
        &quot;description&quot;: &quot;Application description&quot;,
        &quot;coreServicesId&quot;: &quot;77c41dfa160b4063a14ef85434edc909&quot;,
        &quot;url&quot;: &quot;http://localhost:1234&quot;
      },
      &quot;apiVersionId&quot;: 2161,
      &quot;apiVersion&quot;: {
        &quot;audit&quot;: {
          &quot;created&quot;: {},
          &quot;updated&quot;: {}
        },
        &quot;id&quot;: 2161,
        &quot;apiId&quot;: 2053
      },
      &quot;partyId&quot;: &quot;&quot;,
      &quot;partyName&quot;: &quot;&quot;
    },
    {
      &quot;audit&quot;: {
        &quot;created&quot;: {
          &quot;date&quot;: &quot;2017-02-08T19:59:43.252Z&quot;
        },
        &quot;updated&quot;: {
          &quot;date&quot;: &quot;2017-02-08T20:47:40.737Z&quot;
        }
      },
      &quot;masterOrganizationId&quot;: &quot;5000db95-c5d4-487f-925e-3f82f15a5499&quot;,
      &quot;organizationId&quot;: &quot;5000db95-c5d4-487f-925e-3f82f15a5499&quot;,
      &quot;id&quot;: 30224,
      &quot;status&quot;: &quot;REVOKED&quot;,
      &quot;approvedDate&quot;: &quot;2017-02-08T19:59:43.293Z&quot;,
      &quot;revokedDate&quot;: &quot;2017-02-08T20:47:40.737Z&quot;,
      &quot;applicationId&quot;: 43341,
      &quot;application&quot;: {
        &quot;audit&quot;: {
          &quot;created&quot;: {
            &quot;date&quot;: &quot;2017-02-08T19:59:41.113Z&quot;
          },
          &quot;updated&quot;: {}
        },
        &quot;id&quot;: 43341,
        &quot;name&quot;: &quot;pTest ClientID AppPerf lznjgob&quot;,
        &quot;description&quot;: &quot;Application description&quot;,
        &quot;coreServicesId&quot;: &quot;b81c96f055d3479784b5017a2df0c9da&quot;,
        &quot;url&quot;: &quot;http://localhost:1234&quot;
      },
      &quot;apiVersionId&quot;: 2161,
      &quot;apiVersion&quot;: {
        &quot;audit&quot;: {
          &quot;created&quot;: {},
          &quot;updated&quot;: {}
        },
        &quot;id&quot;: 2161,
        &quot;apiId&quot;: 2053
      },
      &quot;partyId&quot;: &quot;&quot;,
      &quot;partyName&quot;: &quot;&quot;
    },
    {
      &quot;audit&quot;: {
        &quot;created&quot;: {
          &quot;date&quot;: &quot;2017-02-08T20:01:18.325Z&quot;
        },
        &quot;updated&quot;: {
          &quot;date&quot;: &quot;2017-02-08T20:47:41.923Z&quot;
        }
      },
      &quot;masterOrganizationId&quot;: &quot;5000db95-c5d4-487f-925e-3f82f15a5499&quot;,
      &quot;organizationId&quot;: &quot;5000db95-c5d4-487f-925e-3f82f15a5499&quot;,
      &quot;id&quot;: 30247,
      &quot;status&quot;: &quot;REVOKED&quot;,
      &quot;approvedDate&quot;: &quot;2017-02-08T20:01:18.363Z&quot;,
      &quot;revokedDate&quot;: &quot;2017-02-08T20:47:41.923Z&quot;,
      &quot;applicationId&quot;: 43364,
      &quot;application&quot;: {
        &quot;audit&quot;: {
          &quot;created&quot;: {
            &quot;date&quot;: &quot;2017-02-08T20:01:16.001Z&quot;
          },
          &quot;updated&quot;: {}
        },
        &quot;id&quot;: 43364,
        &quot;name&quot;: &quot;pTest ClientID AppPerf lttokum&quot;,
        &quot;description&quot;: &quot;Application description&quot;,
        &quot;coreServicesId&quot;: &quot;96eaa77d08474b01b7185879a7e5d39d&quot;,
        &quot;url&quot;: &quot;http://localhost:1234&quot;
      },
      &quot;apiVersionId&quot;: 2161,
      &quot;apiVersion&quot;: {
        &quot;audit&quot;: {
          &quot;created&quot;: {},
          &quot;updated&quot;: {}
        },
        &quot;id&quot;: 2161,
        &quot;apiId&quot;: 2053
      },
      &quot;partyId&quot;: &quot;&quot;,
      &quot;partyName&quot;: &quot;&quot;
    },
    {
      &quot;audit&quot;: {
        &quot;created&quot;: {
          &quot;date&quot;: &quot;2017-02-08T20:00:48.666Z&quot;
        },
        &quot;updated&quot;: {
          &quot;date&quot;: &quot;2017-02-08T20:47:43.136Z&quot;
        }
      },
      &quot;masterOrganizationId&quot;: &quot;5000db95-c5d4-487f-925e-3f82f15a5499&quot;,
      &quot;organizationId&quot;: &quot;5000db95-c5d4-487f-925e-3f82f15a5499&quot;,
      &quot;id&quot;: 30240,
      &quot;status&quot;: &quot;REVOKED&quot;,
      &quot;approvedDate&quot;: &quot;2017-02-08T20:00:48.719Z&quot;,
      &quot;revokedDate&quot;: &quot;2017-02-08T20:47:43.136Z&quot;,
      &quot;applicationId&quot;: 43357,
      &quot;application&quot;: {
        &quot;audit&quot;: {
          &quot;created&quot;: {
            &quot;date&quot;: &quot;2017-02-08T20:00:46.515Z&quot;
          },
          &quot;updated&quot;: {}
        },
        &quot;id&quot;: 43357,
        &quot;name&quot;: &quot;pTest ClientID AppPerf lrpcrzh&quot;,
        &quot;description&quot;: &quot;Application description&quot;,
        &quot;coreServicesId&quot;: &quot;3e8dcf49b7dc42e5abe481a3e78519fa&quot;,
        &quot;url&quot;: &quot;http://localhost:1234&quot;
      },
      &quot;apiVersionId&quot;: 2161,
      &quot;apiVersion&quot;: {
        &quot;audit&quot;: {
          &quot;created&quot;: {},
          &quot;updated&quot;: {}
        },
        &quot;id&quot;: 2161,
        &quot;apiId&quot;: 2053
      },
      &quot;partyId&quot;: &quot;&quot;,
      &quot;partyName&quot;: &quot;&quot;
    },
    {
      &quot;audit&quot;: {
        &quot;created&quot;: {
          &quot;date&quot;: &quot;2017-02-08T19:59:13.800Z&quot;
        },
        &quot;updated&quot;: {
          &quot;date&quot;: &quot;2017-02-08T20:47:44.284Z&quot;
        }
      },
      &quot;masterOrganizationId&quot;: &quot;5000db95-c5d4-487f-925e-3f82f15a5499&quot;,
      &quot;organizationId&quot;: &quot;5000db95-c5d4-487f-925e-3f82f15a5499&quot;,
      &quot;id&quot;: 30217,
      &quot;status&quot;: &quot;REVOKED&quot;,
      &quot;approvedDate&quot;: &quot;2017-02-08T19:59:13.866Z&quot;,
      &quot;revokedDate&quot;: &quot;2017-02-08T20:47:44.284Z&quot;,
      &quot;applicationId&quot;: 43334,
      &quot;application&quot;: {
        &quot;audit&quot;: {
          &quot;created&quot;: {
            &quot;date&quot;: &quot;2017-02-08T19:59:11.656Z&quot;
          },
          &quot;updated&quot;: {}
        },
        &quot;id&quot;: 43334,
        &quot;name&quot;: &quot;pTest ClientID AppPerf lgshble&quot;,
        &quot;description&quot;: &quot;Application description&quot;,
        &quot;coreServicesId&quot;: &quot;dbe4bbcaae4d4904bf85bdad05cd20d3&quot;,
        &quot;url&quot;: &quot;http://localhost:1234&quot;
      },
      &quot;apiVersionId&quot;: 2161,
      &quot;apiVersion&quot;: {
        &quot;audit&quot;: {
          &quot;created&quot;: {},
          &quot;updated&quot;: {}
        },
        &quot;id&quot;: 2161,
        &quot;apiId&quot;: 2053
      },
      &quot;partyId&quot;: &quot;&quot;,
      &quot;partyName&quot;: &quot;&quot;
    },
    {
      &quot;audit&quot;: {
        &quot;created&quot;: {
          &quot;date&quot;: &quot;2017-02-08T20:02:12.179Z&quot;
        },
        &quot;updated&quot;: {
          &quot;date&quot;: &quot;2017-02-08T20:47:45.558Z&quot;
        }
      },
      &quot;masterOrganizationId&quot;: &quot;5000db95-c5d4-487f-925e-3f82f15a5499&quot;,
      &quot;organizationId&quot;: &quot;5000db95-c5d4-487f-925e-3f82f15a5499&quot;,
      &quot;id&quot;: 30260,
      &quot;status&quot;: &quot;REVOKED&quot;,
      &quot;approvedDate&quot;: &quot;2017-02-08T20:02:12.234Z&quot;,
      &quot;revokedDate&quot;: &quot;2017-02-08T20:47:45.558Z&quot;,
      &quot;applicationId&quot;: 43377,
      &quot;application&quot;: {
        &quot;audit&quot;: {
          &quot;created&quot;: {
            &quot;date&quot;: &quot;2017-02-08T20:02:10.050Z&quot;
          },
          &quot;updated&quot;: {}
        },
        &quot;id&quot;: 43377,
        &quot;name&quot;: &quot;pTest ClientID AppPerf lbzvddl&quot;,
        &quot;description&quot;: &quot;Application description&quot;,
        &quot;coreServicesId&quot;: &quot;83b986ff9f1f44e0a4edb055777bb85c&quot;,
        &quot;url&quot;: &quot;http://localhost:1234&quot;
      },
      &quot;apiVersionId&quot;: 2161,
      &quot;apiVersion&quot;: {
        &quot;audit&quot;: {
          &quot;created&quot;: {},
          &quot;updated&quot;: {}
        },
        &quot;id&quot;: 2161,
        &quot;apiId&quot;: 2053
      },
      &quot;partyId&quot;: &quot;&quot;,
      &quot;partyName&quot;: &quot;&quot;
    },
    {
      &quot;audit&quot;: {
        &quot;created&quot;: {
          &quot;date&quot;: &quot;2017-02-08T20:02:32.417Z&quot;
        },
        &quot;updated&quot;: {
          &quot;date&quot;: &quot;2017-02-08T20:47:46.743Z&quot;
        }
      },
      &quot;masterOrganizationId&quot;: &quot;5000db95-c5d4-487f-925e-3f82f15a5499&quot;,
      &quot;organizationId&quot;: &quot;5000db95-c5d4-487f-925e-3f82f15a5499&quot;,
      &quot;id&quot;: 30265,
      &quot;status&quot;: &quot;REVOKED&quot;,
      &quot;approvedDate&quot;: &quot;2017-02-08T20:02:32.474Z&quot;,
      &quot;revokedDate&quot;: &quot;2017-02-08T20:47:46.743Z&quot;,
      &quot;applicationId&quot;: 43382,
      &quot;application&quot;: {
        &quot;audit&quot;: {
          &quot;created&quot;: {
            &quot;date&quot;: &quot;2017-02-08T20:02:30.137Z&quot;
          },
          &quot;updated&quot;: {}
        },
        &quot;id&quot;: 43382,
        &quot;name&quot;: &quot;pTest ClientID AppPerf kvfwuxb&quot;,
        &quot;description&quot;: &quot;Application description&quot;,
        &quot;coreServicesId&quot;: &quot;8efb45acb6db411884a423ef2ec14290&quot;,
        &quot;url&quot;: &quot;http://localhost:1234&quot;
      },
      &quot;apiVersionId&quot;: 2161,
      &quot;apiVersion&quot;: {
        &quot;audit&quot;: {
          &quot;created&quot;: {},
          &quot;updated&quot;: {}
        },
        &quot;id&quot;: 2161,
        &quot;apiId&quot;: 2053
      },
      &quot;partyId&quot;: &quot;&quot;,
      &quot;partyName&quot;: &quot;&quot;
    },
    {
      &quot;audit&quot;: {
        &quot;created&quot;: {
          &quot;date&quot;: &quot;2017-02-08T20:00:12.245Z&quot;
        },
        &quot;updated&quot;: {
          &quot;date&quot;: &quot;2017-02-08T20:47:47.895Z&quot;
        }
      },
      &quot;masterOrganizationId&quot;: &quot;5000db95-c5d4-487f-925e-3f82f15a5499&quot;,
      &quot;organizationId&quot;: &quot;5000db95-c5d4-487f-925e-3f82f15a5499&quot;,
      &quot;id&quot;: 30231,
      &quot;status&quot;: &quot;REVOKED&quot;,
      &quot;approvedDate&quot;: &quot;2017-02-08T20:00:12.295Z&quot;,
      &quot;revokedDate&quot;: &quot;2017-02-08T20:47:47.895Z&quot;,
      &quot;applicationId&quot;: 43348,
      &quot;application&quot;: {
        &quot;audit&quot;: {
          &quot;created&quot;: {
            &quot;date&quot;: &quot;2017-02-08T20:00:10.103Z&quot;
          },
          &quot;updated&quot;: {}
        },
        &quot;id&quot;: 43348,
        &quot;name&quot;: &quot;pTest ClientID AppPerf kimtjfa&quot;,
        &quot;description&quot;: &quot;Application description&quot;,
        &quot;coreServicesId&quot;: &quot;d90333c8fa8b4319aea7c45ac4577918&quot;,
        &quot;url&quot;: &quot;http://localhost:1234&quot;
      },
      &quot;apiVersionId&quot;: 2161,
      &quot;apiVersion&quot;: {
        &quot;audit&quot;: {
          &quot;created&quot;: {},
          &quot;updated&quot;: {}
        },
        &quot;id&quot;: 2161,
        &quot;apiId&quot;: 2053
      },
      &quot;partyId&quot;: &quot;&quot;,
      &quot;partyName&quot;: &quot;&quot;
    },
    {
      &quot;audit&quot;: {
        &quot;created&quot;: {
          &quot;date&quot;: &quot;2017-02-08T19:57:35.556Z&quot;
        },
        &quot;updated&quot;: {
          &quot;date&quot;: &quot;2017-02-08T20:47:49.064Z&quot;
        }
      },
      &quot;masterOrganizationId&quot;: &quot;5000db95-c5d4-487f-925e-3f82f15a5499&quot;,
      &quot;organizationId&quot;: &quot;5000db95-c5d4-487f-925e-3f82f15a5499&quot;,
      &quot;id&quot;: 30193,
      &quot;status&quot;: &quot;REVOKED&quot;,
      &quot;approvedDate&quot;: &quot;2017-02-08T19:57:35.594Z&quot;,
      &quot;revokedDate&quot;: &quot;2017-02-08T20:47:49.064Z&quot;,
      &quot;applicationId&quot;: 43310,
      &quot;application&quot;: {
        &quot;audit&quot;: {
          &quot;created&quot;: {
            &quot;date&quot;: &quot;2017-02-08T19:57:33.350Z&quot;
          },
          &quot;updated&quot;: {}
        },
        &quot;id&quot;: 43310,
        &quot;name&quot;: &quot;pTest ClientID AppPerf kgaobdf&quot;,
        &quot;description&quot;: &quot;Application description&quot;,
        &quot;coreServicesId&quot;: &quot;ec731f21f15c49f599f5961e6cc1bf92&quot;,
        &quot;url&quot;: &quot;http://localhost:1234&quot;
      },
      &quot;apiVersionId&quot;: 2161,
      &quot;apiVersion&quot;: {
        &quot;audit&quot;: {
          &quot;created&quot;: {},
          &quot;updated&quot;: {}
        },
        &quot;id&quot;: 2161,
        &quot;apiId&quot;: 2053
      },
      &quot;partyId&quot;: &quot;&quot;,
      &quot;partyName&quot;: &quot;&quot;
    },
    {
      &quot;audit&quot;: {
        &quot;created&quot;: {
          &quot;date&quot;: &quot;2017-02-08T20:02:00.335Z&quot;
        },
        &quot;updated&quot;: {
          &quot;date&quot;: &quot;2017-02-08T20:47:50.213Z&quot;
        }
      },
      &quot;masterOrganizationId&quot;: &quot;5000db95-c5d4-487f-925e-3f82f15a5499&quot;,
      &quot;organizationId&quot;: &quot;5000db95-c5d4-487f-925e-3f82f15a5499&quot;,
      &quot;id&quot;: 30257,
      &quot;status&quot;: &quot;REVOKED&quot;,
      &quot;approvedDate&quot;: &quot;2017-02-08T20:02:00.375Z&quot;,
      &quot;revokedDate&quot;: &quot;2017-02-08T20:47:50.213Z&quot;,
      &quot;applicationId&quot;: 43374,
      &quot;application&quot;: {
        &quot;audit&quot;: {
          &quot;created&quot;: {
            &quot;date&quot;: &quot;2017-02-08T20:01:58.193Z&quot;
          },
          &quot;updated&quot;: {}
        },
        &quot;id&quot;: 43374,
        &quot;name&quot;: &quot;pTest ClientID AppPerf kepszhc&quot;,
        &quot;description&quot;: &quot;Application description&quot;,
        &quot;coreServicesId&quot;: &quot;e1c1681a17b44fb5967e20155a5965d5&quot;,
        &quot;url&quot;: &quot;http://localhost:1234&quot;
      },
      &quot;apiVersionId&quot;: 2161,
      &quot;apiVersion&quot;: {
        &quot;audit&quot;: {
          &quot;created&quot;: {},
          &quot;updated&quot;: {}
        },
        &quot;id&quot;: 2161,
        &quot;apiId&quot;: 2053
      },
      &quot;partyId&quot;: &quot;&quot;,
      &quot;partyName&quot;: &quot;&quot;
    },
    {
      &quot;audit&quot;: {
        &quot;created&quot;: {
          &quot;date&quot;: &quot;2017-02-08T20:00:24.573Z&quot;
        },
        &quot;updated&quot;: {
          &quot;date&quot;: &quot;2017-02-08T20:47:51.520Z&quot;
        }
      },
      &quot;masterOrganizationId&quot;: &quot;5000db95-c5d4-487f-925e-3f82f15a5499&quot;,
      &quot;organizationId&quot;: &quot;5000db95-c5d4-487f-925e-3f82f15a5499&quot;,
      &quot;id&quot;: 30234,
      &quot;status&quot;: &quot;REVOKED&quot;,
      &quot;approvedDate&quot;: &quot;2017-02-08T20:00:24.630Z&quot;,
      &quot;revokedDate&quot;: &quot;2017-02-08T20:47:51.520Z&quot;,
      &quot;applicationId&quot;: 43351,
      &quot;application&quot;: {
        &quot;audit&quot;: {
          &quot;created&quot;: {
            &quot;date&quot;: &quot;2017-02-08T20:00:22.115Z&quot;
          },
          &quot;updated&quot;: {}
        },
        &quot;id&quot;: 43351,
        &quot;name&quot;: &quot;pTest ClientID AppPerf jxrhywu&quot;,
        &quot;description&quot;: &quot;Application description&quot;,
        &quot;coreServicesId&quot;: &quot;012713f321614f6b842cf0d71c52873e&quot;,
        &quot;url&quot;: &quot;http://localhost:1234&quot;
      },
      &quot;apiVersionId&quot;: 2161,
      &quot;apiVersion&quot;: {
        &quot;audit&quot;: {
          &quot;created&quot;: {},
          &quot;updated&quot;: {}
        },
        &quot;id&quot;: 2161,
        &quot;apiId&quot;: 2053
      },
      &quot;partyId&quot;: &quot;&quot;,
      &quot;partyName&quot;: &quot;&quot;
    },
    {
      &quot;audit&quot;: {
        &quot;created&quot;: {
          &quot;date&quot;: &quot;2017-02-08T19:57:40.085Z&quot;
        },
        &quot;updated&quot;: {
          &quot;date&quot;: &quot;2017-02-08T20:47:52.683Z&quot;
        }
      },
      &quot;masterOrganizationId&quot;: &quot;5000db95-c5d4-487f-925e-3f82f15a5499&quot;,
      &quot;organizationId&quot;: &quot;5000db95-c5d4-487f-925e-3f82f15a5499&quot;,
      &quot;id&quot;: 30194,
      &quot;status&quot;: &quot;REVOKED&quot;,
      &quot;approvedDate&quot;: &quot;2017-02-08T19:57:40.173Z&quot;,
      &quot;revokedDate&quot;: &quot;2017-02-08T20:47:52.683Z&quot;,
      &quot;applicationId&quot;: 43311,
      &quot;application&quot;: {
        &quot;audit&quot;: {
          &quot;created&quot;: {
            &quot;date&quot;: &quot;2017-02-08T19:57:37.833Z&quot;
          },
          &quot;updated&quot;: {}
        },
        &quot;id&quot;: 43311,
        &quot;name&quot;: &quot;pTest ClientID AppPerf jbrzygl&quot;,
        &quot;description&quot;: &quot;Application description&quot;,
        &quot;coreServicesId&quot;: &quot;438e8b59f1424d5ea784775108dd79f6&quot;,
        &quot;url&quot;: &quot;http://localhost:1234&quot;
      },
      &quot;apiVersionId&quot;: 2161,
      &quot;apiVersion&quot;: {
        &quot;audit&quot;: {
          &quot;created&quot;: {},
          &quot;updated&quot;: {}
        },
        &quot;id&quot;: 2161,
        &quot;apiId&quot;: 2053
      },
      &quot;partyId&quot;: &quot;&quot;,
      &quot;partyName&quot;: &quot;&quot;
    },
    {
      &quot;audit&quot;: {
        &quot;created&quot;: {
          &quot;date&quot;: &quot;2017-02-08T19:59:30.854Z&quot;
        },
        &quot;updated&quot;: {
          &quot;date&quot;: &quot;2017-02-08T20:47:53.858Z&quot;
        }
      },
      &quot;masterOrganizationId&quot;: &quot;5000db95-c5d4-487f-925e-3f82f15a5499&quot;,
      &quot;organizationId&quot;: &quot;5000db95-c5d4-487f-925e-3f82f15a5499&quot;,
      &quot;id&quot;: 30221,
      &quot;status&quot;: &quot;REVOKED&quot;,
      &quot;approvedDate&quot;: &quot;2017-02-08T19:59:30.884Z&quot;,
      &quot;revokedDate&quot;: &quot;2017-02-08T20:47:53.858Z&quot;,
      &quot;applicationId&quot;: 43338,
      &quot;application&quot;: {
        &quot;audit&quot;: {
          &quot;created&quot;: {
            &quot;date&quot;: &quot;2017-02-08T19:59:28.673Z&quot;
          },
          &quot;updated&quot;: {}
        },
        &quot;id&quot;: 43338,
        &quot;name&quot;: &quot;pTest ClientID AppPerf izzpxge&quot;,
        &quot;description&quot;: &quot;Application description&quot;,
        &quot;coreServicesId&quot;: &quot;909605a9f8d54feaa98e5f38fd6eed98&quot;,
        &quot;url&quot;: &quot;http://localhost:1234&quot;
      },
      &quot;apiVersionId&quot;: 2161,
      &quot;apiVersion&quot;: {
        &quot;audit&quot;: {
          &quot;created&quot;: {},
          &quot;updated&quot;: {}
        },
        &quot;id&quot;: 2161,
        &quot;apiId&quot;: 2053
      },
      &quot;partyId&quot;: &quot;&quot;,
      &quot;partyName&quot;: &quot;&quot;
    },
    {
      &quot;audit&quot;: {
        &quot;created&quot;: {
          &quot;date&quot;: &quot;2017-02-08T19:57:27.362Z&quot;
        },
        &quot;updated&quot;: {
          &quot;date&quot;: &quot;2017-02-08T20:47:55.036Z&quot;
        }
      },
      &quot;masterOrganizationId&quot;: &quot;5000db95-c5d4-487f-925e-3f82f15a5499&quot;,
      &quot;organizationId&quot;: &quot;5000db95-c5d4-487f-925e-3f82f15a5499&quot;,
      &quot;id&quot;: 30191,
      &quot;status&quot;: &quot;REVOKED&quot;,
      &quot;approvedDate&quot;: &quot;2017-02-08T19:57:27.424Z&quot;,
      &quot;revokedDate&quot;: &quot;2017-02-08T20:47:55.036Z&quot;,
      &quot;applicationId&quot;: 43308,
      &quot;application&quot;: {
        &quot;audit&quot;: {
          &quot;created&quot;: {
            &quot;date&quot;: &quot;2017-02-08T19:57:25.052Z&quot;
          },
          &quot;updated&quot;: {}
        },
        &quot;id&quot;: 43308,
        &quot;name&quot;: &quot;pTest ClientID AppPerf ixzozgq&quot;,
        &quot;description&quot;: &quot;Application description&quot;,
        &quot;coreServicesId&quot;: &quot;11cba647116f4cf996ef8db861e81c15&quot;,
        &quot;url&quot;: &quot;http://localhost:1234&quot;
      },
      &quot;apiVersionId&quot;: 2161,
      &quot;apiVersion&quot;: {
        &quot;audit&quot;: {
          &quot;created&quot;: {},
          &quot;updated&quot;: {}
        },
        &quot;id&quot;: 2161,
        &quot;apiId&quot;: 2053
      },
      &quot;partyId&quot;: &quot;&quot;,
      &quot;partyName&quot;: &quot;&quot;
    },
    {
      &quot;audit&quot;: {
        &quot;created&quot;: {
          &quot;date&quot;: &quot;2017-02-08T19:57:56.504Z&quot;
        },
        &quot;updated&quot;: {
          &quot;date&quot;: &quot;2017-02-08T20:47:56.254Z&quot;
        }
      },
      &quot;masterOrganizationId&quot;: &quot;5000db95-c5d4-487f-925e-3f82f15a5499&quot;,
      &quot;organizationId&quot;: &quot;5000db95-c5d4-487f-925e-3f82f15a5499&quot;,
      &quot;id&quot;: 30198,
      &quot;status&quot;: &quot;REVOKED&quot;,
      &quot;approvedDate&quot;: &quot;2017-02-08T19:57:56.540Z&quot;,
      &quot;revokedDate&quot;: &quot;2017-02-08T20:47:56.254Z&quot;,
      &quot;applicationId&quot;: 43315,
      &quot;application&quot;: {
        &quot;audit&quot;: {
          &quot;created&quot;: {
            &quot;date&quot;: &quot;2017-02-08T19:57:54.362Z&quot;
          },
          &quot;updated&quot;: {}
        },
        &quot;id&quot;: 43315,
        &quot;name&quot;: &quot;pTest ClientID AppPerf ivsfjro&quot;,
        &quot;description&quot;: &quot;Application description&quot;,
        &quot;coreServicesId&quot;: &quot;eeae040595c948abbd8c43f9d39c2564&quot;,
        &quot;url&quot;: &quot;http://localhost:1234&quot;
      },
      &quot;apiVersionId&quot;: 2161,
      &quot;apiVersion&quot;: {
        &quot;audit&quot;: {
          &quot;created&quot;: {},
          &quot;updated&quot;: {}
        },
        &quot;id&quot;: 2161,
        &quot;apiId&quot;: 2053
      },
      &quot;partyId&quot;: &quot;&quot;,
      &quot;partyName&quot;: &quot;&quot;
    },
    {
      &quot;audit&quot;: {
        &quot;created&quot;: {
          &quot;date&quot;: &quot;2017-02-08T20:00:56.443Z&quot;
        },
        &quot;updated&quot;: {
          &quot;date&quot;: &quot;2017-02-08T20:47:57.484Z&quot;
        }
      },
      &quot;masterOrganizationId&quot;: &quot;5000db95-c5d4-487f-925e-3f82f15a5499&quot;,
      &quot;organizationId&quot;: &quot;5000db95-c5d4-487f-925e-3f82f15a5499&quot;,
      &quot;id&quot;: 30242,
      &quot;status&quot;: &quot;REVOKED&quot;,
      &quot;approvedDate&quot;: &quot;2017-02-08T20:00:56.486Z&quot;,
      &quot;revokedDate&quot;: &quot;2017-02-08T20:47:57.484Z&quot;,
      &quot;applicationId&quot;: 43359,
      &quot;application&quot;: {
        &quot;audit&quot;: {
          &quot;created&quot;: {
            &quot;date&quot;: &quot;2017-02-08T20:00:54.287Z&quot;
          },
          &quot;updated&quot;: {}
        },
        &quot;id&quot;: 43359,
        &quot;name&quot;: &quot;pTest ClientID AppPerf itwfoek&quot;,
        &quot;description&quot;: &quot;Application description&quot;,
        &quot;coreServicesId&quot;: &quot;13ae42ca84ad45d09d002c1c588b8ab6&quot;,
        &quot;url&quot;: &quot;http://localhost:1234&quot;
      },
      &quot;apiVersionId&quot;: 2161,
      &quot;apiVersion&quot;: {
        &quot;audit&quot;: {
          &quot;created&quot;: {},
          &quot;updated&quot;: {}
        },
        &quot;id&quot;: 2161,
        &quot;apiId&quot;: 2053
      },
      &quot;partyId&quot;: &quot;&quot;,
      &quot;partyName&quot;: &quot;&quot;
    },
    {
      &quot;audit&quot;: {
        &quot;created&quot;: {
          &quot;date&quot;: &quot;2017-02-08T20:03:00.678Z&quot;
        },
        &quot;updated&quot;: {
          &quot;date&quot;: &quot;2017-02-08T20:47:58.644Z&quot;
        }
      },
      &quot;masterOrganizationId&quot;: &quot;5000db95-c5d4-487f-925e-3f82f15a5499&quot;,
      &quot;organizationId&quot;: &quot;5000db95-c5d4-487f-925e-3f82f15a5499&quot;,
      &quot;id&quot;: 30271,
      &quot;status&quot;: &quot;REVOKED&quot;,
      &quot;approvedDate&quot;: &quot;2017-02-08T20:03:00.726Z&quot;,
      &quot;revokedDate&quot;: &quot;2017-02-08T20:47:58.644Z&quot;,
      &quot;applicationId&quot;: 43388,
      &quot;application&quot;: {
        &quot;audit&quot;: {
          &quot;created&quot;: {
            &quot;date&quot;: &quot;2017-02-08T20:02:58.634Z&quot;
          },
          &quot;updated&quot;: {}
        },
        &quot;id&quot;: 43388,
        &quot;name&quot;: &quot;pTest ClientID AppPerf iozrbos&quot;,
        &quot;description&quot;: &quot;Application description&quot;,
        &quot;coreServicesId&quot;: &quot;ba865c710c394cd39818576f530851e9&quot;,
        &quot;url&quot;: &quot;http://localhost:1234&quot;
      },
      &quot;apiVersionId&quot;: 2161,
      &quot;apiVersion&quot;: {
        &quot;audit&quot;: {
          &quot;created&quot;: {},
          &quot;updated&quot;: {}
        },
        &quot;id&quot;: 2161,
        &quot;apiId&quot;: 2053
      },
      &quot;partyId&quot;: &quot;&quot;,
      &quot;partyName&quot;: &quot;&quot;
    },
    {
      &quot;audit&quot;: {
        &quot;created&quot;: {
          &quot;date&quot;: &quot;2017-02-08T20:01:34.182Z&quot;
        },
        &quot;updated&quot;: {
          &quot;date&quot;: &quot;2017-02-08T20:47:59.938Z&quot;
        }
      },
      &quot;masterOrganizationId&quot;: &quot;5000db95-c5d4-487f-925e-3f82f15a5499&quot;,
      &quot;organizationId&quot;: &quot;5000db95-c5d4-487f-925e-3f82f15a5499&quot;,
      &quot;id&quot;: 30251,
      &quot;status&quot;: &quot;REVOKED&quot;,
      &quot;approvedDate&quot;: &quot;2017-02-08T20:01:34.240Z&quot;,
      &quot;revokedDate&quot;: &quot;2017-02-08T20:47:59.938Z&quot;,
      &quot;applicationId&quot;: 43368,
      &quot;application&quot;: {
        &quot;audit&quot;: {
          &quot;created&quot;: {
            &quot;date&quot;: &quot;2017-02-08T20:01:32.195Z&quot;
          },
          &quot;updated&quot;: {}
        },
        &quot;id&quot;: 43368,
        &quot;name&quot;: &quot;pTest ClientID AppPerf imuaohm&quot;,
        &quot;description&quot;: &quot;Application description&quot;,
        &quot;coreServicesId&quot;: &quot;3b39a95651d94bbdbe86996fe82d7ce1&quot;,
        &quot;url&quot;: &quot;http://localhost:1234&quot;
      },
      &quot;apiVersionId&quot;: 2161,
      &quot;apiVersion&quot;: {
        &quot;audit&quot;: {
          &quot;created&quot;: {},
          &quot;updated&quot;: {}
        },
        &quot;id&quot;: 2161,
        &quot;apiId&quot;: 2053
      },
      &quot;partyId&quot;: &quot;&quot;,
      &quot;partyName&quot;: &quot;&quot;
    },
    {
      &quot;audit&quot;: {
        &quot;created&quot;: {
          &quot;date&quot;: &quot;2017-02-08T20:03:29.727Z&quot;
        },
        &quot;updated&quot;: {
          &quot;date&quot;: &quot;2017-02-08T20:48:01.221Z&quot;
        }
      },
      &quot;masterOrganizationId&quot;: &quot;5000db95-c5d4-487f-925e-3f82f15a5499&quot;,
      &quot;organizationId&quot;: &quot;5000db95-c5d4-487f-925e-3f82f15a5499&quot;,
      &quot;id&quot;: 30277,
      &quot;status&quot;: &quot;REVOKED&quot;,
      &quot;approvedDate&quot;: &quot;2017-02-08T20:03:29.817Z&quot;,
      &quot;revokedDate&quot;: &quot;2017-02-08T20:48:01.221Z&quot;,
      &quot;applicationId&quot;: 43394,
      &quot;application&quot;: {
        &quot;audit&quot;: {
          &quot;created&quot;: {
            &quot;date&quot;: &quot;2017-02-08T20:03:27.547Z&quot;
          },
          &quot;updated&quot;: {}
        },
        &quot;id&quot;: 43394,
        &quot;name&quot;: &quot;pTest ClientID AppPerf hyuxrnb&quot;,
        &quot;description&quot;: &quot;Application description&quot;,
        &quot;coreServicesId&quot;: &quot;c4fc29389076428bb99e9f0d06496d54&quot;,
        &quot;url&quot;: &quot;http://localhost:1234&quot;
      },
      &quot;apiVersionId&quot;: 2161,
      &quot;apiVersion&quot;: {
        &quot;audit&quot;: {
          &quot;created&quot;: {},
          &quot;updated&quot;: {}
        },
        &quot;id&quot;: 2161,
        &quot;apiId&quot;: 2053
      },
      &quot;partyId&quot;: &quot;&quot;,
      &quot;partyName&quot;: &quot;&quot;
    },
    {
      &quot;audit&quot;: {
        &quot;created&quot;: {
          &quot;date&quot;: &quot;2017-02-08T20:03:42.463Z&quot;
        },
        &quot;updated&quot;: {
          &quot;date&quot;: &quot;2017-02-08T20:48:02.543Z&quot;
        }
      },
      &quot;masterOrganizationId&quot;: &quot;5000db95-c5d4-487f-925e-3f82f15a5499&quot;,
      &quot;organizationId&quot;: &quot;5000db95-c5d4-487f-925e-3f82f15a5499&quot;,
      &quot;id&quot;: 30280,
      &quot;status&quot;: &quot;REVOKED&quot;,
      &quot;approvedDate&quot;: &quot;2017-02-08T20:03:42.506Z&quot;,
      &quot;revokedDate&quot;: &quot;2017-02-08T20:48:02.543Z&quot;,
      &quot;applicationId&quot;: 43397,
      &quot;application&quot;: {
        &quot;audit&quot;: {
          &quot;created&quot;: {
            &quot;date&quot;: &quot;2017-02-08T20:03:39.703Z&quot;
          },
          &quot;updated&quot;: {}
        },
        &quot;id&quot;: 43397,
        &quot;name&quot;: &quot;pTest ClientID AppPerf hxvdwqm&quot;,
        &quot;description&quot;: &quot;Application description&quot;,
        &quot;coreServicesId&quot;: &quot;beacb06d20d843bab2c6eace47a13e5e&quot;,
        &quot;url&quot;: &quot;http://localhost:1234&quot;
      },
      &quot;apiVersionId&quot;: 2161,
      &quot;apiVersion&quot;: {
        &quot;audit&quot;: {
          &quot;created&quot;: {},
          &quot;updated&quot;: {}
        },
        &quot;id&quot;: 2161,
        &quot;apiId&quot;: 2053
      },
      &quot;partyId&quot;: &quot;&quot;,
      &quot;partyName&quot;: &quot;&quot;
    },
    {
      &quot;audit&quot;: {
        &quot;created&quot;: {
          &quot;date&quot;: &quot;2017-02-08T19:58:08.582Z&quot;
        },
        &quot;updated&quot;: {
          &quot;date&quot;: &quot;2017-02-08T20:48:03.807Z&quot;
        }
      },
      &quot;masterOrganizationId&quot;: &quot;5000db95-c5d4-487f-925e-3f82f15a5499&quot;,
      &quot;organizationId&quot;: &quot;5000db95-c5d4-487f-925e-3f82f15a5499&quot;,
      &quot;id&quot;: 30201,
      &quot;status&quot;: &quot;REVOKED&quot;,
      &quot;approvedDate&quot;: &quot;2017-02-08T19:58:08.628Z&quot;,
      &quot;revokedDate&quot;: &quot;2017-02-08T20:48:03.807Z&quot;,
      &quot;applicationId&quot;: 43318,
      &quot;application&quot;: {
        &quot;audit&quot;: {
          &quot;created&quot;: {
            &quot;date&quot;: &quot;2017-02-08T19:58:06.479Z&quot;
          },
          &quot;updated&quot;: {}
        },
        &quot;id&quot;: 43318,
        &quot;name&quot;: &quot;pTest ClientID AppPerf hspimab&quot;,
        &quot;description&quot;: &quot;Application description&quot;,
        &quot;coreServicesId&quot;: &quot;6ea16c9cc5db4be6aa086c0866311fca&quot;,
        &quot;url&quot;: &quot;http://localhost:1234&quot;
      },
      &quot;apiVersionId&quot;: 2161,
      &quot;apiVersion&quot;: {
        &quot;audit&quot;: {
          &quot;created&quot;: {},
          &quot;updated&quot;: {}
        },
        &quot;id&quot;: 2161,
        &quot;apiId&quot;: 2053
      },
      &quot;partyId&quot;: &quot;&quot;,
      &quot;partyName&quot;: &quot;&quot;
    },
    {
      &quot;audit&quot;: {
        &quot;created&quot;: {
          &quot;date&quot;: &quot;2017-02-08T20:02:56.778Z&quot;
        },
        &quot;updated&quot;: {
          &quot;date&quot;: &quot;2017-02-08T20:48:04.986Z&quot;
        }
      },
      &quot;masterOrganizationId&quot;: &quot;5000db95-c5d4-487f-925e-3f82f15a5499&quot;,
      &quot;organizationId&quot;: &quot;5000db95-c5d4-487f-925e-3f82f15a5499&quot;,
      &quot;id&quot;: 30270,
      &quot;status&quot;: &quot;REVOKED&quot;,
      &quot;approvedDate&quot;: &quot;2017-02-08T20:02:56.835Z&quot;,
      &quot;revokedDate&quot;: &quot;2017-02-08T20:48:04.986Z&quot;,
      &quot;applicationId&quot;: 43387,
      &quot;application&quot;: {
        &quot;audit&quot;: {
          &quot;created&quot;: {
            &quot;date&quot;: &quot;2017-02-08T20:02:54.624Z&quot;
          },
          &quot;updated&quot;: {}
        },
        &quot;id&quot;: 43387,
        &quot;name&quot;: &quot;pTest ClientID AppPerf hrifxsp&quot;,
        &quot;description&quot;: &quot;Application description&quot;,
        &quot;coreServicesId&quot;: &quot;3f632065a1e34d438f0341b089d95d1d&quot;,
        &quot;url&quot;: &quot;http://localhost:1234&quot;
      },
      &quot;apiVersionId&quot;: 2161,
      &quot;apiVersion&quot;: {
        &quot;audit&quot;: {
          &quot;created&quot;: {},
          &quot;updated&quot;: {}
        },
        &quot;id&quot;: 2161,
        &quot;apiId&quot;: 2053
      },
      &quot;partyId&quot;: &quot;&quot;,
      &quot;partyName&quot;: &quot;&quot;
    },
    {
      &quot;audit&quot;: {
        &quot;created&quot;: {
          &quot;date&quot;: &quot;2017-02-08T19:58:53.746Z&quot;
        },
        &quot;updated&quot;: {
          &quot;date&quot;: &quot;2017-02-08T20:48:06.220Z&quot;
        }
      },
      &quot;masterOrganizationId&quot;: &quot;5000db95-c5d4-487f-925e-3f82f15a5499&quot;,
      &quot;organizationId&quot;: &quot;5000db95-c5d4-487f-925e-3f82f15a5499&quot;,
      &quot;id&quot;: 30212,
      &quot;status&quot;: &quot;REVOKED&quot;,
      &quot;approvedDate&quot;: &quot;2017-02-08T19:58:53.790Z&quot;,
      &quot;revokedDate&quot;: &quot;2017-02-08T20:48:06.220Z&quot;,
      &quot;applicationId&quot;: 43329,
      &quot;application&quot;: {
        &quot;audit&quot;: {
          &quot;created&quot;: {
            &quot;date&quot;: &quot;2017-02-08T19:58:51.549Z&quot;
          },
          &quot;updated&quot;: {}
        },
        &quot;id&quot;: 43329,
        &quot;name&quot;: &quot;pTest ClientID AppPerf hjfmcpy&quot;,
        &quot;description&quot;: &quot;Application description&quot;,
        &quot;coreServicesId&quot;: &quot;5bb974128619487c93c721561b656cc2&quot;,
        &quot;url&quot;: &quot;http://localhost:1234&quot;
      },
      &quot;apiVersionId&quot;: 2161,
      &quot;apiVersion&quot;: {
        &quot;audit&quot;: {
          &quot;created&quot;: {},
          &quot;updated&quot;: {}
        },
        &quot;id&quot;: 2161,
        &quot;apiId&quot;: 2053
      },
      &quot;partyId&quot;: &quot;&quot;,
      &quot;partyName&quot;: &quot;&quot;
    },
    {
      &quot;audit&quot;: {
        &quot;created&quot;: {
          &quot;date&quot;: &quot;2017-02-08T19:59:22.736Z&quot;
        },
        &quot;updated&quot;: {
          &quot;date&quot;: &quot;2017-02-08T20:48:07.406Z&quot;
        }
      },
      &quot;masterOrganizationId&quot;: &quot;5000db95-c5d4-487f-925e-3f82f15a5499&quot;,
      &quot;organizationId&quot;: &quot;5000db95-c5d4-487f-925e-3f82f15a5499&quot;,
      &quot;id&quot;: 30219,
      &quot;status&quot;: &quot;REVOKED&quot;,
      &quot;approvedDate&quot;: &quot;2017-02-08T19:59:22.788Z&quot;,
      &quot;revokedDate&quot;: &quot;2017-02-08T20:48:07.406Z&quot;,
      &quot;applicationId&quot;: 43336,
      &quot;application&quot;: {
        &quot;audit&quot;: {
          &quot;created&quot;: {
            &quot;date&quot;: &quot;2017-02-08T19:59:19.709Z&quot;
          },
          &quot;updated&quot;: {}
        },
        &quot;id&quot;: 43336,
        &quot;name&quot;: &quot;pTest ClientID AppPerf hivqfhn&quot;,
        &quot;description&quot;: &quot;Application description&quot;,
        &quot;coreServicesId&quot;: &quot;7a61dd8ee7dc4b54afa2cfe9b43f5384&quot;,
        &quot;url&quot;: &quot;http://localhost:1234&quot;
      },
      &quot;apiVersionId&quot;: 2161,
      &quot;apiVersion&quot;: {
        &quot;audit&quot;: {
          &quot;created&quot;: {},
          &quot;updated&quot;: {}
        },
        &quot;id&quot;: 2161,
        &quot;apiId&quot;: 2053
      },
      &quot;partyId&quot;: &quot;&quot;,
      &quot;partyName&quot;: &quot;&quot;
    },
    {
      &quot;audit&quot;: {
        &quot;created&quot;: {
          &quot;date&quot;: &quot;2017-02-08T20:01:30.247Z&quot;
        },
        &quot;updated&quot;: {
          &quot;date&quot;: &quot;2017-02-08T20:48:08.536Z&quot;
        }
      },
      &quot;masterOrganizationId&quot;: &quot;5000db95-c5d4-487f-925e-3f82f15a5499&quot;,
      &quot;organizationId&quot;: &quot;5000db95-c5d4-487f-925e-3f82f15a5499&quot;,
      &quot;id&quot;: 30250,
      &quot;status&quot;: &quot;REVOKED&quot;,
      &quot;approvedDate&quot;: &quot;2017-02-08T20:01:30.282Z&quot;,
      &quot;revokedDate&quot;: &quot;2017-02-08T20:48:08.536Z&quot;,
      &quot;applicationId&quot;: 43367,
      &quot;application&quot;: {
        &quot;audit&quot;: {
          &quot;created&quot;: {
            &quot;date&quot;: &quot;2017-02-08T20:01:28.194Z&quot;
          },
          &quot;updated&quot;: {}
        },
        &quot;id&quot;: 43367,
        &quot;name&quot;: &quot;pTest ClientID AppPerf hinkmar&quot;,
        &quot;description&quot;: &quot;Application description&quot;,
        &quot;coreServicesId&quot;: &quot;9d9123f24d7f4d2a965fbcf8a6511b83&quot;,
        &quot;url&quot;: &quot;http://localhost:1234&quot;
      },
      &quot;apiVersionId&quot;: 2161,
      &quot;apiVersion&quot;: {
        &quot;audit&quot;: {
          &quot;created&quot;: {},
          &quot;updated&quot;: {}
        },
        &quot;id&quot;: 2161,
        &quot;apiId&quot;: 2053
      },
      &quot;partyId&quot;: &quot;&quot;,
      &quot;partyName&quot;: &quot;&quot;
    },
    {
      &quot;audit&quot;: {
        &quot;created&quot;: {
          &quot;date&quot;: &quot;2017-02-08T20:03:25.586Z&quot;
        },
        &quot;updated&quot;: {
          &quot;date&quot;: &quot;2017-02-08T20:48:09.691Z&quot;
        }
      },
      &quot;masterOrganizationId&quot;: &quot;5000db95-c5d4-487f-925e-3f82f15a5499&quot;,
      &quot;organizationId&quot;: &quot;5000db95-c5d4-487f-925e-3f82f15a5499&quot;,
      &quot;id&quot;: 30276,
      &quot;status&quot;: &quot;REVOKED&quot;,
      &quot;approvedDate&quot;: &quot;2017-02-08T20:03:25.631Z&quot;,
      &quot;revokedDate&quot;: &quot;2017-02-08T20:48:09.691Z&quot;,
      &quot;applicationId&quot;: 43393,
      &quot;application&quot;: {
        &quot;audit&quot;: {
          &quot;created&quot;: {
            &quot;date&quot;: &quot;2017-02-08T20:03:23.438Z&quot;
          },
          &quot;updated&quot;: {}
        },
        &quot;id&quot;: 43393,
        &quot;name&quot;: &quot;pTest ClientID AppPerf guqvygm&quot;,
        &quot;description&quot;: &quot;Application description&quot;,
        &quot;coreServicesId&quot;: &quot;30a94976e611451fbed0b9663b32f74b&quot;,
        &quot;url&quot;: &quot;http://localhost:1234&quot;
      },
      &quot;apiVersionId&quot;: 2161,
      &quot;apiVersion&quot;: {
        &quot;audit&quot;: {
          &quot;created&quot;: {},
          &quot;updated&quot;: {}
        },
        &quot;id&quot;: 2161,
        &quot;apiId&quot;: 2053
      },
      &quot;partyId&quot;: &quot;&quot;,
      &quot;partyName&quot;: &quot;&quot;
    },
    {
      &quot;audit&quot;: {
        &quot;created&quot;: {
          &quot;date&quot;: &quot;2017-02-08T19:57:10.616Z&quot;
        },
        &quot;updated&quot;: {
          &quot;date&quot;: &quot;2017-02-08T20:48:10.882Z&quot;
        }
      },
      &quot;masterOrganizationId&quot;: &quot;5000db95-c5d4-487f-925e-3f82f15a5499&quot;,
      &quot;organizationId&quot;: &quot;5000db95-c5d4-487f-925e-3f82f15a5499&quot;,
      &quot;id&quot;: 30187,
      &quot;status&quot;: &quot;REVOKED&quot;,
      &quot;approvedDate&quot;: &quot;2017-02-08T19:57:10.679Z&quot;,
      &quot;revokedDate&quot;: &quot;2017-02-08T20:48:10.882Z&quot;,
      &quot;applicationId&quot;: 43304,
      &quot;application&quot;: {
        &quot;audit&quot;: {
          &quot;created&quot;: {
            &quot;date&quot;: &quot;2017-02-08T19:57:08.032Z&quot;
          },
          &quot;updated&quot;: {}
        },
        &quot;id&quot;: 43304,
        &quot;name&quot;: &quot;pTest ClientID AppPerf fzgitbl&quot;,
        &quot;description&quot;: &quot;Application description&quot;,
        &quot;coreServicesId&quot;: &quot;d26c2550072b4941ae3875449dbfe4dc&quot;,
        &quot;url&quot;: &quot;http://localhost:1234&quot;
      },
      &quot;apiVersionId&quot;: 2161,
      &quot;apiVersion&quot;: {
        &quot;audit&quot;: {
          &quot;created&quot;: {},
          &quot;updated&quot;: {}
        },
        &quot;id&quot;: 2161,
        &quot;apiId&quot;: 2053
      },
      &quot;partyId&quot;: &quot;&quot;,
      &quot;partyName&quot;: &quot;&quot;
    },
    {
      &quot;audit&quot;: {
        &quot;created&quot;: {
          &quot;date&quot;: &quot;2017-02-08T19:59:47.777Z&quot;
        },
        &quot;updated&quot;: {
          &quot;date&quot;: &quot;2017-02-08T20:48:12.002Z&quot;
        }
      },
      &quot;masterOrganizationId&quot;: &quot;5000db95-c5d4-487f-925e-3f82f15a5499&quot;,
      &quot;organizationId&quot;: &quot;5000db95-c5d4-487f-925e-3f82f15a5499&quot;,
      &quot;id&quot;: 30225,
      &quot;status&quot;: &quot;REVOKED&quot;,
      &quot;approvedDate&quot;: &quot;2017-02-08T19:59:47.809Z&quot;,
      &quot;revokedDate&quot;: &quot;2017-02-08T20:48:12.002Z&quot;,
      &quot;applicationId&quot;: 43342,
      &quot;application&quot;: {
        &quot;audit&quot;: {
          &quot;created&quot;: {
            &quot;date&quot;: &quot;2017-02-08T19:59:45.608Z&quot;
          },
          &quot;updated&quot;: {}
        },
        &quot;id&quot;: 43342,
        &quot;name&quot;: &quot;pTest ClientID AppPerf fsommrf&quot;,
        &quot;description&quot;: &quot;Application description&quot;,
        &quot;coreServicesId&quot;: &quot;10687d8724894b3197c04431e4053f8f&quot;,
        &quot;url&quot;: &quot;http://localhost:1234&quot;
      },
      &quot;apiVersionId&quot;: 2161,
      &quot;apiVersion&quot;: {
        &quot;audit&quot;: {
          &quot;created&quot;: {},
          &quot;updated&quot;: {}
        },
        &quot;id&quot;: 2161,
        &quot;apiId&quot;: 2053
      },
      &quot;partyId&quot;: &quot;&quot;,
      &quot;partyName&quot;: &quot;&quot;
    },
    {
      &quot;audit&quot;: {
        &quot;created&quot;: {
          &quot;date&quot;: &quot;2017-02-08T20:00:04.437Z&quot;
        },
        &quot;updated&quot;: {
          &quot;date&quot;: &quot;2017-02-08T20:48:13.100Z&quot;
        }
      },
      &quot;masterOrganizationId&quot;: &quot;5000db95-c5d4-487f-925e-3f82f15a5499&quot;,
      &quot;organizationId&quot;: &quot;5000db95-c5d4-487f-925e-3f82f15a5499&quot;,
      &quot;id&quot;: 30229,
      &quot;status&quot;: &quot;REVOKED&quot;,
      &quot;approvedDate&quot;: &quot;2017-02-08T20:00:04.491Z&quot;,
      &quot;revokedDate&quot;: &quot;2017-02-08T20:48:13.100Z&quot;,
      &quot;applicationId&quot;: 43346,
      &quot;application&quot;: {
        &quot;audit&quot;: {
          &quot;created&quot;: {
            &quot;date&quot;: &quot;2017-02-08T20:00:02.303Z&quot;
          },
          &quot;updated&quot;: {}
        },
        &quot;id&quot;: 43346,
        &quot;name&quot;: &quot;pTest ClientID AppPerf frccvaf&quot;,
        &quot;description&quot;: &quot;Application description&quot;,
        &quot;coreServicesId&quot;: &quot;0fca7b9e775046ee88da1bb105a26855&quot;,
        &quot;url&quot;: &quot;http://localhost:1234&quot;
      },
      &quot;apiVersionId&quot;: 2161,
      &quot;apiVersion&quot;: {
        &quot;audit&quot;: {
          &quot;created&quot;: {},
          &quot;updated&quot;: {}
        },
        &quot;id&quot;: 2161,
        &quot;apiId&quot;: 2053
      },
      &quot;partyId&quot;: &quot;&quot;,
      &quot;partyName&quot;: &quot;&quot;
    },
    {
      &quot;audit&quot;: {
        &quot;created&quot;: {
          &quot;date&quot;: &quot;2017-02-08T20:02:08.238Z&quot;
        },
        &quot;updated&quot;: {
          &quot;date&quot;: &quot;2017-02-08T20:48:14.241Z&quot;
        }
      },
      &quot;masterOrganizationId&quot;: &quot;5000db95-c5d4-487f-925e-3f82f15a5499&quot;,
      &quot;organizationId&quot;: &quot;5000db95-c5d4-487f-925e-3f82f15a5499&quot;,
      &quot;id&quot;: 30259,
      &quot;status&quot;: &quot;REVOKED&quot;,
      &quot;approvedDate&quot;: &quot;2017-02-08T20:02:08.273Z&quot;,
      &quot;revokedDate&quot;: &quot;2017-02-08T20:48:14.241Z&quot;,
      &quot;applicationId&quot;: 43376,
      &quot;application&quot;: {
        &quot;audit&quot;: {
          &quot;created&quot;: {
            &quot;date&quot;: &quot;2017-02-08T20:02:06.160Z&quot;
          },
          &quot;updated&quot;: {}
        },
        &quot;id&quot;: 43376,
        &quot;name&quot;: &quot;pTest ClientID AppPerf fjanwuy&quot;,
        &quot;description&quot;: &quot;Application description&quot;,
        &quot;coreServicesId&quot;: &quot;7ac608bbb7414b67badcdb489387570c&quot;,
        &quot;url&quot;: &quot;http://localhost:1234&quot;
      },
      &quot;apiVersionId&quot;: 2161,
      &quot;apiVersion&quot;: {
        &quot;audit&quot;: {
          &quot;created&quot;: {},
          &quot;updated&quot;: {}
        },
        &quot;id&quot;: 2161,
        &quot;apiId&quot;: 2053
      },
      &quot;partyId&quot;: &quot;&quot;,
      &quot;partyName&quot;: &quot;&quot;
    },
    {
      &quot;audit&quot;: {
        &quot;created&quot;: {
          &quot;date&quot;: &quot;2017-02-08T19:57:23.064Z&quot;
        },
        &quot;updated&quot;: {
          &quot;date&quot;: &quot;2017-02-08T20:48:15.390Z&quot;
        }
      },
      &quot;masterOrganizationId&quot;: &quot;5000db95-c5d4-487f-925e-3f82f15a5499&quot;,
      &quot;organizationId&quot;: &quot;5000db95-c5d4-487f-925e-3f82f15a5499&quot;,
      &quot;id&quot;: 30190,
      &quot;status&quot;: &quot;REVOKED&quot;,
      &quot;approvedDate&quot;: &quot;2017-02-08T19:57:23.105Z&quot;,
      &quot;revokedDate&quot;: &quot;2017-02-08T20:48:15.390Z&quot;,
      &quot;applicationId&quot;: 43307,
      &quot;application&quot;: {
        &quot;audit&quot;: {
          &quot;created&quot;: {
            &quot;date&quot;: &quot;2017-02-08T19:57:20.559Z&quot;
          },
          &quot;updated&quot;: {}
        },
        &quot;id&quot;: 43307,
        &quot;name&quot;: &quot;pTest ClientID AppPerf fisjzid&quot;,
        &quot;description&quot;: &quot;Application description&quot;,
        &quot;coreServicesId&quot;: &quot;d89337cc33ca4cc887ec538792e99502&quot;,
        &quot;url&quot;: &quot;http://localhost:1234&quot;
      },
      &quot;apiVersionId&quot;: 2161,
      &quot;apiVersion&quot;: {
        &quot;audit&quot;: {
          &quot;created&quot;: {},
          &quot;updated&quot;: {}
        },
        &quot;id&quot;: 2161,
        &quot;apiId&quot;: 2053
      },
      &quot;partyId&quot;: &quot;&quot;,
      &quot;partyName&quot;: &quot;&quot;
    },
    {
      &quot;audit&quot;: {
        &quot;created&quot;: {
          &quot;date&quot;: &quot;2017-02-08T19:51:21.567Z&quot;
        },
        &quot;updated&quot;: {
          &quot;date&quot;: &quot;2017-02-08T20:48:16.514Z&quot;
        }
      },
      &quot;masterOrganizationId&quot;: &quot;5000db95-c5d4-487f-925e-3f82f15a5499&quot;,
      &quot;organizationId&quot;: &quot;5000db95-c5d4-487f-925e-3f82f15a5499&quot;,
      &quot;id&quot;: 30184,
      &quot;status&quot;: &quot;REVOKED&quot;,
      &quot;approvedDate&quot;: &quot;2017-02-08T19:51:21.625Z&quot;,
      &quot;revokedDate&quot;: &quot;2017-02-08T20:48:16.514Z&quot;,
      &quot;applicationId&quot;: 43301,
      &quot;application&quot;: {
        &quot;audit&quot;: {
          &quot;created&quot;: {
            &quot;date&quot;: &quot;2017-02-08T19:51:19.164Z&quot;
          },
          &quot;updated&quot;: {}
        },
        &quot;id&quot;: 43301,
        &quot;name&quot;: &quot;pTest ClientID AppPerf fhfllyq&quot;,
        &quot;description&quot;: &quot;Application description&quot;,
        &quot;coreServicesId&quot;: &quot;d6b1730c9af646f0bb6cb2b50947d37d&quot;,
        &quot;url&quot;: &quot;http://localhost:1234&quot;
      },
      &quot;apiVersionId&quot;: 2161,
      &quot;apiVersion&quot;: {
        &quot;audit&quot;: {
          &quot;created&quot;: {},
          &quot;updated&quot;: {}
        },
        &quot;id&quot;: 2161,
        &quot;apiId&quot;: 2053
      },
      &quot;partyId&quot;: &quot;&quot;,
      &quot;partyName&quot;: &quot;&quot;
    },
    {
      &quot;audit&quot;: {
        &quot;created&quot;: {
          &quot;date&quot;: &quot;2017-02-08T20:02:24.289Z&quot;
        },
        &quot;updated&quot;: {
          &quot;date&quot;: &quot;2017-02-08T20:48:17.649Z&quot;
        }
      },
      &quot;masterOrganizationId&quot;: &quot;5000db95-c5d4-487f-925e-3f82f15a5499&quot;,
      &quot;organizationId&quot;: &quot;5000db95-c5d4-487f-925e-3f82f15a5499&quot;,
      &quot;id&quot;: 30263,
      &quot;status&quot;: &quot;REVOKED&quot;,
      &quot;approvedDate&quot;: &quot;2017-02-08T20:02:24.335Z&quot;,
      &quot;revokedDate&quot;: &quot;2017-02-08T20:48:17.649Z&quot;,
      &quot;applicationId&quot;: 43380,
      &quot;application&quot;: {
        &quot;audit&quot;: {
          &quot;created&quot;: {
            &quot;date&quot;: &quot;2017-02-08T20:02:22.148Z&quot;
          },
          &quot;updated&quot;: {}
        },
        &quot;id&quot;: 43380,
        &quot;name&quot;: &quot;pTest ClientID AppPerf fditmbf&quot;,
        &quot;description&quot;: &quot;Application description&quot;,
        &quot;coreServicesId&quot;: &quot;197bb41fab914476bd822e1edd61b5a7&quot;,
        &quot;url&quot;: &quot;http://localhost:1234&quot;
      },
      &quot;apiVersionId&quot;: 2161,
      &quot;apiVersion&quot;: {
        &quot;audit&quot;: {
          &quot;created&quot;: {},
          &quot;updated&quot;: {}
        },
        &quot;id&quot;: 2161,
        &quot;apiId&quot;: 2053
      },
      &quot;partyId&quot;: &quot;&quot;,
      &quot;partyName&quot;: &quot;&quot;
    },
    {
      &quot;audit&quot;: {
        &quot;created&quot;: {
          &quot;date&quot;: &quot;2017-02-08T20:01:04.749Z&quot;
        },
        &quot;updated&quot;: {
          &quot;date&quot;: &quot;2017-02-08T20:48:18.789Z&quot;
        }
      },
      &quot;masterOrganizationId&quot;: &quot;5000db95-c5d4-487f-925e-3f82f15a5499&quot;,
      &quot;organizationId&quot;: &quot;5000db95-c5d4-487f-925e-3f82f15a5499&quot;,
      &quot;id&quot;: 30244,
      &quot;status&quot;: &quot;REVOKED&quot;,
      &quot;approvedDate&quot;: &quot;2017-02-08T20:01:04.794Z&quot;,
      &quot;revokedDate&quot;: &quot;2017-02-08T20:48:18.789Z&quot;,
      &quot;applicationId&quot;: 43361,
      &quot;application&quot;: {
        &quot;audit&quot;: {
          &quot;created&quot;: {
            &quot;date&quot;: &quot;2017-02-08T20:01:02.591Z&quot;
          },
          &quot;updated&quot;: {}
        },
        &quot;id&quot;: 43361,
        &quot;name&quot;: &quot;pTest ClientID AppPerf ezyewaj&quot;,
        &quot;description&quot;: &quot;Application description&quot;,
        &quot;coreServicesId&quot;: &quot;e41c625c4e064340a53e2fed78223aad&quot;,
        &quot;url&quot;: &quot;http://localhost:1234&quot;
      },
      &quot;apiVersionId&quot;: 2161,
      &quot;apiVersion&quot;: {
        &quot;audit&quot;: {
          &quot;created&quot;: {},
          &quot;updated&quot;: {}
        },
        &quot;id&quot;: 2161,
        &quot;apiId&quot;: 2053
      },
      &quot;partyId&quot;: &quot;&quot;,
      &quot;partyName&quot;: &quot;&quot;
    },
    {
      &quot;audit&quot;: {
        &quot;created&quot;: {
          &quot;date&quot;: &quot;2017-02-08T20:00:32.403Z&quot;
        },
        &quot;updated&quot;: {
          &quot;date&quot;: &quot;2017-02-08T20:48:19.952Z&quot;
        }
      },
      &quot;masterOrganizationId&quot;: &quot;5000db95-c5d4-487f-925e-3f82f15a5499&quot;,
      &quot;organizationId&quot;: &quot;5000db95-c5d4-487f-925e-3f82f15a5499&quot;,
      &quot;id&quot;: 30236,
      &quot;status&quot;: &quot;REVOKED&quot;,
      &quot;approvedDate&quot;: &quot;2017-02-08T20:00:32.469Z&quot;,
      &quot;revokedDate&quot;: &quot;2017-02-08T20:48:19.952Z&quot;,
      &quot;applicationId&quot;: 43353,
      &quot;application&quot;: {
        &quot;audit&quot;: {
          &quot;created&quot;: {
            &quot;date&quot;: &quot;2017-02-08T20:00:30.284Z&quot;
          },
          &quot;updated&quot;: {}
        },
        &quot;id&quot;: 43353,
        &quot;name&quot;: &quot;pTest ClientID AppPerf erdflkt&quot;,
        &quot;description&quot;: &quot;Application description&quot;,
        &quot;coreServicesId&quot;: &quot;45c04545a0d749e7b836057b44c21f2d&quot;,
        &quot;url&quot;: &quot;http://localhost:1234&quot;
      },
      &quot;apiVersionId&quot;: 2161,
      &quot;apiVersion&quot;: {
        &quot;audit&quot;: {
          &quot;created&quot;: {},
          &quot;updated&quot;: {}
        },
        &quot;id&quot;: 2161,
        &quot;apiId&quot;: 2053
      },
      &quot;partyId&quot;: &quot;&quot;,
      &quot;partyName&quot;: &quot;&quot;
    },
    {
      &quot;audit&quot;: {
        &quot;created&quot;: {
          &quot;date&quot;: &quot;2017-02-08T20:02:20.234Z&quot;
        },
        &quot;updated&quot;: {
          &quot;date&quot;: &quot;2017-02-08T20:48:21.119Z&quot;
        }
      },
      &quot;masterOrganizationId&quot;: &quot;5000db95-c5d4-487f-925e-3f82f15a5499&quot;,
      &quot;organizationId&quot;: &quot;5000db95-c5d4-487f-925e-3f82f15a5499&quot;,
      &quot;id&quot;: 30262,
      &quot;status&quot;: &quot;REVOKED&quot;,
      &quot;approvedDate&quot;: &quot;2017-02-08T20:02:20.286Z&quot;,
      &quot;revokedDate&quot;: &quot;2017-02-08T20:48:21.119Z&quot;,
      &quot;applicationId&quot;: 43379,
      &quot;application&quot;: {
        &quot;audit&quot;: {
          &quot;created&quot;: {
            &quot;date&quot;: &quot;2017-02-08T20:02:18.032Z&quot;
          },
          &quot;updated&quot;: {}
        },
        &quot;id&quot;: 43379,
        &quot;name&quot;: &quot;pTest ClientID AppPerf eqlndap&quot;,
        &quot;description&quot;: &quot;Application description&quot;,
        &quot;coreServicesId&quot;: &quot;247f9d242630485f98336820a55b912b&quot;,
        &quot;url&quot;: &quot;http://localhost:1234&quot;
      },
      &quot;apiVersionId&quot;: 2161,
      &quot;apiVersion&quot;: {
        &quot;audit&quot;: {
          &quot;created&quot;: {},
          &quot;updated&quot;: {}
        },
        &quot;id&quot;: 2161,
        &quot;apiId&quot;: 2053
      },
      &quot;partyId&quot;: &quot;&quot;,
      &quot;partyName&quot;: &quot;&quot;
    },
    {
      &quot;audit&quot;: {
        &quot;created&quot;: {
          &quot;date&quot;: &quot;2017-02-08T20:01:56.378Z&quot;
        },
        &quot;updated&quot;: {
          &quot;date&quot;: &quot;2017-02-08T20:48:22.276Z&quot;
        }
      },
      &quot;masterOrganizationId&quot;: &quot;5000db95-c5d4-487f-925e-3f82f15a5499&quot;,
      &quot;organizationId&quot;: &quot;5000db95-c5d4-487f-925e-3f82f15a5499&quot;,
      &quot;id&quot;: 30256,
      &quot;status&quot;: &quot;REVOKED&quot;,
      &quot;approvedDate&quot;: &quot;2017-02-08T20:01:56.412Z&quot;,
      &quot;revokedDate&quot;: &quot;2017-02-08T20:48:22.276Z&quot;,
      &quot;applicationId&quot;: 43373,
      &quot;application&quot;: {
        &quot;audit&quot;: {
          &quot;created&quot;: {
            &quot;date&quot;: &quot;2017-02-08T20:01:54.086Z&quot;
          },
          &quot;updated&quot;: {}
        },
        &quot;id&quot;: 43373,
        &quot;name&quot;: &quot;pTest ClientID AppPerf eqhonug&quot;,
        &quot;description&quot;: &quot;Application description&quot;,
        &quot;coreServicesId&quot;: &quot;180427cd5e67499e978079c721129d56&quot;,
        &quot;url&quot;: &quot;http://localhost:1234&quot;
      },
      &quot;apiVersionId&quot;: 2161,
      &quot;apiVersion&quot;: {
        &quot;audit&quot;: {
          &quot;created&quot;: {},
          &quot;updated&quot;: {}
        },
        &quot;id&quot;: 2161,
        &quot;apiId&quot;: 2053
      },
      &quot;partyId&quot;: &quot;&quot;,
      &quot;partyName&quot;: &quot;&quot;
    },
    {
      &quot;audit&quot;: {
        &quot;created&quot;: {
          &quot;date&quot;: &quot;2017-02-08T20:01:52.159Z&quot;
        },
        &quot;updated&quot;: {
          &quot;date&quot;: &quot;2017-02-08T20:48:23.438Z&quot;
        }
      },
      &quot;masterOrganizationId&quot;: &quot;5000db95-c5d4-487f-925e-3f82f15a5499&quot;,
      &quot;organizationId&quot;: &quot;5000db95-c5d4-487f-925e-3f82f15a5499&quot;,
      &quot;id&quot;: 30255,
      &quot;status&quot;: &quot;REVOKED&quot;,
      &quot;approvedDate&quot;: &quot;2017-02-08T20:01:52.197Z&quot;,
      &quot;revokedDate&quot;: &quot;2017-02-08T20:48:23.438Z&quot;,
      &quot;applicationId&quot;: 43372,
      &quot;application&quot;: {
        &quot;audit&quot;: {
          &quot;created&quot;: {
            &quot;date&quot;: &quot;2017-02-08T20:01:49.532Z&quot;
          },
          &quot;updated&quot;: {}
        },
        &quot;id&quot;: 43372,
        &quot;name&quot;: &quot;pTest ClientID AppPerf efftxkc&quot;,
        &quot;description&quot;: &quot;Application description&quot;,
        &quot;coreServicesId&quot;: &quot;0352ecf1c0a444d781e665dac9542c39&quot;,
        &quot;url&quot;: &quot;http://localhost:1234&quot;
      },
      &quot;apiVersionId&quot;: 2161,
      &quot;apiVersion&quot;: {
        &quot;audit&quot;: {
          &quot;created&quot;: {},
          &quot;updated&quot;: {}
        },
        &quot;id&quot;: 2161,
        &quot;apiId&quot;: 2053
      },
      &quot;partyId&quot;: &quot;&quot;,
      &quot;partyName&quot;: &quot;&quot;
    },
    {
      &quot;audit&quot;: {
        &quot;created&quot;: {
          &quot;date&quot;: &quot;2017-02-08T19:59:59.836Z&quot;
        },
        &quot;updated&quot;: {
          &quot;date&quot;: &quot;2017-02-08T20:48:24.616Z&quot;
        }
      },
      &quot;masterOrganizationId&quot;: &quot;5000db95-c5d4-487f-925e-3f82f15a5499&quot;,
      &quot;organizationId&quot;: &quot;5000db95-c5d4-487f-925e-3f82f15a5499&quot;,
      &quot;id&quot;: 30228,
      &quot;status&quot;: &quot;REVOKED&quot;,
      &quot;approvedDate&quot;: &quot;2017-02-08T19:59:59.892Z&quot;,
      &quot;revokedDate&quot;: &quot;2017-02-08T20:48:24.616Z&quot;,
      &quot;applicationId&quot;: 43345,
      &quot;application&quot;: {
        &quot;audit&quot;: {
          &quot;created&quot;: {
            &quot;date&quot;: &quot;2017-02-08T19:59:57.454Z&quot;
          },
          &quot;updated&quot;: {}
        },
        &quot;id&quot;: 43345,
        &quot;name&quot;: &quot;pTest ClientID AppPerf eeisacf&quot;,
        &quot;description&quot;: &quot;Application description&quot;,
        &quot;coreServicesId&quot;: &quot;c697c97705124cce87bc1acd2ef2ba7d&quot;,
        &quot;url&quot;: &quot;http://localhost:1234&quot;
      },
      &quot;apiVersionId&quot;: 2161,
      &quot;apiVersion&quot;: {
        &quot;audit&quot;: {
          &quot;created&quot;: {},
          &quot;updated&quot;: {}
        },
        &quot;id&quot;: 2161,
        &quot;apiId&quot;: 2053
      },
      &quot;partyId&quot;: &quot;&quot;,
      &quot;partyName&quot;: &quot;&quot;
    },
    {
      &quot;audit&quot;: {
        &quot;created&quot;: {
          &quot;date&quot;: &quot;2017-02-08T20:03:33.788Z&quot;
        },
        &quot;updated&quot;: {
          &quot;date&quot;: &quot;2017-02-08T20:48:25.741Z&quot;
        }
      },
      &quot;masterOrganizationId&quot;: &quot;5000db95-c5d4-487f-925e-3f82f15a5499&quot;,
      &quot;organizationId&quot;: &quot;5000db95-c5d4-487f-925e-3f82f15a5499&quot;,
      &quot;id&quot;: 30278,
      &quot;status&quot;: &quot;REVOKED&quot;,
      &quot;approvedDate&quot;: &quot;2017-02-08T20:03:33.858Z&quot;,
      &quot;revokedDate&quot;: &quot;2017-02-08T20:48:25.741Z&quot;,
      &quot;applicationId&quot;: 43395,
      &quot;application&quot;: {
        &quot;audit&quot;: {
          &quot;created&quot;: {
            &quot;date&quot;: &quot;2017-02-08T20:03:31.650Z&quot;
          },
          &quot;updated&quot;: {}
        },
        &quot;id&quot;: 43395,
        &quot;name&quot;: &quot;pTest ClientID AppPerf ecuuzfd&quot;,
        &quot;description&quot;: &quot;Application description&quot;,
        &quot;coreServicesId&quot;: &quot;eac27a5f31a84f1e910a085ebe46da58&quot;,
        &quot;url&quot;: &quot;http://localhost:1234&quot;
      },
      &quot;apiVersionId&quot;: 2161,
      &quot;apiVersion&quot;: {
        &quot;audit&quot;: {
          &quot;created&quot;: {},
          &quot;updated&quot;: {}
        },
        &quot;id&quot;: 2161,
        &quot;apiId&quot;: 2053
      },
      &quot;partyId&quot;: &quot;&quot;,
      &quot;partyName&quot;: &quot;&quot;
    },
    {
      &quot;audit&quot;: {
        &quot;created&quot;: {
          &quot;date&quot;: &quot;2017-02-08T19:58:00.418Z&quot;
        },
        &quot;updated&quot;: {
          &quot;date&quot;: &quot;2017-02-08T20:48:26.873Z&quot;
        }
      },
      &quot;masterOrganizationId&quot;: &quot;5000db95-c5d4-487f-925e-3f82f15a5499&quot;,
      &quot;organizationId&quot;: &quot;5000db95-c5d4-487f-925e-3f82f15a5499&quot;,
      &quot;id&quot;: 30199,
      &quot;status&quot;: &quot;REVOKED&quot;,
      &quot;approvedDate&quot;: &quot;2017-02-08T19:58:00.467Z&quot;,
      &quot;revokedDate&quot;: &quot;2017-02-08T20:48:26.873Z&quot;,
      &quot;applicationId&quot;: 43316,
      &quot;application&quot;: {
        &quot;audit&quot;: {
          &quot;created&quot;: {
            &quot;date&quot;: &quot;2017-02-08T19:57:58.298Z&quot;
          },
          &quot;updated&quot;: {}
        },
        &quot;id&quot;: 43316,
        &quot;name&quot;: &quot;pTest ClientID AppPerf dubmrga&quot;,
        &quot;description&quot;: &quot;Application description&quot;,
        &quot;coreServicesId&quot;: &quot;d59854cc5113481f818622a342e918bc&quot;,
        &quot;url&quot;: &quot;http://localhost:1234&quot;
      },
      &quot;apiVersionId&quot;: 2161,
      &quot;apiVersion&quot;: {
        &quot;audit&quot;: {
          &quot;created&quot;: {},
          &quot;updated&quot;: {}
        },
        &quot;id&quot;: 2161,
        &quot;apiId&quot;: 2053
      },
      &quot;partyId&quot;: &quot;&quot;,
      &quot;partyName&quot;: &quot;&quot;
    },
    {
      &quot;audit&quot;: {
        &quot;created&quot;: {
          &quot;date&quot;: &quot;2017-02-08T20:01:22.309Z&quot;
        },
        &quot;updated&quot;: {
          &quot;date&quot;: &quot;2017-02-08T20:48:28.008Z&quot;
        }
      },
      &quot;masterOrganizationId&quot;: &quot;5000db95-c5d4-487f-925e-3f82f15a5499&quot;,
      &quot;organizationId&quot;: &quot;5000db95-c5d4-487f-925e-3f82f15a5499&quot;,
      &quot;id&quot;: 30248,
      &quot;status&quot;: &quot;REVOKED&quot;,
      &quot;approvedDate&quot;: &quot;2017-02-08T20:01:22.348Z&quot;,
      &quot;revokedDate&quot;: &quot;2017-02-08T20:48:28.008Z&quot;,
      &quot;applicationId&quot;: 43365,
      &quot;application&quot;: {
        &quot;audit&quot;: {
          &quot;created&quot;: {
            &quot;date&quot;: &quot;2017-02-08T20:01:20.176Z&quot;
          },
          &quot;updated&quot;: {}
        },
        &quot;id&quot;: 43365,
        &quot;name&quot;: &quot;pTest ClientID AppPerf dryxkcs&quot;,
        &quot;description&quot;: &quot;Application description&quot;,
        &quot;coreServicesId&quot;: &quot;c3578db3b79442b58ab633a853bbac48&quot;,
        &quot;url&quot;: &quot;http://localhost:1234&quot;
      },
      &quot;apiVersionId&quot;: 2161,
      &quot;apiVersion&quot;: {
        &quot;audit&quot;: {
          &quot;created&quot;: {},
          &quot;updated&quot;: {}
        },
        &quot;id&quot;: 2161,
        &quot;apiId&quot;: 2053
      },
      &quot;partyId&quot;: &quot;&quot;,
      &quot;partyName&quot;: &quot;&quot;
    },
    {
      &quot;audit&quot;: {
        &quot;created&quot;: {
          &quot;date&quot;: &quot;2017-02-08T19:58:24.741Z&quot;
        },
        &quot;updated&quot;: {
          &quot;date&quot;: &quot;2017-02-08T20:48:29.125Z&quot;
        }
      },
      &quot;masterOrganizationId&quot;: &quot;5000db95-c5d4-487f-925e-3f82f15a5499&quot;,
      &quot;organizationId&quot;: &quot;5000db95-c5d4-487f-925e-3f82f15a5499&quot;,
      &quot;id&quot;: 30205,
      &quot;status&quot;: &quot;REVOKED&quot;,
      &quot;approvedDate&quot;: &quot;2017-02-08T19:58:24.800Z&quot;,
      &quot;revokedDate&quot;: &quot;2017-02-08T20:48:29.125Z&quot;,
      &quot;applicationId&quot;: 43322,
      &quot;application&quot;: {
        &quot;audit&quot;: {
          &quot;created&quot;: {
            &quot;date&quot;: &quot;2017-02-08T19:58:22.585Z&quot;
          },
          &quot;updated&quot;: {}
        },
        &quot;id&quot;: 43322,
        &quot;name&quot;: &quot;pTest ClientID AppPerf dqtnako&quot;,
        &quot;description&quot;: &quot;Application description&quot;,
        &quot;coreServicesId&quot;: &quot;1da66545aaa64b2481d4ced619902f82&quot;,
        &quot;url&quot;: &quot;http://localhost:1234&quot;
      },
      &quot;apiVersionId&quot;: 2161,
      &quot;apiVersion&quot;: {
        &quot;audit&quot;: {
          &quot;created&quot;: {},
          &quot;updated&quot;: {}
        },
        &quot;id&quot;: 2161,
        &quot;apiId&quot;: 2053
      },
      &quot;partyId&quot;: &quot;&quot;,
      &quot;partyName&quot;: &quot;&quot;
    },
    {
      &quot;audit&quot;: {
        &quot;created&quot;: {
          &quot;date&quot;: &quot;2017-02-08T20:01:38.093Z&quot;
        },
        &quot;updated&quot;: {
          &quot;date&quot;: &quot;2017-02-08T20:48:31.017Z&quot;
        }
      },
      &quot;masterOrganizationId&quot;: &quot;5000db95-c5d4-487f-925e-3f82f15a5499&quot;,
      &quot;organizationId&quot;: &quot;5000db95-c5d4-487f-925e-3f82f15a5499&quot;,
      &quot;id&quot;: 30252,
      &quot;status&quot;: &quot;REVOKED&quot;,
      &quot;approvedDate&quot;: &quot;2017-02-08T20:01:38.151Z&quot;,
      &quot;revokedDate&quot;: &quot;2017-02-08T20:48:31.017Z&quot;,
      &quot;applicationId&quot;: 43369,
      &quot;application&quot;: {
        &quot;audit&quot;: {
          &quot;created&quot;: {
            &quot;date&quot;: &quot;2017-02-08T20:01:36.021Z&quot;
          },
          &quot;updated&quot;: {}
        },
        &quot;id&quot;: 43369,
        &quot;name&quot;: &quot;pTest ClientID AppPerf dofsmha&quot;,
        &quot;description&quot;: &quot;Application description&quot;,
        &quot;coreServicesId&quot;: &quot;af14617963da4723a070b0501fa8a2d8&quot;,
        &quot;url&quot;: &quot;http://localhost:1234&quot;
      },
      &quot;apiVersionId&quot;: 2161,
      &quot;apiVersion&quot;: {
        &quot;audit&quot;: {
          &quot;created&quot;: {},
          &quot;updated&quot;: {}
        },
        &quot;id&quot;: 2161,
        &quot;apiId&quot;: 2053
      },
      &quot;partyId&quot;: &quot;&quot;,
      &quot;partyName&quot;: &quot;&quot;
    },
    {
      &quot;audit&quot;: {
        &quot;created&quot;: {
          &quot;date&quot;: &quot;2017-02-08T19:57:44.077Z&quot;
        },
        &quot;updated&quot;: {
          &quot;date&quot;: &quot;2017-02-08T20:48:32.231Z&quot;
        }
      },
      &quot;masterOrganizationId&quot;: &quot;5000db95-c5d4-487f-925e-3f82f15a5499&quot;,
      &quot;organizationId&quot;: &quot;5000db95-c5d4-487f-925e-3f82f15a5499&quot;,
      &quot;id&quot;: 30195,
      &quot;status&quot;: &quot;REVOKED&quot;,
      &quot;approvedDate&quot;: &quot;2017-02-08T19:57:44.131Z&quot;,
      &quot;revokedDate&quot;: &quot;2017-02-08T20:48:32.231Z&quot;,
      &quot;applicationId&quot;: 43312,
      &quot;application&quot;: {
        &quot;audit&quot;: {
          &quot;created&quot;: {
            &quot;date&quot;: &quot;2017-02-08T19:57:41.990Z&quot;
          },
          &quot;updated&quot;: {}
        },
        &quot;id&quot;: 43312,
        &quot;name&quot;: &quot;pTest ClientID AppPerf ddikusy&quot;,
        &quot;description&quot;: &quot;Application description&quot;,
        &quot;coreServicesId&quot;: &quot;c7c40dd14c444f97a61ffe3d014ac8c6&quot;,
        &quot;url&quot;: &quot;http://localhost:1234&quot;
      },
      &quot;apiVersionId&quot;: 2161,
      &quot;apiVersion&quot;: {
        &quot;audit&quot;: {
          &quot;created&quot;: {},
          &quot;updated&quot;: {}
        },
        &quot;id&quot;: 2161,
        &quot;apiId&quot;: 2053
      },
      &quot;partyId&quot;: &quot;&quot;,
      &quot;partyName&quot;: &quot;&quot;
    },
    {
      &quot;audit&quot;: {
        &quot;created&quot;: {
          &quot;date&quot;: &quot;2017-02-08T19:59:26.861Z&quot;
        },
        &quot;updated&quot;: {
          &quot;date&quot;: &quot;2017-02-08T20:48:33.450Z&quot;
        }
      },
      &quot;masterOrganizationId&quot;: &quot;5000db95-c5d4-487f-925e-3f82f15a5499&quot;,
      &quot;organizationId&quot;: &quot;5000db95-c5d4-487f-925e-3f82f15a5499&quot;,
      &quot;id&quot;: 30220,
      &quot;status&quot;: &quot;REVOKED&quot;,
      &quot;approvedDate&quot;: &quot;2017-02-08T19:59:26.898Z&quot;,
      &quot;revokedDate&quot;: &quot;2017-02-08T20:48:33.450Z&quot;,
      &quot;applicationId&quot;: 43337,
      &quot;application&quot;: {
        &quot;audit&quot;: {
          &quot;created&quot;: {
            &quot;date&quot;: &quot;2017-02-08T19:59:24.620Z&quot;
          },
          &quot;updated&quot;: {}
        },
        &quot;id&quot;: 43337,
        &quot;name&quot;: &quot;pTest ClientID AppPerf cvkxlar&quot;,
        &quot;description&quot;: &quot;Application description&quot;,
        &quot;coreServicesId&quot;: &quot;1ea10f767be541a6820ce52324bea46e&quot;,
        &quot;url&quot;: &quot;http://localhost:1234&quot;
      },
      &quot;apiVersionId&quot;: 2161,
      &quot;apiVersion&quot;: {
        &quot;audit&quot;: {
          &quot;created&quot;: {},
          &quot;updated&quot;: {}
        },
        &quot;id&quot;: 2161,
        &quot;apiId&quot;: 2053
      },
      &quot;partyId&quot;: &quot;&quot;,
      &quot;partyName&quot;: &quot;&quot;
    },
    {
      &quot;audit&quot;: {
        &quot;created&quot;: {
          &quot;date&quot;: &quot;2017-02-08T20:01:47.413Z&quot;
        },
        &quot;updated&quot;: {
          &quot;date&quot;: &quot;2017-02-08T20:48:34.607Z&quot;
        }
      },
      &quot;masterOrganizationId&quot;: &quot;5000db95-c5d4-487f-925e-3f82f15a5499&quot;,
      &quot;organizationId&quot;: &quot;5000db95-c5d4-487f-925e-3f82f15a5499&quot;,
      &quot;id&quot;: 30254,
      &quot;status&quot;: &quot;REVOKED&quot;,
      &quot;approvedDate&quot;: &quot;2017-02-08T20:01:47.537Z&quot;,
      &quot;revokedDate&quot;: &quot;2017-02-08T20:48:34.607Z&quot;,
      &quot;applicationId&quot;: 43371,
      &quot;application&quot;: {
        &quot;audit&quot;: {
          &quot;created&quot;: {
            &quot;date&quot;: &quot;2017-02-08T20:01:44.664Z&quot;
          },
          &quot;updated&quot;: {}
        },
        &quot;id&quot;: 43371,
        &quot;name&quot;: &quot;pTest ClientID AppPerf cjeqmdk&quot;,
        &quot;description&quot;: &quot;Application description&quot;,
        &quot;coreServicesId&quot;: &quot;ca60d8dda0ab421da30355348515378d&quot;,
        &quot;url&quot;: &quot;http://localhost:1234&quot;
      },
      &quot;apiVersionId&quot;: 2161,
      &quot;apiVersion&quot;: {
        &quot;audit&quot;: {
          &quot;created&quot;: {},
          &quot;updated&quot;: {}
        },
        &quot;id&quot;: 2161,
        &quot;apiId&quot;: 2053
      },
      &quot;partyId&quot;: &quot;&quot;,
      &quot;partyName&quot;: &quot;&quot;
    },
    {
      &quot;audit&quot;: {
        &quot;created&quot;: {
          &quot;date&quot;: &quot;2017-02-08T19:57:48.414Z&quot;
        },
        &quot;updated&quot;: {
          &quot;date&quot;: &quot;2017-02-08T20:48:35.808Z&quot;
        }
      },
      &quot;masterOrganizationId&quot;: &quot;5000db95-c5d4-487f-925e-3f82f15a5499&quot;,
      &quot;organizationId&quot;: &quot;5000db95-c5d4-487f-925e-3f82f15a5499&quot;,
      &quot;id&quot;: 30196,
      &quot;status&quot;: &quot;REVOKED&quot;,
      &quot;approvedDate&quot;: &quot;2017-02-08T19:57:48.469Z&quot;,
      &quot;revokedDate&quot;: &quot;2017-02-08T20:48:35.808Z&quot;,
      &quot;applicationId&quot;: 43313,
      &quot;application&quot;: {
        &quot;audit&quot;: {
          &quot;created&quot;: {
            &quot;date&quot;: &quot;2017-02-08T19:57:46.227Z&quot;
          },
          &quot;updated&quot;: {}
        },
        &quot;id&quot;: 43313,
        &quot;name&quot;: &quot;pTest ClientID AppPerf btckwht&quot;,
        &quot;description&quot;: &quot;Application description&quot;,
        &quot;coreServicesId&quot;: &quot;23ce1cc850c34ebbb584051dcd997721&quot;,
        &quot;url&quot;: &quot;http://localhost:1234&quot;
      },
      &quot;apiVersionId&quot;: 2161,
      &quot;apiVersion&quot;: {
        &quot;audit&quot;: {
          &quot;created&quot;: {},
          &quot;updated&quot;: {}
        },
        &quot;id&quot;: 2161,
        &quot;apiId&quot;: 2053
      },
      &quot;partyId&quot;: &quot;&quot;,
      &quot;partyName&quot;: &quot;&quot;
    },
    {
      &quot;audit&quot;: {
        &quot;created&quot;: {
          &quot;date&quot;: &quot;2017-02-08T20:00:08.300Z&quot;
        },
        &quot;updated&quot;: {
          &quot;date&quot;: &quot;2017-02-08T20:48:36.980Z&quot;
        }
      },
      &quot;masterOrganizationId&quot;: &quot;5000db95-c5d4-487f-925e-3f82f15a5499&quot;,
      &quot;organizationId&quot;: &quot;5000db95-c5d4-487f-925e-3f82f15a5499&quot;,
      &quot;id&quot;: 30230,
      &quot;status&quot;: &quot;REVOKED&quot;,
      &quot;approvedDate&quot;: &quot;2017-02-08T20:00:08.343Z&quot;,
      &quot;revokedDate&quot;: &quot;2017-02-08T20:48:36.980Z&quot;,
      &quot;applicationId&quot;: 43347,
      &quot;application&quot;: {
        &quot;audit&quot;: {
          &quot;created&quot;: {
            &quot;date&quot;: &quot;2017-02-08T20:00:06.282Z&quot;
          },
          &quot;updated&quot;: {}
        },
        &quot;id&quot;: 43347,
        &quot;name&quot;: &quot;pTest ClientID AppPerf befhgne&quot;,
        &quot;description&quot;: &quot;Application description&quot;,
        &quot;coreServicesId&quot;: &quot;6967ff1690394b71b709ee00b58c1485&quot;,
        &quot;url&quot;: &quot;http://localhost:1234&quot;
      },
      &quot;apiVersionId&quot;: 2161,
      &quot;apiVersion&quot;: {
        &quot;audit&quot;: {
          &quot;created&quot;: {},
          &quot;updated&quot;: {}
        },
        &quot;id&quot;: 2161,
        &quot;apiId&quot;: 2053
      },
      &quot;partyId&quot;: &quot;&quot;,
      &quot;partyName&quot;: &quot;&quot;
    },
    {
      &quot;audit&quot;: {
        &quot;created&quot;: {
          &quot;date&quot;: &quot;2017-02-08T19:57:31.355Z&quot;
        },
        &quot;updated&quot;: {
          &quot;date&quot;: &quot;2017-02-08T20:48:38.188Z&quot;
        }
      },
      &quot;masterOrganizationId&quot;: &quot;5000db95-c5d4-487f-925e-3f82f15a5499&quot;,
      &quot;organizationId&quot;: &quot;5000db95-c5d4-487f-925e-3f82f15a5499&quot;,
      &quot;id&quot;: 30192,
      &quot;status&quot;: &quot;REVOKED&quot;,
      &quot;approvedDate&quot;: &quot;2017-02-08T19:57:31.397Z&quot;,
      &quot;revokedDate&quot;: &quot;2017-02-08T20:48:38.188Z&quot;,
      &quot;applicationId&quot;: 43309,
      &quot;application&quot;: {
        &quot;audit&quot;: {
          &quot;created&quot;: {
            &quot;date&quot;: &quot;2017-02-08T19:57:29.204Z&quot;
          },
          &quot;updated&quot;: {}
        },
        &quot;id&quot;: 43309,
        &quot;name&quot;: &quot;pTest ClientID AppPerf adxkhjf&quot;,
        &quot;description&quot;: &quot;Application description&quot;,
        &quot;coreServicesId&quot;: &quot;d7e09ee41a734f0d9a80c9940406d22a&quot;,
        &quot;url&quot;: &quot;http://localhost:1234&quot;
      },
      &quot;apiVersionId&quot;: 2161,
      &quot;apiVersion&quot;: {
        &quot;audit&quot;: {
          &quot;created&quot;: {},
          &quot;updated&quot;: {}
        },
        &quot;id&quot;: 2161,
        &quot;apiId&quot;: 2053
      },
      &quot;partyId&quot;: &quot;&quot;,
      &quot;partyName&quot;: &quot;&quot;
    }
  ]
}
----------
Request method:	DELETE
Request path:	https://qax.anypoint.mulesoft.com/apiplatform/repository/v2/organizations/5000db95-c5d4-487f-925e-3f82f15a5499/apis/2053/versions/2161/contracts/30279
Proxy:			&lt;none&gt;
Request params:	&lt;none&gt;
Query params:	&lt;none&gt;
Form params:	&lt;none&gt;
Path params:	&lt;none&gt;
Multiparts:		&lt;none&gt;
Headers:		Authorization=Bearer eyJ0eXAiOiJKV1QiLCJhbGciOiJIUzI1NiJ9.eyJpZCI6IjUwMDAzN2NkLTJjZmQtNGRhNC1iZWQ3LTU3Mzg0ZGViMDYyYiIsImZpcnN0TmFtZSI6IkZlZGVyYXRlZCIsImxhc3ROYW1lIjoiRXh0ZXJuYWwiLCJlbWFpbCI6ImNocmlzdG9waGVyLm1vcmR1ZUBtdWxlc29mdC5jb20iLCJ1c2VybmFtZSI6ImZlZGVyYXRlZF9leHRlcm5hbCIsIm9yZ2FuaXphdGlvbiI6eyJpZCI6IjUwMDBkYjk1LWM1ZDQtNDg3Zi05MjVlLTNmODJmMTVhNTQ5OSIsIm5hbWUiOiJGZWRlcmF0ZWQgSW5jIEV4dGVybmFsIEF1dGhvcml6YXRpb24iLCJkb21haW4iOiJmZWRlcmF0ZWQtZXh0ZXJuYWwiLCJlbnRpdGxlbWVudHMiOnsiaHlicmlkIjp7ImVuYWJsZWQiOmZhbHNlfSwiY3JlYXRlU3ViT3JncyI6dHJ1ZSwidkNvcmVzUHJvZHVjdGlvbiI6eyJhc3NpZ25lZCI6MSwicmVhc3NpZ25lZCI6MH0sInZDb3Jlc1NhbmRib3giOnsiYXNzaWduZWQiOjEsInJlYXNzaWduZWQiOjB9LCJnbG9iYWxEZXBsb3ltZW50IjpmYWxzZSwid29ya2VyTG9nZ2luZ092ZXJyaWRlIjp7ImVuYWJsZWQiOmZhbHNlfSwiZ2F0ZXdheXMiOnsiYXNzaWduZWQiOjB9LCJjcmVhdGVFbnZpcm9ubWVudHMiOnRydWUsInBhcnRuZXJzUHJvZHVjdGlvbiI6eyJhc3NpZ25lZCI6MH0sInBhcnRuZXJzU2FuZGJveCI6eyJhc3NpZ25lZCI6MH0sImF1dG9zY2FsaW5nIjpmYWxzZSwic3RhdGljSXBzIjp7ImFzc2lnbmVkIjowLCJyZWFzc2lnbmVkIjowfSwiYXJtQWxlcnRzIjpmYWxzZSwiYXBpcyI6eyJlbmFibGVkIjp0cnVlfSwibXFNZXNzYWdlcyI6eyJiYXNlIjowLCJhZGRPbiI6MH0sIm1xUmVxdWVzdHMiOnsiYmFzZSI6MCwiYWRkT24iOjB9LCJleHRlcm5hbElkZW50aXR5Ijp0cnVlLCJtcUFkdmFuY2VkRmVhdHVyZXMiOnsiZW5hYmxlZCI6ZmFsc2V9LCJ2cGNzIjp7ImFzc2lnbmVkIjowLCJyZWFzc2lnbmVkIjowfSwiaHlicmlkSW5zaWdodCI6ZmFsc2UsImRlc2lnbkNlbnRlciI6eyJtb3phcnQiOmZhbHNlLCJhcGkiOmZhbHNlfSwib2JqZWN0U3RvcmVSZXF1ZXN0VW5pdHMiOnsiYmFzZSI6MTUwMDAwMDAsImFkZE9uIjowfSwib2JqZWN0U3RvcmVLZXlzIjp7ImJhc2UiOjEwMDAwMCwiYWRkT24iOjB9LCJjYW0iOnsiZW5hYmxlZCI6ZmFsc2V9LCJsb2FkQmFsYW5jZXIiOnsiYXNzaWduZWQiOjAsInJlYXNzaWduZWQiOjB9LCJtZXNzYWdpbmciOnsiYXNzaWduZWQiOjB9fSwiZXh0ZXJuYWxBdXRob3JpemF0aW9uIjp0cnVlLCJleHRlcm5hbEF1dGhvcml6YXRpb25Qcm92aWRlciI6eyJuYW1lIjoiUG9ydGFsIEFwcGxpY2F0aW9uIE1hbmFnZW1lbnQgU3lzdGVtIChQQU1TKSIsInVybCI6Imh0dHBzOi8vd3NneC10ZXN0LmNpc2NvLmNvbS9wYW1zL2x0L2NlcG1TZXJ2aWNlL3YxLjUvbWdyc3J2cyIsInZlcnNpb24iOiIxLjUifSwiaWRlbnRpdHlNYW5hZ2VtZW50Ijp7InR5cGUiOiJQaW5nRmVkZXJhdGUifSwib2F1dGgyU2V0dGluZ3MiOnsiYXV0aG9yaXphdGlvbkdyYW50cyI6WyJjb2RlIiwidG9rZW4iLCJvd25lciIsImNyZWRlbnRpYWxzIl0sImF1dGhvcml6YXRpb25VcmkiOiJodHRwczovL2Nsb3Vkc3NvLXRlc3QuY2lzY28uY29tL2FzL2F1dGhvcml6YXRpb24ub2F1dGgyIiwiYWNjZXNzVG9rZW5VcmkiOiJodHRwczovL2Nsb3Vkc3NvLXRlc3QuY2lzY28uY29tL2FzL3Rva2VuLm9hdXRoMiIsImdyYW50VHlwZXMiOlt7Im5hbWUiOiJwYXNzd29yZCIsImxhYmVsIjoiUmVzb3VyY2UgT3duZXIgR3JhbnQiLCJyZXF1aXJlZCI6ZmFsc2UsImV4Y2x1ZGUiOltdLCJkZXBlbmRzIjpbXX0seyJuYW1lIjoiaW1wbGljaXQiLCJsYWJlbCI6IkltcGxpY2l0IEdyYW50IiwicmVxdWlyZWQiOmZhbHNlLCJleGNsdWRlIjpbXSwiZGVwZW5kcyI6W119LHsibmFtZSI6ImNsaWVudF9jcmVkZW50aWFscyIsImxhYmVsIjoiQ2xpZW50IENyZWRlbnRpYWxzIEdyYW50IiwicmVxdWlyZWQiOmZhbHNlLCJleGNsdWRlIjpbXSwiZGVwZW5kcyI6W119LHsibmFtZSI6ImF1dGhvcml6YXRpb25fY29kZSIsImxhYmVsIjoiQXV0aG9yaXphdGlvbiBDb2RlIEdyYW50IiwicmVxdWlyZWQiOmZhbHNlLCJleGNsdWRlIjpbXSwiZGVwZW5kcyI6W119LHsibmFtZSI6InJlZnJlc2hfdG9rZW4iLCJsYWJlbCI6IlJlZnJlc2ggVG9rZW4iLCJyZXF1aXJlZCI6ZmFsc2UsImV4Y2x1ZGUiOltdLCJkZXBlbmRzIjpbImF1dGhvcml6YXRpb25fY29kZSIsInBhc3N3b3JkIl19XX19LCJpbnRlcmFjdGl2ZUxvZ2luIjp0cnVlLCJ0b2tlbiI6ImEyYzg0ODE1LThjYjgtNGE3Ni1iNmU0LTg4MGM3ZTc2MGNlYiIsImlhdCI6MTQ4NjU4Njc4OCwiYXVkIjoiaHR0cDovL2FwaS1wbGF0Zm9ybS1hcGkvcmVwb3NpdG9yeSIsImlzcyI6Imh0dHA6Ly9hcGktcGxhdGZvcm0tYXBpL3JlcG9zaXRvcnkifQ.YOsto-KJMgjQZxFXe6FFipYd8TIh4P1HIlJ5Tg6a9Ps
				Accept=*/*
				Content-Type=text/plain; charset=UTF-8
Cookies:		&lt;none&gt;
Body:			&lt;none&gt;
Request method:	DELETE
Request path:	https://qax.anypoint.mulesoft.com/apiplatform/repository/v2/organizations/5000db95-c5d4-487f-925e-3f82f15a5499/apis/2053/versions/2161/contracts/30273
Proxy:			&lt;none&gt;
Request params:	&lt;none&gt;
Query params:	&lt;none&gt;
Form params:	&lt;none&gt;
Path params:	&lt;none&gt;
Multiparts:		&lt;none&gt;
Headers:		Authorization=Bearer eyJ0eXAiOiJKV1QiLCJhbGciOiJIUzI1NiJ9.eyJpZCI6IjUwMDAzN2NkLTJjZmQtNGRhNC1iZWQ3LTU3Mzg0ZGViMDYyYiIsImZpcnN0TmFtZSI6IkZlZGVyYXRlZCIsImxhc3ROYW1lIjoiRXh0ZXJuYWwiLCJlbWFpbCI6ImNocmlzdG9waGVyLm1vcmR1ZUBtdWxlc29mdC5jb20iLCJ1c2VybmFtZSI6ImZlZGVyYXRlZF9leHRlcm5hbCIsIm9yZ2FuaXphdGlvbiI6eyJpZCI6IjUwMDBkYjk1LWM1ZDQtNDg3Zi05MjVlLTNmODJmMTVhNTQ5OSIsIm5hbWUiOiJGZWRlcmF0ZWQgSW5jIEV4dGVybmFsIEF1dGhvcml6YXRpb24iLCJkb21haW4iOiJmZWRlcmF0ZWQtZXh0ZXJuYWwiLCJlbnRpdGxlbWVudHMiOnsiaHlicmlkIjp7ImVuYWJsZWQiOmZhbHNlfSwiY3JlYXRlU3ViT3JncyI6dHJ1ZSwidkNvcmVzUHJvZHVjdGlvbiI6eyJhc3NpZ25lZCI6MSwicmVhc3NpZ25lZCI6MH0sInZDb3Jlc1NhbmRib3giOnsiYXNzaWduZWQiOjEsInJlYXNzaWduZWQiOjB9LCJnbG9iYWxEZXBsb3ltZW50IjpmYWxzZSwid29ya2VyTG9nZ2luZ092ZXJyaWRlIjp7ImVuYWJsZWQiOmZhbHNlfSwiZ2F0ZXdheXMiOnsiYXNzaWduZWQiOjB9LCJjcmVhdGVFbnZpcm9ubWVudHMiOnRydWUsInBhcnRuZXJzUHJvZHVjdGlvbiI6eyJhc3NpZ25lZCI6MH0sInBhcnRuZXJzU2FuZGJveCI6eyJhc3NpZ25lZCI6MH0sImF1dG9zY2FsaW5nIjpmYWxzZSwic3RhdGljSXBzIjp7ImFzc2lnbmVkIjowLCJyZWFzc2lnbmVkIjowfSwiYXJtQWxlcnRzIjpmYWxzZSwiYXBpcyI6eyJlbmFibGVkIjp0cnVlfSwibXFNZXNzYWdlcyI6eyJiYXNlIjowLCJhZGRPbiI6MH0sIm1xUmVxdWVzdHMiOnsiYmFzZSI6MCwiYWRkT24iOjB9LCJleHRlcm5hbElkZW50aXR5Ijp0cnVlLCJtcUFkdmFuY2VkRmVhdHVyZXMiOnsiZW5hYmxlZCI6ZmFsc2V9LCJ2cGNzIjp7ImFzc2lnbmVkIjowLCJyZWFzc2lnbmVkIjowfSwiaHlicmlkSW5zaWdodCI6ZmFsc2UsImRlc2lnbkNlbnRlciI6eyJtb3phcnQiOmZhbHNlLCJhcGkiOmZhbHNlfSwib2JqZWN0U3RvcmVSZXF1ZXN0VW5pdHMiOnsiYmFzZSI6MTUwMDAwMDAsImFkZE9uIjowfSwib2JqZWN0U3RvcmVLZXlzIjp7ImJhc2UiOjEwMDAwMCwiYWRkT24iOjB9LCJjYW0iOnsiZW5hYmxlZCI6ZmFsc2V9LCJsb2FkQmFsYW5jZXIiOnsiYXNzaWduZWQiOjAsInJlYXNzaWduZWQiOjB9LCJtZXNzYWdpbmciOnsiYXNzaWduZWQiOjB9fSwiZXh0ZXJuYWxBdXRob3JpemF0aW9uIjp0cnVlLCJleHRlcm5hbEF1dGhvcml6YXRpb25Qcm92aWRlciI6eyJuYW1lIjoiUG9ydGFsIEFwcGxpY2F0aW9uIE1hbmFnZW1lbnQgU3lzdGVtIChQQU1TKSIsInVybCI6Imh0dHBzOi8vd3NneC10ZXN0LmNpc2NvLmNvbS9wYW1zL2x0L2NlcG1TZXJ2aWNlL3YxLjUvbWdyc3J2cyIsInZlcnNpb24iOiIxLjUifSwiaWRlbnRpdHlNYW5hZ2VtZW50Ijp7InR5cGUiOiJQaW5nRmVkZXJhdGUifSwib2F1dGgyU2V0dGluZ3MiOnsiYXV0aG9yaXphdGlvbkdyYW50cyI6WyJjb2RlIiwidG9rZW4iLCJvd25lciIsImNyZWRlbnRpYWxzIl0sImF1dGhvcml6YXRpb25VcmkiOiJodHRwczovL2Nsb3Vkc3NvLXRlc3QuY2lzY28uY29tL2FzL2F1dGhvcml6YXRpb24ub2F1dGgyIiwiYWNjZXNzVG9rZW5VcmkiOiJodHRwczovL2Nsb3Vkc3NvLXRlc3QuY2lzY28uY29tL2FzL3Rva2VuLm9hdXRoMiIsImdyYW50VHlwZXMiOlt7Im5hbWUiOiJwYXNzd29yZCIsImxhYmVsIjoiUmVzb3VyY2UgT3duZXIgR3JhbnQiLCJyZXF1aXJlZCI6ZmFsc2UsImV4Y2x1ZGUiOltdLCJkZXBlbmRzIjpbXX0seyJuYW1lIjoiaW1wbGljaXQiLCJsYWJlbCI6IkltcGxpY2l0IEdyYW50IiwicmVxdWlyZWQiOmZhbHNlLCJleGNsdWRlIjpbXSwiZGVwZW5kcyI6W119LHsibmFtZSI6ImNsaWVudF9jcmVkZW50aWFscyIsImxhYmVsIjoiQ2xpZW50IENyZWRlbnRpYWxzIEdyYW50IiwicmVxdWlyZWQiOmZhbHNlLCJleGNsdWRlIjpbXSwiZGVwZW5kcyI6W119LHsibmFtZSI6ImF1dGhvcml6YXRpb25fY29kZSIsImxhYmVsIjoiQXV0aG9yaXphdGlvbiBDb2RlIEdyYW50IiwicmVxdWlyZWQiOmZhbHNlLCJleGNsdWRlIjpbXSwiZGVwZW5kcyI6W119LHsibmFtZSI6InJlZnJlc2hfdG9rZW4iLCJsYWJlbCI6IlJlZnJlc2ggVG9rZW4iLCJyZXF1aXJlZCI6ZmFsc2UsImV4Y2x1ZGUiOltdLCJkZXBlbmRzIjpbImF1dGhvcml6YXRpb25fY29kZSIsInBhc3N3b3JkIl19XX19LCJpbnRlcmFjdGl2ZUxvZ2luIjp0cnVlLCJ0b2tlbiI6ImEyYzg0ODE1LThjYjgtNGE3Ni1iNmU0LTg4MGM3ZTc2MGNlYiIsImlhdCI6MTQ4NjU4Njc4OCwiYXVkIjoiaHR0cDovL2FwaS1wbGF0Zm9ybS1hcGkvcmVwb3NpdG9yeSIsImlzcyI6Imh0dHA6Ly9hcGktcGxhdGZvcm0tYXBpL3JlcG9zaXRvcnkifQ.YOsto-KJMgjQZxFXe6FFipYd8TIh4P1HIlJ5Tg6a9Ps
				Accept=*/*
				Content-Type=text/plain; charset=UTF-8
Cookies:		&lt;none&gt;
Body:			&lt;none&gt;
Request method:	DELETE
Request path:	https://qax.anypoint.mulesoft.com/apiplatform/repository/v2/organizations/5000db95-c5d4-487f-925e-3f82f15a5499/apis/2053/versions/2161/contracts/30218
Proxy:			&lt;none&gt;
Request params:	&lt;none&gt;
Query params:	&lt;none&gt;
Form params:	&lt;none&gt;
Path params:	&lt;none&gt;
Multiparts:		&lt;none&gt;
Headers:		Authorization=Bearer eyJ0eXAiOiJKV1QiLCJhbGciOiJIUzI1NiJ9.eyJpZCI6IjUwMDAzN2NkLTJjZmQtNGRhNC1iZWQ3LTU3Mzg0ZGViMDYyYiIsImZpcnN0TmFtZSI6IkZlZGVyYXRlZCIsImxhc3ROYW1lIjoiRXh0ZXJuYWwiLCJlbWFpbCI6ImNocmlzdG9waGVyLm1vcmR1ZUBtdWxlc29mdC5jb20iLCJ1c2VybmFtZSI6ImZlZGVyYXRlZF9leHRlcm5hbCIsIm9yZ2FuaXphdGlvbiI6eyJpZCI6IjUwMDBkYjk1LWM1ZDQtNDg3Zi05MjVlLTNmODJmMTVhNTQ5OSIsIm5hbWUiOiJGZWRlcmF0ZWQgSW5jIEV4dGVybmFsIEF1dGhvcml6YXRpb24iLCJkb21haW4iOiJmZWRlcmF0ZWQtZXh0ZXJuYWwiLCJlbnRpdGxlbWVudHMiOnsiaHlicmlkIjp7ImVuYWJsZWQiOmZhbHNlfSwiY3JlYXRlU3ViT3JncyI6dHJ1ZSwidkNvcmVzUHJvZHVjdGlvbiI6eyJhc3NpZ25lZCI6MSwicmVhc3NpZ25lZCI6MH0sInZDb3Jlc1NhbmRib3giOnsiYXNzaWduZWQiOjEsInJlYXNzaWduZWQiOjB9LCJnbG9iYWxEZXBsb3ltZW50IjpmYWxzZSwid29ya2VyTG9nZ2luZ092ZXJyaWRlIjp7ImVuYWJsZWQiOmZhbHNlfSwiZ2F0ZXdheXMiOnsiYXNzaWduZWQiOjB9LCJjcmVhdGVFbnZpcm9ubWVudHMiOnRydWUsInBhcnRuZXJzUHJvZHVjdGlvbiI6eyJhc3NpZ25lZCI6MH0sInBhcnRuZXJzU2FuZGJveCI6eyJhc3NpZ25lZCI6MH0sImF1dG9zY2FsaW5nIjpmYWxzZSwic3RhdGljSXBzIjp7ImFzc2lnbmVkIjowLCJyZWFzc2lnbmVkIjowfSwiYXJtQWxlcnRzIjpmYWxzZSwiYXBpcyI6eyJlbmFibGVkIjp0cnVlfSwibXFNZXNzYWdlcyI6eyJiYXNlIjowLCJhZGRPbiI6MH0sIm1xUmVxdWVzdHMiOnsiYmFzZSI6MCwiYWRkT24iOjB9LCJleHRlcm5hbElkZW50aXR5Ijp0cnVlLCJtcUFkdmFuY2VkRmVhdHVyZXMiOnsiZW5hYmxlZCI6ZmFsc2V9LCJ2cGNzIjp7ImFzc2lnbmVkIjowLCJyZWFzc2lnbmVkIjowfSwiaHlicmlkSW5zaWdodCI6ZmFsc2UsImRlc2lnbkNlbnRlciI6eyJtb3phcnQiOmZhbHNlLCJhcGkiOmZhbHNlfSwib2JqZWN0U3RvcmVSZXF1ZXN0VW5pdHMiOnsiYmFzZSI6MTUwMDAwMDAsImFkZE9uIjowfSwib2JqZWN0U3RvcmVLZXlzIjp7ImJhc2UiOjEwMDAwMCwiYWRkT24iOjB9LCJjYW0iOnsiZW5hYmxlZCI6ZmFsc2V9LCJsb2FkQmFsYW5jZXIiOnsiYXNzaWduZWQiOjAsInJlYXNzaWduZWQiOjB9LCJtZXNzYWdpbmciOnsiYXNzaWduZWQiOjB9fSwiZXh0ZXJuYWxBdXRob3JpemF0aW9uIjp0cnVlLCJleHRlcm5hbEF1dGhvcml6YXRpb25Qcm92aWRlciI6eyJuYW1lIjoiUG9ydGFsIEFwcGxpY2F0aW9uIE1hbmFnZW1lbnQgU3lzdGVtIChQQU1TKSIsInVybCI6Imh0dHBzOi8vd3NneC10ZXN0LmNpc2NvLmNvbS9wYW1zL2x0L2NlcG1TZXJ2aWNlL3YxLjUvbWdyc3J2cyIsInZlcnNpb24iOiIxLjUifSwiaWRlbnRpdHlNYW5hZ2VtZW50Ijp7InR5cGUiOiJQaW5nRmVkZXJhdGUifSwib2F1dGgyU2V0dGluZ3MiOnsiYXV0aG9yaXphdGlvbkdyYW50cyI6WyJjb2RlIiwidG9rZW4iLCJvd25lciIsImNyZWRlbnRpYWxzIl0sImF1dGhvcml6YXRpb25VcmkiOiJodHRwczovL2Nsb3Vkc3NvLXRlc3QuY2lzY28uY29tL2FzL2F1dGhvcml6YXRpb24ub2F1dGgyIiwiYWNjZXNzVG9rZW5VcmkiOiJodHRwczovL2Nsb3Vkc3NvLXRlc3QuY2lzY28uY29tL2FzL3Rva2VuLm9hdXRoMiIsImdyYW50VHlwZXMiOlt7Im5hbWUiOiJwYXNzd29yZCIsImxhYmVsIjoiUmVzb3VyY2UgT3duZXIgR3JhbnQiLCJyZXF1aXJlZCI6ZmFsc2UsImV4Y2x1ZGUiOltdLCJkZXBlbmRzIjpbXX0seyJuYW1lIjoiaW1wbGljaXQiLCJsYWJlbCI6IkltcGxpY2l0IEdyYW50IiwicmVxdWlyZWQiOmZhbHNlLCJleGNsdWRlIjpbXSwiZGVwZW5kcyI6W119LHsibmFtZSI6ImNsaWVudF9jcmVkZW50aWFscyIsImxhYmVsIjoiQ2xpZW50IENyZWRlbnRpYWxzIEdyYW50IiwicmVxdWlyZWQiOmZhbHNlLCJleGNsdWRlIjpbXSwiZGVwZW5kcyI6W119LHsibmFtZSI6ImF1dGhvcml6YXRpb25fY29kZSIsImxhYmVsIjoiQXV0aG9yaXphdGlvbiBDb2RlIEdyYW50IiwicmVxdWlyZWQiOmZhbHNlLCJleGNsdWRlIjpbXSwiZGVwZW5kcyI6W119LHsibmFtZSI6InJlZnJlc2hfdG9rZW4iLCJsYWJlbCI6IlJlZnJlc2ggVG9rZW4iLCJyZXF1aXJlZCI6ZmFsc2UsImV4Y2x1ZGUiOltdLCJkZXBlbmRzIjpbImF1dGhvcml6YXRpb25fY29kZSIsInBhc3N3b3JkIl19XX19LCJpbnRlcmFjdGl2ZUxvZ2luIjp0cnVlLCJ0b2tlbiI6ImEyYzg0ODE1LThjYjgtNGE3Ni1iNmU0LTg4MGM3ZTc2MGNlYiIsImlhdCI6MTQ4NjU4Njc4OCwiYXVkIjoiaHR0cDovL2FwaS1wbGF0Zm9ybS1hcGkvcmVwb3NpdG9yeSIsImlzcyI6Imh0dHA6Ly9hcGktcGxhdGZvcm0tYXBpL3JlcG9zaXRvcnkifQ.YOsto-KJMgjQZxFXe6FFipYd8TIh4P1HIlJ5Tg6a9Ps
				Accept=*/*
				Content-Type=text/plain; charset=UTF-8
Cookies:		&lt;none&gt;
Body:			&lt;none&gt;
Request method:	DELETE
Request path:	https://qax.anypoint.mulesoft.com/apiplatform/repository/v2/organizations/5000db95-c5d4-487f-925e-3f82f15a5499/apis/2053/versions/2161/contracts/30204
Proxy:			&lt;none&gt;
Request params:	&lt;none&gt;
Query params:	&lt;none&gt;
Form params:	&lt;none&gt;
Path params:	&lt;none&gt;
Multiparts:		&lt;none&gt;
Headers:		Authorization=Bearer eyJ0eXAiOiJKV1QiLCJhbGciOiJIUzI1NiJ9.eyJpZCI6IjUwMDAzN2NkLTJjZmQtNGRhNC1iZWQ3LTU3Mzg0ZGViMDYyYiIsImZpcnN0TmFtZSI6IkZlZGVyYXRlZCIsImxhc3ROYW1lIjoiRXh0ZXJuYWwiLCJlbWFpbCI6ImNocmlzdG9waGVyLm1vcmR1ZUBtdWxlc29mdC5jb20iLCJ1c2VybmFtZSI6ImZlZGVyYXRlZF9leHRlcm5hbCIsIm9yZ2FuaXphdGlvbiI6eyJpZCI6IjUwMDBkYjk1LWM1ZDQtNDg3Zi05MjVlLTNmODJmMTVhNTQ5OSIsIm5hbWUiOiJGZWRlcmF0ZWQgSW5jIEV4dGVybmFsIEF1dGhvcml6YXRpb24iLCJkb21haW4iOiJmZWRlcmF0ZWQtZXh0ZXJuYWwiLCJlbnRpdGxlbWVudHMiOnsiaHlicmlkIjp7ImVuYWJsZWQiOmZhbHNlfSwiY3JlYXRlU3ViT3JncyI6dHJ1ZSwidkNvcmVzUHJvZHVjdGlvbiI6eyJhc3NpZ25lZCI6MSwicmVhc3NpZ25lZCI6MH0sInZDb3Jlc1NhbmRib3giOnsiYXNzaWduZWQiOjEsInJlYXNzaWduZWQiOjB9LCJnbG9iYWxEZXBsb3ltZW50IjpmYWxzZSwid29ya2VyTG9nZ2luZ092ZXJyaWRlIjp7ImVuYWJsZWQiOmZhbHNlfSwiZ2F0ZXdheXMiOnsiYXNzaWduZWQiOjB9LCJjcmVhdGVFbnZpcm9ubWVudHMiOnRydWUsInBhcnRuZXJzUHJvZHVjdGlvbiI6eyJhc3NpZ25lZCI6MH0sInBhcnRuZXJzU2FuZGJveCI6eyJhc3NpZ25lZCI6MH0sImF1dG9zY2FsaW5nIjpmYWxzZSwic3RhdGljSXBzIjp7ImFzc2lnbmVkIjowLCJyZWFzc2lnbmVkIjowfSwiYXJtQWxlcnRzIjpmYWxzZSwiYXBpcyI6eyJlbmFibGVkIjp0cnVlfSwibXFNZXNzYWdlcyI6eyJiYXNlIjowLCJhZGRPbiI6MH0sIm1xUmVxdWVzdHMiOnsiYmFzZSI6MCwiYWRkT24iOjB9LCJleHRlcm5hbElkZW50aXR5Ijp0cnVlLCJtcUFkdmFuY2VkRmVhdHVyZXMiOnsiZW5hYmxlZCI6ZmFsc2V9LCJ2cGNzIjp7ImFzc2lnbmVkIjowLCJyZWFzc2lnbmVkIjowfSwiaHlicmlkSW5zaWdodCI6ZmFsc2UsImRlc2lnbkNlbnRlciI6eyJtb3phcnQiOmZhbHNlLCJhcGkiOmZhbHNlfSwib2JqZWN0U3RvcmVSZXF1ZXN0VW5pdHMiOnsiYmFzZSI6MTUwMDAwMDAsImFkZE9uIjowfSwib2JqZWN0U3RvcmVLZXlzIjp7ImJhc2UiOjEwMDAwMCwiYWRkT24iOjB9LCJjYW0iOnsiZW5hYmxlZCI6ZmFsc2V9LCJsb2FkQmFsYW5jZXIiOnsiYXNzaWduZWQiOjAsInJlYXNzaWduZWQiOjB9LCJtZXNzYWdpbmciOnsiYXNzaWduZWQiOjB9fSwiZXh0ZXJuYWxBdXRob3JpemF0aW9uIjp0cnVlLCJleHRlcm5hbEF1dGhvcml6YXRpb25Qcm92aWRlciI6eyJuYW1lIjoiUG9ydGFsIEFwcGxpY2F0aW9uIE1hbmFnZW1lbnQgU3lzdGVtIChQQU1TKSIsInVybCI6Imh0dHBzOi8vd3NneC10ZXN0LmNpc2NvLmNvbS9wYW1zL2x0L2NlcG1TZXJ2aWNlL3YxLjUvbWdyc3J2cyIsInZlcnNpb24iOiIxLjUifSwiaWRlbnRpdHlNYW5hZ2VtZW50Ijp7InR5cGUiOiJQaW5nRmVkZXJhdGUifSwib2F1dGgyU2V0dGluZ3MiOnsiYXV0aG9yaXphdGlvbkdyYW50cyI6WyJjb2RlIiwidG9rZW4iLCJvd25lciIsImNyZWRlbnRpYWxzIl0sImF1dGhvcml6YXRpb25VcmkiOiJodHRwczovL2Nsb3Vkc3NvLXRlc3QuY2lzY28uY29tL2FzL2F1dGhvcml6YXRpb24ub2F1dGgyIiwiYWNjZXNzVG9rZW5VcmkiOiJodHRwczovL2Nsb3Vkc3NvLXRlc3QuY2lzY28uY29tL2FzL3Rva2VuLm9hdXRoMiIsImdyYW50VHlwZXMiOlt7Im5hbWUiOiJwYXNzd29yZCIsImxhYmVsIjoiUmVzb3VyY2UgT3duZXIgR3JhbnQiLCJyZXF1aXJlZCI6ZmFsc2UsImV4Y2x1ZGUiOltdLCJkZXBlbmRzIjpbXX0seyJuYW1lIjoiaW1wbGljaXQiLCJsYWJlbCI6IkltcGxpY2l0IEdyYW50IiwicmVxdWlyZWQiOmZhbHNlLCJleGNsdWRlIjpbXSwiZGVwZW5kcyI6W119LHsibmFtZSI6ImNsaWVudF9jcmVkZW50aWFscyIsImxhYmVsIjoiQ2xpZW50IENyZWRlbnRpYWxzIEdyYW50IiwicmVxdWlyZWQiOmZhbHNlLCJleGNsdWRlIjpbXSwiZGVwZW5kcyI6W119LHsibmFtZSI6ImF1dGhvcml6YXRpb25fY29kZSIsImxhYmVsIjoiQXV0aG9yaXphdGlvbiBDb2RlIEdyYW50IiwicmVxdWlyZWQiOmZhbHNlLCJleGNsdWRlIjpbXSwiZGVwZW5kcyI6W119LHsibmFtZSI6InJlZnJlc2hfdG9rZW4iLCJsYWJlbCI6IlJlZnJlc2ggVG9rZW4iLCJyZXF1aXJlZCI6ZmFsc2UsImV4Y2x1ZGUiOltdLCJkZXBlbmRzIjpbImF1dGhvcml6YXRpb25fY29kZSIsInBhc3N3b3JkIl19XX19LCJpbnRlcmFjdGl2ZUxvZ2luIjp0cnVlLCJ0b2tlbiI6ImEyYzg0ODE1LThjYjgtNGE3Ni1iNmU0LTg4MGM3ZTc2MGNlYiIsImlhdCI6MTQ4NjU4Njc4OCwiYXVkIjoiaHR0cDovL2FwaS1wbGF0Zm9ybS1hcGkvcmVwb3NpdG9yeSIsImlzcyI6Imh0dHA6Ly9hcGktcGxhdGZvcm0tYXBpL3JlcG9zaXRvcnkifQ.YOsto-KJMgjQZxFXe6FFipYd8TIh4P1HIlJ5Tg6a9Ps
				Accept=*/*
				Content-Type=text/plain; charset=UTF-8
Cookies:		&lt;none&gt;
Body:			&lt;none&gt;
Request method:	DELETE
Request path:	https://qax.anypoint.mulesoft.com/apiplatform/repository/v2/organizations/5000db95-c5d4-487f-925e-3f82f15a5499/apis/2053/versions/2161/contracts/30214
Proxy:			&lt;none&gt;
Request params:	&lt;none&gt;
Query params:	&lt;none&gt;
Form params:	&lt;none&gt;
Path params:	&lt;none&gt;
Multiparts:		&lt;none&gt;
Headers:		Authorization=Bearer eyJ0eXAiOiJKV1QiLCJhbGciOiJIUzI1NiJ9.eyJpZCI6IjUwMDAzN2NkLTJjZmQtNGRhNC1iZWQ3LTU3Mzg0ZGViMDYyYiIsImZpcnN0TmFtZSI6IkZlZGVyYXRlZCIsImxhc3ROYW1lIjoiRXh0ZXJuYWwiLCJlbWFpbCI6ImNocmlzdG9waGVyLm1vcmR1ZUBtdWxlc29mdC5jb20iLCJ1c2VybmFtZSI6ImZlZGVyYXRlZF9leHRlcm5hbCIsIm9yZ2FuaXphdGlvbiI6eyJpZCI6IjUwMDBkYjk1LWM1ZDQtNDg3Zi05MjVlLTNmODJmMTVhNTQ5OSIsIm5hbWUiOiJGZWRlcmF0ZWQgSW5jIEV4dGVybmFsIEF1dGhvcml6YXRpb24iLCJkb21haW4iOiJmZWRlcmF0ZWQtZXh0ZXJuYWwiLCJlbnRpdGxlbWVudHMiOnsiaHlicmlkIjp7ImVuYWJsZWQiOmZhbHNlfSwiY3JlYXRlU3ViT3JncyI6dHJ1ZSwidkNvcmVzUHJvZHVjdGlvbiI6eyJhc3NpZ25lZCI6MSwicmVhc3NpZ25lZCI6MH0sInZDb3Jlc1NhbmRib3giOnsiYXNzaWduZWQiOjEsInJlYXNzaWduZWQiOjB9LCJnbG9iYWxEZXBsb3ltZW50IjpmYWxzZSwid29ya2VyTG9nZ2luZ092ZXJyaWRlIjp7ImVuYWJsZWQiOmZhbHNlfSwiZ2F0ZXdheXMiOnsiYXNzaWduZWQiOjB9LCJjcmVhdGVFbnZpcm9ubWVudHMiOnRydWUsInBhcnRuZXJzUHJvZHVjdGlvbiI6eyJhc3NpZ25lZCI6MH0sInBhcnRuZXJzU2FuZGJveCI6eyJhc3NpZ25lZCI6MH0sImF1dG9zY2FsaW5nIjpmYWxzZSwic3RhdGljSXBzIjp7ImFzc2lnbmVkIjowLCJyZWFzc2lnbmVkIjowfSwiYXJtQWxlcnRzIjpmYWxzZSwiYXBpcyI6eyJlbmFibGVkIjp0cnVlfSwibXFNZXNzYWdlcyI6eyJiYXNlIjowLCJhZGRPbiI6MH0sIm1xUmVxdWVzdHMiOnsiYmFzZSI6MCwiYWRkT24iOjB9LCJleHRlcm5hbElkZW50aXR5Ijp0cnVlLCJtcUFkdmFuY2VkRmVhdHVyZXMiOnsiZW5hYmxlZCI6ZmFsc2V9LCJ2cGNzIjp7ImFzc2lnbmVkIjowLCJyZWFzc2lnbmVkIjowfSwiaHlicmlkSW5zaWdodCI6ZmFsc2UsImRlc2lnbkNlbnRlciI6eyJtb3phcnQiOmZhbHNlLCJhcGkiOmZhbHNlfSwib2JqZWN0U3RvcmVSZXF1ZXN0VW5pdHMiOnsiYmFzZSI6MTUwMDAwMDAsImFkZE9uIjowfSwib2JqZWN0U3RvcmVLZXlzIjp7ImJhc2UiOjEwMDAwMCwiYWRkT24iOjB9LCJjYW0iOnsiZW5hYmxlZCI6ZmFsc2V9LCJsb2FkQmFsYW5jZXIiOnsiYXNzaWduZWQiOjAsInJlYXNzaWduZWQiOjB9LCJtZXNzYWdpbmciOnsiYXNzaWduZWQiOjB9fSwiZXh0ZXJuYWxBdXRob3JpemF0aW9uIjp0cnVlLCJleHRlcm5hbEF1dGhvcml6YXRpb25Qcm92aWRlciI6eyJuYW1lIjoiUG9ydGFsIEFwcGxpY2F0aW9uIE1hbmFnZW1lbnQgU3lzdGVtIChQQU1TKSIsInVybCI6Imh0dHBzOi8vd3NneC10ZXN0LmNpc2NvLmNvbS9wYW1zL2x0L2NlcG1TZXJ2aWNlL3YxLjUvbWdyc3J2cyIsInZlcnNpb24iOiIxLjUifSwiaWRlbnRpdHlNYW5hZ2VtZW50Ijp7InR5cGUiOiJQaW5nRmVkZXJhdGUifSwib2F1dGgyU2V0dGluZ3MiOnsiYXV0aG9yaXphdGlvbkdyYW50cyI6WyJjb2RlIiwidG9rZW4iLCJvd25lciIsImNyZWRlbnRpYWxzIl0sImF1dGhvcml6YXRpb25VcmkiOiJodHRwczovL2Nsb3Vkc3NvLXRlc3QuY2lzY28uY29tL2FzL2F1dGhvcml6YXRpb24ub2F1dGgyIiwiYWNjZXNzVG9rZW5VcmkiOiJodHRwczovL2Nsb3Vkc3NvLXRlc3QuY2lzY28uY29tL2FzL3Rva2VuLm9hdXRoMiIsImdyYW50VHlwZXMiOlt7Im5hbWUiOiJwYXNzd29yZCIsImxhYmVsIjoiUmVzb3VyY2UgT3duZXIgR3JhbnQiLCJyZXF1aXJlZCI6ZmFsc2UsImV4Y2x1ZGUiOltdLCJkZXBlbmRzIjpbXX0seyJuYW1lIjoiaW1wbGljaXQiLCJsYWJlbCI6IkltcGxpY2l0IEdyYW50IiwicmVxdWlyZWQiOmZhbHNlLCJleGNsdWRlIjpbXSwiZGVwZW5kcyI6W119LHsibmFtZSI6ImNsaWVudF9jcmVkZW50aWFscyIsImxhYmVsIjoiQ2xpZW50IENyZWRlbnRpYWxzIEdyYW50IiwicmVxdWlyZWQiOmZhbHNlLCJleGNsdWRlIjpbXSwiZGVwZW5kcyI6W119LHsibmFtZSI6ImF1dGhvcml6YXRpb25fY29kZSIsImxhYmVsIjoiQXV0aG9yaXphdGlvbiBDb2RlIEdyYW50IiwicmVxdWlyZWQiOmZhbHNlLCJleGNsdWRlIjpbXSwiZGVwZW5kcyI6W119LHsibmFtZSI6InJlZnJlc2hfdG9rZW4iLCJsYWJlbCI6IlJlZnJlc2ggVG9rZW4iLCJyZXF1aXJlZCI6ZmFsc2UsImV4Y2x1ZGUiOltdLCJkZXBlbmRzIjpbImF1dGhvcml6YXRpb25fY29kZSIsInBhc3N3b3JkIl19XX19LCJpbnRlcmFjdGl2ZUxvZ2luIjp0cnVlLCJ0b2tlbiI6ImEyYzg0ODE1LThjYjgtNGE3Ni1iNmU0LTg4MGM3ZTc2MGNlYiIsImlhdCI6MTQ4NjU4Njc4OCwiYXVkIjoiaHR0cDovL2FwaS1wbGF0Zm9ybS1hcGkvcmVwb3NpdG9yeSIsImlzcyI6Imh0dHA6Ly9hcGktcGxhdGZvcm0tYXBpL3JlcG9zaXRvcnkifQ.YOsto-KJMgjQZxFXe6FFipYd8TIh4P1HIlJ5Tg6a9Ps
				Accept=*/*
				Content-Type=text/plain; charset=UTF-8
Cookies:		&lt;none&gt;
Body:			&lt;none&gt;
Request method:	DELETE
Request path:	https://qax.anypoint.mulesoft.com/apiplatform/repository/v2/organizations/5000db95-c5d4-487f-925e-3f82f15a5499/apis/2053/versions/2161/contracts/30253
Proxy:			&lt;none&gt;
Request params:	&lt;none&gt;
Query params:	&lt;none&gt;
Form params:	&lt;none&gt;
Path params:	&lt;none&gt;
Multiparts:		&lt;none&gt;
Headers:		Authorization=Bearer eyJ0eXAiOiJKV1QiLCJhbGciOiJIUzI1NiJ9.eyJpZCI6IjUwMDAzN2NkLTJjZmQtNGRhNC1iZWQ3LTU3Mzg0ZGViMDYyYiIsImZpcnN0TmFtZSI6IkZlZGVyYXRlZCIsImxhc3ROYW1lIjoiRXh0ZXJuYWwiLCJlbWFpbCI6ImNocmlzdG9waGVyLm1vcmR1ZUBtdWxlc29mdC5jb20iLCJ1c2VybmFtZSI6ImZlZGVyYXRlZF9leHRlcm5hbCIsIm9yZ2FuaXphdGlvbiI6eyJpZCI6IjUwMDBkYjk1LWM1ZDQtNDg3Zi05MjVlLTNmODJmMTVhNTQ5OSIsIm5hbWUiOiJGZWRlcmF0ZWQgSW5jIEV4dGVybmFsIEF1dGhvcml6YXRpb24iLCJkb21haW4iOiJmZWRlcmF0ZWQtZXh0ZXJuYWwiLCJlbnRpdGxlbWVudHMiOnsiaHlicmlkIjp7ImVuYWJsZWQiOmZhbHNlfSwiY3JlYXRlU3ViT3JncyI6dHJ1ZSwidkNvcmVzUHJvZHVjdGlvbiI6eyJhc3NpZ25lZCI6MSwicmVhc3NpZ25lZCI6MH0sInZDb3Jlc1NhbmRib3giOnsiYXNzaWduZWQiOjEsInJlYXNzaWduZWQiOjB9LCJnbG9iYWxEZXBsb3ltZW50IjpmYWxzZSwid29ya2VyTG9nZ2luZ092ZXJyaWRlIjp7ImVuYWJsZWQiOmZhbHNlfSwiZ2F0ZXdheXMiOnsiYXNzaWduZWQiOjB9LCJjcmVhdGVFbnZpcm9ubWVudHMiOnRydWUsInBhcnRuZXJzUHJvZHVjdGlvbiI6eyJhc3NpZ25lZCI6MH0sInBhcnRuZXJzU2FuZGJveCI6eyJhc3NpZ25lZCI6MH0sImF1dG9zY2FsaW5nIjpmYWxzZSwic3RhdGljSXBzIjp7ImFzc2lnbmVkIjowLCJyZWFzc2lnbmVkIjowfSwiYXJtQWxlcnRzIjpmYWxzZSwiYXBpcyI6eyJlbmFibGVkIjp0cnVlfSwibXFNZXNzYWdlcyI6eyJiYXNlIjowLCJhZGRPbiI6MH0sIm1xUmVxdWVzdHMiOnsiYmFzZSI6MCwiYWRkT24iOjB9LCJleHRlcm5hbElkZW50aXR5Ijp0cnVlLCJtcUFkdmFuY2VkRmVhdHVyZXMiOnsiZW5hYmxlZCI6ZmFsc2V9LCJ2cGNzIjp7ImFzc2lnbmVkIjowLCJyZWFzc2lnbmVkIjowfSwiaHlicmlkSW5zaWdodCI6ZmFsc2UsImRlc2lnbkNlbnRlciI6eyJtb3phcnQiOmZhbHNlLCJhcGkiOmZhbHNlfSwib2JqZWN0U3RvcmVSZXF1ZXN0VW5pdHMiOnsiYmFzZSI6MTUwMDAwMDAsImFkZE9uIjowfSwib2JqZWN0U3RvcmVLZXlzIjp7ImJhc2UiOjEwMDAwMCwiYWRkT24iOjB9LCJjYW0iOnsiZW5hYmxlZCI6ZmFsc2V9LCJsb2FkQmFsYW5jZXIiOnsiYXNzaWduZWQiOjAsInJlYXNzaWduZWQiOjB9LCJtZXNzYWdpbmciOnsiYXNzaWduZWQiOjB9fSwiZXh0ZXJuYWxBdXRob3JpemF0aW9uIjp0cnVlLCJleHRlcm5hbEF1dGhvcml6YXRpb25Qcm92aWRlciI6eyJuYW1lIjoiUG9ydGFsIEFwcGxpY2F0aW9uIE1hbmFnZW1lbnQgU3lzdGVtIChQQU1TKSIsInVybCI6Imh0dHBzOi8vd3NneC10ZXN0LmNpc2NvLmNvbS9wYW1zL2x0L2NlcG1TZXJ2aWNlL3YxLjUvbWdyc3J2cyIsInZlcnNpb24iOiIxLjUifSwiaWRlbnRpdHlNYW5hZ2VtZW50Ijp7InR5cGUiOiJQaW5nRmVkZXJhdGUifSwib2F1dGgyU2V0dGluZ3MiOnsiYXV0aG9yaXphdGlvbkdyYW50cyI6WyJjb2RlIiwidG9rZW4iLCJvd25lciIsImNyZWRlbnRpYWxzIl0sImF1dGhvcml6YXRpb25VcmkiOiJodHRwczovL2Nsb3Vkc3NvLXRlc3QuY2lzY28uY29tL2FzL2F1dGhvcml6YXRpb24ub2F1dGgyIiwiYWNjZXNzVG9rZW5VcmkiOiJodHRwczovL2Nsb3Vkc3NvLXRlc3QuY2lzY28uY29tL2FzL3Rva2VuLm9hdXRoMiIsImdyYW50VHlwZXMiOlt7Im5hbWUiOiJwYXNzd29yZCIsImxhYmVsIjoiUmVzb3VyY2UgT3duZXIgR3JhbnQiLCJyZXF1aXJlZCI6ZmFsc2UsImV4Y2x1ZGUiOltdLCJkZXBlbmRzIjpbXX0seyJuYW1lIjoiaW1wbGljaXQiLCJsYWJlbCI6IkltcGxpY2l0IEdyYW50IiwicmVxdWlyZWQiOmZhbHNlLCJleGNsdWRlIjpbXSwiZGVwZW5kcyI6W119LHsibmFtZSI6ImNsaWVudF9jcmVkZW50aWFscyIsImxhYmVsIjoiQ2xpZW50IENyZWRlbnRpYWxzIEdyYW50IiwicmVxdWlyZWQiOmZhbHNlLCJleGNsdWRlIjpbXSwiZGVwZW5kcyI6W119LHsibmFtZSI6ImF1dGhvcml6YXRpb25fY29kZSIsImxhYmVsIjoiQXV0aG9yaXphdGlvbiBDb2RlIEdyYW50IiwicmVxdWlyZWQiOmZhbHNlLCJleGNsdWRlIjpbXSwiZGVwZW5kcyI6W119LHsibmFtZSI6InJlZnJlc2hfdG9rZW4iLCJsYWJlbCI6IlJlZnJlc2ggVG9rZW4iLCJyZXF1aXJlZCI6ZmFsc2UsImV4Y2x1ZGUiOltdLCJkZXBlbmRzIjpbImF1dGhvcml6YXRpb25fY29kZSIsInBhc3N3b3JkIl19XX19LCJpbnRlcmFjdGl2ZUxvZ2luIjp0cnVlLCJ0b2tlbiI6ImEyYzg0ODE1LThjYjgtNGE3Ni1iNmU0LTg4MGM3ZTc2MGNlYiIsImlhdCI6MTQ4NjU4Njc4OCwiYXVkIjoiaHR0cDovL2FwaS1wbGF0Zm9ybS1hcGkvcmVwb3NpdG9yeSIsImlzcyI6Imh0dHA6Ly9hcGktcGxhdGZvcm0tYXBpL3JlcG9zaXRvcnkifQ.YOsto-KJMgjQZxFXe6FFipYd8TIh4P1HIlJ5Tg6a9Ps
				Accept=*/*
				Content-Type=text/plain; charset=UTF-8
Cookies:		&lt;none&gt;
Body:			&lt;none&gt;
Request method:	DELETE
Request path:	https://qax.anypoint.mulesoft.com/apiplatform/repository/v2/organizations/5000db95-c5d4-487f-925e-3f82f15a5499/apis/2053/versions/2161/contracts/30281
Proxy:			&lt;none&gt;
Request params:	&lt;none&gt;
Query params:	&lt;none&gt;
Form params:	&lt;none&gt;
Path params:	&lt;none&gt;
Multiparts:		&lt;none&gt;
Headers:		Authorization=Bearer eyJ0eXAiOiJKV1QiLCJhbGciOiJIUzI1NiJ9.eyJpZCI6IjUwMDAzN2NkLTJjZmQtNGRhNC1iZWQ3LTU3Mzg0ZGViMDYyYiIsImZpcnN0TmFtZSI6IkZlZGVyYXRlZCIsImxhc3ROYW1lIjoiRXh0ZXJuYWwiLCJlbWFpbCI6ImNocmlzdG9waGVyLm1vcmR1ZUBtdWxlc29mdC5jb20iLCJ1c2VybmFtZSI6ImZlZGVyYXRlZF9leHRlcm5hbCIsIm9yZ2FuaXphdGlvbiI6eyJpZCI6IjUwMDBkYjk1LWM1ZDQtNDg3Zi05MjVlLTNmODJmMTVhNTQ5OSIsIm5hbWUiOiJGZWRlcmF0ZWQgSW5jIEV4dGVybmFsIEF1dGhvcml6YXRpb24iLCJkb21haW4iOiJmZWRlcmF0ZWQtZXh0ZXJuYWwiLCJlbnRpdGxlbWVudHMiOnsiaHlicmlkIjp7ImVuYWJsZWQiOmZhbHNlfSwiY3JlYXRlU3ViT3JncyI6dHJ1ZSwidkNvcmVzUHJvZHVjdGlvbiI6eyJhc3NpZ25lZCI6MSwicmVhc3NpZ25lZCI6MH0sInZDb3Jlc1NhbmRib3giOnsiYXNzaWduZWQiOjEsInJlYXNzaWduZWQiOjB9LCJnbG9iYWxEZXBsb3ltZW50IjpmYWxzZSwid29ya2VyTG9nZ2luZ092ZXJyaWRlIjp7ImVuYWJsZWQiOmZhbHNlfSwiZ2F0ZXdheXMiOnsiYXNzaWduZWQiOjB9LCJjcmVhdGVFbnZpcm9ubWVudHMiOnRydWUsInBhcnRuZXJzUHJvZHVjdGlvbiI6eyJhc3NpZ25lZCI6MH0sInBhcnRuZXJzU2FuZGJveCI6eyJhc3NpZ25lZCI6MH0sImF1dG9zY2FsaW5nIjpmYWxzZSwic3RhdGljSXBzIjp7ImFzc2lnbmVkIjowLCJyZWFzc2lnbmVkIjowfSwiYXJtQWxlcnRzIjpmYWxzZSwiYXBpcyI6eyJlbmFibGVkIjp0cnVlfSwibXFNZXNzYWdlcyI6eyJiYXNlIjowLCJhZGRPbiI6MH0sIm1xUmVxdWVzdHMiOnsiYmFzZSI6MCwiYWRkT24iOjB9LCJleHRlcm5hbElkZW50aXR5Ijp0cnVlLCJtcUFkdmFuY2VkRmVhdHVyZXMiOnsiZW5hYmxlZCI6ZmFsc2V9LCJ2cGNzIjp7ImFzc2lnbmVkIjowLCJyZWFzc2lnbmVkIjowfSwiaHlicmlkSW5zaWdodCI6ZmFsc2UsImRlc2lnbkNlbnRlciI6eyJtb3phcnQiOmZhbHNlLCJhcGkiOmZhbHNlfSwib2JqZWN0U3RvcmVSZXF1ZXN0VW5pdHMiOnsiYmFzZSI6MTUwMDAwMDAsImFkZE9uIjowfSwib2JqZWN0U3RvcmVLZXlzIjp7ImJhc2UiOjEwMDAwMCwiYWRkT24iOjB9LCJjYW0iOnsiZW5hYmxlZCI6ZmFsc2V9LCJsb2FkQmFsYW5jZXIiOnsiYXNzaWduZWQiOjAsInJlYXNzaWduZWQiOjB9LCJtZXNzYWdpbmciOnsiYXNzaWduZWQiOjB9fSwiZXh0ZXJuYWxBdXRob3JpemF0aW9uIjp0cnVlLCJleHRlcm5hbEF1dGhvcml6YXRpb25Qcm92aWRlciI6eyJuYW1lIjoiUG9ydGFsIEFwcGxpY2F0aW9uIE1hbmFnZW1lbnQgU3lzdGVtIChQQU1TKSIsInVybCI6Imh0dHBzOi8vd3NneC10ZXN0LmNpc2NvLmNvbS9wYW1zL2x0L2NlcG1TZXJ2aWNlL3YxLjUvbWdyc3J2cyIsInZlcnNpb24iOiIxLjUifSwiaWRlbnRpdHlNYW5hZ2VtZW50Ijp7InR5cGUiOiJQaW5nRmVkZXJhdGUifSwib2F1dGgyU2V0dGluZ3MiOnsiYXV0aG9yaXphdGlvbkdyYW50cyI6WyJjb2RlIiwidG9rZW4iLCJvd25lciIsImNyZWRlbnRpYWxzIl0sImF1dGhvcml6YXRpb25VcmkiOiJodHRwczovL2Nsb3Vkc3NvLXRlc3QuY2lzY28uY29tL2FzL2F1dGhvcml6YXRpb24ub2F1dGgyIiwiYWNjZXNzVG9rZW5VcmkiOiJodHRwczovL2Nsb3Vkc3NvLXRlc3QuY2lzY28uY29tL2FzL3Rva2VuLm9hdXRoMiIsImdyYW50VHlwZXMiOlt7Im5hbWUiOiJwYXNzd29yZCIsImxhYmVsIjoiUmVzb3VyY2UgT3duZXIgR3JhbnQiLCJyZXF1aXJlZCI6ZmFsc2UsImV4Y2x1ZGUiOltdLCJkZXBlbmRzIjpbXX0seyJuYW1lIjoiaW1wbGljaXQiLCJsYWJlbCI6IkltcGxpY2l0IEdyYW50IiwicmVxdWlyZWQiOmZhbHNlLCJleGNsdWRlIjpbXSwiZGVwZW5kcyI6W119LHsibmFtZSI6ImNsaWVudF9jcmVkZW50aWFscyIsImxhYmVsIjoiQ2xpZW50IENyZWRlbnRpYWxzIEdyYW50IiwicmVxdWlyZWQiOmZhbHNlLCJleGNsdWRlIjpbXSwiZGVwZW5kcyI6W119LHsibmFtZSI6ImF1dGhvcml6YXRpb25fY29kZSIsImxhYmVsIjoiQXV0aG9yaXphdGlvbiBDb2RlIEdyYW50IiwicmVxdWlyZWQiOmZhbHNlLCJleGNsdWRlIjpbXSwiZGVwZW5kcyI6W119LHsibmFtZSI6InJlZnJlc2hfdG9rZW4iLCJsYWJlbCI6IlJlZnJlc2ggVG9rZW4iLCJyZXF1aXJlZCI6ZmFsc2UsImV4Y2x1ZGUiOltdLCJkZXBlbmRzIjpbImF1dGhvcml6YXRpb25fY29kZSIsInBhc3N3b3JkIl19XX19LCJpbnRlcmFjdGl2ZUxvZ2luIjp0cnVlLCJ0b2tlbiI6ImEyYzg0ODE1LThjYjgtNGE3Ni1iNmU0LTg4MGM3ZTc2MGNlYiIsImlhdCI6MTQ4NjU4Njc4OCwiYXVkIjoiaHR0cDovL2FwaS1wbGF0Zm9ybS1hcGkvcmVwb3NpdG9yeSIsImlzcyI6Imh0dHA6Ly9hcGktcGxhdGZvcm0tYXBpL3JlcG9zaXRvcnkifQ.YOsto-KJMgjQZxFXe6FFipYd8TIh4P1HIlJ5Tg6a9Ps
				Accept=*/*
				Content-Type=text/plain; charset=UTF-8
Cookies:		&lt;none&gt;
Body:			&lt;none&gt;
Request method:	DELETE
Request path:	https://qax.anypoint.mulesoft.com/apiplatform/repository/v2/organizations/5000db95-c5d4-487f-925e-3f82f15a5499/apis/2053/versions/2161/contracts/30223
Proxy:			&lt;none&gt;
Request params:	&lt;none&gt;
Query params:	&lt;none&gt;
Form params:	&lt;none&gt;
Path params:	&lt;none&gt;
Multiparts:		&lt;none&gt;
Headers:		Authorization=Bearer eyJ0eXAiOiJKV1QiLCJhbGciOiJIUzI1NiJ9.eyJpZCI6IjUwMDAzN2NkLTJjZmQtNGRhNC1iZWQ3LTU3Mzg0ZGViMDYyYiIsImZpcnN0TmFtZSI6IkZlZGVyYXRlZCIsImxhc3ROYW1lIjoiRXh0ZXJuYWwiLCJlbWFpbCI6ImNocmlzdG9waGVyLm1vcmR1ZUBtdWxlc29mdC5jb20iLCJ1c2VybmFtZSI6ImZlZGVyYXRlZF9leHRlcm5hbCIsIm9yZ2FuaXphdGlvbiI6eyJpZCI6IjUwMDBkYjk1LWM1ZDQtNDg3Zi05MjVlLTNmODJmMTVhNTQ5OSIsIm5hbWUiOiJGZWRlcmF0ZWQgSW5jIEV4dGVybmFsIEF1dGhvcml6YXRpb24iLCJkb21haW4iOiJmZWRlcmF0ZWQtZXh0ZXJuYWwiLCJlbnRpdGxlbWVudHMiOnsiaHlicmlkIjp7ImVuYWJsZWQiOmZhbHNlfSwiY3JlYXRlU3ViT3JncyI6dHJ1ZSwidkNvcmVzUHJvZHVjdGlvbiI6eyJhc3NpZ25lZCI6MSwicmVhc3NpZ25lZCI6MH0sInZDb3Jlc1NhbmRib3giOnsiYXNzaWduZWQiOjEsInJlYXNzaWduZWQiOjB9LCJnbG9iYWxEZXBsb3ltZW50IjpmYWxzZSwid29ya2VyTG9nZ2luZ092ZXJyaWRlIjp7ImVuYWJsZWQiOmZhbHNlfSwiZ2F0ZXdheXMiOnsiYXNzaWduZWQiOjB9LCJjcmVhdGVFbnZpcm9ubWVudHMiOnRydWUsInBhcnRuZXJzUHJvZHVjdGlvbiI6eyJhc3NpZ25lZCI6MH0sInBhcnRuZXJzU2FuZGJveCI6eyJhc3NpZ25lZCI6MH0sImF1dG9zY2FsaW5nIjpmYWxzZSwic3RhdGljSXBzIjp7ImFzc2lnbmVkIjowLCJyZWFzc2lnbmVkIjowfSwiYXJtQWxlcnRzIjpmYWxzZSwiYXBpcyI6eyJlbmFibGVkIjp0cnVlfSwibXFNZXNzYWdlcyI6eyJiYXNlIjowLCJhZGRPbiI6MH0sIm1xUmVxdWVzdHMiOnsiYmFzZSI6MCwiYWRkT24iOjB9LCJleHRlcm5hbElkZW50aXR5Ijp0cnVlLCJtcUFkdmFuY2VkRmVhdHVyZXMiOnsiZW5hYmxlZCI6ZmFsc2V9LCJ2cGNzIjp7ImFzc2lnbmVkIjowLCJyZWFzc2lnbmVkIjowfSwiaHlicmlkSW5zaWdodCI6ZmFsc2UsImRlc2lnbkNlbnRlciI6eyJtb3phcnQiOmZhbHNlLCJhcGkiOmZhbHNlfSwib2JqZWN0U3RvcmVSZXF1ZXN0VW5pdHMiOnsiYmFzZSI6MTUwMDAwMDAsImFkZE9uIjowfSwib2JqZWN0U3RvcmVLZXlzIjp7ImJhc2UiOjEwMDAwMCwiYWRkT24iOjB9LCJjYW0iOnsiZW5hYmxlZCI6ZmFsc2V9LCJsb2FkQmFsYW5jZXIiOnsiYXNzaWduZWQiOjAsInJlYXNzaWduZWQiOjB9LCJtZXNzYWdpbmciOnsiYXNzaWduZWQiOjB9fSwiZXh0ZXJuYWxBdXRob3JpemF0aW9uIjp0cnVlLCJleHRlcm5hbEF1dGhvcml6YXRpb25Qcm92aWRlciI6eyJuYW1lIjoiUG9ydGFsIEFwcGxpY2F0aW9uIE1hbmFnZW1lbnQgU3lzdGVtIChQQU1TKSIsInVybCI6Imh0dHBzOi8vd3NneC10ZXN0LmNpc2NvLmNvbS9wYW1zL2x0L2NlcG1TZXJ2aWNlL3YxLjUvbWdyc3J2cyIsInZlcnNpb24iOiIxLjUifSwiaWRlbnRpdHlNYW5hZ2VtZW50Ijp7InR5cGUiOiJQaW5nRmVkZXJhdGUifSwib2F1dGgyU2V0dGluZ3MiOnsiYXV0aG9yaXphdGlvbkdyYW50cyI6WyJjb2RlIiwidG9rZW4iLCJvd25lciIsImNyZWRlbnRpYWxzIl0sImF1dGhvcml6YXRpb25VcmkiOiJodHRwczovL2Nsb3Vkc3NvLXRlc3QuY2lzY28uY29tL2FzL2F1dGhvcml6YXRpb24ub2F1dGgyIiwiYWNjZXNzVG9rZW5VcmkiOiJodHRwczovL2Nsb3Vkc3NvLXRlc3QuY2lzY28uY29tL2FzL3Rva2VuLm9hdXRoMiIsImdyYW50VHlwZXMiOlt7Im5hbWUiOiJwYXNzd29yZCIsImxhYmVsIjoiUmVzb3VyY2UgT3duZXIgR3JhbnQiLCJyZXF1aXJlZCI6ZmFsc2UsImV4Y2x1ZGUiOltdLCJkZXBlbmRzIjpbXX0seyJuYW1lIjoiaW1wbGljaXQiLCJsYWJlbCI6IkltcGxpY2l0IEdyYW50IiwicmVxdWlyZWQiOmZhbHNlLCJleGNsdWRlIjpbXSwiZGVwZW5kcyI6W119LHsibmFtZSI6ImNsaWVudF9jcmVkZW50aWFscyIsImxhYmVsIjoiQ2xpZW50IENyZWRlbnRpYWxzIEdyYW50IiwicmVxdWlyZWQiOmZhbHNlLCJleGNsdWRlIjpbXSwiZGVwZW5kcyI6W119LHsibmFtZSI6ImF1dGhvcml6YXRpb25fY29kZSIsImxhYmVsIjoiQXV0aG9yaXphdGlvbiBDb2RlIEdyYW50IiwicmVxdWlyZWQiOmZhbHNlLCJleGNsdWRlIjpbXSwiZGVwZW5kcyI6W119LHsibmFtZSI6InJlZnJlc2hfdG9rZW4iLCJsYWJlbCI6IlJlZnJlc2ggVG9rZW4iLCJyZXF1aXJlZCI6ZmFsc2UsImV4Y2x1ZGUiOltdLCJkZXBlbmRzIjpbImF1dGhvcml6YXRpb25fY29kZSIsInBhc3N3b3JkIl19XX19LCJpbnRlcmFjdGl2ZUxvZ2luIjp0cnVlLCJ0b2tlbiI6ImEyYzg0ODE1LThjYjgtNGE3Ni1iNmU0LTg4MGM3ZTc2MGNlYiIsImlhdCI6MTQ4NjU4Njc4OCwiYXVkIjoiaHR0cDovL2FwaS1wbGF0Zm9ybS1hcGkvcmVwb3NpdG9yeSIsImlzcyI6Imh0dHA6Ly9hcGktcGxhdGZvcm0tYXBpL3JlcG9zaXRvcnkifQ.YOsto-KJMgjQZxFXe6FFipYd8TIh4P1HIlJ5Tg6a9Ps
				Accept=*/*
				Content-Type=text/plain; charset=UTF-8
Cookies:		&lt;none&gt;
Body:			&lt;none&gt;
Request method:	DELETE
Request path:	https://qax.anypoint.mulesoft.com/apiplatform/repository/v2/organizations/5000db95-c5d4-487f-925e-3f82f15a5499/apis/2053/versions/2161/contracts/30275
Proxy:			&lt;none&gt;
Request params:	&lt;none&gt;
Query params:	&lt;none&gt;
Form params:	&lt;none&gt;
Path params:	&lt;none&gt;
Multiparts:		&lt;none&gt;
Headers:		Authorization=Bearer eyJ0eXAiOiJKV1QiLCJhbGciOiJIUzI1NiJ9.eyJpZCI6IjUwMDAzN2NkLTJjZmQtNGRhNC1iZWQ3LTU3Mzg0ZGViMDYyYiIsImZpcnN0TmFtZSI6IkZlZGVyYXRlZCIsImxhc3ROYW1lIjoiRXh0ZXJuYWwiLCJlbWFpbCI6ImNocmlzdG9waGVyLm1vcmR1ZUBtdWxlc29mdC5jb20iLCJ1c2VybmFtZSI6ImZlZGVyYXRlZF9leHRlcm5hbCIsIm9yZ2FuaXphdGlvbiI6eyJpZCI6IjUwMDBkYjk1LWM1ZDQtNDg3Zi05MjVlLTNmODJmMTVhNTQ5OSIsIm5hbWUiOiJGZWRlcmF0ZWQgSW5jIEV4dGVybmFsIEF1dGhvcml6YXRpb24iLCJkb21haW4iOiJmZWRlcmF0ZWQtZXh0ZXJuYWwiLCJlbnRpdGxlbWVudHMiOnsiaHlicmlkIjp7ImVuYWJsZWQiOmZhbHNlfSwiY3JlYXRlU3ViT3JncyI6dHJ1ZSwidkNvcmVzUHJvZHVjdGlvbiI6eyJhc3NpZ25lZCI6MSwicmVhc3NpZ25lZCI6MH0sInZDb3Jlc1NhbmRib3giOnsiYXNzaWduZWQiOjEsInJlYXNzaWduZWQiOjB9LCJnbG9iYWxEZXBsb3ltZW50IjpmYWxzZSwid29ya2VyTG9nZ2luZ092ZXJyaWRlIjp7ImVuYWJsZWQiOmZhbHNlfSwiZ2F0ZXdheXMiOnsiYXNzaWduZWQiOjB9LCJjcmVhdGVFbnZpcm9ubWVudHMiOnRydWUsInBhcnRuZXJzUHJvZHVjdGlvbiI6eyJhc3NpZ25lZCI6MH0sInBhcnRuZXJzU2FuZGJveCI6eyJhc3NpZ25lZCI6MH0sImF1dG9zY2FsaW5nIjpmYWxzZSwic3RhdGljSXBzIjp7ImFzc2lnbmVkIjowLCJyZWFzc2lnbmVkIjowfSwiYXJtQWxlcnRzIjpmYWxzZSwiYXBpcyI6eyJlbmFibGVkIjp0cnVlfSwibXFNZXNzYWdlcyI6eyJiYXNlIjowLCJhZGRPbiI6MH0sIm1xUmVxdWVzdHMiOnsiYmFzZSI6MCwiYWRkT24iOjB9LCJleHRlcm5hbElkZW50aXR5Ijp0cnVlLCJtcUFkdmFuY2VkRmVhdHVyZXMiOnsiZW5hYmxlZCI6ZmFsc2V9LCJ2cGNzIjp7ImFzc2lnbmVkIjowLCJyZWFzc2lnbmVkIjowfSwiaHlicmlkSW5zaWdodCI6ZmFsc2UsImRlc2lnbkNlbnRlciI6eyJtb3phcnQiOmZhbHNlLCJhcGkiOmZhbHNlfSwib2JqZWN0U3RvcmVSZXF1ZXN0VW5pdHMiOnsiYmFzZSI6MTUwMDAwMDAsImFkZE9uIjowfSwib2JqZWN0U3RvcmVLZXlzIjp7ImJhc2UiOjEwMDAwMCwiYWRkT24iOjB9LCJjYW0iOnsiZW5hYmxlZCI6ZmFsc2V9LCJsb2FkQmFsYW5jZXIiOnsiYXNzaWduZWQiOjAsInJlYXNzaWduZWQiOjB9LCJtZXNzYWdpbmciOnsiYXNzaWduZWQiOjB9fSwiZXh0ZXJuYWxBdXRob3JpemF0aW9uIjp0cnVlLCJleHRlcm5hbEF1dGhvcml6YXRpb25Qcm92aWRlciI6eyJuYW1lIjoiUG9ydGFsIEFwcGxpY2F0aW9uIE1hbmFnZW1lbnQgU3lzdGVtIChQQU1TKSIsInVybCI6Imh0dHBzOi8vd3NneC10ZXN0LmNpc2NvLmNvbS9wYW1zL2x0L2NlcG1TZXJ2aWNlL3YxLjUvbWdyc3J2cyIsInZlcnNpb24iOiIxLjUifSwiaWRlbnRpdHlNYW5hZ2VtZW50Ijp7InR5cGUiOiJQaW5nRmVkZXJhdGUifSwib2F1dGgyU2V0dGluZ3MiOnsiYXV0aG9yaXphdGlvbkdyYW50cyI6WyJjb2RlIiwidG9rZW4iLCJvd25lciIsImNyZWRlbnRpYWxzIl0sImF1dGhvcml6YXRpb25VcmkiOiJodHRwczovL2Nsb3Vkc3NvLXRlc3QuY2lzY28uY29tL2FzL2F1dGhvcml6YXRpb24ub2F1dGgyIiwiYWNjZXNzVG9rZW5VcmkiOiJodHRwczovL2Nsb3Vkc3NvLXRlc3QuY2lzY28uY29tL2FzL3Rva2VuLm9hdXRoMiIsImdyYW50VHlwZXMiOlt7Im5hbWUiOiJwYXNzd29yZCIsImxhYmVsIjoiUmVzb3VyY2UgT3duZXIgR3JhbnQiLCJyZXF1aXJlZCI6ZmFsc2UsImV4Y2x1ZGUiOltdLCJkZXBlbmRzIjpbXX0seyJuYW1lIjoiaW1wbGljaXQiLCJsYWJlbCI6IkltcGxpY2l0IEdyYW50IiwicmVxdWlyZWQiOmZhbHNlLCJleGNsdWRlIjpbXSwiZGVwZW5kcyI6W119LHsibmFtZSI6ImNsaWVudF9jcmVkZW50aWFscyIsImxhYmVsIjoiQ2xpZW50IENyZWRlbnRpYWxzIEdyYW50IiwicmVxdWlyZWQiOmZhbHNlLCJleGNsdWRlIjpbXSwiZGVwZW5kcyI6W119LHsibmFtZSI6ImF1dGhvcml6YXRpb25fY29kZSIsImxhYmVsIjoiQXV0aG9yaXphdGlvbiBDb2RlIEdyYW50IiwicmVxdWlyZWQiOmZhbHNlLCJleGNsdWRlIjpbXSwiZGVwZW5kcyI6W119LHsibmFtZSI6InJlZnJlc2hfdG9rZW4iLCJsYWJlbCI6IlJlZnJlc2ggVG9rZW4iLCJyZXF1aXJlZCI6ZmFsc2UsImV4Y2x1ZGUiOltdLCJkZXBlbmRzIjpbImF1dGhvcml6YXRpb25fY29kZSIsInBhc3N3b3JkIl19XX19LCJpbnRlcmFjdGl2ZUxvZ2luIjp0cnVlLCJ0b2tlbiI6ImEyYzg0ODE1LThjYjgtNGE3Ni1iNmU0LTg4MGM3ZTc2MGNlYiIsImlhdCI6MTQ4NjU4Njc4OCwiYXVkIjoiaHR0cDovL2FwaS1wbGF0Zm9ybS1hcGkvcmVwb3NpdG9yeSIsImlzcyI6Imh0dHA6Ly9hcGktcGxhdGZvcm0tYXBpL3JlcG9zaXRvcnkifQ.YOsto-KJMgjQZxFXe6FFipYd8TIh4P1HIlJ5Tg6a9Ps
				Accept=*/*
				Content-Type=text/plain; charset=UTF-8
Cookies:		&lt;none&gt;
Body:			&lt;none&gt;
Request method:	DELETE
Request path:	https://qax.anypoint.mulesoft.com/apiplatform/repository/v2/organizations/5000db95-c5d4-487f-925e-3f82f15a5499/apis/2053/versions/2161/contracts/30226
Proxy:			&lt;none&gt;
Request params:	&lt;none&gt;
Query params:	&lt;none&gt;
Form params:	&lt;none&gt;
Path params:	&lt;none&gt;
Multiparts:		&lt;none&gt;
Headers:		Authorization=Bearer eyJ0eXAiOiJKV1QiLCJhbGciOiJIUzI1NiJ9.eyJpZCI6IjUwMDAzN2NkLTJjZmQtNGRhNC1iZWQ3LTU3Mzg0ZGViMDYyYiIsImZpcnN0TmFtZSI6IkZlZGVyYXRlZCIsImxhc3ROYW1lIjoiRXh0ZXJuYWwiLCJlbWFpbCI6ImNocmlzdG9waGVyLm1vcmR1ZUBtdWxlc29mdC5jb20iLCJ1c2VybmFtZSI6ImZlZGVyYXRlZF9leHRlcm5hbCIsIm9yZ2FuaXphdGlvbiI6eyJpZCI6IjUwMDBkYjk1LWM1ZDQtNDg3Zi05MjVlLTNmODJmMTVhNTQ5OSIsIm5hbWUiOiJGZWRlcmF0ZWQgSW5jIEV4dGVybmFsIEF1dGhvcml6YXRpb24iLCJkb21haW4iOiJmZWRlcmF0ZWQtZXh0ZXJuYWwiLCJlbnRpdGxlbWVudHMiOnsiaHlicmlkIjp7ImVuYWJsZWQiOmZhbHNlfSwiY3JlYXRlU3ViT3JncyI6dHJ1ZSwidkNvcmVzUHJvZHVjdGlvbiI6eyJhc3NpZ25lZCI6MSwicmVhc3NpZ25lZCI6MH0sInZDb3Jlc1NhbmRib3giOnsiYXNzaWduZWQiOjEsInJlYXNzaWduZWQiOjB9LCJnbG9iYWxEZXBsb3ltZW50IjpmYWxzZSwid29ya2VyTG9nZ2luZ092ZXJyaWRlIjp7ImVuYWJsZWQiOmZhbHNlfSwiZ2F0ZXdheXMiOnsiYXNzaWduZWQiOjB9LCJjcmVhdGVFbnZpcm9ubWVudHMiOnRydWUsInBhcnRuZXJzUHJvZHVjdGlvbiI6eyJhc3NpZ25lZCI6MH0sInBhcnRuZXJzU2FuZGJveCI6eyJhc3NpZ25lZCI6MH0sImF1dG9zY2FsaW5nIjpmYWxzZSwic3RhdGljSXBzIjp7ImFzc2lnbmVkIjowLCJyZWFzc2lnbmVkIjowfSwiYXJtQWxlcnRzIjpmYWxzZSwiYXBpcyI6eyJlbmFibGVkIjp0cnVlfSwibXFNZXNzYWdlcyI6eyJiYXNlIjowLCJhZGRPbiI6MH0sIm1xUmVxdWVzdHMiOnsiYmFzZSI6MCwiYWRkT24iOjB9LCJleHRlcm5hbElkZW50aXR5Ijp0cnVlLCJtcUFkdmFuY2VkRmVhdHVyZXMiOnsiZW5hYmxlZCI6ZmFsc2V9LCJ2cGNzIjp7ImFzc2lnbmVkIjowLCJyZWFzc2lnbmVkIjowfSwiaHlicmlkSW5zaWdodCI6ZmFsc2UsImRlc2lnbkNlbnRlciI6eyJtb3phcnQiOmZhbHNlLCJhcGkiOmZhbHNlfSwib2JqZWN0U3RvcmVSZXF1ZXN0VW5pdHMiOnsiYmFzZSI6MTUwMDAwMDAsImFkZE9uIjowfSwib2JqZWN0U3RvcmVLZXlzIjp7ImJhc2UiOjEwMDAwMCwiYWRkT24iOjB9LCJjYW0iOnsiZW5hYmxlZCI6ZmFsc2V9LCJsb2FkQmFsYW5jZXIiOnsiYXNzaWduZWQiOjAsInJlYXNzaWduZWQiOjB9LCJtZXNzYWdpbmciOnsiYXNzaWduZWQiOjB9fSwiZXh0ZXJuYWxBdXRob3JpemF0aW9uIjp0cnVlLCJleHRlcm5hbEF1dGhvcml6YXRpb25Qcm92aWRlciI6eyJuYW1lIjoiUG9ydGFsIEFwcGxpY2F0aW9uIE1hbmFnZW1lbnQgU3lzdGVtIChQQU1TKSIsInVybCI6Imh0dHBzOi8vd3NneC10ZXN0LmNpc2NvLmNvbS9wYW1zL2x0L2NlcG1TZXJ2aWNlL3YxLjUvbWdyc3J2cyIsInZlcnNpb24iOiIxLjUifSwiaWRlbnRpdHlNYW5hZ2VtZW50Ijp7InR5cGUiOiJQaW5nRmVkZXJhdGUifSwib2F1dGgyU2V0dGluZ3MiOnsiYXV0aG9yaXphdGlvbkdyYW50cyI6WyJjb2RlIiwidG9rZW4iLCJvd25lciIsImNyZWRlbnRpYWxzIl0sImF1dGhvcml6YXRpb25VcmkiOiJodHRwczovL2Nsb3Vkc3NvLXRlc3QuY2lzY28uY29tL2FzL2F1dGhvcml6YXRpb24ub2F1dGgyIiwiYWNjZXNzVG9rZW5VcmkiOiJodHRwczovL2Nsb3Vkc3NvLXRlc3QuY2lzY28uY29tL2FzL3Rva2VuLm9hdXRoMiIsImdyYW50VHlwZXMiOlt7Im5hbWUiOiJwYXNzd29yZCIsImxhYmVsIjoiUmVzb3VyY2UgT3duZXIgR3JhbnQiLCJyZXF1aXJlZCI6ZmFsc2UsImV4Y2x1ZGUiOltdLCJkZXBlbmRzIjpbXX0seyJuYW1lIjoiaW1wbGljaXQiLCJsYWJlbCI6IkltcGxpY2l0IEdyYW50IiwicmVxdWlyZWQiOmZhbHNlLCJleGNsdWRlIjpbXSwiZGVwZW5kcyI6W119LHsibmFtZSI6ImNsaWVudF9jcmVkZW50aWFscyIsImxhYmVsIjoiQ2xpZW50IENyZWRlbnRpYWxzIEdyYW50IiwicmVxdWlyZWQiOmZhbHNlLCJleGNsdWRlIjpbXSwiZGVwZW5kcyI6W119LHsibmFtZSI6ImF1dGhvcml6YXRpb25fY29kZSIsImxhYmVsIjoiQXV0aG9yaXphdGlvbiBDb2RlIEdyYW50IiwicmVxdWlyZWQiOmZhbHNlLCJleGNsdWRlIjpbXSwiZGVwZW5kcyI6W119LHsibmFtZSI6InJlZnJlc2hfdG9rZW4iLCJsYWJlbCI6IlJlZnJlc2ggVG9rZW4iLCJyZXF1aXJlZCI6ZmFsc2UsImV4Y2x1ZGUiOltdLCJkZXBlbmRzIjpbImF1dGhvcml6YXRpb25fY29kZSIsInBhc3N3b3JkIl19XX19LCJpbnRlcmFjdGl2ZUxvZ2luIjp0cnVlLCJ0b2tlbiI6ImEyYzg0ODE1LThjYjgtNGE3Ni1iNmU0LTg4MGM3ZTc2MGNlYiIsImlhdCI6MTQ4NjU4Njc4OCwiYXVkIjoiaHR0cDovL2FwaS1wbGF0Zm9ybS1hcGkvcmVwb3NpdG9yeSIsImlzcyI6Imh0dHA6Ly9hcGktcGxhdGZvcm0tYXBpL3JlcG9zaXRvcnkifQ.YOsto-KJMgjQZxFXe6FFipYd8TIh4P1HIlJ5Tg6a9Ps
				Accept=*/*
				Content-Type=text/plain; charset=UTF-8
Cookies:		&lt;none&gt;
Body:			&lt;none&gt;
Request method:	DELETE
Request path:	https://qax.anypoint.mulesoft.com/apiplatform/repository/v2/organizations/5000db95-c5d4-487f-925e-3f82f15a5499/apis/2053/versions/2161/contracts/30266
Proxy:			&lt;none&gt;
Request params:	&lt;none&gt;
Query params:	&lt;none&gt;
Form params:	&lt;none&gt;
Path params:	&lt;none&gt;
Multiparts:		&lt;none&gt;
Headers:		Authorization=Bearer eyJ0eXAiOiJKV1QiLCJhbGciOiJIUzI1NiJ9.eyJpZCI6IjUwMDAzN2NkLTJjZmQtNGRhNC1iZWQ3LTU3Mzg0ZGViMDYyYiIsImZpcnN0TmFtZSI6IkZlZGVyYXRlZCIsImxhc3ROYW1lIjoiRXh0ZXJuYWwiLCJlbWFpbCI6ImNocmlzdG9waGVyLm1vcmR1ZUBtdWxlc29mdC5jb20iLCJ1c2VybmFtZSI6ImZlZGVyYXRlZF9leHRlcm5hbCIsIm9yZ2FuaXphdGlvbiI6eyJpZCI6IjUwMDBkYjk1LWM1ZDQtNDg3Zi05MjVlLTNmODJmMTVhNTQ5OSIsIm5hbWUiOiJGZWRlcmF0ZWQgSW5jIEV4dGVybmFsIEF1dGhvcml6YXRpb24iLCJkb21haW4iOiJmZWRlcmF0ZWQtZXh0ZXJuYWwiLCJlbnRpdGxlbWVudHMiOnsiaHlicmlkIjp7ImVuYWJsZWQiOmZhbHNlfSwiY3JlYXRlU3ViT3JncyI6dHJ1ZSwidkNvcmVzUHJvZHVjdGlvbiI6eyJhc3NpZ25lZCI6MSwicmVhc3NpZ25lZCI6MH0sInZDb3Jlc1NhbmRib3giOnsiYXNzaWduZWQiOjEsInJlYXNzaWduZWQiOjB9LCJnbG9iYWxEZXBsb3ltZW50IjpmYWxzZSwid29ya2VyTG9nZ2luZ092ZXJyaWRlIjp7ImVuYWJsZWQiOmZhbHNlfSwiZ2F0ZXdheXMiOnsiYXNzaWduZWQiOjB9LCJjcmVhdGVFbnZpcm9ubWVudHMiOnRydWUsInBhcnRuZXJzUHJvZHVjdGlvbiI6eyJhc3NpZ25lZCI6MH0sInBhcnRuZXJzU2FuZGJveCI6eyJhc3NpZ25lZCI6MH0sImF1dG9zY2FsaW5nIjpmYWxzZSwic3RhdGljSXBzIjp7ImFzc2lnbmVkIjowLCJyZWFzc2lnbmVkIjowfSwiYXJtQWxlcnRzIjpmYWxzZSwiYXBpcyI6eyJlbmFibGVkIjp0cnVlfSwibXFNZXNzYWdlcyI6eyJiYXNlIjowLCJhZGRPbiI6MH0sIm1xUmVxdWVzdHMiOnsiYmFzZSI6MCwiYWRkT24iOjB9LCJleHRlcm5hbElkZW50aXR5Ijp0cnVlLCJtcUFkdmFuY2VkRmVhdHVyZXMiOnsiZW5hYmxlZCI6ZmFsc2V9LCJ2cGNzIjp7ImFzc2lnbmVkIjowLCJyZWFzc2lnbmVkIjowfSwiaHlicmlkSW5zaWdodCI6ZmFsc2UsImRlc2lnbkNlbnRlciI6eyJtb3phcnQiOmZhbHNlLCJhcGkiOmZhbHNlfSwib2JqZWN0U3RvcmVSZXF1ZXN0VW5pdHMiOnsiYmFzZSI6MTUwMDAwMDAsImFkZE9uIjowfSwib2JqZWN0U3RvcmVLZXlzIjp7ImJhc2UiOjEwMDAwMCwiYWRkT24iOjB9LCJjYW0iOnsiZW5hYmxlZCI6ZmFsc2V9LCJsb2FkQmFsYW5jZXIiOnsiYXNzaWduZWQiOjAsInJlYXNzaWduZWQiOjB9LCJtZXNzYWdpbmciOnsiYXNzaWduZWQiOjB9fSwiZXh0ZXJuYWxBdXRob3JpemF0aW9uIjp0cnVlLCJleHRlcm5hbEF1dGhvcml6YXRpb25Qcm92aWRlciI6eyJuYW1lIjoiUG9ydGFsIEFwcGxpY2F0aW9uIE1hbmFnZW1lbnQgU3lzdGVtIChQQU1TKSIsInVybCI6Imh0dHBzOi8vd3NneC10ZXN0LmNpc2NvLmNvbS9wYW1zL2x0L2NlcG1TZXJ2aWNlL3YxLjUvbWdyc3J2cyIsInZlcnNpb24iOiIxLjUifSwiaWRlbnRpdHlNYW5hZ2VtZW50Ijp7InR5cGUiOiJQaW5nRmVkZXJhdGUifSwib2F1dGgyU2V0dGluZ3MiOnsiYXV0aG9yaXphdGlvbkdyYW50cyI6WyJjb2RlIiwidG9rZW4iLCJvd25lciIsImNyZWRlbnRpYWxzIl0sImF1dGhvcml6YXRpb25VcmkiOiJodHRwczovL2Nsb3Vkc3NvLXRlc3QuY2lzY28uY29tL2FzL2F1dGhvcml6YXRpb24ub2F1dGgyIiwiYWNjZXNzVG9rZW5VcmkiOiJodHRwczovL2Nsb3Vkc3NvLXRlc3QuY2lzY28uY29tL2FzL3Rva2VuLm9hdXRoMiIsImdyYW50VHlwZXMiOlt7Im5hbWUiOiJwYXNzd29yZCIsImxhYmVsIjoiUmVzb3VyY2UgT3duZXIgR3JhbnQiLCJyZXF1aXJlZCI6ZmFsc2UsImV4Y2x1ZGUiOltdLCJkZXBlbmRzIjpbXX0seyJuYW1lIjoiaW1wbGljaXQiLCJsYWJlbCI6IkltcGxpY2l0IEdyYW50IiwicmVxdWlyZWQiOmZhbHNlLCJleGNsdWRlIjpbXSwiZGVwZW5kcyI6W119LHsibmFtZSI6ImNsaWVudF9jcmVkZW50aWFscyIsImxhYmVsIjoiQ2xpZW50IENyZWRlbnRpYWxzIEdyYW50IiwicmVxdWlyZWQiOmZhbHNlLCJleGNsdWRlIjpbXSwiZGVwZW5kcyI6W119LHsibmFtZSI6ImF1dGhvcml6YXRpb25fY29kZSIsImxhYmVsIjoiQXV0aG9yaXphdGlvbiBDb2RlIEdyYW50IiwicmVxdWlyZWQiOmZhbHNlLCJleGNsdWRlIjpbXSwiZGVwZW5kcyI6W119LHsibmFtZSI6InJlZnJlc2hfdG9rZW4iLCJsYWJlbCI6IlJlZnJlc2ggVG9rZW4iLCJyZXF1aXJlZCI6ZmFsc2UsImV4Y2x1ZGUiOltdLCJkZXBlbmRzIjpbImF1dGhvcml6YXRpb25fY29kZSIsInBhc3N3b3JkIl19XX19LCJpbnRlcmFjdGl2ZUxvZ2luIjp0cnVlLCJ0b2tlbiI6ImEyYzg0ODE1LThjYjgtNGE3Ni1iNmU0LTg4MGM3ZTc2MGNlYiIsImlhdCI6MTQ4NjU4Njc4OCwiYXVkIjoiaHR0cDovL2FwaS1wbGF0Zm9ybS1hcGkvcmVwb3NpdG9yeSIsImlzcyI6Imh0dHA6Ly9hcGktcGxhdGZvcm0tYXBpL3JlcG9zaXRvcnkifQ.YOsto-KJMgjQZxFXe6FFipYd8TIh4P1HIlJ5Tg6a9Ps
				Accept=*/*
				Content-Type=text/plain; charset=UTF-8
Cookies:		&lt;none&gt;
Body:			&lt;none&gt;
Request method:	DELETE
Request path:	https://qax.anypoint.mulesoft.com/apiplatform/repository/v2/organizations/5000db95-c5d4-487f-925e-3f82f15a5499/apis/2053/versions/2161/contracts/30249
Proxy:			&lt;none&gt;
Request params:	&lt;none&gt;
Query params:	&lt;none&gt;
Form params:	&lt;none&gt;
Path params:	&lt;none&gt;
Multiparts:		&lt;none&gt;
Headers:		Authorization=Bearer eyJ0eXAiOiJKV1QiLCJhbGciOiJIUzI1NiJ9.eyJpZCI6IjUwMDAzN2NkLTJjZmQtNGRhNC1iZWQ3LTU3Mzg0ZGViMDYyYiIsImZpcnN0TmFtZSI6IkZlZGVyYXRlZCIsImxhc3ROYW1lIjoiRXh0ZXJuYWwiLCJlbWFpbCI6ImNocmlzdG9waGVyLm1vcmR1ZUBtdWxlc29mdC5jb20iLCJ1c2VybmFtZSI6ImZlZGVyYXRlZF9leHRlcm5hbCIsIm9yZ2FuaXphdGlvbiI6eyJpZCI6IjUwMDBkYjk1LWM1ZDQtNDg3Zi05MjVlLTNmODJmMTVhNTQ5OSIsIm5hbWUiOiJGZWRlcmF0ZWQgSW5jIEV4dGVybmFsIEF1dGhvcml6YXRpb24iLCJkb21haW4iOiJmZWRlcmF0ZWQtZXh0ZXJuYWwiLCJlbnRpdGxlbWVudHMiOnsiaHlicmlkIjp7ImVuYWJsZWQiOmZhbHNlfSwiY3JlYXRlU3ViT3JncyI6dHJ1ZSwidkNvcmVzUHJvZHVjdGlvbiI6eyJhc3NpZ25lZCI6MSwicmVhc3NpZ25lZCI6MH0sInZDb3Jlc1NhbmRib3giOnsiYXNzaWduZWQiOjEsInJlYXNzaWduZWQiOjB9LCJnbG9iYWxEZXBsb3ltZW50IjpmYWxzZSwid29ya2VyTG9nZ2luZ092ZXJyaWRlIjp7ImVuYWJsZWQiOmZhbHNlfSwiZ2F0ZXdheXMiOnsiYXNzaWduZWQiOjB9LCJjcmVhdGVFbnZpcm9ubWVudHMiOnRydWUsInBhcnRuZXJzUHJvZHVjdGlvbiI6eyJhc3NpZ25lZCI6MH0sInBhcnRuZXJzU2FuZGJveCI6eyJhc3NpZ25lZCI6MH0sImF1dG9zY2FsaW5nIjpmYWxzZSwic3RhdGljSXBzIjp7ImFzc2lnbmVkIjowLCJyZWFzc2lnbmVkIjowfSwiYXJtQWxlcnRzIjpmYWxzZSwiYXBpcyI6eyJlbmFibGVkIjp0cnVlfSwibXFNZXNzYWdlcyI6eyJiYXNlIjowLCJhZGRPbiI6MH0sIm1xUmVxdWVzdHMiOnsiYmFzZSI6MCwiYWRkT24iOjB9LCJleHRlcm5hbElkZW50aXR5Ijp0cnVlLCJtcUFkdmFuY2VkRmVhdHVyZXMiOnsiZW5hYmxlZCI6ZmFsc2V9LCJ2cGNzIjp7ImFzc2lnbmVkIjowLCJyZWFzc2lnbmVkIjowfSwiaHlicmlkSW5zaWdodCI6ZmFsc2UsImRlc2lnbkNlbnRlciI6eyJtb3phcnQiOmZhbHNlLCJhcGkiOmZhbHNlfSwib2JqZWN0U3RvcmVSZXF1ZXN0VW5pdHMiOnsiYmFzZSI6MTUwMDAwMDAsImFkZE9uIjowfSwib2JqZWN0U3RvcmVLZXlzIjp7ImJhc2UiOjEwMDAwMCwiYWRkT24iOjB9LCJjYW0iOnsiZW5hYmxlZCI6ZmFsc2V9LCJsb2FkQmFsYW5jZXIiOnsiYXNzaWduZWQiOjAsInJlYXNzaWduZWQiOjB9LCJtZXNzYWdpbmciOnsiYXNzaWduZWQiOjB9fSwiZXh0ZXJuYWxBdXRob3JpemF0aW9uIjp0cnVlLCJleHRlcm5hbEF1dGhvcml6YXRpb25Qcm92aWRlciI6eyJuYW1lIjoiUG9ydGFsIEFwcGxpY2F0aW9uIE1hbmFnZW1lbnQgU3lzdGVtIChQQU1TKSIsInVybCI6Imh0dHBzOi8vd3NneC10ZXN0LmNpc2NvLmNvbS9wYW1zL2x0L2NlcG1TZXJ2aWNlL3YxLjUvbWdyc3J2cyIsInZlcnNpb24iOiIxLjUifSwiaWRlbnRpdHlNYW5hZ2VtZW50Ijp7InR5cGUiOiJQaW5nRmVkZXJhdGUifSwib2F1dGgyU2V0dGluZ3MiOnsiYXV0aG9yaXphdGlvbkdyYW50cyI6WyJjb2RlIiwidG9rZW4iLCJvd25lciIsImNyZWRlbnRpYWxzIl0sImF1dGhvcml6YXRpb25VcmkiOiJodHRwczovL2Nsb3Vkc3NvLXRlc3QuY2lzY28uY29tL2FzL2F1dGhvcml6YXRpb24ub2F1dGgyIiwiYWNjZXNzVG9rZW5VcmkiOiJodHRwczovL2Nsb3Vkc3NvLXRlc3QuY2lzY28uY29tL2FzL3Rva2VuLm9hdXRoMiIsImdyYW50VHlwZXMiOlt7Im5hbWUiOiJwYXNzd29yZCIsImxhYmVsIjoiUmVzb3VyY2UgT3duZXIgR3JhbnQiLCJyZXF1aXJlZCI6ZmFsc2UsImV4Y2x1ZGUiOltdLCJkZXBlbmRzIjpbXX0seyJuYW1lIjoiaW1wbGljaXQiLCJsYWJlbCI6IkltcGxpY2l0IEdyYW50IiwicmVxdWlyZWQiOmZhbHNlLCJleGNsdWRlIjpbXSwiZGVwZW5kcyI6W119LHsibmFtZSI6ImNsaWVudF9jcmVkZW50aWFscyIsImxhYmVsIjoiQ2xpZW50IENyZWRlbnRpYWxzIEdyYW50IiwicmVxdWlyZWQiOmZhbHNlLCJleGNsdWRlIjpbXSwiZGVwZW5kcyI6W119LHsibmFtZSI6ImF1dGhvcml6YXRpb25fY29kZSIsImxhYmVsIjoiQXV0aG9yaXphdGlvbiBDb2RlIEdyYW50IiwicmVxdWlyZWQiOmZhbHNlLCJleGNsdWRlIjpbXSwiZGVwZW5kcyI6W119LHsibmFtZSI6InJlZnJlc2hfdG9rZW4iLCJsYWJlbCI6IlJlZnJlc2ggVG9rZW4iLCJyZXF1aXJlZCI6ZmFsc2UsImV4Y2x1ZGUiOltdLCJkZXBlbmRzIjpbImF1dGhvcml6YXRpb25fY29kZSIsInBhc3N3b3JkIl19XX19LCJpbnRlcmFjdGl2ZUxvZ2luIjp0cnVlLCJ0b2tlbiI6ImEyYzg0ODE1LThjYjgtNGE3Ni1iNmU0LTg4MGM3ZTc2MGNlYiIsImlhdCI6MTQ4NjU4Njc4OCwiYXVkIjoiaHR0cDovL2FwaS1wbGF0Zm9ybS1hcGkvcmVwb3NpdG9yeSIsImlzcyI6Imh0dHA6Ly9hcGktcGxhdGZvcm0tYXBpL3JlcG9zaXRvcnkifQ.YOsto-KJMgjQZxFXe6FFipYd8TIh4P1HIlJ5Tg6a9Ps
				Accept=*/*
				Content-Type=text/plain; charset=UTF-8
Cookies:		&lt;none&gt;
Body:			&lt;none&gt;
Request method:	DELETE
Request path:	https://qax.anypoint.mulesoft.com/apiplatform/repository/v2/organizations/5000db95-c5d4-487f-925e-3f82f15a5499/apis/2053/versions/2161/contracts/30216
Proxy:			&lt;none&gt;
Request params:	&lt;none&gt;
Query params:	&lt;none&gt;
Form params:	&lt;none&gt;
Path params:	&lt;none&gt;
Multiparts:		&lt;none&gt;
Headers:		Authorization=Bearer eyJ0eXAiOiJKV1QiLCJhbGciOiJIUzI1NiJ9.eyJpZCI6IjUwMDAzN2NkLTJjZmQtNGRhNC1iZWQ3LTU3Mzg0ZGViMDYyYiIsImZpcnN0TmFtZSI6IkZlZGVyYXRlZCIsImxhc3ROYW1lIjoiRXh0ZXJuYWwiLCJlbWFpbCI6ImNocmlzdG9waGVyLm1vcmR1ZUBtdWxlc29mdC5jb20iLCJ1c2VybmFtZSI6ImZlZGVyYXRlZF9leHRlcm5hbCIsIm9yZ2FuaXphdGlvbiI6eyJpZCI6IjUwMDBkYjk1LWM1ZDQtNDg3Zi05MjVlLTNmODJmMTVhNTQ5OSIsIm5hbWUiOiJGZWRlcmF0ZWQgSW5jIEV4dGVybmFsIEF1dGhvcml6YXRpb24iLCJkb21haW4iOiJmZWRlcmF0ZWQtZXh0ZXJuYWwiLCJlbnRpdGxlbWVudHMiOnsiaHlicmlkIjp7ImVuYWJsZWQiOmZhbHNlfSwiY3JlYXRlU3ViT3JncyI6dHJ1ZSwidkNvcmVzUHJvZHVjdGlvbiI6eyJhc3NpZ25lZCI6MSwicmVhc3NpZ25lZCI6MH0sInZDb3Jlc1NhbmRib3giOnsiYXNzaWduZWQiOjEsInJlYXNzaWduZWQiOjB9LCJnbG9iYWxEZXBsb3ltZW50IjpmYWxzZSwid29ya2VyTG9nZ2luZ092ZXJyaWRlIjp7ImVuYWJsZWQiOmZhbHNlfSwiZ2F0ZXdheXMiOnsiYXNzaWduZWQiOjB9LCJjcmVhdGVFbnZpcm9ubWVudHMiOnRydWUsInBhcnRuZXJzUHJvZHVjdGlvbiI6eyJhc3NpZ25lZCI6MH0sInBhcnRuZXJzU2FuZGJveCI6eyJhc3NpZ25lZCI6MH0sImF1dG9zY2FsaW5nIjpmYWxzZSwic3RhdGljSXBzIjp7ImFzc2lnbmVkIjowLCJyZWFzc2lnbmVkIjowfSwiYXJtQWxlcnRzIjpmYWxzZSwiYXBpcyI6eyJlbmFibGVkIjp0cnVlfSwibXFNZXNzYWdlcyI6eyJiYXNlIjowLCJhZGRPbiI6MH0sIm1xUmVxdWVzdHMiOnsiYmFzZSI6MCwiYWRkT24iOjB9LCJleHRlcm5hbElkZW50aXR5Ijp0cnVlLCJtcUFkdmFuY2VkRmVhdHVyZXMiOnsiZW5hYmxlZCI6ZmFsc2V9LCJ2cGNzIjp7ImFzc2lnbmVkIjowLCJyZWFzc2lnbmVkIjowfSwiaHlicmlkSW5zaWdodCI6ZmFsc2UsImRlc2lnbkNlbnRlciI6eyJtb3phcnQiOmZhbHNlLCJhcGkiOmZhbHNlfSwib2JqZWN0U3RvcmVSZXF1ZXN0VW5pdHMiOnsiYmFzZSI6MTUwMDAwMDAsImFkZE9uIjowfSwib2JqZWN0U3RvcmVLZXlzIjp7ImJhc2UiOjEwMDAwMCwiYWRkT24iOjB9LCJjYW0iOnsiZW5hYmxlZCI6ZmFsc2V9LCJsb2FkQmFsYW5jZXIiOnsiYXNzaWduZWQiOjAsInJlYXNzaWduZWQiOjB9LCJtZXNzYWdpbmciOnsiYXNzaWduZWQiOjB9fSwiZXh0ZXJuYWxBdXRob3JpemF0aW9uIjp0cnVlLCJleHRlcm5hbEF1dGhvcml6YXRpb25Qcm92aWRlciI6eyJuYW1lIjoiUG9ydGFsIEFwcGxpY2F0aW9uIE1hbmFnZW1lbnQgU3lzdGVtIChQQU1TKSIsInVybCI6Imh0dHBzOi8vd3NneC10ZXN0LmNpc2NvLmNvbS9wYW1zL2x0L2NlcG1TZXJ2aWNlL3YxLjUvbWdyc3J2cyIsInZlcnNpb24iOiIxLjUifSwiaWRlbnRpdHlNYW5hZ2VtZW50Ijp7InR5cGUiOiJQaW5nRmVkZXJhdGUifSwib2F1dGgyU2V0dGluZ3MiOnsiYXV0aG9yaXphdGlvbkdyYW50cyI6WyJjb2RlIiwidG9rZW4iLCJvd25lciIsImNyZWRlbnRpYWxzIl0sImF1dGhvcml6YXRpb25VcmkiOiJodHRwczovL2Nsb3Vkc3NvLXRlc3QuY2lzY28uY29tL2FzL2F1dGhvcml6YXRpb24ub2F1dGgyIiwiYWNjZXNzVG9rZW5VcmkiOiJodHRwczovL2Nsb3Vkc3NvLXRlc3QuY2lzY28uY29tL2FzL3Rva2VuLm9hdXRoMiIsImdyYW50VHlwZXMiOlt7Im5hbWUiOiJwYXNzd29yZCIsImxhYmVsIjoiUmVzb3VyY2UgT3duZXIgR3JhbnQiLCJyZXF1aXJlZCI6ZmFsc2UsImV4Y2x1ZGUiOltdLCJkZXBlbmRzIjpbXX0seyJuYW1lIjoiaW1wbGljaXQiLCJsYWJlbCI6IkltcGxpY2l0IEdyYW50IiwicmVxdWlyZWQiOmZhbHNlLCJleGNsdWRlIjpbXSwiZGVwZW5kcyI6W119LHsibmFtZSI6ImNsaWVudF9jcmVkZW50aWFscyIsImxhYmVsIjoiQ2xpZW50IENyZWRlbnRpYWxzIEdyYW50IiwicmVxdWlyZWQiOmZhbHNlLCJleGNsdWRlIjpbXSwiZGVwZW5kcyI6W119LHsibmFtZSI6ImF1dGhvcml6YXRpb25fY29kZSIsImxhYmVsIjoiQXV0aG9yaXphdGlvbiBDb2RlIEdyYW50IiwicmVxdWlyZWQiOmZhbHNlLCJleGNsdWRlIjpbXSwiZGVwZW5kcyI6W119LHsibmFtZSI6InJlZnJlc2hfdG9rZW4iLCJsYWJlbCI6IlJlZnJlc2ggVG9rZW4iLCJyZXF1aXJlZCI6ZmFsc2UsImV4Y2x1ZGUiOltdLCJkZXBlbmRzIjpbImF1dGhvcml6YXRpb25fY29kZSIsInBhc3N3b3JkIl19XX19LCJpbnRlcmFjdGl2ZUxvZ2luIjp0cnVlLCJ0b2tlbiI6ImEyYzg0ODE1LThjYjgtNGE3Ni1iNmU0LTg4MGM3ZTc2MGNlYiIsImlhdCI6MTQ4NjU4Njc4OCwiYXVkIjoiaHR0cDovL2FwaS1wbGF0Zm9ybS1hcGkvcmVwb3NpdG9yeSIsImlzcyI6Imh0dHA6Ly9hcGktcGxhdGZvcm0tYXBpL3JlcG9zaXRvcnkifQ.YOsto-KJMgjQZxFXe6FFipYd8TIh4P1HIlJ5Tg6a9Ps
				Accept=*/*
				Content-Type=text/plain; charset=UTF-8
Cookies:		&lt;none&gt;
Body:			&lt;none&gt;
Request method:	DELETE
Request path:	https://qax.anypoint.mulesoft.com/apiplatform/repository/v2/organizations/5000db95-c5d4-487f-925e-3f82f15a5499/apis/2053/versions/2161/contracts/30188
Proxy:			&lt;none&gt;
Request params:	&lt;none&gt;
Query params:	&lt;none&gt;
Form params:	&lt;none&gt;
Path params:	&lt;none&gt;
Multiparts:		&lt;none&gt;
Headers:		Authorization=Bearer eyJ0eXAiOiJKV1QiLCJhbGciOiJIUzI1NiJ9.eyJpZCI6IjUwMDAzN2NkLTJjZmQtNGRhNC1iZWQ3LTU3Mzg0ZGViMDYyYiIsImZpcnN0TmFtZSI6IkZlZGVyYXRlZCIsImxhc3ROYW1lIjoiRXh0ZXJuYWwiLCJlbWFpbCI6ImNocmlzdG9waGVyLm1vcmR1ZUBtdWxlc29mdC5jb20iLCJ1c2VybmFtZSI6ImZlZGVyYXRlZF9leHRlcm5hbCIsIm9yZ2FuaXphdGlvbiI6eyJpZCI6IjUwMDBkYjk1LWM1ZDQtNDg3Zi05MjVlLTNmODJmMTVhNTQ5OSIsIm5hbWUiOiJGZWRlcmF0ZWQgSW5jIEV4dGVybmFsIEF1dGhvcml6YXRpb24iLCJkb21haW4iOiJmZWRlcmF0ZWQtZXh0ZXJuYWwiLCJlbnRpdGxlbWVudHMiOnsiaHlicmlkIjp7ImVuYWJsZWQiOmZhbHNlfSwiY3JlYXRlU3ViT3JncyI6dHJ1ZSwidkNvcmVzUHJvZHVjdGlvbiI6eyJhc3NpZ25lZCI6MSwicmVhc3NpZ25lZCI6MH0sInZDb3Jlc1NhbmRib3giOnsiYXNzaWduZWQiOjEsInJlYXNzaWduZWQiOjB9LCJnbG9iYWxEZXBsb3ltZW50IjpmYWxzZSwid29ya2VyTG9nZ2luZ092ZXJyaWRlIjp7ImVuYWJsZWQiOmZhbHNlfSwiZ2F0ZXdheXMiOnsiYXNzaWduZWQiOjB9LCJjcmVhdGVFbnZpcm9ubWVudHMiOnRydWUsInBhcnRuZXJzUHJvZHVjdGlvbiI6eyJhc3NpZ25lZCI6MH0sInBhcnRuZXJzU2FuZGJveCI6eyJhc3NpZ25lZCI6MH0sImF1dG9zY2FsaW5nIjpmYWxzZSwic3RhdGljSXBzIjp7ImFzc2lnbmVkIjowLCJyZWFzc2lnbmVkIjowfSwiYXJtQWxlcnRzIjpmYWxzZSwiYXBpcyI6eyJlbmFibGVkIjp0cnVlfSwibXFNZXNzYWdlcyI6eyJiYXNlIjowLCJhZGRPbiI6MH0sIm1xUmVxdWVzdHMiOnsiYmFzZSI6MCwiYWRkT24iOjB9LCJleHRlcm5hbElkZW50aXR5Ijp0cnVlLCJtcUFkdmFuY2VkRmVhdHVyZXMiOnsiZW5hYmxlZCI6ZmFsc2V9LCJ2cGNzIjp7ImFzc2lnbmVkIjowLCJyZWFzc2lnbmVkIjowfSwiaHlicmlkSW5zaWdodCI6ZmFsc2UsImRlc2lnbkNlbnRlciI6eyJtb3phcnQiOmZhbHNlLCJhcGkiOmZhbHNlfSwib2JqZWN0U3RvcmVSZXF1ZXN0VW5pdHMiOnsiYmFzZSI6MTUwMDAwMDAsImFkZE9uIjowfSwib2JqZWN0U3RvcmVLZXlzIjp7ImJhc2UiOjEwMDAwMCwiYWRkT24iOjB9LCJjYW0iOnsiZW5hYmxlZCI6ZmFsc2V9LCJsb2FkQmFsYW5jZXIiOnsiYXNzaWduZWQiOjAsInJlYXNzaWduZWQiOjB9LCJtZXNzYWdpbmciOnsiYXNzaWduZWQiOjB9fSwiZXh0ZXJuYWxBdXRob3JpemF0aW9uIjp0cnVlLCJleHRlcm5hbEF1dGhvcml6YXRpb25Qcm92aWRlciI6eyJuYW1lIjoiUG9ydGFsIEFwcGxpY2F0aW9uIE1hbmFnZW1lbnQgU3lzdGVtIChQQU1TKSIsInVybCI6Imh0dHBzOi8vd3NneC10ZXN0LmNpc2NvLmNvbS9wYW1zL2x0L2NlcG1TZXJ2aWNlL3YxLjUvbWdyc3J2cyIsInZlcnNpb24iOiIxLjUifSwiaWRlbnRpdHlNYW5hZ2VtZW50Ijp7InR5cGUiOiJQaW5nRmVkZXJhdGUifSwib2F1dGgyU2V0dGluZ3MiOnsiYXV0aG9yaXphdGlvbkdyYW50cyI6WyJjb2RlIiwidG9rZW4iLCJvd25lciIsImNyZWRlbnRpYWxzIl0sImF1dGhvcml6YXRpb25VcmkiOiJodHRwczovL2Nsb3Vkc3NvLXRlc3QuY2lzY28uY29tL2FzL2F1dGhvcml6YXRpb24ub2F1dGgyIiwiYWNjZXNzVG9rZW5VcmkiOiJodHRwczovL2Nsb3Vkc3NvLXRlc3QuY2lzY28uY29tL2FzL3Rva2VuLm9hdXRoMiIsImdyYW50VHlwZXMiOlt7Im5hbWUiOiJwYXNzd29yZCIsImxhYmVsIjoiUmVzb3VyY2UgT3duZXIgR3JhbnQiLCJyZXF1aXJlZCI6ZmFsc2UsImV4Y2x1ZGUiOltdLCJkZXBlbmRzIjpbXX0seyJuYW1lIjoiaW1wbGljaXQiLCJsYWJlbCI6IkltcGxpY2l0IEdyYW50IiwicmVxdWlyZWQiOmZhbHNlLCJleGNsdWRlIjpbXSwiZGVwZW5kcyI6W119LHsibmFtZSI6ImNsaWVudF9jcmVkZW50aWFscyIsImxhYmVsIjoiQ2xpZW50IENyZWRlbnRpYWxzIEdyYW50IiwicmVxdWlyZWQiOmZhbHNlLCJleGNsdWRlIjpbXSwiZGVwZW5kcyI6W119LHsibmFtZSI6ImF1dGhvcml6YXRpb25fY29kZSIsImxhYmVsIjoiQXV0aG9yaXphdGlvbiBDb2RlIEdyYW50IiwicmVxdWlyZWQiOmZhbHNlLCJleGNsdWRlIjpbXSwiZGVwZW5kcyI6W119LHsibmFtZSI6InJlZnJlc2hfdG9rZW4iLCJsYWJlbCI6IlJlZnJlc2ggVG9rZW4iLCJyZXF1aXJlZCI6ZmFsc2UsImV4Y2x1ZGUiOltdLCJkZXBlbmRzIjpbImF1dGhvcml6YXRpb25fY29kZSIsInBhc3N3b3JkIl19XX19LCJpbnRlcmFjdGl2ZUxvZ2luIjp0cnVlLCJ0b2tlbiI6ImEyYzg0ODE1LThjYjgtNGE3Ni1iNmU0LTg4MGM3ZTc2MGNlYiIsImlhdCI6MTQ4NjU4Njc4OCwiYXVkIjoiaHR0cDovL2FwaS1wbGF0Zm9ybS1hcGkvcmVwb3NpdG9yeSIsImlzcyI6Imh0dHA6Ly9hcGktcGxhdGZvcm0tYXBpL3JlcG9zaXRvcnkifQ.YOsto-KJMgjQZxFXe6FFipYd8TIh4P1HIlJ5Tg6a9Ps
				Accept=*/*
				Content-Type=text/plain; charset=UTF-8
Cookies:		&lt;none&gt;
Body:			&lt;none&gt;
Request method:	DELETE
Request path:	https://qax.anypoint.mulesoft.com/apiplatform/repository/v2/organizations/5000db95-c5d4-487f-925e-3f82f15a5499/apis/2053/versions/2161/contracts/30208
Proxy:			&lt;none&gt;
Request params:	&lt;none&gt;
Query params:	&lt;none&gt;
Form params:	&lt;none&gt;
Path params:	&lt;none&gt;
Multiparts:		&lt;none&gt;
Headers:		Authorization=Bearer eyJ0eXAiOiJKV1QiLCJhbGciOiJIUzI1NiJ9.eyJpZCI6IjUwMDAzN2NkLTJjZmQtNGRhNC1iZWQ3LTU3Mzg0ZGViMDYyYiIsImZpcnN0TmFtZSI6IkZlZGVyYXRlZCIsImxhc3ROYW1lIjoiRXh0ZXJuYWwiLCJlbWFpbCI6ImNocmlzdG9waGVyLm1vcmR1ZUBtdWxlc29mdC5jb20iLCJ1c2VybmFtZSI6ImZlZGVyYXRlZF9leHRlcm5hbCIsIm9yZ2FuaXphdGlvbiI6eyJpZCI6IjUwMDBkYjk1LWM1ZDQtNDg3Zi05MjVlLTNmODJmMTVhNTQ5OSIsIm5hbWUiOiJGZWRlcmF0ZWQgSW5jIEV4dGVybmFsIEF1dGhvcml6YXRpb24iLCJkb21haW4iOiJmZWRlcmF0ZWQtZXh0ZXJuYWwiLCJlbnRpdGxlbWVudHMiOnsiaHlicmlkIjp7ImVuYWJsZWQiOmZhbHNlfSwiY3JlYXRlU3ViT3JncyI6dHJ1ZSwidkNvcmVzUHJvZHVjdGlvbiI6eyJhc3NpZ25lZCI6MSwicmVhc3NpZ25lZCI6MH0sInZDb3Jlc1NhbmRib3giOnsiYXNzaWduZWQiOjEsInJlYXNzaWduZWQiOjB9LCJnbG9iYWxEZXBsb3ltZW50IjpmYWxzZSwid29ya2VyTG9nZ2luZ092ZXJyaWRlIjp7ImVuYWJsZWQiOmZhbHNlfSwiZ2F0ZXdheXMiOnsiYXNzaWduZWQiOjB9LCJjcmVhdGVFbnZpcm9ubWVudHMiOnRydWUsInBhcnRuZXJzUHJvZHVjdGlvbiI6eyJhc3NpZ25lZCI6MH0sInBhcnRuZXJzU2FuZGJveCI6eyJhc3NpZ25lZCI6MH0sImF1dG9zY2FsaW5nIjpmYWxzZSwic3RhdGljSXBzIjp7ImFzc2lnbmVkIjowLCJyZWFzc2lnbmVkIjowfSwiYXJtQWxlcnRzIjpmYWxzZSwiYXBpcyI6eyJlbmFibGVkIjp0cnVlfSwibXFNZXNzYWdlcyI6eyJiYXNlIjowLCJhZGRPbiI6MH0sIm1xUmVxdWVzdHMiOnsiYmFzZSI6MCwiYWRkT24iOjB9LCJleHRlcm5hbElkZW50aXR5Ijp0cnVlLCJtcUFkdmFuY2VkRmVhdHVyZXMiOnsiZW5hYmxlZCI6ZmFsc2V9LCJ2cGNzIjp7ImFzc2lnbmVkIjowLCJyZWFzc2lnbmVkIjowfSwiaHlicmlkSW5zaWdodCI6ZmFsc2UsImRlc2lnbkNlbnRlciI6eyJtb3phcnQiOmZhbHNlLCJhcGkiOmZhbHNlfSwib2JqZWN0U3RvcmVSZXF1ZXN0VW5pdHMiOnsiYmFzZSI6MTUwMDAwMDAsImFkZE9uIjowfSwib2JqZWN0U3RvcmVLZXlzIjp7ImJhc2UiOjEwMDAwMCwiYWRkT24iOjB9LCJjYW0iOnsiZW5hYmxlZCI6ZmFsc2V9LCJsb2FkQmFsYW5jZXIiOnsiYXNzaWduZWQiOjAsInJlYXNzaWduZWQiOjB9LCJtZXNzYWdpbmciOnsiYXNzaWduZWQiOjB9fSwiZXh0ZXJuYWxBdXRob3JpemF0aW9uIjp0cnVlLCJleHRlcm5hbEF1dGhvcml6YXRpb25Qcm92aWRlciI6eyJuYW1lIjoiUG9ydGFsIEFwcGxpY2F0aW9uIE1hbmFnZW1lbnQgU3lzdGVtIChQQU1TKSIsInVybCI6Imh0dHBzOi8vd3NneC10ZXN0LmNpc2NvLmNvbS9wYW1zL2x0L2NlcG1TZXJ2aWNlL3YxLjUvbWdyc3J2cyIsInZlcnNpb24iOiIxLjUifSwiaWRlbnRpdHlNYW5hZ2VtZW50Ijp7InR5cGUiOiJQaW5nRmVkZXJhdGUifSwib2F1dGgyU2V0dGluZ3MiOnsiYXV0aG9yaXphdGlvbkdyYW50cyI6WyJjb2RlIiwidG9rZW4iLCJvd25lciIsImNyZWRlbnRpYWxzIl0sImF1dGhvcml6YXRpb25VcmkiOiJodHRwczovL2Nsb3Vkc3NvLXRlc3QuY2lzY28uY29tL2FzL2F1dGhvcml6YXRpb24ub2F1dGgyIiwiYWNjZXNzVG9rZW5VcmkiOiJodHRwczovL2Nsb3Vkc3NvLXRlc3QuY2lzY28uY29tL2FzL3Rva2VuLm9hdXRoMiIsImdyYW50VHlwZXMiOlt7Im5hbWUiOiJwYXNzd29yZCIsImxhYmVsIjoiUmVzb3VyY2UgT3duZXIgR3JhbnQiLCJyZXF1aXJlZCI6ZmFsc2UsImV4Y2x1ZGUiOltdLCJkZXBlbmRzIjpbXX0seyJuYW1lIjoiaW1wbGljaXQiLCJsYWJlbCI6IkltcGxpY2l0IEdyYW50IiwicmVxdWlyZWQiOmZhbHNlLCJleGNsdWRlIjpbXSwiZGVwZW5kcyI6W119LHsibmFtZSI6ImNsaWVudF9jcmVkZW50aWFscyIsImxhYmVsIjoiQ2xpZW50IENyZWRlbnRpYWxzIEdyYW50IiwicmVxdWlyZWQiOmZhbHNlLCJleGNsdWRlIjpbXSwiZGVwZW5kcyI6W119LHsibmFtZSI6ImF1dGhvcml6YXRpb25fY29kZSIsImxhYmVsIjoiQXV0aG9yaXphdGlvbiBDb2RlIEdyYW50IiwicmVxdWlyZWQiOmZhbHNlLCJleGNsdWRlIjpbXSwiZGVwZW5kcyI6W119LHsibmFtZSI6InJlZnJlc2hfdG9rZW4iLCJsYWJlbCI6IlJlZnJlc2ggVG9rZW4iLCJyZXF1aXJlZCI6ZmFsc2UsImV4Y2x1ZGUiOltdLCJkZXBlbmRzIjpbImF1dGhvcml6YXRpb25fY29kZSIsInBhc3N3b3JkIl19XX19LCJpbnRlcmFjdGl2ZUxvZ2luIjp0cnVlLCJ0b2tlbiI6ImEyYzg0ODE1LThjYjgtNGE3Ni1iNmU0LTg4MGM3ZTc2MGNlYiIsImlhdCI6MTQ4NjU4Njc4OCwiYXVkIjoiaHR0cDovL2FwaS1wbGF0Zm9ybS1hcGkvcmVwb3NpdG9yeSIsImlzcyI6Imh0dHA6Ly9hcGktcGxhdGZvcm0tYXBpL3JlcG9zaXRvcnkifQ.YOsto-KJMgjQZxFXe6FFipYd8TIh4P1HIlJ5Tg6a9Ps
				Accept=*/*
				Content-Type=text/plain; charset=UTF-8
Cookies:		&lt;none&gt;
Body:			&lt;none&gt;
Request method:	DELETE
Request path:	https://qax.anypoint.mulesoft.com/apiplatform/repository/v2/organizations/5000db95-c5d4-487f-925e-3f82f15a5499/apis/2053/versions/2161/contracts/30211
Proxy:			&lt;none&gt;
Request params:	&lt;none&gt;
Query params:	&lt;none&gt;
Form params:	&lt;none&gt;
Path params:	&lt;none&gt;
Multiparts:		&lt;none&gt;
Headers:		Authorization=Bearer eyJ0eXAiOiJKV1QiLCJhbGciOiJIUzI1NiJ9.eyJpZCI6IjUwMDAzN2NkLTJjZmQtNGRhNC1iZWQ3LTU3Mzg0ZGViMDYyYiIsImZpcnN0TmFtZSI6IkZlZGVyYXRlZCIsImxhc3ROYW1lIjoiRXh0ZXJuYWwiLCJlbWFpbCI6ImNocmlzdG9waGVyLm1vcmR1ZUBtdWxlc29mdC5jb20iLCJ1c2VybmFtZSI6ImZlZGVyYXRlZF9leHRlcm5hbCIsIm9yZ2FuaXphdGlvbiI6eyJpZCI6IjUwMDBkYjk1LWM1ZDQtNDg3Zi05MjVlLTNmODJmMTVhNTQ5OSIsIm5hbWUiOiJGZWRlcmF0ZWQgSW5jIEV4dGVybmFsIEF1dGhvcml6YXRpb24iLCJkb21haW4iOiJmZWRlcmF0ZWQtZXh0ZXJuYWwiLCJlbnRpdGxlbWVudHMiOnsiaHlicmlkIjp7ImVuYWJsZWQiOmZhbHNlfSwiY3JlYXRlU3ViT3JncyI6dHJ1ZSwidkNvcmVzUHJvZHVjdGlvbiI6eyJhc3NpZ25lZCI6MSwicmVhc3NpZ25lZCI6MH0sInZDb3Jlc1NhbmRib3giOnsiYXNzaWduZWQiOjEsInJlYXNzaWduZWQiOjB9LCJnbG9iYWxEZXBsb3ltZW50IjpmYWxzZSwid29ya2VyTG9nZ2luZ092ZXJyaWRlIjp7ImVuYWJsZWQiOmZhbHNlfSwiZ2F0ZXdheXMiOnsiYXNzaWduZWQiOjB9LCJjcmVhdGVFbnZpcm9ubWVudHMiOnRydWUsInBhcnRuZXJzUHJvZHVjdGlvbiI6eyJhc3NpZ25lZCI6MH0sInBhcnRuZXJzU2FuZGJveCI6eyJhc3NpZ25lZCI6MH0sImF1dG9zY2FsaW5nIjpmYWxzZSwic3RhdGljSXBzIjp7ImFzc2lnbmVkIjowLCJyZWFzc2lnbmVkIjowfSwiYXJtQWxlcnRzIjpmYWxzZSwiYXBpcyI6eyJlbmFibGVkIjp0cnVlfSwibXFNZXNzYWdlcyI6eyJiYXNlIjowLCJhZGRPbiI6MH0sIm1xUmVxdWVzdHMiOnsiYmFzZSI6MCwiYWRkT24iOjB9LCJleHRlcm5hbElkZW50aXR5Ijp0cnVlLCJtcUFkdmFuY2VkRmVhdHVyZXMiOnsiZW5hYmxlZCI6ZmFsc2V9LCJ2cGNzIjp7ImFzc2lnbmVkIjowLCJyZWFzc2lnbmVkIjowfSwiaHlicmlkSW5zaWdodCI6ZmFsc2UsImRlc2lnbkNlbnRlciI6eyJtb3phcnQiOmZhbHNlLCJhcGkiOmZhbHNlfSwib2JqZWN0U3RvcmVSZXF1ZXN0VW5pdHMiOnsiYmFzZSI6MTUwMDAwMDAsImFkZE9uIjowfSwib2JqZWN0U3RvcmVLZXlzIjp7ImJhc2UiOjEwMDAwMCwiYWRkT24iOjB9LCJjYW0iOnsiZW5hYmxlZCI6ZmFsc2V9LCJsb2FkQmFsYW5jZXIiOnsiYXNzaWduZWQiOjAsInJlYXNzaWduZWQiOjB9LCJtZXNzYWdpbmciOnsiYXNzaWduZWQiOjB9fSwiZXh0ZXJuYWxBdXRob3JpemF0aW9uIjp0cnVlLCJleHRlcm5hbEF1dGhvcml6YXRpb25Qcm92aWRlciI6eyJuYW1lIjoiUG9ydGFsIEFwcGxpY2F0aW9uIE1hbmFnZW1lbnQgU3lzdGVtIChQQU1TKSIsInVybCI6Imh0dHBzOi8vd3NneC10ZXN0LmNpc2NvLmNvbS9wYW1zL2x0L2NlcG1TZXJ2aWNlL3YxLjUvbWdyc3J2cyIsInZlcnNpb24iOiIxLjUifSwiaWRlbnRpdHlNYW5hZ2VtZW50Ijp7InR5cGUiOiJQaW5nRmVkZXJhdGUifSwib2F1dGgyU2V0dGluZ3MiOnsiYXV0aG9yaXphdGlvbkdyYW50cyI6WyJjb2RlIiwidG9rZW4iLCJvd25lciIsImNyZWRlbnRpYWxzIl0sImF1dGhvcml6YXRpb25VcmkiOiJodHRwczovL2Nsb3Vkc3NvLXRlc3QuY2lzY28uY29tL2FzL2F1dGhvcml6YXRpb24ub2F1dGgyIiwiYWNjZXNzVG9rZW5VcmkiOiJodHRwczovL2Nsb3Vkc3NvLXRlc3QuY2lzY28uY29tL2FzL3Rva2VuLm9hdXRoMiIsImdyYW50VHlwZXMiOlt7Im5hbWUiOiJwYXNzd29yZCIsImxhYmVsIjoiUmVzb3VyY2UgT3duZXIgR3JhbnQiLCJyZXF1aXJlZCI6ZmFsc2UsImV4Y2x1ZGUiOltdLCJkZXBlbmRzIjpbXX0seyJuYW1lIjoiaW1wbGljaXQiLCJsYWJlbCI6IkltcGxpY2l0IEdyYW50IiwicmVxdWlyZWQiOmZhbHNlLCJleGNsdWRlIjpbXSwiZGVwZW5kcyI6W119LHsibmFtZSI6ImNsaWVudF9jcmVkZW50aWFscyIsImxhYmVsIjoiQ2xpZW50IENyZWRlbnRpYWxzIEdyYW50IiwicmVxdWlyZWQiOmZhbHNlLCJleGNsdWRlIjpbXSwiZGVwZW5kcyI6W119LHsibmFtZSI6ImF1dGhvcml6YXRpb25fY29kZSIsImxhYmVsIjoiQXV0aG9yaXphdGlvbiBDb2RlIEdyYW50IiwicmVxdWlyZWQiOmZhbHNlLCJleGNsdWRlIjpbXSwiZGVwZW5kcyI6W119LHsibmFtZSI6InJlZnJlc2hfdG9rZW4iLCJsYWJlbCI6IlJlZnJlc2ggVG9rZW4iLCJyZXF1aXJlZCI6ZmFsc2UsImV4Y2x1ZGUiOltdLCJkZXBlbmRzIjpbImF1dGhvcml6YXRpb25fY29kZSIsInBhc3N3b3JkIl19XX19LCJpbnRlcmFjdGl2ZUxvZ2luIjp0cnVlLCJ0b2tlbiI6ImEyYzg0ODE1LThjYjgtNGE3Ni1iNmU0LTg4MGM3ZTc2MGNlYiIsImlhdCI6MTQ4NjU4Njc4OCwiYXVkIjoiaHR0cDovL2FwaS1wbGF0Zm9ybS1hcGkvcmVwb3NpdG9yeSIsImlzcyI6Imh0dHA6Ly9hcGktcGxhdGZvcm0tYXBpL3JlcG9zaXRvcnkifQ.YOsto-KJMgjQZxFXe6FFipYd8TIh4P1HIlJ5Tg6a9Ps
				Accept=*/*
				Content-Type=text/plain; charset=UTF-8
Cookies:		&lt;none&gt;
Body:			&lt;none&gt;
Request method:	DELETE
Request path:	https://qax.anypoint.mulesoft.com/apiplatform/repository/v2/organizations/5000db95-c5d4-487f-925e-3f82f15a5499/apis/2053/versions/2161/contracts/30189
Proxy:			&lt;none&gt;
Request params:	&lt;none&gt;
Query params:	&lt;none&gt;
Form params:	&lt;none&gt;
Path params:	&lt;none&gt;
Multiparts:		&lt;none&gt;
Headers:		Authorization=Bearer eyJ0eXAiOiJKV1QiLCJhbGciOiJIUzI1NiJ9.eyJpZCI6IjUwMDAzN2NkLTJjZmQtNGRhNC1iZWQ3LTU3Mzg0ZGViMDYyYiIsImZpcnN0TmFtZSI6IkZlZGVyYXRlZCIsImxhc3ROYW1lIjoiRXh0ZXJuYWwiLCJlbWFpbCI6ImNocmlzdG9waGVyLm1vcmR1ZUBtdWxlc29mdC5jb20iLCJ1c2VybmFtZSI6ImZlZGVyYXRlZF9leHRlcm5hbCIsIm9yZ2FuaXphdGlvbiI6eyJpZCI6IjUwMDBkYjk1LWM1ZDQtNDg3Zi05MjVlLTNmODJmMTVhNTQ5OSIsIm5hbWUiOiJGZWRlcmF0ZWQgSW5jIEV4dGVybmFsIEF1dGhvcml6YXRpb24iLCJkb21haW4iOiJmZWRlcmF0ZWQtZXh0ZXJuYWwiLCJlbnRpdGxlbWVudHMiOnsiaHlicmlkIjp7ImVuYWJsZWQiOmZhbHNlfSwiY3JlYXRlU3ViT3JncyI6dHJ1ZSwidkNvcmVzUHJvZHVjdGlvbiI6eyJhc3NpZ25lZCI6MSwicmVhc3NpZ25lZCI6MH0sInZDb3Jlc1NhbmRib3giOnsiYXNzaWduZWQiOjEsInJlYXNzaWduZWQiOjB9LCJnbG9iYWxEZXBsb3ltZW50IjpmYWxzZSwid29ya2VyTG9nZ2luZ092ZXJyaWRlIjp7ImVuYWJsZWQiOmZhbHNlfSwiZ2F0ZXdheXMiOnsiYXNzaWduZWQiOjB9LCJjcmVhdGVFbnZpcm9ubWVudHMiOnRydWUsInBhcnRuZXJzUHJvZHVjdGlvbiI6eyJhc3NpZ25lZCI6MH0sInBhcnRuZXJzU2FuZGJveCI6eyJhc3NpZ25lZCI6MH0sImF1dG9zY2FsaW5nIjpmYWxzZSwic3RhdGljSXBzIjp7ImFzc2lnbmVkIjowLCJyZWFzc2lnbmVkIjowfSwiYXJtQWxlcnRzIjpmYWxzZSwiYXBpcyI6eyJlbmFibGVkIjp0cnVlfSwibXFNZXNzYWdlcyI6eyJiYXNlIjowLCJhZGRPbiI6MH0sIm1xUmVxdWVzdHMiOnsiYmFzZSI6MCwiYWRkT24iOjB9LCJleHRlcm5hbElkZW50aXR5Ijp0cnVlLCJtcUFkdmFuY2VkRmVhdHVyZXMiOnsiZW5hYmxlZCI6ZmFsc2V9LCJ2cGNzIjp7ImFzc2lnbmVkIjowLCJyZWFzc2lnbmVkIjowfSwiaHlicmlkSW5zaWdodCI6ZmFsc2UsImRlc2lnbkNlbnRlciI6eyJtb3phcnQiOmZhbHNlLCJhcGkiOmZhbHNlfSwib2JqZWN0U3RvcmVSZXF1ZXN0VW5pdHMiOnsiYmFzZSI6MTUwMDAwMDAsImFkZE9uIjowfSwib2JqZWN0U3RvcmVLZXlzIjp7ImJhc2UiOjEwMDAwMCwiYWRkT24iOjB9LCJjYW0iOnsiZW5hYmxlZCI6ZmFsc2V9LCJsb2FkQmFsYW5jZXIiOnsiYXNzaWduZWQiOjAsInJlYXNzaWduZWQiOjB9LCJtZXNzYWdpbmciOnsiYXNzaWduZWQiOjB9fSwiZXh0ZXJuYWxBdXRob3JpemF0aW9uIjp0cnVlLCJleHRlcm5hbEF1dGhvcml6YXRpb25Qcm92aWRlciI6eyJuYW1lIjoiUG9ydGFsIEFwcGxpY2F0aW9uIE1hbmFnZW1lbnQgU3lzdGVtIChQQU1TKSIsInVybCI6Imh0dHBzOi8vd3NneC10ZXN0LmNpc2NvLmNvbS9wYW1zL2x0L2NlcG1TZXJ2aWNlL3YxLjUvbWdyc3J2cyIsInZlcnNpb24iOiIxLjUifSwiaWRlbnRpdHlNYW5hZ2VtZW50Ijp7InR5cGUiOiJQaW5nRmVkZXJhdGUifSwib2F1dGgyU2V0dGluZ3MiOnsiYXV0aG9yaXphdGlvbkdyYW50cyI6WyJjb2RlIiwidG9rZW4iLCJvd25lciIsImNyZWRlbnRpYWxzIl0sImF1dGhvcml6YXRpb25VcmkiOiJodHRwczovL2Nsb3Vkc3NvLXRlc3QuY2lzY28uY29tL2FzL2F1dGhvcml6YXRpb24ub2F1dGgyIiwiYWNjZXNzVG9rZW5VcmkiOiJodHRwczovL2Nsb3Vkc3NvLXRlc3QuY2lzY28uY29tL2FzL3Rva2VuLm9hdXRoMiIsImdyYW50VHlwZXMiOlt7Im5hbWUiOiJwYXNzd29yZCIsImxhYmVsIjoiUmVzb3VyY2UgT3duZXIgR3JhbnQiLCJyZXF1aXJlZCI6ZmFsc2UsImV4Y2x1ZGUiOltdLCJkZXBlbmRzIjpbXX0seyJuYW1lIjoiaW1wbGljaXQiLCJsYWJlbCI6IkltcGxpY2l0IEdyYW50IiwicmVxdWlyZWQiOmZhbHNlLCJleGNsdWRlIjpbXSwiZGVwZW5kcyI6W119LHsibmFtZSI6ImNsaWVudF9jcmVkZW50aWFscyIsImxhYmVsIjoiQ2xpZW50IENyZWRlbnRpYWxzIEdyYW50IiwicmVxdWlyZWQiOmZhbHNlLCJleGNsdWRlIjpbXSwiZGVwZW5kcyI6W119LHsibmFtZSI6ImF1dGhvcml6YXRpb25fY29kZSIsImxhYmVsIjoiQXV0aG9yaXphdGlvbiBDb2RlIEdyYW50IiwicmVxdWlyZWQiOmZhbHNlLCJleGNsdWRlIjpbXSwiZGVwZW5kcyI6W119LHsibmFtZSI6InJlZnJlc2hfdG9rZW4iLCJsYWJlbCI6IlJlZnJlc2ggVG9rZW4iLCJyZXF1aXJlZCI6ZmFsc2UsImV4Y2x1ZGUiOltdLCJkZXBlbmRzIjpbImF1dGhvcml6YXRpb25fY29kZSIsInBhc3N3b3JkIl19XX19LCJpbnRlcmFjdGl2ZUxvZ2luIjp0cnVlLCJ0b2tlbiI6ImEyYzg0ODE1LThjYjgtNGE3Ni1iNmU0LTg4MGM3ZTc2MGNlYiIsImlhdCI6MTQ4NjU4Njc4OCwiYXVkIjoiaHR0cDovL2FwaS1wbGF0Zm9ybS1hcGkvcmVwb3NpdG9yeSIsImlzcyI6Imh0dHA6Ly9hcGktcGxhdGZvcm0tYXBpL3JlcG9zaXRvcnkifQ.YOsto-KJMgjQZxFXe6FFipYd8TIh4P1HIlJ5Tg6a9Ps
				Accept=*/*
				Content-Type=text/plain; charset=UTF-8
Cookies:		&lt;none&gt;
Body:			&lt;none&gt;
Request method:	DELETE
Request path:	https://qax.anypoint.mulesoft.com/apiplatform/repository/v2/organizations/5000db95-c5d4-487f-925e-3f82f15a5499/apis/2053/versions/2161/contracts/30213
Proxy:			&lt;none&gt;
Request params:	&lt;none&gt;
Query params:	&lt;none&gt;
Form params:	&lt;none&gt;
Path params:	&lt;none&gt;
Multiparts:		&lt;none&gt;
Headers:		Authorization=Bearer eyJ0eXAiOiJKV1QiLCJhbGciOiJIUzI1NiJ9.eyJpZCI6IjUwMDAzN2NkLTJjZmQtNGRhNC1iZWQ3LTU3Mzg0ZGViMDYyYiIsImZpcnN0TmFtZSI6IkZlZGVyYXRlZCIsImxhc3ROYW1lIjoiRXh0ZXJuYWwiLCJlbWFpbCI6ImNocmlzdG9waGVyLm1vcmR1ZUBtdWxlc29mdC5jb20iLCJ1c2VybmFtZSI6ImZlZGVyYXRlZF9leHRlcm5hbCIsIm9yZ2FuaXphdGlvbiI6eyJpZCI6IjUwMDBkYjk1LWM1ZDQtNDg3Zi05MjVlLTNmODJmMTVhNTQ5OSIsIm5hbWUiOiJGZWRlcmF0ZWQgSW5jIEV4dGVybmFsIEF1dGhvcml6YXRpb24iLCJkb21haW4iOiJmZWRlcmF0ZWQtZXh0ZXJuYWwiLCJlbnRpdGxlbWVudHMiOnsiaHlicmlkIjp7ImVuYWJsZWQiOmZhbHNlfSwiY3JlYXRlU3ViT3JncyI6dHJ1ZSwidkNvcmVzUHJvZHVjdGlvbiI6eyJhc3NpZ25lZCI6MSwicmVhc3NpZ25lZCI6MH0sInZDb3Jlc1NhbmRib3giOnsiYXNzaWduZWQiOjEsInJlYXNzaWduZWQiOjB9LCJnbG9iYWxEZXBsb3ltZW50IjpmYWxzZSwid29ya2VyTG9nZ2luZ092ZXJyaWRlIjp7ImVuYWJsZWQiOmZhbHNlfSwiZ2F0ZXdheXMiOnsiYXNzaWduZWQiOjB9LCJjcmVhdGVFbnZpcm9ubWVudHMiOnRydWUsInBhcnRuZXJzUHJvZHVjdGlvbiI6eyJhc3NpZ25lZCI6MH0sInBhcnRuZXJzU2FuZGJveCI6eyJhc3NpZ25lZCI6MH0sImF1dG9zY2FsaW5nIjpmYWxzZSwic3RhdGljSXBzIjp7ImFzc2lnbmVkIjowLCJyZWFzc2lnbmVkIjowfSwiYXJtQWxlcnRzIjpmYWxzZSwiYXBpcyI6eyJlbmFibGVkIjp0cnVlfSwibXFNZXNzYWdlcyI6eyJiYXNlIjowLCJhZGRPbiI6MH0sIm1xUmVxdWVzdHMiOnsiYmFzZSI6MCwiYWRkT24iOjB9LCJleHRlcm5hbElkZW50aXR5Ijp0cnVlLCJtcUFkdmFuY2VkRmVhdHVyZXMiOnsiZW5hYmxlZCI6ZmFsc2V9LCJ2cGNzIjp7ImFzc2lnbmVkIjowLCJyZWFzc2lnbmVkIjowfSwiaHlicmlkSW5zaWdodCI6ZmFsc2UsImRlc2lnbkNlbnRlciI6eyJtb3phcnQiOmZhbHNlLCJhcGkiOmZhbHNlfSwib2JqZWN0U3RvcmVSZXF1ZXN0VW5pdHMiOnsiYmFzZSI6MTUwMDAwMDAsImFkZE9uIjowfSwib2JqZWN0U3RvcmVLZXlzIjp7ImJhc2UiOjEwMDAwMCwiYWRkT24iOjB9LCJjYW0iOnsiZW5hYmxlZCI6ZmFsc2V9LCJsb2FkQmFsYW5jZXIiOnsiYXNzaWduZWQiOjAsInJlYXNzaWduZWQiOjB9LCJtZXNzYWdpbmciOnsiYXNzaWduZWQiOjB9fSwiZXh0ZXJuYWxBdXRob3JpemF0aW9uIjp0cnVlLCJleHRlcm5hbEF1dGhvcml6YXRpb25Qcm92aWRlciI6eyJuYW1lIjoiUG9ydGFsIEFwcGxpY2F0aW9uIE1hbmFnZW1lbnQgU3lzdGVtIChQQU1TKSIsInVybCI6Imh0dHBzOi8vd3NneC10ZXN0LmNpc2NvLmNvbS9wYW1zL2x0L2NlcG1TZXJ2aWNlL3YxLjUvbWdyc3J2cyIsInZlcnNpb24iOiIxLjUifSwiaWRlbnRpdHlNYW5hZ2VtZW50Ijp7InR5cGUiOiJQaW5nRmVkZXJhdGUifSwib2F1dGgyU2V0dGluZ3MiOnsiYXV0aG9yaXphdGlvbkdyYW50cyI6WyJjb2RlIiwidG9rZW4iLCJvd25lciIsImNyZWRlbnRpYWxzIl0sImF1dGhvcml6YXRpb25VcmkiOiJodHRwczovL2Nsb3Vkc3NvLXRlc3QuY2lzY28uY29tL2FzL2F1dGhvcml6YXRpb24ub2F1dGgyIiwiYWNjZXNzVG9rZW5VcmkiOiJodHRwczovL2Nsb3Vkc3NvLXRlc3QuY2lzY28uY29tL2FzL3Rva2VuLm9hdXRoMiIsImdyYW50VHlwZXMiOlt7Im5hbWUiOiJwYXNzd29yZCIsImxhYmVsIjoiUmVzb3VyY2UgT3duZXIgR3JhbnQiLCJyZXF1aXJlZCI6ZmFsc2UsImV4Y2x1ZGUiOltdLCJkZXBlbmRzIjpbXX0seyJuYW1lIjoiaW1wbGljaXQiLCJsYWJlbCI6IkltcGxpY2l0IEdyYW50IiwicmVxdWlyZWQiOmZhbHNlLCJleGNsdWRlIjpbXSwiZGVwZW5kcyI6W119LHsibmFtZSI6ImNsaWVudF9jcmVkZW50aWFscyIsImxhYmVsIjoiQ2xpZW50IENyZWRlbnRpYWxzIEdyYW50IiwicmVxdWlyZWQiOmZhbHNlLCJleGNsdWRlIjpbXSwiZGVwZW5kcyI6W119LHsibmFtZSI6ImF1dGhvcml6YXRpb25fY29kZSIsImxhYmVsIjoiQXV0aG9yaXphdGlvbiBDb2RlIEdyYW50IiwicmVxdWlyZWQiOmZhbHNlLCJleGNsdWRlIjpbXSwiZGVwZW5kcyI6W119LHsibmFtZSI6InJlZnJlc2hfdG9rZW4iLCJsYWJlbCI6IlJlZnJlc2ggVG9rZW4iLCJyZXF1aXJlZCI6ZmFsc2UsImV4Y2x1ZGUiOltdLCJkZXBlbmRzIjpbImF1dGhvcml6YXRpb25fY29kZSIsInBhc3N3b3JkIl19XX19LCJpbnRlcmFjdGl2ZUxvZ2luIjp0cnVlLCJ0b2tlbiI6ImEyYzg0ODE1LThjYjgtNGE3Ni1iNmU0LTg4MGM3ZTc2MGNlYiIsImlhdCI6MTQ4NjU4Njc4OCwiYXVkIjoiaHR0cDovL2FwaS1wbGF0Zm9ybS1hcGkvcmVwb3NpdG9yeSIsImlzcyI6Imh0dHA6Ly9hcGktcGxhdGZvcm0tYXBpL3JlcG9zaXRvcnkifQ.YOsto-KJMgjQZxFXe6FFipYd8TIh4P1HIlJ5Tg6a9Ps
				Accept=*/*
				Content-Type=text/plain; charset=UTF-8
Cookies:		&lt;none&gt;
Body:			&lt;none&gt;
Request method:	DELETE
Request path:	https://qax.anypoint.mulesoft.com/apiplatform/repository/v2/organizations/5000db95-c5d4-487f-925e-3f82f15a5499/apis/2053/versions/2161/contracts/30264
Proxy:			&lt;none&gt;
Request params:	&lt;none&gt;
Query params:	&lt;none&gt;
Form params:	&lt;none&gt;
Path params:	&lt;none&gt;
Multiparts:		&lt;none&gt;
Headers:		Authorization=Bearer eyJ0eXAiOiJKV1QiLCJhbGciOiJIUzI1NiJ9.eyJpZCI6IjUwMDAzN2NkLTJjZmQtNGRhNC1iZWQ3LTU3Mzg0ZGViMDYyYiIsImZpcnN0TmFtZSI6IkZlZGVyYXRlZCIsImxhc3ROYW1lIjoiRXh0ZXJuYWwiLCJlbWFpbCI6ImNocmlzdG9waGVyLm1vcmR1ZUBtdWxlc29mdC5jb20iLCJ1c2VybmFtZSI6ImZlZGVyYXRlZF9leHRlcm5hbCIsIm9yZ2FuaXphdGlvbiI6eyJpZCI6IjUwMDBkYjk1LWM1ZDQtNDg3Zi05MjVlLTNmODJmMTVhNTQ5OSIsIm5hbWUiOiJGZWRlcmF0ZWQgSW5jIEV4dGVybmFsIEF1dGhvcml6YXRpb24iLCJkb21haW4iOiJmZWRlcmF0ZWQtZXh0ZXJuYWwiLCJlbnRpdGxlbWVudHMiOnsiaHlicmlkIjp7ImVuYWJsZWQiOmZhbHNlfSwiY3JlYXRlU3ViT3JncyI6dHJ1ZSwidkNvcmVzUHJvZHVjdGlvbiI6eyJhc3NpZ25lZCI6MSwicmVhc3NpZ25lZCI6MH0sInZDb3Jlc1NhbmRib3giOnsiYXNzaWduZWQiOjEsInJlYXNzaWduZWQiOjB9LCJnbG9iYWxEZXBsb3ltZW50IjpmYWxzZSwid29ya2VyTG9nZ2luZ092ZXJyaWRlIjp7ImVuYWJsZWQiOmZhbHNlfSwiZ2F0ZXdheXMiOnsiYXNzaWduZWQiOjB9LCJjcmVhdGVFbnZpcm9ubWVudHMiOnRydWUsInBhcnRuZXJzUHJvZHVjdGlvbiI6eyJhc3NpZ25lZCI6MH0sInBhcnRuZXJzU2FuZGJveCI6eyJhc3NpZ25lZCI6MH0sImF1dG9zY2FsaW5nIjpmYWxzZSwic3RhdGljSXBzIjp7ImFzc2lnbmVkIjowLCJyZWFzc2lnbmVkIjowfSwiYXJtQWxlcnRzIjpmYWxzZSwiYXBpcyI6eyJlbmFibGVkIjp0cnVlfSwibXFNZXNzYWdlcyI6eyJiYXNlIjowLCJhZGRPbiI6MH0sIm1xUmVxdWVzdHMiOnsiYmFzZSI6MCwiYWRkT24iOjB9LCJleHRlcm5hbElkZW50aXR5Ijp0cnVlLCJtcUFkdmFuY2VkRmVhdHVyZXMiOnsiZW5hYmxlZCI6ZmFsc2V9LCJ2cGNzIjp7ImFzc2lnbmVkIjowLCJyZWFzc2lnbmVkIjowfSwiaHlicmlkSW5zaWdodCI6ZmFsc2UsImRlc2lnbkNlbnRlciI6eyJtb3phcnQiOmZhbHNlLCJhcGkiOmZhbHNlfSwib2JqZWN0U3RvcmVSZXF1ZXN0VW5pdHMiOnsiYmFzZSI6MTUwMDAwMDAsImFkZE9uIjowfSwib2JqZWN0U3RvcmVLZXlzIjp7ImJhc2UiOjEwMDAwMCwiYWRkT24iOjB9LCJjYW0iOnsiZW5hYmxlZCI6ZmFsc2V9LCJsb2FkQmFsYW5jZXIiOnsiYXNzaWduZWQiOjAsInJlYXNzaWduZWQiOjB9LCJtZXNzYWdpbmciOnsiYXNzaWduZWQiOjB9fSwiZXh0ZXJuYWxBdXRob3JpemF0aW9uIjp0cnVlLCJleHRlcm5hbEF1dGhvcml6YXRpb25Qcm92aWRlciI6eyJuYW1lIjoiUG9ydGFsIEFwcGxpY2F0aW9uIE1hbmFnZW1lbnQgU3lzdGVtIChQQU1TKSIsInVybCI6Imh0dHBzOi8vd3NneC10ZXN0LmNpc2NvLmNvbS9wYW1zL2x0L2NlcG1TZXJ2aWNlL3YxLjUvbWdyc3J2cyIsInZlcnNpb24iOiIxLjUifSwiaWRlbnRpdHlNYW5hZ2VtZW50Ijp7InR5cGUiOiJQaW5nRmVkZXJhdGUifSwib2F1dGgyU2V0dGluZ3MiOnsiYXV0aG9yaXphdGlvbkdyYW50cyI6WyJjb2RlIiwidG9rZW4iLCJvd25lciIsImNyZWRlbnRpYWxzIl0sImF1dGhvcml6YXRpb25VcmkiOiJodHRwczovL2Nsb3Vkc3NvLXRlc3QuY2lzY28uY29tL2FzL2F1dGhvcml6YXRpb24ub2F1dGgyIiwiYWNjZXNzVG9rZW5VcmkiOiJodHRwczovL2Nsb3Vkc3NvLXRlc3QuY2lzY28uY29tL2FzL3Rva2VuLm9hdXRoMiIsImdyYW50VHlwZXMiOlt7Im5hbWUiOiJwYXNzd29yZCIsImxhYmVsIjoiUmVzb3VyY2UgT3duZXIgR3JhbnQiLCJyZXF1aXJlZCI6ZmFsc2UsImV4Y2x1ZGUiOltdLCJkZXBlbmRzIjpbXX0seyJuYW1lIjoiaW1wbGljaXQiLCJsYWJlbCI6IkltcGxpY2l0IEdyYW50IiwicmVxdWlyZWQiOmZhbHNlLCJleGNsdWRlIjpbXSwiZGVwZW5kcyI6W119LHsibmFtZSI6ImNsaWVudF9jcmVkZW50aWFscyIsImxhYmVsIjoiQ2xpZW50IENyZWRlbnRpYWxzIEdyYW50IiwicmVxdWlyZWQiOmZhbHNlLCJleGNsdWRlIjpbXSwiZGVwZW5kcyI6W119LHsibmFtZSI6ImF1dGhvcml6YXRpb25fY29kZSIsImxhYmVsIjoiQXV0aG9yaXphdGlvbiBDb2RlIEdyYW50IiwicmVxdWlyZWQiOmZhbHNlLCJleGNsdWRlIjpbXSwiZGVwZW5kcyI6W119LHsibmFtZSI6InJlZnJlc2hfdG9rZW4iLCJsYWJlbCI6IlJlZnJlc2ggVG9rZW4iLCJyZXF1aXJlZCI6ZmFsc2UsImV4Y2x1ZGUiOltdLCJkZXBlbmRzIjpbImF1dGhvcml6YXRpb25fY29kZSIsInBhc3N3b3JkIl19XX19LCJpbnRlcmFjdGl2ZUxvZ2luIjp0cnVlLCJ0b2tlbiI6ImEyYzg0ODE1LThjYjgtNGE3Ni1iNmU0LTg4MGM3ZTc2MGNlYiIsImlhdCI6MTQ4NjU4Njc4OCwiYXVkIjoiaHR0cDovL2FwaS1wbGF0Zm9ybS1hcGkvcmVwb3NpdG9yeSIsImlzcyI6Imh0dHA6Ly9hcGktcGxhdGZvcm0tYXBpL3JlcG9zaXRvcnkifQ.YOsto-KJMgjQZxFXe6FFipYd8TIh4P1HIlJ5Tg6a9Ps
				Accept=*/*
				Content-Type=text/plain; charset=UTF-8
Cookies:		&lt;none&gt;
Body:			&lt;none&gt;
Request method:	DELETE
Request path:	https://qax.anypoint.mulesoft.com/apiplatform/repository/v2/organizations/5000db95-c5d4-487f-925e-3f82f15a5499/apis/2053/versions/2161/contracts/30210
Proxy:			&lt;none&gt;
Request params:	&lt;none&gt;
Query params:	&lt;none&gt;
Form params:	&lt;none&gt;
Path params:	&lt;none&gt;
Multiparts:		&lt;none&gt;
Headers:		Authorization=Bearer eyJ0eXAiOiJKV1QiLCJhbGciOiJIUzI1NiJ9.eyJpZCI6IjUwMDAzN2NkLTJjZmQtNGRhNC1iZWQ3LTU3Mzg0ZGViMDYyYiIsImZpcnN0TmFtZSI6IkZlZGVyYXRlZCIsImxhc3ROYW1lIjoiRXh0ZXJuYWwiLCJlbWFpbCI6ImNocmlzdG9waGVyLm1vcmR1ZUBtdWxlc29mdC5jb20iLCJ1c2VybmFtZSI6ImZlZGVyYXRlZF9leHRlcm5hbCIsIm9yZ2FuaXphdGlvbiI6eyJpZCI6IjUwMDBkYjk1LWM1ZDQtNDg3Zi05MjVlLTNmODJmMTVhNTQ5OSIsIm5hbWUiOiJGZWRlcmF0ZWQgSW5jIEV4dGVybmFsIEF1dGhvcml6YXRpb24iLCJkb21haW4iOiJmZWRlcmF0ZWQtZXh0ZXJuYWwiLCJlbnRpdGxlbWVudHMiOnsiaHlicmlkIjp7ImVuYWJsZWQiOmZhbHNlfSwiY3JlYXRlU3ViT3JncyI6dHJ1ZSwidkNvcmVzUHJvZHVjdGlvbiI6eyJhc3NpZ25lZCI6MSwicmVhc3NpZ25lZCI6MH0sInZDb3Jlc1NhbmRib3giOnsiYXNzaWduZWQiOjEsInJlYXNzaWduZWQiOjB9LCJnbG9iYWxEZXBsb3ltZW50IjpmYWxzZSwid29ya2VyTG9nZ2luZ092ZXJyaWRlIjp7ImVuYWJsZWQiOmZhbHNlfSwiZ2F0ZXdheXMiOnsiYXNzaWduZWQiOjB9LCJjcmVhdGVFbnZpcm9ubWVudHMiOnRydWUsInBhcnRuZXJzUHJvZHVjdGlvbiI6eyJhc3NpZ25lZCI6MH0sInBhcnRuZXJzU2FuZGJveCI6eyJhc3NpZ25lZCI6MH0sImF1dG9zY2FsaW5nIjpmYWxzZSwic3RhdGljSXBzIjp7ImFzc2lnbmVkIjowLCJyZWFzc2lnbmVkIjowfSwiYXJtQWxlcnRzIjpmYWxzZSwiYXBpcyI6eyJlbmFibGVkIjp0cnVlfSwibXFNZXNzYWdlcyI6eyJiYXNlIjowLCJhZGRPbiI6MH0sIm1xUmVxdWVzdHMiOnsiYmFzZSI6MCwiYWRkT24iOjB9LCJleHRlcm5hbElkZW50aXR5Ijp0cnVlLCJtcUFkdmFuY2VkRmVhdHVyZXMiOnsiZW5hYmxlZCI6ZmFsc2V9LCJ2cGNzIjp7ImFzc2lnbmVkIjowLCJyZWFzc2lnbmVkIjowfSwiaHlicmlkSW5zaWdodCI6ZmFsc2UsImRlc2lnbkNlbnRlciI6eyJtb3phcnQiOmZhbHNlLCJhcGkiOmZhbHNlfSwib2JqZWN0U3RvcmVSZXF1ZXN0VW5pdHMiOnsiYmFzZSI6MTUwMDAwMDAsImFkZE9uIjowfSwib2JqZWN0U3RvcmVLZXlzIjp7ImJhc2UiOjEwMDAwMCwiYWRkT24iOjB9LCJjYW0iOnsiZW5hYmxlZCI6ZmFsc2V9LCJsb2FkQmFsYW5jZXIiOnsiYXNzaWduZWQiOjAsInJlYXNzaWduZWQiOjB9LCJtZXNzYWdpbmciOnsiYXNzaWduZWQiOjB9fSwiZXh0ZXJuYWxBdXRob3JpemF0aW9uIjp0cnVlLCJleHRlcm5hbEF1dGhvcml6YXRpb25Qcm92aWRlciI6eyJuYW1lIjoiUG9ydGFsIEFwcGxpY2F0aW9uIE1hbmFnZW1lbnQgU3lzdGVtIChQQU1TKSIsInVybCI6Imh0dHBzOi8vd3NneC10ZXN0LmNpc2NvLmNvbS9wYW1zL2x0L2NlcG1TZXJ2aWNlL3YxLjUvbWdyc3J2cyIsInZlcnNpb24iOiIxLjUifSwiaWRlbnRpdHlNYW5hZ2VtZW50Ijp7InR5cGUiOiJQaW5nRmVkZXJhdGUifSwib2F1dGgyU2V0dGluZ3MiOnsiYXV0aG9yaXphdGlvbkdyYW50cyI6WyJjb2RlIiwidG9rZW4iLCJvd25lciIsImNyZWRlbnRpYWxzIl0sImF1dGhvcml6YXRpb25VcmkiOiJodHRwczovL2Nsb3Vkc3NvLXRlc3QuY2lzY28uY29tL2FzL2F1dGhvcml6YXRpb24ub2F1dGgyIiwiYWNjZXNzVG9rZW5VcmkiOiJodHRwczovL2Nsb3Vkc3NvLXRlc3QuY2lzY28uY29tL2FzL3Rva2VuLm9hdXRoMiIsImdyYW50VHlwZXMiOlt7Im5hbWUiOiJwYXNzd29yZCIsImxhYmVsIjoiUmVzb3VyY2UgT3duZXIgR3JhbnQiLCJyZXF1aXJlZCI6ZmFsc2UsImV4Y2x1ZGUiOltdLCJkZXBlbmRzIjpbXX0seyJuYW1lIjoiaW1wbGljaXQiLCJsYWJlbCI6IkltcGxpY2l0IEdyYW50IiwicmVxdWlyZWQiOmZhbHNlLCJleGNsdWRlIjpbXSwiZGVwZW5kcyI6W119LHsibmFtZSI6ImNsaWVudF9jcmVkZW50aWFscyIsImxhYmVsIjoiQ2xpZW50IENyZWRlbnRpYWxzIEdyYW50IiwicmVxdWlyZWQiOmZhbHNlLCJleGNsdWRlIjpbXSwiZGVwZW5kcyI6W119LHsibmFtZSI6ImF1dGhvcml6YXRpb25fY29kZSIsImxhYmVsIjoiQXV0aG9yaXphdGlvbiBDb2RlIEdyYW50IiwicmVxdWlyZWQiOmZhbHNlLCJleGNsdWRlIjpbXSwiZGVwZW5kcyI6W119LHsibmFtZSI6InJlZnJlc2hfdG9rZW4iLCJsYWJlbCI6IlJlZnJlc2ggVG9rZW4iLCJyZXF1aXJlZCI6ZmFsc2UsImV4Y2x1ZGUiOltdLCJkZXBlbmRzIjpbImF1dGhvcml6YXRpb25fY29kZSIsInBhc3N3b3JkIl19XX19LCJpbnRlcmFjdGl2ZUxvZ2luIjp0cnVlLCJ0b2tlbiI6ImEyYzg0ODE1LThjYjgtNGE3Ni1iNmU0LTg4MGM3ZTc2MGNlYiIsImlhdCI6MTQ4NjU4Njc4OCwiYXVkIjoiaHR0cDovL2FwaS1wbGF0Zm9ybS1hcGkvcmVwb3NpdG9yeSIsImlzcyI6Imh0dHA6Ly9hcGktcGxhdGZvcm0tYXBpL3JlcG9zaXRvcnkifQ.YOsto-KJMgjQZxFXe6FFipYd8TIh4P1HIlJ5Tg6a9Ps
				Accept=*/*
				Content-Type=text/plain; charset=UTF-8
Cookies:		&lt;none&gt;
Body:			&lt;none&gt;
Request method:	DELETE
Request path:	https://qax.anypoint.mulesoft.com/apiplatform/repository/v2/organizations/5000db95-c5d4-487f-925e-3f82f15a5499/apis/2053/versions/2161/contracts/30243
Proxy:			&lt;none&gt;
Request params:	&lt;none&gt;
Query params:	&lt;none&gt;
Form params:	&lt;none&gt;
Path params:	&lt;none&gt;
Multiparts:		&lt;none&gt;
Headers:		Authorization=Bearer eyJ0eXAiOiJKV1QiLCJhbGciOiJIUzI1NiJ9.eyJpZCI6IjUwMDAzN2NkLTJjZmQtNGRhNC1iZWQ3LTU3Mzg0ZGViMDYyYiIsImZpcnN0TmFtZSI6IkZlZGVyYXRlZCIsImxhc3ROYW1lIjoiRXh0ZXJuYWwiLCJlbWFpbCI6ImNocmlzdG9waGVyLm1vcmR1ZUBtdWxlc29mdC5jb20iLCJ1c2VybmFtZSI6ImZlZGVyYXRlZF9leHRlcm5hbCIsIm9yZ2FuaXphdGlvbiI6eyJpZCI6IjUwMDBkYjk1LWM1ZDQtNDg3Zi05MjVlLTNmODJmMTVhNTQ5OSIsIm5hbWUiOiJGZWRlcmF0ZWQgSW5jIEV4dGVybmFsIEF1dGhvcml6YXRpb24iLCJkb21haW4iOiJmZWRlcmF0ZWQtZXh0ZXJuYWwiLCJlbnRpdGxlbWVudHMiOnsiaHlicmlkIjp7ImVuYWJsZWQiOmZhbHNlfSwiY3JlYXRlU3ViT3JncyI6dHJ1ZSwidkNvcmVzUHJvZHVjdGlvbiI6eyJhc3NpZ25lZCI6MSwicmVhc3NpZ25lZCI6MH0sInZDb3Jlc1NhbmRib3giOnsiYXNzaWduZWQiOjEsInJlYXNzaWduZWQiOjB9LCJnbG9iYWxEZXBsb3ltZW50IjpmYWxzZSwid29ya2VyTG9nZ2luZ092ZXJyaWRlIjp7ImVuYWJsZWQiOmZhbHNlfSwiZ2F0ZXdheXMiOnsiYXNzaWduZWQiOjB9LCJjcmVhdGVFbnZpcm9ubWVudHMiOnRydWUsInBhcnRuZXJzUHJvZHVjdGlvbiI6eyJhc3NpZ25lZCI6MH0sInBhcnRuZXJzU2FuZGJveCI6eyJhc3NpZ25lZCI6MH0sImF1dG9zY2FsaW5nIjpmYWxzZSwic3RhdGljSXBzIjp7ImFzc2lnbmVkIjowLCJyZWFzc2lnbmVkIjowfSwiYXJtQWxlcnRzIjpmYWxzZSwiYXBpcyI6eyJlbmFibGVkIjp0cnVlfSwibXFNZXNzYWdlcyI6eyJiYXNlIjowLCJhZGRPbiI6MH0sIm1xUmVxdWVzdHMiOnsiYmFzZSI6MCwiYWRkT24iOjB9LCJleHRlcm5hbElkZW50aXR5Ijp0cnVlLCJtcUFkdmFuY2VkRmVhdHVyZXMiOnsiZW5hYmxlZCI6ZmFsc2V9LCJ2cGNzIjp7ImFzc2lnbmVkIjowLCJyZWFzc2lnbmVkIjowfSwiaHlicmlkSW5zaWdodCI6ZmFsc2UsImRlc2lnbkNlbnRlciI6eyJtb3phcnQiOmZhbHNlLCJhcGkiOmZhbHNlfSwib2JqZWN0U3RvcmVSZXF1ZXN0VW5pdHMiOnsiYmFzZSI6MTUwMDAwMDAsImFkZE9uIjowfSwib2JqZWN0U3RvcmVLZXlzIjp7ImJhc2UiOjEwMDAwMCwiYWRkT24iOjB9LCJjYW0iOnsiZW5hYmxlZCI6ZmFsc2V9LCJsb2FkQmFsYW5jZXIiOnsiYXNzaWduZWQiOjAsInJlYXNzaWduZWQiOjB9LCJtZXNzYWdpbmciOnsiYXNzaWduZWQiOjB9fSwiZXh0ZXJuYWxBdXRob3JpemF0aW9uIjp0cnVlLCJleHRlcm5hbEF1dGhvcml6YXRpb25Qcm92aWRlciI6eyJuYW1lIjoiUG9ydGFsIEFwcGxpY2F0aW9uIE1hbmFnZW1lbnQgU3lzdGVtIChQQU1TKSIsInVybCI6Imh0dHBzOi8vd3NneC10ZXN0LmNpc2NvLmNvbS9wYW1zL2x0L2NlcG1TZXJ2aWNlL3YxLjUvbWdyc3J2cyIsInZlcnNpb24iOiIxLjUifSwiaWRlbnRpdHlNYW5hZ2VtZW50Ijp7InR5cGUiOiJQaW5nRmVkZXJhdGUifSwib2F1dGgyU2V0dGluZ3MiOnsiYXV0aG9yaXphdGlvbkdyYW50cyI6WyJjb2RlIiwidG9rZW4iLCJvd25lciIsImNyZWRlbnRpYWxzIl0sImF1dGhvcml6YXRpb25VcmkiOiJodHRwczovL2Nsb3Vkc3NvLXRlc3QuY2lzY28uY29tL2FzL2F1dGhvcml6YXRpb24ub2F1dGgyIiwiYWNjZXNzVG9rZW5VcmkiOiJodHRwczovL2Nsb3Vkc3NvLXRlc3QuY2lzY28uY29tL2FzL3Rva2VuLm9hdXRoMiIsImdyYW50VHlwZXMiOlt7Im5hbWUiOiJwYXNzd29yZCIsImxhYmVsIjoiUmVzb3VyY2UgT3duZXIgR3JhbnQiLCJyZXF1aXJlZCI6ZmFsc2UsImV4Y2x1ZGUiOltdLCJkZXBlbmRzIjpbXX0seyJuYW1lIjoiaW1wbGljaXQiLCJsYWJlbCI6IkltcGxpY2l0IEdyYW50IiwicmVxdWlyZWQiOmZhbHNlLCJleGNsdWRlIjpbXSwiZGVwZW5kcyI6W119LHsibmFtZSI6ImNsaWVudF9jcmVkZW50aWFscyIsImxhYmVsIjoiQ2xpZW50IENyZWRlbnRpYWxzIEdyYW50IiwicmVxdWlyZWQiOmZhbHNlLCJleGNsdWRlIjpbXSwiZGVwZW5kcyI6W119LHsibmFtZSI6ImF1dGhvcml6YXRpb25fY29kZSIsImxhYmVsIjoiQXV0aG9yaXphdGlvbiBDb2RlIEdyYW50IiwicmVxdWlyZWQiOmZhbHNlLCJleGNsdWRlIjpbXSwiZGVwZW5kcyI6W119LHsibmFtZSI6InJlZnJlc2hfdG9rZW4iLCJsYWJlbCI6IlJlZnJlc2ggVG9rZW4iLCJyZXF1aXJlZCI6ZmFsc2UsImV4Y2x1ZGUiOltdLCJkZXBlbmRzIjpbImF1dGhvcml6YXRpb25fY29kZSIsInBhc3N3b3JkIl19XX19LCJpbnRlcmFjdGl2ZUxvZ2luIjp0cnVlLCJ0b2tlbiI6ImEyYzg0ODE1LThjYjgtNGE3Ni1iNmU0LTg4MGM3ZTc2MGNlYiIsImlhdCI6MTQ4NjU4Njc4OCwiYXVkIjoiaHR0cDovL2FwaS1wbGF0Zm9ybS1hcGkvcmVwb3NpdG9yeSIsImlzcyI6Imh0dHA6Ly9hcGktcGxhdGZvcm0tYXBpL3JlcG9zaXRvcnkifQ.YOsto-KJMgjQZxFXe6FFipYd8TIh4P1HIlJ5Tg6a9Ps
				Accept=*/*
				Content-Type=text/plain; charset=UTF-8
Cookies:		&lt;none&gt;
Body:			&lt;none&gt;
Request method:	DELETE
Request path:	https://qax.anypoint.mulesoft.com/apiplatform/repository/v2/organizations/5000db95-c5d4-487f-925e-3f82f15a5499/apis/2053/versions/2161/contracts/30215
Proxy:			&lt;none&gt;
Request params:	&lt;none&gt;
Query params:	&lt;none&gt;
Form params:	&lt;none&gt;
Path params:	&lt;none&gt;
Multiparts:		&lt;none&gt;
Headers:		Authorization=Bearer eyJ0eXAiOiJKV1QiLCJhbGciOiJIUzI1NiJ9.eyJpZCI6IjUwMDAzN2NkLTJjZmQtNGRhNC1iZWQ3LTU3Mzg0ZGViMDYyYiIsImZpcnN0TmFtZSI6IkZlZGVyYXRlZCIsImxhc3ROYW1lIjoiRXh0ZXJuYWwiLCJlbWFpbCI6ImNocmlzdG9waGVyLm1vcmR1ZUBtdWxlc29mdC5jb20iLCJ1c2VybmFtZSI6ImZlZGVyYXRlZF9leHRlcm5hbCIsIm9yZ2FuaXphdGlvbiI6eyJpZCI6IjUwMDBkYjk1LWM1ZDQtNDg3Zi05MjVlLTNmODJmMTVhNTQ5OSIsIm5hbWUiOiJGZWRlcmF0ZWQgSW5jIEV4dGVybmFsIEF1dGhvcml6YXRpb24iLCJkb21haW4iOiJmZWRlcmF0ZWQtZXh0ZXJuYWwiLCJlbnRpdGxlbWVudHMiOnsiaHlicmlkIjp7ImVuYWJsZWQiOmZhbHNlfSwiY3JlYXRlU3ViT3JncyI6dHJ1ZSwidkNvcmVzUHJvZHVjdGlvbiI6eyJhc3NpZ25lZCI6MSwicmVhc3NpZ25lZCI6MH0sInZDb3Jlc1NhbmRib3giOnsiYXNzaWduZWQiOjEsInJlYXNzaWduZWQiOjB9LCJnbG9iYWxEZXBsb3ltZW50IjpmYWxzZSwid29ya2VyTG9nZ2luZ092ZXJyaWRlIjp7ImVuYWJsZWQiOmZhbHNlfSwiZ2F0ZXdheXMiOnsiYXNzaWduZWQiOjB9LCJjcmVhdGVFbnZpcm9ubWVudHMiOnRydWUsInBhcnRuZXJzUHJvZHVjdGlvbiI6eyJhc3NpZ25lZCI6MH0sInBhcnRuZXJzU2FuZGJveCI6eyJhc3NpZ25lZCI6MH0sImF1dG9zY2FsaW5nIjpmYWxzZSwic3RhdGljSXBzIjp7ImFzc2lnbmVkIjowLCJyZWFzc2lnbmVkIjowfSwiYXJtQWxlcnRzIjpmYWxzZSwiYXBpcyI6eyJlbmFibGVkIjp0cnVlfSwibXFNZXNzYWdlcyI6eyJiYXNlIjowLCJhZGRPbiI6MH0sIm1xUmVxdWVzdHMiOnsiYmFzZSI6MCwiYWRkT24iOjB9LCJleHRlcm5hbElkZW50aXR5Ijp0cnVlLCJtcUFkdmFuY2VkRmVhdHVyZXMiOnsiZW5hYmxlZCI6ZmFsc2V9LCJ2cGNzIjp7ImFzc2lnbmVkIjowLCJyZWFzc2lnbmVkIjowfSwiaHlicmlkSW5zaWdodCI6ZmFsc2UsImRlc2lnbkNlbnRlciI6eyJtb3phcnQiOmZhbHNlLCJhcGkiOmZhbHNlfSwib2JqZWN0U3RvcmVSZXF1ZXN0VW5pdHMiOnsiYmFzZSI6MTUwMDAwMDAsImFkZE9uIjowfSwib2JqZWN0U3RvcmVLZXlzIjp7ImJhc2UiOjEwMDAwMCwiYWRkT24iOjB9LCJjYW0iOnsiZW5hYmxlZCI6ZmFsc2V9LCJsb2FkQmFsYW5jZXIiOnsiYXNzaWduZWQiOjAsInJlYXNzaWduZWQiOjB9LCJtZXNzYWdpbmciOnsiYXNzaWduZWQiOjB9fSwiZXh0ZXJuYWxBdXRob3JpemF0aW9uIjp0cnVlLCJleHRlcm5hbEF1dGhvcml6YXRpb25Qcm92aWRlciI6eyJuYW1lIjoiUG9ydGFsIEFwcGxpY2F0aW9uIE1hbmFnZW1lbnQgU3lzdGVtIChQQU1TKSIsInVybCI6Imh0dHBzOi8vd3NneC10ZXN0LmNpc2NvLmNvbS9wYW1zL2x0L2NlcG1TZXJ2aWNlL3YxLjUvbWdyc3J2cyIsInZlcnNpb24iOiIxLjUifSwiaWRlbnRpdHlNYW5hZ2VtZW50Ijp7InR5cGUiOiJQaW5nRmVkZXJhdGUifSwib2F1dGgyU2V0dGluZ3MiOnsiYXV0aG9yaXphdGlvbkdyYW50cyI6WyJjb2RlIiwidG9rZW4iLCJvd25lciIsImNyZWRlbnRpYWxzIl0sImF1dGhvcml6YXRpb25VcmkiOiJodHRwczovL2Nsb3Vkc3NvLXRlc3QuY2lzY28uY29tL2FzL2F1dGhvcml6YXRpb24ub2F1dGgyIiwiYWNjZXNzVG9rZW5VcmkiOiJodHRwczovL2Nsb3Vkc3NvLXRlc3QuY2lzY28uY29tL2FzL3Rva2VuLm9hdXRoMiIsImdyYW50VHlwZXMiOlt7Im5hbWUiOiJwYXNzd29yZCIsImxhYmVsIjoiUmVzb3VyY2UgT3duZXIgR3JhbnQiLCJyZXF1aXJlZCI6ZmFsc2UsImV4Y2x1ZGUiOltdLCJkZXBlbmRzIjpbXX0seyJuYW1lIjoiaW1wbGljaXQiLCJsYWJlbCI6IkltcGxpY2l0IEdyYW50IiwicmVxdWlyZWQiOmZhbHNlLCJleGNsdWRlIjpbXSwiZGVwZW5kcyI6W119LHsibmFtZSI6ImNsaWVudF9jcmVkZW50aWFscyIsImxhYmVsIjoiQ2xpZW50IENyZWRlbnRpYWxzIEdyYW50IiwicmVxdWlyZWQiOmZhbHNlLCJleGNsdWRlIjpbXSwiZGVwZW5kcyI6W119LHsibmFtZSI6ImF1dGhvcml6YXRpb25fY29kZSIsImxhYmVsIjoiQXV0aG9yaXphdGlvbiBDb2RlIEdyYW50IiwicmVxdWlyZWQiOmZhbHNlLCJleGNsdWRlIjpbXSwiZGVwZW5kcyI6W119LHsibmFtZSI6InJlZnJlc2hfdG9rZW4iLCJsYWJlbCI6IlJlZnJlc2ggVG9rZW4iLCJyZXF1aXJlZCI6ZmFsc2UsImV4Y2x1ZGUiOltdLCJkZXBlbmRzIjpbImF1dGhvcml6YXRpb25fY29kZSIsInBhc3N3b3JkIl19XX19LCJpbnRlcmFjdGl2ZUxvZ2luIjp0cnVlLCJ0b2tlbiI6ImEyYzg0ODE1LThjYjgtNGE3Ni1iNmU0LTg4MGM3ZTc2MGNlYiIsImlhdCI6MTQ4NjU4Njc4OCwiYXVkIjoiaHR0cDovL2FwaS1wbGF0Zm9ybS1hcGkvcmVwb3NpdG9yeSIsImlzcyI6Imh0dHA6Ly9hcGktcGxhdGZvcm0tYXBpL3JlcG9zaXRvcnkifQ.YOsto-KJMgjQZxFXe6FFipYd8TIh4P1HIlJ5Tg6a9Ps
				Accept=*/*
				Content-Type=text/plain; charset=UTF-8
Cookies:		&lt;none&gt;
Body:			&lt;none&gt;
Request method:	DELETE
Request path:	https://qax.anypoint.mulesoft.com/apiplatform/repository/v2/organizations/5000db95-c5d4-487f-925e-3f82f15a5499/apis/2053/versions/2161/contracts/30203
Proxy:			&lt;none&gt;
Request params:	&lt;none&gt;
Query params:	&lt;none&gt;
Form params:	&lt;none&gt;
Path params:	&lt;none&gt;
Multiparts:		&lt;none&gt;
Headers:		Authorization=Bearer eyJ0eXAiOiJKV1QiLCJhbGciOiJIUzI1NiJ9.eyJpZCI6IjUwMDAzN2NkLTJjZmQtNGRhNC1iZWQ3LTU3Mzg0ZGViMDYyYiIsImZpcnN0TmFtZSI6IkZlZGVyYXRlZCIsImxhc3ROYW1lIjoiRXh0ZXJuYWwiLCJlbWFpbCI6ImNocmlzdG9waGVyLm1vcmR1ZUBtdWxlc29mdC5jb20iLCJ1c2VybmFtZSI6ImZlZGVyYXRlZF9leHRlcm5hbCIsIm9yZ2FuaXphdGlvbiI6eyJpZCI6IjUwMDBkYjk1LWM1ZDQtNDg3Zi05MjVlLTNmODJmMTVhNTQ5OSIsIm5hbWUiOiJGZWRlcmF0ZWQgSW5jIEV4dGVybmFsIEF1dGhvcml6YXRpb24iLCJkb21haW4iOiJmZWRlcmF0ZWQtZXh0ZXJuYWwiLCJlbnRpdGxlbWVudHMiOnsiaHlicmlkIjp7ImVuYWJsZWQiOmZhbHNlfSwiY3JlYXRlU3ViT3JncyI6dHJ1ZSwidkNvcmVzUHJvZHVjdGlvbiI6eyJhc3NpZ25lZCI6MSwicmVhc3NpZ25lZCI6MH0sInZDb3Jlc1NhbmRib3giOnsiYXNzaWduZWQiOjEsInJlYXNzaWduZWQiOjB9LCJnbG9iYWxEZXBsb3ltZW50IjpmYWxzZSwid29ya2VyTG9nZ2luZ092ZXJyaWRlIjp7ImVuYWJsZWQiOmZhbHNlfSwiZ2F0ZXdheXMiOnsiYXNzaWduZWQiOjB9LCJjcmVhdGVFbnZpcm9ubWVudHMiOnRydWUsInBhcnRuZXJzUHJvZHVjdGlvbiI6eyJhc3NpZ25lZCI6MH0sInBhcnRuZXJzU2FuZGJveCI6eyJhc3NpZ25lZCI6MH0sImF1dG9zY2FsaW5nIjpmYWxzZSwic3RhdGljSXBzIjp7ImFzc2lnbmVkIjowLCJyZWFzc2lnbmVkIjowfSwiYXJtQWxlcnRzIjpmYWxzZSwiYXBpcyI6eyJlbmFibGVkIjp0cnVlfSwibXFNZXNzYWdlcyI6eyJiYXNlIjowLCJhZGRPbiI6MH0sIm1xUmVxdWVzdHMiOnsiYmFzZSI6MCwiYWRkT24iOjB9LCJleHRlcm5hbElkZW50aXR5Ijp0cnVlLCJtcUFkdmFuY2VkRmVhdHVyZXMiOnsiZW5hYmxlZCI6ZmFsc2V9LCJ2cGNzIjp7ImFzc2lnbmVkIjowLCJyZWFzc2lnbmVkIjowfSwiaHlicmlkSW5zaWdodCI6ZmFsc2UsImRlc2lnbkNlbnRlciI6eyJtb3phcnQiOmZhbHNlLCJhcGkiOmZhbHNlfSwib2JqZWN0U3RvcmVSZXF1ZXN0VW5pdHMiOnsiYmFzZSI6MTUwMDAwMDAsImFkZE9uIjowfSwib2JqZWN0U3RvcmVLZXlzIjp7ImJhc2UiOjEwMDAwMCwiYWRkT24iOjB9LCJjYW0iOnsiZW5hYmxlZCI6ZmFsc2V9LCJsb2FkQmFsYW5jZXIiOnsiYXNzaWduZWQiOjAsInJlYXNzaWduZWQiOjB9LCJtZXNzYWdpbmciOnsiYXNzaWduZWQiOjB9fSwiZXh0ZXJuYWxBdXRob3JpemF0aW9uIjp0cnVlLCJleHRlcm5hbEF1dGhvcml6YXRpb25Qcm92aWRlciI6eyJuYW1lIjoiUG9ydGFsIEFwcGxpY2F0aW9uIE1hbmFnZW1lbnQgU3lzdGVtIChQQU1TKSIsInVybCI6Imh0dHBzOi8vd3NneC10ZXN0LmNpc2NvLmNvbS9wYW1zL2x0L2NlcG1TZXJ2aWNlL3YxLjUvbWdyc3J2cyIsInZlcnNpb24iOiIxLjUifSwiaWRlbnRpdHlNYW5hZ2VtZW50Ijp7InR5cGUiOiJQaW5nRmVkZXJhdGUifSwib2F1dGgyU2V0dGluZ3MiOnsiYXV0aG9yaXphdGlvbkdyYW50cyI6WyJjb2RlIiwidG9rZW4iLCJvd25lciIsImNyZWRlbnRpYWxzIl0sImF1dGhvcml6YXRpb25VcmkiOiJodHRwczovL2Nsb3Vkc3NvLXRlc3QuY2lzY28uY29tL2FzL2F1dGhvcml6YXRpb24ub2F1dGgyIiwiYWNjZXNzVG9rZW5VcmkiOiJodHRwczovL2Nsb3Vkc3NvLXRlc3QuY2lzY28uY29tL2FzL3Rva2VuLm9hdXRoMiIsImdyYW50VHlwZXMiOlt7Im5hbWUiOiJwYXNzd29yZCIsImxhYmVsIjoiUmVzb3VyY2UgT3duZXIgR3JhbnQiLCJyZXF1aXJlZCI6ZmFsc2UsImV4Y2x1ZGUiOltdLCJkZXBlbmRzIjpbXX0seyJuYW1lIjoiaW1wbGljaXQiLCJsYWJlbCI6IkltcGxpY2l0IEdyYW50IiwicmVxdWlyZWQiOmZhbHNlLCJleGNsdWRlIjpbXSwiZGVwZW5kcyI6W119LHsibmFtZSI6ImNsaWVudF9jcmVkZW50aWFscyIsImxhYmVsIjoiQ2xpZW50IENyZWRlbnRpYWxzIEdyYW50IiwicmVxdWlyZWQiOmZhbHNlLCJleGNsdWRlIjpbXSwiZGVwZW5kcyI6W119LHsibmFtZSI6ImF1dGhvcml6YXRpb25fY29kZSIsImxhYmVsIjoiQXV0aG9yaXphdGlvbiBDb2RlIEdyYW50IiwicmVxdWlyZWQiOmZhbHNlLCJleGNsdWRlIjpbXSwiZGVwZW5kcyI6W119LHsibmFtZSI6InJlZnJlc2hfdG9rZW4iLCJsYWJlbCI6IlJlZnJlc2ggVG9rZW4iLCJyZXF1aXJlZCI6ZmFsc2UsImV4Y2x1ZGUiOltdLCJkZXBlbmRzIjpbImF1dGhvcml6YXRpb25fY29kZSIsInBhc3N3b3JkIl19XX19LCJpbnRlcmFjdGl2ZUxvZ2luIjp0cnVlLCJ0b2tlbiI6ImEyYzg0ODE1LThjYjgtNGE3Ni1iNmU0LTg4MGM3ZTc2MGNlYiIsImlhdCI6MTQ4NjU4Njc4OCwiYXVkIjoiaHR0cDovL2FwaS1wbGF0Zm9ybS1hcGkvcmVwb3NpdG9yeSIsImlzcyI6Imh0dHA6Ly9hcGktcGxhdGZvcm0tYXBpL3JlcG9zaXRvcnkifQ.YOsto-KJMgjQZxFXe6FFipYd8TIh4P1HIlJ5Tg6a9Ps
				Accept=*/*
				Content-Type=text/plain; charset=UTF-8
Cookies:		&lt;none&gt;
Body:			&lt;none&gt;
Request method:	DELETE
Request path:	https://qax.anypoint.mulesoft.com/apiplatform/repository/v2/organizations/5000db95-c5d4-487f-925e-3f82f15a5499/apis/2053/versions/2161/contracts/30268
Proxy:			&lt;none&gt;
Request params:	&lt;none&gt;
Query params:	&lt;none&gt;
Form params:	&lt;none&gt;
Path params:	&lt;none&gt;
Multiparts:		&lt;none&gt;
Headers:		Authorization=Bearer eyJ0eXAiOiJKV1QiLCJhbGciOiJIUzI1NiJ9.eyJpZCI6IjUwMDAzN2NkLTJjZmQtNGRhNC1iZWQ3LTU3Mzg0ZGViMDYyYiIsImZpcnN0TmFtZSI6IkZlZGVyYXRlZCIsImxhc3ROYW1lIjoiRXh0ZXJuYWwiLCJlbWFpbCI6ImNocmlzdG9waGVyLm1vcmR1ZUBtdWxlc29mdC5jb20iLCJ1c2VybmFtZSI6ImZlZGVyYXRlZF9leHRlcm5hbCIsIm9yZ2FuaXphdGlvbiI6eyJpZCI6IjUwMDBkYjk1LWM1ZDQtNDg3Zi05MjVlLTNmODJmMTVhNTQ5OSIsIm5hbWUiOiJGZWRlcmF0ZWQgSW5jIEV4dGVybmFsIEF1dGhvcml6YXRpb24iLCJkb21haW4iOiJmZWRlcmF0ZWQtZXh0ZXJuYWwiLCJlbnRpdGxlbWVudHMiOnsiaHlicmlkIjp7ImVuYWJsZWQiOmZhbHNlfSwiY3JlYXRlU3ViT3JncyI6dHJ1ZSwidkNvcmVzUHJvZHVjdGlvbiI6eyJhc3NpZ25lZCI6MSwicmVhc3NpZ25lZCI6MH0sInZDb3Jlc1NhbmRib3giOnsiYXNzaWduZWQiOjEsInJlYXNzaWduZWQiOjB9LCJnbG9iYWxEZXBsb3ltZW50IjpmYWxzZSwid29ya2VyTG9nZ2luZ092ZXJyaWRlIjp7ImVuYWJsZWQiOmZhbHNlfSwiZ2F0ZXdheXMiOnsiYXNzaWduZWQiOjB9LCJjcmVhdGVFbnZpcm9ubWVudHMiOnRydWUsInBhcnRuZXJzUHJvZHVjdGlvbiI6eyJhc3NpZ25lZCI6MH0sInBhcnRuZXJzU2FuZGJveCI6eyJhc3NpZ25lZCI6MH0sImF1dG9zY2FsaW5nIjpmYWxzZSwic3RhdGljSXBzIjp7ImFzc2lnbmVkIjowLCJyZWFzc2lnbmVkIjowfSwiYXJtQWxlcnRzIjpmYWxzZSwiYXBpcyI6eyJlbmFibGVkIjp0cnVlfSwibXFNZXNzYWdlcyI6eyJiYXNlIjowLCJhZGRPbiI6MH0sIm1xUmVxdWVzdHMiOnsiYmFzZSI6MCwiYWRkT24iOjB9LCJleHRlcm5hbElkZW50aXR5Ijp0cnVlLCJtcUFkdmFuY2VkRmVhdHVyZXMiOnsiZW5hYmxlZCI6ZmFsc2V9LCJ2cGNzIjp7ImFzc2lnbmVkIjowLCJyZWFzc2lnbmVkIjowfSwiaHlicmlkSW5zaWdodCI6ZmFsc2UsImRlc2lnbkNlbnRlciI6eyJtb3phcnQiOmZhbHNlLCJhcGkiOmZhbHNlfSwib2JqZWN0U3RvcmVSZXF1ZXN0VW5pdHMiOnsiYmFzZSI6MTUwMDAwMDAsImFkZE9uIjowfSwib2JqZWN0U3RvcmVLZXlzIjp7ImJhc2UiOjEwMDAwMCwiYWRkT24iOjB9LCJjYW0iOnsiZW5hYmxlZCI6ZmFsc2V9LCJsb2FkQmFsYW5jZXIiOnsiYXNzaWduZWQiOjAsInJlYXNzaWduZWQiOjB9LCJtZXNzYWdpbmciOnsiYXNzaWduZWQiOjB9fSwiZXh0ZXJuYWxBdXRob3JpemF0aW9uIjp0cnVlLCJleHRlcm5hbEF1dGhvcml6YXRpb25Qcm92aWRlciI6eyJuYW1lIjoiUG9ydGFsIEFwcGxpY2F0aW9uIE1hbmFnZW1lbnQgU3lzdGVtIChQQU1TKSIsInVybCI6Imh0dHBzOi8vd3NneC10ZXN0LmNpc2NvLmNvbS9wYW1zL2x0L2NlcG1TZXJ2aWNlL3YxLjUvbWdyc3J2cyIsInZlcnNpb24iOiIxLjUifSwiaWRlbnRpdHlNYW5hZ2VtZW50Ijp7InR5cGUiOiJQaW5nRmVkZXJhdGUifSwib2F1dGgyU2V0dGluZ3MiOnsiYXV0aG9yaXphdGlvbkdyYW50cyI6WyJjb2RlIiwidG9rZW4iLCJvd25lciIsImNyZWRlbnRpYWxzIl0sImF1dGhvcml6YXRpb25VcmkiOiJodHRwczovL2Nsb3Vkc3NvLXRlc3QuY2lzY28uY29tL2FzL2F1dGhvcml6YXRpb24ub2F1dGgyIiwiYWNjZXNzVG9rZW5VcmkiOiJodHRwczovL2Nsb3Vkc3NvLXRlc3QuY2lzY28uY29tL2FzL3Rva2VuLm9hdXRoMiIsImdyYW50VHlwZXMiOlt7Im5hbWUiOiJwYXNzd29yZCIsImxhYmVsIjoiUmVzb3VyY2UgT3duZXIgR3JhbnQiLCJyZXF1aXJlZCI6ZmFsc2UsImV4Y2x1ZGUiOltdLCJkZXBlbmRzIjpbXX0seyJuYW1lIjoiaW1wbGljaXQiLCJsYWJlbCI6IkltcGxpY2l0IEdyYW50IiwicmVxdWlyZWQiOmZhbHNlLCJleGNsdWRlIjpbXSwiZGVwZW5kcyI6W119LHsibmFtZSI6ImNsaWVudF9jcmVkZW50aWFscyIsImxhYmVsIjoiQ2xpZW50IENyZWRlbnRpYWxzIEdyYW50IiwicmVxdWlyZWQiOmZhbHNlLCJleGNsdWRlIjpbXSwiZGVwZW5kcyI6W119LHsibmFtZSI6ImF1dGhvcml6YXRpb25fY29kZSIsImxhYmVsIjoiQXV0aG9yaXphdGlvbiBDb2RlIEdyYW50IiwicmVxdWlyZWQiOmZhbHNlLCJleGNsdWRlIjpbXSwiZGVwZW5kcyI6W119LHsibmFtZSI6InJlZnJlc2hfdG9rZW4iLCJsYWJlbCI6IlJlZnJlc2ggVG9rZW4iLCJyZXF1aXJlZCI6ZmFsc2UsImV4Y2x1ZGUiOltdLCJkZXBlbmRzIjpbImF1dGhvcml6YXRpb25fY29kZSIsInBhc3N3b3JkIl19XX19LCJpbnRlcmFjdGl2ZUxvZ2luIjp0cnVlLCJ0b2tlbiI6ImEyYzg0ODE1LThjYjgtNGE3Ni1iNmU0LTg4MGM3ZTc2MGNlYiIsImlhdCI6MTQ4NjU4Njc4OCwiYXVkIjoiaHR0cDovL2FwaS1wbGF0Zm9ybS1hcGkvcmVwb3NpdG9yeSIsImlzcyI6Imh0dHA6Ly9hcGktcGxhdGZvcm0tYXBpL3JlcG9zaXRvcnkifQ.YOsto-KJMgjQZxFXe6FFipYd8TIh4P1HIlJ5Tg6a9Ps
				Accept=*/*
				Content-Type=text/plain; charset=UTF-8
Cookies:		&lt;none&gt;
Body:			&lt;none&gt;
Request method:	DELETE
Request path:	https://qax.anypoint.mulesoft.com/apiplatform/repository/v2/organizations/5000db95-c5d4-487f-925e-3f82f15a5499/apis/2053/versions/2161/contracts/30206
Proxy:			&lt;none&gt;
Request params:	&lt;none&gt;
Query params:	&lt;none&gt;
Form params:	&lt;none&gt;
Path params:	&lt;none&gt;
Multiparts:		&lt;none&gt;
Headers:		Authorization=Bearer eyJ0eXAiOiJKV1QiLCJhbGciOiJIUzI1NiJ9.eyJpZCI6IjUwMDAzN2NkLTJjZmQtNGRhNC1iZWQ3LTU3Mzg0ZGViMDYyYiIsImZpcnN0TmFtZSI6IkZlZGVyYXRlZCIsImxhc3ROYW1lIjoiRXh0ZXJuYWwiLCJlbWFpbCI6ImNocmlzdG9waGVyLm1vcmR1ZUBtdWxlc29mdC5jb20iLCJ1c2VybmFtZSI6ImZlZGVyYXRlZF9leHRlcm5hbCIsIm9yZ2FuaXphdGlvbiI6eyJpZCI6IjUwMDBkYjk1LWM1ZDQtNDg3Zi05MjVlLTNmODJmMTVhNTQ5OSIsIm5hbWUiOiJGZWRlcmF0ZWQgSW5jIEV4dGVybmFsIEF1dGhvcml6YXRpb24iLCJkb21haW4iOiJmZWRlcmF0ZWQtZXh0ZXJuYWwiLCJlbnRpdGxlbWVudHMiOnsiaHlicmlkIjp7ImVuYWJsZWQiOmZhbHNlfSwiY3JlYXRlU3ViT3JncyI6dHJ1ZSwidkNvcmVzUHJvZHVjdGlvbiI6eyJhc3NpZ25lZCI6MSwicmVhc3NpZ25lZCI6MH0sInZDb3Jlc1NhbmRib3giOnsiYXNzaWduZWQiOjEsInJlYXNzaWduZWQiOjB9LCJnbG9iYWxEZXBsb3ltZW50IjpmYWxzZSwid29ya2VyTG9nZ2luZ092ZXJyaWRlIjp7ImVuYWJsZWQiOmZhbHNlfSwiZ2F0ZXdheXMiOnsiYXNzaWduZWQiOjB9LCJjcmVhdGVFbnZpcm9ubWVudHMiOnRydWUsInBhcnRuZXJzUHJvZHVjdGlvbiI6eyJhc3NpZ25lZCI6MH0sInBhcnRuZXJzU2FuZGJveCI6eyJhc3NpZ25lZCI6MH0sImF1dG9zY2FsaW5nIjpmYWxzZSwic3RhdGljSXBzIjp7ImFzc2lnbmVkIjowLCJyZWFzc2lnbmVkIjowfSwiYXJtQWxlcnRzIjpmYWxzZSwiYXBpcyI6eyJlbmFibGVkIjp0cnVlfSwibXFNZXNzYWdlcyI6eyJiYXNlIjowLCJhZGRPbiI6MH0sIm1xUmVxdWVzdHMiOnsiYmFzZSI6MCwiYWRkT24iOjB9LCJleHRlcm5hbElkZW50aXR5Ijp0cnVlLCJtcUFkdmFuY2VkRmVhdHVyZXMiOnsiZW5hYmxlZCI6ZmFsc2V9LCJ2cGNzIjp7ImFzc2lnbmVkIjowLCJyZWFzc2lnbmVkIjowfSwiaHlicmlkSW5zaWdodCI6ZmFsc2UsImRlc2lnbkNlbnRlciI6eyJtb3phcnQiOmZhbHNlLCJhcGkiOmZhbHNlfSwib2JqZWN0U3RvcmVSZXF1ZXN0VW5pdHMiOnsiYmFzZSI6MTUwMDAwMDAsImFkZE9uIjowfSwib2JqZWN0U3RvcmVLZXlzIjp7ImJhc2UiOjEwMDAwMCwiYWRkT24iOjB9LCJjYW0iOnsiZW5hYmxlZCI6ZmFsc2V9LCJsb2FkQmFsYW5jZXIiOnsiYXNzaWduZWQiOjAsInJlYXNzaWduZWQiOjB9LCJtZXNzYWdpbmciOnsiYXNzaWduZWQiOjB9fSwiZXh0ZXJuYWxBdXRob3JpemF0aW9uIjp0cnVlLCJleHRlcm5hbEF1dGhvcml6YXRpb25Qcm92aWRlciI6eyJuYW1lIjoiUG9ydGFsIEFwcGxpY2F0aW9uIE1hbmFnZW1lbnQgU3lzdGVtIChQQU1TKSIsInVybCI6Imh0dHBzOi8vd3NneC10ZXN0LmNpc2NvLmNvbS9wYW1zL2x0L2NlcG1TZXJ2aWNlL3YxLjUvbWdyc3J2cyIsInZlcnNpb24iOiIxLjUifSwiaWRlbnRpdHlNYW5hZ2VtZW50Ijp7InR5cGUiOiJQaW5nRmVkZXJhdGUifSwib2F1dGgyU2V0dGluZ3MiOnsiYXV0aG9yaXphdGlvbkdyYW50cyI6WyJjb2RlIiwidG9rZW4iLCJvd25lciIsImNyZWRlbnRpYWxzIl0sImF1dGhvcml6YXRpb25VcmkiOiJodHRwczovL2Nsb3Vkc3NvLXRlc3QuY2lzY28uY29tL2FzL2F1dGhvcml6YXRpb24ub2F1dGgyIiwiYWNjZXNzVG9rZW5VcmkiOiJodHRwczovL2Nsb3Vkc3NvLXRlc3QuY2lzY28uY29tL2FzL3Rva2VuLm9hdXRoMiIsImdyYW50VHlwZXMiOlt7Im5hbWUiOiJwYXNzd29yZCIsImxhYmVsIjoiUmVzb3VyY2UgT3duZXIgR3JhbnQiLCJyZXF1aXJlZCI6ZmFsc2UsImV4Y2x1ZGUiOltdLCJkZXBlbmRzIjpbXX0seyJuYW1lIjoiaW1wbGljaXQiLCJsYWJlbCI6IkltcGxpY2l0IEdyYW50IiwicmVxdWlyZWQiOmZhbHNlLCJleGNsdWRlIjpbXSwiZGVwZW5kcyI6W119LHsibmFtZSI6ImNsaWVudF9jcmVkZW50aWFscyIsImxhYmVsIjoiQ2xpZW50IENyZWRlbnRpYWxzIEdyYW50IiwicmVxdWlyZWQiOmZhbHNlLCJleGNsdWRlIjpbXSwiZGVwZW5kcyI6W119LHsibmFtZSI6ImF1dGhvcml6YXRpb25fY29kZSIsImxhYmVsIjoiQXV0aG9yaXphdGlvbiBDb2RlIEdyYW50IiwicmVxdWlyZWQiOmZhbHNlLCJleGNsdWRlIjpbXSwiZGVwZW5kcyI6W119LHsibmFtZSI6InJlZnJlc2hfdG9rZW4iLCJsYWJlbCI6IlJlZnJlc2ggVG9rZW4iLCJyZXF1aXJlZCI6ZmFsc2UsImV4Y2x1ZGUiOltdLCJkZXBlbmRzIjpbImF1dGhvcml6YXRpb25fY29kZSIsInBhc3N3b3JkIl19XX19LCJpbnRlcmFjdGl2ZUxvZ2luIjp0cnVlLCJ0b2tlbiI6ImEyYzg0ODE1LThjYjgtNGE3Ni1iNmU0LTg4MGM3ZTc2MGNlYiIsImlhdCI6MTQ4NjU4Njc4OCwiYXVkIjoiaHR0cDovL2FwaS1wbGF0Zm9ybS1hcGkvcmVwb3NpdG9yeSIsImlzcyI6Imh0dHA6Ly9hcGktcGxhdGZvcm0tYXBpL3JlcG9zaXRvcnkifQ.YOsto-KJMgjQZxFXe6FFipYd8TIh4P1HIlJ5Tg6a9Ps
				Accept=*/*
				Content-Type=text/plain; charset=UTF-8
Cookies:		&lt;none&gt;
Body:			&lt;none&gt;
Request method:	DELETE
Request path:	https://qax.anypoint.mulesoft.com/apiplatform/repository/v2/organizations/5000db95-c5d4-487f-925e-3f82f15a5499/apis/2053/versions/2161/contracts/30245
Proxy:			&lt;none&gt;
Request params:	&lt;none&gt;
Query params:	&lt;none&gt;
Form params:	&lt;none&gt;
Path params:	&lt;none&gt;
Multiparts:		&lt;none&gt;
Headers:		Authorization=Bearer eyJ0eXAiOiJKV1QiLCJhbGciOiJIUzI1NiJ9.eyJpZCI6IjUwMDAzN2NkLTJjZmQtNGRhNC1iZWQ3LTU3Mzg0ZGViMDYyYiIsImZpcnN0TmFtZSI6IkZlZGVyYXRlZCIsImxhc3ROYW1lIjoiRXh0ZXJuYWwiLCJlbWFpbCI6ImNocmlzdG9waGVyLm1vcmR1ZUBtdWxlc29mdC5jb20iLCJ1c2VybmFtZSI6ImZlZGVyYXRlZF9leHRlcm5hbCIsIm9yZ2FuaXphdGlvbiI6eyJpZCI6IjUwMDBkYjk1LWM1ZDQtNDg3Zi05MjVlLTNmODJmMTVhNTQ5OSIsIm5hbWUiOiJGZWRlcmF0ZWQgSW5jIEV4dGVybmFsIEF1dGhvcml6YXRpb24iLCJkb21haW4iOiJmZWRlcmF0ZWQtZXh0ZXJuYWwiLCJlbnRpdGxlbWVudHMiOnsiaHlicmlkIjp7ImVuYWJsZWQiOmZhbHNlfSwiY3JlYXRlU3ViT3JncyI6dHJ1ZSwidkNvcmVzUHJvZHVjdGlvbiI6eyJhc3NpZ25lZCI6MSwicmVhc3NpZ25lZCI6MH0sInZDb3Jlc1NhbmRib3giOnsiYXNzaWduZWQiOjEsInJlYXNzaWduZWQiOjB9LCJnbG9iYWxEZXBsb3ltZW50IjpmYWxzZSwid29ya2VyTG9nZ2luZ092ZXJyaWRlIjp7ImVuYWJsZWQiOmZhbHNlfSwiZ2F0ZXdheXMiOnsiYXNzaWduZWQiOjB9LCJjcmVhdGVFbnZpcm9ubWVudHMiOnRydWUsInBhcnRuZXJzUHJvZHVjdGlvbiI6eyJhc3NpZ25lZCI6MH0sInBhcnRuZXJzU2FuZGJveCI6eyJhc3NpZ25lZCI6MH0sImF1dG9zY2FsaW5nIjpmYWxzZSwic3RhdGljSXBzIjp7ImFzc2lnbmVkIjowLCJyZWFzc2lnbmVkIjowfSwiYXJtQWxlcnRzIjpmYWxzZSwiYXBpcyI6eyJlbmFibGVkIjp0cnVlfSwibXFNZXNzYWdlcyI6eyJiYXNlIjowLCJhZGRPbiI6MH0sIm1xUmVxdWVzdHMiOnsiYmFzZSI6MCwiYWRkT24iOjB9LCJleHRlcm5hbElkZW50aXR5Ijp0cnVlLCJtcUFkdmFuY2VkRmVhdHVyZXMiOnsiZW5hYmxlZCI6ZmFsc2V9LCJ2cGNzIjp7ImFzc2lnbmVkIjowLCJyZWFzc2lnbmVkIjowfSwiaHlicmlkSW5zaWdodCI6ZmFsc2UsImRlc2lnbkNlbnRlciI6eyJtb3phcnQiOmZhbHNlLCJhcGkiOmZhbHNlfSwib2JqZWN0U3RvcmVSZXF1ZXN0VW5pdHMiOnsiYmFzZSI6MTUwMDAwMDAsImFkZE9uIjowfSwib2JqZWN0U3RvcmVLZXlzIjp7ImJhc2UiOjEwMDAwMCwiYWRkT24iOjB9LCJjYW0iOnsiZW5hYmxlZCI6ZmFsc2V9LCJsb2FkQmFsYW5jZXIiOnsiYXNzaWduZWQiOjAsInJlYXNzaWduZWQiOjB9LCJtZXNzYWdpbmciOnsiYXNzaWduZWQiOjB9fSwiZXh0ZXJuYWxBdXRob3JpemF0aW9uIjp0cnVlLCJleHRlcm5hbEF1dGhvcml6YXRpb25Qcm92aWRlciI6eyJuYW1lIjoiUG9ydGFsIEFwcGxpY2F0aW9uIE1hbmFnZW1lbnQgU3lzdGVtIChQQU1TKSIsInVybCI6Imh0dHBzOi8vd3NneC10ZXN0LmNpc2NvLmNvbS9wYW1zL2x0L2NlcG1TZXJ2aWNlL3YxLjUvbWdyc3J2cyIsInZlcnNpb24iOiIxLjUifSwiaWRlbnRpdHlNYW5hZ2VtZW50Ijp7InR5cGUiOiJQaW5nRmVkZXJhdGUifSwib2F1dGgyU2V0dGluZ3MiOnsiYXV0aG9yaXphdGlvbkdyYW50cyI6WyJjb2RlIiwidG9rZW4iLCJvd25lciIsImNyZWRlbnRpYWxzIl0sImF1dGhvcml6YXRpb25VcmkiOiJodHRwczovL2Nsb3Vkc3NvLXRlc3QuY2lzY28uY29tL2FzL2F1dGhvcml6YXRpb24ub2F1dGgyIiwiYWNjZXNzVG9rZW5VcmkiOiJodHRwczovL2Nsb3Vkc3NvLXRlc3QuY2lzY28uY29tL2FzL3Rva2VuLm9hdXRoMiIsImdyYW50VHlwZXMiOlt7Im5hbWUiOiJwYXNzd29yZCIsImxhYmVsIjoiUmVzb3VyY2UgT3duZXIgR3JhbnQiLCJyZXF1aXJlZCI6ZmFsc2UsImV4Y2x1ZGUiOltdLCJkZXBlbmRzIjpbXX0seyJuYW1lIjoiaW1wbGljaXQiLCJsYWJlbCI6IkltcGxpY2l0IEdyYW50IiwicmVxdWlyZWQiOmZhbHNlLCJleGNsdWRlIjpbXSwiZGVwZW5kcyI6W119LHsibmFtZSI6ImNsaWVudF9jcmVkZW50aWFscyIsImxhYmVsIjoiQ2xpZW50IENyZWRlbnRpYWxzIEdyYW50IiwicmVxdWlyZWQiOmZhbHNlLCJleGNsdWRlIjpbXSwiZGVwZW5kcyI6W119LHsibmFtZSI6ImF1dGhvcml6YXRpb25fY29kZSIsImxhYmVsIjoiQXV0aG9yaXphdGlvbiBDb2RlIEdyYW50IiwicmVxdWlyZWQiOmZhbHNlLCJleGNsdWRlIjpbXSwiZGVwZW5kcyI6W119LHsibmFtZSI6InJlZnJlc2hfdG9rZW4iLCJsYWJlbCI6IlJlZnJlc2ggVG9rZW4iLCJyZXF1aXJlZCI6ZmFsc2UsImV4Y2x1ZGUiOltdLCJkZXBlbmRzIjpbImF1dGhvcml6YXRpb25fY29kZSIsInBhc3N3b3JkIl19XX19LCJpbnRlcmFjdGl2ZUxvZ2luIjp0cnVlLCJ0b2tlbiI6ImEyYzg0ODE1LThjYjgtNGE3Ni1iNmU0LTg4MGM3ZTc2MGNlYiIsImlhdCI6MTQ4NjU4Njc4OCwiYXVkIjoiaHR0cDovL2FwaS1wbGF0Zm9ybS1hcGkvcmVwb3NpdG9yeSIsImlzcyI6Imh0dHA6Ly9hcGktcGxhdGZvcm0tYXBpL3JlcG9zaXRvcnkifQ.YOsto-KJMgjQZxFXe6FFipYd8TIh4P1HIlJ5Tg6a9Ps
				Accept=*/*
				Content-Type=text/plain; charset=UTF-8
Cookies:		&lt;none&gt;
Body:			&lt;none&gt;
Request method:	DELETE
Request path:	https://qax.anypoint.mulesoft.com/apiplatform/repository/v2/organizations/5000db95-c5d4-487f-925e-3f82f15a5499/apis/2053/versions/2161/contracts/30269
Proxy:			&lt;none&gt;
Request params:	&lt;none&gt;
Query params:	&lt;none&gt;
Form params:	&lt;none&gt;
Path params:	&lt;none&gt;
Multiparts:		&lt;none&gt;
Headers:		Authorization=Bearer eyJ0eXAiOiJKV1QiLCJhbGciOiJIUzI1NiJ9.eyJpZCI6IjUwMDAzN2NkLTJjZmQtNGRhNC1iZWQ3LTU3Mzg0ZGViMDYyYiIsImZpcnN0TmFtZSI6IkZlZGVyYXRlZCIsImxhc3ROYW1lIjoiRXh0ZXJuYWwiLCJlbWFpbCI6ImNocmlzdG9waGVyLm1vcmR1ZUBtdWxlc29mdC5jb20iLCJ1c2VybmFtZSI6ImZlZGVyYXRlZF9leHRlcm5hbCIsIm9yZ2FuaXphdGlvbiI6eyJpZCI6IjUwMDBkYjk1LWM1ZDQtNDg3Zi05MjVlLTNmODJmMTVhNTQ5OSIsIm5hbWUiOiJGZWRlcmF0ZWQgSW5jIEV4dGVybmFsIEF1dGhvcml6YXRpb24iLCJkb21haW4iOiJmZWRlcmF0ZWQtZXh0ZXJuYWwiLCJlbnRpdGxlbWVudHMiOnsiaHlicmlkIjp7ImVuYWJsZWQiOmZhbHNlfSwiY3JlYXRlU3ViT3JncyI6dHJ1ZSwidkNvcmVzUHJvZHVjdGlvbiI6eyJhc3NpZ25lZCI6MSwicmVhc3NpZ25lZCI6MH0sInZDb3Jlc1NhbmRib3giOnsiYXNzaWduZWQiOjEsInJlYXNzaWduZWQiOjB9LCJnbG9iYWxEZXBsb3ltZW50IjpmYWxzZSwid29ya2VyTG9nZ2luZ092ZXJyaWRlIjp7ImVuYWJsZWQiOmZhbHNlfSwiZ2F0ZXdheXMiOnsiYXNzaWduZWQiOjB9LCJjcmVhdGVFbnZpcm9ubWVudHMiOnRydWUsInBhcnRuZXJzUHJvZHVjdGlvbiI6eyJhc3NpZ25lZCI6MH0sInBhcnRuZXJzU2FuZGJveCI6eyJhc3NpZ25lZCI6MH0sImF1dG9zY2FsaW5nIjpmYWxzZSwic3RhdGljSXBzIjp7ImFzc2lnbmVkIjowLCJyZWFzc2lnbmVkIjowfSwiYXJtQWxlcnRzIjpmYWxzZSwiYXBpcyI6eyJlbmFibGVkIjp0cnVlfSwibXFNZXNzYWdlcyI6eyJiYXNlIjowLCJhZGRPbiI6MH0sIm1xUmVxdWVzdHMiOnsiYmFzZSI6MCwiYWRkT24iOjB9LCJleHRlcm5hbElkZW50aXR5Ijp0cnVlLCJtcUFkdmFuY2VkRmVhdHVyZXMiOnsiZW5hYmxlZCI6ZmFsc2V9LCJ2cGNzIjp7ImFzc2lnbmVkIjowLCJyZWFzc2lnbmVkIjowfSwiaHlicmlkSW5zaWdodCI6ZmFsc2UsImRlc2lnbkNlbnRlciI6eyJtb3phcnQiOmZhbHNlLCJhcGkiOmZhbHNlfSwib2JqZWN0U3RvcmVSZXF1ZXN0VW5pdHMiOnsiYmFzZSI6MTUwMDAwMDAsImFkZE9uIjowfSwib2JqZWN0U3RvcmVLZXlzIjp7ImJhc2UiOjEwMDAwMCwiYWRkT24iOjB9LCJjYW0iOnsiZW5hYmxlZCI6ZmFsc2V9LCJsb2FkQmFsYW5jZXIiOnsiYXNzaWduZWQiOjAsInJlYXNzaWduZWQiOjB9LCJtZXNzYWdpbmciOnsiYXNzaWduZWQiOjB9fSwiZXh0ZXJuYWxBdXRob3JpemF0aW9uIjp0cnVlLCJleHRlcm5hbEF1dGhvcml6YXRpb25Qcm92aWRlciI6eyJuYW1lIjoiUG9ydGFsIEFwcGxpY2F0aW9uIE1hbmFnZW1lbnQgU3lzdGVtIChQQU1TKSIsInVybCI6Imh0dHBzOi8vd3NneC10ZXN0LmNpc2NvLmNvbS9wYW1zL2x0L2NlcG1TZXJ2aWNlL3YxLjUvbWdyc3J2cyIsInZlcnNpb24iOiIxLjUifSwiaWRlbnRpdHlNYW5hZ2VtZW50Ijp7InR5cGUiOiJQaW5nRmVkZXJhdGUifSwib2F1dGgyU2V0dGluZ3MiOnsiYXV0aG9yaXphdGlvbkdyYW50cyI6WyJjb2RlIiwidG9rZW4iLCJvd25lciIsImNyZWRlbnRpYWxzIl0sImF1dGhvcml6YXRpb25VcmkiOiJodHRwczovL2Nsb3Vkc3NvLXRlc3QuY2lzY28uY29tL2FzL2F1dGhvcml6YXRpb24ub2F1dGgyIiwiYWNjZXNzVG9rZW5VcmkiOiJodHRwczovL2Nsb3Vkc3NvLXRlc3QuY2lzY28uY29tL2FzL3Rva2VuLm9hdXRoMiIsImdyYW50VHlwZXMiOlt7Im5hbWUiOiJwYXNzd29yZCIsImxhYmVsIjoiUmVzb3VyY2UgT3duZXIgR3JhbnQiLCJyZXF1aXJlZCI6ZmFsc2UsImV4Y2x1ZGUiOltdLCJkZXBlbmRzIjpbXX0seyJuYW1lIjoiaW1wbGljaXQiLCJsYWJlbCI6IkltcGxpY2l0IEdyYW50IiwicmVxdWlyZWQiOmZhbHNlLCJleGNsdWRlIjpbXSwiZGVwZW5kcyI6W119LHsibmFtZSI6ImNsaWVudF9jcmVkZW50aWFscyIsImxhYmVsIjoiQ2xpZW50IENyZWRlbnRpYWxzIEdyYW50IiwicmVxdWlyZWQiOmZhbHNlLCJleGNsdWRlIjpbXSwiZGVwZW5kcyI6W119LHsibmFtZSI6ImF1dGhvcml6YXRpb25fY29kZSIsImxhYmVsIjoiQXV0aG9yaXphdGlvbiBDb2RlIEdyYW50IiwicmVxdWlyZWQiOmZhbHNlLCJleGNsdWRlIjpbXSwiZGVwZW5kcyI6W119LHsibmFtZSI6InJlZnJlc2hfdG9rZW4iLCJsYWJlbCI6IlJlZnJlc2ggVG9rZW4iLCJyZXF1aXJlZCI6ZmFsc2UsImV4Y2x1ZGUiOltdLCJkZXBlbmRzIjpbImF1dGhvcml6YXRpb25fY29kZSIsInBhc3N3b3JkIl19XX19LCJpbnRlcmFjdGl2ZUxvZ2luIjp0cnVlLCJ0b2tlbiI6ImEyYzg0ODE1LThjYjgtNGE3Ni1iNmU0LTg4MGM3ZTc2MGNlYiIsImlhdCI6MTQ4NjU4Njc4OCwiYXVkIjoiaHR0cDovL2FwaS1wbGF0Zm9ybS1hcGkvcmVwb3NpdG9yeSIsImlzcyI6Imh0dHA6Ly9hcGktcGxhdGZvcm0tYXBpL3JlcG9zaXRvcnkifQ.YOsto-KJMgjQZxFXe6FFipYd8TIh4P1HIlJ5Tg6a9Ps
				Accept=*/*
				Content-Type=text/plain; charset=UTF-8
Cookies:		&lt;none&gt;
Body:			&lt;none&gt;
Request method:	DELETE
Request path:	https://qax.anypoint.mulesoft.com/apiplatform/repository/v2/organizations/5000db95-c5d4-487f-925e-3f82f15a5499/apis/2053/versions/2161/contracts/30186
Proxy:			&lt;none&gt;
Request params:	&lt;none&gt;
Query params:	&lt;none&gt;
Form params:	&lt;none&gt;
Path params:	&lt;none&gt;
Multiparts:		&lt;none&gt;
Headers:		Authorization=Bearer eyJ0eXAiOiJKV1QiLCJhbGciOiJIUzI1NiJ9.eyJpZCI6IjUwMDAzN2NkLTJjZmQtNGRhNC1iZWQ3LTU3Mzg0ZGViMDYyYiIsImZpcnN0TmFtZSI6IkZlZGVyYXRlZCIsImxhc3ROYW1lIjoiRXh0ZXJuYWwiLCJlbWFpbCI6ImNocmlzdG9waGVyLm1vcmR1ZUBtdWxlc29mdC5jb20iLCJ1c2VybmFtZSI6ImZlZGVyYXRlZF9leHRlcm5hbCIsIm9yZ2FuaXphdGlvbiI6eyJpZCI6IjUwMDBkYjk1LWM1ZDQtNDg3Zi05MjVlLTNmODJmMTVhNTQ5OSIsIm5hbWUiOiJGZWRlcmF0ZWQgSW5jIEV4dGVybmFsIEF1dGhvcml6YXRpb24iLCJkb21haW4iOiJmZWRlcmF0ZWQtZXh0ZXJuYWwiLCJlbnRpdGxlbWVudHMiOnsiaHlicmlkIjp7ImVuYWJsZWQiOmZhbHNlfSwiY3JlYXRlU3ViT3JncyI6dHJ1ZSwidkNvcmVzUHJvZHVjdGlvbiI6eyJhc3NpZ25lZCI6MSwicmVhc3NpZ25lZCI6MH0sInZDb3Jlc1NhbmRib3giOnsiYXNzaWduZWQiOjEsInJlYXNzaWduZWQiOjB9LCJnbG9iYWxEZXBsb3ltZW50IjpmYWxzZSwid29ya2VyTG9nZ2luZ092ZXJyaWRlIjp7ImVuYWJsZWQiOmZhbHNlfSwiZ2F0ZXdheXMiOnsiYXNzaWduZWQiOjB9LCJjcmVhdGVFbnZpcm9ubWVudHMiOnRydWUsInBhcnRuZXJzUHJvZHVjdGlvbiI6eyJhc3NpZ25lZCI6MH0sInBhcnRuZXJzU2FuZGJveCI6eyJhc3NpZ25lZCI6MH0sImF1dG9zY2FsaW5nIjpmYWxzZSwic3RhdGljSXBzIjp7ImFzc2lnbmVkIjowLCJyZWFzc2lnbmVkIjowfSwiYXJtQWxlcnRzIjpmYWxzZSwiYXBpcyI6eyJlbmFibGVkIjp0cnVlfSwibXFNZXNzYWdlcyI6eyJiYXNlIjowLCJhZGRPbiI6MH0sIm1xUmVxdWVzdHMiOnsiYmFzZSI6MCwiYWRkT24iOjB9LCJleHRlcm5hbElkZW50aXR5Ijp0cnVlLCJtcUFkdmFuY2VkRmVhdHVyZXMiOnsiZW5hYmxlZCI6ZmFsc2V9LCJ2cGNzIjp7ImFzc2lnbmVkIjowLCJyZWFzc2lnbmVkIjowfSwiaHlicmlkSW5zaWdodCI6ZmFsc2UsImRlc2lnbkNlbnRlciI6eyJtb3phcnQiOmZhbHNlLCJhcGkiOmZhbHNlfSwib2JqZWN0U3RvcmVSZXF1ZXN0VW5pdHMiOnsiYmFzZSI6MTUwMDAwMDAsImFkZE9uIjowfSwib2JqZWN0U3RvcmVLZXlzIjp7ImJhc2UiOjEwMDAwMCwiYWRkT24iOjB9LCJjYW0iOnsiZW5hYmxlZCI6ZmFsc2V9LCJsb2FkQmFsYW5jZXIiOnsiYXNzaWduZWQiOjAsInJlYXNzaWduZWQiOjB9LCJtZXNzYWdpbmciOnsiYXNzaWduZWQiOjB9fSwiZXh0ZXJuYWxBdXRob3JpemF0aW9uIjp0cnVlLCJleHRlcm5hbEF1dGhvcml6YXRpb25Qcm92aWRlciI6eyJuYW1lIjoiUG9ydGFsIEFwcGxpY2F0aW9uIE1hbmFnZW1lbnQgU3lzdGVtIChQQU1TKSIsInVybCI6Imh0dHBzOi8vd3NneC10ZXN0LmNpc2NvLmNvbS9wYW1zL2x0L2NlcG1TZXJ2aWNlL3YxLjUvbWdyc3J2cyIsInZlcnNpb24iOiIxLjUifSwiaWRlbnRpdHlNYW5hZ2VtZW50Ijp7InR5cGUiOiJQaW5nRmVkZXJhdGUifSwib2F1dGgyU2V0dGluZ3MiOnsiYXV0aG9yaXphdGlvbkdyYW50cyI6WyJjb2RlIiwidG9rZW4iLCJvd25lciIsImNyZWRlbnRpYWxzIl0sImF1dGhvcml6YXRpb25VcmkiOiJodHRwczovL2Nsb3Vkc3NvLXRlc3QuY2lzY28uY29tL2FzL2F1dGhvcml6YXRpb24ub2F1dGgyIiwiYWNjZXNzVG9rZW5VcmkiOiJodHRwczovL2Nsb3Vkc3NvLXRlc3QuY2lzY28uY29tL2FzL3Rva2VuLm9hdXRoMiIsImdyYW50VHlwZXMiOlt7Im5hbWUiOiJwYXNzd29yZCIsImxhYmVsIjoiUmVzb3VyY2UgT3duZXIgR3JhbnQiLCJyZXF1aXJlZCI6ZmFsc2UsImV4Y2x1ZGUiOltdLCJkZXBlbmRzIjpbXX0seyJuYW1lIjoiaW1wbGljaXQiLCJsYWJlbCI6IkltcGxpY2l0IEdyYW50IiwicmVxdWlyZWQiOmZhbHNlLCJleGNsdWRlIjpbXSwiZGVwZW5kcyI6W119LHsibmFtZSI6ImNsaWVudF9jcmVkZW50aWFscyIsImxhYmVsIjoiQ2xpZW50IENyZWRlbnRpYWxzIEdyYW50IiwicmVxdWlyZWQiOmZhbHNlLCJleGNsdWRlIjpbXSwiZGVwZW5kcyI6W119LHsibmFtZSI6ImF1dGhvcml6YXRpb25fY29kZSIsImxhYmVsIjoiQXV0aG9yaXphdGlvbiBDb2RlIEdyYW50IiwicmVxdWlyZWQiOmZhbHNlLCJleGNsdWRlIjpbXSwiZGVwZW5kcyI6W119LHsibmFtZSI6InJlZnJlc2hfdG9rZW4iLCJsYWJlbCI6IlJlZnJlc2ggVG9rZW4iLCJyZXF1aXJlZCI6ZmFsc2UsImV4Y2x1ZGUiOltdLCJkZXBlbmRzIjpbImF1dGhvcml6YXRpb25fY29kZSIsInBhc3N3b3JkIl19XX19LCJpbnRlcmFjdGl2ZUxvZ2luIjp0cnVlLCJ0b2tlbiI6ImEyYzg0ODE1LThjYjgtNGE3Ni1iNmU0LTg4MGM3ZTc2MGNlYiIsImlhdCI6MTQ4NjU4Njc4OCwiYXVkIjoiaHR0cDovL2FwaS1wbGF0Zm9ybS1hcGkvcmVwb3NpdG9yeSIsImlzcyI6Imh0dHA6Ly9hcGktcGxhdGZvcm0tYXBpL3JlcG9zaXRvcnkifQ.YOsto-KJMgjQZxFXe6FFipYd8TIh4P1HIlJ5Tg6a9Ps
				Accept=*/*
				Content-Type=text/plain; charset=UTF-8
Cookies:		&lt;none&gt;
Body:			&lt;none&gt;
Request method:	DELETE
Request path:	https://qax.anypoint.mulesoft.com/apiplatform/repository/v2/organizations/5000db95-c5d4-487f-925e-3f82f15a5499/apis/2053/versions/2161/contracts/30261
Proxy:			&lt;none&gt;
Request params:	&lt;none&gt;
Query params:	&lt;none&gt;
Form params:	&lt;none&gt;
Path params:	&lt;none&gt;
Multiparts:		&lt;none&gt;
Headers:		Authorization=Bearer eyJ0eXAiOiJKV1QiLCJhbGciOiJIUzI1NiJ9.eyJpZCI6IjUwMDAzN2NkLTJjZmQtNGRhNC1iZWQ3LTU3Mzg0ZGViMDYyYiIsImZpcnN0TmFtZSI6IkZlZGVyYXRlZCIsImxhc3ROYW1lIjoiRXh0ZXJuYWwiLCJlbWFpbCI6ImNocmlzdG9waGVyLm1vcmR1ZUBtdWxlc29mdC5jb20iLCJ1c2VybmFtZSI6ImZlZGVyYXRlZF9leHRlcm5hbCIsIm9yZ2FuaXphdGlvbiI6eyJpZCI6IjUwMDBkYjk1LWM1ZDQtNDg3Zi05MjVlLTNmODJmMTVhNTQ5OSIsIm5hbWUiOiJGZWRlcmF0ZWQgSW5jIEV4dGVybmFsIEF1dGhvcml6YXRpb24iLCJkb21haW4iOiJmZWRlcmF0ZWQtZXh0ZXJuYWwiLCJlbnRpdGxlbWVudHMiOnsiaHlicmlkIjp7ImVuYWJsZWQiOmZhbHNlfSwiY3JlYXRlU3ViT3JncyI6dHJ1ZSwidkNvcmVzUHJvZHVjdGlvbiI6eyJhc3NpZ25lZCI6MSwicmVhc3NpZ25lZCI6MH0sInZDb3Jlc1NhbmRib3giOnsiYXNzaWduZWQiOjEsInJlYXNzaWduZWQiOjB9LCJnbG9iYWxEZXBsb3ltZW50IjpmYWxzZSwid29ya2VyTG9nZ2luZ092ZXJyaWRlIjp7ImVuYWJsZWQiOmZhbHNlfSwiZ2F0ZXdheXMiOnsiYXNzaWduZWQiOjB9LCJjcmVhdGVFbnZpcm9ubWVudHMiOnRydWUsInBhcnRuZXJzUHJvZHVjdGlvbiI6eyJhc3NpZ25lZCI6MH0sInBhcnRuZXJzU2FuZGJveCI6eyJhc3NpZ25lZCI6MH0sImF1dG9zY2FsaW5nIjpmYWxzZSwic3RhdGljSXBzIjp7ImFzc2lnbmVkIjowLCJyZWFzc2lnbmVkIjowfSwiYXJtQWxlcnRzIjpmYWxzZSwiYXBpcyI6eyJlbmFibGVkIjp0cnVlfSwibXFNZXNzYWdlcyI6eyJiYXNlIjowLCJhZGRPbiI6MH0sIm1xUmVxdWVzdHMiOnsiYmFzZSI6MCwiYWRkT24iOjB9LCJleHRlcm5hbElkZW50aXR5Ijp0cnVlLCJtcUFkdmFuY2VkRmVhdHVyZXMiOnsiZW5hYmxlZCI6ZmFsc2V9LCJ2cGNzIjp7ImFzc2lnbmVkIjowLCJyZWFzc2lnbmVkIjowfSwiaHlicmlkSW5zaWdodCI6ZmFsc2UsImRlc2lnbkNlbnRlciI6eyJtb3phcnQiOmZhbHNlLCJhcGkiOmZhbHNlfSwib2JqZWN0U3RvcmVSZXF1ZXN0VW5pdHMiOnsiYmFzZSI6MTUwMDAwMDAsImFkZE9uIjowfSwib2JqZWN0U3RvcmVLZXlzIjp7ImJhc2UiOjEwMDAwMCwiYWRkT24iOjB9LCJjYW0iOnsiZW5hYmxlZCI6ZmFsc2V9LCJsb2FkQmFsYW5jZXIiOnsiYXNzaWduZWQiOjAsInJlYXNzaWduZWQiOjB9LCJtZXNzYWdpbmciOnsiYXNzaWduZWQiOjB9fSwiZXh0ZXJuYWxBdXRob3JpemF0aW9uIjp0cnVlLCJleHRlcm5hbEF1dGhvcml6YXRpb25Qcm92aWRlciI6eyJuYW1lIjoiUG9ydGFsIEFwcGxpY2F0aW9uIE1hbmFnZW1lbnQgU3lzdGVtIChQQU1TKSIsInVybCI6Imh0dHBzOi8vd3NneC10ZXN0LmNpc2NvLmNvbS9wYW1zL2x0L2NlcG1TZXJ2aWNlL3YxLjUvbWdyc3J2cyIsInZlcnNpb24iOiIxLjUifSwiaWRlbnRpdHlNYW5hZ2VtZW50Ijp7InR5cGUiOiJQaW5nRmVkZXJhdGUifSwib2F1dGgyU2V0dGluZ3MiOnsiYXV0aG9yaXphdGlvbkdyYW50cyI6WyJjb2RlIiwidG9rZW4iLCJvd25lciIsImNyZWRlbnRpYWxzIl0sImF1dGhvcml6YXRpb25VcmkiOiJodHRwczovL2Nsb3Vkc3NvLXRlc3QuY2lzY28uY29tL2FzL2F1dGhvcml6YXRpb24ub2F1dGgyIiwiYWNjZXNzVG9rZW5VcmkiOiJodHRwczovL2Nsb3Vkc3NvLXRlc3QuY2lzY28uY29tL2FzL3Rva2VuLm9hdXRoMiIsImdyYW50VHlwZXMiOlt7Im5hbWUiOiJwYXNzd29yZCIsImxhYmVsIjoiUmVzb3VyY2UgT3duZXIgR3JhbnQiLCJyZXF1aXJlZCI6ZmFsc2UsImV4Y2x1ZGUiOltdLCJkZXBlbmRzIjpbXX0seyJuYW1lIjoiaW1wbGljaXQiLCJsYWJlbCI6IkltcGxpY2l0IEdyYW50IiwicmVxdWlyZWQiOmZhbHNlLCJleGNsdWRlIjpbXSwiZGVwZW5kcyI6W119LHsibmFtZSI6ImNsaWVudF9jcmVkZW50aWFscyIsImxhYmVsIjoiQ2xpZW50IENyZWRlbnRpYWxzIEdyYW50IiwicmVxdWlyZWQiOmZhbHNlLCJleGNsdWRlIjpbXSwiZGVwZW5kcyI6W119LHsibmFtZSI6ImF1dGhvcml6YXRpb25fY29kZSIsImxhYmVsIjoiQXV0aG9yaXphdGlvbiBDb2RlIEdyYW50IiwicmVxdWlyZWQiOmZhbHNlLCJleGNsdWRlIjpbXSwiZGVwZW5kcyI6W119LHsibmFtZSI6InJlZnJlc2hfdG9rZW4iLCJsYWJlbCI6IlJlZnJlc2ggVG9rZW4iLCJyZXF1aXJlZCI6ZmFsc2UsImV4Y2x1ZGUiOltdLCJkZXBlbmRzIjpbImF1dGhvcml6YXRpb25fY29kZSIsInBhc3N3b3JkIl19XX19LCJpbnRlcmFjdGl2ZUxvZ2luIjp0cnVlLCJ0b2tlbiI6ImEyYzg0ODE1LThjYjgtNGE3Ni1iNmU0LTg4MGM3ZTc2MGNlYiIsImlhdCI6MTQ4NjU4Njc4OCwiYXVkIjoiaHR0cDovL2FwaS1wbGF0Zm9ybS1hcGkvcmVwb3NpdG9yeSIsImlzcyI6Imh0dHA6Ly9hcGktcGxhdGZvcm0tYXBpL3JlcG9zaXRvcnkifQ.YOsto-KJMgjQZxFXe6FFipYd8TIh4P1HIlJ5Tg6a9Ps
				Accept=*/*
				Content-Type=text/plain; charset=UTF-8
Cookies:		&lt;none&gt;
Body:			&lt;none&gt;
Request method:	DELETE
Request path:	https://qax.anypoint.mulesoft.com/apiplatform/repository/v2/organizations/5000db95-c5d4-487f-925e-3f82f15a5499/apis/2053/versions/2161/contracts/30237
Proxy:			&lt;none&gt;
Request params:	&lt;none&gt;
Query params:	&lt;none&gt;
Form params:	&lt;none&gt;
Path params:	&lt;none&gt;
Multiparts:		&lt;none&gt;
Headers:		Authorization=Bearer eyJ0eXAiOiJKV1QiLCJhbGciOiJIUzI1NiJ9.eyJpZCI6IjUwMDAzN2NkLTJjZmQtNGRhNC1iZWQ3LTU3Mzg0ZGViMDYyYiIsImZpcnN0TmFtZSI6IkZlZGVyYXRlZCIsImxhc3ROYW1lIjoiRXh0ZXJuYWwiLCJlbWFpbCI6ImNocmlzdG9waGVyLm1vcmR1ZUBtdWxlc29mdC5jb20iLCJ1c2VybmFtZSI6ImZlZGVyYXRlZF9leHRlcm5hbCIsIm9yZ2FuaXphdGlvbiI6eyJpZCI6IjUwMDBkYjk1LWM1ZDQtNDg3Zi05MjVlLTNmODJmMTVhNTQ5OSIsIm5hbWUiOiJGZWRlcmF0ZWQgSW5jIEV4dGVybmFsIEF1dGhvcml6YXRpb24iLCJkb21haW4iOiJmZWRlcmF0ZWQtZXh0ZXJuYWwiLCJlbnRpdGxlbWVudHMiOnsiaHlicmlkIjp7ImVuYWJsZWQiOmZhbHNlfSwiY3JlYXRlU3ViT3JncyI6dHJ1ZSwidkNvcmVzUHJvZHVjdGlvbiI6eyJhc3NpZ25lZCI6MSwicmVhc3NpZ25lZCI6MH0sInZDb3Jlc1NhbmRib3giOnsiYXNzaWduZWQiOjEsInJlYXNzaWduZWQiOjB9LCJnbG9iYWxEZXBsb3ltZW50IjpmYWxzZSwid29ya2VyTG9nZ2luZ092ZXJyaWRlIjp7ImVuYWJsZWQiOmZhbHNlfSwiZ2F0ZXdheXMiOnsiYXNzaWduZWQiOjB9LCJjcmVhdGVFbnZpcm9ubWVudHMiOnRydWUsInBhcnRuZXJzUHJvZHVjdGlvbiI6eyJhc3NpZ25lZCI6MH0sInBhcnRuZXJzU2FuZGJveCI6eyJhc3NpZ25lZCI6MH0sImF1dG9zY2FsaW5nIjpmYWxzZSwic3RhdGljSXBzIjp7ImFzc2lnbmVkIjowLCJyZWFzc2lnbmVkIjowfSwiYXJtQWxlcnRzIjpmYWxzZSwiYXBpcyI6eyJlbmFibGVkIjp0cnVlfSwibXFNZXNzYWdlcyI6eyJiYXNlIjowLCJhZGRPbiI6MH0sIm1xUmVxdWVzdHMiOnsiYmFzZSI6MCwiYWRkT24iOjB9LCJleHRlcm5hbElkZW50aXR5Ijp0cnVlLCJtcUFkdmFuY2VkRmVhdHVyZXMiOnsiZW5hYmxlZCI6ZmFsc2V9LCJ2cGNzIjp7ImFzc2lnbmVkIjowLCJyZWFzc2lnbmVkIjowfSwiaHlicmlkSW5zaWdodCI6ZmFsc2UsImRlc2lnbkNlbnRlciI6eyJtb3phcnQiOmZhbHNlLCJhcGkiOmZhbHNlfSwib2JqZWN0U3RvcmVSZXF1ZXN0VW5pdHMiOnsiYmFzZSI6MTUwMDAwMDAsImFkZE9uIjowfSwib2JqZWN0U3RvcmVLZXlzIjp7ImJhc2UiOjEwMDAwMCwiYWRkT24iOjB9LCJjYW0iOnsiZW5hYmxlZCI6ZmFsc2V9LCJsb2FkQmFsYW5jZXIiOnsiYXNzaWduZWQiOjAsInJlYXNzaWduZWQiOjB9LCJtZXNzYWdpbmciOnsiYXNzaWduZWQiOjB9fSwiZXh0ZXJuYWxBdXRob3JpemF0aW9uIjp0cnVlLCJleHRlcm5hbEF1dGhvcml6YXRpb25Qcm92aWRlciI6eyJuYW1lIjoiUG9ydGFsIEFwcGxpY2F0aW9uIE1hbmFnZW1lbnQgU3lzdGVtIChQQU1TKSIsInVybCI6Imh0dHBzOi8vd3NneC10ZXN0LmNpc2NvLmNvbS9wYW1zL2x0L2NlcG1TZXJ2aWNlL3YxLjUvbWdyc3J2cyIsInZlcnNpb24iOiIxLjUifSwiaWRlbnRpdHlNYW5hZ2VtZW50Ijp7InR5cGUiOiJQaW5nRmVkZXJhdGUifSwib2F1dGgyU2V0dGluZ3MiOnsiYXV0aG9yaXphdGlvbkdyYW50cyI6WyJjb2RlIiwidG9rZW4iLCJvd25lciIsImNyZWRlbnRpYWxzIl0sImF1dGhvcml6YXRpb25VcmkiOiJodHRwczovL2Nsb3Vkc3NvLXRlc3QuY2lzY28uY29tL2FzL2F1dGhvcml6YXRpb24ub2F1dGgyIiwiYWNjZXNzVG9rZW5VcmkiOiJodHRwczovL2Nsb3Vkc3NvLXRlc3QuY2lzY28uY29tL2FzL3Rva2VuLm9hdXRoMiIsImdyYW50VHlwZXMiOlt7Im5hbWUiOiJwYXNzd29yZCIsImxhYmVsIjoiUmVzb3VyY2UgT3duZXIgR3JhbnQiLCJyZXF1aXJlZCI6ZmFsc2UsImV4Y2x1ZGUiOltdLCJkZXBlbmRzIjpbXX0seyJuYW1lIjoiaW1wbGljaXQiLCJsYWJlbCI6IkltcGxpY2l0IEdyYW50IiwicmVxdWlyZWQiOmZhbHNlLCJleGNsdWRlIjpbXSwiZGVwZW5kcyI6W119LHsibmFtZSI6ImNsaWVudF9jcmVkZW50aWFscyIsImxhYmVsIjoiQ2xpZW50IENyZWRlbnRpYWxzIEdyYW50IiwicmVxdWlyZWQiOmZhbHNlLCJleGNsdWRlIjpbXSwiZGVwZW5kcyI6W119LHsibmFtZSI6ImF1dGhvcml6YXRpb25fY29kZSIsImxhYmVsIjoiQXV0aG9yaXphdGlvbiBDb2RlIEdyYW50IiwicmVxdWlyZWQiOmZhbHNlLCJleGNsdWRlIjpbXSwiZGVwZW5kcyI6W119LHsibmFtZSI6InJlZnJlc2hfdG9rZW4iLCJsYWJlbCI6IlJlZnJlc2ggVG9rZW4iLCJyZXF1aXJlZCI6ZmFsc2UsImV4Y2x1ZGUiOltdLCJkZXBlbmRzIjpbImF1dGhvcml6YXRpb25fY29kZSIsInBhc3N3b3JkIl19XX19LCJpbnRlcmFjdGl2ZUxvZ2luIjp0cnVlLCJ0b2tlbiI6ImEyYzg0ODE1LThjYjgtNGE3Ni1iNmU0LTg4MGM3ZTc2MGNlYiIsImlhdCI6MTQ4NjU4Njc4OCwiYXVkIjoiaHR0cDovL2FwaS1wbGF0Zm9ybS1hcGkvcmVwb3NpdG9yeSIsImlzcyI6Imh0dHA6Ly9hcGktcGxhdGZvcm0tYXBpL3JlcG9zaXRvcnkifQ.YOsto-KJMgjQZxFXe6FFipYd8TIh4P1HIlJ5Tg6a9Ps
				Accept=*/*
				Content-Type=text/plain; charset=UTF-8
Cookies:		&lt;none&gt;
Body:			&lt;none&gt;
Request method:	DELETE
Request path:	https://qax.anypoint.mulesoft.com/apiplatform/repository/v2/organizations/5000db95-c5d4-487f-925e-3f82f15a5499/apis/2053/versions/2161/contracts/30207
Proxy:			&lt;none&gt;
Request params:	&lt;none&gt;
Query params:	&lt;none&gt;
Form params:	&lt;none&gt;
Path params:	&lt;none&gt;
Multiparts:		&lt;none&gt;
Headers:		Authorization=Bearer eyJ0eXAiOiJKV1QiLCJhbGciOiJIUzI1NiJ9.eyJpZCI6IjUwMDAzN2NkLTJjZmQtNGRhNC1iZWQ3LTU3Mzg0ZGViMDYyYiIsImZpcnN0TmFtZSI6IkZlZGVyYXRlZCIsImxhc3ROYW1lIjoiRXh0ZXJuYWwiLCJlbWFpbCI6ImNocmlzdG9waGVyLm1vcmR1ZUBtdWxlc29mdC5jb20iLCJ1c2VybmFtZSI6ImZlZGVyYXRlZF9leHRlcm5hbCIsIm9yZ2FuaXphdGlvbiI6eyJpZCI6IjUwMDBkYjk1LWM1ZDQtNDg3Zi05MjVlLTNmODJmMTVhNTQ5OSIsIm5hbWUiOiJGZWRlcmF0ZWQgSW5jIEV4dGVybmFsIEF1dGhvcml6YXRpb24iLCJkb21haW4iOiJmZWRlcmF0ZWQtZXh0ZXJuYWwiLCJlbnRpdGxlbWVudHMiOnsiaHlicmlkIjp7ImVuYWJsZWQiOmZhbHNlfSwiY3JlYXRlU3ViT3JncyI6dHJ1ZSwidkNvcmVzUHJvZHVjdGlvbiI6eyJhc3NpZ25lZCI6MSwicmVhc3NpZ25lZCI6MH0sInZDb3Jlc1NhbmRib3giOnsiYXNzaWduZWQiOjEsInJlYXNzaWduZWQiOjB9LCJnbG9iYWxEZXBsb3ltZW50IjpmYWxzZSwid29ya2VyTG9nZ2luZ092ZXJyaWRlIjp7ImVuYWJsZWQiOmZhbHNlfSwiZ2F0ZXdheXMiOnsiYXNzaWduZWQiOjB9LCJjcmVhdGVFbnZpcm9ubWVudHMiOnRydWUsInBhcnRuZXJzUHJvZHVjdGlvbiI6eyJhc3NpZ25lZCI6MH0sInBhcnRuZXJzU2FuZGJveCI6eyJhc3NpZ25lZCI6MH0sImF1dG9zY2FsaW5nIjpmYWxzZSwic3RhdGljSXBzIjp7ImFzc2lnbmVkIjowLCJyZWFzc2lnbmVkIjowfSwiYXJtQWxlcnRzIjpmYWxzZSwiYXBpcyI6eyJlbmFibGVkIjp0cnVlfSwibXFNZXNzYWdlcyI6eyJiYXNlIjowLCJhZGRPbiI6MH0sIm1xUmVxdWVzdHMiOnsiYmFzZSI6MCwiYWRkT24iOjB9LCJleHRlcm5hbElkZW50aXR5Ijp0cnVlLCJtcUFkdmFuY2VkRmVhdHVyZXMiOnsiZW5hYmxlZCI6ZmFsc2V9LCJ2cGNzIjp7ImFzc2lnbmVkIjowLCJyZWFzc2lnbmVkIjowfSwiaHlicmlkSW5zaWdodCI6ZmFsc2UsImRlc2lnbkNlbnRlciI6eyJtb3phcnQiOmZhbHNlLCJhcGkiOmZhbHNlfSwib2JqZWN0U3RvcmVSZXF1ZXN0VW5pdHMiOnsiYmFzZSI6MTUwMDAwMDAsImFkZE9uIjowfSwib2JqZWN0U3RvcmVLZXlzIjp7ImJhc2UiOjEwMDAwMCwiYWRkT24iOjB9LCJjYW0iOnsiZW5hYmxlZCI6ZmFsc2V9LCJsb2FkQmFsYW5jZXIiOnsiYXNzaWduZWQiOjAsInJlYXNzaWduZWQiOjB9LCJtZXNzYWdpbmciOnsiYXNzaWduZWQiOjB9fSwiZXh0ZXJuYWxBdXRob3JpemF0aW9uIjp0cnVlLCJleHRlcm5hbEF1dGhvcml6YXRpb25Qcm92aWRlciI6eyJuYW1lIjoiUG9ydGFsIEFwcGxpY2F0aW9uIE1hbmFnZW1lbnQgU3lzdGVtIChQQU1TKSIsInVybCI6Imh0dHBzOi8vd3NneC10ZXN0LmNpc2NvLmNvbS9wYW1zL2x0L2NlcG1TZXJ2aWNlL3YxLjUvbWdyc3J2cyIsInZlcnNpb24iOiIxLjUifSwiaWRlbnRpdHlNYW5hZ2VtZW50Ijp7InR5cGUiOiJQaW5nRmVkZXJhdGUifSwib2F1dGgyU2V0dGluZ3MiOnsiYXV0aG9yaXphdGlvbkdyYW50cyI6WyJjb2RlIiwidG9rZW4iLCJvd25lciIsImNyZWRlbnRpYWxzIl0sImF1dGhvcml6YXRpb25VcmkiOiJodHRwczovL2Nsb3Vkc3NvLXRlc3QuY2lzY28uY29tL2FzL2F1dGhvcml6YXRpb24ub2F1dGgyIiwiYWNjZXNzVG9rZW5VcmkiOiJodHRwczovL2Nsb3Vkc3NvLXRlc3QuY2lzY28uY29tL2FzL3Rva2VuLm9hdXRoMiIsImdyYW50VHlwZXMiOlt7Im5hbWUiOiJwYXNzd29yZCIsImxhYmVsIjoiUmVzb3VyY2UgT3duZXIgR3JhbnQiLCJyZXF1aXJlZCI6ZmFsc2UsImV4Y2x1ZGUiOltdLCJkZXBlbmRzIjpbXX0seyJuYW1lIjoiaW1wbGljaXQiLCJsYWJlbCI6IkltcGxpY2l0IEdyYW50IiwicmVxdWlyZWQiOmZhbHNlLCJleGNsdWRlIjpbXSwiZGVwZW5kcyI6W119LHsibmFtZSI6ImNsaWVudF9jcmVkZW50aWFscyIsImxhYmVsIjoiQ2xpZW50IENyZWRlbnRpYWxzIEdyYW50IiwicmVxdWlyZWQiOmZhbHNlLCJleGNsdWRlIjpbXSwiZGVwZW5kcyI6W119LHsibmFtZSI6ImF1dGhvcml6YXRpb25fY29kZSIsImxhYmVsIjoiQXV0aG9yaXphdGlvbiBDb2RlIEdyYW50IiwicmVxdWlyZWQiOmZhbHNlLCJleGNsdWRlIjpbXSwiZGVwZW5kcyI6W119LHsibmFtZSI6InJlZnJlc2hfdG9rZW4iLCJsYWJlbCI6IlJlZnJlc2ggVG9rZW4iLCJyZXF1aXJlZCI6ZmFsc2UsImV4Y2x1ZGUiOltdLCJkZXBlbmRzIjpbImF1dGhvcml6YXRpb25fY29kZSIsInBhc3N3b3JkIl19XX19LCJpbnRlcmFjdGl2ZUxvZ2luIjp0cnVlLCJ0b2tlbiI6ImEyYzg0ODE1LThjYjgtNGE3Ni1iNmU0LTg4MGM3ZTc2MGNlYiIsImlhdCI6MTQ4NjU4Njc4OCwiYXVkIjoiaHR0cDovL2FwaS1wbGF0Zm9ybS1hcGkvcmVwb3NpdG9yeSIsImlzcyI6Imh0dHA6Ly9hcGktcGxhdGZvcm0tYXBpL3JlcG9zaXRvcnkifQ.YOsto-KJMgjQZxFXe6FFipYd8TIh4P1HIlJ5Tg6a9Ps
				Accept=*/*
				Content-Type=text/plain; charset=UTF-8
Cookies:		&lt;none&gt;
Body:			&lt;none&gt;
Request method:	DELETE
Request path:	https://qax.anypoint.mulesoft.com/apiplatform/repository/v2/organizations/5000db95-c5d4-487f-925e-3f82f15a5499/apis/2053/versions/2161/contracts/30267
Proxy:			&lt;none&gt;
Request params:	&lt;none&gt;
Query params:	&lt;none&gt;
Form params:	&lt;none&gt;
Path params:	&lt;none&gt;
Multiparts:		&lt;none&gt;
Headers:		Authorization=Bearer eyJ0eXAiOiJKV1QiLCJhbGciOiJIUzI1NiJ9.eyJpZCI6IjUwMDAzN2NkLTJjZmQtNGRhNC1iZWQ3LTU3Mzg0ZGViMDYyYiIsImZpcnN0TmFtZSI6IkZlZGVyYXRlZCIsImxhc3ROYW1lIjoiRXh0ZXJuYWwiLCJlbWFpbCI6ImNocmlzdG9waGVyLm1vcmR1ZUBtdWxlc29mdC5jb20iLCJ1c2VybmFtZSI6ImZlZGVyYXRlZF9leHRlcm5hbCIsIm9yZ2FuaXphdGlvbiI6eyJpZCI6IjUwMDBkYjk1LWM1ZDQtNDg3Zi05MjVlLTNmODJmMTVhNTQ5OSIsIm5hbWUiOiJGZWRlcmF0ZWQgSW5jIEV4dGVybmFsIEF1dGhvcml6YXRpb24iLCJkb21haW4iOiJmZWRlcmF0ZWQtZXh0ZXJuYWwiLCJlbnRpdGxlbWVudHMiOnsiaHlicmlkIjp7ImVuYWJsZWQiOmZhbHNlfSwiY3JlYXRlU3ViT3JncyI6dHJ1ZSwidkNvcmVzUHJvZHVjdGlvbiI6eyJhc3NpZ25lZCI6MSwicmVhc3NpZ25lZCI6MH0sInZDb3Jlc1NhbmRib3giOnsiYXNzaWduZWQiOjEsInJlYXNzaWduZWQiOjB9LCJnbG9iYWxEZXBsb3ltZW50IjpmYWxzZSwid29ya2VyTG9nZ2luZ092ZXJyaWRlIjp7ImVuYWJsZWQiOmZhbHNlfSwiZ2F0ZXdheXMiOnsiYXNzaWduZWQiOjB9LCJjcmVhdGVFbnZpcm9ubWVudHMiOnRydWUsInBhcnRuZXJzUHJvZHVjdGlvbiI6eyJhc3NpZ25lZCI6MH0sInBhcnRuZXJzU2FuZGJveCI6eyJhc3NpZ25lZCI6MH0sImF1dG9zY2FsaW5nIjpmYWxzZSwic3RhdGljSXBzIjp7ImFzc2lnbmVkIjowLCJyZWFzc2lnbmVkIjowfSwiYXJtQWxlcnRzIjpmYWxzZSwiYXBpcyI6eyJlbmFibGVkIjp0cnVlfSwibXFNZXNzYWdlcyI6eyJiYXNlIjowLCJhZGRPbiI6MH0sIm1xUmVxdWVzdHMiOnsiYmFzZSI6MCwiYWRkT24iOjB9LCJleHRlcm5hbElkZW50aXR5Ijp0cnVlLCJtcUFkdmFuY2VkRmVhdHVyZXMiOnsiZW5hYmxlZCI6ZmFsc2V9LCJ2cGNzIjp7ImFzc2lnbmVkIjowLCJyZWFzc2lnbmVkIjowfSwiaHlicmlkSW5zaWdodCI6ZmFsc2UsImRlc2lnbkNlbnRlciI6eyJtb3phcnQiOmZhbHNlLCJhcGkiOmZhbHNlfSwib2JqZWN0U3RvcmVSZXF1ZXN0VW5pdHMiOnsiYmFzZSI6MTUwMDAwMDAsImFkZE9uIjowfSwib2JqZWN0U3RvcmVLZXlzIjp7ImJhc2UiOjEwMDAwMCwiYWRkT24iOjB9LCJjYW0iOnsiZW5hYmxlZCI6ZmFsc2V9LCJsb2FkQmFsYW5jZXIiOnsiYXNzaWduZWQiOjAsInJlYXNzaWduZWQiOjB9LCJtZXNzYWdpbmciOnsiYXNzaWduZWQiOjB9fSwiZXh0ZXJuYWxBdXRob3JpemF0aW9uIjp0cnVlLCJleHRlcm5hbEF1dGhvcml6YXRpb25Qcm92aWRlciI6eyJuYW1lIjoiUG9ydGFsIEFwcGxpY2F0aW9uIE1hbmFnZW1lbnQgU3lzdGVtIChQQU1TKSIsInVybCI6Imh0dHBzOi8vd3NneC10ZXN0LmNpc2NvLmNvbS9wYW1zL2x0L2NlcG1TZXJ2aWNlL3YxLjUvbWdyc3J2cyIsInZlcnNpb24iOiIxLjUifSwiaWRlbnRpdHlNYW5hZ2VtZW50Ijp7InR5cGUiOiJQaW5nRmVkZXJhdGUifSwib2F1dGgyU2V0dGluZ3MiOnsiYXV0aG9yaXphdGlvbkdyYW50cyI6WyJjb2RlIiwidG9rZW4iLCJvd25lciIsImNyZWRlbnRpYWxzIl0sImF1dGhvcml6YXRpb25VcmkiOiJodHRwczovL2Nsb3Vkc3NvLXRlc3QuY2lzY28uY29tL2FzL2F1dGhvcml6YXRpb24ub2F1dGgyIiwiYWNjZXNzVG9rZW5VcmkiOiJodHRwczovL2Nsb3Vkc3NvLXRlc3QuY2lzY28uY29tL2FzL3Rva2VuLm9hdXRoMiIsImdyYW50VHlwZXMiOlt7Im5hbWUiOiJwYXNzd29yZCIsImxhYmVsIjoiUmVzb3VyY2UgT3duZXIgR3JhbnQiLCJyZXF1aXJlZCI6ZmFsc2UsImV4Y2x1ZGUiOltdLCJkZXBlbmRzIjpbXX0seyJuYW1lIjoiaW1wbGljaXQiLCJsYWJlbCI6IkltcGxpY2l0IEdyYW50IiwicmVxdWlyZWQiOmZhbHNlLCJleGNsdWRlIjpbXSwiZGVwZW5kcyI6W119LHsibmFtZSI6ImNsaWVudF9jcmVkZW50aWFscyIsImxhYmVsIjoiQ2xpZW50IENyZWRlbnRpYWxzIEdyYW50IiwicmVxdWlyZWQiOmZhbHNlLCJleGNsdWRlIjpbXSwiZGVwZW5kcyI6W119LHsibmFtZSI6ImF1dGhvcml6YXRpb25fY29kZSIsImxhYmVsIjoiQXV0aG9yaXphdGlvbiBDb2RlIEdyYW50IiwicmVxdWlyZWQiOmZhbHNlLCJleGNsdWRlIjpbXSwiZGVwZW5kcyI6W119LHsibmFtZSI6InJlZnJlc2hfdG9rZW4iLCJsYWJlbCI6IlJlZnJlc2ggVG9rZW4iLCJyZXF1aXJlZCI6ZmFsc2UsImV4Y2x1ZGUiOltdLCJkZXBlbmRzIjpbImF1dGhvcml6YXRpb25fY29kZSIsInBhc3N3b3JkIl19XX19LCJpbnRlcmFjdGl2ZUxvZ2luIjp0cnVlLCJ0b2tlbiI6ImEyYzg0ODE1LThjYjgtNGE3Ni1iNmU0LTg4MGM3ZTc2MGNlYiIsImlhdCI6MTQ4NjU4Njc4OCwiYXVkIjoiaHR0cDovL2FwaS1wbGF0Zm9ybS1hcGkvcmVwb3NpdG9yeSIsImlzcyI6Imh0dHA6Ly9hcGktcGxhdGZvcm0tYXBpL3JlcG9zaXRvcnkifQ.YOsto-KJMgjQZxFXe6FFipYd8TIh4P1HIlJ5Tg6a9Ps
				Accept=*/*
				Content-Type=text/plain; charset=UTF-8
Cookies:		&lt;none&gt;
Body:			&lt;none&gt;
Request method:	DELETE
Request path:	https://qax.anypoint.mulesoft.com/apiplatform/repository/v2/organizations/5000db95-c5d4-487f-925e-3f82f15a5499/apis/2053/versions/2161/contracts/30232
Proxy:			&lt;none&gt;
Request params:	&lt;none&gt;
Query params:	&lt;none&gt;
Form params:	&lt;none&gt;
Path params:	&lt;none&gt;
Multiparts:		&lt;none&gt;
Headers:		Authorization=Bearer eyJ0eXAiOiJKV1QiLCJhbGciOiJIUzI1NiJ9.eyJpZCI6IjUwMDAzN2NkLTJjZmQtNGRhNC1iZWQ3LTU3Mzg0ZGViMDYyYiIsImZpcnN0TmFtZSI6IkZlZGVyYXRlZCIsImxhc3ROYW1lIjoiRXh0ZXJuYWwiLCJlbWFpbCI6ImNocmlzdG9waGVyLm1vcmR1ZUBtdWxlc29mdC5jb20iLCJ1c2VybmFtZSI6ImZlZGVyYXRlZF9leHRlcm5hbCIsIm9yZ2FuaXphdGlvbiI6eyJpZCI6IjUwMDBkYjk1LWM1ZDQtNDg3Zi05MjVlLTNmODJmMTVhNTQ5OSIsIm5hbWUiOiJGZWRlcmF0ZWQgSW5jIEV4dGVybmFsIEF1dGhvcml6YXRpb24iLCJkb21haW4iOiJmZWRlcmF0ZWQtZXh0ZXJuYWwiLCJlbnRpdGxlbWVudHMiOnsiaHlicmlkIjp7ImVuYWJsZWQiOmZhbHNlfSwiY3JlYXRlU3ViT3JncyI6dHJ1ZSwidkNvcmVzUHJvZHVjdGlvbiI6eyJhc3NpZ25lZCI6MSwicmVhc3NpZ25lZCI6MH0sInZDb3Jlc1NhbmRib3giOnsiYXNzaWduZWQiOjEsInJlYXNzaWduZWQiOjB9LCJnbG9iYWxEZXBsb3ltZW50IjpmYWxzZSwid29ya2VyTG9nZ2luZ092ZXJyaWRlIjp7ImVuYWJsZWQiOmZhbHNlfSwiZ2F0ZXdheXMiOnsiYXNzaWduZWQiOjB9LCJjcmVhdGVFbnZpcm9ubWVudHMiOnRydWUsInBhcnRuZXJzUHJvZHVjdGlvbiI6eyJhc3NpZ25lZCI6MH0sInBhcnRuZXJzU2FuZGJveCI6eyJhc3NpZ25lZCI6MH0sImF1dG9zY2FsaW5nIjpmYWxzZSwic3RhdGljSXBzIjp7ImFzc2lnbmVkIjowLCJyZWFzc2lnbmVkIjowfSwiYXJtQWxlcnRzIjpmYWxzZSwiYXBpcyI6eyJlbmFibGVkIjp0cnVlfSwibXFNZXNzYWdlcyI6eyJiYXNlIjowLCJhZGRPbiI6MH0sIm1xUmVxdWVzdHMiOnsiYmFzZSI6MCwiYWRkT24iOjB9LCJleHRlcm5hbElkZW50aXR5Ijp0cnVlLCJtcUFkdmFuY2VkRmVhdHVyZXMiOnsiZW5hYmxlZCI6ZmFsc2V9LCJ2cGNzIjp7ImFzc2lnbmVkIjowLCJyZWFzc2lnbmVkIjowfSwiaHlicmlkSW5zaWdodCI6ZmFsc2UsImRlc2lnbkNlbnRlciI6eyJtb3phcnQiOmZhbHNlLCJhcGkiOmZhbHNlfSwib2JqZWN0U3RvcmVSZXF1ZXN0VW5pdHMiOnsiYmFzZSI6MTUwMDAwMDAsImFkZE9uIjowfSwib2JqZWN0U3RvcmVLZXlzIjp7ImJhc2UiOjEwMDAwMCwiYWRkT24iOjB9LCJjYW0iOnsiZW5hYmxlZCI6ZmFsc2V9LCJsb2FkQmFsYW5jZXIiOnsiYXNzaWduZWQiOjAsInJlYXNzaWduZWQiOjB9LCJtZXNzYWdpbmciOnsiYXNzaWduZWQiOjB9fSwiZXh0ZXJuYWxBdXRob3JpemF0aW9uIjp0cnVlLCJleHRlcm5hbEF1dGhvcml6YXRpb25Qcm92aWRlciI6eyJuYW1lIjoiUG9ydGFsIEFwcGxpY2F0aW9uIE1hbmFnZW1lbnQgU3lzdGVtIChQQU1TKSIsInVybCI6Imh0dHBzOi8vd3NneC10ZXN0LmNpc2NvLmNvbS9wYW1zL2x0L2NlcG1TZXJ2aWNlL3YxLjUvbWdyc3J2cyIsInZlcnNpb24iOiIxLjUifSwiaWRlbnRpdHlNYW5hZ2VtZW50Ijp7InR5cGUiOiJQaW5nRmVkZXJhdGUifSwib2F1dGgyU2V0dGluZ3MiOnsiYXV0aG9yaXphdGlvbkdyYW50cyI6WyJjb2RlIiwidG9rZW4iLCJvd25lciIsImNyZWRlbnRpYWxzIl0sImF1dGhvcml6YXRpb25VcmkiOiJodHRwczovL2Nsb3Vkc3NvLXRlc3QuY2lzY28uY29tL2FzL2F1dGhvcml6YXRpb24ub2F1dGgyIiwiYWNjZXNzVG9rZW5VcmkiOiJodHRwczovL2Nsb3Vkc3NvLXRlc3QuY2lzY28uY29tL2FzL3Rva2VuLm9hdXRoMiIsImdyYW50VHlwZXMiOlt7Im5hbWUiOiJwYXNzd29yZCIsImxhYmVsIjoiUmVzb3VyY2UgT3duZXIgR3JhbnQiLCJyZXF1aXJlZCI6ZmFsc2UsImV4Y2x1ZGUiOltdLCJkZXBlbmRzIjpbXX0seyJuYW1lIjoiaW1wbGljaXQiLCJsYWJlbCI6IkltcGxpY2l0IEdyYW50IiwicmVxdWlyZWQiOmZhbHNlLCJleGNsdWRlIjpbXSwiZGVwZW5kcyI6W119LHsibmFtZSI6ImNsaWVudF9jcmVkZW50aWFscyIsImxhYmVsIjoiQ2xpZW50IENyZWRlbnRpYWxzIEdyYW50IiwicmVxdWlyZWQiOmZhbHNlLCJleGNsdWRlIjpbXSwiZGVwZW5kcyI6W119LHsibmFtZSI6ImF1dGhvcml6YXRpb25fY29kZSIsImxhYmVsIjoiQXV0aG9yaXphdGlvbiBDb2RlIEdyYW50IiwicmVxdWlyZWQiOmZhbHNlLCJleGNsdWRlIjpbXSwiZGVwZW5kcyI6W119LHsibmFtZSI6InJlZnJlc2hfdG9rZW4iLCJsYWJlbCI6IlJlZnJlc2ggVG9rZW4iLCJyZXF1aXJlZCI6ZmFsc2UsImV4Y2x1ZGUiOltdLCJkZXBlbmRzIjpbImF1dGhvcml6YXRpb25fY29kZSIsInBhc3N3b3JkIl19XX19LCJpbnRlcmFjdGl2ZUxvZ2luIjp0cnVlLCJ0b2tlbiI6ImEyYzg0ODE1LThjYjgtNGE3Ni1iNmU0LTg4MGM3ZTc2MGNlYiIsImlhdCI6MTQ4NjU4Njc4OCwiYXVkIjoiaHR0cDovL2FwaS1wbGF0Zm9ybS1hcGkvcmVwb3NpdG9yeSIsImlzcyI6Imh0dHA6Ly9hcGktcGxhdGZvcm0tYXBpL3JlcG9zaXRvcnkifQ.YOsto-KJMgjQZxFXe6FFipYd8TIh4P1HIlJ5Tg6a9Ps
				Accept=*/*
				Content-Type=text/plain; charset=UTF-8
Cookies:		&lt;none&gt;
Body:			&lt;none&gt;
Request method:	DELETE
Request path:	https://qax.anypoint.mulesoft.com/apiplatform/repository/v2/organizations/5000db95-c5d4-487f-925e-3f82f15a5499/apis/2053/versions/2161/contracts/30233
Proxy:			&lt;none&gt;
Request params:	&lt;none&gt;
Query params:	&lt;none&gt;
Form params:	&lt;none&gt;
Path params:	&lt;none&gt;
Multiparts:		&lt;none&gt;
Headers:		Authorization=Bearer eyJ0eXAiOiJKV1QiLCJhbGciOiJIUzI1NiJ9.eyJpZCI6IjUwMDAzN2NkLTJjZmQtNGRhNC1iZWQ3LTU3Mzg0ZGViMDYyYiIsImZpcnN0TmFtZSI6IkZlZGVyYXRlZCIsImxhc3ROYW1lIjoiRXh0ZXJuYWwiLCJlbWFpbCI6ImNocmlzdG9waGVyLm1vcmR1ZUBtdWxlc29mdC5jb20iLCJ1c2VybmFtZSI6ImZlZGVyYXRlZF9leHRlcm5hbCIsIm9yZ2FuaXphdGlvbiI6eyJpZCI6IjUwMDBkYjk1LWM1ZDQtNDg3Zi05MjVlLTNmODJmMTVhNTQ5OSIsIm5hbWUiOiJGZWRlcmF0ZWQgSW5jIEV4dGVybmFsIEF1dGhvcml6YXRpb24iLCJkb21haW4iOiJmZWRlcmF0ZWQtZXh0ZXJuYWwiLCJlbnRpdGxlbWVudHMiOnsiaHlicmlkIjp7ImVuYWJsZWQiOmZhbHNlfSwiY3JlYXRlU3ViT3JncyI6dHJ1ZSwidkNvcmVzUHJvZHVjdGlvbiI6eyJhc3NpZ25lZCI6MSwicmVhc3NpZ25lZCI6MH0sInZDb3Jlc1NhbmRib3giOnsiYXNzaWduZWQiOjEsInJlYXNzaWduZWQiOjB9LCJnbG9iYWxEZXBsb3ltZW50IjpmYWxzZSwid29ya2VyTG9nZ2luZ092ZXJyaWRlIjp7ImVuYWJsZWQiOmZhbHNlfSwiZ2F0ZXdheXMiOnsiYXNzaWduZWQiOjB9LCJjcmVhdGVFbnZpcm9ubWVudHMiOnRydWUsInBhcnRuZXJzUHJvZHVjdGlvbiI6eyJhc3NpZ25lZCI6MH0sInBhcnRuZXJzU2FuZGJveCI6eyJhc3NpZ25lZCI6MH0sImF1dG9zY2FsaW5nIjpmYWxzZSwic3RhdGljSXBzIjp7ImFzc2lnbmVkIjowLCJyZWFzc2lnbmVkIjowfSwiYXJtQWxlcnRzIjpmYWxzZSwiYXBpcyI6eyJlbmFibGVkIjp0cnVlfSwibXFNZXNzYWdlcyI6eyJiYXNlIjowLCJhZGRPbiI6MH0sIm1xUmVxdWVzdHMiOnsiYmFzZSI6MCwiYWRkT24iOjB9LCJleHRlcm5hbElkZW50aXR5Ijp0cnVlLCJtcUFkdmFuY2VkRmVhdHVyZXMiOnsiZW5hYmxlZCI6ZmFsc2V9LCJ2cGNzIjp7ImFzc2lnbmVkIjowLCJyZWFzc2lnbmVkIjowfSwiaHlicmlkSW5zaWdodCI6ZmFsc2UsImRlc2lnbkNlbnRlciI6eyJtb3phcnQiOmZhbHNlLCJhcGkiOmZhbHNlfSwib2JqZWN0U3RvcmVSZXF1ZXN0VW5pdHMiOnsiYmFzZSI6MTUwMDAwMDAsImFkZE9uIjowfSwib2JqZWN0U3RvcmVLZXlzIjp7ImJhc2UiOjEwMDAwMCwiYWRkT24iOjB9LCJjYW0iOnsiZW5hYmxlZCI6ZmFsc2V9LCJsb2FkQmFsYW5jZXIiOnsiYXNzaWduZWQiOjAsInJlYXNzaWduZWQiOjB9LCJtZXNzYWdpbmciOnsiYXNzaWduZWQiOjB9fSwiZXh0ZXJuYWxBdXRob3JpemF0aW9uIjp0cnVlLCJleHRlcm5hbEF1dGhvcml6YXRpb25Qcm92aWRlciI6eyJuYW1lIjoiUG9ydGFsIEFwcGxpY2F0aW9uIE1hbmFnZW1lbnQgU3lzdGVtIChQQU1TKSIsInVybCI6Imh0dHBzOi8vd3NneC10ZXN0LmNpc2NvLmNvbS9wYW1zL2x0L2NlcG1TZXJ2aWNlL3YxLjUvbWdyc3J2cyIsInZlcnNpb24iOiIxLjUifSwiaWRlbnRpdHlNYW5hZ2VtZW50Ijp7InR5cGUiOiJQaW5nRmVkZXJhdGUifSwib2F1dGgyU2V0dGluZ3MiOnsiYXV0aG9yaXphdGlvbkdyYW50cyI6WyJjb2RlIiwidG9rZW4iLCJvd25lciIsImNyZWRlbnRpYWxzIl0sImF1dGhvcml6YXRpb25VcmkiOiJodHRwczovL2Nsb3Vkc3NvLXRlc3QuY2lzY28uY29tL2FzL2F1dGhvcml6YXRpb24ub2F1dGgyIiwiYWNjZXNzVG9rZW5VcmkiOiJodHRwczovL2Nsb3Vkc3NvLXRlc3QuY2lzY28uY29tL2FzL3Rva2VuLm9hdXRoMiIsImdyYW50VHlwZXMiOlt7Im5hbWUiOiJwYXNzd29yZCIsImxhYmVsIjoiUmVzb3VyY2UgT3duZXIgR3JhbnQiLCJyZXF1aXJlZCI6ZmFsc2UsImV4Y2x1ZGUiOltdLCJkZXBlbmRzIjpbXX0seyJuYW1lIjoiaW1wbGljaXQiLCJsYWJlbCI6IkltcGxpY2l0IEdyYW50IiwicmVxdWlyZWQiOmZhbHNlLCJleGNsdWRlIjpbXSwiZGVwZW5kcyI6W119LHsibmFtZSI6ImNsaWVudF9jcmVkZW50aWFscyIsImxhYmVsIjoiQ2xpZW50IENyZWRlbnRpYWxzIEdyYW50IiwicmVxdWlyZWQiOmZhbHNlLCJleGNsdWRlIjpbXSwiZGVwZW5kcyI6W119LHsibmFtZSI6ImF1dGhvcml6YXRpb25fY29kZSIsImxhYmVsIjoiQXV0aG9yaXphdGlvbiBDb2RlIEdyYW50IiwicmVxdWlyZWQiOmZhbHNlLCJleGNsdWRlIjpbXSwiZGVwZW5kcyI6W119LHsibmFtZSI6InJlZnJlc2hfdG9rZW4iLCJsYWJlbCI6IlJlZnJlc2ggVG9rZW4iLCJyZXF1aXJlZCI6ZmFsc2UsImV4Y2x1ZGUiOltdLCJkZXBlbmRzIjpbImF1dGhvcml6YXRpb25fY29kZSIsInBhc3N3b3JkIl19XX19LCJpbnRlcmFjdGl2ZUxvZ2luIjp0cnVlLCJ0b2tlbiI6ImEyYzg0ODE1LThjYjgtNGE3Ni1iNmU0LTg4MGM3ZTc2MGNlYiIsImlhdCI6MTQ4NjU4Njc4OCwiYXVkIjoiaHR0cDovL2FwaS1wbGF0Zm9ybS1hcGkvcmVwb3NpdG9yeSIsImlzcyI6Imh0dHA6Ly9hcGktcGxhdGZvcm0tYXBpL3JlcG9zaXRvcnkifQ.YOsto-KJMgjQZxFXe6FFipYd8TIh4P1HIlJ5Tg6a9Ps
				Accept=*/*
				Content-Type=text/plain; charset=UTF-8
Cookies:		&lt;none&gt;
Body:			&lt;none&gt;
Request method:	DELETE
Request path:	https://qax.anypoint.mulesoft.com/apiplatform/repository/v2/organizations/5000db95-c5d4-487f-925e-3f82f15a5499/apis/2053/versions/2161/contracts/30238
Proxy:			&lt;none&gt;
Request params:	&lt;none&gt;
Query params:	&lt;none&gt;
Form params:	&lt;none&gt;
Path params:	&lt;none&gt;
Multiparts:		&lt;none&gt;
Headers:		Authorization=Bearer eyJ0eXAiOiJKV1QiLCJhbGciOiJIUzI1NiJ9.eyJpZCI6IjUwMDAzN2NkLTJjZmQtNGRhNC1iZWQ3LTU3Mzg0ZGViMDYyYiIsImZpcnN0TmFtZSI6IkZlZGVyYXRlZCIsImxhc3ROYW1lIjoiRXh0ZXJuYWwiLCJlbWFpbCI6ImNocmlzdG9waGVyLm1vcmR1ZUBtdWxlc29mdC5jb20iLCJ1c2VybmFtZSI6ImZlZGVyYXRlZF9leHRlcm5hbCIsIm9yZ2FuaXphdGlvbiI6eyJpZCI6IjUwMDBkYjk1LWM1ZDQtNDg3Zi05MjVlLTNmODJmMTVhNTQ5OSIsIm5hbWUiOiJGZWRlcmF0ZWQgSW5jIEV4dGVybmFsIEF1dGhvcml6YXRpb24iLCJkb21haW4iOiJmZWRlcmF0ZWQtZXh0ZXJuYWwiLCJlbnRpdGxlbWVudHMiOnsiaHlicmlkIjp7ImVuYWJsZWQiOmZhbHNlfSwiY3JlYXRlU3ViT3JncyI6dHJ1ZSwidkNvcmVzUHJvZHVjdGlvbiI6eyJhc3NpZ25lZCI6MSwicmVhc3NpZ25lZCI6MH0sInZDb3Jlc1NhbmRib3giOnsiYXNzaWduZWQiOjEsInJlYXNzaWduZWQiOjB9LCJnbG9iYWxEZXBsb3ltZW50IjpmYWxzZSwid29ya2VyTG9nZ2luZ092ZXJyaWRlIjp7ImVuYWJsZWQiOmZhbHNlfSwiZ2F0ZXdheXMiOnsiYXNzaWduZWQiOjB9LCJjcmVhdGVFbnZpcm9ubWVudHMiOnRydWUsInBhcnRuZXJzUHJvZHVjdGlvbiI6eyJhc3NpZ25lZCI6MH0sInBhcnRuZXJzU2FuZGJveCI6eyJhc3NpZ25lZCI6MH0sImF1dG9zY2FsaW5nIjpmYWxzZSwic3RhdGljSXBzIjp7ImFzc2lnbmVkIjowLCJyZWFzc2lnbmVkIjowfSwiYXJtQWxlcnRzIjpmYWxzZSwiYXBpcyI6eyJlbmFibGVkIjp0cnVlfSwibXFNZXNzYWdlcyI6eyJiYXNlIjowLCJhZGRPbiI6MH0sIm1xUmVxdWVzdHMiOnsiYmFzZSI6MCwiYWRkT24iOjB9LCJleHRlcm5hbElkZW50aXR5Ijp0cnVlLCJtcUFkdmFuY2VkRmVhdHVyZXMiOnsiZW5hYmxlZCI6ZmFsc2V9LCJ2cGNzIjp7ImFzc2lnbmVkIjowLCJyZWFzc2lnbmVkIjowfSwiaHlicmlkSW5zaWdodCI6ZmFsc2UsImRlc2lnbkNlbnRlciI6eyJtb3phcnQiOmZhbHNlLCJhcGkiOmZhbHNlfSwib2JqZWN0U3RvcmVSZXF1ZXN0VW5pdHMiOnsiYmFzZSI6MTUwMDAwMDAsImFkZE9uIjowfSwib2JqZWN0U3RvcmVLZXlzIjp7ImJhc2UiOjEwMDAwMCwiYWRkT24iOjB9LCJjYW0iOnsiZW5hYmxlZCI6ZmFsc2V9LCJsb2FkQmFsYW5jZXIiOnsiYXNzaWduZWQiOjAsInJlYXNzaWduZWQiOjB9LCJtZXNzYWdpbmciOnsiYXNzaWduZWQiOjB9fSwiZXh0ZXJuYWxBdXRob3JpemF0aW9uIjp0cnVlLCJleHRlcm5hbEF1dGhvcml6YXRpb25Qcm92aWRlciI6eyJuYW1lIjoiUG9ydGFsIEFwcGxpY2F0aW9uIE1hbmFnZW1lbnQgU3lzdGVtIChQQU1TKSIsInVybCI6Imh0dHBzOi8vd3NneC10ZXN0LmNpc2NvLmNvbS9wYW1zL2x0L2NlcG1TZXJ2aWNlL3YxLjUvbWdyc3J2cyIsInZlcnNpb24iOiIxLjUifSwiaWRlbnRpdHlNYW5hZ2VtZW50Ijp7InR5cGUiOiJQaW5nRmVkZXJhdGUifSwib2F1dGgyU2V0dGluZ3MiOnsiYXV0aG9yaXphdGlvbkdyYW50cyI6WyJjb2RlIiwidG9rZW4iLCJvd25lciIsImNyZWRlbnRpYWxzIl0sImF1dGhvcml6YXRpb25VcmkiOiJodHRwczovL2Nsb3Vkc3NvLXRlc3QuY2lzY28uY29tL2FzL2F1dGhvcml6YXRpb24ub2F1dGgyIiwiYWNjZXNzVG9rZW5VcmkiOiJodHRwczovL2Nsb3Vkc3NvLXRlc3QuY2lzY28uY29tL2FzL3Rva2VuLm9hdXRoMiIsImdyYW50VHlwZXMiOlt7Im5hbWUiOiJwYXNzd29yZCIsImxhYmVsIjoiUmVzb3VyY2UgT3duZXIgR3JhbnQiLCJyZXF1aXJlZCI6ZmFsc2UsImV4Y2x1ZGUiOltdLCJkZXBlbmRzIjpbXX0seyJuYW1lIjoiaW1wbGljaXQiLCJsYWJlbCI6IkltcGxpY2l0IEdyYW50IiwicmVxdWlyZWQiOmZhbHNlLCJleGNsdWRlIjpbXSwiZGVwZW5kcyI6W119LHsibmFtZSI6ImNsaWVudF9jcmVkZW50aWFscyIsImxhYmVsIjoiQ2xpZW50IENyZWRlbnRpYWxzIEdyYW50IiwicmVxdWlyZWQiOmZhbHNlLCJleGNsdWRlIjpbXSwiZGVwZW5kcyI6W119LHsibmFtZSI6ImF1dGhvcml6YXRpb25fY29kZSIsImxhYmVsIjoiQXV0aG9yaXphdGlvbiBDb2RlIEdyYW50IiwicmVxdWlyZWQiOmZhbHNlLCJleGNsdWRlIjpbXSwiZGVwZW5kcyI6W119LHsibmFtZSI6InJlZnJlc2hfdG9rZW4iLCJsYWJlbCI6IlJlZnJlc2ggVG9rZW4iLCJyZXF1aXJlZCI6ZmFsc2UsImV4Y2x1ZGUiOltdLCJkZXBlbmRzIjpbImF1dGhvcml6YXRpb25fY29kZSIsInBhc3N3b3JkIl19XX19LCJpbnRlcmFjdGl2ZUxvZ2luIjp0cnVlLCJ0b2tlbiI6ImEyYzg0ODE1LThjYjgtNGE3Ni1iNmU0LTg4MGM3ZTc2MGNlYiIsImlhdCI6MTQ4NjU4Njc4OCwiYXVkIjoiaHR0cDovL2FwaS1wbGF0Zm9ybS1hcGkvcmVwb3NpdG9yeSIsImlzcyI6Imh0dHA6Ly9hcGktcGxhdGZvcm0tYXBpL3JlcG9zaXRvcnkifQ.YOsto-KJMgjQZxFXe6FFipYd8TIh4P1HIlJ5Tg6a9Ps
				Accept=*/*
				Content-Type=text/plain; charset=UTF-8
Cookies:		&lt;none&gt;
Body:			&lt;none&gt;
Request method:	DELETE
Request path:	https://qax.anypoint.mulesoft.com/apiplatform/repository/v2/organizations/5000db95-c5d4-487f-925e-3f82f15a5499/apis/2053/versions/2161/contracts/30241
Proxy:			&lt;none&gt;
Request params:	&lt;none&gt;
Query params:	&lt;none&gt;
Form params:	&lt;none&gt;
Path params:	&lt;none&gt;
Multiparts:		&lt;none&gt;
Headers:		Authorization=Bearer eyJ0eXAiOiJKV1QiLCJhbGciOiJIUzI1NiJ9.eyJpZCI6IjUwMDAzN2NkLTJjZmQtNGRhNC1iZWQ3LTU3Mzg0ZGViMDYyYiIsImZpcnN0TmFtZSI6IkZlZGVyYXRlZCIsImxhc3ROYW1lIjoiRXh0ZXJuYWwiLCJlbWFpbCI6ImNocmlzdG9waGVyLm1vcmR1ZUBtdWxlc29mdC5jb20iLCJ1c2VybmFtZSI6ImZlZGVyYXRlZF9leHRlcm5hbCIsIm9yZ2FuaXphdGlvbiI6eyJpZCI6IjUwMDBkYjk1LWM1ZDQtNDg3Zi05MjVlLTNmODJmMTVhNTQ5OSIsIm5hbWUiOiJGZWRlcmF0ZWQgSW5jIEV4dGVybmFsIEF1dGhvcml6YXRpb24iLCJkb21haW4iOiJmZWRlcmF0ZWQtZXh0ZXJuYWwiLCJlbnRpdGxlbWVudHMiOnsiaHlicmlkIjp7ImVuYWJsZWQiOmZhbHNlfSwiY3JlYXRlU3ViT3JncyI6dHJ1ZSwidkNvcmVzUHJvZHVjdGlvbiI6eyJhc3NpZ25lZCI6MSwicmVhc3NpZ25lZCI6MH0sInZDb3Jlc1NhbmRib3giOnsiYXNzaWduZWQiOjEsInJlYXNzaWduZWQiOjB9LCJnbG9iYWxEZXBsb3ltZW50IjpmYWxzZSwid29ya2VyTG9nZ2luZ092ZXJyaWRlIjp7ImVuYWJsZWQiOmZhbHNlfSwiZ2F0ZXdheXMiOnsiYXNzaWduZWQiOjB9LCJjcmVhdGVFbnZpcm9ubWVudHMiOnRydWUsInBhcnRuZXJzUHJvZHVjdGlvbiI6eyJhc3NpZ25lZCI6MH0sInBhcnRuZXJzU2FuZGJveCI6eyJhc3NpZ25lZCI6MH0sImF1dG9zY2FsaW5nIjpmYWxzZSwic3RhdGljSXBzIjp7ImFzc2lnbmVkIjowLCJyZWFzc2lnbmVkIjowfSwiYXJtQWxlcnRzIjpmYWxzZSwiYXBpcyI6eyJlbmFibGVkIjp0cnVlfSwibXFNZXNzYWdlcyI6eyJiYXNlIjowLCJhZGRPbiI6MH0sIm1xUmVxdWVzdHMiOnsiYmFzZSI6MCwiYWRkT24iOjB9LCJleHRlcm5hbElkZW50aXR5Ijp0cnVlLCJtcUFkdmFuY2VkRmVhdHVyZXMiOnsiZW5hYmxlZCI6ZmFsc2V9LCJ2cGNzIjp7ImFzc2lnbmVkIjowLCJyZWFzc2lnbmVkIjowfSwiaHlicmlkSW5zaWdodCI6ZmFsc2UsImRlc2lnbkNlbnRlciI6eyJtb3phcnQiOmZhbHNlLCJhcGkiOmZhbHNlfSwib2JqZWN0U3RvcmVSZXF1ZXN0VW5pdHMiOnsiYmFzZSI6MTUwMDAwMDAsImFkZE9uIjowfSwib2JqZWN0U3RvcmVLZXlzIjp7ImJhc2UiOjEwMDAwMCwiYWRkT24iOjB9LCJjYW0iOnsiZW5hYmxlZCI6ZmFsc2V9LCJsb2FkQmFsYW5jZXIiOnsiYXNzaWduZWQiOjAsInJlYXNzaWduZWQiOjB9LCJtZXNzYWdpbmciOnsiYXNzaWduZWQiOjB9fSwiZXh0ZXJuYWxBdXRob3JpemF0aW9uIjp0cnVlLCJleHRlcm5hbEF1dGhvcml6YXRpb25Qcm92aWRlciI6eyJuYW1lIjoiUG9ydGFsIEFwcGxpY2F0aW9uIE1hbmFnZW1lbnQgU3lzdGVtIChQQU1TKSIsInVybCI6Imh0dHBzOi8vd3NneC10ZXN0LmNpc2NvLmNvbS9wYW1zL2x0L2NlcG1TZXJ2aWNlL3YxLjUvbWdyc3J2cyIsInZlcnNpb24iOiIxLjUifSwiaWRlbnRpdHlNYW5hZ2VtZW50Ijp7InR5cGUiOiJQaW5nRmVkZXJhdGUifSwib2F1dGgyU2V0dGluZ3MiOnsiYXV0aG9yaXphdGlvbkdyYW50cyI6WyJjb2RlIiwidG9rZW4iLCJvd25lciIsImNyZWRlbnRpYWxzIl0sImF1dGhvcml6YXRpb25VcmkiOiJodHRwczovL2Nsb3Vkc3NvLXRlc3QuY2lzY28uY29tL2FzL2F1dGhvcml6YXRpb24ub2F1dGgyIiwiYWNjZXNzVG9rZW5VcmkiOiJodHRwczovL2Nsb3Vkc3NvLXRlc3QuY2lzY28uY29tL2FzL3Rva2VuLm9hdXRoMiIsImdyYW50VHlwZXMiOlt7Im5hbWUiOiJwYXNzd29yZCIsImxhYmVsIjoiUmVzb3VyY2UgT3duZXIgR3JhbnQiLCJyZXF1aXJlZCI6ZmFsc2UsImV4Y2x1ZGUiOltdLCJkZXBlbmRzIjpbXX0seyJuYW1lIjoiaW1wbGljaXQiLCJsYWJlbCI6IkltcGxpY2l0IEdyYW50IiwicmVxdWlyZWQiOmZhbHNlLCJleGNsdWRlIjpbXSwiZGVwZW5kcyI6W119LHsibmFtZSI6ImNsaWVudF9jcmVkZW50aWFscyIsImxhYmVsIjoiQ2xpZW50IENyZWRlbnRpYWxzIEdyYW50IiwicmVxdWlyZWQiOmZhbHNlLCJleGNsdWRlIjpbXSwiZGVwZW5kcyI6W119LHsibmFtZSI6ImF1dGhvcml6YXRpb25fY29kZSIsImxhYmVsIjoiQXV0aG9yaXphdGlvbiBDb2RlIEdyYW50IiwicmVxdWlyZWQiOmZhbHNlLCJleGNsdWRlIjpbXSwiZGVwZW5kcyI6W119LHsibmFtZSI6InJlZnJlc2hfdG9rZW4iLCJsYWJlbCI6IlJlZnJlc2ggVG9rZW4iLCJyZXF1aXJlZCI6ZmFsc2UsImV4Y2x1ZGUiOltdLCJkZXBlbmRzIjpbImF1dGhvcml6YXRpb25fY29kZSIsInBhc3N3b3JkIl19XX19LCJpbnRlcmFjdGl2ZUxvZ2luIjp0cnVlLCJ0b2tlbiI6ImEyYzg0ODE1LThjYjgtNGE3Ni1iNmU0LTg4MGM3ZTc2MGNlYiIsImlhdCI6MTQ4NjU4Njc4OCwiYXVkIjoiaHR0cDovL2FwaS1wbGF0Zm9ybS1hcGkvcmVwb3NpdG9yeSIsImlzcyI6Imh0dHA6Ly9hcGktcGxhdGZvcm0tYXBpL3JlcG9zaXRvcnkifQ.YOsto-KJMgjQZxFXe6FFipYd8TIh4P1HIlJ5Tg6a9Ps
				Accept=*/*
				Content-Type=text/plain; charset=UTF-8
Cookies:		&lt;none&gt;
Body:			&lt;none&gt;
Request method:	DELETE
Request path:	https://qax.anypoint.mulesoft.com/apiplatform/repository/v2/organizations/5000db95-c5d4-487f-925e-3f82f15a5499/apis/2053/versions/2161/contracts/30239
Proxy:			&lt;none&gt;
Request params:	&lt;none&gt;
Query params:	&lt;none&gt;
Form params:	&lt;none&gt;
Path params:	&lt;none&gt;
Multiparts:		&lt;none&gt;
Headers:		Authorization=Bearer eyJ0eXAiOiJKV1QiLCJhbGciOiJIUzI1NiJ9.eyJpZCI6IjUwMDAzN2NkLTJjZmQtNGRhNC1iZWQ3LTU3Mzg0ZGViMDYyYiIsImZpcnN0TmFtZSI6IkZlZGVyYXRlZCIsImxhc3ROYW1lIjoiRXh0ZXJuYWwiLCJlbWFpbCI6ImNocmlzdG9waGVyLm1vcmR1ZUBtdWxlc29mdC5jb20iLCJ1c2VybmFtZSI6ImZlZGVyYXRlZF9leHRlcm5hbCIsIm9yZ2FuaXphdGlvbiI6eyJpZCI6IjUwMDBkYjk1LWM1ZDQtNDg3Zi05MjVlLTNmODJmMTVhNTQ5OSIsIm5hbWUiOiJGZWRlcmF0ZWQgSW5jIEV4dGVybmFsIEF1dGhvcml6YXRpb24iLCJkb21haW4iOiJmZWRlcmF0ZWQtZXh0ZXJuYWwiLCJlbnRpdGxlbWVudHMiOnsiaHlicmlkIjp7ImVuYWJsZWQiOmZhbHNlfSwiY3JlYXRlU3ViT3JncyI6dHJ1ZSwidkNvcmVzUHJvZHVjdGlvbiI6eyJhc3NpZ25lZCI6MSwicmVhc3NpZ25lZCI6MH0sInZDb3Jlc1NhbmRib3giOnsiYXNzaWduZWQiOjEsInJlYXNzaWduZWQiOjB9LCJnbG9iYWxEZXBsb3ltZW50IjpmYWxzZSwid29ya2VyTG9nZ2luZ092ZXJyaWRlIjp7ImVuYWJsZWQiOmZhbHNlfSwiZ2F0ZXdheXMiOnsiYXNzaWduZWQiOjB9LCJjcmVhdGVFbnZpcm9ubWVudHMiOnRydWUsInBhcnRuZXJzUHJvZHVjdGlvbiI6eyJhc3NpZ25lZCI6MH0sInBhcnRuZXJzU2FuZGJveCI6eyJhc3NpZ25lZCI6MH0sImF1dG9zY2FsaW5nIjpmYWxzZSwic3RhdGljSXBzIjp7ImFzc2lnbmVkIjowLCJyZWFzc2lnbmVkIjowfSwiYXJtQWxlcnRzIjpmYWxzZSwiYXBpcyI6eyJlbmFibGVkIjp0cnVlfSwibXFNZXNzYWdlcyI6eyJiYXNlIjowLCJhZGRPbiI6MH0sIm1xUmVxdWVzdHMiOnsiYmFzZSI6MCwiYWRkT24iOjB9LCJleHRlcm5hbElkZW50aXR5Ijp0cnVlLCJtcUFkdmFuY2VkRmVhdHVyZXMiOnsiZW5hYmxlZCI6ZmFsc2V9LCJ2cGNzIjp7ImFzc2lnbmVkIjowLCJyZWFzc2lnbmVkIjowfSwiaHlicmlkSW5zaWdodCI6ZmFsc2UsImRlc2lnbkNlbnRlciI6eyJtb3phcnQiOmZhbHNlLCJhcGkiOmZhbHNlfSwib2JqZWN0U3RvcmVSZXF1ZXN0VW5pdHMiOnsiYmFzZSI6MTUwMDAwMDAsImFkZE9uIjowfSwib2JqZWN0U3RvcmVLZXlzIjp7ImJhc2UiOjEwMDAwMCwiYWRkT24iOjB9LCJjYW0iOnsiZW5hYmxlZCI6ZmFsc2V9LCJsb2FkQmFsYW5jZXIiOnsiYXNzaWduZWQiOjAsInJlYXNzaWduZWQiOjB9LCJtZXNzYWdpbmciOnsiYXNzaWduZWQiOjB9fSwiZXh0ZXJuYWxBdXRob3JpemF0aW9uIjp0cnVlLCJleHRlcm5hbEF1dGhvcml6YXRpb25Qcm92aWRlciI6eyJuYW1lIjoiUG9ydGFsIEFwcGxpY2F0aW9uIE1hbmFnZW1lbnQgU3lzdGVtIChQQU1TKSIsInVybCI6Imh0dHBzOi8vd3NneC10ZXN0LmNpc2NvLmNvbS9wYW1zL2x0L2NlcG1TZXJ2aWNlL3YxLjUvbWdyc3J2cyIsInZlcnNpb24iOiIxLjUifSwiaWRlbnRpdHlNYW5hZ2VtZW50Ijp7InR5cGUiOiJQaW5nRmVkZXJhdGUifSwib2F1dGgyU2V0dGluZ3MiOnsiYXV0aG9yaXphdGlvbkdyYW50cyI6WyJjb2RlIiwidG9rZW4iLCJvd25lciIsImNyZWRlbnRpYWxzIl0sImF1dGhvcml6YXRpb25VcmkiOiJodHRwczovL2Nsb3Vkc3NvLXRlc3QuY2lzY28uY29tL2FzL2F1dGhvcml6YXRpb24ub2F1dGgyIiwiYWNjZXNzVG9rZW5VcmkiOiJodHRwczovL2Nsb3Vkc3NvLXRlc3QuY2lzY28uY29tL2FzL3Rva2VuLm9hdXRoMiIsImdyYW50VHlwZXMiOlt7Im5hbWUiOiJwYXNzd29yZCIsImxhYmVsIjoiUmVzb3VyY2UgT3duZXIgR3JhbnQiLCJyZXF1aXJlZCI6ZmFsc2UsImV4Y2x1ZGUiOltdLCJkZXBlbmRzIjpbXX0seyJuYW1lIjoiaW1wbGljaXQiLCJsYWJlbCI6IkltcGxpY2l0IEdyYW50IiwicmVxdWlyZWQiOmZhbHNlLCJleGNsdWRlIjpbXSwiZGVwZW5kcyI6W119LHsibmFtZSI6ImNsaWVudF9jcmVkZW50aWFscyIsImxhYmVsIjoiQ2xpZW50IENyZWRlbnRpYWxzIEdyYW50IiwicmVxdWlyZWQiOmZhbHNlLCJleGNsdWRlIjpbXSwiZGVwZW5kcyI6W119LHsibmFtZSI6ImF1dGhvcml6YXRpb25fY29kZSIsImxhYmVsIjoiQXV0aG9yaXphdGlvbiBDb2RlIEdyYW50IiwicmVxdWlyZWQiOmZhbHNlLCJleGNsdWRlIjpbXSwiZGVwZW5kcyI6W119LHsibmFtZSI6InJlZnJlc2hfdG9rZW4iLCJsYWJlbCI6IlJlZnJlc2ggVG9rZW4iLCJyZXF1aXJlZCI6ZmFsc2UsImV4Y2x1ZGUiOltdLCJkZXBlbmRzIjpbImF1dGhvcml6YXRpb25fY29kZSIsInBhc3N3b3JkIl19XX19LCJpbnRlcmFjdGl2ZUxvZ2luIjp0cnVlLCJ0b2tlbiI6ImEyYzg0ODE1LThjYjgtNGE3Ni1iNmU0LTg4MGM3ZTc2MGNlYiIsImlhdCI6MTQ4NjU4Njc4OCwiYXVkIjoiaHR0cDovL2FwaS1wbGF0Zm9ybS1hcGkvcmVwb3NpdG9yeSIsImlzcyI6Imh0dHA6Ly9hcGktcGxhdGZvcm0tYXBpL3JlcG9zaXRvcnkifQ.YOsto-KJMgjQZxFXe6FFipYd8TIh4P1HIlJ5Tg6a9Ps
				Accept=*/*
				Content-Type=text/plain; charset=UTF-8
Cookies:		&lt;none&gt;
Body:			&lt;none&gt;
Request method:	DELETE
Request path:	https://qax.anypoint.mulesoft.com/apiplatform/repository/v2/organizations/5000db95-c5d4-487f-925e-3f82f15a5499/apis/2053/versions/2161/contracts/30246
Proxy:			&lt;none&gt;
Request params:	&lt;none&gt;
Query params:	&lt;none&gt;
Form params:	&lt;none&gt;
Path params:	&lt;none&gt;
Multiparts:		&lt;none&gt;
Headers:		Authorization=Bearer eyJ0eXAiOiJKV1QiLCJhbGciOiJIUzI1NiJ9.eyJpZCI6IjUwMDAzN2NkLTJjZmQtNGRhNC1iZWQ3LTU3Mzg0ZGViMDYyYiIsImZpcnN0TmFtZSI6IkZlZGVyYXRlZCIsImxhc3ROYW1lIjoiRXh0ZXJuYWwiLCJlbWFpbCI6ImNocmlzdG9waGVyLm1vcmR1ZUBtdWxlc29mdC5jb20iLCJ1c2VybmFtZSI6ImZlZGVyYXRlZF9leHRlcm5hbCIsIm9yZ2FuaXphdGlvbiI6eyJpZCI6IjUwMDBkYjk1LWM1ZDQtNDg3Zi05MjVlLTNmODJmMTVhNTQ5OSIsIm5hbWUiOiJGZWRlcmF0ZWQgSW5jIEV4dGVybmFsIEF1dGhvcml6YXRpb24iLCJkb21haW4iOiJmZWRlcmF0ZWQtZXh0ZXJuYWwiLCJlbnRpdGxlbWVudHMiOnsiaHlicmlkIjp7ImVuYWJsZWQiOmZhbHNlfSwiY3JlYXRlU3ViT3JncyI6dHJ1ZSwidkNvcmVzUHJvZHVjdGlvbiI6eyJhc3NpZ25lZCI6MSwicmVhc3NpZ25lZCI6MH0sInZDb3Jlc1NhbmRib3giOnsiYXNzaWduZWQiOjEsInJlYXNzaWduZWQiOjB9LCJnbG9iYWxEZXBsb3ltZW50IjpmYWxzZSwid29ya2VyTG9nZ2luZ092ZXJyaWRlIjp7ImVuYWJsZWQiOmZhbHNlfSwiZ2F0ZXdheXMiOnsiYXNzaWduZWQiOjB9LCJjcmVhdGVFbnZpcm9ubWVudHMiOnRydWUsInBhcnRuZXJzUHJvZHVjdGlvbiI6eyJhc3NpZ25lZCI6MH0sInBhcnRuZXJzU2FuZGJveCI6eyJhc3NpZ25lZCI6MH0sImF1dG9zY2FsaW5nIjpmYWxzZSwic3RhdGljSXBzIjp7ImFzc2lnbmVkIjowLCJyZWFzc2lnbmVkIjowfSwiYXJtQWxlcnRzIjpmYWxzZSwiYXBpcyI6eyJlbmFibGVkIjp0cnVlfSwibXFNZXNzYWdlcyI6eyJiYXNlIjowLCJhZGRPbiI6MH0sIm1xUmVxdWVzdHMiOnsiYmFzZSI6MCwiYWRkT24iOjB9LCJleHRlcm5hbElkZW50aXR5Ijp0cnVlLCJtcUFkdmFuY2VkRmVhdHVyZXMiOnsiZW5hYmxlZCI6ZmFsc2V9LCJ2cGNzIjp7ImFzc2lnbmVkIjowLCJyZWFzc2lnbmVkIjowfSwiaHlicmlkSW5zaWdodCI6ZmFsc2UsImRlc2lnbkNlbnRlciI6eyJtb3phcnQiOmZhbHNlLCJhcGkiOmZhbHNlfSwib2JqZWN0U3RvcmVSZXF1ZXN0VW5pdHMiOnsiYmFzZSI6MTUwMDAwMDAsImFkZE9uIjowfSwib2JqZWN0U3RvcmVLZXlzIjp7ImJhc2UiOjEwMDAwMCwiYWRkT24iOjB9LCJjYW0iOnsiZW5hYmxlZCI6ZmFsc2V9LCJsb2FkQmFsYW5jZXIiOnsiYXNzaWduZWQiOjAsInJlYXNzaWduZWQiOjB9LCJtZXNzYWdpbmciOnsiYXNzaWduZWQiOjB9fSwiZXh0ZXJuYWxBdXRob3JpemF0aW9uIjp0cnVlLCJleHRlcm5hbEF1dGhvcml6YXRpb25Qcm92aWRlciI6eyJuYW1lIjoiUG9ydGFsIEFwcGxpY2F0aW9uIE1hbmFnZW1lbnQgU3lzdGVtIChQQU1TKSIsInVybCI6Imh0dHBzOi8vd3NneC10ZXN0LmNpc2NvLmNvbS9wYW1zL2x0L2NlcG1TZXJ2aWNlL3YxLjUvbWdyc3J2cyIsInZlcnNpb24iOiIxLjUifSwiaWRlbnRpdHlNYW5hZ2VtZW50Ijp7InR5cGUiOiJQaW5nRmVkZXJhdGUifSwib2F1dGgyU2V0dGluZ3MiOnsiYXV0aG9yaXphdGlvbkdyYW50cyI6WyJjb2RlIiwidG9rZW4iLCJvd25lciIsImNyZWRlbnRpYWxzIl0sImF1dGhvcml6YXRpb25VcmkiOiJodHRwczovL2Nsb3Vkc3NvLXRlc3QuY2lzY28uY29tL2FzL2F1dGhvcml6YXRpb24ub2F1dGgyIiwiYWNjZXNzVG9rZW5VcmkiOiJodHRwczovL2Nsb3Vkc3NvLXRlc3QuY2lzY28uY29tL2FzL3Rva2VuLm9hdXRoMiIsImdyYW50VHlwZXMiOlt7Im5hbWUiOiJwYXNzd29yZCIsImxhYmVsIjoiUmVzb3VyY2UgT3duZXIgR3JhbnQiLCJyZXF1aXJlZCI6ZmFsc2UsImV4Y2x1ZGUiOltdLCJkZXBlbmRzIjpbXX0seyJuYW1lIjoiaW1wbGljaXQiLCJsYWJlbCI6IkltcGxpY2l0IEdyYW50IiwicmVxdWlyZWQiOmZhbHNlLCJleGNsdWRlIjpbXSwiZGVwZW5kcyI6W119LHsibmFtZSI6ImNsaWVudF9jcmVkZW50aWFscyIsImxhYmVsIjoiQ2xpZW50IENyZWRlbnRpYWxzIEdyYW50IiwicmVxdWlyZWQiOmZhbHNlLCJleGNsdWRlIjpbXSwiZGVwZW5kcyI6W119LHsibmFtZSI6ImF1dGhvcml6YXRpb25fY29kZSIsImxhYmVsIjoiQXV0aG9yaXphdGlvbiBDb2RlIEdyYW50IiwicmVxdWlyZWQiOmZhbHNlLCJleGNsdWRlIjpbXSwiZGVwZW5kcyI6W119LHsibmFtZSI6InJlZnJlc2hfdG9rZW4iLCJsYWJlbCI6IlJlZnJlc2ggVG9rZW4iLCJyZXF1aXJlZCI6ZmFsc2UsImV4Y2x1ZGUiOltdLCJkZXBlbmRzIjpbImF1dGhvcml6YXRpb25fY29kZSIsInBhc3N3b3JkIl19XX19LCJpbnRlcmFjdGl2ZUxvZ2luIjp0cnVlLCJ0b2tlbiI6ImEyYzg0ODE1LThjYjgtNGE3Ni1iNmU0LTg4MGM3ZTc2MGNlYiIsImlhdCI6MTQ4NjU4Njc4OCwiYXVkIjoiaHR0cDovL2FwaS1wbGF0Zm9ybS1hcGkvcmVwb3NpdG9yeSIsImlzcyI6Imh0dHA6Ly9hcGktcGxhdGZvcm0tYXBpL3JlcG9zaXRvcnkifQ.YOsto-KJMgjQZxFXe6FFipYd8TIh4P1HIlJ5Tg6a9Ps
				Accept=*/*
				Content-Type=text/plain; charset=UTF-8
Cookies:		&lt;none&gt;
Body:			&lt;none&gt;
Request method:	DELETE
Request path:	https://qax.anypoint.mulesoft.com/apiplatform/repository/v2/organizations/5000db95-c5d4-487f-925e-3f82f15a5499/apis/2053/versions/2161/contracts/30227
Proxy:			&lt;none&gt;
Request params:	&lt;none&gt;
Query params:	&lt;none&gt;
Form params:	&lt;none&gt;
Path params:	&lt;none&gt;
Multiparts:		&lt;none&gt;
Headers:		Authorization=Bearer eyJ0eXAiOiJKV1QiLCJhbGciOiJIUzI1NiJ9.eyJpZCI6IjUwMDAzN2NkLTJjZmQtNGRhNC1iZWQ3LTU3Mzg0ZGViMDYyYiIsImZpcnN0TmFtZSI6IkZlZGVyYXRlZCIsImxhc3ROYW1lIjoiRXh0ZXJuYWwiLCJlbWFpbCI6ImNocmlzdG9waGVyLm1vcmR1ZUBtdWxlc29mdC5jb20iLCJ1c2VybmFtZSI6ImZlZGVyYXRlZF9leHRlcm5hbCIsIm9yZ2FuaXphdGlvbiI6eyJpZCI6IjUwMDBkYjk1LWM1ZDQtNDg3Zi05MjVlLTNmODJmMTVhNTQ5OSIsIm5hbWUiOiJGZWRlcmF0ZWQgSW5jIEV4dGVybmFsIEF1dGhvcml6YXRpb24iLCJkb21haW4iOiJmZWRlcmF0ZWQtZXh0ZXJuYWwiLCJlbnRpdGxlbWVudHMiOnsiaHlicmlkIjp7ImVuYWJsZWQiOmZhbHNlfSwiY3JlYXRlU3ViT3JncyI6dHJ1ZSwidkNvcmVzUHJvZHVjdGlvbiI6eyJhc3NpZ25lZCI6MSwicmVhc3NpZ25lZCI6MH0sInZDb3Jlc1NhbmRib3giOnsiYXNzaWduZWQiOjEsInJlYXNzaWduZWQiOjB9LCJnbG9iYWxEZXBsb3ltZW50IjpmYWxzZSwid29ya2VyTG9nZ2luZ092ZXJyaWRlIjp7ImVuYWJsZWQiOmZhbHNlfSwiZ2F0ZXdheXMiOnsiYXNzaWduZWQiOjB9LCJjcmVhdGVFbnZpcm9ubWVudHMiOnRydWUsInBhcnRuZXJzUHJvZHVjdGlvbiI6eyJhc3NpZ25lZCI6MH0sInBhcnRuZXJzU2FuZGJveCI6eyJhc3NpZ25lZCI6MH0sImF1dG9zY2FsaW5nIjpmYWxzZSwic3RhdGljSXBzIjp7ImFzc2lnbmVkIjowLCJyZWFzc2lnbmVkIjowfSwiYXJtQWxlcnRzIjpmYWxzZSwiYXBpcyI6eyJlbmFibGVkIjp0cnVlfSwibXFNZXNzYWdlcyI6eyJiYXNlIjowLCJhZGRPbiI6MH0sIm1xUmVxdWVzdHMiOnsiYmFzZSI6MCwiYWRkT24iOjB9LCJleHRlcm5hbElkZW50aXR5Ijp0cnVlLCJtcUFkdmFuY2VkRmVhdHVyZXMiOnsiZW5hYmxlZCI6ZmFsc2V9LCJ2cGNzIjp7ImFzc2lnbmVkIjowLCJyZWFzc2lnbmVkIjowfSwiaHlicmlkSW5zaWdodCI6ZmFsc2UsImRlc2lnbkNlbnRlciI6eyJtb3phcnQiOmZhbHNlLCJhcGkiOmZhbHNlfSwib2JqZWN0U3RvcmVSZXF1ZXN0VW5pdHMiOnsiYmFzZSI6MTUwMDAwMDAsImFkZE9uIjowfSwib2JqZWN0U3RvcmVLZXlzIjp7ImJhc2UiOjEwMDAwMCwiYWRkT24iOjB9LCJjYW0iOnsiZW5hYmxlZCI6ZmFsc2V9LCJsb2FkQmFsYW5jZXIiOnsiYXNzaWduZWQiOjAsInJlYXNzaWduZWQiOjB9LCJtZXNzYWdpbmciOnsiYXNzaWduZWQiOjB9fSwiZXh0ZXJuYWxBdXRob3JpemF0aW9uIjp0cnVlLCJleHRlcm5hbEF1dGhvcml6YXRpb25Qcm92aWRlciI6eyJuYW1lIjoiUG9ydGFsIEFwcGxpY2F0aW9uIE1hbmFnZW1lbnQgU3lzdGVtIChQQU1TKSIsInVybCI6Imh0dHBzOi8vd3NneC10ZXN0LmNpc2NvLmNvbS9wYW1zL2x0L2NlcG1TZXJ2aWNlL3YxLjUvbWdyc3J2cyIsInZlcnNpb24iOiIxLjUifSwiaWRlbnRpdHlNYW5hZ2VtZW50Ijp7InR5cGUiOiJQaW5nRmVkZXJhdGUifSwib2F1dGgyU2V0dGluZ3MiOnsiYXV0aG9yaXphdGlvbkdyYW50cyI6WyJjb2RlIiwidG9rZW4iLCJvd25lciIsImNyZWRlbnRpYWxzIl0sImF1dGhvcml6YXRpb25VcmkiOiJodHRwczovL2Nsb3Vkc3NvLXRlc3QuY2lzY28uY29tL2FzL2F1dGhvcml6YXRpb24ub2F1dGgyIiwiYWNjZXNzVG9rZW5VcmkiOiJodHRwczovL2Nsb3Vkc3NvLXRlc3QuY2lzY28uY29tL2FzL3Rva2VuLm9hdXRoMiIsImdyYW50VHlwZXMiOlt7Im5hbWUiOiJwYXNzd29yZCIsImxhYmVsIjoiUmVzb3VyY2UgT3duZXIgR3JhbnQiLCJyZXF1aXJlZCI6ZmFsc2UsImV4Y2x1ZGUiOltdLCJkZXBlbmRzIjpbXX0seyJuYW1lIjoiaW1wbGljaXQiLCJsYWJlbCI6IkltcGxpY2l0IEdyYW50IiwicmVxdWlyZWQiOmZhbHNlLCJleGNsdWRlIjpbXSwiZGVwZW5kcyI6W119LHsibmFtZSI6ImNsaWVudF9jcmVkZW50aWFscyIsImxhYmVsIjoiQ2xpZW50IENyZWRlbnRpYWxzIEdyYW50IiwicmVxdWlyZWQiOmZhbHNlLCJleGNsdWRlIjpbXSwiZGVwZW5kcyI6W119LHsibmFtZSI6ImF1dGhvcml6YXRpb25fY29kZSIsImxhYmVsIjoiQXV0aG9yaXphdGlvbiBDb2RlIEdyYW50IiwicmVxdWlyZWQiOmZhbHNlLCJleGNsdWRlIjpbXSwiZGVwZW5kcyI6W119LHsibmFtZSI6InJlZnJlc2hfdG9rZW4iLCJsYWJlbCI6IlJlZnJlc2ggVG9rZW4iLCJyZXF1aXJlZCI6ZmFsc2UsImV4Y2x1ZGUiOltdLCJkZXBlbmRzIjpbImF1dGhvcml6YXRpb25fY29kZSIsInBhc3N3b3JkIl19XX19LCJpbnRlcmFjdGl2ZUxvZ2luIjp0cnVlLCJ0b2tlbiI6ImEyYzg0ODE1LThjYjgtNGE3Ni1iNmU0LTg4MGM3ZTc2MGNlYiIsImlhdCI6MTQ4NjU4Njc4OCwiYXVkIjoiaHR0cDovL2FwaS1wbGF0Zm9ybS1hcGkvcmVwb3NpdG9yeSIsImlzcyI6Imh0dHA6Ly9hcGktcGxhdGZvcm0tYXBpL3JlcG9zaXRvcnkifQ.YOsto-KJMgjQZxFXe6FFipYd8TIh4P1HIlJ5Tg6a9Ps
				Accept=*/*
				Content-Type=text/plain; charset=UTF-8
Cookies:		&lt;none&gt;
Body:			&lt;none&gt;
Request method:	DELETE
Request path:	https://qax.anypoint.mulesoft.com/apiplatform/repository/v2/organizations/5000db95-c5d4-487f-925e-3f82f15a5499/apis/2053/versions/2161/contracts/30197
Proxy:			&lt;none&gt;
Request params:	&lt;none&gt;
Query params:	&lt;none&gt;
Form params:	&lt;none&gt;
Path params:	&lt;none&gt;
Multiparts:		&lt;none&gt;
Headers:		Authorization=Bearer eyJ0eXAiOiJKV1QiLCJhbGciOiJIUzI1NiJ9.eyJpZCI6IjUwMDAzN2NkLTJjZmQtNGRhNC1iZWQ3LTU3Mzg0ZGViMDYyYiIsImZpcnN0TmFtZSI6IkZlZGVyYXRlZCIsImxhc3ROYW1lIjoiRXh0ZXJuYWwiLCJlbWFpbCI6ImNocmlzdG9waGVyLm1vcmR1ZUBtdWxlc29mdC5jb20iLCJ1c2VybmFtZSI6ImZlZGVyYXRlZF9leHRlcm5hbCIsIm9yZ2FuaXphdGlvbiI6eyJpZCI6IjUwMDBkYjk1LWM1ZDQtNDg3Zi05MjVlLTNmODJmMTVhNTQ5OSIsIm5hbWUiOiJGZWRlcmF0ZWQgSW5jIEV4dGVybmFsIEF1dGhvcml6YXRpb24iLCJkb21haW4iOiJmZWRlcmF0ZWQtZXh0ZXJuYWwiLCJlbnRpdGxlbWVudHMiOnsiaHlicmlkIjp7ImVuYWJsZWQiOmZhbHNlfSwiY3JlYXRlU3ViT3JncyI6dHJ1ZSwidkNvcmVzUHJvZHVjdGlvbiI6eyJhc3NpZ25lZCI6MSwicmVhc3NpZ25lZCI6MH0sInZDb3Jlc1NhbmRib3giOnsiYXNzaWduZWQiOjEsInJlYXNzaWduZWQiOjB9LCJnbG9iYWxEZXBsb3ltZW50IjpmYWxzZSwid29ya2VyTG9nZ2luZ092ZXJyaWRlIjp7ImVuYWJsZWQiOmZhbHNlfSwiZ2F0ZXdheXMiOnsiYXNzaWduZWQiOjB9LCJjcmVhdGVFbnZpcm9ubWVudHMiOnRydWUsInBhcnRuZXJzUHJvZHVjdGlvbiI6eyJhc3NpZ25lZCI6MH0sInBhcnRuZXJzU2FuZGJveCI6eyJhc3NpZ25lZCI6MH0sImF1dG9zY2FsaW5nIjpmYWxzZSwic3RhdGljSXBzIjp7ImFzc2lnbmVkIjowLCJyZWFzc2lnbmVkIjowfSwiYXJtQWxlcnRzIjpmYWxzZSwiYXBpcyI6eyJlbmFibGVkIjp0cnVlfSwibXFNZXNzYWdlcyI6eyJiYXNlIjowLCJhZGRPbiI6MH0sIm1xUmVxdWVzdHMiOnsiYmFzZSI6MCwiYWRkT24iOjB9LCJleHRlcm5hbElkZW50aXR5Ijp0cnVlLCJtcUFkdmFuY2VkRmVhdHVyZXMiOnsiZW5hYmxlZCI6ZmFsc2V9LCJ2cGNzIjp7ImFzc2lnbmVkIjowLCJyZWFzc2lnbmVkIjowfSwiaHlicmlkSW5zaWdodCI6ZmFsc2UsImRlc2lnbkNlbnRlciI6eyJtb3phcnQiOmZhbHNlLCJhcGkiOmZhbHNlfSwib2JqZWN0U3RvcmVSZXF1ZXN0VW5pdHMiOnsiYmFzZSI6MTUwMDAwMDAsImFkZE9uIjowfSwib2JqZWN0U3RvcmVLZXlzIjp7ImJhc2UiOjEwMDAwMCwiYWRkT24iOjB9LCJjYW0iOnsiZW5hYmxlZCI6ZmFsc2V9LCJsb2FkQmFsYW5jZXIiOnsiYXNzaWduZWQiOjAsInJlYXNzaWduZWQiOjB9LCJtZXNzYWdpbmciOnsiYXNzaWduZWQiOjB9fSwiZXh0ZXJuYWxBdXRob3JpemF0aW9uIjp0cnVlLCJleHRlcm5hbEF1dGhvcml6YXRpb25Qcm92aWRlciI6eyJuYW1lIjoiUG9ydGFsIEFwcGxpY2F0aW9uIE1hbmFnZW1lbnQgU3lzdGVtIChQQU1TKSIsInVybCI6Imh0dHBzOi8vd3NneC10ZXN0LmNpc2NvLmNvbS9wYW1zL2x0L2NlcG1TZXJ2aWNlL3YxLjUvbWdyc3J2cyIsInZlcnNpb24iOiIxLjUifSwiaWRlbnRpdHlNYW5hZ2VtZW50Ijp7InR5cGUiOiJQaW5nRmVkZXJhdGUifSwib2F1dGgyU2V0dGluZ3MiOnsiYXV0aG9yaXphdGlvbkdyYW50cyI6WyJjb2RlIiwidG9rZW4iLCJvd25lciIsImNyZWRlbnRpYWxzIl0sImF1dGhvcml6YXRpb25VcmkiOiJodHRwczovL2Nsb3Vkc3NvLXRlc3QuY2lzY28uY29tL2FzL2F1dGhvcml6YXRpb24ub2F1dGgyIiwiYWNjZXNzVG9rZW5VcmkiOiJodHRwczovL2Nsb3Vkc3NvLXRlc3QuY2lzY28uY29tL2FzL3Rva2VuLm9hdXRoMiIsImdyYW50VHlwZXMiOlt7Im5hbWUiOiJwYXNzd29yZCIsImxhYmVsIjoiUmVzb3VyY2UgT3duZXIgR3JhbnQiLCJyZXF1aXJlZCI6ZmFsc2UsImV4Y2x1ZGUiOltdLCJkZXBlbmRzIjpbXX0seyJuYW1lIjoiaW1wbGljaXQiLCJsYWJlbCI6IkltcGxpY2l0IEdyYW50IiwicmVxdWlyZWQiOmZhbHNlLCJleGNsdWRlIjpbXSwiZGVwZW5kcyI6W119LHsibmFtZSI6ImNsaWVudF9jcmVkZW50aWFscyIsImxhYmVsIjoiQ2xpZW50IENyZWRlbnRpYWxzIEdyYW50IiwicmVxdWlyZWQiOmZhbHNlLCJleGNsdWRlIjpbXSwiZGVwZW5kcyI6W119LHsibmFtZSI6ImF1dGhvcml6YXRpb25fY29kZSIsImxhYmVsIjoiQXV0aG9yaXphdGlvbiBDb2RlIEdyYW50IiwicmVxdWlyZWQiOmZhbHNlLCJleGNsdWRlIjpbXSwiZGVwZW5kcyI6W119LHsibmFtZSI6InJlZnJlc2hfdG9rZW4iLCJsYWJlbCI6IlJlZnJlc2ggVG9rZW4iLCJyZXF1aXJlZCI6ZmFsc2UsImV4Y2x1ZGUiOltdLCJkZXBlbmRzIjpbImF1dGhvcml6YXRpb25fY29kZSIsInBhc3N3b3JkIl19XX19LCJpbnRlcmFjdGl2ZUxvZ2luIjp0cnVlLCJ0b2tlbiI6ImEyYzg0ODE1LThjYjgtNGE3Ni1iNmU0LTg4MGM3ZTc2MGNlYiIsImlhdCI6MTQ4NjU4Njc4OCwiYXVkIjoiaHR0cDovL2FwaS1wbGF0Zm9ybS1hcGkvcmVwb3NpdG9yeSIsImlzcyI6Imh0dHA6Ly9hcGktcGxhdGZvcm0tYXBpL3JlcG9zaXRvcnkifQ.YOsto-KJMgjQZxFXe6FFipYd8TIh4P1HIlJ5Tg6a9Ps
				Accept=*/*
				Content-Type=text/plain; charset=UTF-8
Cookies:		&lt;none&gt;
Body:			&lt;none&gt;
Request method:	DELETE
Request path:	https://qax.anypoint.mulesoft.com/apiplatform/repository/v2/organizations/5000db95-c5d4-487f-925e-3f82f15a5499/apis/2053/versions/2161/contracts/30209
Proxy:			&lt;none&gt;
Request params:	&lt;none&gt;
Query params:	&lt;none&gt;
Form params:	&lt;none&gt;
Path params:	&lt;none&gt;
Multiparts:		&lt;none&gt;
Headers:		Authorization=Bearer eyJ0eXAiOiJKV1QiLCJhbGciOiJIUzI1NiJ9.eyJpZCI6IjUwMDAzN2NkLTJjZmQtNGRhNC1iZWQ3LTU3Mzg0ZGViMDYyYiIsImZpcnN0TmFtZSI6IkZlZGVyYXRlZCIsImxhc3ROYW1lIjoiRXh0ZXJuYWwiLCJlbWFpbCI6ImNocmlzdG9waGVyLm1vcmR1ZUBtdWxlc29mdC5jb20iLCJ1c2VybmFtZSI6ImZlZGVyYXRlZF9leHRlcm5hbCIsIm9yZ2FuaXphdGlvbiI6eyJpZCI6IjUwMDBkYjk1LWM1ZDQtNDg3Zi05MjVlLTNmODJmMTVhNTQ5OSIsIm5hbWUiOiJGZWRlcmF0ZWQgSW5jIEV4dGVybmFsIEF1dGhvcml6YXRpb24iLCJkb21haW4iOiJmZWRlcmF0ZWQtZXh0ZXJuYWwiLCJlbnRpdGxlbWVudHMiOnsiaHlicmlkIjp7ImVuYWJsZWQiOmZhbHNlfSwiY3JlYXRlU3ViT3JncyI6dHJ1ZSwidkNvcmVzUHJvZHVjdGlvbiI6eyJhc3NpZ25lZCI6MSwicmVhc3NpZ25lZCI6MH0sInZDb3Jlc1NhbmRib3giOnsiYXNzaWduZWQiOjEsInJlYXNzaWduZWQiOjB9LCJnbG9iYWxEZXBsb3ltZW50IjpmYWxzZSwid29ya2VyTG9nZ2luZ092ZXJyaWRlIjp7ImVuYWJsZWQiOmZhbHNlfSwiZ2F0ZXdheXMiOnsiYXNzaWduZWQiOjB9LCJjcmVhdGVFbnZpcm9ubWVudHMiOnRydWUsInBhcnRuZXJzUHJvZHVjdGlvbiI6eyJhc3NpZ25lZCI6MH0sInBhcnRuZXJzU2FuZGJveCI6eyJhc3NpZ25lZCI6MH0sImF1dG9zY2FsaW5nIjpmYWxzZSwic3RhdGljSXBzIjp7ImFzc2lnbmVkIjowLCJyZWFzc2lnbmVkIjowfSwiYXJtQWxlcnRzIjpmYWxzZSwiYXBpcyI6eyJlbmFibGVkIjp0cnVlfSwibXFNZXNzYWdlcyI6eyJiYXNlIjowLCJhZGRPbiI6MH0sIm1xUmVxdWVzdHMiOnsiYmFzZSI6MCwiYWRkT24iOjB9LCJleHRlcm5hbElkZW50aXR5Ijp0cnVlLCJtcUFkdmFuY2VkRmVhdHVyZXMiOnsiZW5hYmxlZCI6ZmFsc2V9LCJ2cGNzIjp7ImFzc2lnbmVkIjowLCJyZWFzc2lnbmVkIjowfSwiaHlicmlkSW5zaWdodCI6ZmFsc2UsImRlc2lnbkNlbnRlciI6eyJtb3phcnQiOmZhbHNlLCJhcGkiOmZhbHNlfSwib2JqZWN0U3RvcmVSZXF1ZXN0VW5pdHMiOnsiYmFzZSI6MTUwMDAwMDAsImFkZE9uIjowfSwib2JqZWN0U3RvcmVLZXlzIjp7ImJhc2UiOjEwMDAwMCwiYWRkT24iOjB9LCJjYW0iOnsiZW5hYmxlZCI6ZmFsc2V9LCJsb2FkQmFsYW5jZXIiOnsiYXNzaWduZWQiOjAsInJlYXNzaWduZWQiOjB9LCJtZXNzYWdpbmciOnsiYXNzaWduZWQiOjB9fSwiZXh0ZXJuYWxBdXRob3JpemF0aW9uIjp0cnVlLCJleHRlcm5hbEF1dGhvcml6YXRpb25Qcm92aWRlciI6eyJuYW1lIjoiUG9ydGFsIEFwcGxpY2F0aW9uIE1hbmFnZW1lbnQgU3lzdGVtIChQQU1TKSIsInVybCI6Imh0dHBzOi8vd3NneC10ZXN0LmNpc2NvLmNvbS9wYW1zL2x0L2NlcG1TZXJ2aWNlL3YxLjUvbWdyc3J2cyIsInZlcnNpb24iOiIxLjUifSwiaWRlbnRpdHlNYW5hZ2VtZW50Ijp7InR5cGUiOiJQaW5nRmVkZXJhdGUifSwib2F1dGgyU2V0dGluZ3MiOnsiYXV0aG9yaXphdGlvbkdyYW50cyI6WyJjb2RlIiwidG9rZW4iLCJvd25lciIsImNyZWRlbnRpYWxzIl0sImF1dGhvcml6YXRpb25VcmkiOiJodHRwczovL2Nsb3Vkc3NvLXRlc3QuY2lzY28uY29tL2FzL2F1dGhvcml6YXRpb24ub2F1dGgyIiwiYWNjZXNzVG9rZW5VcmkiOiJodHRwczovL2Nsb3Vkc3NvLXRlc3QuY2lzY28uY29tL2FzL3Rva2VuLm9hdXRoMiIsImdyYW50VHlwZXMiOlt7Im5hbWUiOiJwYXNzd29yZCIsImxhYmVsIjoiUmVzb3VyY2UgT3duZXIgR3JhbnQiLCJyZXF1aXJlZCI6ZmFsc2UsImV4Y2x1ZGUiOltdLCJkZXBlbmRzIjpbXX0seyJuYW1lIjoiaW1wbGljaXQiLCJsYWJlbCI6IkltcGxpY2l0IEdyYW50IiwicmVxdWlyZWQiOmZhbHNlLCJleGNsdWRlIjpbXSwiZGVwZW5kcyI6W119LHsibmFtZSI6ImNsaWVudF9jcmVkZW50aWFscyIsImxhYmVsIjoiQ2xpZW50IENyZWRlbnRpYWxzIEdyYW50IiwicmVxdWlyZWQiOmZhbHNlLCJleGNsdWRlIjpbXSwiZGVwZW5kcyI6W119LHsibmFtZSI6ImF1dGhvcml6YXRpb25fY29kZSIsImxhYmVsIjoiQXV0aG9yaXphdGlvbiBDb2RlIEdyYW50IiwicmVxdWlyZWQiOmZhbHNlLCJleGNsdWRlIjpbXSwiZGVwZW5kcyI6W119LHsibmFtZSI6InJlZnJlc2hfdG9rZW4iLCJsYWJlbCI6IlJlZnJlc2ggVG9rZW4iLCJyZXF1aXJlZCI6ZmFsc2UsImV4Y2x1ZGUiOltdLCJkZXBlbmRzIjpbImF1dGhvcml6YXRpb25fY29kZSIsInBhc3N3b3JkIl19XX19LCJpbnRlcmFjdGl2ZUxvZ2luIjp0cnVlLCJ0b2tlbiI6ImEyYzg0ODE1LThjYjgtNGE3Ni1iNmU0LTg4MGM3ZTc2MGNlYiIsImlhdCI6MTQ4NjU4Njc4OCwiYXVkIjoiaHR0cDovL2FwaS1wbGF0Zm9ybS1hcGkvcmVwb3NpdG9yeSIsImlzcyI6Imh0dHA6Ly9hcGktcGxhdGZvcm0tYXBpL3JlcG9zaXRvcnkifQ.YOsto-KJMgjQZxFXe6FFipYd8TIh4P1HIlJ5Tg6a9Ps
				Accept=*/*
				Content-Type=text/plain; charset=UTF-8
Cookies:		&lt;none&gt;
Body:			&lt;none&gt;
Request method:	DELETE
Request path:	https://qax.anypoint.mulesoft.com/apiplatform/repository/v2/organizations/5000db95-c5d4-487f-925e-3f82f15a5499/apis/2053/versions/2161/contracts/30200
Proxy:			&lt;none&gt;
Request params:	&lt;none&gt;
Query params:	&lt;none&gt;
Form params:	&lt;none&gt;
Path params:	&lt;none&gt;
Multiparts:		&lt;none&gt;
Headers:		Authorization=Bearer eyJ0eXAiOiJKV1QiLCJhbGciOiJIUzI1NiJ9.eyJpZCI6IjUwMDAzN2NkLTJjZmQtNGRhNC1iZWQ3LTU3Mzg0ZGViMDYyYiIsImZpcnN0TmFtZSI6IkZlZGVyYXRlZCIsImxhc3ROYW1lIjoiRXh0ZXJuYWwiLCJlbWFpbCI6ImNocmlzdG9waGVyLm1vcmR1ZUBtdWxlc29mdC5jb20iLCJ1c2VybmFtZSI6ImZlZGVyYXRlZF9leHRlcm5hbCIsIm9yZ2FuaXphdGlvbiI6eyJpZCI6IjUwMDBkYjk1LWM1ZDQtNDg3Zi05MjVlLTNmODJmMTVhNTQ5OSIsIm5hbWUiOiJGZWRlcmF0ZWQgSW5jIEV4dGVybmFsIEF1dGhvcml6YXRpb24iLCJkb21haW4iOiJmZWRlcmF0ZWQtZXh0ZXJuYWwiLCJlbnRpdGxlbWVudHMiOnsiaHlicmlkIjp7ImVuYWJsZWQiOmZhbHNlfSwiY3JlYXRlU3ViT3JncyI6dHJ1ZSwidkNvcmVzUHJvZHVjdGlvbiI6eyJhc3NpZ25lZCI6MSwicmVhc3NpZ25lZCI6MH0sInZDb3Jlc1NhbmRib3giOnsiYXNzaWduZWQiOjEsInJlYXNzaWduZWQiOjB9LCJnbG9iYWxEZXBsb3ltZW50IjpmYWxzZSwid29ya2VyTG9nZ2luZ092ZXJyaWRlIjp7ImVuYWJsZWQiOmZhbHNlfSwiZ2F0ZXdheXMiOnsiYXNzaWduZWQiOjB9LCJjcmVhdGVFbnZpcm9ubWVudHMiOnRydWUsInBhcnRuZXJzUHJvZHVjdGlvbiI6eyJhc3NpZ25lZCI6MH0sInBhcnRuZXJzU2FuZGJveCI6eyJhc3NpZ25lZCI6MH0sImF1dG9zY2FsaW5nIjpmYWxzZSwic3RhdGljSXBzIjp7ImFzc2lnbmVkIjowLCJyZWFzc2lnbmVkIjowfSwiYXJtQWxlcnRzIjpmYWxzZSwiYXBpcyI6eyJlbmFibGVkIjp0cnVlfSwibXFNZXNzYWdlcyI6eyJiYXNlIjowLCJhZGRPbiI6MH0sIm1xUmVxdWVzdHMiOnsiYmFzZSI6MCwiYWRkT24iOjB9LCJleHRlcm5hbElkZW50aXR5Ijp0cnVlLCJtcUFkdmFuY2VkRmVhdHVyZXMiOnsiZW5hYmxlZCI6ZmFsc2V9LCJ2cGNzIjp7ImFzc2lnbmVkIjowLCJyZWFzc2lnbmVkIjowfSwiaHlicmlkSW5zaWdodCI6ZmFsc2UsImRlc2lnbkNlbnRlciI6eyJtb3phcnQiOmZhbHNlLCJhcGkiOmZhbHNlfSwib2JqZWN0U3RvcmVSZXF1ZXN0VW5pdHMiOnsiYmFzZSI6MTUwMDAwMDAsImFkZE9uIjowfSwib2JqZWN0U3RvcmVLZXlzIjp7ImJhc2UiOjEwMDAwMCwiYWRkT24iOjB9LCJjYW0iOnsiZW5hYmxlZCI6ZmFsc2V9LCJsb2FkQmFsYW5jZXIiOnsiYXNzaWduZWQiOjAsInJlYXNzaWduZWQiOjB9LCJtZXNzYWdpbmciOnsiYXNzaWduZWQiOjB9fSwiZXh0ZXJuYWxBdXRob3JpemF0aW9uIjp0cnVlLCJleHRlcm5hbEF1dGhvcml6YXRpb25Qcm92aWRlciI6eyJuYW1lIjoiUG9ydGFsIEFwcGxpY2F0aW9uIE1hbmFnZW1lbnQgU3lzdGVtIChQQU1TKSIsInVybCI6Imh0dHBzOi8vd3NneC10ZXN0LmNpc2NvLmNvbS9wYW1zL2x0L2NlcG1TZXJ2aWNlL3YxLjUvbWdyc3J2cyIsInZlcnNpb24iOiIxLjUifSwiaWRlbnRpdHlNYW5hZ2VtZW50Ijp7InR5cGUiOiJQaW5nRmVkZXJhdGUifSwib2F1dGgyU2V0dGluZ3MiOnsiYXV0aG9yaXphdGlvbkdyYW50cyI6WyJjb2RlIiwidG9rZW4iLCJvd25lciIsImNyZWRlbnRpYWxzIl0sImF1dGhvcml6YXRpb25VcmkiOiJodHRwczovL2Nsb3Vkc3NvLXRlc3QuY2lzY28uY29tL2FzL2F1dGhvcml6YXRpb24ub2F1dGgyIiwiYWNjZXNzVG9rZW5VcmkiOiJodHRwczovL2Nsb3Vkc3NvLXRlc3QuY2lzY28uY29tL2FzL3Rva2VuLm9hdXRoMiIsImdyYW50VHlwZXMiOlt7Im5hbWUiOiJwYXNzd29yZCIsImxhYmVsIjoiUmVzb3VyY2UgT3duZXIgR3JhbnQiLCJyZXF1aXJlZCI6ZmFsc2UsImV4Y2x1ZGUiOltdLCJkZXBlbmRzIjpbXX0seyJuYW1lIjoiaW1wbGljaXQiLCJsYWJlbCI6IkltcGxpY2l0IEdyYW50IiwicmVxdWlyZWQiOmZhbHNlLCJleGNsdWRlIjpbXSwiZGVwZW5kcyI6W119LHsibmFtZSI6ImNsaWVudF9jcmVkZW50aWFscyIsImxhYmVsIjoiQ2xpZW50IENyZWRlbnRpYWxzIEdyYW50IiwicmVxdWlyZWQiOmZhbHNlLCJleGNsdWRlIjpbXSwiZGVwZW5kcyI6W119LHsibmFtZSI6ImF1dGhvcml6YXRpb25fY29kZSIsImxhYmVsIjoiQXV0aG9yaXphdGlvbiBDb2RlIEdyYW50IiwicmVxdWlyZWQiOmZhbHNlLCJleGNsdWRlIjpbXSwiZGVwZW5kcyI6W119LHsibmFtZSI6InJlZnJlc2hfdG9rZW4iLCJsYWJlbCI6IlJlZnJlc2ggVG9rZW4iLCJyZXF1aXJlZCI6ZmFsc2UsImV4Y2x1ZGUiOltdLCJkZXBlbmRzIjpbImF1dGhvcml6YXRpb25fY29kZSIsInBhc3N3b3JkIl19XX19LCJpbnRlcmFjdGl2ZUxvZ2luIjp0cnVlLCJ0b2tlbiI6ImEyYzg0ODE1LThjYjgtNGE3Ni1iNmU0LTg4MGM3ZTc2MGNlYiIsImlhdCI6MTQ4NjU4Njc4OCwiYXVkIjoiaHR0cDovL2FwaS1wbGF0Zm9ybS1hcGkvcmVwb3NpdG9yeSIsImlzcyI6Imh0dHA6Ly9hcGktcGxhdGZvcm0tYXBpL3JlcG9zaXRvcnkifQ.YOsto-KJMgjQZxFXe6FFipYd8TIh4P1HIlJ5Tg6a9Ps
				Accept=*/*
				Content-Type=text/plain; charset=UTF-8
Cookies:		&lt;none&gt;
Body:			&lt;none&gt;
Request method:	DELETE
Request path:	https://qax.anypoint.mulesoft.com/apiplatform/repository/v2/organizations/5000db95-c5d4-487f-925e-3f82f15a5499/apis/2053/versions/2161/contracts/30274
Proxy:			&lt;none&gt;
Request params:	&lt;none&gt;
Query params:	&lt;none&gt;
Form params:	&lt;none&gt;
Path params:	&lt;none&gt;
Multiparts:		&lt;none&gt;
Headers:		Authorization=Bearer eyJ0eXAiOiJKV1QiLCJhbGciOiJIUzI1NiJ9.eyJpZCI6IjUwMDAzN2NkLTJjZmQtNGRhNC1iZWQ3LTU3Mzg0ZGViMDYyYiIsImZpcnN0TmFtZSI6IkZlZGVyYXRlZCIsImxhc3ROYW1lIjoiRXh0ZXJuYWwiLCJlbWFpbCI6ImNocmlzdG9waGVyLm1vcmR1ZUBtdWxlc29mdC5jb20iLCJ1c2VybmFtZSI6ImZlZGVyYXRlZF9leHRlcm5hbCIsIm9yZ2FuaXphdGlvbiI6eyJpZCI6IjUwMDBkYjk1LWM1ZDQtNDg3Zi05MjVlLTNmODJmMTVhNTQ5OSIsIm5hbWUiOiJGZWRlcmF0ZWQgSW5jIEV4dGVybmFsIEF1dGhvcml6YXRpb24iLCJkb21haW4iOiJmZWRlcmF0ZWQtZXh0ZXJuYWwiLCJlbnRpdGxlbWVudHMiOnsiaHlicmlkIjp7ImVuYWJsZWQiOmZhbHNlfSwiY3JlYXRlU3ViT3JncyI6dHJ1ZSwidkNvcmVzUHJvZHVjdGlvbiI6eyJhc3NpZ25lZCI6MSwicmVhc3NpZ25lZCI6MH0sInZDb3Jlc1NhbmRib3giOnsiYXNzaWduZWQiOjEsInJlYXNzaWduZWQiOjB9LCJnbG9iYWxEZXBsb3ltZW50IjpmYWxzZSwid29ya2VyTG9nZ2luZ092ZXJyaWRlIjp7ImVuYWJsZWQiOmZhbHNlfSwiZ2F0ZXdheXMiOnsiYXNzaWduZWQiOjB9LCJjcmVhdGVFbnZpcm9ubWVudHMiOnRydWUsInBhcnRuZXJzUHJvZHVjdGlvbiI6eyJhc3NpZ25lZCI6MH0sInBhcnRuZXJzU2FuZGJveCI6eyJhc3NpZ25lZCI6MH0sImF1dG9zY2FsaW5nIjpmYWxzZSwic3RhdGljSXBzIjp7ImFzc2lnbmVkIjowLCJyZWFzc2lnbmVkIjowfSwiYXJtQWxlcnRzIjpmYWxzZSwiYXBpcyI6eyJlbmFibGVkIjp0cnVlfSwibXFNZXNzYWdlcyI6eyJiYXNlIjowLCJhZGRPbiI6MH0sIm1xUmVxdWVzdHMiOnsiYmFzZSI6MCwiYWRkT24iOjB9LCJleHRlcm5hbElkZW50aXR5Ijp0cnVlLCJtcUFkdmFuY2VkRmVhdHVyZXMiOnsiZW5hYmxlZCI6ZmFsc2V9LCJ2cGNzIjp7ImFzc2lnbmVkIjowLCJyZWFzc2lnbmVkIjowfSwiaHlicmlkSW5zaWdodCI6ZmFsc2UsImRlc2lnbkNlbnRlciI6eyJtb3phcnQiOmZhbHNlLCJhcGkiOmZhbHNlfSwib2JqZWN0U3RvcmVSZXF1ZXN0VW5pdHMiOnsiYmFzZSI6MTUwMDAwMDAsImFkZE9uIjowfSwib2JqZWN0U3RvcmVLZXlzIjp7ImJhc2UiOjEwMDAwMCwiYWRkT24iOjB9LCJjYW0iOnsiZW5hYmxlZCI6ZmFsc2V9LCJsb2FkQmFsYW5jZXIiOnsiYXNzaWduZWQiOjAsInJlYXNzaWduZWQiOjB9LCJtZXNzYWdpbmciOnsiYXNzaWduZWQiOjB9fSwiZXh0ZXJuYWxBdXRob3JpemF0aW9uIjp0cnVlLCJleHRlcm5hbEF1dGhvcml6YXRpb25Qcm92aWRlciI6eyJuYW1lIjoiUG9ydGFsIEFwcGxpY2F0aW9uIE1hbmFnZW1lbnQgU3lzdGVtIChQQU1TKSIsInVybCI6Imh0dHBzOi8vd3NneC10ZXN0LmNpc2NvLmNvbS9wYW1zL2x0L2NlcG1TZXJ2aWNlL3YxLjUvbWdyc3J2cyIsInZlcnNpb24iOiIxLjUifSwiaWRlbnRpdHlNYW5hZ2VtZW50Ijp7InR5cGUiOiJQaW5nRmVkZXJhdGUifSwib2F1dGgyU2V0dGluZ3MiOnsiYXV0aG9yaXphdGlvbkdyYW50cyI6WyJjb2RlIiwidG9rZW4iLCJvd25lciIsImNyZWRlbnRpYWxzIl0sImF1dGhvcml6YXRpb25VcmkiOiJodHRwczovL2Nsb3Vkc3NvLXRlc3QuY2lzY28uY29tL2FzL2F1dGhvcml6YXRpb24ub2F1dGgyIiwiYWNjZXNzVG9rZW5VcmkiOiJodHRwczovL2Nsb3Vkc3NvLXRlc3QuY2lzY28uY29tL2FzL3Rva2VuLm9hdXRoMiIsImdyYW50VHlwZXMiOlt7Im5hbWUiOiJwYXNzd29yZCIsImxhYmVsIjoiUmVzb3VyY2UgT3duZXIgR3JhbnQiLCJyZXF1aXJlZCI6ZmFsc2UsImV4Y2x1ZGUiOltdLCJkZXBlbmRzIjpbXX0seyJuYW1lIjoiaW1wbGljaXQiLCJsYWJlbCI6IkltcGxpY2l0IEdyYW50IiwicmVxdWlyZWQiOmZhbHNlLCJleGNsdWRlIjpbXSwiZGVwZW5kcyI6W119LHsibmFtZSI6ImNsaWVudF9jcmVkZW50aWFscyIsImxhYmVsIjoiQ2xpZW50IENyZWRlbnRpYWxzIEdyYW50IiwicmVxdWlyZWQiOmZhbHNlLCJleGNsdWRlIjpbXSwiZGVwZW5kcyI6W119LHsibmFtZSI6ImF1dGhvcml6YXRpb25fY29kZSIsImxhYmVsIjoiQXV0aG9yaXphdGlvbiBDb2RlIEdyYW50IiwicmVxdWlyZWQiOmZhbHNlLCJleGNsdWRlIjpbXSwiZGVwZW5kcyI6W119LHsibmFtZSI6InJlZnJlc2hfdG9rZW4iLCJsYWJlbCI6IlJlZnJlc2ggVG9rZW4iLCJyZXF1aXJlZCI6ZmFsc2UsImV4Y2x1ZGUiOltdLCJkZXBlbmRzIjpbImF1dGhvcml6YXRpb25fY29kZSIsInBhc3N3b3JkIl19XX19LCJpbnRlcmFjdGl2ZUxvZ2luIjp0cnVlLCJ0b2tlbiI6ImEyYzg0ODE1LThjYjgtNGE3Ni1iNmU0LTg4MGM3ZTc2MGNlYiIsImlhdCI6MTQ4NjU4Njc4OCwiYXVkIjoiaHR0cDovL2FwaS1wbGF0Zm9ybS1hcGkvcmVwb3NpdG9yeSIsImlzcyI6Imh0dHA6Ly9hcGktcGxhdGZvcm0tYXBpL3JlcG9zaXRvcnkifQ.YOsto-KJMgjQZxFXe6FFipYd8TIh4P1HIlJ5Tg6a9Ps
				Accept=*/*
				Content-Type=text/plain; charset=UTF-8
Cookies:		&lt;none&gt;
Body:			&lt;none&gt;
Request method:	DELETE
Request path:	https://qax.anypoint.mulesoft.com/apiplatform/repository/v2/organizations/5000db95-c5d4-487f-925e-3f82f15a5499/apis/2053/versions/2161/contracts/30272
Proxy:			&lt;none&gt;
Request params:	&lt;none&gt;
Query params:	&lt;none&gt;
Form params:	&lt;none&gt;
Path params:	&lt;none&gt;
Multiparts:		&lt;none&gt;
Headers:		Authorization=Bearer eyJ0eXAiOiJKV1QiLCJhbGciOiJIUzI1NiJ9.eyJpZCI6IjUwMDAzN2NkLTJjZmQtNGRhNC1iZWQ3LTU3Mzg0ZGViMDYyYiIsImZpcnN0TmFtZSI6IkZlZGVyYXRlZCIsImxhc3ROYW1lIjoiRXh0ZXJuYWwiLCJlbWFpbCI6ImNocmlzdG9waGVyLm1vcmR1ZUBtdWxlc29mdC5jb20iLCJ1c2VybmFtZSI6ImZlZGVyYXRlZF9leHRlcm5hbCIsIm9yZ2FuaXphdGlvbiI6eyJpZCI6IjUwMDBkYjk1LWM1ZDQtNDg3Zi05MjVlLTNmODJmMTVhNTQ5OSIsIm5hbWUiOiJGZWRlcmF0ZWQgSW5jIEV4dGVybmFsIEF1dGhvcml6YXRpb24iLCJkb21haW4iOiJmZWRlcmF0ZWQtZXh0ZXJuYWwiLCJlbnRpdGxlbWVudHMiOnsiaHlicmlkIjp7ImVuYWJsZWQiOmZhbHNlfSwiY3JlYXRlU3ViT3JncyI6dHJ1ZSwidkNvcmVzUHJvZHVjdGlvbiI6eyJhc3NpZ25lZCI6MSwicmVhc3NpZ25lZCI6MH0sInZDb3Jlc1NhbmRib3giOnsiYXNzaWduZWQiOjEsInJlYXNzaWduZWQiOjB9LCJnbG9iYWxEZXBsb3ltZW50IjpmYWxzZSwid29ya2VyTG9nZ2luZ092ZXJyaWRlIjp7ImVuYWJsZWQiOmZhbHNlfSwiZ2F0ZXdheXMiOnsiYXNzaWduZWQiOjB9LCJjcmVhdGVFbnZpcm9ubWVudHMiOnRydWUsInBhcnRuZXJzUHJvZHVjdGlvbiI6eyJhc3NpZ25lZCI6MH0sInBhcnRuZXJzU2FuZGJveCI6eyJhc3NpZ25lZCI6MH0sImF1dG9zY2FsaW5nIjpmYWxzZSwic3RhdGljSXBzIjp7ImFzc2lnbmVkIjowLCJyZWFzc2lnbmVkIjowfSwiYXJtQWxlcnRzIjpmYWxzZSwiYXBpcyI6eyJlbmFibGVkIjp0cnVlfSwibXFNZXNzYWdlcyI6eyJiYXNlIjowLCJhZGRPbiI6MH0sIm1xUmVxdWVzdHMiOnsiYmFzZSI6MCwiYWRkT24iOjB9LCJleHRlcm5hbElkZW50aXR5Ijp0cnVlLCJtcUFkdmFuY2VkRmVhdHVyZXMiOnsiZW5hYmxlZCI6ZmFsc2V9LCJ2cGNzIjp7ImFzc2lnbmVkIjowLCJyZWFzc2lnbmVkIjowfSwiaHlicmlkSW5zaWdodCI6ZmFsc2UsImRlc2lnbkNlbnRlciI6eyJtb3phcnQiOmZhbHNlLCJhcGkiOmZhbHNlfSwib2JqZWN0U3RvcmVSZXF1ZXN0VW5pdHMiOnsiYmFzZSI6MTUwMDAwMDAsImFkZE9uIjowfSwib2JqZWN0U3RvcmVLZXlzIjp7ImJhc2UiOjEwMDAwMCwiYWRkT24iOjB9LCJjYW0iOnsiZW5hYmxlZCI6ZmFsc2V9LCJsb2FkQmFsYW5jZXIiOnsiYXNzaWduZWQiOjAsInJlYXNzaWduZWQiOjB9LCJtZXNzYWdpbmciOnsiYXNzaWduZWQiOjB9fSwiZXh0ZXJuYWxBdXRob3JpemF0aW9uIjp0cnVlLCJleHRlcm5hbEF1dGhvcml6YXRpb25Qcm92aWRlciI6eyJuYW1lIjoiUG9ydGFsIEFwcGxpY2F0aW9uIE1hbmFnZW1lbnQgU3lzdGVtIChQQU1TKSIsInVybCI6Imh0dHBzOi8vd3NneC10ZXN0LmNpc2NvLmNvbS9wYW1zL2x0L2NlcG1TZXJ2aWNlL3YxLjUvbWdyc3J2cyIsInZlcnNpb24iOiIxLjUifSwiaWRlbnRpdHlNYW5hZ2VtZW50Ijp7InR5cGUiOiJQaW5nRmVkZXJhdGUifSwib2F1dGgyU2V0dGluZ3MiOnsiYXV0aG9yaXphdGlvbkdyYW50cyI6WyJjb2RlIiwidG9rZW4iLCJvd25lciIsImNyZWRlbnRpYWxzIl0sImF1dGhvcml6YXRpb25VcmkiOiJodHRwczovL2Nsb3Vkc3NvLXRlc3QuY2lzY28uY29tL2FzL2F1dGhvcml6YXRpb24ub2F1dGgyIiwiYWNjZXNzVG9rZW5VcmkiOiJodHRwczovL2Nsb3Vkc3NvLXRlc3QuY2lzY28uY29tL2FzL3Rva2VuLm9hdXRoMiIsImdyYW50VHlwZXMiOlt7Im5hbWUiOiJwYXNzd29yZCIsImxhYmVsIjoiUmVzb3VyY2UgT3duZXIgR3JhbnQiLCJyZXF1aXJlZCI6ZmFsc2UsImV4Y2x1ZGUiOltdLCJkZXBlbmRzIjpbXX0seyJuYW1lIjoiaW1wbGljaXQiLCJsYWJlbCI6IkltcGxpY2l0IEdyYW50IiwicmVxdWlyZWQiOmZhbHNlLCJleGNsdWRlIjpbXSwiZGVwZW5kcyI6W119LHsibmFtZSI6ImNsaWVudF9jcmVkZW50aWFscyIsImxhYmVsIjoiQ2xpZW50IENyZWRlbnRpYWxzIEdyYW50IiwicmVxdWlyZWQiOmZhbHNlLCJleGNsdWRlIjpbXSwiZGVwZW5kcyI6W119LHsibmFtZSI6ImF1dGhvcml6YXRpb25fY29kZSIsImxhYmVsIjoiQXV0aG9yaXphdGlvbiBDb2RlIEdyYW50IiwicmVxdWlyZWQiOmZhbHNlLCJleGNsdWRlIjpbXSwiZGVwZW5kcyI6W119LHsibmFtZSI6InJlZnJlc2hfdG9rZW4iLCJsYWJlbCI6IlJlZnJlc2ggVG9rZW4iLCJyZXF1aXJlZCI6ZmFsc2UsImV4Y2x1ZGUiOltdLCJkZXBlbmRzIjpbImF1dGhvcml6YXRpb25fY29kZSIsInBhc3N3b3JkIl19XX19LCJpbnRlcmFjdGl2ZUxvZ2luIjp0cnVlLCJ0b2tlbiI6ImEyYzg0ODE1LThjYjgtNGE3Ni1iNmU0LTg4MGM3ZTc2MGNlYiIsImlhdCI6MTQ4NjU4Njc4OCwiYXVkIjoiaHR0cDovL2FwaS1wbGF0Zm9ybS1hcGkvcmVwb3NpdG9yeSIsImlzcyI6Imh0dHA6Ly9hcGktcGxhdGZvcm0tYXBpL3JlcG9zaXRvcnkifQ.YOsto-KJMgjQZxFXe6FFipYd8TIh4P1HIlJ5Tg6a9Ps
				Accept=*/*
				Content-Type=text/plain; charset=UTF-8
Cookies:		&lt;none&gt;
Body:			&lt;none&gt;
Request method:	DELETE
Request path:	https://qax.anypoint.mulesoft.com/apiplatform/repository/v2/organizations/5000db95-c5d4-487f-925e-3f82f15a5499/apis/2053/versions/2161/contracts/30222
Proxy:			&lt;none&gt;
Request params:	&lt;none&gt;
Query params:	&lt;none&gt;
Form params:	&lt;none&gt;
Path params:	&lt;none&gt;
Multiparts:		&lt;none&gt;
Headers:		Authorization=Bearer eyJ0eXAiOiJKV1QiLCJhbGciOiJIUzI1NiJ9.eyJpZCI6IjUwMDAzN2NkLTJjZmQtNGRhNC1iZWQ3LTU3Mzg0ZGViMDYyYiIsImZpcnN0TmFtZSI6IkZlZGVyYXRlZCIsImxhc3ROYW1lIjoiRXh0ZXJuYWwiLCJlbWFpbCI6ImNocmlzdG9waGVyLm1vcmR1ZUBtdWxlc29mdC5jb20iLCJ1c2VybmFtZSI6ImZlZGVyYXRlZF9leHRlcm5hbCIsIm9yZ2FuaXphdGlvbiI6eyJpZCI6IjUwMDBkYjk1LWM1ZDQtNDg3Zi05MjVlLTNmODJmMTVhNTQ5OSIsIm5hbWUiOiJGZWRlcmF0ZWQgSW5jIEV4dGVybmFsIEF1dGhvcml6YXRpb24iLCJkb21haW4iOiJmZWRlcmF0ZWQtZXh0ZXJuYWwiLCJlbnRpdGxlbWVudHMiOnsiaHlicmlkIjp7ImVuYWJsZWQiOmZhbHNlfSwiY3JlYXRlU3ViT3JncyI6dHJ1ZSwidkNvcmVzUHJvZHVjdGlvbiI6eyJhc3NpZ25lZCI6MSwicmVhc3NpZ25lZCI6MH0sInZDb3Jlc1NhbmRib3giOnsiYXNzaWduZWQiOjEsInJlYXNzaWduZWQiOjB9LCJnbG9iYWxEZXBsb3ltZW50IjpmYWxzZSwid29ya2VyTG9nZ2luZ092ZXJyaWRlIjp7ImVuYWJsZWQiOmZhbHNlfSwiZ2F0ZXdheXMiOnsiYXNzaWduZWQiOjB9LCJjcmVhdGVFbnZpcm9ubWVudHMiOnRydWUsInBhcnRuZXJzUHJvZHVjdGlvbiI6eyJhc3NpZ25lZCI6MH0sInBhcnRuZXJzU2FuZGJveCI6eyJhc3NpZ25lZCI6MH0sImF1dG9zY2FsaW5nIjpmYWxzZSwic3RhdGljSXBzIjp7ImFzc2lnbmVkIjowLCJyZWFzc2lnbmVkIjowfSwiYXJtQWxlcnRzIjpmYWxzZSwiYXBpcyI6eyJlbmFibGVkIjp0cnVlfSwibXFNZXNzYWdlcyI6eyJiYXNlIjowLCJhZGRPbiI6MH0sIm1xUmVxdWVzdHMiOnsiYmFzZSI6MCwiYWRkT24iOjB9LCJleHRlcm5hbElkZW50aXR5Ijp0cnVlLCJtcUFkdmFuY2VkRmVhdHVyZXMiOnsiZW5hYmxlZCI6ZmFsc2V9LCJ2cGNzIjp7ImFzc2lnbmVkIjowLCJyZWFzc2lnbmVkIjowfSwiaHlicmlkSW5zaWdodCI6ZmFsc2UsImRlc2lnbkNlbnRlciI6eyJtb3phcnQiOmZhbHNlLCJhcGkiOmZhbHNlfSwib2JqZWN0U3RvcmVSZXF1ZXN0VW5pdHMiOnsiYmFzZSI6MTUwMDAwMDAsImFkZE9uIjowfSwib2JqZWN0U3RvcmVLZXlzIjp7ImJhc2UiOjEwMDAwMCwiYWRkT24iOjB9LCJjYW0iOnsiZW5hYmxlZCI6ZmFsc2V9LCJsb2FkQmFsYW5jZXIiOnsiYXNzaWduZWQiOjAsInJlYXNzaWduZWQiOjB9LCJtZXNzYWdpbmciOnsiYXNzaWduZWQiOjB9fSwiZXh0ZXJuYWxBdXRob3JpemF0aW9uIjp0cnVlLCJleHRlcm5hbEF1dGhvcml6YXRpb25Qcm92aWRlciI6eyJuYW1lIjoiUG9ydGFsIEFwcGxpY2F0aW9uIE1hbmFnZW1lbnQgU3lzdGVtIChQQU1TKSIsInVybCI6Imh0dHBzOi8vd3NneC10ZXN0LmNpc2NvLmNvbS9wYW1zL2x0L2NlcG1TZXJ2aWNlL3YxLjUvbWdyc3J2cyIsInZlcnNpb24iOiIxLjUifSwiaWRlbnRpdHlNYW5hZ2VtZW50Ijp7InR5cGUiOiJQaW5nRmVkZXJhdGUifSwib2F1dGgyU2V0dGluZ3MiOnsiYXV0aG9yaXphdGlvbkdyYW50cyI6WyJjb2RlIiwidG9rZW4iLCJvd25lciIsImNyZWRlbnRpYWxzIl0sImF1dGhvcml6YXRpb25VcmkiOiJodHRwczovL2Nsb3Vkc3NvLXRlc3QuY2lzY28uY29tL2FzL2F1dGhvcml6YXRpb24ub2F1dGgyIiwiYWNjZXNzVG9rZW5VcmkiOiJodHRwczovL2Nsb3Vkc3NvLXRlc3QuY2lzY28uY29tL2FzL3Rva2VuLm9hdXRoMiIsImdyYW50VHlwZXMiOlt7Im5hbWUiOiJwYXNzd29yZCIsImxhYmVsIjoiUmVzb3VyY2UgT3duZXIgR3JhbnQiLCJyZXF1aXJlZCI6ZmFsc2UsImV4Y2x1ZGUiOltdLCJkZXBlbmRzIjpbXX0seyJuYW1lIjoiaW1wbGljaXQiLCJsYWJlbCI6IkltcGxpY2l0IEdyYW50IiwicmVxdWlyZWQiOmZhbHNlLCJleGNsdWRlIjpbXSwiZGVwZW5kcyI6W119LHsibmFtZSI6ImNsaWVudF9jcmVkZW50aWFscyIsImxhYmVsIjoiQ2xpZW50IENyZWRlbnRpYWxzIEdyYW50IiwicmVxdWlyZWQiOmZhbHNlLCJleGNsdWRlIjpbXSwiZGVwZW5kcyI6W119LHsibmFtZSI6ImF1dGhvcml6YXRpb25fY29kZSIsImxhYmVsIjoiQXV0aG9yaXphdGlvbiBDb2RlIEdyYW50IiwicmVxdWlyZWQiOmZhbHNlLCJleGNsdWRlIjpbXSwiZGVwZW5kcyI6W119LHsibmFtZSI6InJlZnJlc2hfdG9rZW4iLCJsYWJlbCI6IlJlZnJlc2ggVG9rZW4iLCJyZXF1aXJlZCI6ZmFsc2UsImV4Y2x1ZGUiOltdLCJkZXBlbmRzIjpbImF1dGhvcml6YXRpb25fY29kZSIsInBhc3N3b3JkIl19XX19LCJpbnRlcmFjdGl2ZUxvZ2luIjp0cnVlLCJ0b2tlbiI6ImEyYzg0ODE1LThjYjgtNGE3Ni1iNmU0LTg4MGM3ZTc2MGNlYiIsImlhdCI6MTQ4NjU4Njc4OCwiYXVkIjoiaHR0cDovL2FwaS1wbGF0Zm9ybS1hcGkvcmVwb3NpdG9yeSIsImlzcyI6Imh0dHA6Ly9hcGktcGxhdGZvcm0tYXBpL3JlcG9zaXRvcnkifQ.YOsto-KJMgjQZxFXe6FFipYd8TIh4P1HIlJ5Tg6a9Ps
				Accept=*/*
				Content-Type=text/plain; charset=UTF-8
Cookies:		&lt;none&gt;
Body:			&lt;none&gt;
Request method:	DELETE
Request path:	https://qax.anypoint.mulesoft.com/apiplatform/repository/v2/organizations/5000db95-c5d4-487f-925e-3f82f15a5499/apis/2053/versions/2161/contracts/30258
Proxy:			&lt;none&gt;
Request params:	&lt;none&gt;
Query params:	&lt;none&gt;
Form params:	&lt;none&gt;
Path params:	&lt;none&gt;
Multiparts:		&lt;none&gt;
Headers:		Authorization=Bearer eyJ0eXAiOiJKV1QiLCJhbGciOiJIUzI1NiJ9.eyJpZCI6IjUwMDAzN2NkLTJjZmQtNGRhNC1iZWQ3LTU3Mzg0ZGViMDYyYiIsImZpcnN0TmFtZSI6IkZlZGVyYXRlZCIsImxhc3ROYW1lIjoiRXh0ZXJuYWwiLCJlbWFpbCI6ImNocmlzdG9waGVyLm1vcmR1ZUBtdWxlc29mdC5jb20iLCJ1c2VybmFtZSI6ImZlZGVyYXRlZF9leHRlcm5hbCIsIm9yZ2FuaXphdGlvbiI6eyJpZCI6IjUwMDBkYjk1LWM1ZDQtNDg3Zi05MjVlLTNmODJmMTVhNTQ5OSIsIm5hbWUiOiJGZWRlcmF0ZWQgSW5jIEV4dGVybmFsIEF1dGhvcml6YXRpb24iLCJkb21haW4iOiJmZWRlcmF0ZWQtZXh0ZXJuYWwiLCJlbnRpdGxlbWVudHMiOnsiaHlicmlkIjp7ImVuYWJsZWQiOmZhbHNlfSwiY3JlYXRlU3ViT3JncyI6dHJ1ZSwidkNvcmVzUHJvZHVjdGlvbiI6eyJhc3NpZ25lZCI6MSwicmVhc3NpZ25lZCI6MH0sInZDb3Jlc1NhbmRib3giOnsiYXNzaWduZWQiOjEsInJlYXNzaWduZWQiOjB9LCJnbG9iYWxEZXBsb3ltZW50IjpmYWxzZSwid29ya2VyTG9nZ2luZ092ZXJyaWRlIjp7ImVuYWJsZWQiOmZhbHNlfSwiZ2F0ZXdheXMiOnsiYXNzaWduZWQiOjB9LCJjcmVhdGVFbnZpcm9ubWVudHMiOnRydWUsInBhcnRuZXJzUHJvZHVjdGlvbiI6eyJhc3NpZ25lZCI6MH0sInBhcnRuZXJzU2FuZGJveCI6eyJhc3NpZ25lZCI6MH0sImF1dG9zY2FsaW5nIjpmYWxzZSwic3RhdGljSXBzIjp7ImFzc2lnbmVkIjowLCJyZWFzc2lnbmVkIjowfSwiYXJtQWxlcnRzIjpmYWxzZSwiYXBpcyI6eyJlbmFibGVkIjp0cnVlfSwibXFNZXNzYWdlcyI6eyJiYXNlIjowLCJhZGRPbiI6MH0sIm1xUmVxdWVzdHMiOnsiYmFzZSI6MCwiYWRkT24iOjB9LCJleHRlcm5hbElkZW50aXR5Ijp0cnVlLCJtcUFkdmFuY2VkRmVhdHVyZXMiOnsiZW5hYmxlZCI6ZmFsc2V9LCJ2cGNzIjp7ImFzc2lnbmVkIjowLCJyZWFzc2lnbmVkIjowfSwiaHlicmlkSW5zaWdodCI6ZmFsc2UsImRlc2lnbkNlbnRlciI6eyJtb3phcnQiOmZhbHNlLCJhcGkiOmZhbHNlfSwib2JqZWN0U3RvcmVSZXF1ZXN0VW5pdHMiOnsiYmFzZSI6MTUwMDAwMDAsImFkZE9uIjowfSwib2JqZWN0U3RvcmVLZXlzIjp7ImJhc2UiOjEwMDAwMCwiYWRkT24iOjB9LCJjYW0iOnsiZW5hYmxlZCI6ZmFsc2V9LCJsb2FkQmFsYW5jZXIiOnsiYXNzaWduZWQiOjAsInJlYXNzaWduZWQiOjB9LCJtZXNzYWdpbmciOnsiYXNzaWduZWQiOjB9fSwiZXh0ZXJuYWxBdXRob3JpemF0aW9uIjp0cnVlLCJleHRlcm5hbEF1dGhvcml6YXRpb25Qcm92aWRlciI6eyJuYW1lIjoiUG9ydGFsIEFwcGxpY2F0aW9uIE1hbmFnZW1lbnQgU3lzdGVtIChQQU1TKSIsInVybCI6Imh0dHBzOi8vd3NneC10ZXN0LmNpc2NvLmNvbS9wYW1zL2x0L2NlcG1TZXJ2aWNlL3YxLjUvbWdyc3J2cyIsInZlcnNpb24iOiIxLjUifSwiaWRlbnRpdHlNYW5hZ2VtZW50Ijp7InR5cGUiOiJQaW5nRmVkZXJhdGUifSwib2F1dGgyU2V0dGluZ3MiOnsiYXV0aG9yaXphdGlvbkdyYW50cyI6WyJjb2RlIiwidG9rZW4iLCJvd25lciIsImNyZWRlbnRpYWxzIl0sImF1dGhvcml6YXRpb25VcmkiOiJodHRwczovL2Nsb3Vkc3NvLXRlc3QuY2lzY28uY29tL2FzL2F1dGhvcml6YXRpb24ub2F1dGgyIiwiYWNjZXNzVG9rZW5VcmkiOiJodHRwczovL2Nsb3Vkc3NvLXRlc3QuY2lzY28uY29tL2FzL3Rva2VuLm9hdXRoMiIsImdyYW50VHlwZXMiOlt7Im5hbWUiOiJwYXNzd29yZCIsImxhYmVsIjoiUmVzb3VyY2UgT3duZXIgR3JhbnQiLCJyZXF1aXJlZCI6ZmFsc2UsImV4Y2x1ZGUiOltdLCJkZXBlbmRzIjpbXX0seyJuYW1lIjoiaW1wbGljaXQiLCJsYWJlbCI6IkltcGxpY2l0IEdyYW50IiwicmVxdWlyZWQiOmZhbHNlLCJleGNsdWRlIjpbXSwiZGVwZW5kcyI6W119LHsibmFtZSI6ImNsaWVudF9jcmVkZW50aWFscyIsImxhYmVsIjoiQ2xpZW50IENyZWRlbnRpYWxzIEdyYW50IiwicmVxdWlyZWQiOmZhbHNlLCJleGNsdWRlIjpbXSwiZGVwZW5kcyI6W119LHsibmFtZSI6ImF1dGhvcml6YXRpb25fY29kZSIsImxhYmVsIjoiQXV0aG9yaXphdGlvbiBDb2RlIEdyYW50IiwicmVxdWlyZWQiOmZhbHNlLCJleGNsdWRlIjpbXSwiZGVwZW5kcyI6W119LHsibmFtZSI6InJlZnJlc2hfdG9rZW4iLCJsYWJlbCI6IlJlZnJlc2ggVG9rZW4iLCJyZXF1aXJlZCI6ZmFsc2UsImV4Y2x1ZGUiOltdLCJkZXBlbmRzIjpbImF1dGhvcml6YXRpb25fY29kZSIsInBhc3N3b3JkIl19XX19LCJpbnRlcmFjdGl2ZUxvZ2luIjp0cnVlLCJ0b2tlbiI6ImEyYzg0ODE1LThjYjgtNGE3Ni1iNmU0LTg4MGM3ZTc2MGNlYiIsImlhdCI6MTQ4NjU4Njc4OCwiYXVkIjoiaHR0cDovL2FwaS1wbGF0Zm9ybS1hcGkvcmVwb3NpdG9yeSIsImlzcyI6Imh0dHA6Ly9hcGktcGxhdGZvcm0tYXBpL3JlcG9zaXRvcnkifQ.YOsto-KJMgjQZxFXe6FFipYd8TIh4P1HIlJ5Tg6a9Ps
				Accept=*/*
				Content-Type=text/plain; charset=UTF-8
Cookies:		&lt;none&gt;
Body:			&lt;none&gt;
Request method:	DELETE
Request path:	https://qax.anypoint.mulesoft.com/apiplatform/repository/v2/organizations/5000db95-c5d4-487f-925e-3f82f15a5499/apis/2053/versions/2161/contracts/30235
Proxy:			&lt;none&gt;
Request params:	&lt;none&gt;
Query params:	&lt;none&gt;
Form params:	&lt;none&gt;
Path params:	&lt;none&gt;
Multiparts:		&lt;none&gt;
Headers:		Authorization=Bearer eyJ0eXAiOiJKV1QiLCJhbGciOiJIUzI1NiJ9.eyJpZCI6IjUwMDAzN2NkLTJjZmQtNGRhNC1iZWQ3LTU3Mzg0ZGViMDYyYiIsImZpcnN0TmFtZSI6IkZlZGVyYXRlZCIsImxhc3ROYW1lIjoiRXh0ZXJuYWwiLCJlbWFpbCI6ImNocmlzdG9waGVyLm1vcmR1ZUBtdWxlc29mdC5jb20iLCJ1c2VybmFtZSI6ImZlZGVyYXRlZF9leHRlcm5hbCIsIm9yZ2FuaXphdGlvbiI6eyJpZCI6IjUwMDBkYjk1LWM1ZDQtNDg3Zi05MjVlLTNmODJmMTVhNTQ5OSIsIm5hbWUiOiJGZWRlcmF0ZWQgSW5jIEV4dGVybmFsIEF1dGhvcml6YXRpb24iLCJkb21haW4iOiJmZWRlcmF0ZWQtZXh0ZXJuYWwiLCJlbnRpdGxlbWVudHMiOnsiaHlicmlkIjp7ImVuYWJsZWQiOmZhbHNlfSwiY3JlYXRlU3ViT3JncyI6dHJ1ZSwidkNvcmVzUHJvZHVjdGlvbiI6eyJhc3NpZ25lZCI6MSwicmVhc3NpZ25lZCI6MH0sInZDb3Jlc1NhbmRib3giOnsiYXNzaWduZWQiOjEsInJlYXNzaWduZWQiOjB9LCJnbG9iYWxEZXBsb3ltZW50IjpmYWxzZSwid29ya2VyTG9nZ2luZ092ZXJyaWRlIjp7ImVuYWJsZWQiOmZhbHNlfSwiZ2F0ZXdheXMiOnsiYXNzaWduZWQiOjB9LCJjcmVhdGVFbnZpcm9ubWVudHMiOnRydWUsInBhcnRuZXJzUHJvZHVjdGlvbiI6eyJhc3NpZ25lZCI6MH0sInBhcnRuZXJzU2FuZGJveCI6eyJhc3NpZ25lZCI6MH0sImF1dG9zY2FsaW5nIjpmYWxzZSwic3RhdGljSXBzIjp7ImFzc2lnbmVkIjowLCJyZWFzc2lnbmVkIjowfSwiYXJtQWxlcnRzIjpmYWxzZSwiYXBpcyI6eyJlbmFibGVkIjp0cnVlfSwibXFNZXNzYWdlcyI6eyJiYXNlIjowLCJhZGRPbiI6MH0sIm1xUmVxdWVzdHMiOnsiYmFzZSI6MCwiYWRkT24iOjB9LCJleHRlcm5hbElkZW50aXR5Ijp0cnVlLCJtcUFkdmFuY2VkRmVhdHVyZXMiOnsiZW5hYmxlZCI6ZmFsc2V9LCJ2cGNzIjp7ImFzc2lnbmVkIjowLCJyZWFzc2lnbmVkIjowfSwiaHlicmlkSW5zaWdodCI6ZmFsc2UsImRlc2lnbkNlbnRlciI6eyJtb3phcnQiOmZhbHNlLCJhcGkiOmZhbHNlfSwib2JqZWN0U3RvcmVSZXF1ZXN0VW5pdHMiOnsiYmFzZSI6MTUwMDAwMDAsImFkZE9uIjowfSwib2JqZWN0U3RvcmVLZXlzIjp7ImJhc2UiOjEwMDAwMCwiYWRkT24iOjB9LCJjYW0iOnsiZW5hYmxlZCI6ZmFsc2V9LCJsb2FkQmFsYW5jZXIiOnsiYXNzaWduZWQiOjAsInJlYXNzaWduZWQiOjB9LCJtZXNzYWdpbmciOnsiYXNzaWduZWQiOjB9fSwiZXh0ZXJuYWxBdXRob3JpemF0aW9uIjp0cnVlLCJleHRlcm5hbEF1dGhvcml6YXRpb25Qcm92aWRlciI6eyJuYW1lIjoiUG9ydGFsIEFwcGxpY2F0aW9uIE1hbmFnZW1lbnQgU3lzdGVtIChQQU1TKSIsInVybCI6Imh0dHBzOi8vd3NneC10ZXN0LmNpc2NvLmNvbS9wYW1zL2x0L2NlcG1TZXJ2aWNlL3YxLjUvbWdyc3J2cyIsInZlcnNpb24iOiIxLjUifSwiaWRlbnRpdHlNYW5hZ2VtZW50Ijp7InR5cGUiOiJQaW5nRmVkZXJhdGUifSwib2F1dGgyU2V0dGluZ3MiOnsiYXV0aG9yaXphdGlvbkdyYW50cyI6WyJjb2RlIiwidG9rZW4iLCJvd25lciIsImNyZWRlbnRpYWxzIl0sImF1dGhvcml6YXRpb25VcmkiOiJodHRwczovL2Nsb3Vkc3NvLXRlc3QuY2lzY28uY29tL2FzL2F1dGhvcml6YXRpb24ub2F1dGgyIiwiYWNjZXNzVG9rZW5VcmkiOiJodHRwczovL2Nsb3Vkc3NvLXRlc3QuY2lzY28uY29tL2FzL3Rva2VuLm9hdXRoMiIsImdyYW50VHlwZXMiOlt7Im5hbWUiOiJwYXNzd29yZCIsImxhYmVsIjoiUmVzb3VyY2UgT3duZXIgR3JhbnQiLCJyZXF1aXJlZCI6ZmFsc2UsImV4Y2x1ZGUiOltdLCJkZXBlbmRzIjpbXX0seyJuYW1lIjoiaW1wbGljaXQiLCJsYWJlbCI6IkltcGxpY2l0IEdyYW50IiwicmVxdWlyZWQiOmZhbHNlLCJleGNsdWRlIjpbXSwiZGVwZW5kcyI6W119LHsibmFtZSI6ImNsaWVudF9jcmVkZW50aWFscyIsImxhYmVsIjoiQ2xpZW50IENyZWRlbnRpYWxzIEdyYW50IiwicmVxdWlyZWQiOmZhbHNlLCJleGNsdWRlIjpbXSwiZGVwZW5kcyI6W119LHsibmFtZSI6ImF1dGhvcml6YXRpb25fY29kZSIsImxhYmVsIjoiQXV0aG9yaXphdGlvbiBDb2RlIEdyYW50IiwicmVxdWlyZWQiOmZhbHNlLCJleGNsdWRlIjpbXSwiZGVwZW5kcyI6W119LHsibmFtZSI6InJlZnJlc2hfdG9rZW4iLCJsYWJlbCI6IlJlZnJlc2ggVG9rZW4iLCJyZXF1aXJlZCI6ZmFsc2UsImV4Y2x1ZGUiOltdLCJkZXBlbmRzIjpbImF1dGhvcml6YXRpb25fY29kZSIsInBhc3N3b3JkIl19XX19LCJpbnRlcmFjdGl2ZUxvZ2luIjp0cnVlLCJ0b2tlbiI6ImEyYzg0ODE1LThjYjgtNGE3Ni1iNmU0LTg4MGM3ZTc2MGNlYiIsImlhdCI6MTQ4NjU4Njc4OCwiYXVkIjoiaHR0cDovL2FwaS1wbGF0Zm9ybS1hcGkvcmVwb3NpdG9yeSIsImlzcyI6Imh0dHA6Ly9hcGktcGxhdGZvcm0tYXBpL3JlcG9zaXRvcnkifQ.YOsto-KJMgjQZxFXe6FFipYd8TIh4P1HIlJ5Tg6a9Ps
				Accept=*/*
				Content-Type=text/plain; charset=UTF-8
Cookies:		&lt;none&gt;
Body:			&lt;none&gt;
Request method:	DELETE
Request path:	https://qax.anypoint.mulesoft.com/apiplatform/repository/v2/organizations/5000db95-c5d4-487f-925e-3f82f15a5499/apis/2053/versions/2161/contracts/30202
Proxy:			&lt;none&gt;
Request params:	&lt;none&gt;
Query params:	&lt;none&gt;
Form params:	&lt;none&gt;
Path params:	&lt;none&gt;
Multiparts:		&lt;none&gt;
Headers:		Authorization=Bearer eyJ0eXAiOiJKV1QiLCJhbGciOiJIUzI1NiJ9.eyJpZCI6IjUwMDAzN2NkLTJjZmQtNGRhNC1iZWQ3LTU3Mzg0ZGViMDYyYiIsImZpcnN0TmFtZSI6IkZlZGVyYXRlZCIsImxhc3ROYW1lIjoiRXh0ZXJuYWwiLCJlbWFpbCI6ImNocmlzdG9waGVyLm1vcmR1ZUBtdWxlc29mdC5jb20iLCJ1c2VybmFtZSI6ImZlZGVyYXRlZF9leHRlcm5hbCIsIm9yZ2FuaXphdGlvbiI6eyJpZCI6IjUwMDBkYjk1LWM1ZDQtNDg3Zi05MjVlLTNmODJmMTVhNTQ5OSIsIm5hbWUiOiJGZWRlcmF0ZWQgSW5jIEV4dGVybmFsIEF1dGhvcml6YXRpb24iLCJkb21haW4iOiJmZWRlcmF0ZWQtZXh0ZXJuYWwiLCJlbnRpdGxlbWVudHMiOnsiaHlicmlkIjp7ImVuYWJsZWQiOmZhbHNlfSwiY3JlYXRlU3ViT3JncyI6dHJ1ZSwidkNvcmVzUHJvZHVjdGlvbiI6eyJhc3NpZ25lZCI6MSwicmVhc3NpZ25lZCI6MH0sInZDb3Jlc1NhbmRib3giOnsiYXNzaWduZWQiOjEsInJlYXNzaWduZWQiOjB9LCJnbG9iYWxEZXBsb3ltZW50IjpmYWxzZSwid29ya2VyTG9nZ2luZ092ZXJyaWRlIjp7ImVuYWJsZWQiOmZhbHNlfSwiZ2F0ZXdheXMiOnsiYXNzaWduZWQiOjB9LCJjcmVhdGVFbnZpcm9ubWVudHMiOnRydWUsInBhcnRuZXJzUHJvZHVjdGlvbiI6eyJhc3NpZ25lZCI6MH0sInBhcnRuZXJzU2FuZGJveCI6eyJhc3NpZ25lZCI6MH0sImF1dG9zY2FsaW5nIjpmYWxzZSwic3RhdGljSXBzIjp7ImFzc2lnbmVkIjowLCJyZWFzc2lnbmVkIjowfSwiYXJtQWxlcnRzIjpmYWxzZSwiYXBpcyI6eyJlbmFibGVkIjp0cnVlfSwibXFNZXNzYWdlcyI6eyJiYXNlIjowLCJhZGRPbiI6MH0sIm1xUmVxdWVzdHMiOnsiYmFzZSI6MCwiYWRkT24iOjB9LCJleHRlcm5hbElkZW50aXR5Ijp0cnVlLCJtcUFkdmFuY2VkRmVhdHVyZXMiOnsiZW5hYmxlZCI6ZmFsc2V9LCJ2cGNzIjp7ImFzc2lnbmVkIjowLCJyZWFzc2lnbmVkIjowfSwiaHlicmlkSW5zaWdodCI6ZmFsc2UsImRlc2lnbkNlbnRlciI6eyJtb3phcnQiOmZhbHNlLCJhcGkiOmZhbHNlfSwib2JqZWN0U3RvcmVSZXF1ZXN0VW5pdHMiOnsiYmFzZSI6MTUwMDAwMDAsImFkZE9uIjowfSwib2JqZWN0U3RvcmVLZXlzIjp7ImJhc2UiOjEwMDAwMCwiYWRkT24iOjB9LCJjYW0iOnsiZW5hYmxlZCI6ZmFsc2V9LCJsb2FkQmFsYW5jZXIiOnsiYXNzaWduZWQiOjAsInJlYXNzaWduZWQiOjB9LCJtZXNzYWdpbmciOnsiYXNzaWduZWQiOjB9fSwiZXh0ZXJuYWxBdXRob3JpemF0aW9uIjp0cnVlLCJleHRlcm5hbEF1dGhvcml6YXRpb25Qcm92aWRlciI6eyJuYW1lIjoiUG9ydGFsIEFwcGxpY2F0aW9uIE1hbmFnZW1lbnQgU3lzdGVtIChQQU1TKSIsInVybCI6Imh0dHBzOi8vd3NneC10ZXN0LmNpc2NvLmNvbS9wYW1zL2x0L2NlcG1TZXJ2aWNlL3YxLjUvbWdyc3J2cyIsInZlcnNpb24iOiIxLjUifSwiaWRlbnRpdHlNYW5hZ2VtZW50Ijp7InR5cGUiOiJQaW5nRmVkZXJhdGUifSwib2F1dGgyU2V0dGluZ3MiOnsiYXV0aG9yaXphdGlvbkdyYW50cyI6WyJjb2RlIiwidG9rZW4iLCJvd25lciIsImNyZWRlbnRpYWxzIl0sImF1dGhvcml6YXRpb25VcmkiOiJodHRwczovL2Nsb3Vkc3NvLXRlc3QuY2lzY28uY29tL2FzL2F1dGhvcml6YXRpb24ub2F1dGgyIiwiYWNjZXNzVG9rZW5VcmkiOiJodHRwczovL2Nsb3Vkc3NvLXRlc3QuY2lzY28uY29tL2FzL3Rva2VuLm9hdXRoMiIsImdyYW50VHlwZXMiOlt7Im5hbWUiOiJwYXNzd29yZCIsImxhYmVsIjoiUmVzb3VyY2UgT3duZXIgR3JhbnQiLCJyZXF1aXJlZCI6ZmFsc2UsImV4Y2x1ZGUiOltdLCJkZXBlbmRzIjpbXX0seyJuYW1lIjoiaW1wbGljaXQiLCJsYWJlbCI6IkltcGxpY2l0IEdyYW50IiwicmVxdWlyZWQiOmZhbHNlLCJleGNsdWRlIjpbXSwiZGVwZW5kcyI6W119LHsibmFtZSI6ImNsaWVudF9jcmVkZW50aWFscyIsImxhYmVsIjoiQ2xpZW50IENyZWRlbnRpYWxzIEdyYW50IiwicmVxdWlyZWQiOmZhbHNlLCJleGNsdWRlIjpbXSwiZGVwZW5kcyI6W119LHsibmFtZSI6ImF1dGhvcml6YXRpb25fY29kZSIsImxhYmVsIjoiQXV0aG9yaXphdGlvbiBDb2RlIEdyYW50IiwicmVxdWlyZWQiOmZhbHNlLCJleGNsdWRlIjpbXSwiZGVwZW5kcyI6W119LHsibmFtZSI6InJlZnJlc2hfdG9rZW4iLCJsYWJlbCI6IlJlZnJlc2ggVG9rZW4iLCJyZXF1aXJlZCI6ZmFsc2UsImV4Y2x1ZGUiOltdLCJkZXBlbmRzIjpbImF1dGhvcml6YXRpb25fY29kZSIsInBhc3N3b3JkIl19XX19LCJpbnRlcmFjdGl2ZUxvZ2luIjp0cnVlLCJ0b2tlbiI6ImEyYzg0ODE1LThjYjgtNGE3Ni1iNmU0LTg4MGM3ZTc2MGNlYiIsImlhdCI6MTQ4NjU4Njc4OCwiYXVkIjoiaHR0cDovL2FwaS1wbGF0Zm9ybS1hcGkvcmVwb3NpdG9yeSIsImlzcyI6Imh0dHA6Ly9hcGktcGxhdGZvcm0tYXBpL3JlcG9zaXRvcnkifQ.YOsto-KJMgjQZxFXe6FFipYd8TIh4P1HIlJ5Tg6a9Ps
				Accept=*/*
				Content-Type=text/plain; charset=UTF-8
Cookies:		&lt;none&gt;
Body:			&lt;none&gt;
Request method:	DELETE
Request path:	https://qax.anypoint.mulesoft.com/apiplatform/repository/v2/organizations/5000db95-c5d4-487f-925e-3f82f15a5499/apis/2053/versions/2161/contracts/30224
Proxy:			&lt;none&gt;
Request params:	&lt;none&gt;
Query params:	&lt;none&gt;
Form params:	&lt;none&gt;
Path params:	&lt;none&gt;
Multiparts:		&lt;none&gt;
Headers:		Authorization=Bearer eyJ0eXAiOiJKV1QiLCJhbGciOiJIUzI1NiJ9.eyJpZCI6IjUwMDAzN2NkLTJjZmQtNGRhNC1iZWQ3LTU3Mzg0ZGViMDYyYiIsImZpcnN0TmFtZSI6IkZlZGVyYXRlZCIsImxhc3ROYW1lIjoiRXh0ZXJuYWwiLCJlbWFpbCI6ImNocmlzdG9waGVyLm1vcmR1ZUBtdWxlc29mdC5jb20iLCJ1c2VybmFtZSI6ImZlZGVyYXRlZF9leHRlcm5hbCIsIm9yZ2FuaXphdGlvbiI6eyJpZCI6IjUwMDBkYjk1LWM1ZDQtNDg3Zi05MjVlLTNmODJmMTVhNTQ5OSIsIm5hbWUiOiJGZWRlcmF0ZWQgSW5jIEV4dGVybmFsIEF1dGhvcml6YXRpb24iLCJkb21haW4iOiJmZWRlcmF0ZWQtZXh0ZXJuYWwiLCJlbnRpdGxlbWVudHMiOnsiaHlicmlkIjp7ImVuYWJsZWQiOmZhbHNlfSwiY3JlYXRlU3ViT3JncyI6dHJ1ZSwidkNvcmVzUHJvZHVjdGlvbiI6eyJhc3NpZ25lZCI6MSwicmVhc3NpZ25lZCI6MH0sInZDb3Jlc1NhbmRib3giOnsiYXNzaWduZWQiOjEsInJlYXNzaWduZWQiOjB9LCJnbG9iYWxEZXBsb3ltZW50IjpmYWxzZSwid29ya2VyTG9nZ2luZ092ZXJyaWRlIjp7ImVuYWJsZWQiOmZhbHNlfSwiZ2F0ZXdheXMiOnsiYXNzaWduZWQiOjB9LCJjcmVhdGVFbnZpcm9ubWVudHMiOnRydWUsInBhcnRuZXJzUHJvZHVjdGlvbiI6eyJhc3NpZ25lZCI6MH0sInBhcnRuZXJzU2FuZGJveCI6eyJhc3NpZ25lZCI6MH0sImF1dG9zY2FsaW5nIjpmYWxzZSwic3RhdGljSXBzIjp7ImFzc2lnbmVkIjowLCJyZWFzc2lnbmVkIjowfSwiYXJtQWxlcnRzIjpmYWxzZSwiYXBpcyI6eyJlbmFibGVkIjp0cnVlfSwibXFNZXNzYWdlcyI6eyJiYXNlIjowLCJhZGRPbiI6MH0sIm1xUmVxdWVzdHMiOnsiYmFzZSI6MCwiYWRkT24iOjB9LCJleHRlcm5hbElkZW50aXR5Ijp0cnVlLCJtcUFkdmFuY2VkRmVhdHVyZXMiOnsiZW5hYmxlZCI6ZmFsc2V9LCJ2cGNzIjp7ImFzc2lnbmVkIjowLCJyZWFzc2lnbmVkIjowfSwiaHlicmlkSW5zaWdodCI6ZmFsc2UsImRlc2lnbkNlbnRlciI6eyJtb3phcnQiOmZhbHNlLCJhcGkiOmZhbHNlfSwib2JqZWN0U3RvcmVSZXF1ZXN0VW5pdHMiOnsiYmFzZSI6MTUwMDAwMDAsImFkZE9uIjowfSwib2JqZWN0U3RvcmVLZXlzIjp7ImJhc2UiOjEwMDAwMCwiYWRkT24iOjB9LCJjYW0iOnsiZW5hYmxlZCI6ZmFsc2V9LCJsb2FkQmFsYW5jZXIiOnsiYXNzaWduZWQiOjAsInJlYXNzaWduZWQiOjB9LCJtZXNzYWdpbmciOnsiYXNzaWduZWQiOjB9fSwiZXh0ZXJuYWxBdXRob3JpemF0aW9uIjp0cnVlLCJleHRlcm5hbEF1dGhvcml6YXRpb25Qcm92aWRlciI6eyJuYW1lIjoiUG9ydGFsIEFwcGxpY2F0aW9uIE1hbmFnZW1lbnQgU3lzdGVtIChQQU1TKSIsInVybCI6Imh0dHBzOi8vd3NneC10ZXN0LmNpc2NvLmNvbS9wYW1zL2x0L2NlcG1TZXJ2aWNlL3YxLjUvbWdyc3J2cyIsInZlcnNpb24iOiIxLjUifSwiaWRlbnRpdHlNYW5hZ2VtZW50Ijp7InR5cGUiOiJQaW5nRmVkZXJhdGUifSwib2F1dGgyU2V0dGluZ3MiOnsiYXV0aG9yaXphdGlvbkdyYW50cyI6WyJjb2RlIiwidG9rZW4iLCJvd25lciIsImNyZWRlbnRpYWxzIl0sImF1dGhvcml6YXRpb25VcmkiOiJodHRwczovL2Nsb3Vkc3NvLXRlc3QuY2lzY28uY29tL2FzL2F1dGhvcml6YXRpb24ub2F1dGgyIiwiYWNjZXNzVG9rZW5VcmkiOiJodHRwczovL2Nsb3Vkc3NvLXRlc3QuY2lzY28uY29tL2FzL3Rva2VuLm9hdXRoMiIsImdyYW50VHlwZXMiOlt7Im5hbWUiOiJwYXNzd29yZCIsImxhYmVsIjoiUmVzb3VyY2UgT3duZXIgR3JhbnQiLCJyZXF1aXJlZCI6ZmFsc2UsImV4Y2x1ZGUiOltdLCJkZXBlbmRzIjpbXX0seyJuYW1lIjoiaW1wbGljaXQiLCJsYWJlbCI6IkltcGxpY2l0IEdyYW50IiwicmVxdWlyZWQiOmZhbHNlLCJleGNsdWRlIjpbXSwiZGVwZW5kcyI6W119LHsibmFtZSI6ImNsaWVudF9jcmVkZW50aWFscyIsImxhYmVsIjoiQ2xpZW50IENyZWRlbnRpYWxzIEdyYW50IiwicmVxdWlyZWQiOmZhbHNlLCJleGNsdWRlIjpbXSwiZGVwZW5kcyI6W119LHsibmFtZSI6ImF1dGhvcml6YXRpb25fY29kZSIsImxhYmVsIjoiQXV0aG9yaXphdGlvbiBDb2RlIEdyYW50IiwicmVxdWlyZWQiOmZhbHNlLCJleGNsdWRlIjpbXSwiZGVwZW5kcyI6W119LHsibmFtZSI6InJlZnJlc2hfdG9rZW4iLCJsYWJlbCI6IlJlZnJlc2ggVG9rZW4iLCJyZXF1aXJlZCI6ZmFsc2UsImV4Y2x1ZGUiOltdLCJkZXBlbmRzIjpbImF1dGhvcml6YXRpb25fY29kZSIsInBhc3N3b3JkIl19XX19LCJpbnRlcmFjdGl2ZUxvZ2luIjp0cnVlLCJ0b2tlbiI6ImEyYzg0ODE1LThjYjgtNGE3Ni1iNmU0LTg4MGM3ZTc2MGNlYiIsImlhdCI6MTQ4NjU4Njc4OCwiYXVkIjoiaHR0cDovL2FwaS1wbGF0Zm9ybS1hcGkvcmVwb3NpdG9yeSIsImlzcyI6Imh0dHA6Ly9hcGktcGxhdGZvcm0tYXBpL3JlcG9zaXRvcnkifQ.YOsto-KJMgjQZxFXe6FFipYd8TIh4P1HIlJ5Tg6a9Ps
				Accept=*/*
				Content-Type=text/plain; charset=UTF-8
Cookies:		&lt;none&gt;
Body:			&lt;none&gt;
Request method:	DELETE
Request path:	https://qax.anypoint.mulesoft.com/apiplatform/repository/v2/organizations/5000db95-c5d4-487f-925e-3f82f15a5499/apis/2053/versions/2161/contracts/30247
Proxy:			&lt;none&gt;
Request params:	&lt;none&gt;
Query params:	&lt;none&gt;
Form params:	&lt;none&gt;
Path params:	&lt;none&gt;
Multiparts:		&lt;none&gt;
Headers:		Authorization=Bearer eyJ0eXAiOiJKV1QiLCJhbGciOiJIUzI1NiJ9.eyJpZCI6IjUwMDAzN2NkLTJjZmQtNGRhNC1iZWQ3LTU3Mzg0ZGViMDYyYiIsImZpcnN0TmFtZSI6IkZlZGVyYXRlZCIsImxhc3ROYW1lIjoiRXh0ZXJuYWwiLCJlbWFpbCI6ImNocmlzdG9waGVyLm1vcmR1ZUBtdWxlc29mdC5jb20iLCJ1c2VybmFtZSI6ImZlZGVyYXRlZF9leHRlcm5hbCIsIm9yZ2FuaXphdGlvbiI6eyJpZCI6IjUwMDBkYjk1LWM1ZDQtNDg3Zi05MjVlLTNmODJmMTVhNTQ5OSIsIm5hbWUiOiJGZWRlcmF0ZWQgSW5jIEV4dGVybmFsIEF1dGhvcml6YXRpb24iLCJkb21haW4iOiJmZWRlcmF0ZWQtZXh0ZXJuYWwiLCJlbnRpdGxlbWVudHMiOnsiaHlicmlkIjp7ImVuYWJsZWQiOmZhbHNlfSwiY3JlYXRlU3ViT3JncyI6dHJ1ZSwidkNvcmVzUHJvZHVjdGlvbiI6eyJhc3NpZ25lZCI6MSwicmVhc3NpZ25lZCI6MH0sInZDb3Jlc1NhbmRib3giOnsiYXNzaWduZWQiOjEsInJlYXNzaWduZWQiOjB9LCJnbG9iYWxEZXBsb3ltZW50IjpmYWxzZSwid29ya2VyTG9nZ2luZ092ZXJyaWRlIjp7ImVuYWJsZWQiOmZhbHNlfSwiZ2F0ZXdheXMiOnsiYXNzaWduZWQiOjB9LCJjcmVhdGVFbnZpcm9ubWVudHMiOnRydWUsInBhcnRuZXJzUHJvZHVjdGlvbiI6eyJhc3NpZ25lZCI6MH0sInBhcnRuZXJzU2FuZGJveCI6eyJhc3NpZ25lZCI6MH0sImF1dG9zY2FsaW5nIjpmYWxzZSwic3RhdGljSXBzIjp7ImFzc2lnbmVkIjowLCJyZWFzc2lnbmVkIjowfSwiYXJtQWxlcnRzIjpmYWxzZSwiYXBpcyI6eyJlbmFibGVkIjp0cnVlfSwibXFNZXNzYWdlcyI6eyJiYXNlIjowLCJhZGRPbiI6MH0sIm1xUmVxdWVzdHMiOnsiYmFzZSI6MCwiYWRkT24iOjB9LCJleHRlcm5hbElkZW50aXR5Ijp0cnVlLCJtcUFkdmFuY2VkRmVhdHVyZXMiOnsiZW5hYmxlZCI6ZmFsc2V9LCJ2cGNzIjp7ImFzc2lnbmVkIjowLCJyZWFzc2lnbmVkIjowfSwiaHlicmlkSW5zaWdodCI6ZmFsc2UsImRlc2lnbkNlbnRlciI6eyJtb3phcnQiOmZhbHNlLCJhcGkiOmZhbHNlfSwib2JqZWN0U3RvcmVSZXF1ZXN0VW5pdHMiOnsiYmFzZSI6MTUwMDAwMDAsImFkZE9uIjowfSwib2JqZWN0U3RvcmVLZXlzIjp7ImJhc2UiOjEwMDAwMCwiYWRkT24iOjB9LCJjYW0iOnsiZW5hYmxlZCI6ZmFsc2V9LCJsb2FkQmFsYW5jZXIiOnsiYXNzaWduZWQiOjAsInJlYXNzaWduZWQiOjB9LCJtZXNzYWdpbmciOnsiYXNzaWduZWQiOjB9fSwiZXh0ZXJuYWxBdXRob3JpemF0aW9uIjp0cnVlLCJleHRlcm5hbEF1dGhvcml6YXRpb25Qcm92aWRlciI6eyJuYW1lIjoiUG9ydGFsIEFwcGxpY2F0aW9uIE1hbmFnZW1lbnQgU3lzdGVtIChQQU1TKSIsInVybCI6Imh0dHBzOi8vd3NneC10ZXN0LmNpc2NvLmNvbS9wYW1zL2x0L2NlcG1TZXJ2aWNlL3YxLjUvbWdyc3J2cyIsInZlcnNpb24iOiIxLjUifSwiaWRlbnRpdHlNYW5hZ2VtZW50Ijp7InR5cGUiOiJQaW5nRmVkZXJhdGUifSwib2F1dGgyU2V0dGluZ3MiOnsiYXV0aG9yaXphdGlvbkdyYW50cyI6WyJjb2RlIiwidG9rZW4iLCJvd25lciIsImNyZWRlbnRpYWxzIl0sImF1dGhvcml6YXRpb25VcmkiOiJodHRwczovL2Nsb3Vkc3NvLXRlc3QuY2lzY28uY29tL2FzL2F1dGhvcml6YXRpb24ub2F1dGgyIiwiYWNjZXNzVG9rZW5VcmkiOiJodHRwczovL2Nsb3Vkc3NvLXRlc3QuY2lzY28uY29tL2FzL3Rva2VuLm9hdXRoMiIsImdyYW50VHlwZXMiOlt7Im5hbWUiOiJwYXNzd29yZCIsImxhYmVsIjoiUmVzb3VyY2UgT3duZXIgR3JhbnQiLCJyZXF1aXJlZCI6ZmFsc2UsImV4Y2x1ZGUiOltdLCJkZXBlbmRzIjpbXX0seyJuYW1lIjoiaW1wbGljaXQiLCJsYWJlbCI6IkltcGxpY2l0IEdyYW50IiwicmVxdWlyZWQiOmZhbHNlLCJleGNsdWRlIjpbXSwiZGVwZW5kcyI6W119LHsibmFtZSI6ImNsaWVudF9jcmVkZW50aWFscyIsImxhYmVsIjoiQ2xpZW50IENyZWRlbnRpYWxzIEdyYW50IiwicmVxdWlyZWQiOmZhbHNlLCJleGNsdWRlIjpbXSwiZGVwZW5kcyI6W119LHsibmFtZSI6ImF1dGhvcml6YXRpb25fY29kZSIsImxhYmVsIjoiQXV0aG9yaXphdGlvbiBDb2RlIEdyYW50IiwicmVxdWlyZWQiOmZhbHNlLCJleGNsdWRlIjpbXSwiZGVwZW5kcyI6W119LHsibmFtZSI6InJlZnJlc2hfdG9rZW4iLCJsYWJlbCI6IlJlZnJlc2ggVG9rZW4iLCJyZXF1aXJlZCI6ZmFsc2UsImV4Y2x1ZGUiOltdLCJkZXBlbmRzIjpbImF1dGhvcml6YXRpb25fY29kZSIsInBhc3N3b3JkIl19XX19LCJpbnRlcmFjdGl2ZUxvZ2luIjp0cnVlLCJ0b2tlbiI6ImEyYzg0ODE1LThjYjgtNGE3Ni1iNmU0LTg4MGM3ZTc2MGNlYiIsImlhdCI6MTQ4NjU4Njc4OCwiYXVkIjoiaHR0cDovL2FwaS1wbGF0Zm9ybS1hcGkvcmVwb3NpdG9yeSIsImlzcyI6Imh0dHA6Ly9hcGktcGxhdGZvcm0tYXBpL3JlcG9zaXRvcnkifQ.YOsto-KJMgjQZxFXe6FFipYd8TIh4P1HIlJ5Tg6a9Ps
				Accept=*/*
				Content-Type=text/plain; charset=UTF-8
Cookies:		&lt;none&gt;
Body:			&lt;none&gt;
Request method:	DELETE
Request path:	https://qax.anypoint.mulesoft.com/apiplatform/repository/v2/organizations/5000db95-c5d4-487f-925e-3f82f15a5499/apis/2053/versions/2161/contracts/30240
Proxy:			&lt;none&gt;
Request params:	&lt;none&gt;
Query params:	&lt;none&gt;
Form params:	&lt;none&gt;
Path params:	&lt;none&gt;
Multiparts:		&lt;none&gt;
Headers:		Authorization=Bearer eyJ0eXAiOiJKV1QiLCJhbGciOiJIUzI1NiJ9.eyJpZCI6IjUwMDAzN2NkLTJjZmQtNGRhNC1iZWQ3LTU3Mzg0ZGViMDYyYiIsImZpcnN0TmFtZSI6IkZlZGVyYXRlZCIsImxhc3ROYW1lIjoiRXh0ZXJuYWwiLCJlbWFpbCI6ImNocmlzdG9waGVyLm1vcmR1ZUBtdWxlc29mdC5jb20iLCJ1c2VybmFtZSI6ImZlZGVyYXRlZF9leHRlcm5hbCIsIm9yZ2FuaXphdGlvbiI6eyJpZCI6IjUwMDBkYjk1LWM1ZDQtNDg3Zi05MjVlLTNmODJmMTVhNTQ5OSIsIm5hbWUiOiJGZWRlcmF0ZWQgSW5jIEV4dGVybmFsIEF1dGhvcml6YXRpb24iLCJkb21haW4iOiJmZWRlcmF0ZWQtZXh0ZXJuYWwiLCJlbnRpdGxlbWVudHMiOnsiaHlicmlkIjp7ImVuYWJsZWQiOmZhbHNlfSwiY3JlYXRlU3ViT3JncyI6dHJ1ZSwidkNvcmVzUHJvZHVjdGlvbiI6eyJhc3NpZ25lZCI6MSwicmVhc3NpZ25lZCI6MH0sInZDb3Jlc1NhbmRib3giOnsiYXNzaWduZWQiOjEsInJlYXNzaWduZWQiOjB9LCJnbG9iYWxEZXBsb3ltZW50IjpmYWxzZSwid29ya2VyTG9nZ2luZ092ZXJyaWRlIjp7ImVuYWJsZWQiOmZhbHNlfSwiZ2F0ZXdheXMiOnsiYXNzaWduZWQiOjB9LCJjcmVhdGVFbnZpcm9ubWVudHMiOnRydWUsInBhcnRuZXJzUHJvZHVjdGlvbiI6eyJhc3NpZ25lZCI6MH0sInBhcnRuZXJzU2FuZGJveCI6eyJhc3NpZ25lZCI6MH0sImF1dG9zY2FsaW5nIjpmYWxzZSwic3RhdGljSXBzIjp7ImFzc2lnbmVkIjowLCJyZWFzc2lnbmVkIjowfSwiYXJtQWxlcnRzIjpmYWxzZSwiYXBpcyI6eyJlbmFibGVkIjp0cnVlfSwibXFNZXNzYWdlcyI6eyJiYXNlIjowLCJhZGRPbiI6MH0sIm1xUmVxdWVzdHMiOnsiYmFzZSI6MCwiYWRkT24iOjB9LCJleHRlcm5hbElkZW50aXR5Ijp0cnVlLCJtcUFkdmFuY2VkRmVhdHVyZXMiOnsiZW5hYmxlZCI6ZmFsc2V9LCJ2cGNzIjp7ImFzc2lnbmVkIjowLCJyZWFzc2lnbmVkIjowfSwiaHlicmlkSW5zaWdodCI6ZmFsc2UsImRlc2lnbkNlbnRlciI6eyJtb3phcnQiOmZhbHNlLCJhcGkiOmZhbHNlfSwib2JqZWN0U3RvcmVSZXF1ZXN0VW5pdHMiOnsiYmFzZSI6MTUwMDAwMDAsImFkZE9uIjowfSwib2JqZWN0U3RvcmVLZXlzIjp7ImJhc2UiOjEwMDAwMCwiYWRkT24iOjB9LCJjYW0iOnsiZW5hYmxlZCI6ZmFsc2V9LCJsb2FkQmFsYW5jZXIiOnsiYXNzaWduZWQiOjAsInJlYXNzaWduZWQiOjB9LCJtZXNzYWdpbmciOnsiYXNzaWduZWQiOjB9fSwiZXh0ZXJuYWxBdXRob3JpemF0aW9uIjp0cnVlLCJleHRlcm5hbEF1dGhvcml6YXRpb25Qcm92aWRlciI6eyJuYW1lIjoiUG9ydGFsIEFwcGxpY2F0aW9uIE1hbmFnZW1lbnQgU3lzdGVtIChQQU1TKSIsInVybCI6Imh0dHBzOi8vd3NneC10ZXN0LmNpc2NvLmNvbS9wYW1zL2x0L2NlcG1TZXJ2aWNlL3YxLjUvbWdyc3J2cyIsInZlcnNpb24iOiIxLjUifSwiaWRlbnRpdHlNYW5hZ2VtZW50Ijp7InR5cGUiOiJQaW5nRmVkZXJhdGUifSwib2F1dGgyU2V0dGluZ3MiOnsiYXV0aG9yaXphdGlvbkdyYW50cyI6WyJjb2RlIiwidG9rZW4iLCJvd25lciIsImNyZWRlbnRpYWxzIl0sImF1dGhvcml6YXRpb25VcmkiOiJodHRwczovL2Nsb3Vkc3NvLXRlc3QuY2lzY28uY29tL2FzL2F1dGhvcml6YXRpb24ub2F1dGgyIiwiYWNjZXNzVG9rZW5VcmkiOiJodHRwczovL2Nsb3Vkc3NvLXRlc3QuY2lzY28uY29tL2FzL3Rva2VuLm9hdXRoMiIsImdyYW50VHlwZXMiOlt7Im5hbWUiOiJwYXNzd29yZCIsImxhYmVsIjoiUmVzb3VyY2UgT3duZXIgR3JhbnQiLCJyZXF1aXJlZCI6ZmFsc2UsImV4Y2x1ZGUiOltdLCJkZXBlbmRzIjpbXX0seyJuYW1lIjoiaW1wbGljaXQiLCJsYWJlbCI6IkltcGxpY2l0IEdyYW50IiwicmVxdWlyZWQiOmZhbHNlLCJleGNsdWRlIjpbXSwiZGVwZW5kcyI6W119LHsibmFtZSI6ImNsaWVudF9jcmVkZW50aWFscyIsImxhYmVsIjoiQ2xpZW50IENyZWRlbnRpYWxzIEdyYW50IiwicmVxdWlyZWQiOmZhbHNlLCJleGNsdWRlIjpbXSwiZGVwZW5kcyI6W119LHsibmFtZSI6ImF1dGhvcml6YXRpb25fY29kZSIsImxhYmVsIjoiQXV0aG9yaXphdGlvbiBDb2RlIEdyYW50IiwicmVxdWlyZWQiOmZhbHNlLCJleGNsdWRlIjpbXSwiZGVwZW5kcyI6W119LHsibmFtZSI6InJlZnJlc2hfdG9rZW4iLCJsYWJlbCI6IlJlZnJlc2ggVG9rZW4iLCJyZXF1aXJlZCI6ZmFsc2UsImV4Y2x1ZGUiOltdLCJkZXBlbmRzIjpbImF1dGhvcml6YXRpb25fY29kZSIsInBhc3N3b3JkIl19XX19LCJpbnRlcmFjdGl2ZUxvZ2luIjp0cnVlLCJ0b2tlbiI6ImEyYzg0ODE1LThjYjgtNGE3Ni1iNmU0LTg4MGM3ZTc2MGNlYiIsImlhdCI6MTQ4NjU4Njc4OCwiYXVkIjoiaHR0cDovL2FwaS1wbGF0Zm9ybS1hcGkvcmVwb3NpdG9yeSIsImlzcyI6Imh0dHA6Ly9hcGktcGxhdGZvcm0tYXBpL3JlcG9zaXRvcnkifQ.YOsto-KJMgjQZxFXe6FFipYd8TIh4P1HIlJ5Tg6a9Ps
				Accept=*/*
				Content-Type=text/plain; charset=UTF-8
Cookies:		&lt;none&gt;
Body:			&lt;none&gt;
Request method:	DELETE
Request path:	https://qax.anypoint.mulesoft.com/apiplatform/repository/v2/organizations/5000db95-c5d4-487f-925e-3f82f15a5499/apis/2053/versions/2161/contracts/30217
Proxy:			&lt;none&gt;
Request params:	&lt;none&gt;
Query params:	&lt;none&gt;
Form params:	&lt;none&gt;
Path params:	&lt;none&gt;
Multiparts:		&lt;none&gt;
Headers:		Authorization=Bearer eyJ0eXAiOiJKV1QiLCJhbGciOiJIUzI1NiJ9.eyJpZCI6IjUwMDAzN2NkLTJjZmQtNGRhNC1iZWQ3LTU3Mzg0ZGViMDYyYiIsImZpcnN0TmFtZSI6IkZlZGVyYXRlZCIsImxhc3ROYW1lIjoiRXh0ZXJuYWwiLCJlbWFpbCI6ImNocmlzdG9waGVyLm1vcmR1ZUBtdWxlc29mdC5jb20iLCJ1c2VybmFtZSI6ImZlZGVyYXRlZF9leHRlcm5hbCIsIm9yZ2FuaXphdGlvbiI6eyJpZCI6IjUwMDBkYjk1LWM1ZDQtNDg3Zi05MjVlLTNmODJmMTVhNTQ5OSIsIm5hbWUiOiJGZWRlcmF0ZWQgSW5jIEV4dGVybmFsIEF1dGhvcml6YXRpb24iLCJkb21haW4iOiJmZWRlcmF0ZWQtZXh0ZXJuYWwiLCJlbnRpdGxlbWVudHMiOnsiaHlicmlkIjp7ImVuYWJsZWQiOmZhbHNlfSwiY3JlYXRlU3ViT3JncyI6dHJ1ZSwidkNvcmVzUHJvZHVjdGlvbiI6eyJhc3NpZ25lZCI6MSwicmVhc3NpZ25lZCI6MH0sInZDb3Jlc1NhbmRib3giOnsiYXNzaWduZWQiOjEsInJlYXNzaWduZWQiOjB9LCJnbG9iYWxEZXBsb3ltZW50IjpmYWxzZSwid29ya2VyTG9nZ2luZ092ZXJyaWRlIjp7ImVuYWJsZWQiOmZhbHNlfSwiZ2F0ZXdheXMiOnsiYXNzaWduZWQiOjB9LCJjcmVhdGVFbnZpcm9ubWVudHMiOnRydWUsInBhcnRuZXJzUHJvZHVjdGlvbiI6eyJhc3NpZ25lZCI6MH0sInBhcnRuZXJzU2FuZGJveCI6eyJhc3NpZ25lZCI6MH0sImF1dG9zY2FsaW5nIjpmYWxzZSwic3RhdGljSXBzIjp7ImFzc2lnbmVkIjowLCJyZWFzc2lnbmVkIjowfSwiYXJtQWxlcnRzIjpmYWxzZSwiYXBpcyI6eyJlbmFibGVkIjp0cnVlfSwibXFNZXNzYWdlcyI6eyJiYXNlIjowLCJhZGRPbiI6MH0sIm1xUmVxdWVzdHMiOnsiYmFzZSI6MCwiYWRkT24iOjB9LCJleHRlcm5hbElkZW50aXR5Ijp0cnVlLCJtcUFkdmFuY2VkRmVhdHVyZXMiOnsiZW5hYmxlZCI6ZmFsc2V9LCJ2cGNzIjp7ImFzc2lnbmVkIjowLCJyZWFzc2lnbmVkIjowfSwiaHlicmlkSW5zaWdodCI6ZmFsc2UsImRlc2lnbkNlbnRlciI6eyJtb3phcnQiOmZhbHNlLCJhcGkiOmZhbHNlfSwib2JqZWN0U3RvcmVSZXF1ZXN0VW5pdHMiOnsiYmFzZSI6MTUwMDAwMDAsImFkZE9uIjowfSwib2JqZWN0U3RvcmVLZXlzIjp7ImJhc2UiOjEwMDAwMCwiYWRkT24iOjB9LCJjYW0iOnsiZW5hYmxlZCI6ZmFsc2V9LCJsb2FkQmFsYW5jZXIiOnsiYXNzaWduZWQiOjAsInJlYXNzaWduZWQiOjB9LCJtZXNzYWdpbmciOnsiYXNzaWduZWQiOjB9fSwiZXh0ZXJuYWxBdXRob3JpemF0aW9uIjp0cnVlLCJleHRlcm5hbEF1dGhvcml6YXRpb25Qcm92aWRlciI6eyJuYW1lIjoiUG9ydGFsIEFwcGxpY2F0aW9uIE1hbmFnZW1lbnQgU3lzdGVtIChQQU1TKSIsInVybCI6Imh0dHBzOi8vd3NneC10ZXN0LmNpc2NvLmNvbS9wYW1zL2x0L2NlcG1TZXJ2aWNlL3YxLjUvbWdyc3J2cyIsInZlcnNpb24iOiIxLjUifSwiaWRlbnRpdHlNYW5hZ2VtZW50Ijp7InR5cGUiOiJQaW5nRmVkZXJhdGUifSwib2F1dGgyU2V0dGluZ3MiOnsiYXV0aG9yaXphdGlvbkdyYW50cyI6WyJjb2RlIiwidG9rZW4iLCJvd25lciIsImNyZWRlbnRpYWxzIl0sImF1dGhvcml6YXRpb25VcmkiOiJodHRwczovL2Nsb3Vkc3NvLXRlc3QuY2lzY28uY29tL2FzL2F1dGhvcml6YXRpb24ub2F1dGgyIiwiYWNjZXNzVG9rZW5VcmkiOiJodHRwczovL2Nsb3Vkc3NvLXRlc3QuY2lzY28uY29tL2FzL3Rva2VuLm9hdXRoMiIsImdyYW50VHlwZXMiOlt7Im5hbWUiOiJwYXNzd29yZCIsImxhYmVsIjoiUmVzb3VyY2UgT3duZXIgR3JhbnQiLCJyZXF1aXJlZCI6ZmFsc2UsImV4Y2x1ZGUiOltdLCJkZXBlbmRzIjpbXX0seyJuYW1lIjoiaW1wbGljaXQiLCJsYWJlbCI6IkltcGxpY2l0IEdyYW50IiwicmVxdWlyZWQiOmZhbHNlLCJleGNsdWRlIjpbXSwiZGVwZW5kcyI6W119LHsibmFtZSI6ImNsaWVudF9jcmVkZW50aWFscyIsImxhYmVsIjoiQ2xpZW50IENyZWRlbnRpYWxzIEdyYW50IiwicmVxdWlyZWQiOmZhbHNlLCJleGNsdWRlIjpbXSwiZGVwZW5kcyI6W119LHsibmFtZSI6ImF1dGhvcml6YXRpb25fY29kZSIsImxhYmVsIjoiQXV0aG9yaXphdGlvbiBDb2RlIEdyYW50IiwicmVxdWlyZWQiOmZhbHNlLCJleGNsdWRlIjpbXSwiZGVwZW5kcyI6W119LHsibmFtZSI6InJlZnJlc2hfdG9rZW4iLCJsYWJlbCI6IlJlZnJlc2ggVG9rZW4iLCJyZXF1aXJlZCI6ZmFsc2UsImV4Y2x1ZGUiOltdLCJkZXBlbmRzIjpbImF1dGhvcml6YXRpb25fY29kZSIsInBhc3N3b3JkIl19XX19LCJpbnRlcmFjdGl2ZUxvZ2luIjp0cnVlLCJ0b2tlbiI6ImEyYzg0ODE1LThjYjgtNGE3Ni1iNmU0LTg4MGM3ZTc2MGNlYiIsImlhdCI6MTQ4NjU4Njc4OCwiYXVkIjoiaHR0cDovL2FwaS1wbGF0Zm9ybS1hcGkvcmVwb3NpdG9yeSIsImlzcyI6Imh0dHA6Ly9hcGktcGxhdGZvcm0tYXBpL3JlcG9zaXRvcnkifQ.YOsto-KJMgjQZxFXe6FFipYd8TIh4P1HIlJ5Tg6a9Ps
				Accept=*/*
				Content-Type=text/plain; charset=UTF-8
Cookies:		&lt;none&gt;
Body:			&lt;none&gt;
Request method:	DELETE
Request path:	https://qax.anypoint.mulesoft.com/apiplatform/repository/v2/organizations/5000db95-c5d4-487f-925e-3f82f15a5499/apis/2053/versions/2161/contracts/30260
Proxy:			&lt;none&gt;
Request params:	&lt;none&gt;
Query params:	&lt;none&gt;
Form params:	&lt;none&gt;
Path params:	&lt;none&gt;
Multiparts:		&lt;none&gt;
Headers:		Authorization=Bearer eyJ0eXAiOiJKV1QiLCJhbGciOiJIUzI1NiJ9.eyJpZCI6IjUwMDAzN2NkLTJjZmQtNGRhNC1iZWQ3LTU3Mzg0ZGViMDYyYiIsImZpcnN0TmFtZSI6IkZlZGVyYXRlZCIsImxhc3ROYW1lIjoiRXh0ZXJuYWwiLCJlbWFpbCI6ImNocmlzdG9waGVyLm1vcmR1ZUBtdWxlc29mdC5jb20iLCJ1c2VybmFtZSI6ImZlZGVyYXRlZF9leHRlcm5hbCIsIm9yZ2FuaXphdGlvbiI6eyJpZCI6IjUwMDBkYjk1LWM1ZDQtNDg3Zi05MjVlLTNmODJmMTVhNTQ5OSIsIm5hbWUiOiJGZWRlcmF0ZWQgSW5jIEV4dGVybmFsIEF1dGhvcml6YXRpb24iLCJkb21haW4iOiJmZWRlcmF0ZWQtZXh0ZXJuYWwiLCJlbnRpdGxlbWVudHMiOnsiaHlicmlkIjp7ImVuYWJsZWQiOmZhbHNlfSwiY3JlYXRlU3ViT3JncyI6dHJ1ZSwidkNvcmVzUHJvZHVjdGlvbiI6eyJhc3NpZ25lZCI6MSwicmVhc3NpZ25lZCI6MH0sInZDb3Jlc1NhbmRib3giOnsiYXNzaWduZWQiOjEsInJlYXNzaWduZWQiOjB9LCJnbG9iYWxEZXBsb3ltZW50IjpmYWxzZSwid29ya2VyTG9nZ2luZ092ZXJyaWRlIjp7ImVuYWJsZWQiOmZhbHNlfSwiZ2F0ZXdheXMiOnsiYXNzaWduZWQiOjB9LCJjcmVhdGVFbnZpcm9ubWVudHMiOnRydWUsInBhcnRuZXJzUHJvZHVjdGlvbiI6eyJhc3NpZ25lZCI6MH0sInBhcnRuZXJzU2FuZGJveCI6eyJhc3NpZ25lZCI6MH0sImF1dG9zY2FsaW5nIjpmYWxzZSwic3RhdGljSXBzIjp7ImFzc2lnbmVkIjowLCJyZWFzc2lnbmVkIjowfSwiYXJtQWxlcnRzIjpmYWxzZSwiYXBpcyI6eyJlbmFibGVkIjp0cnVlfSwibXFNZXNzYWdlcyI6eyJiYXNlIjowLCJhZGRPbiI6MH0sIm1xUmVxdWVzdHMiOnsiYmFzZSI6MCwiYWRkT24iOjB9LCJleHRlcm5hbElkZW50aXR5Ijp0cnVlLCJtcUFkdmFuY2VkRmVhdHVyZXMiOnsiZW5hYmxlZCI6ZmFsc2V9LCJ2cGNzIjp7ImFzc2lnbmVkIjowLCJyZWFzc2lnbmVkIjowfSwiaHlicmlkSW5zaWdodCI6ZmFsc2UsImRlc2lnbkNlbnRlciI6eyJtb3phcnQiOmZhbHNlLCJhcGkiOmZhbHNlfSwib2JqZWN0U3RvcmVSZXF1ZXN0VW5pdHMiOnsiYmFzZSI6MTUwMDAwMDAsImFkZE9uIjowfSwib2JqZWN0U3RvcmVLZXlzIjp7ImJhc2UiOjEwMDAwMCwiYWRkT24iOjB9LCJjYW0iOnsiZW5hYmxlZCI6ZmFsc2V9LCJsb2FkQmFsYW5jZXIiOnsiYXNzaWduZWQiOjAsInJlYXNzaWduZWQiOjB9LCJtZXNzYWdpbmciOnsiYXNzaWduZWQiOjB9fSwiZXh0ZXJuYWxBdXRob3JpemF0aW9uIjp0cnVlLCJleHRlcm5hbEF1dGhvcml6YXRpb25Qcm92aWRlciI6eyJuYW1lIjoiUG9ydGFsIEFwcGxpY2F0aW9uIE1hbmFnZW1lbnQgU3lzdGVtIChQQU1TKSIsInVybCI6Imh0dHBzOi8vd3NneC10ZXN0LmNpc2NvLmNvbS9wYW1zL2x0L2NlcG1TZXJ2aWNlL3YxLjUvbWdyc3J2cyIsInZlcnNpb24iOiIxLjUifSwiaWRlbnRpdHlNYW5hZ2VtZW50Ijp7InR5cGUiOiJQaW5nRmVkZXJhdGUifSwib2F1dGgyU2V0dGluZ3MiOnsiYXV0aG9yaXphdGlvbkdyYW50cyI6WyJjb2RlIiwidG9rZW4iLCJvd25lciIsImNyZWRlbnRpYWxzIl0sImF1dGhvcml6YXRpb25VcmkiOiJodHRwczovL2Nsb3Vkc3NvLXRlc3QuY2lzY28uY29tL2FzL2F1dGhvcml6YXRpb24ub2F1dGgyIiwiYWNjZXNzVG9rZW5VcmkiOiJodHRwczovL2Nsb3Vkc3NvLXRlc3QuY2lzY28uY29tL2FzL3Rva2VuLm9hdXRoMiIsImdyYW50VHlwZXMiOlt7Im5hbWUiOiJwYXNzd29yZCIsImxhYmVsIjoiUmVzb3VyY2UgT3duZXIgR3JhbnQiLCJyZXF1aXJlZCI6ZmFsc2UsImV4Y2x1ZGUiOltdLCJkZXBlbmRzIjpbXX0seyJuYW1lIjoiaW1wbGljaXQiLCJsYWJlbCI6IkltcGxpY2l0IEdyYW50IiwicmVxdWlyZWQiOmZhbHNlLCJleGNsdWRlIjpbXSwiZGVwZW5kcyI6W119LHsibmFtZSI6ImNsaWVudF9jcmVkZW50aWFscyIsImxhYmVsIjoiQ2xpZW50IENyZWRlbnRpYWxzIEdyYW50IiwicmVxdWlyZWQiOmZhbHNlLCJleGNsdWRlIjpbXSwiZGVwZW5kcyI6W119LHsibmFtZSI6ImF1dGhvcml6YXRpb25fY29kZSIsImxhYmVsIjoiQXV0aG9yaXphdGlvbiBDb2RlIEdyYW50IiwicmVxdWlyZWQiOmZhbHNlLCJleGNsdWRlIjpbXSwiZGVwZW5kcyI6W119LHsibmFtZSI6InJlZnJlc2hfdG9rZW4iLCJsYWJlbCI6IlJlZnJlc2ggVG9rZW4iLCJyZXF1aXJlZCI6ZmFsc2UsImV4Y2x1ZGUiOltdLCJkZXBlbmRzIjpbImF1dGhvcml6YXRpb25fY29kZSIsInBhc3N3b3JkIl19XX19LCJpbnRlcmFjdGl2ZUxvZ2luIjp0cnVlLCJ0b2tlbiI6ImEyYzg0ODE1LThjYjgtNGE3Ni1iNmU0LTg4MGM3ZTc2MGNlYiIsImlhdCI6MTQ4NjU4Njc4OCwiYXVkIjoiaHR0cDovL2FwaS1wbGF0Zm9ybS1hcGkvcmVwb3NpdG9yeSIsImlzcyI6Imh0dHA6Ly9hcGktcGxhdGZvcm0tYXBpL3JlcG9zaXRvcnkifQ.YOsto-KJMgjQZxFXe6FFipYd8TIh4P1HIlJ5Tg6a9Ps
				Accept=*/*
				Content-Type=text/plain; charset=UTF-8
Cookies:		&lt;none&gt;
Body:			&lt;none&gt;
Request method:	DELETE
Request path:	https://qax.anypoint.mulesoft.com/apiplatform/repository/v2/organizations/5000db95-c5d4-487f-925e-3f82f15a5499/apis/2053/versions/2161/contracts/30265
Proxy:			&lt;none&gt;
Request params:	&lt;none&gt;
Query params:	&lt;none&gt;
Form params:	&lt;none&gt;
Path params:	&lt;none&gt;
Multiparts:		&lt;none&gt;
Headers:		Authorization=Bearer eyJ0eXAiOiJKV1QiLCJhbGciOiJIUzI1NiJ9.eyJpZCI6IjUwMDAzN2NkLTJjZmQtNGRhNC1iZWQ3LTU3Mzg0ZGViMDYyYiIsImZpcnN0TmFtZSI6IkZlZGVyYXRlZCIsImxhc3ROYW1lIjoiRXh0ZXJuYWwiLCJlbWFpbCI6ImNocmlzdG9waGVyLm1vcmR1ZUBtdWxlc29mdC5jb20iLCJ1c2VybmFtZSI6ImZlZGVyYXRlZF9leHRlcm5hbCIsIm9yZ2FuaXphdGlvbiI6eyJpZCI6IjUwMDBkYjk1LWM1ZDQtNDg3Zi05MjVlLTNmODJmMTVhNTQ5OSIsIm5hbWUiOiJGZWRlcmF0ZWQgSW5jIEV4dGVybmFsIEF1dGhvcml6YXRpb24iLCJkb21haW4iOiJmZWRlcmF0ZWQtZXh0ZXJuYWwiLCJlbnRpdGxlbWVudHMiOnsiaHlicmlkIjp7ImVuYWJsZWQiOmZhbHNlfSwiY3JlYXRlU3ViT3JncyI6dHJ1ZSwidkNvcmVzUHJvZHVjdGlvbiI6eyJhc3NpZ25lZCI6MSwicmVhc3NpZ25lZCI6MH0sInZDb3Jlc1NhbmRib3giOnsiYXNzaWduZWQiOjEsInJlYXNzaWduZWQiOjB9LCJnbG9iYWxEZXBsb3ltZW50IjpmYWxzZSwid29ya2VyTG9nZ2luZ092ZXJyaWRlIjp7ImVuYWJsZWQiOmZhbHNlfSwiZ2F0ZXdheXMiOnsiYXNzaWduZWQiOjB9LCJjcmVhdGVFbnZpcm9ubWVudHMiOnRydWUsInBhcnRuZXJzUHJvZHVjdGlvbiI6eyJhc3NpZ25lZCI6MH0sInBhcnRuZXJzU2FuZGJveCI6eyJhc3NpZ25lZCI6MH0sImF1dG9zY2FsaW5nIjpmYWxzZSwic3RhdGljSXBzIjp7ImFzc2lnbmVkIjowLCJyZWFzc2lnbmVkIjowfSwiYXJtQWxlcnRzIjpmYWxzZSwiYXBpcyI6eyJlbmFibGVkIjp0cnVlfSwibXFNZXNzYWdlcyI6eyJiYXNlIjowLCJhZGRPbiI6MH0sIm1xUmVxdWVzdHMiOnsiYmFzZSI6MCwiYWRkT24iOjB9LCJleHRlcm5hbElkZW50aXR5Ijp0cnVlLCJtcUFkdmFuY2VkRmVhdHVyZXMiOnsiZW5hYmxlZCI6ZmFsc2V9LCJ2cGNzIjp7ImFzc2lnbmVkIjowLCJyZWFzc2lnbmVkIjowfSwiaHlicmlkSW5zaWdodCI6ZmFsc2UsImRlc2lnbkNlbnRlciI6eyJtb3phcnQiOmZhbHNlLCJhcGkiOmZhbHNlfSwib2JqZWN0U3RvcmVSZXF1ZXN0VW5pdHMiOnsiYmFzZSI6MTUwMDAwMDAsImFkZE9uIjowfSwib2JqZWN0U3RvcmVLZXlzIjp7ImJhc2UiOjEwMDAwMCwiYWRkT24iOjB9LCJjYW0iOnsiZW5hYmxlZCI6ZmFsc2V9LCJsb2FkQmFsYW5jZXIiOnsiYXNzaWduZWQiOjAsInJlYXNzaWduZWQiOjB9LCJtZXNzYWdpbmciOnsiYXNzaWduZWQiOjB9fSwiZXh0ZXJuYWxBdXRob3JpemF0aW9uIjp0cnVlLCJleHRlcm5hbEF1dGhvcml6YXRpb25Qcm92aWRlciI6eyJuYW1lIjoiUG9ydGFsIEFwcGxpY2F0aW9uIE1hbmFnZW1lbnQgU3lzdGVtIChQQU1TKSIsInVybCI6Imh0dHBzOi8vd3NneC10ZXN0LmNpc2NvLmNvbS9wYW1zL2x0L2NlcG1TZXJ2aWNlL3YxLjUvbWdyc3J2cyIsInZlcnNpb24iOiIxLjUifSwiaWRlbnRpdHlNYW5hZ2VtZW50Ijp7InR5cGUiOiJQaW5nRmVkZXJhdGUifSwib2F1dGgyU2V0dGluZ3MiOnsiYXV0aG9yaXphdGlvbkdyYW50cyI6WyJjb2RlIiwidG9rZW4iLCJvd25lciIsImNyZWRlbnRpYWxzIl0sImF1dGhvcml6YXRpb25VcmkiOiJodHRwczovL2Nsb3Vkc3NvLXRlc3QuY2lzY28uY29tL2FzL2F1dGhvcml6YXRpb24ub2F1dGgyIiwiYWNjZXNzVG9rZW5VcmkiOiJodHRwczovL2Nsb3Vkc3NvLXRlc3QuY2lzY28uY29tL2FzL3Rva2VuLm9hdXRoMiIsImdyYW50VHlwZXMiOlt7Im5hbWUiOiJwYXNzd29yZCIsImxhYmVsIjoiUmVzb3VyY2UgT3duZXIgR3JhbnQiLCJyZXF1aXJlZCI6ZmFsc2UsImV4Y2x1ZGUiOltdLCJkZXBlbmRzIjpbXX0seyJuYW1lIjoiaW1wbGljaXQiLCJsYWJlbCI6IkltcGxpY2l0IEdyYW50IiwicmVxdWlyZWQiOmZhbHNlLCJleGNsdWRlIjpbXSwiZGVwZW5kcyI6W119LHsibmFtZSI6ImNsaWVudF9jcmVkZW50aWFscyIsImxhYmVsIjoiQ2xpZW50IENyZWRlbnRpYWxzIEdyYW50IiwicmVxdWlyZWQiOmZhbHNlLCJleGNsdWRlIjpbXSwiZGVwZW5kcyI6W119LHsibmFtZSI6ImF1dGhvcml6YXRpb25fY29kZSIsImxhYmVsIjoiQXV0aG9yaXphdGlvbiBDb2RlIEdyYW50IiwicmVxdWlyZWQiOmZhbHNlLCJleGNsdWRlIjpbXSwiZGVwZW5kcyI6W119LHsibmFtZSI6InJlZnJlc2hfdG9rZW4iLCJsYWJlbCI6IlJlZnJlc2ggVG9rZW4iLCJyZXF1aXJlZCI6ZmFsc2UsImV4Y2x1ZGUiOltdLCJkZXBlbmRzIjpbImF1dGhvcml6YXRpb25fY29kZSIsInBhc3N3b3JkIl19XX19LCJpbnRlcmFjdGl2ZUxvZ2luIjp0cnVlLCJ0b2tlbiI6ImEyYzg0ODE1LThjYjgtNGE3Ni1iNmU0LTg4MGM3ZTc2MGNlYiIsImlhdCI6MTQ4NjU4Njc4OCwiYXVkIjoiaHR0cDovL2FwaS1wbGF0Zm9ybS1hcGkvcmVwb3NpdG9yeSIsImlzcyI6Imh0dHA6Ly9hcGktcGxhdGZvcm0tYXBpL3JlcG9zaXRvcnkifQ.YOsto-KJMgjQZxFXe6FFipYd8TIh4P1HIlJ5Tg6a9Ps
				Accept=*/*
				Content-Type=text/plain; charset=UTF-8
Cookies:		&lt;none&gt;
Body:			&lt;none&gt;
Request method:	DELETE
Request path:	https://qax.anypoint.mulesoft.com/apiplatform/repository/v2/organizations/5000db95-c5d4-487f-925e-3f82f15a5499/apis/2053/versions/2161/contracts/30231
Proxy:			&lt;none&gt;
Request params:	&lt;none&gt;
Query params:	&lt;none&gt;
Form params:	&lt;none&gt;
Path params:	&lt;none&gt;
Multiparts:		&lt;none&gt;
Headers:		Authorization=Bearer eyJ0eXAiOiJKV1QiLCJhbGciOiJIUzI1NiJ9.eyJpZCI6IjUwMDAzN2NkLTJjZmQtNGRhNC1iZWQ3LTU3Mzg0ZGViMDYyYiIsImZpcnN0TmFtZSI6IkZlZGVyYXRlZCIsImxhc3ROYW1lIjoiRXh0ZXJuYWwiLCJlbWFpbCI6ImNocmlzdG9waGVyLm1vcmR1ZUBtdWxlc29mdC5jb20iLCJ1c2VybmFtZSI6ImZlZGVyYXRlZF9leHRlcm5hbCIsIm9yZ2FuaXphdGlvbiI6eyJpZCI6IjUwMDBkYjk1LWM1ZDQtNDg3Zi05MjVlLTNmODJmMTVhNTQ5OSIsIm5hbWUiOiJGZWRlcmF0ZWQgSW5jIEV4dGVybmFsIEF1dGhvcml6YXRpb24iLCJkb21haW4iOiJmZWRlcmF0ZWQtZXh0ZXJuYWwiLCJlbnRpdGxlbWVudHMiOnsiaHlicmlkIjp7ImVuYWJsZWQiOmZhbHNlfSwiY3JlYXRlU3ViT3JncyI6dHJ1ZSwidkNvcmVzUHJvZHVjdGlvbiI6eyJhc3NpZ25lZCI6MSwicmVhc3NpZ25lZCI6MH0sInZDb3Jlc1NhbmRib3giOnsiYXNzaWduZWQiOjEsInJlYXNzaWduZWQiOjB9LCJnbG9iYWxEZXBsb3ltZW50IjpmYWxzZSwid29ya2VyTG9nZ2luZ092ZXJyaWRlIjp7ImVuYWJsZWQiOmZhbHNlfSwiZ2F0ZXdheXMiOnsiYXNzaWduZWQiOjB9LCJjcmVhdGVFbnZpcm9ubWVudHMiOnRydWUsInBhcnRuZXJzUHJvZHVjdGlvbiI6eyJhc3NpZ25lZCI6MH0sInBhcnRuZXJzU2FuZGJveCI6eyJhc3NpZ25lZCI6MH0sImF1dG9zY2FsaW5nIjpmYWxzZSwic3RhdGljSXBzIjp7ImFzc2lnbmVkIjowLCJyZWFzc2lnbmVkIjowfSwiYXJtQWxlcnRzIjpmYWxzZSwiYXBpcyI6eyJlbmFibGVkIjp0cnVlfSwibXFNZXNzYWdlcyI6eyJiYXNlIjowLCJhZGRPbiI6MH0sIm1xUmVxdWVzdHMiOnsiYmFzZSI6MCwiYWRkT24iOjB9LCJleHRlcm5hbElkZW50aXR5Ijp0cnVlLCJtcUFkdmFuY2VkRmVhdHVyZXMiOnsiZW5hYmxlZCI6ZmFsc2V9LCJ2cGNzIjp7ImFzc2lnbmVkIjowLCJyZWFzc2lnbmVkIjowfSwiaHlicmlkSW5zaWdodCI6ZmFsc2UsImRlc2lnbkNlbnRlciI6eyJtb3phcnQiOmZhbHNlLCJhcGkiOmZhbHNlfSwib2JqZWN0U3RvcmVSZXF1ZXN0VW5pdHMiOnsiYmFzZSI6MTUwMDAwMDAsImFkZE9uIjowfSwib2JqZWN0U3RvcmVLZXlzIjp7ImJhc2UiOjEwMDAwMCwiYWRkT24iOjB9LCJjYW0iOnsiZW5hYmxlZCI6ZmFsc2V9LCJsb2FkQmFsYW5jZXIiOnsiYXNzaWduZWQiOjAsInJlYXNzaWduZWQiOjB9LCJtZXNzYWdpbmciOnsiYXNzaWduZWQiOjB9fSwiZXh0ZXJuYWxBdXRob3JpemF0aW9uIjp0cnVlLCJleHRlcm5hbEF1dGhvcml6YXRpb25Qcm92aWRlciI6eyJuYW1lIjoiUG9ydGFsIEFwcGxpY2F0aW9uIE1hbmFnZW1lbnQgU3lzdGVtIChQQU1TKSIsInVybCI6Imh0dHBzOi8vd3NneC10ZXN0LmNpc2NvLmNvbS9wYW1zL2x0L2NlcG1TZXJ2aWNlL3YxLjUvbWdyc3J2cyIsInZlcnNpb24iOiIxLjUifSwiaWRlbnRpdHlNYW5hZ2VtZW50Ijp7InR5cGUiOiJQaW5nRmVkZXJhdGUifSwib2F1dGgyU2V0dGluZ3MiOnsiYXV0aG9yaXphdGlvbkdyYW50cyI6WyJjb2RlIiwidG9rZW4iLCJvd25lciIsImNyZWRlbnRpYWxzIl0sImF1dGhvcml6YXRpb25VcmkiOiJodHRwczovL2Nsb3Vkc3NvLXRlc3QuY2lzY28uY29tL2FzL2F1dGhvcml6YXRpb24ub2F1dGgyIiwiYWNjZXNzVG9rZW5VcmkiOiJodHRwczovL2Nsb3Vkc3NvLXRlc3QuY2lzY28uY29tL2FzL3Rva2VuLm9hdXRoMiIsImdyYW50VHlwZXMiOlt7Im5hbWUiOiJwYXNzd29yZCIsImxhYmVsIjoiUmVzb3VyY2UgT3duZXIgR3JhbnQiLCJyZXF1aXJlZCI6ZmFsc2UsImV4Y2x1ZGUiOltdLCJkZXBlbmRzIjpbXX0seyJuYW1lIjoiaW1wbGljaXQiLCJsYWJlbCI6IkltcGxpY2l0IEdyYW50IiwicmVxdWlyZWQiOmZhbHNlLCJleGNsdWRlIjpbXSwiZGVwZW5kcyI6W119LHsibmFtZSI6ImNsaWVudF9jcmVkZW50aWFscyIsImxhYmVsIjoiQ2xpZW50IENyZWRlbnRpYWxzIEdyYW50IiwicmVxdWlyZWQiOmZhbHNlLCJleGNsdWRlIjpbXSwiZGVwZW5kcyI6W119LHsibmFtZSI6ImF1dGhvcml6YXRpb25fY29kZSIsImxhYmVsIjoiQXV0aG9yaXphdGlvbiBDb2RlIEdyYW50IiwicmVxdWlyZWQiOmZhbHNlLCJleGNsdWRlIjpbXSwiZGVwZW5kcyI6W119LHsibmFtZSI6InJlZnJlc2hfdG9rZW4iLCJsYWJlbCI6IlJlZnJlc2ggVG9rZW4iLCJyZXF1aXJlZCI6ZmFsc2UsImV4Y2x1ZGUiOltdLCJkZXBlbmRzIjpbImF1dGhvcml6YXRpb25fY29kZSIsInBhc3N3b3JkIl19XX19LCJpbnRlcmFjdGl2ZUxvZ2luIjp0cnVlLCJ0b2tlbiI6ImEyYzg0ODE1LThjYjgtNGE3Ni1iNmU0LTg4MGM3ZTc2MGNlYiIsImlhdCI6MTQ4NjU4Njc4OCwiYXVkIjoiaHR0cDovL2FwaS1wbGF0Zm9ybS1hcGkvcmVwb3NpdG9yeSIsImlzcyI6Imh0dHA6Ly9hcGktcGxhdGZvcm0tYXBpL3JlcG9zaXRvcnkifQ.YOsto-KJMgjQZxFXe6FFipYd8TIh4P1HIlJ5Tg6a9Ps
				Accept=*/*
				Content-Type=text/plain; charset=UTF-8
Cookies:		&lt;none&gt;
Body:			&lt;none&gt;
Request method:	DELETE
Request path:	https://qax.anypoint.mulesoft.com/apiplatform/repository/v2/organizations/5000db95-c5d4-487f-925e-3f82f15a5499/apis/2053/versions/2161/contracts/30193
Proxy:			&lt;none&gt;
Request params:	&lt;none&gt;
Query params:	&lt;none&gt;
Form params:	&lt;none&gt;
Path params:	&lt;none&gt;
Multiparts:		&lt;none&gt;
Headers:		Authorization=Bearer eyJ0eXAiOiJKV1QiLCJhbGciOiJIUzI1NiJ9.eyJpZCI6IjUwMDAzN2NkLTJjZmQtNGRhNC1iZWQ3LTU3Mzg0ZGViMDYyYiIsImZpcnN0TmFtZSI6IkZlZGVyYXRlZCIsImxhc3ROYW1lIjoiRXh0ZXJuYWwiLCJlbWFpbCI6ImNocmlzdG9waGVyLm1vcmR1ZUBtdWxlc29mdC5jb20iLCJ1c2VybmFtZSI6ImZlZGVyYXRlZF9leHRlcm5hbCIsIm9yZ2FuaXphdGlvbiI6eyJpZCI6IjUwMDBkYjk1LWM1ZDQtNDg3Zi05MjVlLTNmODJmMTVhNTQ5OSIsIm5hbWUiOiJGZWRlcmF0ZWQgSW5jIEV4dGVybmFsIEF1dGhvcml6YXRpb24iLCJkb21haW4iOiJmZWRlcmF0ZWQtZXh0ZXJuYWwiLCJlbnRpdGxlbWVudHMiOnsiaHlicmlkIjp7ImVuYWJsZWQiOmZhbHNlfSwiY3JlYXRlU3ViT3JncyI6dHJ1ZSwidkNvcmVzUHJvZHVjdGlvbiI6eyJhc3NpZ25lZCI6MSwicmVhc3NpZ25lZCI6MH0sInZDb3Jlc1NhbmRib3giOnsiYXNzaWduZWQiOjEsInJlYXNzaWduZWQiOjB9LCJnbG9iYWxEZXBsb3ltZW50IjpmYWxzZSwid29ya2VyTG9nZ2luZ092ZXJyaWRlIjp7ImVuYWJsZWQiOmZhbHNlfSwiZ2F0ZXdheXMiOnsiYXNzaWduZWQiOjB9LCJjcmVhdGVFbnZpcm9ubWVudHMiOnRydWUsInBhcnRuZXJzUHJvZHVjdGlvbiI6eyJhc3NpZ25lZCI6MH0sInBhcnRuZXJzU2FuZGJveCI6eyJhc3NpZ25lZCI6MH0sImF1dG9zY2FsaW5nIjpmYWxzZSwic3RhdGljSXBzIjp7ImFzc2lnbmVkIjowLCJyZWFzc2lnbmVkIjowfSwiYXJtQWxlcnRzIjpmYWxzZSwiYXBpcyI6eyJlbmFibGVkIjp0cnVlfSwibXFNZXNzYWdlcyI6eyJiYXNlIjowLCJhZGRPbiI6MH0sIm1xUmVxdWVzdHMiOnsiYmFzZSI6MCwiYWRkT24iOjB9LCJleHRlcm5hbElkZW50aXR5Ijp0cnVlLCJtcUFkdmFuY2VkRmVhdHVyZXMiOnsiZW5hYmxlZCI6ZmFsc2V9LCJ2cGNzIjp7ImFzc2lnbmVkIjowLCJyZWFzc2lnbmVkIjowfSwiaHlicmlkSW5zaWdodCI6ZmFsc2UsImRlc2lnbkNlbnRlciI6eyJtb3phcnQiOmZhbHNlLCJhcGkiOmZhbHNlfSwib2JqZWN0U3RvcmVSZXF1ZXN0VW5pdHMiOnsiYmFzZSI6MTUwMDAwMDAsImFkZE9uIjowfSwib2JqZWN0U3RvcmVLZXlzIjp7ImJhc2UiOjEwMDAwMCwiYWRkT24iOjB9LCJjYW0iOnsiZW5hYmxlZCI6ZmFsc2V9LCJsb2FkQmFsYW5jZXIiOnsiYXNzaWduZWQiOjAsInJlYXNzaWduZWQiOjB9LCJtZXNzYWdpbmciOnsiYXNzaWduZWQiOjB9fSwiZXh0ZXJuYWxBdXRob3JpemF0aW9uIjp0cnVlLCJleHRlcm5hbEF1dGhvcml6YXRpb25Qcm92aWRlciI6eyJuYW1lIjoiUG9ydGFsIEFwcGxpY2F0aW9uIE1hbmFnZW1lbnQgU3lzdGVtIChQQU1TKSIsInVybCI6Imh0dHBzOi8vd3NneC10ZXN0LmNpc2NvLmNvbS9wYW1zL2x0L2NlcG1TZXJ2aWNlL3YxLjUvbWdyc3J2cyIsInZlcnNpb24iOiIxLjUifSwiaWRlbnRpdHlNYW5hZ2VtZW50Ijp7InR5cGUiOiJQaW5nRmVkZXJhdGUifSwib2F1dGgyU2V0dGluZ3MiOnsiYXV0aG9yaXphdGlvbkdyYW50cyI6WyJjb2RlIiwidG9rZW4iLCJvd25lciIsImNyZWRlbnRpYWxzIl0sImF1dGhvcml6YXRpb25VcmkiOiJodHRwczovL2Nsb3Vkc3NvLXRlc3QuY2lzY28uY29tL2FzL2F1dGhvcml6YXRpb24ub2F1dGgyIiwiYWNjZXNzVG9rZW5VcmkiOiJodHRwczovL2Nsb3Vkc3NvLXRlc3QuY2lzY28uY29tL2FzL3Rva2VuLm9hdXRoMiIsImdyYW50VHlwZXMiOlt7Im5hbWUiOiJwYXNzd29yZCIsImxhYmVsIjoiUmVzb3VyY2UgT3duZXIgR3JhbnQiLCJyZXF1aXJlZCI6ZmFsc2UsImV4Y2x1ZGUiOltdLCJkZXBlbmRzIjpbXX0seyJuYW1lIjoiaW1wbGljaXQiLCJsYWJlbCI6IkltcGxpY2l0IEdyYW50IiwicmVxdWlyZWQiOmZhbHNlLCJleGNsdWRlIjpbXSwiZGVwZW5kcyI6W119LHsibmFtZSI6ImNsaWVudF9jcmVkZW50aWFscyIsImxhYmVsIjoiQ2xpZW50IENyZWRlbnRpYWxzIEdyYW50IiwicmVxdWlyZWQiOmZhbHNlLCJleGNsdWRlIjpbXSwiZGVwZW5kcyI6W119LHsibmFtZSI6ImF1dGhvcml6YXRpb25fY29kZSIsImxhYmVsIjoiQXV0aG9yaXphdGlvbiBDb2RlIEdyYW50IiwicmVxdWlyZWQiOmZhbHNlLCJleGNsdWRlIjpbXSwiZGVwZW5kcyI6W119LHsibmFtZSI6InJlZnJlc2hfdG9rZW4iLCJsYWJlbCI6IlJlZnJlc2ggVG9rZW4iLCJyZXF1aXJlZCI6ZmFsc2UsImV4Y2x1ZGUiOltdLCJkZXBlbmRzIjpbImF1dGhvcml6YXRpb25fY29kZSIsInBhc3N3b3JkIl19XX19LCJpbnRlcmFjdGl2ZUxvZ2luIjp0cnVlLCJ0b2tlbiI6ImEyYzg0ODE1LThjYjgtNGE3Ni1iNmU0LTg4MGM3ZTc2MGNlYiIsImlhdCI6MTQ4NjU4Njc4OCwiYXVkIjoiaHR0cDovL2FwaS1wbGF0Zm9ybS1hcGkvcmVwb3NpdG9yeSIsImlzcyI6Imh0dHA6Ly9hcGktcGxhdGZvcm0tYXBpL3JlcG9zaXRvcnkifQ.YOsto-KJMgjQZxFXe6FFipYd8TIh4P1HIlJ5Tg6a9Ps
				Accept=*/*
				Content-Type=text/plain; charset=UTF-8
Cookies:		&lt;none&gt;
Body:			&lt;none&gt;
Request method:	DELETE
Request path:	https://qax.anypoint.mulesoft.com/apiplatform/repository/v2/organizations/5000db95-c5d4-487f-925e-3f82f15a5499/apis/2053/versions/2161/contracts/30257
Proxy:			&lt;none&gt;
Request params:	&lt;none&gt;
Query params:	&lt;none&gt;
Form params:	&lt;none&gt;
Path params:	&lt;none&gt;
Multiparts:		&lt;none&gt;
Headers:		Authorization=Bearer eyJ0eXAiOiJKV1QiLCJhbGciOiJIUzI1NiJ9.eyJpZCI6IjUwMDAzN2NkLTJjZmQtNGRhNC1iZWQ3LTU3Mzg0ZGViMDYyYiIsImZpcnN0TmFtZSI6IkZlZGVyYXRlZCIsImxhc3ROYW1lIjoiRXh0ZXJuYWwiLCJlbWFpbCI6ImNocmlzdG9waGVyLm1vcmR1ZUBtdWxlc29mdC5jb20iLCJ1c2VybmFtZSI6ImZlZGVyYXRlZF9leHRlcm5hbCIsIm9yZ2FuaXphdGlvbiI6eyJpZCI6IjUwMDBkYjk1LWM1ZDQtNDg3Zi05MjVlLTNmODJmMTVhNTQ5OSIsIm5hbWUiOiJGZWRlcmF0ZWQgSW5jIEV4dGVybmFsIEF1dGhvcml6YXRpb24iLCJkb21haW4iOiJmZWRlcmF0ZWQtZXh0ZXJuYWwiLCJlbnRpdGxlbWVudHMiOnsiaHlicmlkIjp7ImVuYWJsZWQiOmZhbHNlfSwiY3JlYXRlU3ViT3JncyI6dHJ1ZSwidkNvcmVzUHJvZHVjdGlvbiI6eyJhc3NpZ25lZCI6MSwicmVhc3NpZ25lZCI6MH0sInZDb3Jlc1NhbmRib3giOnsiYXNzaWduZWQiOjEsInJlYXNzaWduZWQiOjB9LCJnbG9iYWxEZXBsb3ltZW50IjpmYWxzZSwid29ya2VyTG9nZ2luZ092ZXJyaWRlIjp7ImVuYWJsZWQiOmZhbHNlfSwiZ2F0ZXdheXMiOnsiYXNzaWduZWQiOjB9LCJjcmVhdGVFbnZpcm9ubWVudHMiOnRydWUsInBhcnRuZXJzUHJvZHVjdGlvbiI6eyJhc3NpZ25lZCI6MH0sInBhcnRuZXJzU2FuZGJveCI6eyJhc3NpZ25lZCI6MH0sImF1dG9zY2FsaW5nIjpmYWxzZSwic3RhdGljSXBzIjp7ImFzc2lnbmVkIjowLCJyZWFzc2lnbmVkIjowfSwiYXJtQWxlcnRzIjpmYWxzZSwiYXBpcyI6eyJlbmFibGVkIjp0cnVlfSwibXFNZXNzYWdlcyI6eyJiYXNlIjowLCJhZGRPbiI6MH0sIm1xUmVxdWVzdHMiOnsiYmFzZSI6MCwiYWRkT24iOjB9LCJleHRlcm5hbElkZW50aXR5Ijp0cnVlLCJtcUFkdmFuY2VkRmVhdHVyZXMiOnsiZW5hYmxlZCI6ZmFsc2V9LCJ2cGNzIjp7ImFzc2lnbmVkIjowLCJyZWFzc2lnbmVkIjowfSwiaHlicmlkSW5zaWdodCI6ZmFsc2UsImRlc2lnbkNlbnRlciI6eyJtb3phcnQiOmZhbHNlLCJhcGkiOmZhbHNlfSwib2JqZWN0U3RvcmVSZXF1ZXN0VW5pdHMiOnsiYmFzZSI6MTUwMDAwMDAsImFkZE9uIjowfSwib2JqZWN0U3RvcmVLZXlzIjp7ImJhc2UiOjEwMDAwMCwiYWRkT24iOjB9LCJjYW0iOnsiZW5hYmxlZCI6ZmFsc2V9LCJsb2FkQmFsYW5jZXIiOnsiYXNzaWduZWQiOjAsInJlYXNzaWduZWQiOjB9LCJtZXNzYWdpbmciOnsiYXNzaWduZWQiOjB9fSwiZXh0ZXJuYWxBdXRob3JpemF0aW9uIjp0cnVlLCJleHRlcm5hbEF1dGhvcml6YXRpb25Qcm92aWRlciI6eyJuYW1lIjoiUG9ydGFsIEFwcGxpY2F0aW9uIE1hbmFnZW1lbnQgU3lzdGVtIChQQU1TKSIsInVybCI6Imh0dHBzOi8vd3NneC10ZXN0LmNpc2NvLmNvbS9wYW1zL2x0L2NlcG1TZXJ2aWNlL3YxLjUvbWdyc3J2cyIsInZlcnNpb24iOiIxLjUifSwiaWRlbnRpdHlNYW5hZ2VtZW50Ijp7InR5cGUiOiJQaW5nRmVkZXJhdGUifSwib2F1dGgyU2V0dGluZ3MiOnsiYXV0aG9yaXphdGlvbkdyYW50cyI6WyJjb2RlIiwidG9rZW4iLCJvd25lciIsImNyZWRlbnRpYWxzIl0sImF1dGhvcml6YXRpb25VcmkiOiJodHRwczovL2Nsb3Vkc3NvLXRlc3QuY2lzY28uY29tL2FzL2F1dGhvcml6YXRpb24ub2F1dGgyIiwiYWNjZXNzVG9rZW5VcmkiOiJodHRwczovL2Nsb3Vkc3NvLXRlc3QuY2lzY28uY29tL2FzL3Rva2VuLm9hdXRoMiIsImdyYW50VHlwZXMiOlt7Im5hbWUiOiJwYXNzd29yZCIsImxhYmVsIjoiUmVzb3VyY2UgT3duZXIgR3JhbnQiLCJyZXF1aXJlZCI6ZmFsc2UsImV4Y2x1ZGUiOltdLCJkZXBlbmRzIjpbXX0seyJuYW1lIjoiaW1wbGljaXQiLCJsYWJlbCI6IkltcGxpY2l0IEdyYW50IiwicmVxdWlyZWQiOmZhbHNlLCJleGNsdWRlIjpbXSwiZGVwZW5kcyI6W119LHsibmFtZSI6ImNsaWVudF9jcmVkZW50aWFscyIsImxhYmVsIjoiQ2xpZW50IENyZWRlbnRpYWxzIEdyYW50IiwicmVxdWlyZWQiOmZhbHNlLCJleGNsdWRlIjpbXSwiZGVwZW5kcyI6W119LHsibmFtZSI6ImF1dGhvcml6YXRpb25fY29kZSIsImxhYmVsIjoiQXV0aG9yaXphdGlvbiBDb2RlIEdyYW50IiwicmVxdWlyZWQiOmZhbHNlLCJleGNsdWRlIjpbXSwiZGVwZW5kcyI6W119LHsibmFtZSI6InJlZnJlc2hfdG9rZW4iLCJsYWJlbCI6IlJlZnJlc2ggVG9rZW4iLCJyZXF1aXJlZCI6ZmFsc2UsImV4Y2x1ZGUiOltdLCJkZXBlbmRzIjpbImF1dGhvcml6YXRpb25fY29kZSIsInBhc3N3b3JkIl19XX19LCJpbnRlcmFjdGl2ZUxvZ2luIjp0cnVlLCJ0b2tlbiI6ImEyYzg0ODE1LThjYjgtNGE3Ni1iNmU0LTg4MGM3ZTc2MGNlYiIsImlhdCI6MTQ4NjU4Njc4OCwiYXVkIjoiaHR0cDovL2FwaS1wbGF0Zm9ybS1hcGkvcmVwb3NpdG9yeSIsImlzcyI6Imh0dHA6Ly9hcGktcGxhdGZvcm0tYXBpL3JlcG9zaXRvcnkifQ.YOsto-KJMgjQZxFXe6FFipYd8TIh4P1HIlJ5Tg6a9Ps
				Accept=*/*
				Content-Type=text/plain; charset=UTF-8
Cookies:		&lt;none&gt;
Body:			&lt;none&gt;
Request method:	DELETE
Request path:	https://qax.anypoint.mulesoft.com/apiplatform/repository/v2/organizations/5000db95-c5d4-487f-925e-3f82f15a5499/apis/2053/versions/2161/contracts/30234
Proxy:			&lt;none&gt;
Request params:	&lt;none&gt;
Query params:	&lt;none&gt;
Form params:	&lt;none&gt;
Path params:	&lt;none&gt;
Multiparts:		&lt;none&gt;
Headers:		Authorization=Bearer eyJ0eXAiOiJKV1QiLCJhbGciOiJIUzI1NiJ9.eyJpZCI6IjUwMDAzN2NkLTJjZmQtNGRhNC1iZWQ3LTU3Mzg0ZGViMDYyYiIsImZpcnN0TmFtZSI6IkZlZGVyYXRlZCIsImxhc3ROYW1lIjoiRXh0ZXJuYWwiLCJlbWFpbCI6ImNocmlzdG9waGVyLm1vcmR1ZUBtdWxlc29mdC5jb20iLCJ1c2VybmFtZSI6ImZlZGVyYXRlZF9leHRlcm5hbCIsIm9yZ2FuaXphdGlvbiI6eyJpZCI6IjUwMDBkYjk1LWM1ZDQtNDg3Zi05MjVlLTNmODJmMTVhNTQ5OSIsIm5hbWUiOiJGZWRlcmF0ZWQgSW5jIEV4dGVybmFsIEF1dGhvcml6YXRpb24iLCJkb21haW4iOiJmZWRlcmF0ZWQtZXh0ZXJuYWwiLCJlbnRpdGxlbWVudHMiOnsiaHlicmlkIjp7ImVuYWJsZWQiOmZhbHNlfSwiY3JlYXRlU3ViT3JncyI6dHJ1ZSwidkNvcmVzUHJvZHVjdGlvbiI6eyJhc3NpZ25lZCI6MSwicmVhc3NpZ25lZCI6MH0sInZDb3Jlc1NhbmRib3giOnsiYXNzaWduZWQiOjEsInJlYXNzaWduZWQiOjB9LCJnbG9iYWxEZXBsb3ltZW50IjpmYWxzZSwid29ya2VyTG9nZ2luZ092ZXJyaWRlIjp7ImVuYWJsZWQiOmZhbHNlfSwiZ2F0ZXdheXMiOnsiYXNzaWduZWQiOjB9LCJjcmVhdGVFbnZpcm9ubWVudHMiOnRydWUsInBhcnRuZXJzUHJvZHVjdGlvbiI6eyJhc3NpZ25lZCI6MH0sInBhcnRuZXJzU2FuZGJveCI6eyJhc3NpZ25lZCI6MH0sImF1dG9zY2FsaW5nIjpmYWxzZSwic3RhdGljSXBzIjp7ImFzc2lnbmVkIjowLCJyZWFzc2lnbmVkIjowfSwiYXJtQWxlcnRzIjpmYWxzZSwiYXBpcyI6eyJlbmFibGVkIjp0cnVlfSwibXFNZXNzYWdlcyI6eyJiYXNlIjowLCJhZGRPbiI6MH0sIm1xUmVxdWVzdHMiOnsiYmFzZSI6MCwiYWRkT24iOjB9LCJleHRlcm5hbElkZW50aXR5Ijp0cnVlLCJtcUFkdmFuY2VkRmVhdHVyZXMiOnsiZW5hYmxlZCI6ZmFsc2V9LCJ2cGNzIjp7ImFzc2lnbmVkIjowLCJyZWFzc2lnbmVkIjowfSwiaHlicmlkSW5zaWdodCI6ZmFsc2UsImRlc2lnbkNlbnRlciI6eyJtb3phcnQiOmZhbHNlLCJhcGkiOmZhbHNlfSwib2JqZWN0U3RvcmVSZXF1ZXN0VW5pdHMiOnsiYmFzZSI6MTUwMDAwMDAsImFkZE9uIjowfSwib2JqZWN0U3RvcmVLZXlzIjp7ImJhc2UiOjEwMDAwMCwiYWRkT24iOjB9LCJjYW0iOnsiZW5hYmxlZCI6ZmFsc2V9LCJsb2FkQmFsYW5jZXIiOnsiYXNzaWduZWQiOjAsInJlYXNzaWduZWQiOjB9LCJtZXNzYWdpbmciOnsiYXNzaWduZWQiOjB9fSwiZXh0ZXJuYWxBdXRob3JpemF0aW9uIjp0cnVlLCJleHRlcm5hbEF1dGhvcml6YXRpb25Qcm92aWRlciI6eyJuYW1lIjoiUG9ydGFsIEFwcGxpY2F0aW9uIE1hbmFnZW1lbnQgU3lzdGVtIChQQU1TKSIsInVybCI6Imh0dHBzOi8vd3NneC10ZXN0LmNpc2NvLmNvbS9wYW1zL2x0L2NlcG1TZXJ2aWNlL3YxLjUvbWdyc3J2cyIsInZlcnNpb24iOiIxLjUifSwiaWRlbnRpdHlNYW5hZ2VtZW50Ijp7InR5cGUiOiJQaW5nRmVkZXJhdGUifSwib2F1dGgyU2V0dGluZ3MiOnsiYXV0aG9yaXphdGlvbkdyYW50cyI6WyJjb2RlIiwidG9rZW4iLCJvd25lciIsImNyZWRlbnRpYWxzIl0sImF1dGhvcml6YXRpb25VcmkiOiJodHRwczovL2Nsb3Vkc3NvLXRlc3QuY2lzY28uY29tL2FzL2F1dGhvcml6YXRpb24ub2F1dGgyIiwiYWNjZXNzVG9rZW5VcmkiOiJodHRwczovL2Nsb3Vkc3NvLXRlc3QuY2lzY28uY29tL2FzL3Rva2VuLm9hdXRoMiIsImdyYW50VHlwZXMiOlt7Im5hbWUiOiJwYXNzd29yZCIsImxhYmVsIjoiUmVzb3VyY2UgT3duZXIgR3JhbnQiLCJyZXF1aXJlZCI6ZmFsc2UsImV4Y2x1ZGUiOltdLCJkZXBlbmRzIjpbXX0seyJuYW1lIjoiaW1wbGljaXQiLCJsYWJlbCI6IkltcGxpY2l0IEdyYW50IiwicmVxdWlyZWQiOmZhbHNlLCJleGNsdWRlIjpbXSwiZGVwZW5kcyI6W119LHsibmFtZSI6ImNsaWVudF9jcmVkZW50aWFscyIsImxhYmVsIjoiQ2xpZW50IENyZWRlbnRpYWxzIEdyYW50IiwicmVxdWlyZWQiOmZhbHNlLCJleGNsdWRlIjpbXSwiZGVwZW5kcyI6W119LHsibmFtZSI6ImF1dGhvcml6YXRpb25fY29kZSIsImxhYmVsIjoiQXV0aG9yaXphdGlvbiBDb2RlIEdyYW50IiwicmVxdWlyZWQiOmZhbHNlLCJleGNsdWRlIjpbXSwiZGVwZW5kcyI6W119LHsibmFtZSI6InJlZnJlc2hfdG9rZW4iLCJsYWJlbCI6IlJlZnJlc2ggVG9rZW4iLCJyZXF1aXJlZCI6ZmFsc2UsImV4Y2x1ZGUiOltdLCJkZXBlbmRzIjpbImF1dGhvcml6YXRpb25fY29kZSIsInBhc3N3b3JkIl19XX19LCJpbnRlcmFjdGl2ZUxvZ2luIjp0cnVlLCJ0b2tlbiI6ImEyYzg0ODE1LThjYjgtNGE3Ni1iNmU0LTg4MGM3ZTc2MGNlYiIsImlhdCI6MTQ4NjU4Njc4OCwiYXVkIjoiaHR0cDovL2FwaS1wbGF0Zm9ybS1hcGkvcmVwb3NpdG9yeSIsImlzcyI6Imh0dHA6Ly9hcGktcGxhdGZvcm0tYXBpL3JlcG9zaXRvcnkifQ.YOsto-KJMgjQZxFXe6FFipYd8TIh4P1HIlJ5Tg6a9Ps
				Accept=*/*
				Content-Type=text/plain; charset=UTF-8
Cookies:		&lt;none&gt;
Body:			&lt;none&gt;
Request method:	DELETE
Request path:	https://qax.anypoint.mulesoft.com/apiplatform/repository/v2/organizations/5000db95-c5d4-487f-925e-3f82f15a5499/apis/2053/versions/2161/contracts/30194
Proxy:			&lt;none&gt;
Request params:	&lt;none&gt;
Query params:	&lt;none&gt;
Form params:	&lt;none&gt;
Path params:	&lt;none&gt;
Multiparts:		&lt;none&gt;
Headers:		Authorization=Bearer eyJ0eXAiOiJKV1QiLCJhbGciOiJIUzI1NiJ9.eyJpZCI6IjUwMDAzN2NkLTJjZmQtNGRhNC1iZWQ3LTU3Mzg0ZGViMDYyYiIsImZpcnN0TmFtZSI6IkZlZGVyYXRlZCIsImxhc3ROYW1lIjoiRXh0ZXJuYWwiLCJlbWFpbCI6ImNocmlzdG9waGVyLm1vcmR1ZUBtdWxlc29mdC5jb20iLCJ1c2VybmFtZSI6ImZlZGVyYXRlZF9leHRlcm5hbCIsIm9yZ2FuaXphdGlvbiI6eyJpZCI6IjUwMDBkYjk1LWM1ZDQtNDg3Zi05MjVlLTNmODJmMTVhNTQ5OSIsIm5hbWUiOiJGZWRlcmF0ZWQgSW5jIEV4dGVybmFsIEF1dGhvcml6YXRpb24iLCJkb21haW4iOiJmZWRlcmF0ZWQtZXh0ZXJuYWwiLCJlbnRpdGxlbWVudHMiOnsiaHlicmlkIjp7ImVuYWJsZWQiOmZhbHNlfSwiY3JlYXRlU3ViT3JncyI6dHJ1ZSwidkNvcmVzUHJvZHVjdGlvbiI6eyJhc3NpZ25lZCI6MSwicmVhc3NpZ25lZCI6MH0sInZDb3Jlc1NhbmRib3giOnsiYXNzaWduZWQiOjEsInJlYXNzaWduZWQiOjB9LCJnbG9iYWxEZXBsb3ltZW50IjpmYWxzZSwid29ya2VyTG9nZ2luZ092ZXJyaWRlIjp7ImVuYWJsZWQiOmZhbHNlfSwiZ2F0ZXdheXMiOnsiYXNzaWduZWQiOjB9LCJjcmVhdGVFbnZpcm9ubWVudHMiOnRydWUsInBhcnRuZXJzUHJvZHVjdGlvbiI6eyJhc3NpZ25lZCI6MH0sInBhcnRuZXJzU2FuZGJveCI6eyJhc3NpZ25lZCI6MH0sImF1dG9zY2FsaW5nIjpmYWxzZSwic3RhdGljSXBzIjp7ImFzc2lnbmVkIjowLCJyZWFzc2lnbmVkIjowfSwiYXJtQWxlcnRzIjpmYWxzZSwiYXBpcyI6eyJlbmFibGVkIjp0cnVlfSwibXFNZXNzYWdlcyI6eyJiYXNlIjowLCJhZGRPbiI6MH0sIm1xUmVxdWVzdHMiOnsiYmFzZSI6MCwiYWRkT24iOjB9LCJleHRlcm5hbElkZW50aXR5Ijp0cnVlLCJtcUFkdmFuY2VkRmVhdHVyZXMiOnsiZW5hYmxlZCI6ZmFsc2V9LCJ2cGNzIjp7ImFzc2lnbmVkIjowLCJyZWFzc2lnbmVkIjowfSwiaHlicmlkSW5zaWdodCI6ZmFsc2UsImRlc2lnbkNlbnRlciI6eyJtb3phcnQiOmZhbHNlLCJhcGkiOmZhbHNlfSwib2JqZWN0U3RvcmVSZXF1ZXN0VW5pdHMiOnsiYmFzZSI6MTUwMDAwMDAsImFkZE9uIjowfSwib2JqZWN0U3RvcmVLZXlzIjp7ImJhc2UiOjEwMDAwMCwiYWRkT24iOjB9LCJjYW0iOnsiZW5hYmxlZCI6ZmFsc2V9LCJsb2FkQmFsYW5jZXIiOnsiYXNzaWduZWQiOjAsInJlYXNzaWduZWQiOjB9LCJtZXNzYWdpbmciOnsiYXNzaWduZWQiOjB9fSwiZXh0ZXJuYWxBdXRob3JpemF0aW9uIjp0cnVlLCJleHRlcm5hbEF1dGhvcml6YXRpb25Qcm92aWRlciI6eyJuYW1lIjoiUG9ydGFsIEFwcGxpY2F0aW9uIE1hbmFnZW1lbnQgU3lzdGVtIChQQU1TKSIsInVybCI6Imh0dHBzOi8vd3NneC10ZXN0LmNpc2NvLmNvbS9wYW1zL2x0L2NlcG1TZXJ2aWNlL3YxLjUvbWdyc3J2cyIsInZlcnNpb24iOiIxLjUifSwiaWRlbnRpdHlNYW5hZ2VtZW50Ijp7InR5cGUiOiJQaW5nRmVkZXJhdGUifSwib2F1dGgyU2V0dGluZ3MiOnsiYXV0aG9yaXphdGlvbkdyYW50cyI6WyJjb2RlIiwidG9rZW4iLCJvd25lciIsImNyZWRlbnRpYWxzIl0sImF1dGhvcml6YXRpb25VcmkiOiJodHRwczovL2Nsb3Vkc3NvLXRlc3QuY2lzY28uY29tL2FzL2F1dGhvcml6YXRpb24ub2F1dGgyIiwiYWNjZXNzVG9rZW5VcmkiOiJodHRwczovL2Nsb3Vkc3NvLXRlc3QuY2lzY28uY29tL2FzL3Rva2VuLm9hdXRoMiIsImdyYW50VHlwZXMiOlt7Im5hbWUiOiJwYXNzd29yZCIsImxhYmVsIjoiUmVzb3VyY2UgT3duZXIgR3JhbnQiLCJyZXF1aXJlZCI6ZmFsc2UsImV4Y2x1ZGUiOltdLCJkZXBlbmRzIjpbXX0seyJuYW1lIjoiaW1wbGljaXQiLCJsYWJlbCI6IkltcGxpY2l0IEdyYW50IiwicmVxdWlyZWQiOmZhbHNlLCJleGNsdWRlIjpbXSwiZGVwZW5kcyI6W119LHsibmFtZSI6ImNsaWVudF9jcmVkZW50aWFscyIsImxhYmVsIjoiQ2xpZW50IENyZWRlbnRpYWxzIEdyYW50IiwicmVxdWlyZWQiOmZhbHNlLCJleGNsdWRlIjpbXSwiZGVwZW5kcyI6W119LHsibmFtZSI6ImF1dGhvcml6YXRpb25fY29kZSIsImxhYmVsIjoiQXV0aG9yaXphdGlvbiBDb2RlIEdyYW50IiwicmVxdWlyZWQiOmZhbHNlLCJleGNsdWRlIjpbXSwiZGVwZW5kcyI6W119LHsibmFtZSI6InJlZnJlc2hfdG9rZW4iLCJsYWJlbCI6IlJlZnJlc2ggVG9rZW4iLCJyZXF1aXJlZCI6ZmFsc2UsImV4Y2x1ZGUiOltdLCJkZXBlbmRzIjpbImF1dGhvcml6YXRpb25fY29kZSIsInBhc3N3b3JkIl19XX19LCJpbnRlcmFjdGl2ZUxvZ2luIjp0cnVlLCJ0b2tlbiI6ImEyYzg0ODE1LThjYjgtNGE3Ni1iNmU0LTg4MGM3ZTc2MGNlYiIsImlhdCI6MTQ4NjU4Njc4OCwiYXVkIjoiaHR0cDovL2FwaS1wbGF0Zm9ybS1hcGkvcmVwb3NpdG9yeSIsImlzcyI6Imh0dHA6Ly9hcGktcGxhdGZvcm0tYXBpL3JlcG9zaXRvcnkifQ.YOsto-KJMgjQZxFXe6FFipYd8TIh4P1HIlJ5Tg6a9Ps
				Accept=*/*
				Content-Type=text/plain; charset=UTF-8
Cookies:		&lt;none&gt;
Body:			&lt;none&gt;
Request method:	DELETE
Request path:	https://qax.anypoint.mulesoft.com/apiplatform/repository/v2/organizations/5000db95-c5d4-487f-925e-3f82f15a5499/apis/2053/versions/2161/contracts/30221
Proxy:			&lt;none&gt;
Request params:	&lt;none&gt;
Query params:	&lt;none&gt;
Form params:	&lt;none&gt;
Path params:	&lt;none&gt;
Multiparts:		&lt;none&gt;
Headers:		Authorization=Bearer eyJ0eXAiOiJKV1QiLCJhbGciOiJIUzI1NiJ9.eyJpZCI6IjUwMDAzN2NkLTJjZmQtNGRhNC1iZWQ3LTU3Mzg0ZGViMDYyYiIsImZpcnN0TmFtZSI6IkZlZGVyYXRlZCIsImxhc3ROYW1lIjoiRXh0ZXJuYWwiLCJlbWFpbCI6ImNocmlzdG9waGVyLm1vcmR1ZUBtdWxlc29mdC5jb20iLCJ1c2VybmFtZSI6ImZlZGVyYXRlZF9leHRlcm5hbCIsIm9yZ2FuaXphdGlvbiI6eyJpZCI6IjUwMDBkYjk1LWM1ZDQtNDg3Zi05MjVlLTNmODJmMTVhNTQ5OSIsIm5hbWUiOiJGZWRlcmF0ZWQgSW5jIEV4dGVybmFsIEF1dGhvcml6YXRpb24iLCJkb21haW4iOiJmZWRlcmF0ZWQtZXh0ZXJuYWwiLCJlbnRpdGxlbWVudHMiOnsiaHlicmlkIjp7ImVuYWJsZWQiOmZhbHNlfSwiY3JlYXRlU3ViT3JncyI6dHJ1ZSwidkNvcmVzUHJvZHVjdGlvbiI6eyJhc3NpZ25lZCI6MSwicmVhc3NpZ25lZCI6MH0sInZDb3Jlc1NhbmRib3giOnsiYXNzaWduZWQiOjEsInJlYXNzaWduZWQiOjB9LCJnbG9iYWxEZXBsb3ltZW50IjpmYWxzZSwid29ya2VyTG9nZ2luZ092ZXJyaWRlIjp7ImVuYWJsZWQiOmZhbHNlfSwiZ2F0ZXdheXMiOnsiYXNzaWduZWQiOjB9LCJjcmVhdGVFbnZpcm9ubWVudHMiOnRydWUsInBhcnRuZXJzUHJvZHVjdGlvbiI6eyJhc3NpZ25lZCI6MH0sInBhcnRuZXJzU2FuZGJveCI6eyJhc3NpZ25lZCI6MH0sImF1dG9zY2FsaW5nIjpmYWxzZSwic3RhdGljSXBzIjp7ImFzc2lnbmVkIjowLCJyZWFzc2lnbmVkIjowfSwiYXJtQWxlcnRzIjpmYWxzZSwiYXBpcyI6eyJlbmFibGVkIjp0cnVlfSwibXFNZXNzYWdlcyI6eyJiYXNlIjowLCJhZGRPbiI6MH0sIm1xUmVxdWVzdHMiOnsiYmFzZSI6MCwiYWRkT24iOjB9LCJleHRlcm5hbElkZW50aXR5Ijp0cnVlLCJtcUFkdmFuY2VkRmVhdHVyZXMiOnsiZW5hYmxlZCI6ZmFsc2V9LCJ2cGNzIjp7ImFzc2lnbmVkIjowLCJyZWFzc2lnbmVkIjowfSwiaHlicmlkSW5zaWdodCI6ZmFsc2UsImRlc2lnbkNlbnRlciI6eyJtb3phcnQiOmZhbHNlLCJhcGkiOmZhbHNlfSwib2JqZWN0U3RvcmVSZXF1ZXN0VW5pdHMiOnsiYmFzZSI6MTUwMDAwMDAsImFkZE9uIjowfSwib2JqZWN0U3RvcmVLZXlzIjp7ImJhc2UiOjEwMDAwMCwiYWRkT24iOjB9LCJjYW0iOnsiZW5hYmxlZCI6ZmFsc2V9LCJsb2FkQmFsYW5jZXIiOnsiYXNzaWduZWQiOjAsInJlYXNzaWduZWQiOjB9LCJtZXNzYWdpbmciOnsiYXNzaWduZWQiOjB9fSwiZXh0ZXJuYWxBdXRob3JpemF0aW9uIjp0cnVlLCJleHRlcm5hbEF1dGhvcml6YXRpb25Qcm92aWRlciI6eyJuYW1lIjoiUG9ydGFsIEFwcGxpY2F0aW9uIE1hbmFnZW1lbnQgU3lzdGVtIChQQU1TKSIsInVybCI6Imh0dHBzOi8vd3NneC10ZXN0LmNpc2NvLmNvbS9wYW1zL2x0L2NlcG1TZXJ2aWNlL3YxLjUvbWdyc3J2cyIsInZlcnNpb24iOiIxLjUifSwiaWRlbnRpdHlNYW5hZ2VtZW50Ijp7InR5cGUiOiJQaW5nRmVkZXJhdGUifSwib2F1dGgyU2V0dGluZ3MiOnsiYXV0aG9yaXphdGlvbkdyYW50cyI6WyJjb2RlIiwidG9rZW4iLCJvd25lciIsImNyZWRlbnRpYWxzIl0sImF1dGhvcml6YXRpb25VcmkiOiJodHRwczovL2Nsb3Vkc3NvLXRlc3QuY2lzY28uY29tL2FzL2F1dGhvcml6YXRpb24ub2F1dGgyIiwiYWNjZXNzVG9rZW5VcmkiOiJodHRwczovL2Nsb3Vkc3NvLXRlc3QuY2lzY28uY29tL2FzL3Rva2VuLm9hdXRoMiIsImdyYW50VHlwZXMiOlt7Im5hbWUiOiJwYXNzd29yZCIsImxhYmVsIjoiUmVzb3VyY2UgT3duZXIgR3JhbnQiLCJyZXF1aXJlZCI6ZmFsc2UsImV4Y2x1ZGUiOltdLCJkZXBlbmRzIjpbXX0seyJuYW1lIjoiaW1wbGljaXQiLCJsYWJlbCI6IkltcGxpY2l0IEdyYW50IiwicmVxdWlyZWQiOmZhbHNlLCJleGNsdWRlIjpbXSwiZGVwZW5kcyI6W119LHsibmFtZSI6ImNsaWVudF9jcmVkZW50aWFscyIsImxhYmVsIjoiQ2xpZW50IENyZWRlbnRpYWxzIEdyYW50IiwicmVxdWlyZWQiOmZhbHNlLCJleGNsdWRlIjpbXSwiZGVwZW5kcyI6W119LHsibmFtZSI6ImF1dGhvcml6YXRpb25fY29kZSIsImxhYmVsIjoiQXV0aG9yaXphdGlvbiBDb2RlIEdyYW50IiwicmVxdWlyZWQiOmZhbHNlLCJleGNsdWRlIjpbXSwiZGVwZW5kcyI6W119LHsibmFtZSI6InJlZnJlc2hfdG9rZW4iLCJsYWJlbCI6IlJlZnJlc2ggVG9rZW4iLCJyZXF1aXJlZCI6ZmFsc2UsImV4Y2x1ZGUiOltdLCJkZXBlbmRzIjpbImF1dGhvcml6YXRpb25fY29kZSIsInBhc3N3b3JkIl19XX19LCJpbnRlcmFjdGl2ZUxvZ2luIjp0cnVlLCJ0b2tlbiI6ImEyYzg0ODE1LThjYjgtNGE3Ni1iNmU0LTg4MGM3ZTc2MGNlYiIsImlhdCI6MTQ4NjU4Njc4OCwiYXVkIjoiaHR0cDovL2FwaS1wbGF0Zm9ybS1hcGkvcmVwb3NpdG9yeSIsImlzcyI6Imh0dHA6Ly9hcGktcGxhdGZvcm0tYXBpL3JlcG9zaXRvcnkifQ.YOsto-KJMgjQZxFXe6FFipYd8TIh4P1HIlJ5Tg6a9Ps
				Accept=*/*
				Content-Type=text/plain; charset=UTF-8
Cookies:		&lt;none&gt;
Body:			&lt;none&gt;
Request method:	DELETE
Request path:	https://qax.anypoint.mulesoft.com/apiplatform/repository/v2/organizations/5000db95-c5d4-487f-925e-3f82f15a5499/apis/2053/versions/2161/contracts/30191
Proxy:			&lt;none&gt;
Request params:	&lt;none&gt;
Query params:	&lt;none&gt;
Form params:	&lt;none&gt;
Path params:	&lt;none&gt;
Multiparts:		&lt;none&gt;
Headers:		Authorization=Bearer eyJ0eXAiOiJKV1QiLCJhbGciOiJIUzI1NiJ9.eyJpZCI6IjUwMDAzN2NkLTJjZmQtNGRhNC1iZWQ3LTU3Mzg0ZGViMDYyYiIsImZpcnN0TmFtZSI6IkZlZGVyYXRlZCIsImxhc3ROYW1lIjoiRXh0ZXJuYWwiLCJlbWFpbCI6ImNocmlzdG9waGVyLm1vcmR1ZUBtdWxlc29mdC5jb20iLCJ1c2VybmFtZSI6ImZlZGVyYXRlZF9leHRlcm5hbCIsIm9yZ2FuaXphdGlvbiI6eyJpZCI6IjUwMDBkYjk1LWM1ZDQtNDg3Zi05MjVlLTNmODJmMTVhNTQ5OSIsIm5hbWUiOiJGZWRlcmF0ZWQgSW5jIEV4dGVybmFsIEF1dGhvcml6YXRpb24iLCJkb21haW4iOiJmZWRlcmF0ZWQtZXh0ZXJuYWwiLCJlbnRpdGxlbWVudHMiOnsiaHlicmlkIjp7ImVuYWJsZWQiOmZhbHNlfSwiY3JlYXRlU3ViT3JncyI6dHJ1ZSwidkNvcmVzUHJvZHVjdGlvbiI6eyJhc3NpZ25lZCI6MSwicmVhc3NpZ25lZCI6MH0sInZDb3Jlc1NhbmRib3giOnsiYXNzaWduZWQiOjEsInJlYXNzaWduZWQiOjB9LCJnbG9iYWxEZXBsb3ltZW50IjpmYWxzZSwid29ya2VyTG9nZ2luZ092ZXJyaWRlIjp7ImVuYWJsZWQiOmZhbHNlfSwiZ2F0ZXdheXMiOnsiYXNzaWduZWQiOjB9LCJjcmVhdGVFbnZpcm9ubWVudHMiOnRydWUsInBhcnRuZXJzUHJvZHVjdGlvbiI6eyJhc3NpZ25lZCI6MH0sInBhcnRuZXJzU2FuZGJveCI6eyJhc3NpZ25lZCI6MH0sImF1dG9zY2FsaW5nIjpmYWxzZSwic3RhdGljSXBzIjp7ImFzc2lnbmVkIjowLCJyZWFzc2lnbmVkIjowfSwiYXJtQWxlcnRzIjpmYWxzZSwiYXBpcyI6eyJlbmFibGVkIjp0cnVlfSwibXFNZXNzYWdlcyI6eyJiYXNlIjowLCJhZGRPbiI6MH0sIm1xUmVxdWVzdHMiOnsiYmFzZSI6MCwiYWRkT24iOjB9LCJleHRlcm5hbElkZW50aXR5Ijp0cnVlLCJtcUFkdmFuY2VkRmVhdHVyZXMiOnsiZW5hYmxlZCI6ZmFsc2V9LCJ2cGNzIjp7ImFzc2lnbmVkIjowLCJyZWFzc2lnbmVkIjowfSwiaHlicmlkSW5zaWdodCI6ZmFsc2UsImRlc2lnbkNlbnRlciI6eyJtb3phcnQiOmZhbHNlLCJhcGkiOmZhbHNlfSwib2JqZWN0U3RvcmVSZXF1ZXN0VW5pdHMiOnsiYmFzZSI6MTUwMDAwMDAsImFkZE9uIjowfSwib2JqZWN0U3RvcmVLZXlzIjp7ImJhc2UiOjEwMDAwMCwiYWRkT24iOjB9LCJjYW0iOnsiZW5hYmxlZCI6ZmFsc2V9LCJsb2FkQmFsYW5jZXIiOnsiYXNzaWduZWQiOjAsInJlYXNzaWduZWQiOjB9LCJtZXNzYWdpbmciOnsiYXNzaWduZWQiOjB9fSwiZXh0ZXJuYWxBdXRob3JpemF0aW9uIjp0cnVlLCJleHRlcm5hbEF1dGhvcml6YXRpb25Qcm92aWRlciI6eyJuYW1lIjoiUG9ydGFsIEFwcGxpY2F0aW9uIE1hbmFnZW1lbnQgU3lzdGVtIChQQU1TKSIsInVybCI6Imh0dHBzOi8vd3NneC10ZXN0LmNpc2NvLmNvbS9wYW1zL2x0L2NlcG1TZXJ2aWNlL3YxLjUvbWdyc3J2cyIsInZlcnNpb24iOiIxLjUifSwiaWRlbnRpdHlNYW5hZ2VtZW50Ijp7InR5cGUiOiJQaW5nRmVkZXJhdGUifSwib2F1dGgyU2V0dGluZ3MiOnsiYXV0aG9yaXphdGlvbkdyYW50cyI6WyJjb2RlIiwidG9rZW4iLCJvd25lciIsImNyZWRlbnRpYWxzIl0sImF1dGhvcml6YXRpb25VcmkiOiJodHRwczovL2Nsb3Vkc3NvLXRlc3QuY2lzY28uY29tL2FzL2F1dGhvcml6YXRpb24ub2F1dGgyIiwiYWNjZXNzVG9rZW5VcmkiOiJodHRwczovL2Nsb3Vkc3NvLXRlc3QuY2lzY28uY29tL2FzL3Rva2VuLm9hdXRoMiIsImdyYW50VHlwZXMiOlt7Im5hbWUiOiJwYXNzd29yZCIsImxhYmVsIjoiUmVzb3VyY2UgT3duZXIgR3JhbnQiLCJyZXF1aXJlZCI6ZmFsc2UsImV4Y2x1ZGUiOltdLCJkZXBlbmRzIjpbXX0seyJuYW1lIjoiaW1wbGljaXQiLCJsYWJlbCI6IkltcGxpY2l0IEdyYW50IiwicmVxdWlyZWQiOmZhbHNlLCJleGNsdWRlIjpbXSwiZGVwZW5kcyI6W119LHsibmFtZSI6ImNsaWVudF9jcmVkZW50aWFscyIsImxhYmVsIjoiQ2xpZW50IENyZWRlbnRpYWxzIEdyYW50IiwicmVxdWlyZWQiOmZhbHNlLCJleGNsdWRlIjpbXSwiZGVwZW5kcyI6W119LHsibmFtZSI6ImF1dGhvcml6YXRpb25fY29kZSIsImxhYmVsIjoiQXV0aG9yaXphdGlvbiBDb2RlIEdyYW50IiwicmVxdWlyZWQiOmZhbHNlLCJleGNsdWRlIjpbXSwiZGVwZW5kcyI6W119LHsibmFtZSI6InJlZnJlc2hfdG9rZW4iLCJsYWJlbCI6IlJlZnJlc2ggVG9rZW4iLCJyZXF1aXJlZCI6ZmFsc2UsImV4Y2x1ZGUiOltdLCJkZXBlbmRzIjpbImF1dGhvcml6YXRpb25fY29kZSIsInBhc3N3b3JkIl19XX19LCJpbnRlcmFjdGl2ZUxvZ2luIjp0cnVlLCJ0b2tlbiI6ImEyYzg0ODE1LThjYjgtNGE3Ni1iNmU0LTg4MGM3ZTc2MGNlYiIsImlhdCI6MTQ4NjU4Njc4OCwiYXVkIjoiaHR0cDovL2FwaS1wbGF0Zm9ybS1hcGkvcmVwb3NpdG9yeSIsImlzcyI6Imh0dHA6Ly9hcGktcGxhdGZvcm0tYXBpL3JlcG9zaXRvcnkifQ.YOsto-KJMgjQZxFXe6FFipYd8TIh4P1HIlJ5Tg6a9Ps
				Accept=*/*
				Content-Type=text/plain; charset=UTF-8
Cookies:		&lt;none&gt;
Body:			&lt;none&gt;
Request method:	DELETE
Request path:	https://qax.anypoint.mulesoft.com/apiplatform/repository/v2/organizations/5000db95-c5d4-487f-925e-3f82f15a5499/apis/2053/versions/2161/contracts/30198
Proxy:			&lt;none&gt;
Request params:	&lt;none&gt;
Query params:	&lt;none&gt;
Form params:	&lt;none&gt;
Path params:	&lt;none&gt;
Multiparts:		&lt;none&gt;
Headers:		Authorization=Bearer eyJ0eXAiOiJKV1QiLCJhbGciOiJIUzI1NiJ9.eyJpZCI6IjUwMDAzN2NkLTJjZmQtNGRhNC1iZWQ3LTU3Mzg0ZGViMDYyYiIsImZpcnN0TmFtZSI6IkZlZGVyYXRlZCIsImxhc3ROYW1lIjoiRXh0ZXJuYWwiLCJlbWFpbCI6ImNocmlzdG9waGVyLm1vcmR1ZUBtdWxlc29mdC5jb20iLCJ1c2VybmFtZSI6ImZlZGVyYXRlZF9leHRlcm5hbCIsIm9yZ2FuaXphdGlvbiI6eyJpZCI6IjUwMDBkYjk1LWM1ZDQtNDg3Zi05MjVlLTNmODJmMTVhNTQ5OSIsIm5hbWUiOiJGZWRlcmF0ZWQgSW5jIEV4dGVybmFsIEF1dGhvcml6YXRpb24iLCJkb21haW4iOiJmZWRlcmF0ZWQtZXh0ZXJuYWwiLCJlbnRpdGxlbWVudHMiOnsiaHlicmlkIjp7ImVuYWJsZWQiOmZhbHNlfSwiY3JlYXRlU3ViT3JncyI6dHJ1ZSwidkNvcmVzUHJvZHVjdGlvbiI6eyJhc3NpZ25lZCI6MSwicmVhc3NpZ25lZCI6MH0sInZDb3Jlc1NhbmRib3giOnsiYXNzaWduZWQiOjEsInJlYXNzaWduZWQiOjB9LCJnbG9iYWxEZXBsb3ltZW50IjpmYWxzZSwid29ya2VyTG9nZ2luZ092ZXJyaWRlIjp7ImVuYWJsZWQiOmZhbHNlfSwiZ2F0ZXdheXMiOnsiYXNzaWduZWQiOjB9LCJjcmVhdGVFbnZpcm9ubWVudHMiOnRydWUsInBhcnRuZXJzUHJvZHVjdGlvbiI6eyJhc3NpZ25lZCI6MH0sInBhcnRuZXJzU2FuZGJveCI6eyJhc3NpZ25lZCI6MH0sImF1dG9zY2FsaW5nIjpmYWxzZSwic3RhdGljSXBzIjp7ImFzc2lnbmVkIjowLCJyZWFzc2lnbmVkIjowfSwiYXJtQWxlcnRzIjpmYWxzZSwiYXBpcyI6eyJlbmFibGVkIjp0cnVlfSwibXFNZXNzYWdlcyI6eyJiYXNlIjowLCJhZGRPbiI6MH0sIm1xUmVxdWVzdHMiOnsiYmFzZSI6MCwiYWRkT24iOjB9LCJleHRlcm5hbElkZW50aXR5Ijp0cnVlLCJtcUFkdmFuY2VkRmVhdHVyZXMiOnsiZW5hYmxlZCI6ZmFsc2V9LCJ2cGNzIjp7ImFzc2lnbmVkIjowLCJyZWFzc2lnbmVkIjowfSwiaHlicmlkSW5zaWdodCI6ZmFsc2UsImRlc2lnbkNlbnRlciI6eyJtb3phcnQiOmZhbHNlLCJhcGkiOmZhbHNlfSwib2JqZWN0U3RvcmVSZXF1ZXN0VW5pdHMiOnsiYmFzZSI6MTUwMDAwMDAsImFkZE9uIjowfSwib2JqZWN0U3RvcmVLZXlzIjp7ImJhc2UiOjEwMDAwMCwiYWRkT24iOjB9LCJjYW0iOnsiZW5hYmxlZCI6ZmFsc2V9LCJsb2FkQmFsYW5jZXIiOnsiYXNzaWduZWQiOjAsInJlYXNzaWduZWQiOjB9LCJtZXNzYWdpbmciOnsiYXNzaWduZWQiOjB9fSwiZXh0ZXJuYWxBdXRob3JpemF0aW9uIjp0cnVlLCJleHRlcm5hbEF1dGhvcml6YXRpb25Qcm92aWRlciI6eyJuYW1lIjoiUG9ydGFsIEFwcGxpY2F0aW9uIE1hbmFnZW1lbnQgU3lzdGVtIChQQU1TKSIsInVybCI6Imh0dHBzOi8vd3NneC10ZXN0LmNpc2NvLmNvbS9wYW1zL2x0L2NlcG1TZXJ2aWNlL3YxLjUvbWdyc3J2cyIsInZlcnNpb24iOiIxLjUifSwiaWRlbnRpdHlNYW5hZ2VtZW50Ijp7InR5cGUiOiJQaW5nRmVkZXJhdGUifSwib2F1dGgyU2V0dGluZ3MiOnsiYXV0aG9yaXphdGlvbkdyYW50cyI6WyJjb2RlIiwidG9rZW4iLCJvd25lciIsImNyZWRlbnRpYWxzIl0sImF1dGhvcml6YXRpb25VcmkiOiJodHRwczovL2Nsb3Vkc3NvLXRlc3QuY2lzY28uY29tL2FzL2F1dGhvcml6YXRpb24ub2F1dGgyIiwiYWNjZXNzVG9rZW5VcmkiOiJodHRwczovL2Nsb3Vkc3NvLXRlc3QuY2lzY28uY29tL2FzL3Rva2VuLm9hdXRoMiIsImdyYW50VHlwZXMiOlt7Im5hbWUiOiJwYXNzd29yZCIsImxhYmVsIjoiUmVzb3VyY2UgT3duZXIgR3JhbnQiLCJyZXF1aXJlZCI6ZmFsc2UsImV4Y2x1ZGUiOltdLCJkZXBlbmRzIjpbXX0seyJuYW1lIjoiaW1wbGljaXQiLCJsYWJlbCI6IkltcGxpY2l0IEdyYW50IiwicmVxdWlyZWQiOmZhbHNlLCJleGNsdWRlIjpbXSwiZGVwZW5kcyI6W119LHsibmFtZSI6ImNsaWVudF9jcmVkZW50aWFscyIsImxhYmVsIjoiQ2xpZW50IENyZWRlbnRpYWxzIEdyYW50IiwicmVxdWlyZWQiOmZhbHNlLCJleGNsdWRlIjpbXSwiZGVwZW5kcyI6W119LHsibmFtZSI6ImF1dGhvcml6YXRpb25fY29kZSIsImxhYmVsIjoiQXV0aG9yaXphdGlvbiBDb2RlIEdyYW50IiwicmVxdWlyZWQiOmZhbHNlLCJleGNsdWRlIjpbXSwiZGVwZW5kcyI6W119LHsibmFtZSI6InJlZnJlc2hfdG9rZW4iLCJsYWJlbCI6IlJlZnJlc2ggVG9rZW4iLCJyZXF1aXJlZCI6ZmFsc2UsImV4Y2x1ZGUiOltdLCJkZXBlbmRzIjpbImF1dGhvcml6YXRpb25fY29kZSIsInBhc3N3b3JkIl19XX19LCJpbnRlcmFjdGl2ZUxvZ2luIjp0cnVlLCJ0b2tlbiI6ImEyYzg0ODE1LThjYjgtNGE3Ni1iNmU0LTg4MGM3ZTc2MGNlYiIsImlhdCI6MTQ4NjU4Njc4OCwiYXVkIjoiaHR0cDovL2FwaS1wbGF0Zm9ybS1hcGkvcmVwb3NpdG9yeSIsImlzcyI6Imh0dHA6Ly9hcGktcGxhdGZvcm0tYXBpL3JlcG9zaXRvcnkifQ.YOsto-KJMgjQZxFXe6FFipYd8TIh4P1HIlJ5Tg6a9Ps
				Accept=*/*
				Content-Type=text/plain; charset=UTF-8
Cookies:		&lt;none&gt;
Body:			&lt;none&gt;
Request method:	DELETE
Request path:	https://qax.anypoint.mulesoft.com/apiplatform/repository/v2/organizations/5000db95-c5d4-487f-925e-3f82f15a5499/apis/2053/versions/2161/contracts/30242
Proxy:			&lt;none&gt;
Request params:	&lt;none&gt;
Query params:	&lt;none&gt;
Form params:	&lt;none&gt;
Path params:	&lt;none&gt;
Multiparts:		&lt;none&gt;
Headers:		Authorization=Bearer eyJ0eXAiOiJKV1QiLCJhbGciOiJIUzI1NiJ9.eyJpZCI6IjUwMDAzN2NkLTJjZmQtNGRhNC1iZWQ3LTU3Mzg0ZGViMDYyYiIsImZpcnN0TmFtZSI6IkZlZGVyYXRlZCIsImxhc3ROYW1lIjoiRXh0ZXJuYWwiLCJlbWFpbCI6ImNocmlzdG9waGVyLm1vcmR1ZUBtdWxlc29mdC5jb20iLCJ1c2VybmFtZSI6ImZlZGVyYXRlZF9leHRlcm5hbCIsIm9yZ2FuaXphdGlvbiI6eyJpZCI6IjUwMDBkYjk1LWM1ZDQtNDg3Zi05MjVlLTNmODJmMTVhNTQ5OSIsIm5hbWUiOiJGZWRlcmF0ZWQgSW5jIEV4dGVybmFsIEF1dGhvcml6YXRpb24iLCJkb21haW4iOiJmZWRlcmF0ZWQtZXh0ZXJuYWwiLCJlbnRpdGxlbWVudHMiOnsiaHlicmlkIjp7ImVuYWJsZWQiOmZhbHNlfSwiY3JlYXRlU3ViT3JncyI6dHJ1ZSwidkNvcmVzUHJvZHVjdGlvbiI6eyJhc3NpZ25lZCI6MSwicmVhc3NpZ25lZCI6MH0sInZDb3Jlc1NhbmRib3giOnsiYXNzaWduZWQiOjEsInJlYXNzaWduZWQiOjB9LCJnbG9iYWxEZXBsb3ltZW50IjpmYWxzZSwid29ya2VyTG9nZ2luZ092ZXJyaWRlIjp7ImVuYWJsZWQiOmZhbHNlfSwiZ2F0ZXdheXMiOnsiYXNzaWduZWQiOjB9LCJjcmVhdGVFbnZpcm9ubWVudHMiOnRydWUsInBhcnRuZXJzUHJvZHVjdGlvbiI6eyJhc3NpZ25lZCI6MH0sInBhcnRuZXJzU2FuZGJveCI6eyJhc3NpZ25lZCI6MH0sImF1dG9zY2FsaW5nIjpmYWxzZSwic3RhdGljSXBzIjp7ImFzc2lnbmVkIjowLCJyZWFzc2lnbmVkIjowfSwiYXJtQWxlcnRzIjpmYWxzZSwiYXBpcyI6eyJlbmFibGVkIjp0cnVlfSwibXFNZXNzYWdlcyI6eyJiYXNlIjowLCJhZGRPbiI6MH0sIm1xUmVxdWVzdHMiOnsiYmFzZSI6MCwiYWRkT24iOjB9LCJleHRlcm5hbElkZW50aXR5Ijp0cnVlLCJtcUFkdmFuY2VkRmVhdHVyZXMiOnsiZW5hYmxlZCI6ZmFsc2V9LCJ2cGNzIjp7ImFzc2lnbmVkIjowLCJyZWFzc2lnbmVkIjowfSwiaHlicmlkSW5zaWdodCI6ZmFsc2UsImRlc2lnbkNlbnRlciI6eyJtb3phcnQiOmZhbHNlLCJhcGkiOmZhbHNlfSwib2JqZWN0U3RvcmVSZXF1ZXN0VW5pdHMiOnsiYmFzZSI6MTUwMDAwMDAsImFkZE9uIjowfSwib2JqZWN0U3RvcmVLZXlzIjp7ImJhc2UiOjEwMDAwMCwiYWRkT24iOjB9LCJjYW0iOnsiZW5hYmxlZCI6ZmFsc2V9LCJsb2FkQmFsYW5jZXIiOnsiYXNzaWduZWQiOjAsInJlYXNzaWduZWQiOjB9LCJtZXNzYWdpbmciOnsiYXNzaWduZWQiOjB9fSwiZXh0ZXJuYWxBdXRob3JpemF0aW9uIjp0cnVlLCJleHRlcm5hbEF1dGhvcml6YXRpb25Qcm92aWRlciI6eyJuYW1lIjoiUG9ydGFsIEFwcGxpY2F0aW9uIE1hbmFnZW1lbnQgU3lzdGVtIChQQU1TKSIsInVybCI6Imh0dHBzOi8vd3NneC10ZXN0LmNpc2NvLmNvbS9wYW1zL2x0L2NlcG1TZXJ2aWNlL3YxLjUvbWdyc3J2cyIsInZlcnNpb24iOiIxLjUifSwiaWRlbnRpdHlNYW5hZ2VtZW50Ijp7InR5cGUiOiJQaW5nRmVkZXJhdGUifSwib2F1dGgyU2V0dGluZ3MiOnsiYXV0aG9yaXphdGlvbkdyYW50cyI6WyJjb2RlIiwidG9rZW4iLCJvd25lciIsImNyZWRlbnRpYWxzIl0sImF1dGhvcml6YXRpb25VcmkiOiJodHRwczovL2Nsb3Vkc3NvLXRlc3QuY2lzY28uY29tL2FzL2F1dGhvcml6YXRpb24ub2F1dGgyIiwiYWNjZXNzVG9rZW5VcmkiOiJodHRwczovL2Nsb3Vkc3NvLXRlc3QuY2lzY28uY29tL2FzL3Rva2VuLm9hdXRoMiIsImdyYW50VHlwZXMiOlt7Im5hbWUiOiJwYXNzd29yZCIsImxhYmVsIjoiUmVzb3VyY2UgT3duZXIgR3JhbnQiLCJyZXF1aXJlZCI6ZmFsc2UsImV4Y2x1ZGUiOltdLCJkZXBlbmRzIjpbXX0seyJuYW1lIjoiaW1wbGljaXQiLCJsYWJlbCI6IkltcGxpY2l0IEdyYW50IiwicmVxdWlyZWQiOmZhbHNlLCJleGNsdWRlIjpbXSwiZGVwZW5kcyI6W119LHsibmFtZSI6ImNsaWVudF9jcmVkZW50aWFscyIsImxhYmVsIjoiQ2xpZW50IENyZWRlbnRpYWxzIEdyYW50IiwicmVxdWlyZWQiOmZhbHNlLCJleGNsdWRlIjpbXSwiZGVwZW5kcyI6W119LHsibmFtZSI6ImF1dGhvcml6YXRpb25fY29kZSIsImxhYmVsIjoiQXV0aG9yaXphdGlvbiBDb2RlIEdyYW50IiwicmVxdWlyZWQiOmZhbHNlLCJleGNsdWRlIjpbXSwiZGVwZW5kcyI6W119LHsibmFtZSI6InJlZnJlc2hfdG9rZW4iLCJsYWJlbCI6IlJlZnJlc2ggVG9rZW4iLCJyZXF1aXJlZCI6ZmFsc2UsImV4Y2x1ZGUiOltdLCJkZXBlbmRzIjpbImF1dGhvcml6YXRpb25fY29kZSIsInBhc3N3b3JkIl19XX19LCJpbnRlcmFjdGl2ZUxvZ2luIjp0cnVlLCJ0b2tlbiI6ImEyYzg0ODE1LThjYjgtNGE3Ni1iNmU0LTg4MGM3ZTc2MGNlYiIsImlhdCI6MTQ4NjU4Njc4OCwiYXVkIjoiaHR0cDovL2FwaS1wbGF0Zm9ybS1hcGkvcmVwb3NpdG9yeSIsImlzcyI6Imh0dHA6Ly9hcGktcGxhdGZvcm0tYXBpL3JlcG9zaXRvcnkifQ.YOsto-KJMgjQZxFXe6FFipYd8TIh4P1HIlJ5Tg6a9Ps
				Accept=*/*
				Content-Type=text/plain; charset=UTF-8
Cookies:		&lt;none&gt;
Body:			&lt;none&gt;
Request method:	DELETE
Request path:	https://qax.anypoint.mulesoft.com/apiplatform/repository/v2/organizations/5000db95-c5d4-487f-925e-3f82f15a5499/apis/2053/versions/2161/contracts/30271
Proxy:			&lt;none&gt;
Request params:	&lt;none&gt;
Query params:	&lt;none&gt;
Form params:	&lt;none&gt;
Path params:	&lt;none&gt;
Multiparts:		&lt;none&gt;
Headers:		Authorization=Bearer eyJ0eXAiOiJKV1QiLCJhbGciOiJIUzI1NiJ9.eyJpZCI6IjUwMDAzN2NkLTJjZmQtNGRhNC1iZWQ3LTU3Mzg0ZGViMDYyYiIsImZpcnN0TmFtZSI6IkZlZGVyYXRlZCIsImxhc3ROYW1lIjoiRXh0ZXJuYWwiLCJlbWFpbCI6ImNocmlzdG9waGVyLm1vcmR1ZUBtdWxlc29mdC5jb20iLCJ1c2VybmFtZSI6ImZlZGVyYXRlZF9leHRlcm5hbCIsIm9yZ2FuaXphdGlvbiI6eyJpZCI6IjUwMDBkYjk1LWM1ZDQtNDg3Zi05MjVlLTNmODJmMTVhNTQ5OSIsIm5hbWUiOiJGZWRlcmF0ZWQgSW5jIEV4dGVybmFsIEF1dGhvcml6YXRpb24iLCJkb21haW4iOiJmZWRlcmF0ZWQtZXh0ZXJuYWwiLCJlbnRpdGxlbWVudHMiOnsiaHlicmlkIjp7ImVuYWJsZWQiOmZhbHNlfSwiY3JlYXRlU3ViT3JncyI6dHJ1ZSwidkNvcmVzUHJvZHVjdGlvbiI6eyJhc3NpZ25lZCI6MSwicmVhc3NpZ25lZCI6MH0sInZDb3Jlc1NhbmRib3giOnsiYXNzaWduZWQiOjEsInJlYXNzaWduZWQiOjB9LCJnbG9iYWxEZXBsb3ltZW50IjpmYWxzZSwid29ya2VyTG9nZ2luZ092ZXJyaWRlIjp7ImVuYWJsZWQiOmZhbHNlfSwiZ2F0ZXdheXMiOnsiYXNzaWduZWQiOjB9LCJjcmVhdGVFbnZpcm9ubWVudHMiOnRydWUsInBhcnRuZXJzUHJvZHVjdGlvbiI6eyJhc3NpZ25lZCI6MH0sInBhcnRuZXJzU2FuZGJveCI6eyJhc3NpZ25lZCI6MH0sImF1dG9zY2FsaW5nIjpmYWxzZSwic3RhdGljSXBzIjp7ImFzc2lnbmVkIjowLCJyZWFzc2lnbmVkIjowfSwiYXJtQWxlcnRzIjpmYWxzZSwiYXBpcyI6eyJlbmFibGVkIjp0cnVlfSwibXFNZXNzYWdlcyI6eyJiYXNlIjowLCJhZGRPbiI6MH0sIm1xUmVxdWVzdHMiOnsiYmFzZSI6MCwiYWRkT24iOjB9LCJleHRlcm5hbElkZW50aXR5Ijp0cnVlLCJtcUFkdmFuY2VkRmVhdHVyZXMiOnsiZW5hYmxlZCI6ZmFsc2V9LCJ2cGNzIjp7ImFzc2lnbmVkIjowLCJyZWFzc2lnbmVkIjowfSwiaHlicmlkSW5zaWdodCI6ZmFsc2UsImRlc2lnbkNlbnRlciI6eyJtb3phcnQiOmZhbHNlLCJhcGkiOmZhbHNlfSwib2JqZWN0U3RvcmVSZXF1ZXN0VW5pdHMiOnsiYmFzZSI6MTUwMDAwMDAsImFkZE9uIjowfSwib2JqZWN0U3RvcmVLZXlzIjp7ImJhc2UiOjEwMDAwMCwiYWRkT24iOjB9LCJjYW0iOnsiZW5hYmxlZCI6ZmFsc2V9LCJsb2FkQmFsYW5jZXIiOnsiYXNzaWduZWQiOjAsInJlYXNzaWduZWQiOjB9LCJtZXNzYWdpbmciOnsiYXNzaWduZWQiOjB9fSwiZXh0ZXJuYWxBdXRob3JpemF0aW9uIjp0cnVlLCJleHRlcm5hbEF1dGhvcml6YXRpb25Qcm92aWRlciI6eyJuYW1lIjoiUG9ydGFsIEFwcGxpY2F0aW9uIE1hbmFnZW1lbnQgU3lzdGVtIChQQU1TKSIsInVybCI6Imh0dHBzOi8vd3NneC10ZXN0LmNpc2NvLmNvbS9wYW1zL2x0L2NlcG1TZXJ2aWNlL3YxLjUvbWdyc3J2cyIsInZlcnNpb24iOiIxLjUifSwiaWRlbnRpdHlNYW5hZ2VtZW50Ijp7InR5cGUiOiJQaW5nRmVkZXJhdGUifSwib2F1dGgyU2V0dGluZ3MiOnsiYXV0aG9yaXphdGlvbkdyYW50cyI6WyJjb2RlIiwidG9rZW4iLCJvd25lciIsImNyZWRlbnRpYWxzIl0sImF1dGhvcml6YXRpb25VcmkiOiJodHRwczovL2Nsb3Vkc3NvLXRlc3QuY2lzY28uY29tL2FzL2F1dGhvcml6YXRpb24ub2F1dGgyIiwiYWNjZXNzVG9rZW5VcmkiOiJodHRwczovL2Nsb3Vkc3NvLXRlc3QuY2lzY28uY29tL2FzL3Rva2VuLm9hdXRoMiIsImdyYW50VHlwZXMiOlt7Im5hbWUiOiJwYXNzd29yZCIsImxhYmVsIjoiUmVzb3VyY2UgT3duZXIgR3JhbnQiLCJyZXF1aXJlZCI6ZmFsc2UsImV4Y2x1ZGUiOltdLCJkZXBlbmRzIjpbXX0seyJuYW1lIjoiaW1wbGljaXQiLCJsYWJlbCI6IkltcGxpY2l0IEdyYW50IiwicmVxdWlyZWQiOmZhbHNlLCJleGNsdWRlIjpbXSwiZGVwZW5kcyI6W119LHsibmFtZSI6ImNsaWVudF9jcmVkZW50aWFscyIsImxhYmVsIjoiQ2xpZW50IENyZWRlbnRpYWxzIEdyYW50IiwicmVxdWlyZWQiOmZhbHNlLCJleGNsdWRlIjpbXSwiZGVwZW5kcyI6W119LHsibmFtZSI6ImF1dGhvcml6YXRpb25fY29kZSIsImxhYmVsIjoiQXV0aG9yaXphdGlvbiBDb2RlIEdyYW50IiwicmVxdWlyZWQiOmZhbHNlLCJleGNsdWRlIjpbXSwiZGVwZW5kcyI6W119LHsibmFtZSI6InJlZnJlc2hfdG9rZW4iLCJsYWJlbCI6IlJlZnJlc2ggVG9rZW4iLCJyZXF1aXJlZCI6ZmFsc2UsImV4Y2x1ZGUiOltdLCJkZXBlbmRzIjpbImF1dGhvcml6YXRpb25fY29kZSIsInBhc3N3b3JkIl19XX19LCJpbnRlcmFjdGl2ZUxvZ2luIjp0cnVlLCJ0b2tlbiI6ImEyYzg0ODE1LThjYjgtNGE3Ni1iNmU0LTg4MGM3ZTc2MGNlYiIsImlhdCI6MTQ4NjU4Njc4OCwiYXVkIjoiaHR0cDovL2FwaS1wbGF0Zm9ybS1hcGkvcmVwb3NpdG9yeSIsImlzcyI6Imh0dHA6Ly9hcGktcGxhdGZvcm0tYXBpL3JlcG9zaXRvcnkifQ.YOsto-KJMgjQZxFXe6FFipYd8TIh4P1HIlJ5Tg6a9Ps
				Accept=*/*
				Content-Type=text/plain; charset=UTF-8
Cookies:		&lt;none&gt;
Body:			&lt;none&gt;
Request method:	DELETE
Request path:	https://qax.anypoint.mulesoft.com/apiplatform/repository/v2/organizations/5000db95-c5d4-487f-925e-3f82f15a5499/apis/2053/versions/2161/contracts/30251
Proxy:			&lt;none&gt;
Request params:	&lt;none&gt;
Query params:	&lt;none&gt;
Form params:	&lt;none&gt;
Path params:	&lt;none&gt;
Multiparts:		&lt;none&gt;
Headers:		Authorization=Bearer eyJ0eXAiOiJKV1QiLCJhbGciOiJIUzI1NiJ9.eyJpZCI6IjUwMDAzN2NkLTJjZmQtNGRhNC1iZWQ3LTU3Mzg0ZGViMDYyYiIsImZpcnN0TmFtZSI6IkZlZGVyYXRlZCIsImxhc3ROYW1lIjoiRXh0ZXJuYWwiLCJlbWFpbCI6ImNocmlzdG9waGVyLm1vcmR1ZUBtdWxlc29mdC5jb20iLCJ1c2VybmFtZSI6ImZlZGVyYXRlZF9leHRlcm5hbCIsIm9yZ2FuaXphdGlvbiI6eyJpZCI6IjUwMDBkYjk1LWM1ZDQtNDg3Zi05MjVlLTNmODJmMTVhNTQ5OSIsIm5hbWUiOiJGZWRlcmF0ZWQgSW5jIEV4dGVybmFsIEF1dGhvcml6YXRpb24iLCJkb21haW4iOiJmZWRlcmF0ZWQtZXh0ZXJuYWwiLCJlbnRpdGxlbWVudHMiOnsiaHlicmlkIjp7ImVuYWJsZWQiOmZhbHNlfSwiY3JlYXRlU3ViT3JncyI6dHJ1ZSwidkNvcmVzUHJvZHVjdGlvbiI6eyJhc3NpZ25lZCI6MSwicmVhc3NpZ25lZCI6MH0sInZDb3Jlc1NhbmRib3giOnsiYXNzaWduZWQiOjEsInJlYXNzaWduZWQiOjB9LCJnbG9iYWxEZXBsb3ltZW50IjpmYWxzZSwid29ya2VyTG9nZ2luZ092ZXJyaWRlIjp7ImVuYWJsZWQiOmZhbHNlfSwiZ2F0ZXdheXMiOnsiYXNzaWduZWQiOjB9LCJjcmVhdGVFbnZpcm9ubWVudHMiOnRydWUsInBhcnRuZXJzUHJvZHVjdGlvbiI6eyJhc3NpZ25lZCI6MH0sInBhcnRuZXJzU2FuZGJveCI6eyJhc3NpZ25lZCI6MH0sImF1dG9zY2FsaW5nIjpmYWxzZSwic3RhdGljSXBzIjp7ImFzc2lnbmVkIjowLCJyZWFzc2lnbmVkIjowfSwiYXJtQWxlcnRzIjpmYWxzZSwiYXBpcyI6eyJlbmFibGVkIjp0cnVlfSwibXFNZXNzYWdlcyI6eyJiYXNlIjowLCJhZGRPbiI6MH0sIm1xUmVxdWVzdHMiOnsiYmFzZSI6MCwiYWRkT24iOjB9LCJleHRlcm5hbElkZW50aXR5Ijp0cnVlLCJtcUFkdmFuY2VkRmVhdHVyZXMiOnsiZW5hYmxlZCI6ZmFsc2V9LCJ2cGNzIjp7ImFzc2lnbmVkIjowLCJyZWFzc2lnbmVkIjowfSwiaHlicmlkSW5zaWdodCI6ZmFsc2UsImRlc2lnbkNlbnRlciI6eyJtb3phcnQiOmZhbHNlLCJhcGkiOmZhbHNlfSwib2JqZWN0U3RvcmVSZXF1ZXN0VW5pdHMiOnsiYmFzZSI6MTUwMDAwMDAsImFkZE9uIjowfSwib2JqZWN0U3RvcmVLZXlzIjp7ImJhc2UiOjEwMDAwMCwiYWRkT24iOjB9LCJjYW0iOnsiZW5hYmxlZCI6ZmFsc2V9LCJsb2FkQmFsYW5jZXIiOnsiYXNzaWduZWQiOjAsInJlYXNzaWduZWQiOjB9LCJtZXNzYWdpbmciOnsiYXNzaWduZWQiOjB9fSwiZXh0ZXJuYWxBdXRob3JpemF0aW9uIjp0cnVlLCJleHRlcm5hbEF1dGhvcml6YXRpb25Qcm92aWRlciI6eyJuYW1lIjoiUG9ydGFsIEFwcGxpY2F0aW9uIE1hbmFnZW1lbnQgU3lzdGVtIChQQU1TKSIsInVybCI6Imh0dHBzOi8vd3NneC10ZXN0LmNpc2NvLmNvbS9wYW1zL2x0L2NlcG1TZXJ2aWNlL3YxLjUvbWdyc3J2cyIsInZlcnNpb24iOiIxLjUifSwiaWRlbnRpdHlNYW5hZ2VtZW50Ijp7InR5cGUiOiJQaW5nRmVkZXJhdGUifSwib2F1dGgyU2V0dGluZ3MiOnsiYXV0aG9yaXphdGlvbkdyYW50cyI6WyJjb2RlIiwidG9rZW4iLCJvd25lciIsImNyZWRlbnRpYWxzIl0sImF1dGhvcml6YXRpb25VcmkiOiJodHRwczovL2Nsb3Vkc3NvLXRlc3QuY2lzY28uY29tL2FzL2F1dGhvcml6YXRpb24ub2F1dGgyIiwiYWNjZXNzVG9rZW5VcmkiOiJodHRwczovL2Nsb3Vkc3NvLXRlc3QuY2lzY28uY29tL2FzL3Rva2VuLm9hdXRoMiIsImdyYW50VHlwZXMiOlt7Im5hbWUiOiJwYXNzd29yZCIsImxhYmVsIjoiUmVzb3VyY2UgT3duZXIgR3JhbnQiLCJyZXF1aXJlZCI6ZmFsc2UsImV4Y2x1ZGUiOltdLCJkZXBlbmRzIjpbXX0seyJuYW1lIjoiaW1wbGljaXQiLCJsYWJlbCI6IkltcGxpY2l0IEdyYW50IiwicmVxdWlyZWQiOmZhbHNlLCJleGNsdWRlIjpbXSwiZGVwZW5kcyI6W119LHsibmFtZSI6ImNsaWVudF9jcmVkZW50aWFscyIsImxhYmVsIjoiQ2xpZW50IENyZWRlbnRpYWxzIEdyYW50IiwicmVxdWlyZWQiOmZhbHNlLCJleGNsdWRlIjpbXSwiZGVwZW5kcyI6W119LHsibmFtZSI6ImF1dGhvcml6YXRpb25fY29kZSIsImxhYmVsIjoiQXV0aG9yaXphdGlvbiBDb2RlIEdyYW50IiwicmVxdWlyZWQiOmZhbHNlLCJleGNsdWRlIjpbXSwiZGVwZW5kcyI6W119LHsibmFtZSI6InJlZnJlc2hfdG9rZW4iLCJsYWJlbCI6IlJlZnJlc2ggVG9rZW4iLCJyZXF1aXJlZCI6ZmFsc2UsImV4Y2x1ZGUiOltdLCJkZXBlbmRzIjpbImF1dGhvcml6YXRpb25fY29kZSIsInBhc3N3b3JkIl19XX19LCJpbnRlcmFjdGl2ZUxvZ2luIjp0cnVlLCJ0b2tlbiI6ImEyYzg0ODE1LThjYjgtNGE3Ni1iNmU0LTg4MGM3ZTc2MGNlYiIsImlhdCI6MTQ4NjU4Njc4OCwiYXVkIjoiaHR0cDovL2FwaS1wbGF0Zm9ybS1hcGkvcmVwb3NpdG9yeSIsImlzcyI6Imh0dHA6Ly9hcGktcGxhdGZvcm0tYXBpL3JlcG9zaXRvcnkifQ.YOsto-KJMgjQZxFXe6FFipYd8TIh4P1HIlJ5Tg6a9Ps
				Accept=*/*
				Content-Type=text/plain; charset=UTF-8
Cookies:		&lt;none&gt;
Body:			&lt;none&gt;
Request method:	DELETE
Request path:	https://qax.anypoint.mulesoft.com/apiplatform/repository/v2/organizations/5000db95-c5d4-487f-925e-3f82f15a5499/apis/2053/versions/2161/contracts/30277
Proxy:			&lt;none&gt;
Request params:	&lt;none&gt;
Query params:	&lt;none&gt;
Form params:	&lt;none&gt;
Path params:	&lt;none&gt;
Multiparts:		&lt;none&gt;
Headers:		Authorization=Bearer eyJ0eXAiOiJKV1QiLCJhbGciOiJIUzI1NiJ9.eyJpZCI6IjUwMDAzN2NkLTJjZmQtNGRhNC1iZWQ3LTU3Mzg0ZGViMDYyYiIsImZpcnN0TmFtZSI6IkZlZGVyYXRlZCIsImxhc3ROYW1lIjoiRXh0ZXJuYWwiLCJlbWFpbCI6ImNocmlzdG9waGVyLm1vcmR1ZUBtdWxlc29mdC5jb20iLCJ1c2VybmFtZSI6ImZlZGVyYXRlZF9leHRlcm5hbCIsIm9yZ2FuaXphdGlvbiI6eyJpZCI6IjUwMDBkYjk1LWM1ZDQtNDg3Zi05MjVlLTNmODJmMTVhNTQ5OSIsIm5hbWUiOiJGZWRlcmF0ZWQgSW5jIEV4dGVybmFsIEF1dGhvcml6YXRpb24iLCJkb21haW4iOiJmZWRlcmF0ZWQtZXh0ZXJuYWwiLCJlbnRpdGxlbWVudHMiOnsiaHlicmlkIjp7ImVuYWJsZWQiOmZhbHNlfSwiY3JlYXRlU3ViT3JncyI6dHJ1ZSwidkNvcmVzUHJvZHVjdGlvbiI6eyJhc3NpZ25lZCI6MSwicmVhc3NpZ25lZCI6MH0sInZDb3Jlc1NhbmRib3giOnsiYXNzaWduZWQiOjEsInJlYXNzaWduZWQiOjB9LCJnbG9iYWxEZXBsb3ltZW50IjpmYWxzZSwid29ya2VyTG9nZ2luZ092ZXJyaWRlIjp7ImVuYWJsZWQiOmZhbHNlfSwiZ2F0ZXdheXMiOnsiYXNzaWduZWQiOjB9LCJjcmVhdGVFbnZpcm9ubWVudHMiOnRydWUsInBhcnRuZXJzUHJvZHVjdGlvbiI6eyJhc3NpZ25lZCI6MH0sInBhcnRuZXJzU2FuZGJveCI6eyJhc3NpZ25lZCI6MH0sImF1dG9zY2FsaW5nIjpmYWxzZSwic3RhdGljSXBzIjp7ImFzc2lnbmVkIjowLCJyZWFzc2lnbmVkIjowfSwiYXJtQWxlcnRzIjpmYWxzZSwiYXBpcyI6eyJlbmFibGVkIjp0cnVlfSwibXFNZXNzYWdlcyI6eyJiYXNlIjowLCJhZGRPbiI6MH0sIm1xUmVxdWVzdHMiOnsiYmFzZSI6MCwiYWRkT24iOjB9LCJleHRlcm5hbElkZW50aXR5Ijp0cnVlLCJtcUFkdmFuY2VkRmVhdHVyZXMiOnsiZW5hYmxlZCI6ZmFsc2V9LCJ2cGNzIjp7ImFzc2lnbmVkIjowLCJyZWFzc2lnbmVkIjowfSwiaHlicmlkSW5zaWdodCI6ZmFsc2UsImRlc2lnbkNlbnRlciI6eyJtb3phcnQiOmZhbHNlLCJhcGkiOmZhbHNlfSwib2JqZWN0U3RvcmVSZXF1ZXN0VW5pdHMiOnsiYmFzZSI6MTUwMDAwMDAsImFkZE9uIjowfSwib2JqZWN0U3RvcmVLZXlzIjp7ImJhc2UiOjEwMDAwMCwiYWRkT24iOjB9LCJjYW0iOnsiZW5hYmxlZCI6ZmFsc2V9LCJsb2FkQmFsYW5jZXIiOnsiYXNzaWduZWQiOjAsInJlYXNzaWduZWQiOjB9LCJtZXNzYWdpbmciOnsiYXNzaWduZWQiOjB9fSwiZXh0ZXJuYWxBdXRob3JpemF0aW9uIjp0cnVlLCJleHRlcm5hbEF1dGhvcml6YXRpb25Qcm92aWRlciI6eyJuYW1lIjoiUG9ydGFsIEFwcGxpY2F0aW9uIE1hbmFnZW1lbnQgU3lzdGVtIChQQU1TKSIsInVybCI6Imh0dHBzOi8vd3NneC10ZXN0LmNpc2NvLmNvbS9wYW1zL2x0L2NlcG1TZXJ2aWNlL3YxLjUvbWdyc3J2cyIsInZlcnNpb24iOiIxLjUifSwiaWRlbnRpdHlNYW5hZ2VtZW50Ijp7InR5cGUiOiJQaW5nRmVkZXJhdGUifSwib2F1dGgyU2V0dGluZ3MiOnsiYXV0aG9yaXphdGlvbkdyYW50cyI6WyJjb2RlIiwidG9rZW4iLCJvd25lciIsImNyZWRlbnRpYWxzIl0sImF1dGhvcml6YXRpb25VcmkiOiJodHRwczovL2Nsb3Vkc3NvLXRlc3QuY2lzY28uY29tL2FzL2F1dGhvcml6YXRpb24ub2F1dGgyIiwiYWNjZXNzVG9rZW5VcmkiOiJodHRwczovL2Nsb3Vkc3NvLXRlc3QuY2lzY28uY29tL2FzL3Rva2VuLm9hdXRoMiIsImdyYW50VHlwZXMiOlt7Im5hbWUiOiJwYXNzd29yZCIsImxhYmVsIjoiUmVzb3VyY2UgT3duZXIgR3JhbnQiLCJyZXF1aXJlZCI6ZmFsc2UsImV4Y2x1ZGUiOltdLCJkZXBlbmRzIjpbXX0seyJuYW1lIjoiaW1wbGljaXQiLCJsYWJlbCI6IkltcGxpY2l0IEdyYW50IiwicmVxdWlyZWQiOmZhbHNlLCJleGNsdWRlIjpbXSwiZGVwZW5kcyI6W119LHsibmFtZSI6ImNsaWVudF9jcmVkZW50aWFscyIsImxhYmVsIjoiQ2xpZW50IENyZWRlbnRpYWxzIEdyYW50IiwicmVxdWlyZWQiOmZhbHNlLCJleGNsdWRlIjpbXSwiZGVwZW5kcyI6W119LHsibmFtZSI6ImF1dGhvcml6YXRpb25fY29kZSIsImxhYmVsIjoiQXV0aG9yaXphdGlvbiBDb2RlIEdyYW50IiwicmVxdWlyZWQiOmZhbHNlLCJleGNsdWRlIjpbXSwiZGVwZW5kcyI6W119LHsibmFtZSI6InJlZnJlc2hfdG9rZW4iLCJsYWJlbCI6IlJlZnJlc2ggVG9rZW4iLCJyZXF1aXJlZCI6ZmFsc2UsImV4Y2x1ZGUiOltdLCJkZXBlbmRzIjpbImF1dGhvcml6YXRpb25fY29kZSIsInBhc3N3b3JkIl19XX19LCJpbnRlcmFjdGl2ZUxvZ2luIjp0cnVlLCJ0b2tlbiI6ImEyYzg0ODE1LThjYjgtNGE3Ni1iNmU0LTg4MGM3ZTc2MGNlYiIsImlhdCI6MTQ4NjU4Njc4OCwiYXVkIjoiaHR0cDovL2FwaS1wbGF0Zm9ybS1hcGkvcmVwb3NpdG9yeSIsImlzcyI6Imh0dHA6Ly9hcGktcGxhdGZvcm0tYXBpL3JlcG9zaXRvcnkifQ.YOsto-KJMgjQZxFXe6FFipYd8TIh4P1HIlJ5Tg6a9Ps
				Accept=*/*
				Content-Type=text/plain; charset=UTF-8
Cookies:		&lt;none&gt;
Body:			&lt;none&gt;
Request method:	DELETE
Request path:	https://qax.anypoint.mulesoft.com/apiplatform/repository/v2/organizations/5000db95-c5d4-487f-925e-3f82f15a5499/apis/2053/versions/2161/contracts/30280
Proxy:			&lt;none&gt;
Request params:	&lt;none&gt;
Query params:	&lt;none&gt;
Form params:	&lt;none&gt;
Path params:	&lt;none&gt;
Multiparts:		&lt;none&gt;
Headers:		Authorization=Bearer eyJ0eXAiOiJKV1QiLCJhbGciOiJIUzI1NiJ9.eyJpZCI6IjUwMDAzN2NkLTJjZmQtNGRhNC1iZWQ3LTU3Mzg0ZGViMDYyYiIsImZpcnN0TmFtZSI6IkZlZGVyYXRlZCIsImxhc3ROYW1lIjoiRXh0ZXJuYWwiLCJlbWFpbCI6ImNocmlzdG9waGVyLm1vcmR1ZUBtdWxlc29mdC5jb20iLCJ1c2VybmFtZSI6ImZlZGVyYXRlZF9leHRlcm5hbCIsIm9yZ2FuaXphdGlvbiI6eyJpZCI6IjUwMDBkYjk1LWM1ZDQtNDg3Zi05MjVlLTNmODJmMTVhNTQ5OSIsIm5hbWUiOiJGZWRlcmF0ZWQgSW5jIEV4dGVybmFsIEF1dGhvcml6YXRpb24iLCJkb21haW4iOiJmZWRlcmF0ZWQtZXh0ZXJuYWwiLCJlbnRpdGxlbWVudHMiOnsiaHlicmlkIjp7ImVuYWJsZWQiOmZhbHNlfSwiY3JlYXRlU3ViT3JncyI6dHJ1ZSwidkNvcmVzUHJvZHVjdGlvbiI6eyJhc3NpZ25lZCI6MSwicmVhc3NpZ25lZCI6MH0sInZDb3Jlc1NhbmRib3giOnsiYXNzaWduZWQiOjEsInJlYXNzaWduZWQiOjB9LCJnbG9iYWxEZXBsb3ltZW50IjpmYWxzZSwid29ya2VyTG9nZ2luZ092ZXJyaWRlIjp7ImVuYWJsZWQiOmZhbHNlfSwiZ2F0ZXdheXMiOnsiYXNzaWduZWQiOjB9LCJjcmVhdGVFbnZpcm9ubWVudHMiOnRydWUsInBhcnRuZXJzUHJvZHVjdGlvbiI6eyJhc3NpZ25lZCI6MH0sInBhcnRuZXJzU2FuZGJveCI6eyJhc3NpZ25lZCI6MH0sImF1dG9zY2FsaW5nIjpmYWxzZSwic3RhdGljSXBzIjp7ImFzc2lnbmVkIjowLCJyZWFzc2lnbmVkIjowfSwiYXJtQWxlcnRzIjpmYWxzZSwiYXBpcyI6eyJlbmFibGVkIjp0cnVlfSwibXFNZXNzYWdlcyI6eyJiYXNlIjowLCJhZGRPbiI6MH0sIm1xUmVxdWVzdHMiOnsiYmFzZSI6MCwiYWRkT24iOjB9LCJleHRlcm5hbElkZW50aXR5Ijp0cnVlLCJtcUFkdmFuY2VkRmVhdHVyZXMiOnsiZW5hYmxlZCI6ZmFsc2V9LCJ2cGNzIjp7ImFzc2lnbmVkIjowLCJyZWFzc2lnbmVkIjowfSwiaHlicmlkSW5zaWdodCI6ZmFsc2UsImRlc2lnbkNlbnRlciI6eyJtb3phcnQiOmZhbHNlLCJhcGkiOmZhbHNlfSwib2JqZWN0U3RvcmVSZXF1ZXN0VW5pdHMiOnsiYmFzZSI6MTUwMDAwMDAsImFkZE9uIjowfSwib2JqZWN0U3RvcmVLZXlzIjp7ImJhc2UiOjEwMDAwMCwiYWRkT24iOjB9LCJjYW0iOnsiZW5hYmxlZCI6ZmFsc2V9LCJsb2FkQmFsYW5jZXIiOnsiYXNzaWduZWQiOjAsInJlYXNzaWduZWQiOjB9LCJtZXNzYWdpbmciOnsiYXNzaWduZWQiOjB9fSwiZXh0ZXJuYWxBdXRob3JpemF0aW9uIjp0cnVlLCJleHRlcm5hbEF1dGhvcml6YXRpb25Qcm92aWRlciI6eyJuYW1lIjoiUG9ydGFsIEFwcGxpY2F0aW9uIE1hbmFnZW1lbnQgU3lzdGVtIChQQU1TKSIsInVybCI6Imh0dHBzOi8vd3NneC10ZXN0LmNpc2NvLmNvbS9wYW1zL2x0L2NlcG1TZXJ2aWNlL3YxLjUvbWdyc3J2cyIsInZlcnNpb24iOiIxLjUifSwiaWRlbnRpdHlNYW5hZ2VtZW50Ijp7InR5cGUiOiJQaW5nRmVkZXJhdGUifSwib2F1dGgyU2V0dGluZ3MiOnsiYXV0aG9yaXphdGlvbkdyYW50cyI6WyJjb2RlIiwidG9rZW4iLCJvd25lciIsImNyZWRlbnRpYWxzIl0sImF1dGhvcml6YXRpb25VcmkiOiJodHRwczovL2Nsb3Vkc3NvLXRlc3QuY2lzY28uY29tL2FzL2F1dGhvcml6YXRpb24ub2F1dGgyIiwiYWNjZXNzVG9rZW5VcmkiOiJodHRwczovL2Nsb3Vkc3NvLXRlc3QuY2lzY28uY29tL2FzL3Rva2VuLm9hdXRoMiIsImdyYW50VHlwZXMiOlt7Im5hbWUiOiJwYXNzd29yZCIsImxhYmVsIjoiUmVzb3VyY2UgT3duZXIgR3JhbnQiLCJyZXF1aXJlZCI6ZmFsc2UsImV4Y2x1ZGUiOltdLCJkZXBlbmRzIjpbXX0seyJuYW1lIjoiaW1wbGljaXQiLCJsYWJlbCI6IkltcGxpY2l0IEdyYW50IiwicmVxdWlyZWQiOmZhbHNlLCJleGNsdWRlIjpbXSwiZGVwZW5kcyI6W119LHsibmFtZSI6ImNsaWVudF9jcmVkZW50aWFscyIsImxhYmVsIjoiQ2xpZW50IENyZWRlbnRpYWxzIEdyYW50IiwicmVxdWlyZWQiOmZhbHNlLCJleGNsdWRlIjpbXSwiZGVwZW5kcyI6W119LHsibmFtZSI6ImF1dGhvcml6YXRpb25fY29kZSIsImxhYmVsIjoiQXV0aG9yaXphdGlvbiBDb2RlIEdyYW50IiwicmVxdWlyZWQiOmZhbHNlLCJleGNsdWRlIjpbXSwiZGVwZW5kcyI6W119LHsibmFtZSI6InJlZnJlc2hfdG9rZW4iLCJsYWJlbCI6IlJlZnJlc2ggVG9rZW4iLCJyZXF1aXJlZCI6ZmFsc2UsImV4Y2x1ZGUiOltdLCJkZXBlbmRzIjpbImF1dGhvcml6YXRpb25fY29kZSIsInBhc3N3b3JkIl19XX19LCJpbnRlcmFjdGl2ZUxvZ2luIjp0cnVlLCJ0b2tlbiI6ImEyYzg0ODE1LThjYjgtNGE3Ni1iNmU0LTg4MGM3ZTc2MGNlYiIsImlhdCI6MTQ4NjU4Njc4OCwiYXVkIjoiaHR0cDovL2FwaS1wbGF0Zm9ybS1hcGkvcmVwb3NpdG9yeSIsImlzcyI6Imh0dHA6Ly9hcGktcGxhdGZvcm0tYXBpL3JlcG9zaXRvcnkifQ.YOsto-KJMgjQZxFXe6FFipYd8TIh4P1HIlJ5Tg6a9Ps
				Accept=*/*
				Content-Type=text/plain; charset=UTF-8
Cookies:		&lt;none&gt;
Body:			&lt;none&gt;
Request method:	DELETE
Request path:	https://qax.anypoint.mulesoft.com/apiplatform/repository/v2/organizations/5000db95-c5d4-487f-925e-3f82f15a5499/apis/2053/versions/2161/contracts/30201
Proxy:			&lt;none&gt;
Request params:	&lt;none&gt;
Query params:	&lt;none&gt;
Form params:	&lt;none&gt;
Path params:	&lt;none&gt;
Multiparts:		&lt;none&gt;
Headers:		Authorization=Bearer eyJ0eXAiOiJKV1QiLCJhbGciOiJIUzI1NiJ9.eyJpZCI6IjUwMDAzN2NkLTJjZmQtNGRhNC1iZWQ3LTU3Mzg0ZGViMDYyYiIsImZpcnN0TmFtZSI6IkZlZGVyYXRlZCIsImxhc3ROYW1lIjoiRXh0ZXJuYWwiLCJlbWFpbCI6ImNocmlzdG9waGVyLm1vcmR1ZUBtdWxlc29mdC5jb20iLCJ1c2VybmFtZSI6ImZlZGVyYXRlZF9leHRlcm5hbCIsIm9yZ2FuaXphdGlvbiI6eyJpZCI6IjUwMDBkYjk1LWM1ZDQtNDg3Zi05MjVlLTNmODJmMTVhNTQ5OSIsIm5hbWUiOiJGZWRlcmF0ZWQgSW5jIEV4dGVybmFsIEF1dGhvcml6YXRpb24iLCJkb21haW4iOiJmZWRlcmF0ZWQtZXh0ZXJuYWwiLCJlbnRpdGxlbWVudHMiOnsiaHlicmlkIjp7ImVuYWJsZWQiOmZhbHNlfSwiY3JlYXRlU3ViT3JncyI6dHJ1ZSwidkNvcmVzUHJvZHVjdGlvbiI6eyJhc3NpZ25lZCI6MSwicmVhc3NpZ25lZCI6MH0sInZDb3Jlc1NhbmRib3giOnsiYXNzaWduZWQiOjEsInJlYXNzaWduZWQiOjB9LCJnbG9iYWxEZXBsb3ltZW50IjpmYWxzZSwid29ya2VyTG9nZ2luZ092ZXJyaWRlIjp7ImVuYWJsZWQiOmZhbHNlfSwiZ2F0ZXdheXMiOnsiYXNzaWduZWQiOjB9LCJjcmVhdGVFbnZpcm9ubWVudHMiOnRydWUsInBhcnRuZXJzUHJvZHVjdGlvbiI6eyJhc3NpZ25lZCI6MH0sInBhcnRuZXJzU2FuZGJveCI6eyJhc3NpZ25lZCI6MH0sImF1dG9zY2FsaW5nIjpmYWxzZSwic3RhdGljSXBzIjp7ImFzc2lnbmVkIjowLCJyZWFzc2lnbmVkIjowfSwiYXJtQWxlcnRzIjpmYWxzZSwiYXBpcyI6eyJlbmFibGVkIjp0cnVlfSwibXFNZXNzYWdlcyI6eyJiYXNlIjowLCJhZGRPbiI6MH0sIm1xUmVxdWVzdHMiOnsiYmFzZSI6MCwiYWRkT24iOjB9LCJleHRlcm5hbElkZW50aXR5Ijp0cnVlLCJtcUFkdmFuY2VkRmVhdHVyZXMiOnsiZW5hYmxlZCI6ZmFsc2V9LCJ2cGNzIjp7ImFzc2lnbmVkIjowLCJyZWFzc2lnbmVkIjowfSwiaHlicmlkSW5zaWdodCI6ZmFsc2UsImRlc2lnbkNlbnRlciI6eyJtb3phcnQiOmZhbHNlLCJhcGkiOmZhbHNlfSwib2JqZWN0U3RvcmVSZXF1ZXN0VW5pdHMiOnsiYmFzZSI6MTUwMDAwMDAsImFkZE9uIjowfSwib2JqZWN0U3RvcmVLZXlzIjp7ImJhc2UiOjEwMDAwMCwiYWRkT24iOjB9LCJjYW0iOnsiZW5hYmxlZCI6ZmFsc2V9LCJsb2FkQmFsYW5jZXIiOnsiYXNzaWduZWQiOjAsInJlYXNzaWduZWQiOjB9LCJtZXNzYWdpbmciOnsiYXNzaWduZWQiOjB9fSwiZXh0ZXJuYWxBdXRob3JpemF0aW9uIjp0cnVlLCJleHRlcm5hbEF1dGhvcml6YXRpb25Qcm92aWRlciI6eyJuYW1lIjoiUG9ydGFsIEFwcGxpY2F0aW9uIE1hbmFnZW1lbnQgU3lzdGVtIChQQU1TKSIsInVybCI6Imh0dHBzOi8vd3NneC10ZXN0LmNpc2NvLmNvbS9wYW1zL2x0L2NlcG1TZXJ2aWNlL3YxLjUvbWdyc3J2cyIsInZlcnNpb24iOiIxLjUifSwiaWRlbnRpdHlNYW5hZ2VtZW50Ijp7InR5cGUiOiJQaW5nRmVkZXJhdGUifSwib2F1dGgyU2V0dGluZ3MiOnsiYXV0aG9yaXphdGlvbkdyYW50cyI6WyJjb2RlIiwidG9rZW4iLCJvd25lciIsImNyZWRlbnRpYWxzIl0sImF1dGhvcml6YXRpb25VcmkiOiJodHRwczovL2Nsb3Vkc3NvLXRlc3QuY2lzY28uY29tL2FzL2F1dGhvcml6YXRpb24ub2F1dGgyIiwiYWNjZXNzVG9rZW5VcmkiOiJodHRwczovL2Nsb3Vkc3NvLXRlc3QuY2lzY28uY29tL2FzL3Rva2VuLm9hdXRoMiIsImdyYW50VHlwZXMiOlt7Im5hbWUiOiJwYXNzd29yZCIsImxhYmVsIjoiUmVzb3VyY2UgT3duZXIgR3JhbnQiLCJyZXF1aXJlZCI6ZmFsc2UsImV4Y2x1ZGUiOltdLCJkZXBlbmRzIjpbXX0seyJuYW1lIjoiaW1wbGljaXQiLCJsYWJlbCI6IkltcGxpY2l0IEdyYW50IiwicmVxdWlyZWQiOmZhbHNlLCJleGNsdWRlIjpbXSwiZGVwZW5kcyI6W119LHsibmFtZSI6ImNsaWVudF9jcmVkZW50aWFscyIsImxhYmVsIjoiQ2xpZW50IENyZWRlbnRpYWxzIEdyYW50IiwicmVxdWlyZWQiOmZhbHNlLCJleGNsdWRlIjpbXSwiZGVwZW5kcyI6W119LHsibmFtZSI6ImF1dGhvcml6YXRpb25fY29kZSIsImxhYmVsIjoiQXV0aG9yaXphdGlvbiBDb2RlIEdyYW50IiwicmVxdWlyZWQiOmZhbHNlLCJleGNsdWRlIjpbXSwiZGVwZW5kcyI6W119LHsibmFtZSI6InJlZnJlc2hfdG9rZW4iLCJsYWJlbCI6IlJlZnJlc2ggVG9rZW4iLCJyZXF1aXJlZCI6ZmFsc2UsImV4Y2x1ZGUiOltdLCJkZXBlbmRzIjpbImF1dGhvcml6YXRpb25fY29kZSIsInBhc3N3b3JkIl19XX19LCJpbnRlcmFjdGl2ZUxvZ2luIjp0cnVlLCJ0b2tlbiI6ImEyYzg0ODE1LThjYjgtNGE3Ni1iNmU0LTg4MGM3ZTc2MGNlYiIsImlhdCI6MTQ4NjU4Njc4OCwiYXVkIjoiaHR0cDovL2FwaS1wbGF0Zm9ybS1hcGkvcmVwb3NpdG9yeSIsImlzcyI6Imh0dHA6Ly9hcGktcGxhdGZvcm0tYXBpL3JlcG9zaXRvcnkifQ.YOsto-KJMgjQZxFXe6FFipYd8TIh4P1HIlJ5Tg6a9Ps
				Accept=*/*
				Content-Type=text/plain; charset=UTF-8
Cookies:		&lt;none&gt;
Body:			&lt;none&gt;
Request method:	DELETE
Request path:	https://qax.anypoint.mulesoft.com/apiplatform/repository/v2/organizations/5000db95-c5d4-487f-925e-3f82f15a5499/apis/2053/versions/2161/contracts/30270
Proxy:			&lt;none&gt;
Request params:	&lt;none&gt;
Query params:	&lt;none&gt;
Form params:	&lt;none&gt;
Path params:	&lt;none&gt;
Multiparts:		&lt;none&gt;
Headers:		Authorization=Bearer eyJ0eXAiOiJKV1QiLCJhbGciOiJIUzI1NiJ9.eyJpZCI6IjUwMDAzN2NkLTJjZmQtNGRhNC1iZWQ3LTU3Mzg0ZGViMDYyYiIsImZpcnN0TmFtZSI6IkZlZGVyYXRlZCIsImxhc3ROYW1lIjoiRXh0ZXJuYWwiLCJlbWFpbCI6ImNocmlzdG9waGVyLm1vcmR1ZUBtdWxlc29mdC5jb20iLCJ1c2VybmFtZSI6ImZlZGVyYXRlZF9leHRlcm5hbCIsIm9yZ2FuaXphdGlvbiI6eyJpZCI6IjUwMDBkYjk1LWM1ZDQtNDg3Zi05MjVlLTNmODJmMTVhNTQ5OSIsIm5hbWUiOiJGZWRlcmF0ZWQgSW5jIEV4dGVybmFsIEF1dGhvcml6YXRpb24iLCJkb21haW4iOiJmZWRlcmF0ZWQtZXh0ZXJuYWwiLCJlbnRpdGxlbWVudHMiOnsiaHlicmlkIjp7ImVuYWJsZWQiOmZhbHNlfSwiY3JlYXRlU3ViT3JncyI6dHJ1ZSwidkNvcmVzUHJvZHVjdGlvbiI6eyJhc3NpZ25lZCI6MSwicmVhc3NpZ25lZCI6MH0sInZDb3Jlc1NhbmRib3giOnsiYXNzaWduZWQiOjEsInJlYXNzaWduZWQiOjB9LCJnbG9iYWxEZXBsb3ltZW50IjpmYWxzZSwid29ya2VyTG9nZ2luZ092ZXJyaWRlIjp7ImVuYWJsZWQiOmZhbHNlfSwiZ2F0ZXdheXMiOnsiYXNzaWduZWQiOjB9LCJjcmVhdGVFbnZpcm9ubWVudHMiOnRydWUsInBhcnRuZXJzUHJvZHVjdGlvbiI6eyJhc3NpZ25lZCI6MH0sInBhcnRuZXJzU2FuZGJveCI6eyJhc3NpZ25lZCI6MH0sImF1dG9zY2FsaW5nIjpmYWxzZSwic3RhdGljSXBzIjp7ImFzc2lnbmVkIjowLCJyZWFzc2lnbmVkIjowfSwiYXJtQWxlcnRzIjpmYWxzZSwiYXBpcyI6eyJlbmFibGVkIjp0cnVlfSwibXFNZXNzYWdlcyI6eyJiYXNlIjowLCJhZGRPbiI6MH0sIm1xUmVxdWVzdHMiOnsiYmFzZSI6MCwiYWRkT24iOjB9LCJleHRlcm5hbElkZW50aXR5Ijp0cnVlLCJtcUFkdmFuY2VkRmVhdHVyZXMiOnsiZW5hYmxlZCI6ZmFsc2V9LCJ2cGNzIjp7ImFzc2lnbmVkIjowLCJyZWFzc2lnbmVkIjowfSwiaHlicmlkSW5zaWdodCI6ZmFsc2UsImRlc2lnbkNlbnRlciI6eyJtb3phcnQiOmZhbHNlLCJhcGkiOmZhbHNlfSwib2JqZWN0U3RvcmVSZXF1ZXN0VW5pdHMiOnsiYmFzZSI6MTUwMDAwMDAsImFkZE9uIjowfSwib2JqZWN0U3RvcmVLZXlzIjp7ImJhc2UiOjEwMDAwMCwiYWRkT24iOjB9LCJjYW0iOnsiZW5hYmxlZCI6ZmFsc2V9LCJsb2FkQmFsYW5jZXIiOnsiYXNzaWduZWQiOjAsInJlYXNzaWduZWQiOjB9LCJtZXNzYWdpbmciOnsiYXNzaWduZWQiOjB9fSwiZXh0ZXJuYWxBdXRob3JpemF0aW9uIjp0cnVlLCJleHRlcm5hbEF1dGhvcml6YXRpb25Qcm92aWRlciI6eyJuYW1lIjoiUG9ydGFsIEFwcGxpY2F0aW9uIE1hbmFnZW1lbnQgU3lzdGVtIChQQU1TKSIsInVybCI6Imh0dHBzOi8vd3NneC10ZXN0LmNpc2NvLmNvbS9wYW1zL2x0L2NlcG1TZXJ2aWNlL3YxLjUvbWdyc3J2cyIsInZlcnNpb24iOiIxLjUifSwiaWRlbnRpdHlNYW5hZ2VtZW50Ijp7InR5cGUiOiJQaW5nRmVkZXJhdGUifSwib2F1dGgyU2V0dGluZ3MiOnsiYXV0aG9yaXphdGlvbkdyYW50cyI6WyJjb2RlIiwidG9rZW4iLCJvd25lciIsImNyZWRlbnRpYWxzIl0sImF1dGhvcml6YXRpb25VcmkiOiJodHRwczovL2Nsb3Vkc3NvLXRlc3QuY2lzY28uY29tL2FzL2F1dGhvcml6YXRpb24ub2F1dGgyIiwiYWNjZXNzVG9rZW5VcmkiOiJodHRwczovL2Nsb3Vkc3NvLXRlc3QuY2lzY28uY29tL2FzL3Rva2VuLm9hdXRoMiIsImdyYW50VHlwZXMiOlt7Im5hbWUiOiJwYXNzd29yZCIsImxhYmVsIjoiUmVzb3VyY2UgT3duZXIgR3JhbnQiLCJyZXF1aXJlZCI6ZmFsc2UsImV4Y2x1ZGUiOltdLCJkZXBlbmRzIjpbXX0seyJuYW1lIjoiaW1wbGljaXQiLCJsYWJlbCI6IkltcGxpY2l0IEdyYW50IiwicmVxdWlyZWQiOmZhbHNlLCJleGNsdWRlIjpbXSwiZGVwZW5kcyI6W119LHsibmFtZSI6ImNsaWVudF9jcmVkZW50aWFscyIsImxhYmVsIjoiQ2xpZW50IENyZWRlbnRpYWxzIEdyYW50IiwicmVxdWlyZWQiOmZhbHNlLCJleGNsdWRlIjpbXSwiZGVwZW5kcyI6W119LHsibmFtZSI6ImF1dGhvcml6YXRpb25fY29kZSIsImxhYmVsIjoiQXV0aG9yaXphdGlvbiBDb2RlIEdyYW50IiwicmVxdWlyZWQiOmZhbHNlLCJleGNsdWRlIjpbXSwiZGVwZW5kcyI6W119LHsibmFtZSI6InJlZnJlc2hfdG9rZW4iLCJsYWJlbCI6IlJlZnJlc2ggVG9rZW4iLCJyZXF1aXJlZCI6ZmFsc2UsImV4Y2x1ZGUiOltdLCJkZXBlbmRzIjpbImF1dGhvcml6YXRpb25fY29kZSIsInBhc3N3b3JkIl19XX19LCJpbnRlcmFjdGl2ZUxvZ2luIjp0cnVlLCJ0b2tlbiI6ImEyYzg0ODE1LThjYjgtNGE3Ni1iNmU0LTg4MGM3ZTc2MGNlYiIsImlhdCI6MTQ4NjU4Njc4OCwiYXVkIjoiaHR0cDovL2FwaS1wbGF0Zm9ybS1hcGkvcmVwb3NpdG9yeSIsImlzcyI6Imh0dHA6Ly9hcGktcGxhdGZvcm0tYXBpL3JlcG9zaXRvcnkifQ.YOsto-KJMgjQZxFXe6FFipYd8TIh4P1HIlJ5Tg6a9Ps
				Accept=*/*
				Content-Type=text/plain; charset=UTF-8
Cookies:		&lt;none&gt;
Body:			&lt;none&gt;
Request method:	DELETE
Request path:	https://qax.anypoint.mulesoft.com/apiplatform/repository/v2/organizations/5000db95-c5d4-487f-925e-3f82f15a5499/apis/2053/versions/2161/contracts/30212
Proxy:			&lt;none&gt;
Request params:	&lt;none&gt;
Query params:	&lt;none&gt;
Form params:	&lt;none&gt;
Path params:	&lt;none&gt;
Multiparts:		&lt;none&gt;
Headers:		Authorization=Bearer eyJ0eXAiOiJKV1QiLCJhbGciOiJIUzI1NiJ9.eyJpZCI6IjUwMDAzN2NkLTJjZmQtNGRhNC1iZWQ3LTU3Mzg0ZGViMDYyYiIsImZpcnN0TmFtZSI6IkZlZGVyYXRlZCIsImxhc3ROYW1lIjoiRXh0ZXJuYWwiLCJlbWFpbCI6ImNocmlzdG9waGVyLm1vcmR1ZUBtdWxlc29mdC5jb20iLCJ1c2VybmFtZSI6ImZlZGVyYXRlZF9leHRlcm5hbCIsIm9yZ2FuaXphdGlvbiI6eyJpZCI6IjUwMDBkYjk1LWM1ZDQtNDg3Zi05MjVlLTNmODJmMTVhNTQ5OSIsIm5hbWUiOiJGZWRlcmF0ZWQgSW5jIEV4dGVybmFsIEF1dGhvcml6YXRpb24iLCJkb21haW4iOiJmZWRlcmF0ZWQtZXh0ZXJuYWwiLCJlbnRpdGxlbWVudHMiOnsiaHlicmlkIjp7ImVuYWJsZWQiOmZhbHNlfSwiY3JlYXRlU3ViT3JncyI6dHJ1ZSwidkNvcmVzUHJvZHVjdGlvbiI6eyJhc3NpZ25lZCI6MSwicmVhc3NpZ25lZCI6MH0sInZDb3Jlc1NhbmRib3giOnsiYXNzaWduZWQiOjEsInJlYXNzaWduZWQiOjB9LCJnbG9iYWxEZXBsb3ltZW50IjpmYWxzZSwid29ya2VyTG9nZ2luZ092ZXJyaWRlIjp7ImVuYWJsZWQiOmZhbHNlfSwiZ2F0ZXdheXMiOnsiYXNzaWduZWQiOjB9LCJjcmVhdGVFbnZpcm9ubWVudHMiOnRydWUsInBhcnRuZXJzUHJvZHVjdGlvbiI6eyJhc3NpZ25lZCI6MH0sInBhcnRuZXJzU2FuZGJveCI6eyJhc3NpZ25lZCI6MH0sImF1dG9zY2FsaW5nIjpmYWxzZSwic3RhdGljSXBzIjp7ImFzc2lnbmVkIjowLCJyZWFzc2lnbmVkIjowfSwiYXJtQWxlcnRzIjpmYWxzZSwiYXBpcyI6eyJlbmFibGVkIjp0cnVlfSwibXFNZXNzYWdlcyI6eyJiYXNlIjowLCJhZGRPbiI6MH0sIm1xUmVxdWVzdHMiOnsiYmFzZSI6MCwiYWRkT24iOjB9LCJleHRlcm5hbElkZW50aXR5Ijp0cnVlLCJtcUFkdmFuY2VkRmVhdHVyZXMiOnsiZW5hYmxlZCI6ZmFsc2V9LCJ2cGNzIjp7ImFzc2lnbmVkIjowLCJyZWFzc2lnbmVkIjowfSwiaHlicmlkSW5zaWdodCI6ZmFsc2UsImRlc2lnbkNlbnRlciI6eyJtb3phcnQiOmZhbHNlLCJhcGkiOmZhbHNlfSwib2JqZWN0U3RvcmVSZXF1ZXN0VW5pdHMiOnsiYmFzZSI6MTUwMDAwMDAsImFkZE9uIjowfSwib2JqZWN0U3RvcmVLZXlzIjp7ImJhc2UiOjEwMDAwMCwiYWRkT24iOjB9LCJjYW0iOnsiZW5hYmxlZCI6ZmFsc2V9LCJsb2FkQmFsYW5jZXIiOnsiYXNzaWduZWQiOjAsInJlYXNzaWduZWQiOjB9LCJtZXNzYWdpbmciOnsiYXNzaWduZWQiOjB9fSwiZXh0ZXJuYWxBdXRob3JpemF0aW9uIjp0cnVlLCJleHRlcm5hbEF1dGhvcml6YXRpb25Qcm92aWRlciI6eyJuYW1lIjoiUG9ydGFsIEFwcGxpY2F0aW9uIE1hbmFnZW1lbnQgU3lzdGVtIChQQU1TKSIsInVybCI6Imh0dHBzOi8vd3NneC10ZXN0LmNpc2NvLmNvbS9wYW1zL2x0L2NlcG1TZXJ2aWNlL3YxLjUvbWdyc3J2cyIsInZlcnNpb24iOiIxLjUifSwiaWRlbnRpdHlNYW5hZ2VtZW50Ijp7InR5cGUiOiJQaW5nRmVkZXJhdGUifSwib2F1dGgyU2V0dGluZ3MiOnsiYXV0aG9yaXphdGlvbkdyYW50cyI6WyJjb2RlIiwidG9rZW4iLCJvd25lciIsImNyZWRlbnRpYWxzIl0sImF1dGhvcml6YXRpb25VcmkiOiJodHRwczovL2Nsb3Vkc3NvLXRlc3QuY2lzY28uY29tL2FzL2F1dGhvcml6YXRpb24ub2F1dGgyIiwiYWNjZXNzVG9rZW5VcmkiOiJodHRwczovL2Nsb3Vkc3NvLXRlc3QuY2lzY28uY29tL2FzL3Rva2VuLm9hdXRoMiIsImdyYW50VHlwZXMiOlt7Im5hbWUiOiJwYXNzd29yZCIsImxhYmVsIjoiUmVzb3VyY2UgT3duZXIgR3JhbnQiLCJyZXF1aXJlZCI6ZmFsc2UsImV4Y2x1ZGUiOltdLCJkZXBlbmRzIjpbXX0seyJuYW1lIjoiaW1wbGljaXQiLCJsYWJlbCI6IkltcGxpY2l0IEdyYW50IiwicmVxdWlyZWQiOmZhbHNlLCJleGNsdWRlIjpbXSwiZGVwZW5kcyI6W119LHsibmFtZSI6ImNsaWVudF9jcmVkZW50aWFscyIsImxhYmVsIjoiQ2xpZW50IENyZWRlbnRpYWxzIEdyYW50IiwicmVxdWlyZWQiOmZhbHNlLCJleGNsdWRlIjpbXSwiZGVwZW5kcyI6W119LHsibmFtZSI6ImF1dGhvcml6YXRpb25fY29kZSIsImxhYmVsIjoiQXV0aG9yaXphdGlvbiBDb2RlIEdyYW50IiwicmVxdWlyZWQiOmZhbHNlLCJleGNsdWRlIjpbXSwiZGVwZW5kcyI6W119LHsibmFtZSI6InJlZnJlc2hfdG9rZW4iLCJsYWJlbCI6IlJlZnJlc2ggVG9rZW4iLCJyZXF1aXJlZCI6ZmFsc2UsImV4Y2x1ZGUiOltdLCJkZXBlbmRzIjpbImF1dGhvcml6YXRpb25fY29kZSIsInBhc3N3b3JkIl19XX19LCJpbnRlcmFjdGl2ZUxvZ2luIjp0cnVlLCJ0b2tlbiI6ImEyYzg0ODE1LThjYjgtNGE3Ni1iNmU0LTg4MGM3ZTc2MGNlYiIsImlhdCI6MTQ4NjU4Njc4OCwiYXVkIjoiaHR0cDovL2FwaS1wbGF0Zm9ybS1hcGkvcmVwb3NpdG9yeSIsImlzcyI6Imh0dHA6Ly9hcGktcGxhdGZvcm0tYXBpL3JlcG9zaXRvcnkifQ.YOsto-KJMgjQZxFXe6FFipYd8TIh4P1HIlJ5Tg6a9Ps
				Accept=*/*
				Content-Type=text/plain; charset=UTF-8
Cookies:		&lt;none&gt;
Body:			&lt;none&gt;
Request method:	DELETE
Request path:	https://qax.anypoint.mulesoft.com/apiplatform/repository/v2/organizations/5000db95-c5d4-487f-925e-3f82f15a5499/apis/2053/versions/2161/contracts/30219
Proxy:			&lt;none&gt;
Request params:	&lt;none&gt;
Query params:	&lt;none&gt;
Form params:	&lt;none&gt;
Path params:	&lt;none&gt;
Multiparts:		&lt;none&gt;
Headers:		Authorization=Bearer eyJ0eXAiOiJKV1QiLCJhbGciOiJIUzI1NiJ9.eyJpZCI6IjUwMDAzN2NkLTJjZmQtNGRhNC1iZWQ3LTU3Mzg0ZGViMDYyYiIsImZpcnN0TmFtZSI6IkZlZGVyYXRlZCIsImxhc3ROYW1lIjoiRXh0ZXJuYWwiLCJlbWFpbCI6ImNocmlzdG9waGVyLm1vcmR1ZUBtdWxlc29mdC5jb20iLCJ1c2VybmFtZSI6ImZlZGVyYXRlZF9leHRlcm5hbCIsIm9yZ2FuaXphdGlvbiI6eyJpZCI6IjUwMDBkYjk1LWM1ZDQtNDg3Zi05MjVlLTNmODJmMTVhNTQ5OSIsIm5hbWUiOiJGZWRlcmF0ZWQgSW5jIEV4dGVybmFsIEF1dGhvcml6YXRpb24iLCJkb21haW4iOiJmZWRlcmF0ZWQtZXh0ZXJuYWwiLCJlbnRpdGxlbWVudHMiOnsiaHlicmlkIjp7ImVuYWJsZWQiOmZhbHNlfSwiY3JlYXRlU3ViT3JncyI6dHJ1ZSwidkNvcmVzUHJvZHVjdGlvbiI6eyJhc3NpZ25lZCI6MSwicmVhc3NpZ25lZCI6MH0sInZDb3Jlc1NhbmRib3giOnsiYXNzaWduZWQiOjEsInJlYXNzaWduZWQiOjB9LCJnbG9iYWxEZXBsb3ltZW50IjpmYWxzZSwid29ya2VyTG9nZ2luZ092ZXJyaWRlIjp7ImVuYWJsZWQiOmZhbHNlfSwiZ2F0ZXdheXMiOnsiYXNzaWduZWQiOjB9LCJjcmVhdGVFbnZpcm9ubWVudHMiOnRydWUsInBhcnRuZXJzUHJvZHVjdGlvbiI6eyJhc3NpZ25lZCI6MH0sInBhcnRuZXJzU2FuZGJveCI6eyJhc3NpZ25lZCI6MH0sImF1dG9zY2FsaW5nIjpmYWxzZSwic3RhdGljSXBzIjp7ImFzc2lnbmVkIjowLCJyZWFzc2lnbmVkIjowfSwiYXJtQWxlcnRzIjpmYWxzZSwiYXBpcyI6eyJlbmFibGVkIjp0cnVlfSwibXFNZXNzYWdlcyI6eyJiYXNlIjowLCJhZGRPbiI6MH0sIm1xUmVxdWVzdHMiOnsiYmFzZSI6MCwiYWRkT24iOjB9LCJleHRlcm5hbElkZW50aXR5Ijp0cnVlLCJtcUFkdmFuY2VkRmVhdHVyZXMiOnsiZW5hYmxlZCI6ZmFsc2V9LCJ2cGNzIjp7ImFzc2lnbmVkIjowLCJyZWFzc2lnbmVkIjowfSwiaHlicmlkSW5zaWdodCI6ZmFsc2UsImRlc2lnbkNlbnRlciI6eyJtb3phcnQiOmZhbHNlLCJhcGkiOmZhbHNlfSwib2JqZWN0U3RvcmVSZXF1ZXN0VW5pdHMiOnsiYmFzZSI6MTUwMDAwMDAsImFkZE9uIjowfSwib2JqZWN0U3RvcmVLZXlzIjp7ImJhc2UiOjEwMDAwMCwiYWRkT24iOjB9LCJjYW0iOnsiZW5hYmxlZCI6ZmFsc2V9LCJsb2FkQmFsYW5jZXIiOnsiYXNzaWduZWQiOjAsInJlYXNzaWduZWQiOjB9LCJtZXNzYWdpbmciOnsiYXNzaWduZWQiOjB9fSwiZXh0ZXJuYWxBdXRob3JpemF0aW9uIjp0cnVlLCJleHRlcm5hbEF1dGhvcml6YXRpb25Qcm92aWRlciI6eyJuYW1lIjoiUG9ydGFsIEFwcGxpY2F0aW9uIE1hbmFnZW1lbnQgU3lzdGVtIChQQU1TKSIsInVybCI6Imh0dHBzOi8vd3NneC10ZXN0LmNpc2NvLmNvbS9wYW1zL2x0L2NlcG1TZXJ2aWNlL3YxLjUvbWdyc3J2cyIsInZlcnNpb24iOiIxLjUifSwiaWRlbnRpdHlNYW5hZ2VtZW50Ijp7InR5cGUiOiJQaW5nRmVkZXJhdGUifSwib2F1dGgyU2V0dGluZ3MiOnsiYXV0aG9yaXphdGlvbkdyYW50cyI6WyJjb2RlIiwidG9rZW4iLCJvd25lciIsImNyZWRlbnRpYWxzIl0sImF1dGhvcml6YXRpb25VcmkiOiJodHRwczovL2Nsb3Vkc3NvLXRlc3QuY2lzY28uY29tL2FzL2F1dGhvcml6YXRpb24ub2F1dGgyIiwiYWNjZXNzVG9rZW5VcmkiOiJodHRwczovL2Nsb3Vkc3NvLXRlc3QuY2lzY28uY29tL2FzL3Rva2VuLm9hdXRoMiIsImdyYW50VHlwZXMiOlt7Im5hbWUiOiJwYXNzd29yZCIsImxhYmVsIjoiUmVzb3VyY2UgT3duZXIgR3JhbnQiLCJyZXF1aXJlZCI6ZmFsc2UsImV4Y2x1ZGUiOltdLCJkZXBlbmRzIjpbXX0seyJuYW1lIjoiaW1wbGljaXQiLCJsYWJlbCI6IkltcGxpY2l0IEdyYW50IiwicmVxdWlyZWQiOmZhbHNlLCJleGNsdWRlIjpbXSwiZGVwZW5kcyI6W119LHsibmFtZSI6ImNsaWVudF9jcmVkZW50aWFscyIsImxhYmVsIjoiQ2xpZW50IENyZWRlbnRpYWxzIEdyYW50IiwicmVxdWlyZWQiOmZhbHNlLCJleGNsdWRlIjpbXSwiZGVwZW5kcyI6W119LHsibmFtZSI6ImF1dGhvcml6YXRpb25fY29kZSIsImxhYmVsIjoiQXV0aG9yaXphdGlvbiBDb2RlIEdyYW50IiwicmVxdWlyZWQiOmZhbHNlLCJleGNsdWRlIjpbXSwiZGVwZW5kcyI6W119LHsibmFtZSI6InJlZnJlc2hfdG9rZW4iLCJsYWJlbCI6IlJlZnJlc2ggVG9rZW4iLCJyZXF1aXJlZCI6ZmFsc2UsImV4Y2x1ZGUiOltdLCJkZXBlbmRzIjpbImF1dGhvcml6YXRpb25fY29kZSIsInBhc3N3b3JkIl19XX19LCJpbnRlcmFjdGl2ZUxvZ2luIjp0cnVlLCJ0b2tlbiI6ImEyYzg0ODE1LThjYjgtNGE3Ni1iNmU0LTg4MGM3ZTc2MGNlYiIsImlhdCI6MTQ4NjU4Njc4OCwiYXVkIjoiaHR0cDovL2FwaS1wbGF0Zm9ybS1hcGkvcmVwb3NpdG9yeSIsImlzcyI6Imh0dHA6Ly9hcGktcGxhdGZvcm0tYXBpL3JlcG9zaXRvcnkifQ.YOsto-KJMgjQZxFXe6FFipYd8TIh4P1HIlJ5Tg6a9Ps
				Accept=*/*
				Content-Type=text/plain; charset=UTF-8
Cookies:		&lt;none&gt;
Body:			&lt;none&gt;
Request method:	DELETE
Request path:	https://qax.anypoint.mulesoft.com/apiplatform/repository/v2/organizations/5000db95-c5d4-487f-925e-3f82f15a5499/apis/2053/versions/2161/contracts/30250
Proxy:			&lt;none&gt;
Request params:	&lt;none&gt;
Query params:	&lt;none&gt;
Form params:	&lt;none&gt;
Path params:	&lt;none&gt;
Multiparts:		&lt;none&gt;
Headers:		Authorization=Bearer eyJ0eXAiOiJKV1QiLCJhbGciOiJIUzI1NiJ9.eyJpZCI6IjUwMDAzN2NkLTJjZmQtNGRhNC1iZWQ3LTU3Mzg0ZGViMDYyYiIsImZpcnN0TmFtZSI6IkZlZGVyYXRlZCIsImxhc3ROYW1lIjoiRXh0ZXJuYWwiLCJlbWFpbCI6ImNocmlzdG9waGVyLm1vcmR1ZUBtdWxlc29mdC5jb20iLCJ1c2VybmFtZSI6ImZlZGVyYXRlZF9leHRlcm5hbCIsIm9yZ2FuaXphdGlvbiI6eyJpZCI6IjUwMDBkYjk1LWM1ZDQtNDg3Zi05MjVlLTNmODJmMTVhNTQ5OSIsIm5hbWUiOiJGZWRlcmF0ZWQgSW5jIEV4dGVybmFsIEF1dGhvcml6YXRpb24iLCJkb21haW4iOiJmZWRlcmF0ZWQtZXh0ZXJuYWwiLCJlbnRpdGxlbWVudHMiOnsiaHlicmlkIjp7ImVuYWJsZWQiOmZhbHNlfSwiY3JlYXRlU3ViT3JncyI6dHJ1ZSwidkNvcmVzUHJvZHVjdGlvbiI6eyJhc3NpZ25lZCI6MSwicmVhc3NpZ25lZCI6MH0sInZDb3Jlc1NhbmRib3giOnsiYXNzaWduZWQiOjEsInJlYXNzaWduZWQiOjB9LCJnbG9iYWxEZXBsb3ltZW50IjpmYWxzZSwid29ya2VyTG9nZ2luZ092ZXJyaWRlIjp7ImVuYWJsZWQiOmZhbHNlfSwiZ2F0ZXdheXMiOnsiYXNzaWduZWQiOjB9LCJjcmVhdGVFbnZpcm9ubWVudHMiOnRydWUsInBhcnRuZXJzUHJvZHVjdGlvbiI6eyJhc3NpZ25lZCI6MH0sInBhcnRuZXJzU2FuZGJveCI6eyJhc3NpZ25lZCI6MH0sImF1dG9zY2FsaW5nIjpmYWxzZSwic3RhdGljSXBzIjp7ImFzc2lnbmVkIjowLCJyZWFzc2lnbmVkIjowfSwiYXJtQWxlcnRzIjpmYWxzZSwiYXBpcyI6eyJlbmFibGVkIjp0cnVlfSwibXFNZXNzYWdlcyI6eyJiYXNlIjowLCJhZGRPbiI6MH0sIm1xUmVxdWVzdHMiOnsiYmFzZSI6MCwiYWRkT24iOjB9LCJleHRlcm5hbElkZW50aXR5Ijp0cnVlLCJtcUFkdmFuY2VkRmVhdHVyZXMiOnsiZW5hYmxlZCI6ZmFsc2V9LCJ2cGNzIjp7ImFzc2lnbmVkIjowLCJyZWFzc2lnbmVkIjowfSwiaHlicmlkSW5zaWdodCI6ZmFsc2UsImRlc2lnbkNlbnRlciI6eyJtb3phcnQiOmZhbHNlLCJhcGkiOmZhbHNlfSwib2JqZWN0U3RvcmVSZXF1ZXN0VW5pdHMiOnsiYmFzZSI6MTUwMDAwMDAsImFkZE9uIjowfSwib2JqZWN0U3RvcmVLZXlzIjp7ImJhc2UiOjEwMDAwMCwiYWRkT24iOjB9LCJjYW0iOnsiZW5hYmxlZCI6ZmFsc2V9LCJsb2FkQmFsYW5jZXIiOnsiYXNzaWduZWQiOjAsInJlYXNzaWduZWQiOjB9LCJtZXNzYWdpbmciOnsiYXNzaWduZWQiOjB9fSwiZXh0ZXJuYWxBdXRob3JpemF0aW9uIjp0cnVlLCJleHRlcm5hbEF1dGhvcml6YXRpb25Qcm92aWRlciI6eyJuYW1lIjoiUG9ydGFsIEFwcGxpY2F0aW9uIE1hbmFnZW1lbnQgU3lzdGVtIChQQU1TKSIsInVybCI6Imh0dHBzOi8vd3NneC10ZXN0LmNpc2NvLmNvbS9wYW1zL2x0L2NlcG1TZXJ2aWNlL3YxLjUvbWdyc3J2cyIsInZlcnNpb24iOiIxLjUifSwiaWRlbnRpdHlNYW5hZ2VtZW50Ijp7InR5cGUiOiJQaW5nRmVkZXJhdGUifSwib2F1dGgyU2V0dGluZ3MiOnsiYXV0aG9yaXphdGlvbkdyYW50cyI6WyJjb2RlIiwidG9rZW4iLCJvd25lciIsImNyZWRlbnRpYWxzIl0sImF1dGhvcml6YXRpb25VcmkiOiJodHRwczovL2Nsb3Vkc3NvLXRlc3QuY2lzY28uY29tL2FzL2F1dGhvcml6YXRpb24ub2F1dGgyIiwiYWNjZXNzVG9rZW5VcmkiOiJodHRwczovL2Nsb3Vkc3NvLXRlc3QuY2lzY28uY29tL2FzL3Rva2VuLm9hdXRoMiIsImdyYW50VHlwZXMiOlt7Im5hbWUiOiJwYXNzd29yZCIsImxhYmVsIjoiUmVzb3VyY2UgT3duZXIgR3JhbnQiLCJyZXF1aXJlZCI6ZmFsc2UsImV4Y2x1ZGUiOltdLCJkZXBlbmRzIjpbXX0seyJuYW1lIjoiaW1wbGljaXQiLCJsYWJlbCI6IkltcGxpY2l0IEdyYW50IiwicmVxdWlyZWQiOmZhbHNlLCJleGNsdWRlIjpbXSwiZGVwZW5kcyI6W119LHsibmFtZSI6ImNsaWVudF9jcmVkZW50aWFscyIsImxhYmVsIjoiQ2xpZW50IENyZWRlbnRpYWxzIEdyYW50IiwicmVxdWlyZWQiOmZhbHNlLCJleGNsdWRlIjpbXSwiZGVwZW5kcyI6W119LHsibmFtZSI6ImF1dGhvcml6YXRpb25fY29kZSIsImxhYmVsIjoiQXV0aG9yaXphdGlvbiBDb2RlIEdyYW50IiwicmVxdWlyZWQiOmZhbHNlLCJleGNsdWRlIjpbXSwiZGVwZW5kcyI6W119LHsibmFtZSI6InJlZnJlc2hfdG9rZW4iLCJsYWJlbCI6IlJlZnJlc2ggVG9rZW4iLCJyZXF1aXJlZCI6ZmFsc2UsImV4Y2x1ZGUiOltdLCJkZXBlbmRzIjpbImF1dGhvcml6YXRpb25fY29kZSIsInBhc3N3b3JkIl19XX19LCJpbnRlcmFjdGl2ZUxvZ2luIjp0cnVlLCJ0b2tlbiI6ImEyYzg0ODE1LThjYjgtNGE3Ni1iNmU0LTg4MGM3ZTc2MGNlYiIsImlhdCI6MTQ4NjU4Njc4OCwiYXVkIjoiaHR0cDovL2FwaS1wbGF0Zm9ybS1hcGkvcmVwb3NpdG9yeSIsImlzcyI6Imh0dHA6Ly9hcGktcGxhdGZvcm0tYXBpL3JlcG9zaXRvcnkifQ.YOsto-KJMgjQZxFXe6FFipYd8TIh4P1HIlJ5Tg6a9Ps
				Accept=*/*
				Content-Type=text/plain; charset=UTF-8
Cookies:		&lt;none&gt;
Body:			&lt;none&gt;
Request method:	DELETE
Request path:	https://qax.anypoint.mulesoft.com/apiplatform/repository/v2/organizations/5000db95-c5d4-487f-925e-3f82f15a5499/apis/2053/versions/2161/contracts/30276
Proxy:			&lt;none&gt;
Request params:	&lt;none&gt;
Query params:	&lt;none&gt;
Form params:	&lt;none&gt;
Path params:	&lt;none&gt;
Multiparts:		&lt;none&gt;
Headers:		Authorization=Bearer eyJ0eXAiOiJKV1QiLCJhbGciOiJIUzI1NiJ9.eyJpZCI6IjUwMDAzN2NkLTJjZmQtNGRhNC1iZWQ3LTU3Mzg0ZGViMDYyYiIsImZpcnN0TmFtZSI6IkZlZGVyYXRlZCIsImxhc3ROYW1lIjoiRXh0ZXJuYWwiLCJlbWFpbCI6ImNocmlzdG9waGVyLm1vcmR1ZUBtdWxlc29mdC5jb20iLCJ1c2VybmFtZSI6ImZlZGVyYXRlZF9leHRlcm5hbCIsIm9yZ2FuaXphdGlvbiI6eyJpZCI6IjUwMDBkYjk1LWM1ZDQtNDg3Zi05MjVlLTNmODJmMTVhNTQ5OSIsIm5hbWUiOiJGZWRlcmF0ZWQgSW5jIEV4dGVybmFsIEF1dGhvcml6YXRpb24iLCJkb21haW4iOiJmZWRlcmF0ZWQtZXh0ZXJuYWwiLCJlbnRpdGxlbWVudHMiOnsiaHlicmlkIjp7ImVuYWJsZWQiOmZhbHNlfSwiY3JlYXRlU3ViT3JncyI6dHJ1ZSwidkNvcmVzUHJvZHVjdGlvbiI6eyJhc3NpZ25lZCI6MSwicmVhc3NpZ25lZCI6MH0sInZDb3Jlc1NhbmRib3giOnsiYXNzaWduZWQiOjEsInJlYXNzaWduZWQiOjB9LCJnbG9iYWxEZXBsb3ltZW50IjpmYWxzZSwid29ya2VyTG9nZ2luZ092ZXJyaWRlIjp7ImVuYWJsZWQiOmZhbHNlfSwiZ2F0ZXdheXMiOnsiYXNzaWduZWQiOjB9LCJjcmVhdGVFbnZpcm9ubWVudHMiOnRydWUsInBhcnRuZXJzUHJvZHVjdGlvbiI6eyJhc3NpZ25lZCI6MH0sInBhcnRuZXJzU2FuZGJveCI6eyJhc3NpZ25lZCI6MH0sImF1dG9zY2FsaW5nIjpmYWxzZSwic3RhdGljSXBzIjp7ImFzc2lnbmVkIjowLCJyZWFzc2lnbmVkIjowfSwiYXJtQWxlcnRzIjpmYWxzZSwiYXBpcyI6eyJlbmFibGVkIjp0cnVlfSwibXFNZXNzYWdlcyI6eyJiYXNlIjowLCJhZGRPbiI6MH0sIm1xUmVxdWVzdHMiOnsiYmFzZSI6MCwiYWRkT24iOjB9LCJleHRlcm5hbElkZW50aXR5Ijp0cnVlLCJtcUFkdmFuY2VkRmVhdHVyZXMiOnsiZW5hYmxlZCI6ZmFsc2V9LCJ2cGNzIjp7ImFzc2lnbmVkIjowLCJyZWFzc2lnbmVkIjowfSwiaHlicmlkSW5zaWdodCI6ZmFsc2UsImRlc2lnbkNlbnRlciI6eyJtb3phcnQiOmZhbHNlLCJhcGkiOmZhbHNlfSwib2JqZWN0U3RvcmVSZXF1ZXN0VW5pdHMiOnsiYmFzZSI6MTUwMDAwMDAsImFkZE9uIjowfSwib2JqZWN0U3RvcmVLZXlzIjp7ImJhc2UiOjEwMDAwMCwiYWRkT24iOjB9LCJjYW0iOnsiZW5hYmxlZCI6ZmFsc2V9LCJsb2FkQmFsYW5jZXIiOnsiYXNzaWduZWQiOjAsInJlYXNzaWduZWQiOjB9LCJtZXNzYWdpbmciOnsiYXNzaWduZWQiOjB9fSwiZXh0ZXJuYWxBdXRob3JpemF0aW9uIjp0cnVlLCJleHRlcm5hbEF1dGhvcml6YXRpb25Qcm92aWRlciI6eyJuYW1lIjoiUG9ydGFsIEFwcGxpY2F0aW9uIE1hbmFnZW1lbnQgU3lzdGVtIChQQU1TKSIsInVybCI6Imh0dHBzOi8vd3NneC10ZXN0LmNpc2NvLmNvbS9wYW1zL2x0L2NlcG1TZXJ2aWNlL3YxLjUvbWdyc3J2cyIsInZlcnNpb24iOiIxLjUifSwiaWRlbnRpdHlNYW5hZ2VtZW50Ijp7InR5cGUiOiJQaW5nRmVkZXJhdGUifSwib2F1dGgyU2V0dGluZ3MiOnsiYXV0aG9yaXphdGlvbkdyYW50cyI6WyJjb2RlIiwidG9rZW4iLCJvd25lciIsImNyZWRlbnRpYWxzIl0sImF1dGhvcml6YXRpb25VcmkiOiJodHRwczovL2Nsb3Vkc3NvLXRlc3QuY2lzY28uY29tL2FzL2F1dGhvcml6YXRpb24ub2F1dGgyIiwiYWNjZXNzVG9rZW5VcmkiOiJodHRwczovL2Nsb3Vkc3NvLXRlc3QuY2lzY28uY29tL2FzL3Rva2VuLm9hdXRoMiIsImdyYW50VHlwZXMiOlt7Im5hbWUiOiJwYXNzd29yZCIsImxhYmVsIjoiUmVzb3VyY2UgT3duZXIgR3JhbnQiLCJyZXF1aXJlZCI6ZmFsc2UsImV4Y2x1ZGUiOltdLCJkZXBlbmRzIjpbXX0seyJuYW1lIjoiaW1wbGljaXQiLCJsYWJlbCI6IkltcGxpY2l0IEdyYW50IiwicmVxdWlyZWQiOmZhbHNlLCJleGNsdWRlIjpbXSwiZGVwZW5kcyI6W119LHsibmFtZSI6ImNsaWVudF9jcmVkZW50aWFscyIsImxhYmVsIjoiQ2xpZW50IENyZWRlbnRpYWxzIEdyYW50IiwicmVxdWlyZWQiOmZhbHNlLCJleGNsdWRlIjpbXSwiZGVwZW5kcyI6W119LHsibmFtZSI6ImF1dGhvcml6YXRpb25fY29kZSIsImxhYmVsIjoiQXV0aG9yaXphdGlvbiBDb2RlIEdyYW50IiwicmVxdWlyZWQiOmZhbHNlLCJleGNsdWRlIjpbXSwiZGVwZW5kcyI6W119LHsibmFtZSI6InJlZnJlc2hfdG9rZW4iLCJsYWJlbCI6IlJlZnJlc2ggVG9rZW4iLCJyZXF1aXJlZCI6ZmFsc2UsImV4Y2x1ZGUiOltdLCJkZXBlbmRzIjpbImF1dGhvcml6YXRpb25fY29kZSIsInBhc3N3b3JkIl19XX19LCJpbnRlcmFjdGl2ZUxvZ2luIjp0cnVlLCJ0b2tlbiI6ImEyYzg0ODE1LThjYjgtNGE3Ni1iNmU0LTg4MGM3ZTc2MGNlYiIsImlhdCI6MTQ4NjU4Njc4OCwiYXVkIjoiaHR0cDovL2FwaS1wbGF0Zm9ybS1hcGkvcmVwb3NpdG9yeSIsImlzcyI6Imh0dHA6Ly9hcGktcGxhdGZvcm0tYXBpL3JlcG9zaXRvcnkifQ.YOsto-KJMgjQZxFXe6FFipYd8TIh4P1HIlJ5Tg6a9Ps
				Accept=*/*
				Content-Type=text/plain; charset=UTF-8
Cookies:		&lt;none&gt;
Body:			&lt;none&gt;
Request method:	DELETE
Request path:	https://qax.anypoint.mulesoft.com/apiplatform/repository/v2/organizations/5000db95-c5d4-487f-925e-3f82f15a5499/apis/2053/versions/2161/contracts/30187
Proxy:			&lt;none&gt;
Request params:	&lt;none&gt;
Query params:	&lt;none&gt;
Form params:	&lt;none&gt;
Path params:	&lt;none&gt;
Multiparts:		&lt;none&gt;
Headers:		Authorization=Bearer eyJ0eXAiOiJKV1QiLCJhbGciOiJIUzI1NiJ9.eyJpZCI6IjUwMDAzN2NkLTJjZmQtNGRhNC1iZWQ3LTU3Mzg0ZGViMDYyYiIsImZpcnN0TmFtZSI6IkZlZGVyYXRlZCIsImxhc3ROYW1lIjoiRXh0ZXJuYWwiLCJlbWFpbCI6ImNocmlzdG9waGVyLm1vcmR1ZUBtdWxlc29mdC5jb20iLCJ1c2VybmFtZSI6ImZlZGVyYXRlZF9leHRlcm5hbCIsIm9yZ2FuaXphdGlvbiI6eyJpZCI6IjUwMDBkYjk1LWM1ZDQtNDg3Zi05MjVlLTNmODJmMTVhNTQ5OSIsIm5hbWUiOiJGZWRlcmF0ZWQgSW5jIEV4dGVybmFsIEF1dGhvcml6YXRpb24iLCJkb21haW4iOiJmZWRlcmF0ZWQtZXh0ZXJuYWwiLCJlbnRpdGxlbWVudHMiOnsiaHlicmlkIjp7ImVuYWJsZWQiOmZhbHNlfSwiY3JlYXRlU3ViT3JncyI6dHJ1ZSwidkNvcmVzUHJvZHVjdGlvbiI6eyJhc3NpZ25lZCI6MSwicmVhc3NpZ25lZCI6MH0sInZDb3Jlc1NhbmRib3giOnsiYXNzaWduZWQiOjEsInJlYXNzaWduZWQiOjB9LCJnbG9iYWxEZXBsb3ltZW50IjpmYWxzZSwid29ya2VyTG9nZ2luZ092ZXJyaWRlIjp7ImVuYWJsZWQiOmZhbHNlfSwiZ2F0ZXdheXMiOnsiYXNzaWduZWQiOjB9LCJjcmVhdGVFbnZpcm9ubWVudHMiOnRydWUsInBhcnRuZXJzUHJvZHVjdGlvbiI6eyJhc3NpZ25lZCI6MH0sInBhcnRuZXJzU2FuZGJveCI6eyJhc3NpZ25lZCI6MH0sImF1dG9zY2FsaW5nIjpmYWxzZSwic3RhdGljSXBzIjp7ImFzc2lnbmVkIjowLCJyZWFzc2lnbmVkIjowfSwiYXJtQWxlcnRzIjpmYWxzZSwiYXBpcyI6eyJlbmFibGVkIjp0cnVlfSwibXFNZXNzYWdlcyI6eyJiYXNlIjowLCJhZGRPbiI6MH0sIm1xUmVxdWVzdHMiOnsiYmFzZSI6MCwiYWRkT24iOjB9LCJleHRlcm5hbElkZW50aXR5Ijp0cnVlLCJtcUFkdmFuY2VkRmVhdHVyZXMiOnsiZW5hYmxlZCI6ZmFsc2V9LCJ2cGNzIjp7ImFzc2lnbmVkIjowLCJyZWFzc2lnbmVkIjowfSwiaHlicmlkSW5zaWdodCI6ZmFsc2UsImRlc2lnbkNlbnRlciI6eyJtb3phcnQiOmZhbHNlLCJhcGkiOmZhbHNlfSwib2JqZWN0U3RvcmVSZXF1ZXN0VW5pdHMiOnsiYmFzZSI6MTUwMDAwMDAsImFkZE9uIjowfSwib2JqZWN0U3RvcmVLZXlzIjp7ImJhc2UiOjEwMDAwMCwiYWRkT24iOjB9LCJjYW0iOnsiZW5hYmxlZCI6ZmFsc2V9LCJsb2FkQmFsYW5jZXIiOnsiYXNzaWduZWQiOjAsInJlYXNzaWduZWQiOjB9LCJtZXNzYWdpbmciOnsiYXNzaWduZWQiOjB9fSwiZXh0ZXJuYWxBdXRob3JpemF0aW9uIjp0cnVlLCJleHRlcm5hbEF1dGhvcml6YXRpb25Qcm92aWRlciI6eyJuYW1lIjoiUG9ydGFsIEFwcGxpY2F0aW9uIE1hbmFnZW1lbnQgU3lzdGVtIChQQU1TKSIsInVybCI6Imh0dHBzOi8vd3NneC10ZXN0LmNpc2NvLmNvbS9wYW1zL2x0L2NlcG1TZXJ2aWNlL3YxLjUvbWdyc3J2cyIsInZlcnNpb24iOiIxLjUifSwiaWRlbnRpdHlNYW5hZ2VtZW50Ijp7InR5cGUiOiJQaW5nRmVkZXJhdGUifSwib2F1dGgyU2V0dGluZ3MiOnsiYXV0aG9yaXphdGlvbkdyYW50cyI6WyJjb2RlIiwidG9rZW4iLCJvd25lciIsImNyZWRlbnRpYWxzIl0sImF1dGhvcml6YXRpb25VcmkiOiJodHRwczovL2Nsb3Vkc3NvLXRlc3QuY2lzY28uY29tL2FzL2F1dGhvcml6YXRpb24ub2F1dGgyIiwiYWNjZXNzVG9rZW5VcmkiOiJodHRwczovL2Nsb3Vkc3NvLXRlc3QuY2lzY28uY29tL2FzL3Rva2VuLm9hdXRoMiIsImdyYW50VHlwZXMiOlt7Im5hbWUiOiJwYXNzd29yZCIsImxhYmVsIjoiUmVzb3VyY2UgT3duZXIgR3JhbnQiLCJyZXF1aXJlZCI6ZmFsc2UsImV4Y2x1ZGUiOltdLCJkZXBlbmRzIjpbXX0seyJuYW1lIjoiaW1wbGljaXQiLCJsYWJlbCI6IkltcGxpY2l0IEdyYW50IiwicmVxdWlyZWQiOmZhbHNlLCJleGNsdWRlIjpbXSwiZGVwZW5kcyI6W119LHsibmFtZSI6ImNsaWVudF9jcmVkZW50aWFscyIsImxhYmVsIjoiQ2xpZW50IENyZWRlbnRpYWxzIEdyYW50IiwicmVxdWlyZWQiOmZhbHNlLCJleGNsdWRlIjpbXSwiZGVwZW5kcyI6W119LHsibmFtZSI6ImF1dGhvcml6YXRpb25fY29kZSIsImxhYmVsIjoiQXV0aG9yaXphdGlvbiBDb2RlIEdyYW50IiwicmVxdWlyZWQiOmZhbHNlLCJleGNsdWRlIjpbXSwiZGVwZW5kcyI6W119LHsibmFtZSI6InJlZnJlc2hfdG9rZW4iLCJsYWJlbCI6IlJlZnJlc2ggVG9rZW4iLCJyZXF1aXJlZCI6ZmFsc2UsImV4Y2x1ZGUiOltdLCJkZXBlbmRzIjpbImF1dGhvcml6YXRpb25fY29kZSIsInBhc3N3b3JkIl19XX19LCJpbnRlcmFjdGl2ZUxvZ2luIjp0cnVlLCJ0b2tlbiI6ImEyYzg0ODE1LThjYjgtNGE3Ni1iNmU0LTg4MGM3ZTc2MGNlYiIsImlhdCI6MTQ4NjU4Njc4OCwiYXVkIjoiaHR0cDovL2FwaS1wbGF0Zm9ybS1hcGkvcmVwb3NpdG9yeSIsImlzcyI6Imh0dHA6Ly9hcGktcGxhdGZvcm0tYXBpL3JlcG9zaXRvcnkifQ.YOsto-KJMgjQZxFXe6FFipYd8TIh4P1HIlJ5Tg6a9Ps
				Accept=*/*
				Content-Type=text/plain; charset=UTF-8
Cookies:		&lt;none&gt;
Body:			&lt;none&gt;
Request method:	DELETE
Request path:	https://qax.anypoint.mulesoft.com/apiplatform/repository/v2/organizations/5000db95-c5d4-487f-925e-3f82f15a5499/apis/2053/versions/2161/contracts/30225
Proxy:			&lt;none&gt;
Request params:	&lt;none&gt;
Query params:	&lt;none&gt;
Form params:	&lt;none&gt;
Path params:	&lt;none&gt;
Multiparts:		&lt;none&gt;
Headers:		Authorization=Bearer eyJ0eXAiOiJKV1QiLCJhbGciOiJIUzI1NiJ9.eyJpZCI6IjUwMDAzN2NkLTJjZmQtNGRhNC1iZWQ3LTU3Mzg0ZGViMDYyYiIsImZpcnN0TmFtZSI6IkZlZGVyYXRlZCIsImxhc3ROYW1lIjoiRXh0ZXJuYWwiLCJlbWFpbCI6ImNocmlzdG9waGVyLm1vcmR1ZUBtdWxlc29mdC5jb20iLCJ1c2VybmFtZSI6ImZlZGVyYXRlZF9leHRlcm5hbCIsIm9yZ2FuaXphdGlvbiI6eyJpZCI6IjUwMDBkYjk1LWM1ZDQtNDg3Zi05MjVlLTNmODJmMTVhNTQ5OSIsIm5hbWUiOiJGZWRlcmF0ZWQgSW5jIEV4dGVybmFsIEF1dGhvcml6YXRpb24iLCJkb21haW4iOiJmZWRlcmF0ZWQtZXh0ZXJuYWwiLCJlbnRpdGxlbWVudHMiOnsiaHlicmlkIjp7ImVuYWJsZWQiOmZhbHNlfSwiY3JlYXRlU3ViT3JncyI6dHJ1ZSwidkNvcmVzUHJvZHVjdGlvbiI6eyJhc3NpZ25lZCI6MSwicmVhc3NpZ25lZCI6MH0sInZDb3Jlc1NhbmRib3giOnsiYXNzaWduZWQiOjEsInJlYXNzaWduZWQiOjB9LCJnbG9iYWxEZXBsb3ltZW50IjpmYWxzZSwid29ya2VyTG9nZ2luZ092ZXJyaWRlIjp7ImVuYWJsZWQiOmZhbHNlfSwiZ2F0ZXdheXMiOnsiYXNzaWduZWQiOjB9LCJjcmVhdGVFbnZpcm9ubWVudHMiOnRydWUsInBhcnRuZXJzUHJvZHVjdGlvbiI6eyJhc3NpZ25lZCI6MH0sInBhcnRuZXJzU2FuZGJveCI6eyJhc3NpZ25lZCI6MH0sImF1dG9zY2FsaW5nIjpmYWxzZSwic3RhdGljSXBzIjp7ImFzc2lnbmVkIjowLCJyZWFzc2lnbmVkIjowfSwiYXJtQWxlcnRzIjpmYWxzZSwiYXBpcyI6eyJlbmFibGVkIjp0cnVlfSwibXFNZXNzYWdlcyI6eyJiYXNlIjowLCJhZGRPbiI6MH0sIm1xUmVxdWVzdHMiOnsiYmFzZSI6MCwiYWRkT24iOjB9LCJleHRlcm5hbElkZW50aXR5Ijp0cnVlLCJtcUFkdmFuY2VkRmVhdHVyZXMiOnsiZW5hYmxlZCI6ZmFsc2V9LCJ2cGNzIjp7ImFzc2lnbmVkIjowLCJyZWFzc2lnbmVkIjowfSwiaHlicmlkSW5zaWdodCI6ZmFsc2UsImRlc2lnbkNlbnRlciI6eyJtb3phcnQiOmZhbHNlLCJhcGkiOmZhbHNlfSwib2JqZWN0U3RvcmVSZXF1ZXN0VW5pdHMiOnsiYmFzZSI6MTUwMDAwMDAsImFkZE9uIjowfSwib2JqZWN0U3RvcmVLZXlzIjp7ImJhc2UiOjEwMDAwMCwiYWRkT24iOjB9LCJjYW0iOnsiZW5hYmxlZCI6ZmFsc2V9LCJsb2FkQmFsYW5jZXIiOnsiYXNzaWduZWQiOjAsInJlYXNzaWduZWQiOjB9LCJtZXNzYWdpbmciOnsiYXNzaWduZWQiOjB9fSwiZXh0ZXJuYWxBdXRob3JpemF0aW9uIjp0cnVlLCJleHRlcm5hbEF1dGhvcml6YXRpb25Qcm92aWRlciI6eyJuYW1lIjoiUG9ydGFsIEFwcGxpY2F0aW9uIE1hbmFnZW1lbnQgU3lzdGVtIChQQU1TKSIsInVybCI6Imh0dHBzOi8vd3NneC10ZXN0LmNpc2NvLmNvbS9wYW1zL2x0L2NlcG1TZXJ2aWNlL3YxLjUvbWdyc3J2cyIsInZlcnNpb24iOiIxLjUifSwiaWRlbnRpdHlNYW5hZ2VtZW50Ijp7InR5cGUiOiJQaW5nRmVkZXJhdGUifSwib2F1dGgyU2V0dGluZ3MiOnsiYXV0aG9yaXphdGlvbkdyYW50cyI6WyJjb2RlIiwidG9rZW4iLCJvd25lciIsImNyZWRlbnRpYWxzIl0sImF1dGhvcml6YXRpb25VcmkiOiJodHRwczovL2Nsb3Vkc3NvLXRlc3QuY2lzY28uY29tL2FzL2F1dGhvcml6YXRpb24ub2F1dGgyIiwiYWNjZXNzVG9rZW5VcmkiOiJodHRwczovL2Nsb3Vkc3NvLXRlc3QuY2lzY28uY29tL2FzL3Rva2VuLm9hdXRoMiIsImdyYW50VHlwZXMiOlt7Im5hbWUiOiJwYXNzd29yZCIsImxhYmVsIjoiUmVzb3VyY2UgT3duZXIgR3JhbnQiLCJyZXF1aXJlZCI6ZmFsc2UsImV4Y2x1ZGUiOltdLCJkZXBlbmRzIjpbXX0seyJuYW1lIjoiaW1wbGljaXQiLCJsYWJlbCI6IkltcGxpY2l0IEdyYW50IiwicmVxdWlyZWQiOmZhbHNlLCJleGNsdWRlIjpbXSwiZGVwZW5kcyI6W119LHsibmFtZSI6ImNsaWVudF9jcmVkZW50aWFscyIsImxhYmVsIjoiQ2xpZW50IENyZWRlbnRpYWxzIEdyYW50IiwicmVxdWlyZWQiOmZhbHNlLCJleGNsdWRlIjpbXSwiZGVwZW5kcyI6W119LHsibmFtZSI6ImF1dGhvcml6YXRpb25fY29kZSIsImxhYmVsIjoiQXV0aG9yaXphdGlvbiBDb2RlIEdyYW50IiwicmVxdWlyZWQiOmZhbHNlLCJleGNsdWRlIjpbXSwiZGVwZW5kcyI6W119LHsibmFtZSI6InJlZnJlc2hfdG9rZW4iLCJsYWJlbCI6IlJlZnJlc2ggVG9rZW4iLCJyZXF1aXJlZCI6ZmFsc2UsImV4Y2x1ZGUiOltdLCJkZXBlbmRzIjpbImF1dGhvcml6YXRpb25fY29kZSIsInBhc3N3b3JkIl19XX19LCJpbnRlcmFjdGl2ZUxvZ2luIjp0cnVlLCJ0b2tlbiI6ImEyYzg0ODE1LThjYjgtNGE3Ni1iNmU0LTg4MGM3ZTc2MGNlYiIsImlhdCI6MTQ4NjU4Njc4OCwiYXVkIjoiaHR0cDovL2FwaS1wbGF0Zm9ybS1hcGkvcmVwb3NpdG9yeSIsImlzcyI6Imh0dHA6Ly9hcGktcGxhdGZvcm0tYXBpL3JlcG9zaXRvcnkifQ.YOsto-KJMgjQZxFXe6FFipYd8TIh4P1HIlJ5Tg6a9Ps
				Accept=*/*
				Content-Type=text/plain; charset=UTF-8
Cookies:		&lt;none&gt;
Body:			&lt;none&gt;
Request method:	DELETE
Request path:	https://qax.anypoint.mulesoft.com/apiplatform/repository/v2/organizations/5000db95-c5d4-487f-925e-3f82f15a5499/apis/2053/versions/2161/contracts/30229
Proxy:			&lt;none&gt;
Request params:	&lt;none&gt;
Query params:	&lt;none&gt;
Form params:	&lt;none&gt;
Path params:	&lt;none&gt;
Multiparts:		&lt;none&gt;
Headers:		Authorization=Bearer eyJ0eXAiOiJKV1QiLCJhbGciOiJIUzI1NiJ9.eyJpZCI6IjUwMDAzN2NkLTJjZmQtNGRhNC1iZWQ3LTU3Mzg0ZGViMDYyYiIsImZpcnN0TmFtZSI6IkZlZGVyYXRlZCIsImxhc3ROYW1lIjoiRXh0ZXJuYWwiLCJlbWFpbCI6ImNocmlzdG9waGVyLm1vcmR1ZUBtdWxlc29mdC5jb20iLCJ1c2VybmFtZSI6ImZlZGVyYXRlZF9leHRlcm5hbCIsIm9yZ2FuaXphdGlvbiI6eyJpZCI6IjUwMDBkYjk1LWM1ZDQtNDg3Zi05MjVlLTNmODJmMTVhNTQ5OSIsIm5hbWUiOiJGZWRlcmF0ZWQgSW5jIEV4dGVybmFsIEF1dGhvcml6YXRpb24iLCJkb21haW4iOiJmZWRlcmF0ZWQtZXh0ZXJuYWwiLCJlbnRpdGxlbWVudHMiOnsiaHlicmlkIjp7ImVuYWJsZWQiOmZhbHNlfSwiY3JlYXRlU3ViT3JncyI6dHJ1ZSwidkNvcmVzUHJvZHVjdGlvbiI6eyJhc3NpZ25lZCI6MSwicmVhc3NpZ25lZCI6MH0sInZDb3Jlc1NhbmRib3giOnsiYXNzaWduZWQiOjEsInJlYXNzaWduZWQiOjB9LCJnbG9iYWxEZXBsb3ltZW50IjpmYWxzZSwid29ya2VyTG9nZ2luZ092ZXJyaWRlIjp7ImVuYWJsZWQiOmZhbHNlfSwiZ2F0ZXdheXMiOnsiYXNzaWduZWQiOjB9LCJjcmVhdGVFbnZpcm9ubWVudHMiOnRydWUsInBhcnRuZXJzUHJvZHVjdGlvbiI6eyJhc3NpZ25lZCI6MH0sInBhcnRuZXJzU2FuZGJveCI6eyJhc3NpZ25lZCI6MH0sImF1dG9zY2FsaW5nIjpmYWxzZSwic3RhdGljSXBzIjp7ImFzc2lnbmVkIjowLCJyZWFzc2lnbmVkIjowfSwiYXJtQWxlcnRzIjpmYWxzZSwiYXBpcyI6eyJlbmFibGVkIjp0cnVlfSwibXFNZXNzYWdlcyI6eyJiYXNlIjowLCJhZGRPbiI6MH0sIm1xUmVxdWVzdHMiOnsiYmFzZSI6MCwiYWRkT24iOjB9LCJleHRlcm5hbElkZW50aXR5Ijp0cnVlLCJtcUFkdmFuY2VkRmVhdHVyZXMiOnsiZW5hYmxlZCI6ZmFsc2V9LCJ2cGNzIjp7ImFzc2lnbmVkIjowLCJyZWFzc2lnbmVkIjowfSwiaHlicmlkSW5zaWdodCI6ZmFsc2UsImRlc2lnbkNlbnRlciI6eyJtb3phcnQiOmZhbHNlLCJhcGkiOmZhbHNlfSwib2JqZWN0U3RvcmVSZXF1ZXN0VW5pdHMiOnsiYmFzZSI6MTUwMDAwMDAsImFkZE9uIjowfSwib2JqZWN0U3RvcmVLZXlzIjp7ImJhc2UiOjEwMDAwMCwiYWRkT24iOjB9LCJjYW0iOnsiZW5hYmxlZCI6ZmFsc2V9LCJsb2FkQmFsYW5jZXIiOnsiYXNzaWduZWQiOjAsInJlYXNzaWduZWQiOjB9LCJtZXNzYWdpbmciOnsiYXNzaWduZWQiOjB9fSwiZXh0ZXJuYWxBdXRob3JpemF0aW9uIjp0cnVlLCJleHRlcm5hbEF1dGhvcml6YXRpb25Qcm92aWRlciI6eyJuYW1lIjoiUG9ydGFsIEFwcGxpY2F0aW9uIE1hbmFnZW1lbnQgU3lzdGVtIChQQU1TKSIsInVybCI6Imh0dHBzOi8vd3NneC10ZXN0LmNpc2NvLmNvbS9wYW1zL2x0L2NlcG1TZXJ2aWNlL3YxLjUvbWdyc3J2cyIsInZlcnNpb24iOiIxLjUifSwiaWRlbnRpdHlNYW5hZ2VtZW50Ijp7InR5cGUiOiJQaW5nRmVkZXJhdGUifSwib2F1dGgyU2V0dGluZ3MiOnsiYXV0aG9yaXphdGlvbkdyYW50cyI6WyJjb2RlIiwidG9rZW4iLCJvd25lciIsImNyZWRlbnRpYWxzIl0sImF1dGhvcml6YXRpb25VcmkiOiJodHRwczovL2Nsb3Vkc3NvLXRlc3QuY2lzY28uY29tL2FzL2F1dGhvcml6YXRpb24ub2F1dGgyIiwiYWNjZXNzVG9rZW5VcmkiOiJodHRwczovL2Nsb3Vkc3NvLXRlc3QuY2lzY28uY29tL2FzL3Rva2VuLm9hdXRoMiIsImdyYW50VHlwZXMiOlt7Im5hbWUiOiJwYXNzd29yZCIsImxhYmVsIjoiUmVzb3VyY2UgT3duZXIgR3JhbnQiLCJyZXF1aXJlZCI6ZmFsc2UsImV4Y2x1ZGUiOltdLCJkZXBlbmRzIjpbXX0seyJuYW1lIjoiaW1wbGljaXQiLCJsYWJlbCI6IkltcGxpY2l0IEdyYW50IiwicmVxdWlyZWQiOmZhbHNlLCJleGNsdWRlIjpbXSwiZGVwZW5kcyI6W119LHsibmFtZSI6ImNsaWVudF9jcmVkZW50aWFscyIsImxhYmVsIjoiQ2xpZW50IENyZWRlbnRpYWxzIEdyYW50IiwicmVxdWlyZWQiOmZhbHNlLCJleGNsdWRlIjpbXSwiZGVwZW5kcyI6W119LHsibmFtZSI6ImF1dGhvcml6YXRpb25fY29kZSIsImxhYmVsIjoiQXV0aG9yaXphdGlvbiBDb2RlIEdyYW50IiwicmVxdWlyZWQiOmZhbHNlLCJleGNsdWRlIjpbXSwiZGVwZW5kcyI6W119LHsibmFtZSI6InJlZnJlc2hfdG9rZW4iLCJsYWJlbCI6IlJlZnJlc2ggVG9rZW4iLCJyZXF1aXJlZCI6ZmFsc2UsImV4Y2x1ZGUiOltdLCJkZXBlbmRzIjpbImF1dGhvcml6YXRpb25fY29kZSIsInBhc3N3b3JkIl19XX19LCJpbnRlcmFjdGl2ZUxvZ2luIjp0cnVlLCJ0b2tlbiI6ImEyYzg0ODE1LThjYjgtNGE3Ni1iNmU0LTg4MGM3ZTc2MGNlYiIsImlhdCI6MTQ4NjU4Njc4OCwiYXVkIjoiaHR0cDovL2FwaS1wbGF0Zm9ybS1hcGkvcmVwb3NpdG9yeSIsImlzcyI6Imh0dHA6Ly9hcGktcGxhdGZvcm0tYXBpL3JlcG9zaXRvcnkifQ.YOsto-KJMgjQZxFXe6FFipYd8TIh4P1HIlJ5Tg6a9Ps
				Accept=*/*
				Content-Type=text/plain; charset=UTF-8
Cookies:		&lt;none&gt;
Body:			&lt;none&gt;
Request method:	DELETE
Request path:	https://qax.anypoint.mulesoft.com/apiplatform/repository/v2/organizations/5000db95-c5d4-487f-925e-3f82f15a5499/apis/2053/versions/2161/contracts/30259
Proxy:			&lt;none&gt;
Request params:	&lt;none&gt;
Query params:	&lt;none&gt;
Form params:	&lt;none&gt;
Path params:	&lt;none&gt;
Multiparts:		&lt;none&gt;
Headers:		Authorization=Bearer eyJ0eXAiOiJKV1QiLCJhbGciOiJIUzI1NiJ9.eyJpZCI6IjUwMDAzN2NkLTJjZmQtNGRhNC1iZWQ3LTU3Mzg0ZGViMDYyYiIsImZpcnN0TmFtZSI6IkZlZGVyYXRlZCIsImxhc3ROYW1lIjoiRXh0ZXJuYWwiLCJlbWFpbCI6ImNocmlzdG9waGVyLm1vcmR1ZUBtdWxlc29mdC5jb20iLCJ1c2VybmFtZSI6ImZlZGVyYXRlZF9leHRlcm5hbCIsIm9yZ2FuaXphdGlvbiI6eyJpZCI6IjUwMDBkYjk1LWM1ZDQtNDg3Zi05MjVlLTNmODJmMTVhNTQ5OSIsIm5hbWUiOiJGZWRlcmF0ZWQgSW5jIEV4dGVybmFsIEF1dGhvcml6YXRpb24iLCJkb21haW4iOiJmZWRlcmF0ZWQtZXh0ZXJuYWwiLCJlbnRpdGxlbWVudHMiOnsiaHlicmlkIjp7ImVuYWJsZWQiOmZhbHNlfSwiY3JlYXRlU3ViT3JncyI6dHJ1ZSwidkNvcmVzUHJvZHVjdGlvbiI6eyJhc3NpZ25lZCI6MSwicmVhc3NpZ25lZCI6MH0sInZDb3Jlc1NhbmRib3giOnsiYXNzaWduZWQiOjEsInJlYXNzaWduZWQiOjB9LCJnbG9iYWxEZXBsb3ltZW50IjpmYWxzZSwid29ya2VyTG9nZ2luZ092ZXJyaWRlIjp7ImVuYWJsZWQiOmZhbHNlfSwiZ2F0ZXdheXMiOnsiYXNzaWduZWQiOjB9LCJjcmVhdGVFbnZpcm9ubWVudHMiOnRydWUsInBhcnRuZXJzUHJvZHVjdGlvbiI6eyJhc3NpZ25lZCI6MH0sInBhcnRuZXJzU2FuZGJveCI6eyJhc3NpZ25lZCI6MH0sImF1dG9zY2FsaW5nIjpmYWxzZSwic3RhdGljSXBzIjp7ImFzc2lnbmVkIjowLCJyZWFzc2lnbmVkIjowfSwiYXJtQWxlcnRzIjpmYWxzZSwiYXBpcyI6eyJlbmFibGVkIjp0cnVlfSwibXFNZXNzYWdlcyI6eyJiYXNlIjowLCJhZGRPbiI6MH0sIm1xUmVxdWVzdHMiOnsiYmFzZSI6MCwiYWRkT24iOjB9LCJleHRlcm5hbElkZW50aXR5Ijp0cnVlLCJtcUFkdmFuY2VkRmVhdHVyZXMiOnsiZW5hYmxlZCI6ZmFsc2V9LCJ2cGNzIjp7ImFzc2lnbmVkIjowLCJyZWFzc2lnbmVkIjowfSwiaHlicmlkSW5zaWdodCI6ZmFsc2UsImRlc2lnbkNlbnRlciI6eyJtb3phcnQiOmZhbHNlLCJhcGkiOmZhbHNlfSwib2JqZWN0U3RvcmVSZXF1ZXN0VW5pdHMiOnsiYmFzZSI6MTUwMDAwMDAsImFkZE9uIjowfSwib2JqZWN0U3RvcmVLZXlzIjp7ImJhc2UiOjEwMDAwMCwiYWRkT24iOjB9LCJjYW0iOnsiZW5hYmxlZCI6ZmFsc2V9LCJsb2FkQmFsYW5jZXIiOnsiYXNzaWduZWQiOjAsInJlYXNzaWduZWQiOjB9LCJtZXNzYWdpbmciOnsiYXNzaWduZWQiOjB9fSwiZXh0ZXJuYWxBdXRob3JpemF0aW9uIjp0cnVlLCJleHRlcm5hbEF1dGhvcml6YXRpb25Qcm92aWRlciI6eyJuYW1lIjoiUG9ydGFsIEFwcGxpY2F0aW9uIE1hbmFnZW1lbnQgU3lzdGVtIChQQU1TKSIsInVybCI6Imh0dHBzOi8vd3NneC10ZXN0LmNpc2NvLmNvbS9wYW1zL2x0L2NlcG1TZXJ2aWNlL3YxLjUvbWdyc3J2cyIsInZlcnNpb24iOiIxLjUifSwiaWRlbnRpdHlNYW5hZ2VtZW50Ijp7InR5cGUiOiJQaW5nRmVkZXJhdGUifSwib2F1dGgyU2V0dGluZ3MiOnsiYXV0aG9yaXphdGlvbkdyYW50cyI6WyJjb2RlIiwidG9rZW4iLCJvd25lciIsImNyZWRlbnRpYWxzIl0sImF1dGhvcml6YXRpb25VcmkiOiJodHRwczovL2Nsb3Vkc3NvLXRlc3QuY2lzY28uY29tL2FzL2F1dGhvcml6YXRpb24ub2F1dGgyIiwiYWNjZXNzVG9rZW5VcmkiOiJodHRwczovL2Nsb3Vkc3NvLXRlc3QuY2lzY28uY29tL2FzL3Rva2VuLm9hdXRoMiIsImdyYW50VHlwZXMiOlt7Im5hbWUiOiJwYXNzd29yZCIsImxhYmVsIjoiUmVzb3VyY2UgT3duZXIgR3JhbnQiLCJyZXF1aXJlZCI6ZmFsc2UsImV4Y2x1ZGUiOltdLCJkZXBlbmRzIjpbXX0seyJuYW1lIjoiaW1wbGljaXQiLCJsYWJlbCI6IkltcGxpY2l0IEdyYW50IiwicmVxdWlyZWQiOmZhbHNlLCJleGNsdWRlIjpbXSwiZGVwZW5kcyI6W119LHsibmFtZSI6ImNsaWVudF9jcmVkZW50aWFscyIsImxhYmVsIjoiQ2xpZW50IENyZWRlbnRpYWxzIEdyYW50IiwicmVxdWlyZWQiOmZhbHNlLCJleGNsdWRlIjpbXSwiZGVwZW5kcyI6W119LHsibmFtZSI6ImF1dGhvcml6YXRpb25fY29kZSIsImxhYmVsIjoiQXV0aG9yaXphdGlvbiBDb2RlIEdyYW50IiwicmVxdWlyZWQiOmZhbHNlLCJleGNsdWRlIjpbXSwiZGVwZW5kcyI6W119LHsibmFtZSI6InJlZnJlc2hfdG9rZW4iLCJsYWJlbCI6IlJlZnJlc2ggVG9rZW4iLCJyZXF1aXJlZCI6ZmFsc2UsImV4Y2x1ZGUiOltdLCJkZXBlbmRzIjpbImF1dGhvcml6YXRpb25fY29kZSIsInBhc3N3b3JkIl19XX19LCJpbnRlcmFjdGl2ZUxvZ2luIjp0cnVlLCJ0b2tlbiI6ImEyYzg0ODE1LThjYjgtNGE3Ni1iNmU0LTg4MGM3ZTc2MGNlYiIsImlhdCI6MTQ4NjU4Njc4OCwiYXVkIjoiaHR0cDovL2FwaS1wbGF0Zm9ybS1hcGkvcmVwb3NpdG9yeSIsImlzcyI6Imh0dHA6Ly9hcGktcGxhdGZvcm0tYXBpL3JlcG9zaXRvcnkifQ.YOsto-KJMgjQZxFXe6FFipYd8TIh4P1HIlJ5Tg6a9Ps
				Accept=*/*
				Content-Type=text/plain; charset=UTF-8
Cookies:		&lt;none&gt;
Body:			&lt;none&gt;
Request method:	DELETE
Request path:	https://qax.anypoint.mulesoft.com/apiplatform/repository/v2/organizations/5000db95-c5d4-487f-925e-3f82f15a5499/apis/2053/versions/2161/contracts/30190
Proxy:			&lt;none&gt;
Request params:	&lt;none&gt;
Query params:	&lt;none&gt;
Form params:	&lt;none&gt;
Path params:	&lt;none&gt;
Multiparts:		&lt;none&gt;
Headers:		Authorization=Bearer eyJ0eXAiOiJKV1QiLCJhbGciOiJIUzI1NiJ9.eyJpZCI6IjUwMDAzN2NkLTJjZmQtNGRhNC1iZWQ3LTU3Mzg0ZGViMDYyYiIsImZpcnN0TmFtZSI6IkZlZGVyYXRlZCIsImxhc3ROYW1lIjoiRXh0ZXJuYWwiLCJlbWFpbCI6ImNocmlzdG9waGVyLm1vcmR1ZUBtdWxlc29mdC5jb20iLCJ1c2VybmFtZSI6ImZlZGVyYXRlZF9leHRlcm5hbCIsIm9yZ2FuaXphdGlvbiI6eyJpZCI6IjUwMDBkYjk1LWM1ZDQtNDg3Zi05MjVlLTNmODJmMTVhNTQ5OSIsIm5hbWUiOiJGZWRlcmF0ZWQgSW5jIEV4dGVybmFsIEF1dGhvcml6YXRpb24iLCJkb21haW4iOiJmZWRlcmF0ZWQtZXh0ZXJuYWwiLCJlbnRpdGxlbWVudHMiOnsiaHlicmlkIjp7ImVuYWJsZWQiOmZhbHNlfSwiY3JlYXRlU3ViT3JncyI6dHJ1ZSwidkNvcmVzUHJvZHVjdGlvbiI6eyJhc3NpZ25lZCI6MSwicmVhc3NpZ25lZCI6MH0sInZDb3Jlc1NhbmRib3giOnsiYXNzaWduZWQiOjEsInJlYXNzaWduZWQiOjB9LCJnbG9iYWxEZXBsb3ltZW50IjpmYWxzZSwid29ya2VyTG9nZ2luZ092ZXJyaWRlIjp7ImVuYWJsZWQiOmZhbHNlfSwiZ2F0ZXdheXMiOnsiYXNzaWduZWQiOjB9LCJjcmVhdGVFbnZpcm9ubWVudHMiOnRydWUsInBhcnRuZXJzUHJvZHVjdGlvbiI6eyJhc3NpZ25lZCI6MH0sInBhcnRuZXJzU2FuZGJveCI6eyJhc3NpZ25lZCI6MH0sImF1dG9zY2FsaW5nIjpmYWxzZSwic3RhdGljSXBzIjp7ImFzc2lnbmVkIjowLCJyZWFzc2lnbmVkIjowfSwiYXJtQWxlcnRzIjpmYWxzZSwiYXBpcyI6eyJlbmFibGVkIjp0cnVlfSwibXFNZXNzYWdlcyI6eyJiYXNlIjowLCJhZGRPbiI6MH0sIm1xUmVxdWVzdHMiOnsiYmFzZSI6MCwiYWRkT24iOjB9LCJleHRlcm5hbElkZW50aXR5Ijp0cnVlLCJtcUFkdmFuY2VkRmVhdHVyZXMiOnsiZW5hYmxlZCI6ZmFsc2V9LCJ2cGNzIjp7ImFzc2lnbmVkIjowLCJyZWFzc2lnbmVkIjowfSwiaHlicmlkSW5zaWdodCI6ZmFsc2UsImRlc2lnbkNlbnRlciI6eyJtb3phcnQiOmZhbHNlLCJhcGkiOmZhbHNlfSwib2JqZWN0U3RvcmVSZXF1ZXN0VW5pdHMiOnsiYmFzZSI6MTUwMDAwMDAsImFkZE9uIjowfSwib2JqZWN0U3RvcmVLZXlzIjp7ImJhc2UiOjEwMDAwMCwiYWRkT24iOjB9LCJjYW0iOnsiZW5hYmxlZCI6ZmFsc2V9LCJsb2FkQmFsYW5jZXIiOnsiYXNzaWduZWQiOjAsInJlYXNzaWduZWQiOjB9LCJtZXNzYWdpbmciOnsiYXNzaWduZWQiOjB9fSwiZXh0ZXJuYWxBdXRob3JpemF0aW9uIjp0cnVlLCJleHRlcm5hbEF1dGhvcml6YXRpb25Qcm92aWRlciI6eyJuYW1lIjoiUG9ydGFsIEFwcGxpY2F0aW9uIE1hbmFnZW1lbnQgU3lzdGVtIChQQU1TKSIsInVybCI6Imh0dHBzOi8vd3NneC10ZXN0LmNpc2NvLmNvbS9wYW1zL2x0L2NlcG1TZXJ2aWNlL3YxLjUvbWdyc3J2cyIsInZlcnNpb24iOiIxLjUifSwiaWRlbnRpdHlNYW5hZ2VtZW50Ijp7InR5cGUiOiJQaW5nRmVkZXJhdGUifSwib2F1dGgyU2V0dGluZ3MiOnsiYXV0aG9yaXphdGlvbkdyYW50cyI6WyJjb2RlIiwidG9rZW4iLCJvd25lciIsImNyZWRlbnRpYWxzIl0sImF1dGhvcml6YXRpb25VcmkiOiJodHRwczovL2Nsb3Vkc3NvLXRlc3QuY2lzY28uY29tL2FzL2F1dGhvcml6YXRpb24ub2F1dGgyIiwiYWNjZXNzVG9rZW5VcmkiOiJodHRwczovL2Nsb3Vkc3NvLXRlc3QuY2lzY28uY29tL2FzL3Rva2VuLm9hdXRoMiIsImdyYW50VHlwZXMiOlt7Im5hbWUiOiJwYXNzd29yZCIsImxhYmVsIjoiUmVzb3VyY2UgT3duZXIgR3JhbnQiLCJyZXF1aXJlZCI6ZmFsc2UsImV4Y2x1ZGUiOltdLCJkZXBlbmRzIjpbXX0seyJuYW1lIjoiaW1wbGljaXQiLCJsYWJlbCI6IkltcGxpY2l0IEdyYW50IiwicmVxdWlyZWQiOmZhbHNlLCJleGNsdWRlIjpbXSwiZGVwZW5kcyI6W119LHsibmFtZSI6ImNsaWVudF9jcmVkZW50aWFscyIsImxhYmVsIjoiQ2xpZW50IENyZWRlbnRpYWxzIEdyYW50IiwicmVxdWlyZWQiOmZhbHNlLCJleGNsdWRlIjpbXSwiZGVwZW5kcyI6W119LHsibmFtZSI6ImF1dGhvcml6YXRpb25fY29kZSIsImxhYmVsIjoiQXV0aG9yaXphdGlvbiBDb2RlIEdyYW50IiwicmVxdWlyZWQiOmZhbHNlLCJleGNsdWRlIjpbXSwiZGVwZW5kcyI6W119LHsibmFtZSI6InJlZnJlc2hfdG9rZW4iLCJsYWJlbCI6IlJlZnJlc2ggVG9rZW4iLCJyZXF1aXJlZCI6ZmFsc2UsImV4Y2x1ZGUiOltdLCJkZXBlbmRzIjpbImF1dGhvcml6YXRpb25fY29kZSIsInBhc3N3b3JkIl19XX19LCJpbnRlcmFjdGl2ZUxvZ2luIjp0cnVlLCJ0b2tlbiI6ImEyYzg0ODE1LThjYjgtNGE3Ni1iNmU0LTg4MGM3ZTc2MGNlYiIsImlhdCI6MTQ4NjU4Njc4OCwiYXVkIjoiaHR0cDovL2FwaS1wbGF0Zm9ybS1hcGkvcmVwb3NpdG9yeSIsImlzcyI6Imh0dHA6Ly9hcGktcGxhdGZvcm0tYXBpL3JlcG9zaXRvcnkifQ.YOsto-KJMgjQZxFXe6FFipYd8TIh4P1HIlJ5Tg6a9Ps
				Accept=*/*
				Content-Type=text/plain; charset=UTF-8
Cookies:		&lt;none&gt;
Body:			&lt;none&gt;
Request method:	DELETE
Request path:	https://qax.anypoint.mulesoft.com/apiplatform/repository/v2/organizations/5000db95-c5d4-487f-925e-3f82f15a5499/apis/2053/versions/2161/contracts/30184
Proxy:			&lt;none&gt;
Request params:	&lt;none&gt;
Query params:	&lt;none&gt;
Form params:	&lt;none&gt;
Path params:	&lt;none&gt;
Multiparts:		&lt;none&gt;
Headers:		Authorization=Bearer eyJ0eXAiOiJKV1QiLCJhbGciOiJIUzI1NiJ9.eyJpZCI6IjUwMDAzN2NkLTJjZmQtNGRhNC1iZWQ3LTU3Mzg0ZGViMDYyYiIsImZpcnN0TmFtZSI6IkZlZGVyYXRlZCIsImxhc3ROYW1lIjoiRXh0ZXJuYWwiLCJlbWFpbCI6ImNocmlzdG9waGVyLm1vcmR1ZUBtdWxlc29mdC5jb20iLCJ1c2VybmFtZSI6ImZlZGVyYXRlZF9leHRlcm5hbCIsIm9yZ2FuaXphdGlvbiI6eyJpZCI6IjUwMDBkYjk1LWM1ZDQtNDg3Zi05MjVlLTNmODJmMTVhNTQ5OSIsIm5hbWUiOiJGZWRlcmF0ZWQgSW5jIEV4dGVybmFsIEF1dGhvcml6YXRpb24iLCJkb21haW4iOiJmZWRlcmF0ZWQtZXh0ZXJuYWwiLCJlbnRpdGxlbWVudHMiOnsiaHlicmlkIjp7ImVuYWJsZWQiOmZhbHNlfSwiY3JlYXRlU3ViT3JncyI6dHJ1ZSwidkNvcmVzUHJvZHVjdGlvbiI6eyJhc3NpZ25lZCI6MSwicmVhc3NpZ25lZCI6MH0sInZDb3Jlc1NhbmRib3giOnsiYXNzaWduZWQiOjEsInJlYXNzaWduZWQiOjB9LCJnbG9iYWxEZXBsb3ltZW50IjpmYWxzZSwid29ya2VyTG9nZ2luZ092ZXJyaWRlIjp7ImVuYWJsZWQiOmZhbHNlfSwiZ2F0ZXdheXMiOnsiYXNzaWduZWQiOjB9LCJjcmVhdGVFbnZpcm9ubWVudHMiOnRydWUsInBhcnRuZXJzUHJvZHVjdGlvbiI6eyJhc3NpZ25lZCI6MH0sInBhcnRuZXJzU2FuZGJveCI6eyJhc3NpZ25lZCI6MH0sImF1dG9zY2FsaW5nIjpmYWxzZSwic3RhdGljSXBzIjp7ImFzc2lnbmVkIjowLCJyZWFzc2lnbmVkIjowfSwiYXJtQWxlcnRzIjpmYWxzZSwiYXBpcyI6eyJlbmFibGVkIjp0cnVlfSwibXFNZXNzYWdlcyI6eyJiYXNlIjowLCJhZGRPbiI6MH0sIm1xUmVxdWVzdHMiOnsiYmFzZSI6MCwiYWRkT24iOjB9LCJleHRlcm5hbElkZW50aXR5Ijp0cnVlLCJtcUFkdmFuY2VkRmVhdHVyZXMiOnsiZW5hYmxlZCI6ZmFsc2V9LCJ2cGNzIjp7ImFzc2lnbmVkIjowLCJyZWFzc2lnbmVkIjowfSwiaHlicmlkSW5zaWdodCI6ZmFsc2UsImRlc2lnbkNlbnRlciI6eyJtb3phcnQiOmZhbHNlLCJhcGkiOmZhbHNlfSwib2JqZWN0U3RvcmVSZXF1ZXN0VW5pdHMiOnsiYmFzZSI6MTUwMDAwMDAsImFkZE9uIjowfSwib2JqZWN0U3RvcmVLZXlzIjp7ImJhc2UiOjEwMDAwMCwiYWRkT24iOjB9LCJjYW0iOnsiZW5hYmxlZCI6ZmFsc2V9LCJsb2FkQmFsYW5jZXIiOnsiYXNzaWduZWQiOjAsInJlYXNzaWduZWQiOjB9LCJtZXNzYWdpbmciOnsiYXNzaWduZWQiOjB9fSwiZXh0ZXJuYWxBdXRob3JpemF0aW9uIjp0cnVlLCJleHRlcm5hbEF1dGhvcml6YXRpb25Qcm92aWRlciI6eyJuYW1lIjoiUG9ydGFsIEFwcGxpY2F0aW9uIE1hbmFnZW1lbnQgU3lzdGVtIChQQU1TKSIsInVybCI6Imh0dHBzOi8vd3NneC10ZXN0LmNpc2NvLmNvbS9wYW1zL2x0L2NlcG1TZXJ2aWNlL3YxLjUvbWdyc3J2cyIsInZlcnNpb24iOiIxLjUifSwiaWRlbnRpdHlNYW5hZ2VtZW50Ijp7InR5cGUiOiJQaW5nRmVkZXJhdGUifSwib2F1dGgyU2V0dGluZ3MiOnsiYXV0aG9yaXphdGlvbkdyYW50cyI6WyJjb2RlIiwidG9rZW4iLCJvd25lciIsImNyZWRlbnRpYWxzIl0sImF1dGhvcml6YXRpb25VcmkiOiJodHRwczovL2Nsb3Vkc3NvLXRlc3QuY2lzY28uY29tL2FzL2F1dGhvcml6YXRpb24ub2F1dGgyIiwiYWNjZXNzVG9rZW5VcmkiOiJodHRwczovL2Nsb3Vkc3NvLXRlc3QuY2lzY28uY29tL2FzL3Rva2VuLm9hdXRoMiIsImdyYW50VHlwZXMiOlt7Im5hbWUiOiJwYXNzd29yZCIsImxhYmVsIjoiUmVzb3VyY2UgT3duZXIgR3JhbnQiLCJyZXF1aXJlZCI6ZmFsc2UsImV4Y2x1ZGUiOltdLCJkZXBlbmRzIjpbXX0seyJuYW1lIjoiaW1wbGljaXQiLCJsYWJlbCI6IkltcGxpY2l0IEdyYW50IiwicmVxdWlyZWQiOmZhbHNlLCJleGNsdWRlIjpbXSwiZGVwZW5kcyI6W119LHsibmFtZSI6ImNsaWVudF9jcmVkZW50aWFscyIsImxhYmVsIjoiQ2xpZW50IENyZWRlbnRpYWxzIEdyYW50IiwicmVxdWlyZWQiOmZhbHNlLCJleGNsdWRlIjpbXSwiZGVwZW5kcyI6W119LHsibmFtZSI6ImF1dGhvcml6YXRpb25fY29kZSIsImxhYmVsIjoiQXV0aG9yaXphdGlvbiBDb2RlIEdyYW50IiwicmVxdWlyZWQiOmZhbHNlLCJleGNsdWRlIjpbXSwiZGVwZW5kcyI6W119LHsibmFtZSI6InJlZnJlc2hfdG9rZW4iLCJsYWJlbCI6IlJlZnJlc2ggVG9rZW4iLCJyZXF1aXJlZCI6ZmFsc2UsImV4Y2x1ZGUiOltdLCJkZXBlbmRzIjpbImF1dGhvcml6YXRpb25fY29kZSIsInBhc3N3b3JkIl19XX19LCJpbnRlcmFjdGl2ZUxvZ2luIjp0cnVlLCJ0b2tlbiI6ImEyYzg0ODE1LThjYjgtNGE3Ni1iNmU0LTg4MGM3ZTc2MGNlYiIsImlhdCI6MTQ4NjU4Njc4OCwiYXVkIjoiaHR0cDovL2FwaS1wbGF0Zm9ybS1hcGkvcmVwb3NpdG9yeSIsImlzcyI6Imh0dHA6Ly9hcGktcGxhdGZvcm0tYXBpL3JlcG9zaXRvcnkifQ.YOsto-KJMgjQZxFXe6FFipYd8TIh4P1HIlJ5Tg6a9Ps
				Accept=*/*
				Content-Type=text/plain; charset=UTF-8
Cookies:		&lt;none&gt;
Body:			&lt;none&gt;
Request method:	DELETE
Request path:	https://qax.anypoint.mulesoft.com/apiplatform/repository/v2/organizations/5000db95-c5d4-487f-925e-3f82f15a5499/apis/2053/versions/2161/contracts/30263
Proxy:			&lt;none&gt;
Request params:	&lt;none&gt;
Query params:	&lt;none&gt;
Form params:	&lt;none&gt;
Path params:	&lt;none&gt;
Multiparts:		&lt;none&gt;
Headers:		Authorization=Bearer eyJ0eXAiOiJKV1QiLCJhbGciOiJIUzI1NiJ9.eyJpZCI6IjUwMDAzN2NkLTJjZmQtNGRhNC1iZWQ3LTU3Mzg0ZGViMDYyYiIsImZpcnN0TmFtZSI6IkZlZGVyYXRlZCIsImxhc3ROYW1lIjoiRXh0ZXJuYWwiLCJlbWFpbCI6ImNocmlzdG9waGVyLm1vcmR1ZUBtdWxlc29mdC5jb20iLCJ1c2VybmFtZSI6ImZlZGVyYXRlZF9leHRlcm5hbCIsIm9yZ2FuaXphdGlvbiI6eyJpZCI6IjUwMDBkYjk1LWM1ZDQtNDg3Zi05MjVlLTNmODJmMTVhNTQ5OSIsIm5hbWUiOiJGZWRlcmF0ZWQgSW5jIEV4dGVybmFsIEF1dGhvcml6YXRpb24iLCJkb21haW4iOiJmZWRlcmF0ZWQtZXh0ZXJuYWwiLCJlbnRpdGxlbWVudHMiOnsiaHlicmlkIjp7ImVuYWJsZWQiOmZhbHNlfSwiY3JlYXRlU3ViT3JncyI6dHJ1ZSwidkNvcmVzUHJvZHVjdGlvbiI6eyJhc3NpZ25lZCI6MSwicmVhc3NpZ25lZCI6MH0sInZDb3Jlc1NhbmRib3giOnsiYXNzaWduZWQiOjEsInJlYXNzaWduZWQiOjB9LCJnbG9iYWxEZXBsb3ltZW50IjpmYWxzZSwid29ya2VyTG9nZ2luZ092ZXJyaWRlIjp7ImVuYWJsZWQiOmZhbHNlfSwiZ2F0ZXdheXMiOnsiYXNzaWduZWQiOjB9LCJjcmVhdGVFbnZpcm9ubWVudHMiOnRydWUsInBhcnRuZXJzUHJvZHVjdGlvbiI6eyJhc3NpZ25lZCI6MH0sInBhcnRuZXJzU2FuZGJveCI6eyJhc3NpZ25lZCI6MH0sImF1dG9zY2FsaW5nIjpmYWxzZSwic3RhdGljSXBzIjp7ImFzc2lnbmVkIjowLCJyZWFzc2lnbmVkIjowfSwiYXJtQWxlcnRzIjpmYWxzZSwiYXBpcyI6eyJlbmFibGVkIjp0cnVlfSwibXFNZXNzYWdlcyI6eyJiYXNlIjowLCJhZGRPbiI6MH0sIm1xUmVxdWVzdHMiOnsiYmFzZSI6MCwiYWRkT24iOjB9LCJleHRlcm5hbElkZW50aXR5Ijp0cnVlLCJtcUFkdmFuY2VkRmVhdHVyZXMiOnsiZW5hYmxlZCI6ZmFsc2V9LCJ2cGNzIjp7ImFzc2lnbmVkIjowLCJyZWFzc2lnbmVkIjowfSwiaHlicmlkSW5zaWdodCI6ZmFsc2UsImRlc2lnbkNlbnRlciI6eyJtb3phcnQiOmZhbHNlLCJhcGkiOmZhbHNlfSwib2JqZWN0U3RvcmVSZXF1ZXN0VW5pdHMiOnsiYmFzZSI6MTUwMDAwMDAsImFkZE9uIjowfSwib2JqZWN0U3RvcmVLZXlzIjp7ImJhc2UiOjEwMDAwMCwiYWRkT24iOjB9LCJjYW0iOnsiZW5hYmxlZCI6ZmFsc2V9LCJsb2FkQmFsYW5jZXIiOnsiYXNzaWduZWQiOjAsInJlYXNzaWduZWQiOjB9LCJtZXNzYWdpbmciOnsiYXNzaWduZWQiOjB9fSwiZXh0ZXJuYWxBdXRob3JpemF0aW9uIjp0cnVlLCJleHRlcm5hbEF1dGhvcml6YXRpb25Qcm92aWRlciI6eyJuYW1lIjoiUG9ydGFsIEFwcGxpY2F0aW9uIE1hbmFnZW1lbnQgU3lzdGVtIChQQU1TKSIsInVybCI6Imh0dHBzOi8vd3NneC10ZXN0LmNpc2NvLmNvbS9wYW1zL2x0L2NlcG1TZXJ2aWNlL3YxLjUvbWdyc3J2cyIsInZlcnNpb24iOiIxLjUifSwiaWRlbnRpdHlNYW5hZ2VtZW50Ijp7InR5cGUiOiJQaW5nRmVkZXJhdGUifSwib2F1dGgyU2V0dGluZ3MiOnsiYXV0aG9yaXphdGlvbkdyYW50cyI6WyJjb2RlIiwidG9rZW4iLCJvd25lciIsImNyZWRlbnRpYWxzIl0sImF1dGhvcml6YXRpb25VcmkiOiJodHRwczovL2Nsb3Vkc3NvLXRlc3QuY2lzY28uY29tL2FzL2F1dGhvcml6YXRpb24ub2F1dGgyIiwiYWNjZXNzVG9rZW5VcmkiOiJodHRwczovL2Nsb3Vkc3NvLXRlc3QuY2lzY28uY29tL2FzL3Rva2VuLm9hdXRoMiIsImdyYW50VHlwZXMiOlt7Im5hbWUiOiJwYXNzd29yZCIsImxhYmVsIjoiUmVzb3VyY2UgT3duZXIgR3JhbnQiLCJyZXF1aXJlZCI6ZmFsc2UsImV4Y2x1ZGUiOltdLCJkZXBlbmRzIjpbXX0seyJuYW1lIjoiaW1wbGljaXQiLCJsYWJlbCI6IkltcGxpY2l0IEdyYW50IiwicmVxdWlyZWQiOmZhbHNlLCJleGNsdWRlIjpbXSwiZGVwZW5kcyI6W119LHsibmFtZSI6ImNsaWVudF9jcmVkZW50aWFscyIsImxhYmVsIjoiQ2xpZW50IENyZWRlbnRpYWxzIEdyYW50IiwicmVxdWlyZWQiOmZhbHNlLCJleGNsdWRlIjpbXSwiZGVwZW5kcyI6W119LHsibmFtZSI6ImF1dGhvcml6YXRpb25fY29kZSIsImxhYmVsIjoiQXV0aG9yaXphdGlvbiBDb2RlIEdyYW50IiwicmVxdWlyZWQiOmZhbHNlLCJleGNsdWRlIjpbXSwiZGVwZW5kcyI6W119LHsibmFtZSI6InJlZnJlc2hfdG9rZW4iLCJsYWJlbCI6IlJlZnJlc2ggVG9rZW4iLCJyZXF1aXJlZCI6ZmFsc2UsImV4Y2x1ZGUiOltdLCJkZXBlbmRzIjpbImF1dGhvcml6YXRpb25fY29kZSIsInBhc3N3b3JkIl19XX19LCJpbnRlcmFjdGl2ZUxvZ2luIjp0cnVlLCJ0b2tlbiI6ImEyYzg0ODE1LThjYjgtNGE3Ni1iNmU0LTg4MGM3ZTc2MGNlYiIsImlhdCI6MTQ4NjU4Njc4OCwiYXVkIjoiaHR0cDovL2FwaS1wbGF0Zm9ybS1hcGkvcmVwb3NpdG9yeSIsImlzcyI6Imh0dHA6Ly9hcGktcGxhdGZvcm0tYXBpL3JlcG9zaXRvcnkifQ.YOsto-KJMgjQZxFXe6FFipYd8TIh4P1HIlJ5Tg6a9Ps
				Accept=*/*
				Content-Type=text/plain; charset=UTF-8
Cookies:		&lt;none&gt;
Body:			&lt;none&gt;
Request method:	DELETE
Request path:	https://qax.anypoint.mulesoft.com/apiplatform/repository/v2/organizations/5000db95-c5d4-487f-925e-3f82f15a5499/apis/2053/versions/2161/contracts/30244
Proxy:			&lt;none&gt;
Request params:	&lt;none&gt;
Query params:	&lt;none&gt;
Form params:	&lt;none&gt;
Path params:	&lt;none&gt;
Multiparts:		&lt;none&gt;
Headers:		Authorization=Bearer eyJ0eXAiOiJKV1QiLCJhbGciOiJIUzI1NiJ9.eyJpZCI6IjUwMDAzN2NkLTJjZmQtNGRhNC1iZWQ3LTU3Mzg0ZGViMDYyYiIsImZpcnN0TmFtZSI6IkZlZGVyYXRlZCIsImxhc3ROYW1lIjoiRXh0ZXJuYWwiLCJlbWFpbCI6ImNocmlzdG9waGVyLm1vcmR1ZUBtdWxlc29mdC5jb20iLCJ1c2VybmFtZSI6ImZlZGVyYXRlZF9leHRlcm5hbCIsIm9yZ2FuaXphdGlvbiI6eyJpZCI6IjUwMDBkYjk1LWM1ZDQtNDg3Zi05MjVlLTNmODJmMTVhNTQ5OSIsIm5hbWUiOiJGZWRlcmF0ZWQgSW5jIEV4dGVybmFsIEF1dGhvcml6YXRpb24iLCJkb21haW4iOiJmZWRlcmF0ZWQtZXh0ZXJuYWwiLCJlbnRpdGxlbWVudHMiOnsiaHlicmlkIjp7ImVuYWJsZWQiOmZhbHNlfSwiY3JlYXRlU3ViT3JncyI6dHJ1ZSwidkNvcmVzUHJvZHVjdGlvbiI6eyJhc3NpZ25lZCI6MSwicmVhc3NpZ25lZCI6MH0sInZDb3Jlc1NhbmRib3giOnsiYXNzaWduZWQiOjEsInJlYXNzaWduZWQiOjB9LCJnbG9iYWxEZXBsb3ltZW50IjpmYWxzZSwid29ya2VyTG9nZ2luZ092ZXJyaWRlIjp7ImVuYWJsZWQiOmZhbHNlfSwiZ2F0ZXdheXMiOnsiYXNzaWduZWQiOjB9LCJjcmVhdGVFbnZpcm9ubWVudHMiOnRydWUsInBhcnRuZXJzUHJvZHVjdGlvbiI6eyJhc3NpZ25lZCI6MH0sInBhcnRuZXJzU2FuZGJveCI6eyJhc3NpZ25lZCI6MH0sImF1dG9zY2FsaW5nIjpmYWxzZSwic3RhdGljSXBzIjp7ImFzc2lnbmVkIjowLCJyZWFzc2lnbmVkIjowfSwiYXJtQWxlcnRzIjpmYWxzZSwiYXBpcyI6eyJlbmFibGVkIjp0cnVlfSwibXFNZXNzYWdlcyI6eyJiYXNlIjowLCJhZGRPbiI6MH0sIm1xUmVxdWVzdHMiOnsiYmFzZSI6MCwiYWRkT24iOjB9LCJleHRlcm5hbElkZW50aXR5Ijp0cnVlLCJtcUFkdmFuY2VkRmVhdHVyZXMiOnsiZW5hYmxlZCI6ZmFsc2V9LCJ2cGNzIjp7ImFzc2lnbmVkIjowLCJyZWFzc2lnbmVkIjowfSwiaHlicmlkSW5zaWdodCI6ZmFsc2UsImRlc2lnbkNlbnRlciI6eyJtb3phcnQiOmZhbHNlLCJhcGkiOmZhbHNlfSwib2JqZWN0U3RvcmVSZXF1ZXN0VW5pdHMiOnsiYmFzZSI6MTUwMDAwMDAsImFkZE9uIjowfSwib2JqZWN0U3RvcmVLZXlzIjp7ImJhc2UiOjEwMDAwMCwiYWRkT24iOjB9LCJjYW0iOnsiZW5hYmxlZCI6ZmFsc2V9LCJsb2FkQmFsYW5jZXIiOnsiYXNzaWduZWQiOjAsInJlYXNzaWduZWQiOjB9LCJtZXNzYWdpbmciOnsiYXNzaWduZWQiOjB9fSwiZXh0ZXJuYWxBdXRob3JpemF0aW9uIjp0cnVlLCJleHRlcm5hbEF1dGhvcml6YXRpb25Qcm92aWRlciI6eyJuYW1lIjoiUG9ydGFsIEFwcGxpY2F0aW9uIE1hbmFnZW1lbnQgU3lzdGVtIChQQU1TKSIsInVybCI6Imh0dHBzOi8vd3NneC10ZXN0LmNpc2NvLmNvbS9wYW1zL2x0L2NlcG1TZXJ2aWNlL3YxLjUvbWdyc3J2cyIsInZlcnNpb24iOiIxLjUifSwiaWRlbnRpdHlNYW5hZ2VtZW50Ijp7InR5cGUiOiJQaW5nRmVkZXJhdGUifSwib2F1dGgyU2V0dGluZ3MiOnsiYXV0aG9yaXphdGlvbkdyYW50cyI6WyJjb2RlIiwidG9rZW4iLCJvd25lciIsImNyZWRlbnRpYWxzIl0sImF1dGhvcml6YXRpb25VcmkiOiJodHRwczovL2Nsb3Vkc3NvLXRlc3QuY2lzY28uY29tL2FzL2F1dGhvcml6YXRpb24ub2F1dGgyIiwiYWNjZXNzVG9rZW5VcmkiOiJodHRwczovL2Nsb3Vkc3NvLXRlc3QuY2lzY28uY29tL2FzL3Rva2VuLm9hdXRoMiIsImdyYW50VHlwZXMiOlt7Im5hbWUiOiJwYXNzd29yZCIsImxhYmVsIjoiUmVzb3VyY2UgT3duZXIgR3JhbnQiLCJyZXF1aXJlZCI6ZmFsc2UsImV4Y2x1ZGUiOltdLCJkZXBlbmRzIjpbXX0seyJuYW1lIjoiaW1wbGljaXQiLCJsYWJlbCI6IkltcGxpY2l0IEdyYW50IiwicmVxdWlyZWQiOmZhbHNlLCJleGNsdWRlIjpbXSwiZGVwZW5kcyI6W119LHsibmFtZSI6ImNsaWVudF9jcmVkZW50aWFscyIsImxhYmVsIjoiQ2xpZW50IENyZWRlbnRpYWxzIEdyYW50IiwicmVxdWlyZWQiOmZhbHNlLCJleGNsdWRlIjpbXSwiZGVwZW5kcyI6W119LHsibmFtZSI6ImF1dGhvcml6YXRpb25fY29kZSIsImxhYmVsIjoiQXV0aG9yaXphdGlvbiBDb2RlIEdyYW50IiwicmVxdWlyZWQiOmZhbHNlLCJleGNsdWRlIjpbXSwiZGVwZW5kcyI6W119LHsibmFtZSI6InJlZnJlc2hfdG9rZW4iLCJsYWJlbCI6IlJlZnJlc2ggVG9rZW4iLCJyZXF1aXJlZCI6ZmFsc2UsImV4Y2x1ZGUiOltdLCJkZXBlbmRzIjpbImF1dGhvcml6YXRpb25fY29kZSIsInBhc3N3b3JkIl19XX19LCJpbnRlcmFjdGl2ZUxvZ2luIjp0cnVlLCJ0b2tlbiI6ImEyYzg0ODE1LThjYjgtNGE3Ni1iNmU0LTg4MGM3ZTc2MGNlYiIsImlhdCI6MTQ4NjU4Njc4OCwiYXVkIjoiaHR0cDovL2FwaS1wbGF0Zm9ybS1hcGkvcmVwb3NpdG9yeSIsImlzcyI6Imh0dHA6Ly9hcGktcGxhdGZvcm0tYXBpL3JlcG9zaXRvcnkifQ.YOsto-KJMgjQZxFXe6FFipYd8TIh4P1HIlJ5Tg6a9Ps
				Accept=*/*
				Content-Type=text/plain; charset=UTF-8
Cookies:		&lt;none&gt;
Body:			&lt;none&gt;
Request method:	DELETE
Request path:	https://qax.anypoint.mulesoft.com/apiplatform/repository/v2/organizations/5000db95-c5d4-487f-925e-3f82f15a5499/apis/2053/versions/2161/contracts/30236
Proxy:			&lt;none&gt;
Request params:	&lt;none&gt;
Query params:	&lt;none&gt;
Form params:	&lt;none&gt;
Path params:	&lt;none&gt;
Multiparts:		&lt;none&gt;
Headers:		Authorization=Bearer eyJ0eXAiOiJKV1QiLCJhbGciOiJIUzI1NiJ9.eyJpZCI6IjUwMDAzN2NkLTJjZmQtNGRhNC1iZWQ3LTU3Mzg0ZGViMDYyYiIsImZpcnN0TmFtZSI6IkZlZGVyYXRlZCIsImxhc3ROYW1lIjoiRXh0ZXJuYWwiLCJlbWFpbCI6ImNocmlzdG9waGVyLm1vcmR1ZUBtdWxlc29mdC5jb20iLCJ1c2VybmFtZSI6ImZlZGVyYXRlZF9leHRlcm5hbCIsIm9yZ2FuaXphdGlvbiI6eyJpZCI6IjUwMDBkYjk1LWM1ZDQtNDg3Zi05MjVlLTNmODJmMTVhNTQ5OSIsIm5hbWUiOiJGZWRlcmF0ZWQgSW5jIEV4dGVybmFsIEF1dGhvcml6YXRpb24iLCJkb21haW4iOiJmZWRlcmF0ZWQtZXh0ZXJuYWwiLCJlbnRpdGxlbWVudHMiOnsiaHlicmlkIjp7ImVuYWJsZWQiOmZhbHNlfSwiY3JlYXRlU3ViT3JncyI6dHJ1ZSwidkNvcmVzUHJvZHVjdGlvbiI6eyJhc3NpZ25lZCI6MSwicmVhc3NpZ25lZCI6MH0sInZDb3Jlc1NhbmRib3giOnsiYXNzaWduZWQiOjEsInJlYXNzaWduZWQiOjB9LCJnbG9iYWxEZXBsb3ltZW50IjpmYWxzZSwid29ya2VyTG9nZ2luZ092ZXJyaWRlIjp7ImVuYWJsZWQiOmZhbHNlfSwiZ2F0ZXdheXMiOnsiYXNzaWduZWQiOjB9LCJjcmVhdGVFbnZpcm9ubWVudHMiOnRydWUsInBhcnRuZXJzUHJvZHVjdGlvbiI6eyJhc3NpZ25lZCI6MH0sInBhcnRuZXJzU2FuZGJveCI6eyJhc3NpZ25lZCI6MH0sImF1dG9zY2FsaW5nIjpmYWxzZSwic3RhdGljSXBzIjp7ImFzc2lnbmVkIjowLCJyZWFzc2lnbmVkIjowfSwiYXJtQWxlcnRzIjpmYWxzZSwiYXBpcyI6eyJlbmFibGVkIjp0cnVlfSwibXFNZXNzYWdlcyI6eyJiYXNlIjowLCJhZGRPbiI6MH0sIm1xUmVxdWVzdHMiOnsiYmFzZSI6MCwiYWRkT24iOjB9LCJleHRlcm5hbElkZW50aXR5Ijp0cnVlLCJtcUFkdmFuY2VkRmVhdHVyZXMiOnsiZW5hYmxlZCI6ZmFsc2V9LCJ2cGNzIjp7ImFzc2lnbmVkIjowLCJyZWFzc2lnbmVkIjowfSwiaHlicmlkSW5zaWdodCI6ZmFsc2UsImRlc2lnbkNlbnRlciI6eyJtb3phcnQiOmZhbHNlLCJhcGkiOmZhbHNlfSwib2JqZWN0U3RvcmVSZXF1ZXN0VW5pdHMiOnsiYmFzZSI6MTUwMDAwMDAsImFkZE9uIjowfSwib2JqZWN0U3RvcmVLZXlzIjp7ImJhc2UiOjEwMDAwMCwiYWRkT24iOjB9LCJjYW0iOnsiZW5hYmxlZCI6ZmFsc2V9LCJsb2FkQmFsYW5jZXIiOnsiYXNzaWduZWQiOjAsInJlYXNzaWduZWQiOjB9LCJtZXNzYWdpbmciOnsiYXNzaWduZWQiOjB9fSwiZXh0ZXJuYWxBdXRob3JpemF0aW9uIjp0cnVlLCJleHRlcm5hbEF1dGhvcml6YXRpb25Qcm92aWRlciI6eyJuYW1lIjoiUG9ydGFsIEFwcGxpY2F0aW9uIE1hbmFnZW1lbnQgU3lzdGVtIChQQU1TKSIsInVybCI6Imh0dHBzOi8vd3NneC10ZXN0LmNpc2NvLmNvbS9wYW1zL2x0L2NlcG1TZXJ2aWNlL3YxLjUvbWdyc3J2cyIsInZlcnNpb24iOiIxLjUifSwiaWRlbnRpdHlNYW5hZ2VtZW50Ijp7InR5cGUiOiJQaW5nRmVkZXJhdGUifSwib2F1dGgyU2V0dGluZ3MiOnsiYXV0aG9yaXphdGlvbkdyYW50cyI6WyJjb2RlIiwidG9rZW4iLCJvd25lciIsImNyZWRlbnRpYWxzIl0sImF1dGhvcml6YXRpb25VcmkiOiJodHRwczovL2Nsb3Vkc3NvLXRlc3QuY2lzY28uY29tL2FzL2F1dGhvcml6YXRpb24ub2F1dGgyIiwiYWNjZXNzVG9rZW5VcmkiOiJodHRwczovL2Nsb3Vkc3NvLXRlc3QuY2lzY28uY29tL2FzL3Rva2VuLm9hdXRoMiIsImdyYW50VHlwZXMiOlt7Im5hbWUiOiJwYXNzd29yZCIsImxhYmVsIjoiUmVzb3VyY2UgT3duZXIgR3JhbnQiLCJyZXF1aXJlZCI6ZmFsc2UsImV4Y2x1ZGUiOltdLCJkZXBlbmRzIjpbXX0seyJuYW1lIjoiaW1wbGljaXQiLCJsYWJlbCI6IkltcGxpY2l0IEdyYW50IiwicmVxdWlyZWQiOmZhbHNlLCJleGNsdWRlIjpbXSwiZGVwZW5kcyI6W119LHsibmFtZSI6ImNsaWVudF9jcmVkZW50aWFscyIsImxhYmVsIjoiQ2xpZW50IENyZWRlbnRpYWxzIEdyYW50IiwicmVxdWlyZWQiOmZhbHNlLCJleGNsdWRlIjpbXSwiZGVwZW5kcyI6W119LHsibmFtZSI6ImF1dGhvcml6YXRpb25fY29kZSIsImxhYmVsIjoiQXV0aG9yaXphdGlvbiBDb2RlIEdyYW50IiwicmVxdWlyZWQiOmZhbHNlLCJleGNsdWRlIjpbXSwiZGVwZW5kcyI6W119LHsibmFtZSI6InJlZnJlc2hfdG9rZW4iLCJsYWJlbCI6IlJlZnJlc2ggVG9rZW4iLCJyZXF1aXJlZCI6ZmFsc2UsImV4Y2x1ZGUiOltdLCJkZXBlbmRzIjpbImF1dGhvcml6YXRpb25fY29kZSIsInBhc3N3b3JkIl19XX19LCJpbnRlcmFjdGl2ZUxvZ2luIjp0cnVlLCJ0b2tlbiI6ImEyYzg0ODE1LThjYjgtNGE3Ni1iNmU0LTg4MGM3ZTc2MGNlYiIsImlhdCI6MTQ4NjU4Njc4OCwiYXVkIjoiaHR0cDovL2FwaS1wbGF0Zm9ybS1hcGkvcmVwb3NpdG9yeSIsImlzcyI6Imh0dHA6Ly9hcGktcGxhdGZvcm0tYXBpL3JlcG9zaXRvcnkifQ.YOsto-KJMgjQZxFXe6FFipYd8TIh4P1HIlJ5Tg6a9Ps
				Accept=*/*
				Content-Type=text/plain; charset=UTF-8
Cookies:		&lt;none&gt;
Body:			&lt;none&gt;
Request method:	DELETE
Request path:	https://qax.anypoint.mulesoft.com/apiplatform/repository/v2/organizations/5000db95-c5d4-487f-925e-3f82f15a5499/apis/2053/versions/2161/contracts/30262
Proxy:			&lt;none&gt;
Request params:	&lt;none&gt;
Query params:	&lt;none&gt;
Form params:	&lt;none&gt;
Path params:	&lt;none&gt;
Multiparts:		&lt;none&gt;
Headers:		Authorization=Bearer eyJ0eXAiOiJKV1QiLCJhbGciOiJIUzI1NiJ9.eyJpZCI6IjUwMDAzN2NkLTJjZmQtNGRhNC1iZWQ3LTU3Mzg0ZGViMDYyYiIsImZpcnN0TmFtZSI6IkZlZGVyYXRlZCIsImxhc3ROYW1lIjoiRXh0ZXJuYWwiLCJlbWFpbCI6ImNocmlzdG9waGVyLm1vcmR1ZUBtdWxlc29mdC5jb20iLCJ1c2VybmFtZSI6ImZlZGVyYXRlZF9leHRlcm5hbCIsIm9yZ2FuaXphdGlvbiI6eyJpZCI6IjUwMDBkYjk1LWM1ZDQtNDg3Zi05MjVlLTNmODJmMTVhNTQ5OSIsIm5hbWUiOiJGZWRlcmF0ZWQgSW5jIEV4dGVybmFsIEF1dGhvcml6YXRpb24iLCJkb21haW4iOiJmZWRlcmF0ZWQtZXh0ZXJuYWwiLCJlbnRpdGxlbWVudHMiOnsiaHlicmlkIjp7ImVuYWJsZWQiOmZhbHNlfSwiY3JlYXRlU3ViT3JncyI6dHJ1ZSwidkNvcmVzUHJvZHVjdGlvbiI6eyJhc3NpZ25lZCI6MSwicmVhc3NpZ25lZCI6MH0sInZDb3Jlc1NhbmRib3giOnsiYXNzaWduZWQiOjEsInJlYXNzaWduZWQiOjB9LCJnbG9iYWxEZXBsb3ltZW50IjpmYWxzZSwid29ya2VyTG9nZ2luZ092ZXJyaWRlIjp7ImVuYWJsZWQiOmZhbHNlfSwiZ2F0ZXdheXMiOnsiYXNzaWduZWQiOjB9LCJjcmVhdGVFbnZpcm9ubWVudHMiOnRydWUsInBhcnRuZXJzUHJvZHVjdGlvbiI6eyJhc3NpZ25lZCI6MH0sInBhcnRuZXJzU2FuZGJveCI6eyJhc3NpZ25lZCI6MH0sImF1dG9zY2FsaW5nIjpmYWxzZSwic3RhdGljSXBzIjp7ImFzc2lnbmVkIjowLCJyZWFzc2lnbmVkIjowfSwiYXJtQWxlcnRzIjpmYWxzZSwiYXBpcyI6eyJlbmFibGVkIjp0cnVlfSwibXFNZXNzYWdlcyI6eyJiYXNlIjowLCJhZGRPbiI6MH0sIm1xUmVxdWVzdHMiOnsiYmFzZSI6MCwiYWRkT24iOjB9LCJleHRlcm5hbElkZW50aXR5Ijp0cnVlLCJtcUFkdmFuY2VkRmVhdHVyZXMiOnsiZW5hYmxlZCI6ZmFsc2V9LCJ2cGNzIjp7ImFzc2lnbmVkIjowLCJyZWFzc2lnbmVkIjowfSwiaHlicmlkSW5zaWdodCI6ZmFsc2UsImRlc2lnbkNlbnRlciI6eyJtb3phcnQiOmZhbHNlLCJhcGkiOmZhbHNlfSwib2JqZWN0U3RvcmVSZXF1ZXN0VW5pdHMiOnsiYmFzZSI6MTUwMDAwMDAsImFkZE9uIjowfSwib2JqZWN0U3RvcmVLZXlzIjp7ImJhc2UiOjEwMDAwMCwiYWRkT24iOjB9LCJjYW0iOnsiZW5hYmxlZCI6ZmFsc2V9LCJsb2FkQmFsYW5jZXIiOnsiYXNzaWduZWQiOjAsInJlYXNzaWduZWQiOjB9LCJtZXNzYWdpbmciOnsiYXNzaWduZWQiOjB9fSwiZXh0ZXJuYWxBdXRob3JpemF0aW9uIjp0cnVlLCJleHRlcm5hbEF1dGhvcml6YXRpb25Qcm92aWRlciI6eyJuYW1lIjoiUG9ydGFsIEFwcGxpY2F0aW9uIE1hbmFnZW1lbnQgU3lzdGVtIChQQU1TKSIsInVybCI6Imh0dHBzOi8vd3NneC10ZXN0LmNpc2NvLmNvbS9wYW1zL2x0L2NlcG1TZXJ2aWNlL3YxLjUvbWdyc3J2cyIsInZlcnNpb24iOiIxLjUifSwiaWRlbnRpdHlNYW5hZ2VtZW50Ijp7InR5cGUiOiJQaW5nRmVkZXJhdGUifSwib2F1dGgyU2V0dGluZ3MiOnsiYXV0aG9yaXphdGlvbkdyYW50cyI6WyJjb2RlIiwidG9rZW4iLCJvd25lciIsImNyZWRlbnRpYWxzIl0sImF1dGhvcml6YXRpb25VcmkiOiJodHRwczovL2Nsb3Vkc3NvLXRlc3QuY2lzY28uY29tL2FzL2F1dGhvcml6YXRpb24ub2F1dGgyIiwiYWNjZXNzVG9rZW5VcmkiOiJodHRwczovL2Nsb3Vkc3NvLXRlc3QuY2lzY28uY29tL2FzL3Rva2VuLm9hdXRoMiIsImdyYW50VHlwZXMiOlt7Im5hbWUiOiJwYXNzd29yZCIsImxhYmVsIjoiUmVzb3VyY2UgT3duZXIgR3JhbnQiLCJyZXF1aXJlZCI6ZmFsc2UsImV4Y2x1ZGUiOltdLCJkZXBlbmRzIjpbXX0seyJuYW1lIjoiaW1wbGljaXQiLCJsYWJlbCI6IkltcGxpY2l0IEdyYW50IiwicmVxdWlyZWQiOmZhbHNlLCJleGNsdWRlIjpbXSwiZGVwZW5kcyI6W119LHsibmFtZSI6ImNsaWVudF9jcmVkZW50aWFscyIsImxhYmVsIjoiQ2xpZW50IENyZWRlbnRpYWxzIEdyYW50IiwicmVxdWlyZWQiOmZhbHNlLCJleGNsdWRlIjpbXSwiZGVwZW5kcyI6W119LHsibmFtZSI6ImF1dGhvcml6YXRpb25fY29kZSIsImxhYmVsIjoiQXV0aG9yaXphdGlvbiBDb2RlIEdyYW50IiwicmVxdWlyZWQiOmZhbHNlLCJleGNsdWRlIjpbXSwiZGVwZW5kcyI6W119LHsibmFtZSI6InJlZnJlc2hfdG9rZW4iLCJsYWJlbCI6IlJlZnJlc2ggVG9rZW4iLCJyZXF1aXJlZCI6ZmFsc2UsImV4Y2x1ZGUiOltdLCJkZXBlbmRzIjpbImF1dGhvcml6YXRpb25fY29kZSIsInBhc3N3b3JkIl19XX19LCJpbnRlcmFjdGl2ZUxvZ2luIjp0cnVlLCJ0b2tlbiI6ImEyYzg0ODE1LThjYjgtNGE3Ni1iNmU0LTg4MGM3ZTc2MGNlYiIsImlhdCI6MTQ4NjU4Njc4OCwiYXVkIjoiaHR0cDovL2FwaS1wbGF0Zm9ybS1hcGkvcmVwb3NpdG9yeSIsImlzcyI6Imh0dHA6Ly9hcGktcGxhdGZvcm0tYXBpL3JlcG9zaXRvcnkifQ.YOsto-KJMgjQZxFXe6FFipYd8TIh4P1HIlJ5Tg6a9Ps
				Accept=*/*
				Content-Type=text/plain; charset=UTF-8
Cookies:		&lt;none&gt;
Body:			&lt;none&gt;
Request method:	DELETE
Request path:	https://qax.anypoint.mulesoft.com/apiplatform/repository/v2/organizations/5000db95-c5d4-487f-925e-3f82f15a5499/apis/2053/versions/2161/contracts/30256
Proxy:			&lt;none&gt;
Request params:	&lt;none&gt;
Query params:	&lt;none&gt;
Form params:	&lt;none&gt;
Path params:	&lt;none&gt;
Multiparts:		&lt;none&gt;
Headers:		Authorization=Bearer eyJ0eXAiOiJKV1QiLCJhbGciOiJIUzI1NiJ9.eyJpZCI6IjUwMDAzN2NkLTJjZmQtNGRhNC1iZWQ3LTU3Mzg0ZGViMDYyYiIsImZpcnN0TmFtZSI6IkZlZGVyYXRlZCIsImxhc3ROYW1lIjoiRXh0ZXJuYWwiLCJlbWFpbCI6ImNocmlzdG9waGVyLm1vcmR1ZUBtdWxlc29mdC5jb20iLCJ1c2VybmFtZSI6ImZlZGVyYXRlZF9leHRlcm5hbCIsIm9yZ2FuaXphdGlvbiI6eyJpZCI6IjUwMDBkYjk1LWM1ZDQtNDg3Zi05MjVlLTNmODJmMTVhNTQ5OSIsIm5hbWUiOiJGZWRlcmF0ZWQgSW5jIEV4dGVybmFsIEF1dGhvcml6YXRpb24iLCJkb21haW4iOiJmZWRlcmF0ZWQtZXh0ZXJuYWwiLCJlbnRpdGxlbWVudHMiOnsiaHlicmlkIjp7ImVuYWJsZWQiOmZhbHNlfSwiY3JlYXRlU3ViT3JncyI6dHJ1ZSwidkNvcmVzUHJvZHVjdGlvbiI6eyJhc3NpZ25lZCI6MSwicmVhc3NpZ25lZCI6MH0sInZDb3Jlc1NhbmRib3giOnsiYXNzaWduZWQiOjEsInJlYXNzaWduZWQiOjB9LCJnbG9iYWxEZXBsb3ltZW50IjpmYWxzZSwid29ya2VyTG9nZ2luZ092ZXJyaWRlIjp7ImVuYWJsZWQiOmZhbHNlfSwiZ2F0ZXdheXMiOnsiYXNzaWduZWQiOjB9LCJjcmVhdGVFbnZpcm9ubWVudHMiOnRydWUsInBhcnRuZXJzUHJvZHVjdGlvbiI6eyJhc3NpZ25lZCI6MH0sInBhcnRuZXJzU2FuZGJveCI6eyJhc3NpZ25lZCI6MH0sImF1dG9zY2FsaW5nIjpmYWxzZSwic3RhdGljSXBzIjp7ImFzc2lnbmVkIjowLCJyZWFzc2lnbmVkIjowfSwiYXJtQWxlcnRzIjpmYWxzZSwiYXBpcyI6eyJlbmFibGVkIjp0cnVlfSwibXFNZXNzYWdlcyI6eyJiYXNlIjowLCJhZGRPbiI6MH0sIm1xUmVxdWVzdHMiOnsiYmFzZSI6MCwiYWRkT24iOjB9LCJleHRlcm5hbElkZW50aXR5Ijp0cnVlLCJtcUFkdmFuY2VkRmVhdHVyZXMiOnsiZW5hYmxlZCI6ZmFsc2V9LCJ2cGNzIjp7ImFzc2lnbmVkIjowLCJyZWFzc2lnbmVkIjowfSwiaHlicmlkSW5zaWdodCI6ZmFsc2UsImRlc2lnbkNlbnRlciI6eyJtb3phcnQiOmZhbHNlLCJhcGkiOmZhbHNlfSwib2JqZWN0U3RvcmVSZXF1ZXN0VW5pdHMiOnsiYmFzZSI6MTUwMDAwMDAsImFkZE9uIjowfSwib2JqZWN0U3RvcmVLZXlzIjp7ImJhc2UiOjEwMDAwMCwiYWRkT24iOjB9LCJjYW0iOnsiZW5hYmxlZCI6ZmFsc2V9LCJsb2FkQmFsYW5jZXIiOnsiYXNzaWduZWQiOjAsInJlYXNzaWduZWQiOjB9LCJtZXNzYWdpbmciOnsiYXNzaWduZWQiOjB9fSwiZXh0ZXJuYWxBdXRob3JpemF0aW9uIjp0cnVlLCJleHRlcm5hbEF1dGhvcml6YXRpb25Qcm92aWRlciI6eyJuYW1lIjoiUG9ydGFsIEFwcGxpY2F0aW9uIE1hbmFnZW1lbnQgU3lzdGVtIChQQU1TKSIsInVybCI6Imh0dHBzOi8vd3NneC10ZXN0LmNpc2NvLmNvbS9wYW1zL2x0L2NlcG1TZXJ2aWNlL3YxLjUvbWdyc3J2cyIsInZlcnNpb24iOiIxLjUifSwiaWRlbnRpdHlNYW5hZ2VtZW50Ijp7InR5cGUiOiJQaW5nRmVkZXJhdGUifSwib2F1dGgyU2V0dGluZ3MiOnsiYXV0aG9yaXphdGlvbkdyYW50cyI6WyJjb2RlIiwidG9rZW4iLCJvd25lciIsImNyZWRlbnRpYWxzIl0sImF1dGhvcml6YXRpb25VcmkiOiJodHRwczovL2Nsb3Vkc3NvLXRlc3QuY2lzY28uY29tL2FzL2F1dGhvcml6YXRpb24ub2F1dGgyIiwiYWNjZXNzVG9rZW5VcmkiOiJodHRwczovL2Nsb3Vkc3NvLXRlc3QuY2lzY28uY29tL2FzL3Rva2VuLm9hdXRoMiIsImdyYW50VHlwZXMiOlt7Im5hbWUiOiJwYXNzd29yZCIsImxhYmVsIjoiUmVzb3VyY2UgT3duZXIgR3JhbnQiLCJyZXF1aXJlZCI6ZmFsc2UsImV4Y2x1ZGUiOltdLCJkZXBlbmRzIjpbXX0seyJuYW1lIjoiaW1wbGljaXQiLCJsYWJlbCI6IkltcGxpY2l0IEdyYW50IiwicmVxdWlyZWQiOmZhbHNlLCJleGNsdWRlIjpbXSwiZGVwZW5kcyI6W119LHsibmFtZSI6ImNsaWVudF9jcmVkZW50aWFscyIsImxhYmVsIjoiQ2xpZW50IENyZWRlbnRpYWxzIEdyYW50IiwicmVxdWlyZWQiOmZhbHNlLCJleGNsdWRlIjpbXSwiZGVwZW5kcyI6W119LHsibmFtZSI6ImF1dGhvcml6YXRpb25fY29kZSIsImxhYmVsIjoiQXV0aG9yaXphdGlvbiBDb2RlIEdyYW50IiwicmVxdWlyZWQiOmZhbHNlLCJleGNsdWRlIjpbXSwiZGVwZW5kcyI6W119LHsibmFtZSI6InJlZnJlc2hfdG9rZW4iLCJsYWJlbCI6IlJlZnJlc2ggVG9rZW4iLCJyZXF1aXJlZCI6ZmFsc2UsImV4Y2x1ZGUiOltdLCJkZXBlbmRzIjpbImF1dGhvcml6YXRpb25fY29kZSIsInBhc3N3b3JkIl19XX19LCJpbnRlcmFjdGl2ZUxvZ2luIjp0cnVlLCJ0b2tlbiI6ImEyYzg0ODE1LThjYjgtNGE3Ni1iNmU0LTg4MGM3ZTc2MGNlYiIsImlhdCI6MTQ4NjU4Njc4OCwiYXVkIjoiaHR0cDovL2FwaS1wbGF0Zm9ybS1hcGkvcmVwb3NpdG9yeSIsImlzcyI6Imh0dHA6Ly9hcGktcGxhdGZvcm0tYXBpL3JlcG9zaXRvcnkifQ.YOsto-KJMgjQZxFXe6FFipYd8TIh4P1HIlJ5Tg6a9Ps
				Accept=*/*
				Content-Type=text/plain; charset=UTF-8
Cookies:		&lt;none&gt;
Body:			&lt;none&gt;
Request method:	DELETE
Request path:	https://qax.anypoint.mulesoft.com/apiplatform/repository/v2/organizations/5000db95-c5d4-487f-925e-3f82f15a5499/apis/2053/versions/2161/contracts/30255
Proxy:			&lt;none&gt;
Request params:	&lt;none&gt;
Query params:	&lt;none&gt;
Form params:	&lt;none&gt;
Path params:	&lt;none&gt;
Multiparts:		&lt;none&gt;
Headers:		Authorization=Bearer eyJ0eXAiOiJKV1QiLCJhbGciOiJIUzI1NiJ9.eyJpZCI6IjUwMDAzN2NkLTJjZmQtNGRhNC1iZWQ3LTU3Mzg0ZGViMDYyYiIsImZpcnN0TmFtZSI6IkZlZGVyYXRlZCIsImxhc3ROYW1lIjoiRXh0ZXJuYWwiLCJlbWFpbCI6ImNocmlzdG9waGVyLm1vcmR1ZUBtdWxlc29mdC5jb20iLCJ1c2VybmFtZSI6ImZlZGVyYXRlZF9leHRlcm5hbCIsIm9yZ2FuaXphdGlvbiI6eyJpZCI6IjUwMDBkYjk1LWM1ZDQtNDg3Zi05MjVlLTNmODJmMTVhNTQ5OSIsIm5hbWUiOiJGZWRlcmF0ZWQgSW5jIEV4dGVybmFsIEF1dGhvcml6YXRpb24iLCJkb21haW4iOiJmZWRlcmF0ZWQtZXh0ZXJuYWwiLCJlbnRpdGxlbWVudHMiOnsiaHlicmlkIjp7ImVuYWJsZWQiOmZhbHNlfSwiY3JlYXRlU3ViT3JncyI6dHJ1ZSwidkNvcmVzUHJvZHVjdGlvbiI6eyJhc3NpZ25lZCI6MSwicmVhc3NpZ25lZCI6MH0sInZDb3Jlc1NhbmRib3giOnsiYXNzaWduZWQiOjEsInJlYXNzaWduZWQiOjB9LCJnbG9iYWxEZXBsb3ltZW50IjpmYWxzZSwid29ya2VyTG9nZ2luZ092ZXJyaWRlIjp7ImVuYWJsZWQiOmZhbHNlfSwiZ2F0ZXdheXMiOnsiYXNzaWduZWQiOjB9LCJjcmVhdGVFbnZpcm9ubWVudHMiOnRydWUsInBhcnRuZXJzUHJvZHVjdGlvbiI6eyJhc3NpZ25lZCI6MH0sInBhcnRuZXJzU2FuZGJveCI6eyJhc3NpZ25lZCI6MH0sImF1dG9zY2FsaW5nIjpmYWxzZSwic3RhdGljSXBzIjp7ImFzc2lnbmVkIjowLCJyZWFzc2lnbmVkIjowfSwiYXJtQWxlcnRzIjpmYWxzZSwiYXBpcyI6eyJlbmFibGVkIjp0cnVlfSwibXFNZXNzYWdlcyI6eyJiYXNlIjowLCJhZGRPbiI6MH0sIm1xUmVxdWVzdHMiOnsiYmFzZSI6MCwiYWRkT24iOjB9LCJleHRlcm5hbElkZW50aXR5Ijp0cnVlLCJtcUFkdmFuY2VkRmVhdHVyZXMiOnsiZW5hYmxlZCI6ZmFsc2V9LCJ2cGNzIjp7ImFzc2lnbmVkIjowLCJyZWFzc2lnbmVkIjowfSwiaHlicmlkSW5zaWdodCI6ZmFsc2UsImRlc2lnbkNlbnRlciI6eyJtb3phcnQiOmZhbHNlLCJhcGkiOmZhbHNlfSwib2JqZWN0U3RvcmVSZXF1ZXN0VW5pdHMiOnsiYmFzZSI6MTUwMDAwMDAsImFkZE9uIjowfSwib2JqZWN0U3RvcmVLZXlzIjp7ImJhc2UiOjEwMDAwMCwiYWRkT24iOjB9LCJjYW0iOnsiZW5hYmxlZCI6ZmFsc2V9LCJsb2FkQmFsYW5jZXIiOnsiYXNzaWduZWQiOjAsInJlYXNzaWduZWQiOjB9LCJtZXNzYWdpbmciOnsiYXNzaWduZWQiOjB9fSwiZXh0ZXJuYWxBdXRob3JpemF0aW9uIjp0cnVlLCJleHRlcm5hbEF1dGhvcml6YXRpb25Qcm92aWRlciI6eyJuYW1lIjoiUG9ydGFsIEFwcGxpY2F0aW9uIE1hbmFnZW1lbnQgU3lzdGVtIChQQU1TKSIsInVybCI6Imh0dHBzOi8vd3NneC10ZXN0LmNpc2NvLmNvbS9wYW1zL2x0L2NlcG1TZXJ2aWNlL3YxLjUvbWdyc3J2cyIsInZlcnNpb24iOiIxLjUifSwiaWRlbnRpdHlNYW5hZ2VtZW50Ijp7InR5cGUiOiJQaW5nRmVkZXJhdGUifSwib2F1dGgyU2V0dGluZ3MiOnsiYXV0aG9yaXphdGlvbkdyYW50cyI6WyJjb2RlIiwidG9rZW4iLCJvd25lciIsImNyZWRlbnRpYWxzIl0sImF1dGhvcml6YXRpb25VcmkiOiJodHRwczovL2Nsb3Vkc3NvLXRlc3QuY2lzY28uY29tL2FzL2F1dGhvcml6YXRpb24ub2F1dGgyIiwiYWNjZXNzVG9rZW5VcmkiOiJodHRwczovL2Nsb3Vkc3NvLXRlc3QuY2lzY28uY29tL2FzL3Rva2VuLm9hdXRoMiIsImdyYW50VHlwZXMiOlt7Im5hbWUiOiJwYXNzd29yZCIsImxhYmVsIjoiUmVzb3VyY2UgT3duZXIgR3JhbnQiLCJyZXF1aXJlZCI6ZmFsc2UsImV4Y2x1ZGUiOltdLCJkZXBlbmRzIjpbXX0seyJuYW1lIjoiaW1wbGljaXQiLCJsYWJlbCI6IkltcGxpY2l0IEdyYW50IiwicmVxdWlyZWQiOmZhbHNlLCJleGNsdWRlIjpbXSwiZGVwZW5kcyI6W119LHsibmFtZSI6ImNsaWVudF9jcmVkZW50aWFscyIsImxhYmVsIjoiQ2xpZW50IENyZWRlbnRpYWxzIEdyYW50IiwicmVxdWlyZWQiOmZhbHNlLCJleGNsdWRlIjpbXSwiZGVwZW5kcyI6W119LHsibmFtZSI6ImF1dGhvcml6YXRpb25fY29kZSIsImxhYmVsIjoiQXV0aG9yaXphdGlvbiBDb2RlIEdyYW50IiwicmVxdWlyZWQiOmZhbHNlLCJleGNsdWRlIjpbXSwiZGVwZW5kcyI6W119LHsibmFtZSI6InJlZnJlc2hfdG9rZW4iLCJsYWJlbCI6IlJlZnJlc2ggVG9rZW4iLCJyZXF1aXJlZCI6ZmFsc2UsImV4Y2x1ZGUiOltdLCJkZXBlbmRzIjpbImF1dGhvcml6YXRpb25fY29kZSIsInBhc3N3b3JkIl19XX19LCJpbnRlcmFjdGl2ZUxvZ2luIjp0cnVlLCJ0b2tlbiI6ImEyYzg0ODE1LThjYjgtNGE3Ni1iNmU0LTg4MGM3ZTc2MGNlYiIsImlhdCI6MTQ4NjU4Njc4OCwiYXVkIjoiaHR0cDovL2FwaS1wbGF0Zm9ybS1hcGkvcmVwb3NpdG9yeSIsImlzcyI6Imh0dHA6Ly9hcGktcGxhdGZvcm0tYXBpL3JlcG9zaXRvcnkifQ.YOsto-KJMgjQZxFXe6FFipYd8TIh4P1HIlJ5Tg6a9Ps
				Accept=*/*
				Content-Type=text/plain; charset=UTF-8
Cookies:		&lt;none&gt;
Body:			&lt;none&gt;
Request method:	DELETE
Request path:	https://qax.anypoint.mulesoft.com/apiplatform/repository/v2/organizations/5000db95-c5d4-487f-925e-3f82f15a5499/apis/2053/versions/2161/contracts/30228
Proxy:			&lt;none&gt;
Request params:	&lt;none&gt;
Query params:	&lt;none&gt;
Form params:	&lt;none&gt;
Path params:	&lt;none&gt;
Multiparts:		&lt;none&gt;
Headers:		Authorization=Bearer eyJ0eXAiOiJKV1QiLCJhbGciOiJIUzI1NiJ9.eyJpZCI6IjUwMDAzN2NkLTJjZmQtNGRhNC1iZWQ3LTU3Mzg0ZGViMDYyYiIsImZpcnN0TmFtZSI6IkZlZGVyYXRlZCIsImxhc3ROYW1lIjoiRXh0ZXJuYWwiLCJlbWFpbCI6ImNocmlzdG9waGVyLm1vcmR1ZUBtdWxlc29mdC5jb20iLCJ1c2VybmFtZSI6ImZlZGVyYXRlZF9leHRlcm5hbCIsIm9yZ2FuaXphdGlvbiI6eyJpZCI6IjUwMDBkYjk1LWM1ZDQtNDg3Zi05MjVlLTNmODJmMTVhNTQ5OSIsIm5hbWUiOiJGZWRlcmF0ZWQgSW5jIEV4dGVybmFsIEF1dGhvcml6YXRpb24iLCJkb21haW4iOiJmZWRlcmF0ZWQtZXh0ZXJuYWwiLCJlbnRpdGxlbWVudHMiOnsiaHlicmlkIjp7ImVuYWJsZWQiOmZhbHNlfSwiY3JlYXRlU3ViT3JncyI6dHJ1ZSwidkNvcmVzUHJvZHVjdGlvbiI6eyJhc3NpZ25lZCI6MSwicmVhc3NpZ25lZCI6MH0sInZDb3Jlc1NhbmRib3giOnsiYXNzaWduZWQiOjEsInJlYXNzaWduZWQiOjB9LCJnbG9iYWxEZXBsb3ltZW50IjpmYWxzZSwid29ya2VyTG9nZ2luZ092ZXJyaWRlIjp7ImVuYWJsZWQiOmZhbHNlfSwiZ2F0ZXdheXMiOnsiYXNzaWduZWQiOjB9LCJjcmVhdGVFbnZpcm9ubWVudHMiOnRydWUsInBhcnRuZXJzUHJvZHVjdGlvbiI6eyJhc3NpZ25lZCI6MH0sInBhcnRuZXJzU2FuZGJveCI6eyJhc3NpZ25lZCI6MH0sImF1dG9zY2FsaW5nIjpmYWxzZSwic3RhdGljSXBzIjp7ImFzc2lnbmVkIjowLCJyZWFzc2lnbmVkIjowfSwiYXJtQWxlcnRzIjpmYWxzZSwiYXBpcyI6eyJlbmFibGVkIjp0cnVlfSwibXFNZXNzYWdlcyI6eyJiYXNlIjowLCJhZGRPbiI6MH0sIm1xUmVxdWVzdHMiOnsiYmFzZSI6MCwiYWRkT24iOjB9LCJleHRlcm5hbElkZW50aXR5Ijp0cnVlLCJtcUFkdmFuY2VkRmVhdHVyZXMiOnsiZW5hYmxlZCI6ZmFsc2V9LCJ2cGNzIjp7ImFzc2lnbmVkIjowLCJyZWFzc2lnbmVkIjowfSwiaHlicmlkSW5zaWdodCI6ZmFsc2UsImRlc2lnbkNlbnRlciI6eyJtb3phcnQiOmZhbHNlLCJhcGkiOmZhbHNlfSwib2JqZWN0U3RvcmVSZXF1ZXN0VW5pdHMiOnsiYmFzZSI6MTUwMDAwMDAsImFkZE9uIjowfSwib2JqZWN0U3RvcmVLZXlzIjp7ImJhc2UiOjEwMDAwMCwiYWRkT24iOjB9LCJjYW0iOnsiZW5hYmxlZCI6ZmFsc2V9LCJsb2FkQmFsYW5jZXIiOnsiYXNzaWduZWQiOjAsInJlYXNzaWduZWQiOjB9LCJtZXNzYWdpbmciOnsiYXNzaWduZWQiOjB9fSwiZXh0ZXJuYWxBdXRob3JpemF0aW9uIjp0cnVlLCJleHRlcm5hbEF1dGhvcml6YXRpb25Qcm92aWRlciI6eyJuYW1lIjoiUG9ydGFsIEFwcGxpY2F0aW9uIE1hbmFnZW1lbnQgU3lzdGVtIChQQU1TKSIsInVybCI6Imh0dHBzOi8vd3NneC10ZXN0LmNpc2NvLmNvbS9wYW1zL2x0L2NlcG1TZXJ2aWNlL3YxLjUvbWdyc3J2cyIsInZlcnNpb24iOiIxLjUifSwiaWRlbnRpdHlNYW5hZ2VtZW50Ijp7InR5cGUiOiJQaW5nRmVkZXJhdGUifSwib2F1dGgyU2V0dGluZ3MiOnsiYXV0aG9yaXphdGlvbkdyYW50cyI6WyJjb2RlIiwidG9rZW4iLCJvd25lciIsImNyZWRlbnRpYWxzIl0sImF1dGhvcml6YXRpb25VcmkiOiJodHRwczovL2Nsb3Vkc3NvLXRlc3QuY2lzY28uY29tL2FzL2F1dGhvcml6YXRpb24ub2F1dGgyIiwiYWNjZXNzVG9rZW5VcmkiOiJodHRwczovL2Nsb3Vkc3NvLXRlc3QuY2lzY28uY29tL2FzL3Rva2VuLm9hdXRoMiIsImdyYW50VHlwZXMiOlt7Im5hbWUiOiJwYXNzd29yZCIsImxhYmVsIjoiUmVzb3VyY2UgT3duZXIgR3JhbnQiLCJyZXF1aXJlZCI6ZmFsc2UsImV4Y2x1ZGUiOltdLCJkZXBlbmRzIjpbXX0seyJuYW1lIjoiaW1wbGljaXQiLCJsYWJlbCI6IkltcGxpY2l0IEdyYW50IiwicmVxdWlyZWQiOmZhbHNlLCJleGNsdWRlIjpbXSwiZGVwZW5kcyI6W119LHsibmFtZSI6ImNsaWVudF9jcmVkZW50aWFscyIsImxhYmVsIjoiQ2xpZW50IENyZWRlbnRpYWxzIEdyYW50IiwicmVxdWlyZWQiOmZhbHNlLCJleGNsdWRlIjpbXSwiZGVwZW5kcyI6W119LHsibmFtZSI6ImF1dGhvcml6YXRpb25fY29kZSIsImxhYmVsIjoiQXV0aG9yaXphdGlvbiBDb2RlIEdyYW50IiwicmVxdWlyZWQiOmZhbHNlLCJleGNsdWRlIjpbXSwiZGVwZW5kcyI6W119LHsibmFtZSI6InJlZnJlc2hfdG9rZW4iLCJsYWJlbCI6IlJlZnJlc2ggVG9rZW4iLCJyZXF1aXJlZCI6ZmFsc2UsImV4Y2x1ZGUiOltdLCJkZXBlbmRzIjpbImF1dGhvcml6YXRpb25fY29kZSIsInBhc3N3b3JkIl19XX19LCJpbnRlcmFjdGl2ZUxvZ2luIjp0cnVlLCJ0b2tlbiI6ImEyYzg0ODE1LThjYjgtNGE3Ni1iNmU0LTg4MGM3ZTc2MGNlYiIsImlhdCI6MTQ4NjU4Njc4OCwiYXVkIjoiaHR0cDovL2FwaS1wbGF0Zm9ybS1hcGkvcmVwb3NpdG9yeSIsImlzcyI6Imh0dHA6Ly9hcGktcGxhdGZvcm0tYXBpL3JlcG9zaXRvcnkifQ.YOsto-KJMgjQZxFXe6FFipYd8TIh4P1HIlJ5Tg6a9Ps
				Accept=*/*
				Content-Type=text/plain; charset=UTF-8
Cookies:		&lt;none&gt;
Body:			&lt;none&gt;
Request method:	DELETE
Request path:	https://qax.anypoint.mulesoft.com/apiplatform/repository/v2/organizations/5000db95-c5d4-487f-925e-3f82f15a5499/apis/2053/versions/2161/contracts/30278
Proxy:			&lt;none&gt;
Request params:	&lt;none&gt;
Query params:	&lt;none&gt;
Form params:	&lt;none&gt;
Path params:	&lt;none&gt;
Multiparts:		&lt;none&gt;
Headers:		Authorization=Bearer eyJ0eXAiOiJKV1QiLCJhbGciOiJIUzI1NiJ9.eyJpZCI6IjUwMDAzN2NkLTJjZmQtNGRhNC1iZWQ3LTU3Mzg0ZGViMDYyYiIsImZpcnN0TmFtZSI6IkZlZGVyYXRlZCIsImxhc3ROYW1lIjoiRXh0ZXJuYWwiLCJlbWFpbCI6ImNocmlzdG9waGVyLm1vcmR1ZUBtdWxlc29mdC5jb20iLCJ1c2VybmFtZSI6ImZlZGVyYXRlZF9leHRlcm5hbCIsIm9yZ2FuaXphdGlvbiI6eyJpZCI6IjUwMDBkYjk1LWM1ZDQtNDg3Zi05MjVlLTNmODJmMTVhNTQ5OSIsIm5hbWUiOiJGZWRlcmF0ZWQgSW5jIEV4dGVybmFsIEF1dGhvcml6YXRpb24iLCJkb21haW4iOiJmZWRlcmF0ZWQtZXh0ZXJuYWwiLCJlbnRpdGxlbWVudHMiOnsiaHlicmlkIjp7ImVuYWJsZWQiOmZhbHNlfSwiY3JlYXRlU3ViT3JncyI6dHJ1ZSwidkNvcmVzUHJvZHVjdGlvbiI6eyJhc3NpZ25lZCI6MSwicmVhc3NpZ25lZCI6MH0sInZDb3Jlc1NhbmRib3giOnsiYXNzaWduZWQiOjEsInJlYXNzaWduZWQiOjB9LCJnbG9iYWxEZXBsb3ltZW50IjpmYWxzZSwid29ya2VyTG9nZ2luZ092ZXJyaWRlIjp7ImVuYWJsZWQiOmZhbHNlfSwiZ2F0ZXdheXMiOnsiYXNzaWduZWQiOjB9LCJjcmVhdGVFbnZpcm9ubWVudHMiOnRydWUsInBhcnRuZXJzUHJvZHVjdGlvbiI6eyJhc3NpZ25lZCI6MH0sInBhcnRuZXJzU2FuZGJveCI6eyJhc3NpZ25lZCI6MH0sImF1dG9zY2FsaW5nIjpmYWxzZSwic3RhdGljSXBzIjp7ImFzc2lnbmVkIjowLCJyZWFzc2lnbmVkIjowfSwiYXJtQWxlcnRzIjpmYWxzZSwiYXBpcyI6eyJlbmFibGVkIjp0cnVlfSwibXFNZXNzYWdlcyI6eyJiYXNlIjowLCJhZGRPbiI6MH0sIm1xUmVxdWVzdHMiOnsiYmFzZSI6MCwiYWRkT24iOjB9LCJleHRlcm5hbElkZW50aXR5Ijp0cnVlLCJtcUFkdmFuY2VkRmVhdHVyZXMiOnsiZW5hYmxlZCI6ZmFsc2V9LCJ2cGNzIjp7ImFzc2lnbmVkIjowLCJyZWFzc2lnbmVkIjowfSwiaHlicmlkSW5zaWdodCI6ZmFsc2UsImRlc2lnbkNlbnRlciI6eyJtb3phcnQiOmZhbHNlLCJhcGkiOmZhbHNlfSwib2JqZWN0U3RvcmVSZXF1ZXN0VW5pdHMiOnsiYmFzZSI6MTUwMDAwMDAsImFkZE9uIjowfSwib2JqZWN0U3RvcmVLZXlzIjp7ImJhc2UiOjEwMDAwMCwiYWRkT24iOjB9LCJjYW0iOnsiZW5hYmxlZCI6ZmFsc2V9LCJsb2FkQmFsYW5jZXIiOnsiYXNzaWduZWQiOjAsInJlYXNzaWduZWQiOjB9LCJtZXNzYWdpbmciOnsiYXNzaWduZWQiOjB9fSwiZXh0ZXJuYWxBdXRob3JpemF0aW9uIjp0cnVlLCJleHRlcm5hbEF1dGhvcml6YXRpb25Qcm92aWRlciI6eyJuYW1lIjoiUG9ydGFsIEFwcGxpY2F0aW9uIE1hbmFnZW1lbnQgU3lzdGVtIChQQU1TKSIsInVybCI6Imh0dHBzOi8vd3NneC10ZXN0LmNpc2NvLmNvbS9wYW1zL2x0L2NlcG1TZXJ2aWNlL3YxLjUvbWdyc3J2cyIsInZlcnNpb24iOiIxLjUifSwiaWRlbnRpdHlNYW5hZ2VtZW50Ijp7InR5cGUiOiJQaW5nRmVkZXJhdGUifSwib2F1dGgyU2V0dGluZ3MiOnsiYXV0aG9yaXphdGlvbkdyYW50cyI6WyJjb2RlIiwidG9rZW4iLCJvd25lciIsImNyZWRlbnRpYWxzIl0sImF1dGhvcml6YXRpb25VcmkiOiJodHRwczovL2Nsb3Vkc3NvLXRlc3QuY2lzY28uY29tL2FzL2F1dGhvcml6YXRpb24ub2F1dGgyIiwiYWNjZXNzVG9rZW5VcmkiOiJodHRwczovL2Nsb3Vkc3NvLXRlc3QuY2lzY28uY29tL2FzL3Rva2VuLm9hdXRoMiIsImdyYW50VHlwZXMiOlt7Im5hbWUiOiJwYXNzd29yZCIsImxhYmVsIjoiUmVzb3VyY2UgT3duZXIgR3JhbnQiLCJyZXF1aXJlZCI6ZmFsc2UsImV4Y2x1ZGUiOltdLCJkZXBlbmRzIjpbXX0seyJuYW1lIjoiaW1wbGljaXQiLCJsYWJlbCI6IkltcGxpY2l0IEdyYW50IiwicmVxdWlyZWQiOmZhbHNlLCJleGNsdWRlIjpbXSwiZGVwZW5kcyI6W119LHsibmFtZSI6ImNsaWVudF9jcmVkZW50aWFscyIsImxhYmVsIjoiQ2xpZW50IENyZWRlbnRpYWxzIEdyYW50IiwicmVxdWlyZWQiOmZhbHNlLCJleGNsdWRlIjpbXSwiZGVwZW5kcyI6W119LHsibmFtZSI6ImF1dGhvcml6YXRpb25fY29kZSIsImxhYmVsIjoiQXV0aG9yaXphdGlvbiBDb2RlIEdyYW50IiwicmVxdWlyZWQiOmZhbHNlLCJleGNsdWRlIjpbXSwiZGVwZW5kcyI6W119LHsibmFtZSI6InJlZnJlc2hfdG9rZW4iLCJsYWJlbCI6IlJlZnJlc2ggVG9rZW4iLCJyZXF1aXJlZCI6ZmFsc2UsImV4Y2x1ZGUiOltdLCJkZXBlbmRzIjpbImF1dGhvcml6YXRpb25fY29kZSIsInBhc3N3b3JkIl19XX19LCJpbnRlcmFjdGl2ZUxvZ2luIjp0cnVlLCJ0b2tlbiI6ImEyYzg0ODE1LThjYjgtNGE3Ni1iNmU0LTg4MGM3ZTc2MGNlYiIsImlhdCI6MTQ4NjU4Njc4OCwiYXVkIjoiaHR0cDovL2FwaS1wbGF0Zm9ybS1hcGkvcmVwb3NpdG9yeSIsImlzcyI6Imh0dHA6Ly9hcGktcGxhdGZvcm0tYXBpL3JlcG9zaXRvcnkifQ.YOsto-KJMgjQZxFXe6FFipYd8TIh4P1HIlJ5Tg6a9Ps
				Accept=*/*
				Content-Type=text/plain; charset=UTF-8
Cookies:		&lt;none&gt;
Body:			&lt;none&gt;
Request method:	DELETE
Request path:	https://qax.anypoint.mulesoft.com/apiplatform/repository/v2/organizations/5000db95-c5d4-487f-925e-3f82f15a5499/apis/2053/versions/2161/contracts/30199
Proxy:			&lt;none&gt;
Request params:	&lt;none&gt;
Query params:	&lt;none&gt;
Form params:	&lt;none&gt;
Path params:	&lt;none&gt;
Multiparts:		&lt;none&gt;
Headers:		Authorization=Bearer eyJ0eXAiOiJKV1QiLCJhbGciOiJIUzI1NiJ9.eyJpZCI6IjUwMDAzN2NkLTJjZmQtNGRhNC1iZWQ3LTU3Mzg0ZGViMDYyYiIsImZpcnN0TmFtZSI6IkZlZGVyYXRlZCIsImxhc3ROYW1lIjoiRXh0ZXJuYWwiLCJlbWFpbCI6ImNocmlzdG9waGVyLm1vcmR1ZUBtdWxlc29mdC5jb20iLCJ1c2VybmFtZSI6ImZlZGVyYXRlZF9leHRlcm5hbCIsIm9yZ2FuaXphdGlvbiI6eyJpZCI6IjUwMDBkYjk1LWM1ZDQtNDg3Zi05MjVlLTNmODJmMTVhNTQ5OSIsIm5hbWUiOiJGZWRlcmF0ZWQgSW5jIEV4dGVybmFsIEF1dGhvcml6YXRpb24iLCJkb21haW4iOiJmZWRlcmF0ZWQtZXh0ZXJuYWwiLCJlbnRpdGxlbWVudHMiOnsiaHlicmlkIjp7ImVuYWJsZWQiOmZhbHNlfSwiY3JlYXRlU3ViT3JncyI6dHJ1ZSwidkNvcmVzUHJvZHVjdGlvbiI6eyJhc3NpZ25lZCI6MSwicmVhc3NpZ25lZCI6MH0sInZDb3Jlc1NhbmRib3giOnsiYXNzaWduZWQiOjEsInJlYXNzaWduZWQiOjB9LCJnbG9iYWxEZXBsb3ltZW50IjpmYWxzZSwid29ya2VyTG9nZ2luZ092ZXJyaWRlIjp7ImVuYWJsZWQiOmZhbHNlfSwiZ2F0ZXdheXMiOnsiYXNzaWduZWQiOjB9LCJjcmVhdGVFbnZpcm9ubWVudHMiOnRydWUsInBhcnRuZXJzUHJvZHVjdGlvbiI6eyJhc3NpZ25lZCI6MH0sInBhcnRuZXJzU2FuZGJveCI6eyJhc3NpZ25lZCI6MH0sImF1dG9zY2FsaW5nIjpmYWxzZSwic3RhdGljSXBzIjp7ImFzc2lnbmVkIjowLCJyZWFzc2lnbmVkIjowfSwiYXJtQWxlcnRzIjpmYWxzZSwiYXBpcyI6eyJlbmFibGVkIjp0cnVlfSwibXFNZXNzYWdlcyI6eyJiYXNlIjowLCJhZGRPbiI6MH0sIm1xUmVxdWVzdHMiOnsiYmFzZSI6MCwiYWRkT24iOjB9LCJleHRlcm5hbElkZW50aXR5Ijp0cnVlLCJtcUFkdmFuY2VkRmVhdHVyZXMiOnsiZW5hYmxlZCI6ZmFsc2V9LCJ2cGNzIjp7ImFzc2lnbmVkIjowLCJyZWFzc2lnbmVkIjowfSwiaHlicmlkSW5zaWdodCI6ZmFsc2UsImRlc2lnbkNlbnRlciI6eyJtb3phcnQiOmZhbHNlLCJhcGkiOmZhbHNlfSwib2JqZWN0U3RvcmVSZXF1ZXN0VW5pdHMiOnsiYmFzZSI6MTUwMDAwMDAsImFkZE9uIjowfSwib2JqZWN0U3RvcmVLZXlzIjp7ImJhc2UiOjEwMDAwMCwiYWRkT24iOjB9LCJjYW0iOnsiZW5hYmxlZCI6ZmFsc2V9LCJsb2FkQmFsYW5jZXIiOnsiYXNzaWduZWQiOjAsInJlYXNzaWduZWQiOjB9LCJtZXNzYWdpbmciOnsiYXNzaWduZWQiOjB9fSwiZXh0ZXJuYWxBdXRob3JpemF0aW9uIjp0cnVlLCJleHRlcm5hbEF1dGhvcml6YXRpb25Qcm92aWRlciI6eyJuYW1lIjoiUG9ydGFsIEFwcGxpY2F0aW9uIE1hbmFnZW1lbnQgU3lzdGVtIChQQU1TKSIsInVybCI6Imh0dHBzOi8vd3NneC10ZXN0LmNpc2NvLmNvbS9wYW1zL2x0L2NlcG1TZXJ2aWNlL3YxLjUvbWdyc3J2cyIsInZlcnNpb24iOiIxLjUifSwiaWRlbnRpdHlNYW5hZ2VtZW50Ijp7InR5cGUiOiJQaW5nRmVkZXJhdGUifSwib2F1dGgyU2V0dGluZ3MiOnsiYXV0aG9yaXphdGlvbkdyYW50cyI6WyJjb2RlIiwidG9rZW4iLCJvd25lciIsImNyZWRlbnRpYWxzIl0sImF1dGhvcml6YXRpb25VcmkiOiJodHRwczovL2Nsb3Vkc3NvLXRlc3QuY2lzY28uY29tL2FzL2F1dGhvcml6YXRpb24ub2F1dGgyIiwiYWNjZXNzVG9rZW5VcmkiOiJodHRwczovL2Nsb3Vkc3NvLXRlc3QuY2lzY28uY29tL2FzL3Rva2VuLm9hdXRoMiIsImdyYW50VHlwZXMiOlt7Im5hbWUiOiJwYXNzd29yZCIsImxhYmVsIjoiUmVzb3VyY2UgT3duZXIgR3JhbnQiLCJyZXF1aXJlZCI6ZmFsc2UsImV4Y2x1ZGUiOltdLCJkZXBlbmRzIjpbXX0seyJuYW1lIjoiaW1wbGljaXQiLCJsYWJlbCI6IkltcGxpY2l0IEdyYW50IiwicmVxdWlyZWQiOmZhbHNlLCJleGNsdWRlIjpbXSwiZGVwZW5kcyI6W119LHsibmFtZSI6ImNsaWVudF9jcmVkZW50aWFscyIsImxhYmVsIjoiQ2xpZW50IENyZWRlbnRpYWxzIEdyYW50IiwicmVxdWlyZWQiOmZhbHNlLCJleGNsdWRlIjpbXSwiZGVwZW5kcyI6W119LHsibmFtZSI6ImF1dGhvcml6YXRpb25fY29kZSIsImxhYmVsIjoiQXV0aG9yaXphdGlvbiBDb2RlIEdyYW50IiwicmVxdWlyZWQiOmZhbHNlLCJleGNsdWRlIjpbXSwiZGVwZW5kcyI6W119LHsibmFtZSI6InJlZnJlc2hfdG9rZW4iLCJsYWJlbCI6IlJlZnJlc2ggVG9rZW4iLCJyZXF1aXJlZCI6ZmFsc2UsImV4Y2x1ZGUiOltdLCJkZXBlbmRzIjpbImF1dGhvcml6YXRpb25fY29kZSIsInBhc3N3b3JkIl19XX19LCJpbnRlcmFjdGl2ZUxvZ2luIjp0cnVlLCJ0b2tlbiI6ImEyYzg0ODE1LThjYjgtNGE3Ni1iNmU0LTg4MGM3ZTc2MGNlYiIsImlhdCI6MTQ4NjU4Njc4OCwiYXVkIjoiaHR0cDovL2FwaS1wbGF0Zm9ybS1hcGkvcmVwb3NpdG9yeSIsImlzcyI6Imh0dHA6Ly9hcGktcGxhdGZvcm0tYXBpL3JlcG9zaXRvcnkifQ.YOsto-KJMgjQZxFXe6FFipYd8TIh4P1HIlJ5Tg6a9Ps
				Accept=*/*
				Content-Type=text/plain; charset=UTF-8
Cookies:		&lt;none&gt;
Body:			&lt;none&gt;
Request method:	DELETE
Request path:	https://qax.anypoint.mulesoft.com/apiplatform/repository/v2/organizations/5000db95-c5d4-487f-925e-3f82f15a5499/apis/2053/versions/2161/contracts/30248
Proxy:			&lt;none&gt;
Request params:	&lt;none&gt;
Query params:	&lt;none&gt;
Form params:	&lt;none&gt;
Path params:	&lt;none&gt;
Multiparts:		&lt;none&gt;
Headers:		Authorization=Bearer eyJ0eXAiOiJKV1QiLCJhbGciOiJIUzI1NiJ9.eyJpZCI6IjUwMDAzN2NkLTJjZmQtNGRhNC1iZWQ3LTU3Mzg0ZGViMDYyYiIsImZpcnN0TmFtZSI6IkZlZGVyYXRlZCIsImxhc3ROYW1lIjoiRXh0ZXJuYWwiLCJlbWFpbCI6ImNocmlzdG9waGVyLm1vcmR1ZUBtdWxlc29mdC5jb20iLCJ1c2VybmFtZSI6ImZlZGVyYXRlZF9leHRlcm5hbCIsIm9yZ2FuaXphdGlvbiI6eyJpZCI6IjUwMDBkYjk1LWM1ZDQtNDg3Zi05MjVlLTNmODJmMTVhNTQ5OSIsIm5hbWUiOiJGZWRlcmF0ZWQgSW5jIEV4dGVybmFsIEF1dGhvcml6YXRpb24iLCJkb21haW4iOiJmZWRlcmF0ZWQtZXh0ZXJuYWwiLCJlbnRpdGxlbWVudHMiOnsiaHlicmlkIjp7ImVuYWJsZWQiOmZhbHNlfSwiY3JlYXRlU3ViT3JncyI6dHJ1ZSwidkNvcmVzUHJvZHVjdGlvbiI6eyJhc3NpZ25lZCI6MSwicmVhc3NpZ25lZCI6MH0sInZDb3Jlc1NhbmRib3giOnsiYXNzaWduZWQiOjEsInJlYXNzaWduZWQiOjB9LCJnbG9iYWxEZXBsb3ltZW50IjpmYWxzZSwid29ya2VyTG9nZ2luZ092ZXJyaWRlIjp7ImVuYWJsZWQiOmZhbHNlfSwiZ2F0ZXdheXMiOnsiYXNzaWduZWQiOjB9LCJjcmVhdGVFbnZpcm9ubWVudHMiOnRydWUsInBhcnRuZXJzUHJvZHVjdGlvbiI6eyJhc3NpZ25lZCI6MH0sInBhcnRuZXJzU2FuZGJveCI6eyJhc3NpZ25lZCI6MH0sImF1dG9zY2FsaW5nIjpmYWxzZSwic3RhdGljSXBzIjp7ImFzc2lnbmVkIjowLCJyZWFzc2lnbmVkIjowfSwiYXJtQWxlcnRzIjpmYWxzZSwiYXBpcyI6eyJlbmFibGVkIjp0cnVlfSwibXFNZXNzYWdlcyI6eyJiYXNlIjowLCJhZGRPbiI6MH0sIm1xUmVxdWVzdHMiOnsiYmFzZSI6MCwiYWRkT24iOjB9LCJleHRlcm5hbElkZW50aXR5Ijp0cnVlLCJtcUFkdmFuY2VkRmVhdHVyZXMiOnsiZW5hYmxlZCI6ZmFsc2V9LCJ2cGNzIjp7ImFzc2lnbmVkIjowLCJyZWFzc2lnbmVkIjowfSwiaHlicmlkSW5zaWdodCI6ZmFsc2UsImRlc2lnbkNlbnRlciI6eyJtb3phcnQiOmZhbHNlLCJhcGkiOmZhbHNlfSwib2JqZWN0U3RvcmVSZXF1ZXN0VW5pdHMiOnsiYmFzZSI6MTUwMDAwMDAsImFkZE9uIjowfSwib2JqZWN0U3RvcmVLZXlzIjp7ImJhc2UiOjEwMDAwMCwiYWRkT24iOjB9LCJjYW0iOnsiZW5hYmxlZCI6ZmFsc2V9LCJsb2FkQmFsYW5jZXIiOnsiYXNzaWduZWQiOjAsInJlYXNzaWduZWQiOjB9LCJtZXNzYWdpbmciOnsiYXNzaWduZWQiOjB9fSwiZXh0ZXJuYWxBdXRob3JpemF0aW9uIjp0cnVlLCJleHRlcm5hbEF1dGhvcml6YXRpb25Qcm92aWRlciI6eyJuYW1lIjoiUG9ydGFsIEFwcGxpY2F0aW9uIE1hbmFnZW1lbnQgU3lzdGVtIChQQU1TKSIsInVybCI6Imh0dHBzOi8vd3NneC10ZXN0LmNpc2NvLmNvbS9wYW1zL2x0L2NlcG1TZXJ2aWNlL3YxLjUvbWdyc3J2cyIsInZlcnNpb24iOiIxLjUifSwiaWRlbnRpdHlNYW5hZ2VtZW50Ijp7InR5cGUiOiJQaW5nRmVkZXJhdGUifSwib2F1dGgyU2V0dGluZ3MiOnsiYXV0aG9yaXphdGlvbkdyYW50cyI6WyJjb2RlIiwidG9rZW4iLCJvd25lciIsImNyZWRlbnRpYWxzIl0sImF1dGhvcml6YXRpb25VcmkiOiJodHRwczovL2Nsb3Vkc3NvLXRlc3QuY2lzY28uY29tL2FzL2F1dGhvcml6YXRpb24ub2F1dGgyIiwiYWNjZXNzVG9rZW5VcmkiOiJodHRwczovL2Nsb3Vkc3NvLXRlc3QuY2lzY28uY29tL2FzL3Rva2VuLm9hdXRoMiIsImdyYW50VHlwZXMiOlt7Im5hbWUiOiJwYXNzd29yZCIsImxhYmVsIjoiUmVzb3VyY2UgT3duZXIgR3JhbnQiLCJyZXF1aXJlZCI6ZmFsc2UsImV4Y2x1ZGUiOltdLCJkZXBlbmRzIjpbXX0seyJuYW1lIjoiaW1wbGljaXQiLCJsYWJlbCI6IkltcGxpY2l0IEdyYW50IiwicmVxdWlyZWQiOmZhbHNlLCJleGNsdWRlIjpbXSwiZGVwZW5kcyI6W119LHsibmFtZSI6ImNsaWVudF9jcmVkZW50aWFscyIsImxhYmVsIjoiQ2xpZW50IENyZWRlbnRpYWxzIEdyYW50IiwicmVxdWlyZWQiOmZhbHNlLCJleGNsdWRlIjpbXSwiZGVwZW5kcyI6W119LHsibmFtZSI6ImF1dGhvcml6YXRpb25fY29kZSIsImxhYmVsIjoiQXV0aG9yaXphdGlvbiBDb2RlIEdyYW50IiwicmVxdWlyZWQiOmZhbHNlLCJleGNsdWRlIjpbXSwiZGVwZW5kcyI6W119LHsibmFtZSI6InJlZnJlc2hfdG9rZW4iLCJsYWJlbCI6IlJlZnJlc2ggVG9rZW4iLCJyZXF1aXJlZCI6ZmFsc2UsImV4Y2x1ZGUiOltdLCJkZXBlbmRzIjpbImF1dGhvcml6YXRpb25fY29kZSIsInBhc3N3b3JkIl19XX19LCJpbnRlcmFjdGl2ZUxvZ2luIjp0cnVlLCJ0b2tlbiI6ImEyYzg0ODE1LThjYjgtNGE3Ni1iNmU0LTg4MGM3ZTc2MGNlYiIsImlhdCI6MTQ4NjU4Njc4OCwiYXVkIjoiaHR0cDovL2FwaS1wbGF0Zm9ybS1hcGkvcmVwb3NpdG9yeSIsImlzcyI6Imh0dHA6Ly9hcGktcGxhdGZvcm0tYXBpL3JlcG9zaXRvcnkifQ.YOsto-KJMgjQZxFXe6FFipYd8TIh4P1HIlJ5Tg6a9Ps
				Accept=*/*
				Content-Type=text/plain; charset=UTF-8
Cookies:		&lt;none&gt;
Body:			&lt;none&gt;
Request method:	DELETE
Request path:	https://qax.anypoint.mulesoft.com/apiplatform/repository/v2/organizations/5000db95-c5d4-487f-925e-3f82f15a5499/apis/2053/versions/2161/contracts/30205
Proxy:			&lt;none&gt;
Request params:	&lt;none&gt;
Query params:	&lt;none&gt;
Form params:	&lt;none&gt;
Path params:	&lt;none&gt;
Multiparts:		&lt;none&gt;
Headers:		Authorization=Bearer eyJ0eXAiOiJKV1QiLCJhbGciOiJIUzI1NiJ9.eyJpZCI6IjUwMDAzN2NkLTJjZmQtNGRhNC1iZWQ3LTU3Mzg0ZGViMDYyYiIsImZpcnN0TmFtZSI6IkZlZGVyYXRlZCIsImxhc3ROYW1lIjoiRXh0ZXJuYWwiLCJlbWFpbCI6ImNocmlzdG9waGVyLm1vcmR1ZUBtdWxlc29mdC5jb20iLCJ1c2VybmFtZSI6ImZlZGVyYXRlZF9leHRlcm5hbCIsIm9yZ2FuaXphdGlvbiI6eyJpZCI6IjUwMDBkYjk1LWM1ZDQtNDg3Zi05MjVlLTNmODJmMTVhNTQ5OSIsIm5hbWUiOiJGZWRlcmF0ZWQgSW5jIEV4dGVybmFsIEF1dGhvcml6YXRpb24iLCJkb21haW4iOiJmZWRlcmF0ZWQtZXh0ZXJuYWwiLCJlbnRpdGxlbWVudHMiOnsiaHlicmlkIjp7ImVuYWJsZWQiOmZhbHNlfSwiY3JlYXRlU3ViT3JncyI6dHJ1ZSwidkNvcmVzUHJvZHVjdGlvbiI6eyJhc3NpZ25lZCI6MSwicmVhc3NpZ25lZCI6MH0sInZDb3Jlc1NhbmRib3giOnsiYXNzaWduZWQiOjEsInJlYXNzaWduZWQiOjB9LCJnbG9iYWxEZXBsb3ltZW50IjpmYWxzZSwid29ya2VyTG9nZ2luZ092ZXJyaWRlIjp7ImVuYWJsZWQiOmZhbHNlfSwiZ2F0ZXdheXMiOnsiYXNzaWduZWQiOjB9LCJjcmVhdGVFbnZpcm9ubWVudHMiOnRydWUsInBhcnRuZXJzUHJvZHVjdGlvbiI6eyJhc3NpZ25lZCI6MH0sInBhcnRuZXJzU2FuZGJveCI6eyJhc3NpZ25lZCI6MH0sImF1dG9zY2FsaW5nIjpmYWxzZSwic3RhdGljSXBzIjp7ImFzc2lnbmVkIjowLCJyZWFzc2lnbmVkIjowfSwiYXJtQWxlcnRzIjpmYWxzZSwiYXBpcyI6eyJlbmFibGVkIjp0cnVlfSwibXFNZXNzYWdlcyI6eyJiYXNlIjowLCJhZGRPbiI6MH0sIm1xUmVxdWVzdHMiOnsiYmFzZSI6MCwiYWRkT24iOjB9LCJleHRlcm5hbElkZW50aXR5Ijp0cnVlLCJtcUFkdmFuY2VkRmVhdHVyZXMiOnsiZW5hYmxlZCI6ZmFsc2V9LCJ2cGNzIjp7ImFzc2lnbmVkIjowLCJyZWFzc2lnbmVkIjowfSwiaHlicmlkSW5zaWdodCI6ZmFsc2UsImRlc2lnbkNlbnRlciI6eyJtb3phcnQiOmZhbHNlLCJhcGkiOmZhbHNlfSwib2JqZWN0U3RvcmVSZXF1ZXN0VW5pdHMiOnsiYmFzZSI6MTUwMDAwMDAsImFkZE9uIjowfSwib2JqZWN0U3RvcmVLZXlzIjp7ImJhc2UiOjEwMDAwMCwiYWRkT24iOjB9LCJjYW0iOnsiZW5hYmxlZCI6ZmFsc2V9LCJsb2FkQmFsYW5jZXIiOnsiYXNzaWduZWQiOjAsInJlYXNzaWduZWQiOjB9LCJtZXNzYWdpbmciOnsiYXNzaWduZWQiOjB9fSwiZXh0ZXJuYWxBdXRob3JpemF0aW9uIjp0cnVlLCJleHRlcm5hbEF1dGhvcml6YXRpb25Qcm92aWRlciI6eyJuYW1lIjoiUG9ydGFsIEFwcGxpY2F0aW9uIE1hbmFnZW1lbnQgU3lzdGVtIChQQU1TKSIsInVybCI6Imh0dHBzOi8vd3NneC10ZXN0LmNpc2NvLmNvbS9wYW1zL2x0L2NlcG1TZXJ2aWNlL3YxLjUvbWdyc3J2cyIsInZlcnNpb24iOiIxLjUifSwiaWRlbnRpdHlNYW5hZ2VtZW50Ijp7InR5cGUiOiJQaW5nRmVkZXJhdGUifSwib2F1dGgyU2V0dGluZ3MiOnsiYXV0aG9yaXphdGlvbkdyYW50cyI6WyJjb2RlIiwidG9rZW4iLCJvd25lciIsImNyZWRlbnRpYWxzIl0sImF1dGhvcml6YXRpb25VcmkiOiJodHRwczovL2Nsb3Vkc3NvLXRlc3QuY2lzY28uY29tL2FzL2F1dGhvcml6YXRpb24ub2F1dGgyIiwiYWNjZXNzVG9rZW5VcmkiOiJodHRwczovL2Nsb3Vkc3NvLXRlc3QuY2lzY28uY29tL2FzL3Rva2VuLm9hdXRoMiIsImdyYW50VHlwZXMiOlt7Im5hbWUiOiJwYXNzd29yZCIsImxhYmVsIjoiUmVzb3VyY2UgT3duZXIgR3JhbnQiLCJyZXF1aXJlZCI6ZmFsc2UsImV4Y2x1ZGUiOltdLCJkZXBlbmRzIjpbXX0seyJuYW1lIjoiaW1wbGljaXQiLCJsYWJlbCI6IkltcGxpY2l0IEdyYW50IiwicmVxdWlyZWQiOmZhbHNlLCJleGNsdWRlIjpbXSwiZGVwZW5kcyI6W119LHsibmFtZSI6ImNsaWVudF9jcmVkZW50aWFscyIsImxhYmVsIjoiQ2xpZW50IENyZWRlbnRpYWxzIEdyYW50IiwicmVxdWlyZWQiOmZhbHNlLCJleGNsdWRlIjpbXSwiZGVwZW5kcyI6W119LHsibmFtZSI6ImF1dGhvcml6YXRpb25fY29kZSIsImxhYmVsIjoiQXV0aG9yaXphdGlvbiBDb2RlIEdyYW50IiwicmVxdWlyZWQiOmZhbHNlLCJleGNsdWRlIjpbXSwiZGVwZW5kcyI6W119LHsibmFtZSI6InJlZnJlc2hfdG9rZW4iLCJsYWJlbCI6IlJlZnJlc2ggVG9rZW4iLCJyZXF1aXJlZCI6ZmFsc2UsImV4Y2x1ZGUiOltdLCJkZXBlbmRzIjpbImF1dGhvcml6YXRpb25fY29kZSIsInBhc3N3b3JkIl19XX19LCJpbnRlcmFjdGl2ZUxvZ2luIjp0cnVlLCJ0b2tlbiI6ImEyYzg0ODE1LThjYjgtNGE3Ni1iNmU0LTg4MGM3ZTc2MGNlYiIsImlhdCI6MTQ4NjU4Njc4OCwiYXVkIjoiaHR0cDovL2FwaS1wbGF0Zm9ybS1hcGkvcmVwb3NpdG9yeSIsImlzcyI6Imh0dHA6Ly9hcGktcGxhdGZvcm0tYXBpL3JlcG9zaXRvcnkifQ.YOsto-KJMgjQZxFXe6FFipYd8TIh4P1HIlJ5Tg6a9Ps
				Accept=*/*
				Content-Type=text/plain; charset=UTF-8
Cookies:		&lt;none&gt;
Body:			&lt;none&gt;
Request method:	DELETE
Request path:	https://qax.anypoint.mulesoft.com/apiplatform/repository/v2/organizations/5000db95-c5d4-487f-925e-3f82f15a5499/apis/2053/versions/2161/contracts/30252
Proxy:			&lt;none&gt;
Request params:	&lt;none&gt;
Query params:	&lt;none&gt;
Form params:	&lt;none&gt;
Path params:	&lt;none&gt;
Multiparts:		&lt;none&gt;
Headers:		Authorization=Bearer eyJ0eXAiOiJKV1QiLCJhbGciOiJIUzI1NiJ9.eyJpZCI6IjUwMDAzN2NkLTJjZmQtNGRhNC1iZWQ3LTU3Mzg0ZGViMDYyYiIsImZpcnN0TmFtZSI6IkZlZGVyYXRlZCIsImxhc3ROYW1lIjoiRXh0ZXJuYWwiLCJlbWFpbCI6ImNocmlzdG9waGVyLm1vcmR1ZUBtdWxlc29mdC5jb20iLCJ1c2VybmFtZSI6ImZlZGVyYXRlZF9leHRlcm5hbCIsIm9yZ2FuaXphdGlvbiI6eyJpZCI6IjUwMDBkYjk1LWM1ZDQtNDg3Zi05MjVlLTNmODJmMTVhNTQ5OSIsIm5hbWUiOiJGZWRlcmF0ZWQgSW5jIEV4dGVybmFsIEF1dGhvcml6YXRpb24iLCJkb21haW4iOiJmZWRlcmF0ZWQtZXh0ZXJuYWwiLCJlbnRpdGxlbWVudHMiOnsiaHlicmlkIjp7ImVuYWJsZWQiOmZhbHNlfSwiY3JlYXRlU3ViT3JncyI6dHJ1ZSwidkNvcmVzUHJvZHVjdGlvbiI6eyJhc3NpZ25lZCI6MSwicmVhc3NpZ25lZCI6MH0sInZDb3Jlc1NhbmRib3giOnsiYXNzaWduZWQiOjEsInJlYXNzaWduZWQiOjB9LCJnbG9iYWxEZXBsb3ltZW50IjpmYWxzZSwid29ya2VyTG9nZ2luZ092ZXJyaWRlIjp7ImVuYWJsZWQiOmZhbHNlfSwiZ2F0ZXdheXMiOnsiYXNzaWduZWQiOjB9LCJjcmVhdGVFbnZpcm9ubWVudHMiOnRydWUsInBhcnRuZXJzUHJvZHVjdGlvbiI6eyJhc3NpZ25lZCI6MH0sInBhcnRuZXJzU2FuZGJveCI6eyJhc3NpZ25lZCI6MH0sImF1dG9zY2FsaW5nIjpmYWxzZSwic3RhdGljSXBzIjp7ImFzc2lnbmVkIjowLCJyZWFzc2lnbmVkIjowfSwiYXJtQWxlcnRzIjpmYWxzZSwiYXBpcyI6eyJlbmFibGVkIjp0cnVlfSwibXFNZXNzYWdlcyI6eyJiYXNlIjowLCJhZGRPbiI6MH0sIm1xUmVxdWVzdHMiOnsiYmFzZSI6MCwiYWRkT24iOjB9LCJleHRlcm5hbElkZW50aXR5Ijp0cnVlLCJtcUFkdmFuY2VkRmVhdHVyZXMiOnsiZW5hYmxlZCI6ZmFsc2V9LCJ2cGNzIjp7ImFzc2lnbmVkIjowLCJyZWFzc2lnbmVkIjowfSwiaHlicmlkSW5zaWdodCI6ZmFsc2UsImRlc2lnbkNlbnRlciI6eyJtb3phcnQiOmZhbHNlLCJhcGkiOmZhbHNlfSwib2JqZWN0U3RvcmVSZXF1ZXN0VW5pdHMiOnsiYmFzZSI6MTUwMDAwMDAsImFkZE9uIjowfSwib2JqZWN0U3RvcmVLZXlzIjp7ImJhc2UiOjEwMDAwMCwiYWRkT24iOjB9LCJjYW0iOnsiZW5hYmxlZCI6ZmFsc2V9LCJsb2FkQmFsYW5jZXIiOnsiYXNzaWduZWQiOjAsInJlYXNzaWduZWQiOjB9LCJtZXNzYWdpbmciOnsiYXNzaWduZWQiOjB9fSwiZXh0ZXJuYWxBdXRob3JpemF0aW9uIjp0cnVlLCJleHRlcm5hbEF1dGhvcml6YXRpb25Qcm92aWRlciI6eyJuYW1lIjoiUG9ydGFsIEFwcGxpY2F0aW9uIE1hbmFnZW1lbnQgU3lzdGVtIChQQU1TKSIsInVybCI6Imh0dHBzOi8vd3NneC10ZXN0LmNpc2NvLmNvbS9wYW1zL2x0L2NlcG1TZXJ2aWNlL3YxLjUvbWdyc3J2cyIsInZlcnNpb24iOiIxLjUifSwiaWRlbnRpdHlNYW5hZ2VtZW50Ijp7InR5cGUiOiJQaW5nRmVkZXJhdGUifSwib2F1dGgyU2V0dGluZ3MiOnsiYXV0aG9yaXphdGlvbkdyYW50cyI6WyJjb2RlIiwidG9rZW4iLCJvd25lciIsImNyZWRlbnRpYWxzIl0sImF1dGhvcml6YXRpb25VcmkiOiJodHRwczovL2Nsb3Vkc3NvLXRlc3QuY2lzY28uY29tL2FzL2F1dGhvcml6YXRpb24ub2F1dGgyIiwiYWNjZXNzVG9rZW5VcmkiOiJodHRwczovL2Nsb3Vkc3NvLXRlc3QuY2lzY28uY29tL2FzL3Rva2VuLm9hdXRoMiIsImdyYW50VHlwZXMiOlt7Im5hbWUiOiJwYXNzd29yZCIsImxhYmVsIjoiUmVzb3VyY2UgT3duZXIgR3JhbnQiLCJyZXF1aXJlZCI6ZmFsc2UsImV4Y2x1ZGUiOltdLCJkZXBlbmRzIjpbXX0seyJuYW1lIjoiaW1wbGljaXQiLCJsYWJlbCI6IkltcGxpY2l0IEdyYW50IiwicmVxdWlyZWQiOmZhbHNlLCJleGNsdWRlIjpbXSwiZGVwZW5kcyI6W119LHsibmFtZSI6ImNsaWVudF9jcmVkZW50aWFscyIsImxhYmVsIjoiQ2xpZW50IENyZWRlbnRpYWxzIEdyYW50IiwicmVxdWlyZWQiOmZhbHNlLCJleGNsdWRlIjpbXSwiZGVwZW5kcyI6W119LHsibmFtZSI6ImF1dGhvcml6YXRpb25fY29kZSIsImxhYmVsIjoiQXV0aG9yaXphdGlvbiBDb2RlIEdyYW50IiwicmVxdWlyZWQiOmZhbHNlLCJleGNsdWRlIjpbXSwiZGVwZW5kcyI6W119LHsibmFtZSI6InJlZnJlc2hfdG9rZW4iLCJsYWJlbCI6IlJlZnJlc2ggVG9rZW4iLCJyZXF1aXJlZCI6ZmFsc2UsImV4Y2x1ZGUiOltdLCJkZXBlbmRzIjpbImF1dGhvcml6YXRpb25fY29kZSIsInBhc3N3b3JkIl19XX19LCJpbnRlcmFjdGl2ZUxvZ2luIjp0cnVlLCJ0b2tlbiI6ImEyYzg0ODE1LThjYjgtNGE3Ni1iNmU0LTg4MGM3ZTc2MGNlYiIsImlhdCI6MTQ4NjU4Njc4OCwiYXVkIjoiaHR0cDovL2FwaS1wbGF0Zm9ybS1hcGkvcmVwb3NpdG9yeSIsImlzcyI6Imh0dHA6Ly9hcGktcGxhdGZvcm0tYXBpL3JlcG9zaXRvcnkifQ.YOsto-KJMgjQZxFXe6FFipYd8TIh4P1HIlJ5Tg6a9Ps
				Accept=*/*
				Content-Type=text/plain; charset=UTF-8
Cookies:		&lt;none&gt;
Body:			&lt;none&gt;
Request method:	DELETE
Request path:	https://qax.anypoint.mulesoft.com/apiplatform/repository/v2/organizations/5000db95-c5d4-487f-925e-3f82f15a5499/apis/2053/versions/2161/contracts/30195
Proxy:			&lt;none&gt;
Request params:	&lt;none&gt;
Query params:	&lt;none&gt;
Form params:	&lt;none&gt;
Path params:	&lt;none&gt;
Multiparts:		&lt;none&gt;
Headers:		Authorization=Bearer eyJ0eXAiOiJKV1QiLCJhbGciOiJIUzI1NiJ9.eyJpZCI6IjUwMDAzN2NkLTJjZmQtNGRhNC1iZWQ3LTU3Mzg0ZGViMDYyYiIsImZpcnN0TmFtZSI6IkZlZGVyYXRlZCIsImxhc3ROYW1lIjoiRXh0ZXJuYWwiLCJlbWFpbCI6ImNocmlzdG9waGVyLm1vcmR1ZUBtdWxlc29mdC5jb20iLCJ1c2VybmFtZSI6ImZlZGVyYXRlZF9leHRlcm5hbCIsIm9yZ2FuaXphdGlvbiI6eyJpZCI6IjUwMDBkYjk1LWM1ZDQtNDg3Zi05MjVlLTNmODJmMTVhNTQ5OSIsIm5hbWUiOiJGZWRlcmF0ZWQgSW5jIEV4dGVybmFsIEF1dGhvcml6YXRpb24iLCJkb21haW4iOiJmZWRlcmF0ZWQtZXh0ZXJuYWwiLCJlbnRpdGxlbWVudHMiOnsiaHlicmlkIjp7ImVuYWJsZWQiOmZhbHNlfSwiY3JlYXRlU3ViT3JncyI6dHJ1ZSwidkNvcmVzUHJvZHVjdGlvbiI6eyJhc3NpZ25lZCI6MSwicmVhc3NpZ25lZCI6MH0sInZDb3Jlc1NhbmRib3giOnsiYXNzaWduZWQiOjEsInJlYXNzaWduZWQiOjB9LCJnbG9iYWxEZXBsb3ltZW50IjpmYWxzZSwid29ya2VyTG9nZ2luZ092ZXJyaWRlIjp7ImVuYWJsZWQiOmZhbHNlfSwiZ2F0ZXdheXMiOnsiYXNzaWduZWQiOjB9LCJjcmVhdGVFbnZpcm9ubWVudHMiOnRydWUsInBhcnRuZXJzUHJvZHVjdGlvbiI6eyJhc3NpZ25lZCI6MH0sInBhcnRuZXJzU2FuZGJveCI6eyJhc3NpZ25lZCI6MH0sImF1dG9zY2FsaW5nIjpmYWxzZSwic3RhdGljSXBzIjp7ImFzc2lnbmVkIjowLCJyZWFzc2lnbmVkIjowfSwiYXJtQWxlcnRzIjpmYWxzZSwiYXBpcyI6eyJlbmFibGVkIjp0cnVlfSwibXFNZXNzYWdlcyI6eyJiYXNlIjowLCJhZGRPbiI6MH0sIm1xUmVxdWVzdHMiOnsiYmFzZSI6MCwiYWRkT24iOjB9LCJleHRlcm5hbElkZW50aXR5Ijp0cnVlLCJtcUFkdmFuY2VkRmVhdHVyZXMiOnsiZW5hYmxlZCI6ZmFsc2V9LCJ2cGNzIjp7ImFzc2lnbmVkIjowLCJyZWFzc2lnbmVkIjowfSwiaHlicmlkSW5zaWdodCI6ZmFsc2UsImRlc2lnbkNlbnRlciI6eyJtb3phcnQiOmZhbHNlLCJhcGkiOmZhbHNlfSwib2JqZWN0U3RvcmVSZXF1ZXN0VW5pdHMiOnsiYmFzZSI6MTUwMDAwMDAsImFkZE9uIjowfSwib2JqZWN0U3RvcmVLZXlzIjp7ImJhc2UiOjEwMDAwMCwiYWRkT24iOjB9LCJjYW0iOnsiZW5hYmxlZCI6ZmFsc2V9LCJsb2FkQmFsYW5jZXIiOnsiYXNzaWduZWQiOjAsInJlYXNzaWduZWQiOjB9LCJtZXNzYWdpbmciOnsiYXNzaWduZWQiOjB9fSwiZXh0ZXJuYWxBdXRob3JpemF0aW9uIjp0cnVlLCJleHRlcm5hbEF1dGhvcml6YXRpb25Qcm92aWRlciI6eyJuYW1lIjoiUG9ydGFsIEFwcGxpY2F0aW9uIE1hbmFnZW1lbnQgU3lzdGVtIChQQU1TKSIsInVybCI6Imh0dHBzOi8vd3NneC10ZXN0LmNpc2NvLmNvbS9wYW1zL2x0L2NlcG1TZXJ2aWNlL3YxLjUvbWdyc3J2cyIsInZlcnNpb24iOiIxLjUifSwiaWRlbnRpdHlNYW5hZ2VtZW50Ijp7InR5cGUiOiJQaW5nRmVkZXJhdGUifSwib2F1dGgyU2V0dGluZ3MiOnsiYXV0aG9yaXphdGlvbkdyYW50cyI6WyJjb2RlIiwidG9rZW4iLCJvd25lciIsImNyZWRlbnRpYWxzIl0sImF1dGhvcml6YXRpb25VcmkiOiJodHRwczovL2Nsb3Vkc3NvLXRlc3QuY2lzY28uY29tL2FzL2F1dGhvcml6YXRpb24ub2F1dGgyIiwiYWNjZXNzVG9rZW5VcmkiOiJodHRwczovL2Nsb3Vkc3NvLXRlc3QuY2lzY28uY29tL2FzL3Rva2VuLm9hdXRoMiIsImdyYW50VHlwZXMiOlt7Im5hbWUiOiJwYXNzd29yZCIsImxhYmVsIjoiUmVzb3VyY2UgT3duZXIgR3JhbnQiLCJyZXF1aXJlZCI6ZmFsc2UsImV4Y2x1ZGUiOltdLCJkZXBlbmRzIjpbXX0seyJuYW1lIjoiaW1wbGljaXQiLCJsYWJlbCI6IkltcGxpY2l0IEdyYW50IiwicmVxdWlyZWQiOmZhbHNlLCJleGNsdWRlIjpbXSwiZGVwZW5kcyI6W119LHsibmFtZSI6ImNsaWVudF9jcmVkZW50aWFscyIsImxhYmVsIjoiQ2xpZW50IENyZWRlbnRpYWxzIEdyYW50IiwicmVxdWlyZWQiOmZhbHNlLCJleGNsdWRlIjpbXSwiZGVwZW5kcyI6W119LHsibmFtZSI6ImF1dGhvcml6YXRpb25fY29kZSIsImxhYmVsIjoiQXV0aG9yaXphdGlvbiBDb2RlIEdyYW50IiwicmVxdWlyZWQiOmZhbHNlLCJleGNsdWRlIjpbXSwiZGVwZW5kcyI6W119LHsibmFtZSI6InJlZnJlc2hfdG9rZW4iLCJsYWJlbCI6IlJlZnJlc2ggVG9rZW4iLCJyZXF1aXJlZCI6ZmFsc2UsImV4Y2x1ZGUiOltdLCJkZXBlbmRzIjpbImF1dGhvcml6YXRpb25fY29kZSIsInBhc3N3b3JkIl19XX19LCJpbnRlcmFjdGl2ZUxvZ2luIjp0cnVlLCJ0b2tlbiI6ImEyYzg0ODE1LThjYjgtNGE3Ni1iNmU0LTg4MGM3ZTc2MGNlYiIsImlhdCI6MTQ4NjU4Njc4OCwiYXVkIjoiaHR0cDovL2FwaS1wbGF0Zm9ybS1hcGkvcmVwb3NpdG9yeSIsImlzcyI6Imh0dHA6Ly9hcGktcGxhdGZvcm0tYXBpL3JlcG9zaXRvcnkifQ.YOsto-KJMgjQZxFXe6FFipYd8TIh4P1HIlJ5Tg6a9Ps
				Accept=*/*
				Content-Type=text/plain; charset=UTF-8
Cookies:		&lt;none&gt;
Body:			&lt;none&gt;
Request method:	DELETE
Request path:	https://qax.anypoint.mulesoft.com/apiplatform/repository/v2/organizations/5000db95-c5d4-487f-925e-3f82f15a5499/apis/2053/versions/2161/contracts/30220
Proxy:			&lt;none&gt;
Request params:	&lt;none&gt;
Query params:	&lt;none&gt;
Form params:	&lt;none&gt;
Path params:	&lt;none&gt;
Multiparts:		&lt;none&gt;
Headers:		Authorization=Bearer eyJ0eXAiOiJKV1QiLCJhbGciOiJIUzI1NiJ9.eyJpZCI6IjUwMDAzN2NkLTJjZmQtNGRhNC1iZWQ3LTU3Mzg0ZGViMDYyYiIsImZpcnN0TmFtZSI6IkZlZGVyYXRlZCIsImxhc3ROYW1lIjoiRXh0ZXJuYWwiLCJlbWFpbCI6ImNocmlzdG9waGVyLm1vcmR1ZUBtdWxlc29mdC5jb20iLCJ1c2VybmFtZSI6ImZlZGVyYXRlZF9leHRlcm5hbCIsIm9yZ2FuaXphdGlvbiI6eyJpZCI6IjUwMDBkYjk1LWM1ZDQtNDg3Zi05MjVlLTNmODJmMTVhNTQ5OSIsIm5hbWUiOiJGZWRlcmF0ZWQgSW5jIEV4dGVybmFsIEF1dGhvcml6YXRpb24iLCJkb21haW4iOiJmZWRlcmF0ZWQtZXh0ZXJuYWwiLCJlbnRpdGxlbWVudHMiOnsiaHlicmlkIjp7ImVuYWJsZWQiOmZhbHNlfSwiY3JlYXRlU3ViT3JncyI6dHJ1ZSwidkNvcmVzUHJvZHVjdGlvbiI6eyJhc3NpZ25lZCI6MSwicmVhc3NpZ25lZCI6MH0sInZDb3Jlc1NhbmRib3giOnsiYXNzaWduZWQiOjEsInJlYXNzaWduZWQiOjB9LCJnbG9iYWxEZXBsb3ltZW50IjpmYWxzZSwid29ya2VyTG9nZ2luZ092ZXJyaWRlIjp7ImVuYWJsZWQiOmZhbHNlfSwiZ2F0ZXdheXMiOnsiYXNzaWduZWQiOjB9LCJjcmVhdGVFbnZpcm9ubWVudHMiOnRydWUsInBhcnRuZXJzUHJvZHVjdGlvbiI6eyJhc3NpZ25lZCI6MH0sInBhcnRuZXJzU2FuZGJveCI6eyJhc3NpZ25lZCI6MH0sImF1dG9zY2FsaW5nIjpmYWxzZSwic3RhdGljSXBzIjp7ImFzc2lnbmVkIjowLCJyZWFzc2lnbmVkIjowfSwiYXJtQWxlcnRzIjpmYWxzZSwiYXBpcyI6eyJlbmFibGVkIjp0cnVlfSwibXFNZXNzYWdlcyI6eyJiYXNlIjowLCJhZGRPbiI6MH0sIm1xUmVxdWVzdHMiOnsiYmFzZSI6MCwiYWRkT24iOjB9LCJleHRlcm5hbElkZW50aXR5Ijp0cnVlLCJtcUFkdmFuY2VkRmVhdHVyZXMiOnsiZW5hYmxlZCI6ZmFsc2V9LCJ2cGNzIjp7ImFzc2lnbmVkIjowLCJyZWFzc2lnbmVkIjowfSwiaHlicmlkSW5zaWdodCI6ZmFsc2UsImRlc2lnbkNlbnRlciI6eyJtb3phcnQiOmZhbHNlLCJhcGkiOmZhbHNlfSwib2JqZWN0U3RvcmVSZXF1ZXN0VW5pdHMiOnsiYmFzZSI6MTUwMDAwMDAsImFkZE9uIjowfSwib2JqZWN0U3RvcmVLZXlzIjp7ImJhc2UiOjEwMDAwMCwiYWRkT24iOjB9LCJjYW0iOnsiZW5hYmxlZCI6ZmFsc2V9LCJsb2FkQmFsYW5jZXIiOnsiYXNzaWduZWQiOjAsInJlYXNzaWduZWQiOjB9LCJtZXNzYWdpbmciOnsiYXNzaWduZWQiOjB9fSwiZXh0ZXJuYWxBdXRob3JpemF0aW9uIjp0cnVlLCJleHRlcm5hbEF1dGhvcml6YXRpb25Qcm92aWRlciI6eyJuYW1lIjoiUG9ydGFsIEFwcGxpY2F0aW9uIE1hbmFnZW1lbnQgU3lzdGVtIChQQU1TKSIsInVybCI6Imh0dHBzOi8vd3NneC10ZXN0LmNpc2NvLmNvbS9wYW1zL2x0L2NlcG1TZXJ2aWNlL3YxLjUvbWdyc3J2cyIsInZlcnNpb24iOiIxLjUifSwiaWRlbnRpdHlNYW5hZ2VtZW50Ijp7InR5cGUiOiJQaW5nRmVkZXJhdGUifSwib2F1dGgyU2V0dGluZ3MiOnsiYXV0aG9yaXphdGlvbkdyYW50cyI6WyJjb2RlIiwidG9rZW4iLCJvd25lciIsImNyZWRlbnRpYWxzIl0sImF1dGhvcml6YXRpb25VcmkiOiJodHRwczovL2Nsb3Vkc3NvLXRlc3QuY2lzY28uY29tL2FzL2F1dGhvcml6YXRpb24ub2F1dGgyIiwiYWNjZXNzVG9rZW5VcmkiOiJodHRwczovL2Nsb3Vkc3NvLXRlc3QuY2lzY28uY29tL2FzL3Rva2VuLm9hdXRoMiIsImdyYW50VHlwZXMiOlt7Im5hbWUiOiJwYXNzd29yZCIsImxhYmVsIjoiUmVzb3VyY2UgT3duZXIgR3JhbnQiLCJyZXF1aXJlZCI6ZmFsc2UsImV4Y2x1ZGUiOltdLCJkZXBlbmRzIjpbXX0seyJuYW1lIjoiaW1wbGljaXQiLCJsYWJlbCI6IkltcGxpY2l0IEdyYW50IiwicmVxdWlyZWQiOmZhbHNlLCJleGNsdWRlIjpbXSwiZGVwZW5kcyI6W119LHsibmFtZSI6ImNsaWVudF9jcmVkZW50aWFscyIsImxhYmVsIjoiQ2xpZW50IENyZWRlbnRpYWxzIEdyYW50IiwicmVxdWlyZWQiOmZhbHNlLCJleGNsdWRlIjpbXSwiZGVwZW5kcyI6W119LHsibmFtZSI6ImF1dGhvcml6YXRpb25fY29kZSIsImxhYmVsIjoiQXV0aG9yaXphdGlvbiBDb2RlIEdyYW50IiwicmVxdWlyZWQiOmZhbHNlLCJleGNsdWRlIjpbXSwiZGVwZW5kcyI6W119LHsibmFtZSI6InJlZnJlc2hfdG9rZW4iLCJsYWJlbCI6IlJlZnJlc2ggVG9rZW4iLCJyZXF1aXJlZCI6ZmFsc2UsImV4Y2x1ZGUiOltdLCJkZXBlbmRzIjpbImF1dGhvcml6YXRpb25fY29kZSIsInBhc3N3b3JkIl19XX19LCJpbnRlcmFjdGl2ZUxvZ2luIjp0cnVlLCJ0b2tlbiI6ImEyYzg0ODE1LThjYjgtNGE3Ni1iNmU0LTg4MGM3ZTc2MGNlYiIsImlhdCI6MTQ4NjU4Njc4OCwiYXVkIjoiaHR0cDovL2FwaS1wbGF0Zm9ybS1hcGkvcmVwb3NpdG9yeSIsImlzcyI6Imh0dHA6Ly9hcGktcGxhdGZvcm0tYXBpL3JlcG9zaXRvcnkifQ.YOsto-KJMgjQZxFXe6FFipYd8TIh4P1HIlJ5Tg6a9Ps
				Accept=*/*
				Content-Type=text/plain; charset=UTF-8
Cookies:		&lt;none&gt;
Body:			&lt;none&gt;
Request method:	DELETE
Request path:	https://qax.anypoint.mulesoft.com/apiplatform/repository/v2/organizations/5000db95-c5d4-487f-925e-3f82f15a5499/apis/2053/versions/2161/contracts/30254
Proxy:			&lt;none&gt;
Request params:	&lt;none&gt;
Query params:	&lt;none&gt;
Form params:	&lt;none&gt;
Path params:	&lt;none&gt;
Multiparts:		&lt;none&gt;
Headers:		Authorization=Bearer eyJ0eXAiOiJKV1QiLCJhbGciOiJIUzI1NiJ9.eyJpZCI6IjUwMDAzN2NkLTJjZmQtNGRhNC1iZWQ3LTU3Mzg0ZGViMDYyYiIsImZpcnN0TmFtZSI6IkZlZGVyYXRlZCIsImxhc3ROYW1lIjoiRXh0ZXJuYWwiLCJlbWFpbCI6ImNocmlzdG9waGVyLm1vcmR1ZUBtdWxlc29mdC5jb20iLCJ1c2VybmFtZSI6ImZlZGVyYXRlZF9leHRlcm5hbCIsIm9yZ2FuaXphdGlvbiI6eyJpZCI6IjUwMDBkYjk1LWM1ZDQtNDg3Zi05MjVlLTNmODJmMTVhNTQ5OSIsIm5hbWUiOiJGZWRlcmF0ZWQgSW5jIEV4dGVybmFsIEF1dGhvcml6YXRpb24iLCJkb21haW4iOiJmZWRlcmF0ZWQtZXh0ZXJuYWwiLCJlbnRpdGxlbWVudHMiOnsiaHlicmlkIjp7ImVuYWJsZWQiOmZhbHNlfSwiY3JlYXRlU3ViT3JncyI6dHJ1ZSwidkNvcmVzUHJvZHVjdGlvbiI6eyJhc3NpZ25lZCI6MSwicmVhc3NpZ25lZCI6MH0sInZDb3Jlc1NhbmRib3giOnsiYXNzaWduZWQiOjEsInJlYXNzaWduZWQiOjB9LCJnbG9iYWxEZXBsb3ltZW50IjpmYWxzZSwid29ya2VyTG9nZ2luZ092ZXJyaWRlIjp7ImVuYWJsZWQiOmZhbHNlfSwiZ2F0ZXdheXMiOnsiYXNzaWduZWQiOjB9LCJjcmVhdGVFbnZpcm9ubWVudHMiOnRydWUsInBhcnRuZXJzUHJvZHVjdGlvbiI6eyJhc3NpZ25lZCI6MH0sInBhcnRuZXJzU2FuZGJveCI6eyJhc3NpZ25lZCI6MH0sImF1dG9zY2FsaW5nIjpmYWxzZSwic3RhdGljSXBzIjp7ImFzc2lnbmVkIjowLCJyZWFzc2lnbmVkIjowfSwiYXJtQWxlcnRzIjpmYWxzZSwiYXBpcyI6eyJlbmFibGVkIjp0cnVlfSwibXFNZXNzYWdlcyI6eyJiYXNlIjowLCJhZGRPbiI6MH0sIm1xUmVxdWVzdHMiOnsiYmFzZSI6MCwiYWRkT24iOjB9LCJleHRlcm5hbElkZW50aXR5Ijp0cnVlLCJtcUFkdmFuY2VkRmVhdHVyZXMiOnsiZW5hYmxlZCI6ZmFsc2V9LCJ2cGNzIjp7ImFzc2lnbmVkIjowLCJyZWFzc2lnbmVkIjowfSwiaHlicmlkSW5zaWdodCI6ZmFsc2UsImRlc2lnbkNlbnRlciI6eyJtb3phcnQiOmZhbHNlLCJhcGkiOmZhbHNlfSwib2JqZWN0U3RvcmVSZXF1ZXN0VW5pdHMiOnsiYmFzZSI6MTUwMDAwMDAsImFkZE9uIjowfSwib2JqZWN0U3RvcmVLZXlzIjp7ImJhc2UiOjEwMDAwMCwiYWRkT24iOjB9LCJjYW0iOnsiZW5hYmxlZCI6ZmFsc2V9LCJsb2FkQmFsYW5jZXIiOnsiYXNzaWduZWQiOjAsInJlYXNzaWduZWQiOjB9LCJtZXNzYWdpbmciOnsiYXNzaWduZWQiOjB9fSwiZXh0ZXJuYWxBdXRob3JpemF0aW9uIjp0cnVlLCJleHRlcm5hbEF1dGhvcml6YXRpb25Qcm92aWRlciI6eyJuYW1lIjoiUG9ydGFsIEFwcGxpY2F0aW9uIE1hbmFnZW1lbnQgU3lzdGVtIChQQU1TKSIsInVybCI6Imh0dHBzOi8vd3NneC10ZXN0LmNpc2NvLmNvbS9wYW1zL2x0L2NlcG1TZXJ2aWNlL3YxLjUvbWdyc3J2cyIsInZlcnNpb24iOiIxLjUifSwiaWRlbnRpdHlNYW5hZ2VtZW50Ijp7InR5cGUiOiJQaW5nRmVkZXJhdGUifSwib2F1dGgyU2V0dGluZ3MiOnsiYXV0aG9yaXphdGlvbkdyYW50cyI6WyJjb2RlIiwidG9rZW4iLCJvd25lciIsImNyZWRlbnRpYWxzIl0sImF1dGhvcml6YXRpb25VcmkiOiJodHRwczovL2Nsb3Vkc3NvLXRlc3QuY2lzY28uY29tL2FzL2F1dGhvcml6YXRpb24ub2F1dGgyIiwiYWNjZXNzVG9rZW5VcmkiOiJodHRwczovL2Nsb3Vkc3NvLXRlc3QuY2lzY28uY29tL2FzL3Rva2VuLm9hdXRoMiIsImdyYW50VHlwZXMiOlt7Im5hbWUiOiJwYXNzd29yZCIsImxhYmVsIjoiUmVzb3VyY2UgT3duZXIgR3JhbnQiLCJyZXF1aXJlZCI6ZmFsc2UsImV4Y2x1ZGUiOltdLCJkZXBlbmRzIjpbXX0seyJuYW1lIjoiaW1wbGljaXQiLCJsYWJlbCI6IkltcGxpY2l0IEdyYW50IiwicmVxdWlyZWQiOmZhbHNlLCJleGNsdWRlIjpbXSwiZGVwZW5kcyI6W119LHsibmFtZSI6ImNsaWVudF9jcmVkZW50aWFscyIsImxhYmVsIjoiQ2xpZW50IENyZWRlbnRpYWxzIEdyYW50IiwicmVxdWlyZWQiOmZhbHNlLCJleGNsdWRlIjpbXSwiZGVwZW5kcyI6W119LHsibmFtZSI6ImF1dGhvcml6YXRpb25fY29kZSIsImxhYmVsIjoiQXV0aG9yaXphdGlvbiBDb2RlIEdyYW50IiwicmVxdWlyZWQiOmZhbHNlLCJleGNsdWRlIjpbXSwiZGVwZW5kcyI6W119LHsibmFtZSI6InJlZnJlc2hfdG9rZW4iLCJsYWJlbCI6IlJlZnJlc2ggVG9rZW4iLCJyZXF1aXJlZCI6ZmFsc2UsImV4Y2x1ZGUiOltdLCJkZXBlbmRzIjpbImF1dGhvcml6YXRpb25fY29kZSIsInBhc3N3b3JkIl19XX19LCJpbnRlcmFjdGl2ZUxvZ2luIjp0cnVlLCJ0b2tlbiI6ImEyYzg0ODE1LThjYjgtNGE3Ni1iNmU0LTg4MGM3ZTc2MGNlYiIsImlhdCI6MTQ4NjU4Njc4OCwiYXVkIjoiaHR0cDovL2FwaS1wbGF0Zm9ybS1hcGkvcmVwb3NpdG9yeSIsImlzcyI6Imh0dHA6Ly9hcGktcGxhdGZvcm0tYXBpL3JlcG9zaXRvcnkifQ.YOsto-KJMgjQZxFXe6FFipYd8TIh4P1HIlJ5Tg6a9Ps
				Accept=*/*
				Content-Type=text/plain; charset=UTF-8
Cookies:		&lt;none&gt;
Body:			&lt;none&gt;
Request method:	DELETE
Request path:	https://qax.anypoint.mulesoft.com/apiplatform/repository/v2/organizations/5000db95-c5d4-487f-925e-3f82f15a5499/apis/2053/versions/2161/contracts/30196
Proxy:			&lt;none&gt;
Request params:	&lt;none&gt;
Query params:	&lt;none&gt;
Form params:	&lt;none&gt;
Path params:	&lt;none&gt;
Multiparts:		&lt;none&gt;
Headers:		Authorization=Bearer eyJ0eXAiOiJKV1QiLCJhbGciOiJIUzI1NiJ9.eyJpZCI6IjUwMDAzN2NkLTJjZmQtNGRhNC1iZWQ3LTU3Mzg0ZGViMDYyYiIsImZpcnN0TmFtZSI6IkZlZGVyYXRlZCIsImxhc3ROYW1lIjoiRXh0ZXJuYWwiLCJlbWFpbCI6ImNocmlzdG9waGVyLm1vcmR1ZUBtdWxlc29mdC5jb20iLCJ1c2VybmFtZSI6ImZlZGVyYXRlZF9leHRlcm5hbCIsIm9yZ2FuaXphdGlvbiI6eyJpZCI6IjUwMDBkYjk1LWM1ZDQtNDg3Zi05MjVlLTNmODJmMTVhNTQ5OSIsIm5hbWUiOiJGZWRlcmF0ZWQgSW5jIEV4dGVybmFsIEF1dGhvcml6YXRpb24iLCJkb21haW4iOiJmZWRlcmF0ZWQtZXh0ZXJuYWwiLCJlbnRpdGxlbWVudHMiOnsiaHlicmlkIjp7ImVuYWJsZWQiOmZhbHNlfSwiY3JlYXRlU3ViT3JncyI6dHJ1ZSwidkNvcmVzUHJvZHVjdGlvbiI6eyJhc3NpZ25lZCI6MSwicmVhc3NpZ25lZCI6MH0sInZDb3Jlc1NhbmRib3giOnsiYXNzaWduZWQiOjEsInJlYXNzaWduZWQiOjB9LCJnbG9iYWxEZXBsb3ltZW50IjpmYWxzZSwid29ya2VyTG9nZ2luZ092ZXJyaWRlIjp7ImVuYWJsZWQiOmZhbHNlfSwiZ2F0ZXdheXMiOnsiYXNzaWduZWQiOjB9LCJjcmVhdGVFbnZpcm9ubWVudHMiOnRydWUsInBhcnRuZXJzUHJvZHVjdGlvbiI6eyJhc3NpZ25lZCI6MH0sInBhcnRuZXJzU2FuZGJveCI6eyJhc3NpZ25lZCI6MH0sImF1dG9zY2FsaW5nIjpmYWxzZSwic3RhdGljSXBzIjp7ImFzc2lnbmVkIjowLCJyZWFzc2lnbmVkIjowfSwiYXJtQWxlcnRzIjpmYWxzZSwiYXBpcyI6eyJlbmFibGVkIjp0cnVlfSwibXFNZXNzYWdlcyI6eyJiYXNlIjowLCJhZGRPbiI6MH0sIm1xUmVxdWVzdHMiOnsiYmFzZSI6MCwiYWRkT24iOjB9LCJleHRlcm5hbElkZW50aXR5Ijp0cnVlLCJtcUFkdmFuY2VkRmVhdHVyZXMiOnsiZW5hYmxlZCI6ZmFsc2V9LCJ2cGNzIjp7ImFzc2lnbmVkIjowLCJyZWFzc2lnbmVkIjowfSwiaHlicmlkSW5zaWdodCI6ZmFsc2UsImRlc2lnbkNlbnRlciI6eyJtb3phcnQiOmZhbHNlLCJhcGkiOmZhbHNlfSwib2JqZWN0U3RvcmVSZXF1ZXN0VW5pdHMiOnsiYmFzZSI6MTUwMDAwMDAsImFkZE9uIjowfSwib2JqZWN0U3RvcmVLZXlzIjp7ImJhc2UiOjEwMDAwMCwiYWRkT24iOjB9LCJjYW0iOnsiZW5hYmxlZCI6ZmFsc2V9LCJsb2FkQmFsYW5jZXIiOnsiYXNzaWduZWQiOjAsInJlYXNzaWduZWQiOjB9LCJtZXNzYWdpbmciOnsiYXNzaWduZWQiOjB9fSwiZXh0ZXJuYWxBdXRob3JpemF0aW9uIjp0cnVlLCJleHRlcm5hbEF1dGhvcml6YXRpb25Qcm92aWRlciI6eyJuYW1lIjoiUG9ydGFsIEFwcGxpY2F0aW9uIE1hbmFnZW1lbnQgU3lzdGVtIChQQU1TKSIsInVybCI6Imh0dHBzOi8vd3NneC10ZXN0LmNpc2NvLmNvbS9wYW1zL2x0L2NlcG1TZXJ2aWNlL3YxLjUvbWdyc3J2cyIsInZlcnNpb24iOiIxLjUifSwiaWRlbnRpdHlNYW5hZ2VtZW50Ijp7InR5cGUiOiJQaW5nRmVkZXJhdGUifSwib2F1dGgyU2V0dGluZ3MiOnsiYXV0aG9yaXphdGlvbkdyYW50cyI6WyJjb2RlIiwidG9rZW4iLCJvd25lciIsImNyZWRlbnRpYWxzIl0sImF1dGhvcml6YXRpb25VcmkiOiJodHRwczovL2Nsb3Vkc3NvLXRlc3QuY2lzY28uY29tL2FzL2F1dGhvcml6YXRpb24ub2F1dGgyIiwiYWNjZXNzVG9rZW5VcmkiOiJodHRwczovL2Nsb3Vkc3NvLXRlc3QuY2lzY28uY29tL2FzL3Rva2VuLm9hdXRoMiIsImdyYW50VHlwZXMiOlt7Im5hbWUiOiJwYXNzd29yZCIsImxhYmVsIjoiUmVzb3VyY2UgT3duZXIgR3JhbnQiLCJyZXF1aXJlZCI6ZmFsc2UsImV4Y2x1ZGUiOltdLCJkZXBlbmRzIjpbXX0seyJuYW1lIjoiaW1wbGljaXQiLCJsYWJlbCI6IkltcGxpY2l0IEdyYW50IiwicmVxdWlyZWQiOmZhbHNlLCJleGNsdWRlIjpbXSwiZGVwZW5kcyI6W119LHsibmFtZSI6ImNsaWVudF9jcmVkZW50aWFscyIsImxhYmVsIjoiQ2xpZW50IENyZWRlbnRpYWxzIEdyYW50IiwicmVxdWlyZWQiOmZhbHNlLCJleGNsdWRlIjpbXSwiZGVwZW5kcyI6W119LHsibmFtZSI6ImF1dGhvcml6YXRpb25fY29kZSIsImxhYmVsIjoiQXV0aG9yaXphdGlvbiBDb2RlIEdyYW50IiwicmVxdWlyZWQiOmZhbHNlLCJleGNsdWRlIjpbXSwiZGVwZW5kcyI6W119LHsibmFtZSI6InJlZnJlc2hfdG9rZW4iLCJsYWJlbCI6IlJlZnJlc2ggVG9rZW4iLCJyZXF1aXJlZCI6ZmFsc2UsImV4Y2x1ZGUiOltdLCJkZXBlbmRzIjpbImF1dGhvcml6YXRpb25fY29kZSIsInBhc3N3b3JkIl19XX19LCJpbnRlcmFjdGl2ZUxvZ2luIjp0cnVlLCJ0b2tlbiI6ImEyYzg0ODE1LThjYjgtNGE3Ni1iNmU0LTg4MGM3ZTc2MGNlYiIsImlhdCI6MTQ4NjU4Njc4OCwiYXVkIjoiaHR0cDovL2FwaS1wbGF0Zm9ybS1hcGkvcmVwb3NpdG9yeSIsImlzcyI6Imh0dHA6Ly9hcGktcGxhdGZvcm0tYXBpL3JlcG9zaXRvcnkifQ.YOsto-KJMgjQZxFXe6FFipYd8TIh4P1HIlJ5Tg6a9Ps
				Accept=*/*
				Content-Type=text/plain; charset=UTF-8
Cookies:		&lt;none&gt;
Body:			&lt;none&gt;
Request method:	DELETE
Request path:	https://qax.anypoint.mulesoft.com/apiplatform/repository/v2/organizations/5000db95-c5d4-487f-925e-3f82f15a5499/apis/2053/versions/2161/contracts/30230
Proxy:			&lt;none&gt;
Request params:	&lt;none&gt;
Query params:	&lt;none&gt;
Form params:	&lt;none&gt;
Path params:	&lt;none&gt;
Multiparts:		&lt;none&gt;
Headers:		Authorization=Bearer eyJ0eXAiOiJKV1QiLCJhbGciOiJIUzI1NiJ9.eyJpZCI6IjUwMDAzN2NkLTJjZmQtNGRhNC1iZWQ3LTU3Mzg0ZGViMDYyYiIsImZpcnN0TmFtZSI6IkZlZGVyYXRlZCIsImxhc3ROYW1lIjoiRXh0ZXJuYWwiLCJlbWFpbCI6ImNocmlzdG9waGVyLm1vcmR1ZUBtdWxlc29mdC5jb20iLCJ1c2VybmFtZSI6ImZlZGVyYXRlZF9leHRlcm5hbCIsIm9yZ2FuaXphdGlvbiI6eyJpZCI6IjUwMDBkYjk1LWM1ZDQtNDg3Zi05MjVlLTNmODJmMTVhNTQ5OSIsIm5hbWUiOiJGZWRlcmF0ZWQgSW5jIEV4dGVybmFsIEF1dGhvcml6YXRpb24iLCJkb21haW4iOiJmZWRlcmF0ZWQtZXh0ZXJuYWwiLCJlbnRpdGxlbWVudHMiOnsiaHlicmlkIjp7ImVuYWJsZWQiOmZhbHNlfSwiY3JlYXRlU3ViT3JncyI6dHJ1ZSwidkNvcmVzUHJvZHVjdGlvbiI6eyJhc3NpZ25lZCI6MSwicmVhc3NpZ25lZCI6MH0sInZDb3Jlc1NhbmRib3giOnsiYXNzaWduZWQiOjEsInJlYXNzaWduZWQiOjB9LCJnbG9iYWxEZXBsb3ltZW50IjpmYWxzZSwid29ya2VyTG9nZ2luZ092ZXJyaWRlIjp7ImVuYWJsZWQiOmZhbHNlfSwiZ2F0ZXdheXMiOnsiYXNzaWduZWQiOjB9LCJjcmVhdGVFbnZpcm9ubWVudHMiOnRydWUsInBhcnRuZXJzUHJvZHVjdGlvbiI6eyJhc3NpZ25lZCI6MH0sInBhcnRuZXJzU2FuZGJveCI6eyJhc3NpZ25lZCI6MH0sImF1dG9zY2FsaW5nIjpmYWxzZSwic3RhdGljSXBzIjp7ImFzc2lnbmVkIjowLCJyZWFzc2lnbmVkIjowfSwiYXJtQWxlcnRzIjpmYWxzZSwiYXBpcyI6eyJlbmFibGVkIjp0cnVlfSwibXFNZXNzYWdlcyI6eyJiYXNlIjowLCJhZGRPbiI6MH0sIm1xUmVxdWVzdHMiOnsiYmFzZSI6MCwiYWRkT24iOjB9LCJleHRlcm5hbElkZW50aXR5Ijp0cnVlLCJtcUFkdmFuY2VkRmVhdHVyZXMiOnsiZW5hYmxlZCI6ZmFsc2V9LCJ2cGNzIjp7ImFzc2lnbmVkIjowLCJyZWFzc2lnbmVkIjowfSwiaHlicmlkSW5zaWdodCI6ZmFsc2UsImRlc2lnbkNlbnRlciI6eyJtb3phcnQiOmZhbHNlLCJhcGkiOmZhbHNlfSwib2JqZWN0U3RvcmVSZXF1ZXN0VW5pdHMiOnsiYmFzZSI6MTUwMDAwMDAsImFkZE9uIjowfSwib2JqZWN0U3RvcmVLZXlzIjp7ImJhc2UiOjEwMDAwMCwiYWRkT24iOjB9LCJjYW0iOnsiZW5hYmxlZCI6ZmFsc2V9LCJsb2FkQmFsYW5jZXIiOnsiYXNzaWduZWQiOjAsInJlYXNzaWduZWQiOjB9LCJtZXNzYWdpbmciOnsiYXNzaWduZWQiOjB9fSwiZXh0ZXJuYWxBdXRob3JpemF0aW9uIjp0cnVlLCJleHRlcm5hbEF1dGhvcml6YXRpb25Qcm92aWRlciI6eyJuYW1lIjoiUG9ydGFsIEFwcGxpY2F0aW9uIE1hbmFnZW1lbnQgU3lzdGVtIChQQU1TKSIsInVybCI6Imh0dHBzOi8vd3NneC10ZXN0LmNpc2NvLmNvbS9wYW1zL2x0L2NlcG1TZXJ2aWNlL3YxLjUvbWdyc3J2cyIsInZlcnNpb24iOiIxLjUifSwiaWRlbnRpdHlNYW5hZ2VtZW50Ijp7InR5cGUiOiJQaW5nRmVkZXJhdGUifSwib2F1dGgyU2V0dGluZ3MiOnsiYXV0aG9yaXphdGlvbkdyYW50cyI6WyJjb2RlIiwidG9rZW4iLCJvd25lciIsImNyZWRlbnRpYWxzIl0sImF1dGhvcml6YXRpb25VcmkiOiJodHRwczovL2Nsb3Vkc3NvLXRlc3QuY2lzY28uY29tL2FzL2F1dGhvcml6YXRpb24ub2F1dGgyIiwiYWNjZXNzVG9rZW5VcmkiOiJodHRwczovL2Nsb3Vkc3NvLXRlc3QuY2lzY28uY29tL2FzL3Rva2VuLm9hdXRoMiIsImdyYW50VHlwZXMiOlt7Im5hbWUiOiJwYXNzd29yZCIsImxhYmVsIjoiUmVzb3VyY2UgT3duZXIgR3JhbnQiLCJyZXF1aXJlZCI6ZmFsc2UsImV4Y2x1ZGUiOltdLCJkZXBlbmRzIjpbXX0seyJuYW1lIjoiaW1wbGljaXQiLCJsYWJlbCI6IkltcGxpY2l0IEdyYW50IiwicmVxdWlyZWQiOmZhbHNlLCJleGNsdWRlIjpbXSwiZGVwZW5kcyI6W119LHsibmFtZSI6ImNsaWVudF9jcmVkZW50aWFscyIsImxhYmVsIjoiQ2xpZW50IENyZWRlbnRpYWxzIEdyYW50IiwicmVxdWlyZWQiOmZhbHNlLCJleGNsdWRlIjpbXSwiZGVwZW5kcyI6W119LHsibmFtZSI6ImF1dGhvcml6YXRpb25fY29kZSIsImxhYmVsIjoiQXV0aG9yaXphdGlvbiBDb2RlIEdyYW50IiwicmVxdWlyZWQiOmZhbHNlLCJleGNsdWRlIjpbXSwiZGVwZW5kcyI6W119LHsibmFtZSI6InJlZnJlc2hfdG9rZW4iLCJsYWJlbCI6IlJlZnJlc2ggVG9rZW4iLCJyZXF1aXJlZCI6ZmFsc2UsImV4Y2x1ZGUiOltdLCJkZXBlbmRzIjpbImF1dGhvcml6YXRpb25fY29kZSIsInBhc3N3b3JkIl19XX19LCJpbnRlcmFjdGl2ZUxvZ2luIjp0cnVlLCJ0b2tlbiI6ImEyYzg0ODE1LThjYjgtNGE3Ni1iNmU0LTg4MGM3ZTc2MGNlYiIsImlhdCI6MTQ4NjU4Njc4OCwiYXVkIjoiaHR0cDovL2FwaS1wbGF0Zm9ybS1hcGkvcmVwb3NpdG9yeSIsImlzcyI6Imh0dHA6Ly9hcGktcGxhdGZvcm0tYXBpL3JlcG9zaXRvcnkifQ.YOsto-KJMgjQZxFXe6FFipYd8TIh4P1HIlJ5Tg6a9Ps
				Accept=*/*
				Content-Type=text/plain; charset=UTF-8
Cookies:		&lt;none&gt;
Body:			&lt;none&gt;
Request method:	DELETE
Request path:	https://qax.anypoint.mulesoft.com/apiplatform/repository/v2/organizations/5000db95-c5d4-487f-925e-3f82f15a5499/apis/2053/versions/2161/contracts/30192
Proxy:			&lt;none&gt;
Request params:	&lt;none&gt;
Query params:	&lt;none&gt;
Form params:	&lt;none&gt;
Path params:	&lt;none&gt;
Multiparts:		&lt;none&gt;
Headers:		Authorization=Bearer eyJ0eXAiOiJKV1QiLCJhbGciOiJIUzI1NiJ9.eyJpZCI6IjUwMDAzN2NkLTJjZmQtNGRhNC1iZWQ3LTU3Mzg0ZGViMDYyYiIsImZpcnN0TmFtZSI6IkZlZGVyYXRlZCIsImxhc3ROYW1lIjoiRXh0ZXJuYWwiLCJlbWFpbCI6ImNocmlzdG9waGVyLm1vcmR1ZUBtdWxlc29mdC5jb20iLCJ1c2VybmFtZSI6ImZlZGVyYXRlZF9leHRlcm5hbCIsIm9yZ2FuaXphdGlvbiI6eyJpZCI6IjUwMDBkYjk1LWM1ZDQtNDg3Zi05MjVlLTNmODJmMTVhNTQ5OSIsIm5hbWUiOiJGZWRlcmF0ZWQgSW5jIEV4dGVybmFsIEF1dGhvcml6YXRpb24iLCJkb21haW4iOiJmZWRlcmF0ZWQtZXh0ZXJuYWwiLCJlbnRpdGxlbWVudHMiOnsiaHlicmlkIjp7ImVuYWJsZWQiOmZhbHNlfSwiY3JlYXRlU3ViT3JncyI6dHJ1ZSwidkNvcmVzUHJvZHVjdGlvbiI6eyJhc3NpZ25lZCI6MSwicmVhc3NpZ25lZCI6MH0sInZDb3Jlc1NhbmRib3giOnsiYXNzaWduZWQiOjEsInJlYXNzaWduZWQiOjB9LCJnbG9iYWxEZXBsb3ltZW50IjpmYWxzZSwid29ya2VyTG9nZ2luZ092ZXJyaWRlIjp7ImVuYWJsZWQiOmZhbHNlfSwiZ2F0ZXdheXMiOnsiYXNzaWduZWQiOjB9LCJjcmVhdGVFbnZpcm9ubWVudHMiOnRydWUsInBhcnRuZXJzUHJvZHVjdGlvbiI6eyJhc3NpZ25lZCI6MH0sInBhcnRuZXJzU2FuZGJveCI6eyJhc3NpZ25lZCI6MH0sImF1dG9zY2FsaW5nIjpmYWxzZSwic3RhdGljSXBzIjp7ImFzc2lnbmVkIjowLCJyZWFzc2lnbmVkIjowfSwiYXJtQWxlcnRzIjpmYWxzZSwiYXBpcyI6eyJlbmFibGVkIjp0cnVlfSwibXFNZXNzYWdlcyI6eyJiYXNlIjowLCJhZGRPbiI6MH0sIm1xUmVxdWVzdHMiOnsiYmFzZSI6MCwiYWRkT24iOjB9LCJleHRlcm5hbElkZW50aXR5Ijp0cnVlLCJtcUFkdmFuY2VkRmVhdHVyZXMiOnsiZW5hYmxlZCI6ZmFsc2V9LCJ2cGNzIjp7ImFzc2lnbmVkIjowLCJyZWFzc2lnbmVkIjowfSwiaHlicmlkSW5zaWdodCI6ZmFsc2UsImRlc2lnbkNlbnRlciI6eyJtb3phcnQiOmZhbHNlLCJhcGkiOmZhbHNlfSwib2JqZWN0U3RvcmVSZXF1ZXN0VW5pdHMiOnsiYmFzZSI6MTUwMDAwMDAsImFkZE9uIjowfSwib2JqZWN0U3RvcmVLZXlzIjp7ImJhc2UiOjEwMDAwMCwiYWRkT24iOjB9LCJjYW0iOnsiZW5hYmxlZCI6ZmFsc2V9LCJsb2FkQmFsYW5jZXIiOnsiYXNzaWduZWQiOjAsInJlYXNzaWduZWQiOjB9LCJtZXNzYWdpbmciOnsiYXNzaWduZWQiOjB9fSwiZXh0ZXJuYWxBdXRob3JpemF0aW9uIjp0cnVlLCJleHRlcm5hbEF1dGhvcml6YXRpb25Qcm92aWRlciI6eyJuYW1lIjoiUG9ydGFsIEFwcGxpY2F0aW9uIE1hbmFnZW1lbnQgU3lzdGVtIChQQU1TKSIsInVybCI6Imh0dHBzOi8vd3NneC10ZXN0LmNpc2NvLmNvbS9wYW1zL2x0L2NlcG1TZXJ2aWNlL3YxLjUvbWdyc3J2cyIsInZlcnNpb24iOiIxLjUifSwiaWRlbnRpdHlNYW5hZ2VtZW50Ijp7InR5cGUiOiJQaW5nRmVkZXJhdGUifSwib2F1dGgyU2V0dGluZ3MiOnsiYXV0aG9yaXphdGlvbkdyYW50cyI6WyJjb2RlIiwidG9rZW4iLCJvd25lciIsImNyZWRlbnRpYWxzIl0sImF1dGhvcml6YXRpb25VcmkiOiJodHRwczovL2Nsb3Vkc3NvLXRlc3QuY2lzY28uY29tL2FzL2F1dGhvcml6YXRpb24ub2F1dGgyIiwiYWNjZXNzVG9rZW5VcmkiOiJodHRwczovL2Nsb3Vkc3NvLXRlc3QuY2lzY28uY29tL2FzL3Rva2VuLm9hdXRoMiIsImdyYW50VHlwZXMiOlt7Im5hbWUiOiJwYXNzd29yZCIsImxhYmVsIjoiUmVzb3VyY2UgT3duZXIgR3JhbnQiLCJyZXF1aXJlZCI6ZmFsc2UsImV4Y2x1ZGUiOltdLCJkZXBlbmRzIjpbXX0seyJuYW1lIjoiaW1wbGljaXQiLCJsYWJlbCI6IkltcGxpY2l0IEdyYW50IiwicmVxdWlyZWQiOmZhbHNlLCJleGNsdWRlIjpbXSwiZGVwZW5kcyI6W119LHsibmFtZSI6ImNsaWVudF9jcmVkZW50aWFscyIsImxhYmVsIjoiQ2xpZW50IENyZWRlbnRpYWxzIEdyYW50IiwicmVxdWlyZWQiOmZhbHNlLCJleGNsdWRlIjpbXSwiZGVwZW5kcyI6W119LHsibmFtZSI6ImF1dGhvcml6YXRpb25fY29kZSIsImxhYmVsIjoiQXV0aG9yaXphdGlvbiBDb2RlIEdyYW50IiwicmVxdWlyZWQiOmZhbHNlLCJleGNsdWRlIjpbXSwiZGVwZW5kcyI6W119LHsibmFtZSI6InJlZnJlc2hfdG9rZW4iLCJsYWJlbCI6IlJlZnJlc2ggVG9rZW4iLCJyZXF1aXJlZCI6ZmFsc2UsImV4Y2x1ZGUiOltdLCJkZXBlbmRzIjpbImF1dGhvcml6YXRpb25fY29kZSIsInBhc3N3b3JkIl19XX19LCJpbnRlcmFjdGl2ZUxvZ2luIjp0cnVlLCJ0b2tlbiI6ImEyYzg0ODE1LThjYjgtNGE3Ni1iNmU0LTg4MGM3ZTc2MGNlYiIsImlhdCI6MTQ4NjU4Njc4OCwiYXVkIjoiaHR0cDovL2FwaS1wbGF0Zm9ybS1hcGkvcmVwb3NpdG9yeSIsImlzcyI6Imh0dHA6Ly9hcGktcGxhdGZvcm0tYXBpL3JlcG9zaXRvcnkifQ.YOsto-KJMgjQZxFXe6FFipYd8TIh4P1HIlJ5Tg6a9Ps
				Accept=*/*
				Content-Type=text/plain; charset=UTF-8
Cookies:		&lt;none&gt;
Body:			&lt;none&gt;
Request method:	GET
Request path:	https://qax.anypoint.mulesoft.com/apiplatform/repository/v2/organizations/5000db95-c5d4-487f-925e-3f82f15a5499/apis/2053/versions/2161/tiers
Proxy:			&lt;none&gt;
Request params:	&lt;none&gt;
Query params:	&lt;none&gt;
Form params:	&lt;none&gt;
Path params:	&lt;none&gt;
Multiparts:		&lt;none&gt;
Headers:		Authorization=Bearer eyJ0eXAiOiJKV1QiLCJhbGciOiJIUzI1NiJ9.eyJpZCI6IjUwMDAzN2NkLTJjZmQtNGRhNC1iZWQ3LTU3Mzg0ZGViMDYyYiIsImZpcnN0TmFtZSI6IkZlZGVyYXRlZCIsImxhc3ROYW1lIjoiRXh0ZXJuYWwiLCJlbWFpbCI6ImNocmlzdG9waGVyLm1vcmR1ZUBtdWxlc29mdC5jb20iLCJ1c2VybmFtZSI6ImZlZGVyYXRlZF9leHRlcm5hbCIsIm9yZ2FuaXphdGlvbiI6eyJpZCI6IjUwMDBkYjk1LWM1ZDQtNDg3Zi05MjVlLTNmODJmMTVhNTQ5OSIsIm5hbWUiOiJGZWRlcmF0ZWQgSW5jIEV4dGVybmFsIEF1dGhvcml6YXRpb24iLCJkb21haW4iOiJmZWRlcmF0ZWQtZXh0ZXJuYWwiLCJlbnRpdGxlbWVudHMiOnsiaHlicmlkIjp7ImVuYWJsZWQiOmZhbHNlfSwiY3JlYXRlU3ViT3JncyI6dHJ1ZSwidkNvcmVzUHJvZHVjdGlvbiI6eyJhc3NpZ25lZCI6MSwicmVhc3NpZ25lZCI6MH0sInZDb3Jlc1NhbmRib3giOnsiYXNzaWduZWQiOjEsInJlYXNzaWduZWQiOjB9LCJnbG9iYWxEZXBsb3ltZW50IjpmYWxzZSwid29ya2VyTG9nZ2luZ092ZXJyaWRlIjp7ImVuYWJsZWQiOmZhbHNlfSwiZ2F0ZXdheXMiOnsiYXNzaWduZWQiOjB9LCJjcmVhdGVFbnZpcm9ubWVudHMiOnRydWUsInBhcnRuZXJzUHJvZHVjdGlvbiI6eyJhc3NpZ25lZCI6MH0sInBhcnRuZXJzU2FuZGJveCI6eyJhc3NpZ25lZCI6MH0sImF1dG9zY2FsaW5nIjpmYWxzZSwic3RhdGljSXBzIjp7ImFzc2lnbmVkIjowLCJyZWFzc2lnbmVkIjowfSwiYXJtQWxlcnRzIjpmYWxzZSwiYXBpcyI6eyJlbmFibGVkIjp0cnVlfSwibXFNZXNzYWdlcyI6eyJiYXNlIjowLCJhZGRPbiI6MH0sIm1xUmVxdWVzdHMiOnsiYmFzZSI6MCwiYWRkT24iOjB9LCJleHRlcm5hbElkZW50aXR5Ijp0cnVlLCJtcUFkdmFuY2VkRmVhdHVyZXMiOnsiZW5hYmxlZCI6ZmFsc2V9LCJ2cGNzIjp7ImFzc2lnbmVkIjowLCJyZWFzc2lnbmVkIjowfSwiaHlicmlkSW5zaWdodCI6ZmFsc2UsImRlc2lnbkNlbnRlciI6eyJtb3phcnQiOmZhbHNlLCJhcGkiOmZhbHNlfSwib2JqZWN0U3RvcmVSZXF1ZXN0VW5pdHMiOnsiYmFzZSI6MTUwMDAwMDAsImFkZE9uIjowfSwib2JqZWN0U3RvcmVLZXlzIjp7ImJhc2UiOjEwMDAwMCwiYWRkT24iOjB9LCJjYW0iOnsiZW5hYmxlZCI6ZmFsc2V9LCJsb2FkQmFsYW5jZXIiOnsiYXNzaWduZWQiOjAsInJlYXNzaWduZWQiOjB9LCJtZXNzYWdpbmciOnsiYXNzaWduZWQiOjB9fSwiZXh0ZXJuYWxBdXRob3JpemF0aW9uIjp0cnVlLCJleHRlcm5hbEF1dGhvcml6YXRpb25Qcm92aWRlciI6eyJuYW1lIjoiUG9ydGFsIEFwcGxpY2F0aW9uIE1hbmFnZW1lbnQgU3lzdGVtIChQQU1TKSIsInVybCI6Imh0dHBzOi8vd3NneC10ZXN0LmNpc2NvLmNvbS9wYW1zL2x0L2NlcG1TZXJ2aWNlL3YxLjUvbWdyc3J2cyIsInZlcnNpb24iOiIxLjUifSwiaWRlbnRpdHlNYW5hZ2VtZW50Ijp7InR5cGUiOiJQaW5nRmVkZXJhdGUifSwib2F1dGgyU2V0dGluZ3MiOnsiYXV0aG9yaXphdGlvbkdyYW50cyI6WyJjb2RlIiwidG9rZW4iLCJvd25lciIsImNyZWRlbnRpYWxzIl0sImF1dGhvcml6YXRpb25VcmkiOiJodHRwczovL2Nsb3Vkc3NvLXRlc3QuY2lzY28uY29tL2FzL2F1dGhvcml6YXRpb24ub2F1dGgyIiwiYWNjZXNzVG9rZW5VcmkiOiJodHRwczovL2Nsb3Vkc3NvLXRlc3QuY2lzY28uY29tL2FzL3Rva2VuLm9hdXRoMiIsImdyYW50VHlwZXMiOlt7Im5hbWUiOiJwYXNzd29yZCIsImxhYmVsIjoiUmVzb3VyY2UgT3duZXIgR3JhbnQiLCJyZXF1aXJlZCI6ZmFsc2UsImV4Y2x1ZGUiOltdLCJkZXBlbmRzIjpbXX0seyJuYW1lIjoiaW1wbGljaXQiLCJsYWJlbCI6IkltcGxpY2l0IEdyYW50IiwicmVxdWlyZWQiOmZhbHNlLCJleGNsdWRlIjpbXSwiZGVwZW5kcyI6W119LHsibmFtZSI6ImNsaWVudF9jcmVkZW50aWFscyIsImxhYmVsIjoiQ2xpZW50IENyZWRlbnRpYWxzIEdyYW50IiwicmVxdWlyZWQiOmZhbHNlLCJleGNsdWRlIjpbXSwiZGVwZW5kcyI6W119LHsibmFtZSI6ImF1dGhvcml6YXRpb25fY29kZSIsImxhYmVsIjoiQXV0aG9yaXphdGlvbiBDb2RlIEdyYW50IiwicmVxdWlyZWQiOmZhbHNlLCJleGNsdWRlIjpbXSwiZGVwZW5kcyI6W119LHsibmFtZSI6InJlZnJlc2hfdG9rZW4iLCJsYWJlbCI6IlJlZnJlc2ggVG9rZW4iLCJyZXF1aXJlZCI6ZmFsc2UsImV4Y2x1ZGUiOltdLCJkZXBlbmRzIjpbImF1dGhvcml6YXRpb25fY29kZSIsInBhc3N3b3JkIl19XX19LCJpbnRlcmFjdGl2ZUxvZ2luIjp0cnVlLCJ0b2tlbiI6ImEyYzg0ODE1LThjYjgtNGE3Ni1iNmU0LTg4MGM3ZTc2MGNlYiIsImlhdCI6MTQ4NjU4Njc4OCwiYXVkIjoiaHR0cDovL2FwaS1wbGF0Zm9ybS1hcGkvcmVwb3NpdG9yeSIsImlzcyI6Imh0dHA6Ly9hcGktcGxhdGZvcm0tYXBpL3JlcG9zaXRvcnkifQ.YOsto-KJMgjQZxFXe6FFipYd8TIh4P1HIlJ5Tg6a9Ps
				Accept=*/*
				Content-Type=application/json; charset=UTF-8
Cookies:		&lt;none&gt;
Body:			&lt;none&gt;
2017-02-08 17:50:28,952 INFO   Message - 
HTTP Response: 
Headers: Access-Control-Allow-Origin: *
Content-Type: application/json; charset=utf-8
Date: Wed, 08 Feb 2017 20:50:28 GMT
ETag: W/&quot;16-ojLlRqTfNXIqVM1dq5G58g&quot;
Expires: -1
Server: nginx
Content-Length: 22
Connection: keep-alive
Status code: 200
Payload: {
  &quot;total&quot;: 0,
  &quot;tiers&quot;: []
}
----------
Request method:	GET
Request path:	https://qax.anypoint.mulesoft.com/apiplatform/repository/applications
Proxy:			&lt;none&gt;
Request params:	&lt;none&gt;
Query params:	&lt;none&gt;
Form params:	&lt;none&gt;
Path params:	&lt;none&gt;
Multiparts:		&lt;none&gt;
Headers:		Authorization=Bearer eyJ0eXAiOiJKV1QiLCJhbGciOiJIUzI1NiJ9.eyJpZCI6IjUwMDAzN2NkLTJjZmQtNGRhNC1iZWQ3LTU3Mzg0ZGViMDYyYiIsImZpcnN0TmFtZSI6IkZlZGVyYXRlZCIsImxhc3ROYW1lIjoiRXh0ZXJuYWwiLCJlbWFpbCI6ImNocmlzdG9waGVyLm1vcmR1ZUBtdWxlc29mdC5jb20iLCJ1c2VybmFtZSI6ImZlZGVyYXRlZF9leHRlcm5hbCIsIm9yZ2FuaXphdGlvbiI6eyJpZCI6IjUwMDBkYjk1LWM1ZDQtNDg3Zi05MjVlLTNmODJmMTVhNTQ5OSIsIm5hbWUiOiJGZWRlcmF0ZWQgSW5jIEV4dGVybmFsIEF1dGhvcml6YXRpb24iLCJkb21haW4iOiJmZWRlcmF0ZWQtZXh0ZXJuYWwiLCJlbnRpdGxlbWVudHMiOnsiaHlicmlkIjp7ImVuYWJsZWQiOmZhbHNlfSwiY3JlYXRlU3ViT3JncyI6dHJ1ZSwidkNvcmVzUHJvZHVjdGlvbiI6eyJhc3NpZ25lZCI6MSwicmVhc3NpZ25lZCI6MH0sInZDb3Jlc1NhbmRib3giOnsiYXNzaWduZWQiOjEsInJlYXNzaWduZWQiOjB9LCJnbG9iYWxEZXBsb3ltZW50IjpmYWxzZSwid29ya2VyTG9nZ2luZ092ZXJyaWRlIjp7ImVuYWJsZWQiOmZhbHNlfSwiZ2F0ZXdheXMiOnsiYXNzaWduZWQiOjB9LCJjcmVhdGVFbnZpcm9ubWVudHMiOnRydWUsInBhcnRuZXJzUHJvZHVjdGlvbiI6eyJhc3NpZ25lZCI6MH0sInBhcnRuZXJzU2FuZGJveCI6eyJhc3NpZ25lZCI6MH0sImF1dG9zY2FsaW5nIjpmYWxzZSwic3RhdGljSXBzIjp7ImFzc2lnbmVkIjowLCJyZWFzc2lnbmVkIjowfSwiYXJtQWxlcnRzIjpmYWxzZSwiYXBpcyI6eyJlbmFibGVkIjp0cnVlfSwibXFNZXNzYWdlcyI6eyJiYXNlIjowLCJhZGRPbiI6MH0sIm1xUmVxdWVzdHMiOnsiYmFzZSI6MCwiYWRkT24iOjB9LCJleHRlcm5hbElkZW50aXR5Ijp0cnVlLCJtcUFkdmFuY2VkRmVhdHVyZXMiOnsiZW5hYmxlZCI6ZmFsc2V9LCJ2cGNzIjp7ImFzc2lnbmVkIjowLCJyZWFzc2lnbmVkIjowfSwiaHlicmlkSW5zaWdodCI6ZmFsc2UsImRlc2lnbkNlbnRlciI6eyJtb3phcnQiOmZhbHNlLCJhcGkiOmZhbHNlfSwib2JqZWN0U3RvcmVSZXF1ZXN0VW5pdHMiOnsiYmFzZSI6MTUwMDAwMDAsImFkZE9uIjowfSwib2JqZWN0U3RvcmVLZXlzIjp7ImJhc2UiOjEwMDAwMCwiYWRkT24iOjB9LCJjYW0iOnsiZW5hYmxlZCI6ZmFsc2V9LCJsb2FkQmFsYW5jZXIiOnsiYXNzaWduZWQiOjAsInJlYXNzaWduZWQiOjB9LCJtZXNzYWdpbmciOnsiYXNzaWduZWQiOjB9fSwiZXh0ZXJuYWxBdXRob3JpemF0aW9uIjp0cnVlLCJleHRlcm5hbEF1dGhvcml6YXRpb25Qcm92aWRlciI6eyJuYW1lIjoiUG9ydGFsIEFwcGxpY2F0aW9uIE1hbmFnZW1lbnQgU3lzdGVtIChQQU1TKSIsInVybCI6Imh0dHBzOi8vd3NneC10ZXN0LmNpc2NvLmNvbS9wYW1zL2x0L2NlcG1TZXJ2aWNlL3YxLjUvbWdyc3J2cyIsInZlcnNpb24iOiIxLjUifSwiaWRlbnRpdHlNYW5hZ2VtZW50Ijp7InR5cGUiOiJQaW5nRmVkZXJhdGUifSwib2F1dGgyU2V0dGluZ3MiOnsiYXV0aG9yaXphdGlvbkdyYW50cyI6WyJjb2RlIiwidG9rZW4iLCJvd25lciIsImNyZWRlbnRpYWxzIl0sImF1dGhvcml6YXRpb25VcmkiOiJodHRwczovL2Nsb3Vkc3NvLXRlc3QuY2lzY28uY29tL2FzL2F1dGhvcml6YXRpb24ub2F1dGgyIiwiYWNjZXNzVG9rZW5VcmkiOiJodHRwczovL2Nsb3Vkc3NvLXRlc3QuY2lzY28uY29tL2FzL3Rva2VuLm9hdXRoMiIsImdyYW50VHlwZXMiOlt7Im5hbWUiOiJwYXNzd29yZCIsImxhYmVsIjoiUmVzb3VyY2UgT3duZXIgR3JhbnQiLCJyZXF1aXJlZCI6ZmFsc2UsImV4Y2x1ZGUiOltdLCJkZXBlbmRzIjpbXX0seyJuYW1lIjoiaW1wbGljaXQiLCJsYWJlbCI6IkltcGxpY2l0IEdyYW50IiwicmVxdWlyZWQiOmZhbHNlLCJleGNsdWRlIjpbXSwiZGVwZW5kcyI6W119LHsibmFtZSI6ImNsaWVudF9jcmVkZW50aWFscyIsImxhYmVsIjoiQ2xpZW50IENyZWRlbnRpYWxzIEdyYW50IiwicmVxdWlyZWQiOmZhbHNlLCJleGNsdWRlIjpbXSwiZGVwZW5kcyI6W119LHsibmFtZSI6ImF1dGhvcml6YXRpb25fY29kZSIsImxhYmVsIjoiQXV0aG9yaXphdGlvbiBDb2RlIEdyYW50IiwicmVxdWlyZWQiOmZhbHNlLCJleGNsdWRlIjpbXSwiZGVwZW5kcyI6W119LHsibmFtZSI6InJlZnJlc2hfdG9rZW4iLCJsYWJlbCI6IlJlZnJlc2ggVG9rZW4iLCJyZXF1aXJlZCI6ZmFsc2UsImV4Y2x1ZGUiOltdLCJkZXBlbmRzIjpbImF1dGhvcml6YXRpb25fY29kZSIsInBhc3N3b3JkIl19XX19LCJpbnRlcmFjdGl2ZUxvZ2luIjp0cnVlLCJ0b2tlbiI6ImEyYzg0ODE1LThjYjgtNGE3Ni1iNmU0LTg4MGM3ZTc2MGNlYiIsImlhdCI6MTQ4NjU4Njc4OCwiYXVkIjoiaHR0cDovL2FwaS1wbGF0Zm9ybS1hcGkvcmVwb3NpdG9yeSIsImlzcyI6Imh0dHA6Ly9hcGktcGxhdGZvcm0tYXBpL3JlcG9zaXRvcnkifQ.YOsto-KJMgjQZxFXe6FFipYd8TIh4P1HIlJ5Tg6a9Ps
				Accept=*/*
				Content-Type=application/json; charset=UTF-8
Cookies:		&lt;none&gt;
Body:			&lt;none&gt;
2017-02-08 17:50:30,324 INFO   Message - 
HTTP Response: 
Headers: Access-Control-Allow-Origin: *
Content-Type: application/json; charset=utf-8
Date: Wed, 08 Feb 2017 20:50:30 GMT
ETag: W/&quot;7767-87jcrGXE24wvVTd8jYfZUA&quot;
Expires: -1
Server: nginx
Content-Length: 30567
Connection: keep-alive
Status code: 200
Payload: {
  &quot;applications&quot;: [
    {
      &quot;audit&quot;: {
        &quot;created&quot;: {
          &quot;date&quot;: &quot;2017-02-08T17:34:23.971Z&quot;
        },
        &quot;updated&quot;: {}
      },
      &quot;masterOrganizationId&quot;: &quot;5000db95-c5d4-487f-925e-3f82f15a5499&quot;,
      &quot;id&quot;: 43279,
      &quot;name&quot;: &quot;zTest ClientID AppR xdfbpbofyr&quot;,
      &quot;description&quot;: &quot;Application description&quot;,
      &quot;coreServicesId&quot;: &quot;ba70fca5737d464696d43bfe1cc3d0b5&quot;,
      &quot;url&quot;: &quot;http://localhost:1234&quot;
    },
    {
      &quot;audit&quot;: {
        &quot;created&quot;: {
          &quot;date&quot;: &quot;2017-02-08T17:34:27.539Z&quot;
        },
        &quot;updated&quot;: {}
      },
      &quot;masterOrganizationId&quot;: &quot;5000db95-c5d4-487f-925e-3f82f15a5499&quot;,
      &quot;id&quot;: 43280,
      &quot;name&quot;: &quot;zTest ClientID AppR lwywzhqimc&quot;,
      &quot;description&quot;: &quot;Application description&quot;,
      &quot;coreServicesId&quot;: &quot;967afb104d9345f4a68028200716f4a7&quot;,
      &quot;url&quot;: &quot;http://localhost:1234&quot;
    },
    {
      &quot;audit&quot;: {
        &quot;created&quot;: {
          &quot;date&quot;: &quot;2017-02-08T17:35:19.744Z&quot;
        },
        &quot;updated&quot;: {}
      },
      &quot;masterOrganizationId&quot;: &quot;5000db95-c5d4-487f-925e-3f82f15a5499&quot;,
      &quot;id&quot;: 43281,
      &quot;name&quot;: &quot;zTest ClientID AppR ivysmfaoqw&quot;,
      &quot;description&quot;: &quot;Application description&quot;,
      &quot;coreServicesId&quot;: &quot;2aef463cc85d4df297119142b35aba16&quot;,
      &quot;url&quot;: &quot;http://localhost:1234&quot;
    },
    {
      &quot;audit&quot;: {
        &quot;created&quot;: {
          &quot;date&quot;: &quot;2017-02-08T15:11:54.784Z&quot;
        },
        &quot;updated&quot;: {}
      },
      &quot;masterOrganizationId&quot;: &quot;5000db95-c5d4-487f-925e-3f82f15a5499&quot;,
      &quot;id&quot;: 43266,
      &quot;name&quot;: &quot;TestApp&quot;,
      &quot;coreServicesId&quot;: &quot;d16a138be2184b3ab2d4ddc31f51e4f3&quot;
    },
    {
      &quot;audit&quot;: {
        &quot;created&quot;: {
          &quot;date&quot;: &quot;2017-02-08T20:03:35.649Z&quot;
        },
        &quot;updated&quot;: {}
      },
      &quot;masterOrganizationId&quot;: &quot;5000db95-c5d4-487f-925e-3f82f15a5499&quot;,
      &quot;id&quot;: 43396,
      &quot;name&quot;: &quot;pTest ClientID AppPerf yzvllyt&quot;,
      &quot;description&quot;: &quot;Application description&quot;,
      &quot;coreServicesId&quot;: &quot;e3061fd32621428082d56b90f2034610&quot;,
      &quot;url&quot;: &quot;http://localhost:1234&quot;
    },
    {
      &quot;audit&quot;: {
        &quot;created&quot;: {
          &quot;date&quot;: &quot;2017-02-08T20:03:07.571Z&quot;
        },
        &quot;updated&quot;: {}
      },
      &quot;masterOrganizationId&quot;: &quot;5000db95-c5d4-487f-925e-3f82f15a5499&quot;,
      &quot;id&quot;: 43390,
      &quot;name&quot;: &quot;pTest ClientID AppPerf ytwywbq&quot;,
      &quot;description&quot;: &quot;Application description&quot;,
      &quot;coreServicesId&quot;: &quot;2141afee433e482580f2e50677273512&quot;,
      &quot;url&quot;: &quot;http://localhost:1234&quot;
    },
    {
      &quot;audit&quot;: {
        &quot;created&quot;: {
          &quot;date&quot;: &quot;2017-02-08T19:59:15.654Z&quot;
        },
        &quot;updated&quot;: {}
      },
      &quot;masterOrganizationId&quot;: &quot;5000db95-c5d4-487f-925e-3f82f15a5499&quot;,
      &quot;id&quot;: 43335,
      &quot;name&quot;: &quot;pTest ClientID AppPerf ynbqddv&quot;,
      &quot;description&quot;: &quot;Application description&quot;,
      &quot;coreServicesId&quot;: &quot;5440fa2889724b128783b732f20a6377&quot;,
      &quot;url&quot;: &quot;http://localhost:1234&quot;
    },
    {
      &quot;audit&quot;: {
        &quot;created&quot;: {
          &quot;date&quot;: &quot;2017-02-08T19:58:18.625Z&quot;
        },
        &quot;updated&quot;: {}
      },
      &quot;masterOrganizationId&quot;: &quot;5000db95-c5d4-487f-925e-3f82f15a5499&quot;,
      &quot;id&quot;: 43321,
      &quot;name&quot;: &quot;pTest ClientID AppPerf ygysmjv&quot;,
      &quot;description&quot;: &quot;Application description&quot;,
      &quot;coreServicesId&quot;: &quot;7d61c1dc5e1f438bb47a17752c78b680&quot;,
      &quot;url&quot;: &quot;http://localhost:1234&quot;
    },
    {
      &quot;audit&quot;: {
        &quot;created&quot;: {
          &quot;date&quot;: &quot;2017-02-08T19:58:59.520Z&quot;
        },
        &quot;updated&quot;: {}
      },
      &quot;masterOrganizationId&quot;: &quot;5000db95-c5d4-487f-925e-3f82f15a5499&quot;,
      &quot;id&quot;: 43331,
      &quot;name&quot;: &quot;pTest ClientID AppPerf yewgsae&quot;,
      &quot;description&quot;: &quot;Application description&quot;,
      &quot;coreServicesId&quot;: &quot;dcf2a69775c3401993b638b33057d93a&quot;,
      &quot;url&quot;: &quot;http://localhost:1234&quot;
    },
    {
      &quot;audit&quot;: {
        &quot;created&quot;: {
          &quot;date&quot;: &quot;2017-02-08T20:01:39.920Z&quot;
        },
        &quot;updated&quot;: {}
      },
      &quot;masterOrganizationId&quot;: &quot;5000db95-c5d4-487f-925e-3f82f15a5499&quot;,
      &quot;id&quot;: 43370,
      &quot;name&quot;: &quot;pTest ClientID AppPerf xrrbpgj&quot;,
      &quot;description&quot;: &quot;Application description&quot;,
      &quot;coreServicesId&quot;: &quot;a82e9b424c6141b6a49b66f7d7fde965&quot;,
      &quot;url&quot;: &quot;http://localhost:1234&quot;
    },
    {
      &quot;audit&quot;: {
        &quot;created&quot;: {
          &quot;date&quot;: &quot;2017-02-08T20:03:46.635Z&quot;
        },
        &quot;updated&quot;: {}
      },
      &quot;masterOrganizationId&quot;: &quot;5000db95-c5d4-487f-925e-3f82f15a5499&quot;,
      &quot;id&quot;: 43398,
      &quot;name&quot;: &quot;pTest ClientID AppPerf wjzfrev&quot;,
      &quot;description&quot;: &quot;Application description&quot;,
      &quot;coreServicesId&quot;: &quot;2aa5e947cdad460e8a411532138b38fa&quot;,
      &quot;url&quot;: &quot;http://localhost:1234&quot;
    },
    {
      &quot;audit&quot;: {
        &quot;created&quot;: {
          &quot;date&quot;: &quot;2017-02-08T19:59:36.626Z&quot;
        },
        &quot;updated&quot;: {}
      },
      &quot;masterOrganizationId&quot;: &quot;5000db95-c5d4-487f-925e-3f82f15a5499&quot;,
      &quot;id&quot;: 43340,
      &quot;name&quot;: &quot;pTest ClientID AppPerf wilrwpc&quot;,
      &quot;description&quot;: &quot;Application description&quot;,
      &quot;coreServicesId&quot;: &quot;b05c640440f0488b879e580bee98abe2&quot;,
      &quot;url&quot;: &quot;http://localhost:1234&quot;
    },
    {
      &quot;audit&quot;: {
        &quot;created&quot;: {
          &quot;date&quot;: &quot;2017-02-08T20:03:19.272Z&quot;
        },
        &quot;updated&quot;: {}
      },
      &quot;masterOrganizationId&quot;: &quot;5000db95-c5d4-487f-925e-3f82f15a5499&quot;,
      &quot;id&quot;: 43392,
      &quot;name&quot;: &quot;pTest ClientID AppPerf wdoipcz&quot;,
      &quot;description&quot;: &quot;Application description&quot;,
      &quot;coreServicesId&quot;: &quot;5ee5e4dc4fad4fc39b55010fad72c541&quot;,
      &quot;url&quot;: &quot;http://localhost:1234&quot;
    },
    {
      &quot;audit&quot;: {
        &quot;created&quot;: {
          &quot;date&quot;: &quot;2017-02-08T19:59:49.585Z&quot;
        },
        &quot;updated&quot;: {}
      },
      &quot;masterOrganizationId&quot;: &quot;5000db95-c5d4-487f-925e-3f82f15a5499&quot;,
      &quot;id&quot;: 43343,
      &quot;name&quot;: &quot;pTest ClientID AppPerf wcpyipl&quot;,
      &quot;description&quot;: &quot;Application description&quot;,
      &quot;coreServicesId&quot;: &quot;79980d7121d847808d9aaa5c1ce3617a&quot;,
      &quot;url&quot;: &quot;http://localhost:1234&quot;
    },
    {
      &quot;audit&quot;: {
        &quot;created&quot;: {
          &quot;date&quot;: &quot;2017-02-08T20:02:34.270Z&quot;
        },
        &quot;updated&quot;: {}
      },
      &quot;masterOrganizationId&quot;: &quot;5000db95-c5d4-487f-925e-3f82f15a5499&quot;,
      &quot;id&quot;: 43383,
      &quot;name&quot;: &quot;pTest ClientID AppPerf vpymvqj&quot;,
      &quot;description&quot;: &quot;Application description&quot;,
      &quot;coreServicesId&quot;: &quot;79c1d91c301a4d0d856a37407029e789&quot;,
      &quot;url&quot;: &quot;http://localhost:1234&quot;
    },
    {
      &quot;audit&quot;: {
        &quot;created&quot;: {
          &quot;date&quot;: &quot;2017-02-08T20:01:24.213Z&quot;
        },
        &quot;updated&quot;: {}
      },
      &quot;masterOrganizationId&quot;: &quot;5000db95-c5d4-487f-925e-3f82f15a5499&quot;,
      &quot;id&quot;: 43366,
      &quot;name&quot;: &quot;pTest ClientID AppPerf vprkppj&quot;,
      &quot;description&quot;: &quot;Application description&quot;,
      &quot;coreServicesId&quot;: &quot;c5eabb90a8444d22a360e500377363f2&quot;,
      &quot;url&quot;: &quot;http://localhost:1234&quot;
    },
    {
      &quot;audit&quot;: {
        &quot;created&quot;: {
          &quot;date&quot;: &quot;2017-02-08T19:59:07.683Z&quot;
        },
        &quot;updated&quot;: {}
      },
      &quot;masterOrganizationId&quot;: &quot;5000db95-c5d4-487f-925e-3f82f15a5499&quot;,
      &quot;id&quot;: 43333,
      &quot;name&quot;: &quot;pTest ClientID AppPerf vamjwtk&quot;,
      &quot;description&quot;: &quot;Application description&quot;,
      &quot;coreServicesId&quot;: &quot;e7f0832140ae451caa8e7eea84960b02&quot;,
      &quot;url&quot;: &quot;http://localhost:1234&quot;
    },
    {
      &quot;audit&quot;: {
        &quot;created&quot;: {
          &quot;date&quot;: &quot;2017-02-08T19:57:12.519Z&quot;
        },
        &quot;updated&quot;: {}
      },
      &quot;masterOrganizationId&quot;: &quot;5000db95-c5d4-487f-925e-3f82f15a5499&quot;,
      &quot;id&quot;: 43305,
      &quot;name&quot;: &quot;pTest ClientID AppPerf uunpmwn&quot;,
      &quot;description&quot;: &quot;Application description&quot;,
      &quot;coreServicesId&quot;: &quot;49c40749479c4632b0bcab69e82157d0&quot;,
      &quot;url&quot;: &quot;http://localhost:1234&quot;
    },
    {
      &quot;audit&quot;: {
        &quot;created&quot;: {
          &quot;date&quot;: &quot;2017-02-08T19:58:34.880Z&quot;
        },
        &quot;updated&quot;: {}
      },
      &quot;masterOrganizationId&quot;: &quot;5000db95-c5d4-487f-925e-3f82f15a5499&quot;,
      &quot;id&quot;: 43325,
      &quot;name&quot;: &quot;pTest ClientID AppPerf uslrwen&quot;,
      &quot;description&quot;: &quot;Application description&quot;,
      &quot;coreServicesId&quot;: &quot;cea82ac4436c4deea33cbdfab687f4da&quot;,
      &quot;url&quot;: &quot;http://localhost:1234&quot;
    },
    {
      &quot;audit&quot;: {
        &quot;created&quot;: {
          &quot;date&quot;: &quot;2017-02-08T19:58:47.513Z&quot;
        },
        &quot;updated&quot;: {}
      },
      &quot;masterOrganizationId&quot;: &quot;5000db95-c5d4-487f-925e-3f82f15a5499&quot;,
      &quot;id&quot;: 43328,
      &quot;name&quot;: &quot;pTest ClientID AppPerf uscenbw&quot;,
      &quot;description&quot;: &quot;Application description&quot;,
      &quot;coreServicesId&quot;: &quot;91ff03b7b64449f2848d5169aa07aec8&quot;,
      &quot;url&quot;: &quot;http://localhost:1234&quot;
    },
    {
      &quot;audit&quot;: {
        &quot;created&quot;: {
          &quot;date&quot;: &quot;2017-02-08T19:57:16.537Z&quot;
        },
        &quot;updated&quot;: {}
      },
      &quot;masterOrganizationId&quot;: &quot;5000db95-c5d4-487f-925e-3f82f15a5499&quot;,
      &quot;id&quot;: 43306,
      &quot;name&quot;: &quot;pTest ClientID AppPerf ujovjeg&quot;,
      &quot;description&quot;: &quot;Application description&quot;,
      &quot;coreServicesId&quot;: &quot;b609397389f848d7bb97461466d6ac5e&quot;,
      &quot;url&quot;: &quot;http://localhost:1234&quot;
    },
    {
      &quot;audit&quot;: {
        &quot;created&quot;: {
          &quot;date&quot;: &quot;2017-02-08T19:58:55.583Z&quot;
        },
        &quot;updated&quot;: {}
      },
      &quot;masterOrganizationId&quot;: &quot;5000db95-c5d4-487f-925e-3f82f15a5499&quot;,
      &quot;id&quot;: 43330,
      &quot;name&quot;: &quot;pTest ClientID AppPerf uagqhkt&quot;,
      &quot;description&quot;: &quot;Application description&quot;,
      &quot;coreServicesId&quot;: &quot;1eea60187e82471ca793443c8e77539b&quot;,
      &quot;url&quot;: &quot;http://localhost:1234&quot;
    },
    {
      &quot;audit&quot;: {
        &quot;created&quot;: {
          &quot;date&quot;: &quot;2017-02-08T20:02:26.152Z&quot;
        },
        &quot;updated&quot;: {}
      },
      &quot;masterOrganizationId&quot;: &quot;5000db95-c5d4-487f-925e-3f82f15a5499&quot;,
      &quot;id&quot;: 43381,
      &quot;name&quot;: &quot;pTest ClientID AppPerf ttmzkae&quot;,
      &quot;description&quot;: &quot;Application description&quot;,
      &quot;coreServicesId&quot;: &quot;84712fe5e3434cccbaf1f14ca603d126&quot;,
      &quot;url&quot;: &quot;http://localhost:1234&quot;
    },
    {
      &quot;audit&quot;: {
        &quot;created&quot;: {
          &quot;date&quot;: &quot;2017-02-08T19:58:43.257Z&quot;
        },
        &quot;updated&quot;: {}
      },
      &quot;masterOrganizationId&quot;: &quot;5000db95-c5d4-487f-925e-3f82f15a5499&quot;,
      &quot;id&quot;: 43327,
      &quot;name&quot;: &quot;pTest ClientID AppPerf tpmrish&quot;,
      &quot;description&quot;: &quot;Application description&quot;,
      &quot;coreServicesId&quot;: &quot;79ffe22029834335ae59cca88684afbb&quot;,
      &quot;url&quot;: &quot;http://localhost:1234&quot;
    },
    {
      &quot;audit&quot;: {
        &quot;created&quot;: {
          &quot;date&quot;: &quot;2017-02-08T20:00:58.307Z&quot;
        },
        &quot;updated&quot;: {}
      },
      &quot;masterOrganizationId&quot;: &quot;5000db95-c5d4-487f-925e-3f82f15a5499&quot;,
      &quot;id&quot;: 43360,
      &quot;name&quot;: &quot;pTest ClientID AppPerf tpmacki&quot;,
      &quot;description&quot;: &quot;Application description&quot;,
      &quot;coreServicesId&quot;: &quot;671cc789f573439aa096c1278e6d47b1&quot;,
      &quot;url&quot;: &quot;http://localhost:1234&quot;
    },
    {
      &quot;audit&quot;: {
        &quot;created&quot;: {
          &quot;date&quot;: &quot;2017-02-08T19:59:03.771Z&quot;
        },
        &quot;updated&quot;: {}
      },
      &quot;masterOrganizationId&quot;: &quot;5000db95-c5d4-487f-925e-3f82f15a5499&quot;,
      &quot;id&quot;: 43332,
      &quot;name&quot;: &quot;pTest ClientID AppPerf tnxsfhh&quot;,
      &quot;description&quot;: &quot;Application description&quot;,
      &quot;coreServicesId&quot;: &quot;6cc17ed2a1734df787495d063cdbd0de&quot;,
      &quot;url&quot;: &quot;http://localhost:1234&quot;
    },
    {
      &quot;audit&quot;: {
        &quot;created&quot;: {
          &quot;date&quot;: &quot;2017-02-08T19:58:14.530Z&quot;
        },
        &quot;updated&quot;: {}
      },
      &quot;masterOrganizationId&quot;: &quot;5000db95-c5d4-487f-925e-3f82f15a5499&quot;,
      &quot;id&quot;: 43320,
      &quot;name&quot;: &quot;pTest ClientID AppPerf tmnfrzm&quot;,
      &quot;description&quot;: &quot;Application description&quot;,
      &quot;coreServicesId&quot;: &quot;3e0dc6ee502d4fc79b8b660130d616bd&quot;,
      &quot;url&quot;: &quot;http://localhost:1234&quot;
    },
    {
      &quot;audit&quot;: {
        &quot;created&quot;: {
          &quot;date&quot;: &quot;2017-02-08T20:02:46.787Z&quot;
        },
        &quot;updated&quot;: {}
      },
      &quot;masterOrganizationId&quot;: &quot;5000db95-c5d4-487f-925e-3f82f15a5499&quot;,
      &quot;id&quot;: 43385,
      &quot;name&quot;: &quot;pTest ClientID AppPerf tkjbays&quot;,
      &quot;description&quot;: &quot;Application description&quot;,
      &quot;coreServicesId&quot;: &quot;cccf797e4d9d4f3d891ff3a26287b103&quot;,
      &quot;url&quot;: &quot;http://localhost:1234&quot;
    },
    {
      &quot;audit&quot;: {
        &quot;created&quot;: {
          &quot;date&quot;: &quot;2017-02-08T19:58:26.786Z&quot;
        },
        &quot;updated&quot;: {}
      },
      &quot;masterOrganizationId&quot;: &quot;5000db95-c5d4-487f-925e-3f82f15a5499&quot;,
      &quot;id&quot;: 43323,
      &quot;name&quot;: &quot;pTest ClientID AppPerf tjmkxqm&quot;,
      &quot;description&quot;: &quot;Application description&quot;,
      &quot;coreServicesId&quot;: &quot;6e9b2e3a1f224263b7f84c4111618b0c&quot;,
      &quot;url&quot;: &quot;http://localhost:1234&quot;
    },
    {
      &quot;audit&quot;: {
        &quot;created&quot;: {
          &quot;date&quot;: &quot;2017-02-08T20:01:06.577Z&quot;
        },
        &quot;updated&quot;: {}
      },
      &quot;masterOrganizationId&quot;: &quot;5000db95-c5d4-487f-925e-3f82f15a5499&quot;,
      &quot;id&quot;: 43362,
      &quot;name&quot;: &quot;pTest ClientID AppPerf tfnirvb&quot;,
      &quot;description&quot;: &quot;Application description&quot;,
      &quot;coreServicesId&quot;: &quot;18458b4cec6b4001846af0f54478bc9b&quot;,
      &quot;url&quot;: &quot;http://localhost:1234&quot;
    },
    {
      &quot;audit&quot;: {
        &quot;created&quot;: {
          &quot;date&quot;: &quot;2017-02-08T20:02:50.679Z&quot;
        },
        &quot;updated&quot;: {}
      },
      &quot;masterOrganizationId&quot;: &quot;5000db95-c5d4-487f-925e-3f82f15a5499&quot;,
      &quot;id&quot;: 43386,
      &quot;name&quot;: &quot;pTest ClientID AppPerf snyttso&quot;,
      &quot;description&quot;: &quot;Application description&quot;,
      &quot;coreServicesId&quot;: &quot;71109c62f60b4c38813a625cd16fba7b&quot;,
      &quot;url&quot;: &quot;http://localhost:1234&quot;
    },
    {
      &quot;audit&quot;: {
        &quot;created&quot;: {
          &quot;date&quot;: &quot;2017-02-08T19:55:07.223Z&quot;
        },
        &quot;updated&quot;: {}
      },
      &quot;masterOrganizationId&quot;: &quot;5000db95-c5d4-487f-925e-3f82f15a5499&quot;,
      &quot;id&quot;: 43303,
      &quot;name&quot;: &quot;pTest ClientID AppPerf skqkxti&quot;,
      &quot;description&quot;: &quot;Application description&quot;,
      &quot;coreServicesId&quot;: &quot;83902edac14f45d1b15b440ed3c6000d&quot;,
      &quot;url&quot;: &quot;http://localhost:1234&quot;
    },
    {
      &quot;audit&quot;: {
        &quot;created&quot;: {
          &quot;date&quot;: &quot;2017-02-08T20:02:13.993Z&quot;
        },
        &quot;updated&quot;: {}
      },
      &quot;masterOrganizationId&quot;: &quot;5000db95-c5d4-487f-925e-3f82f15a5499&quot;,
      &quot;id&quot;: 43378,
      &quot;name&quot;: &quot;pTest ClientID AppPerf rmysphk&quot;,
      &quot;description&quot;: &quot;Application description&quot;,
      &quot;coreServicesId&quot;: &quot;01e8bc69458445d89bdcbe52842169f9&quot;,
      &quot;url&quot;: &quot;http://localhost:1234&quot;
    },
    {
      &quot;audit&quot;: {
        &quot;created&quot;: {
          &quot;date&quot;: &quot;2017-02-08T20:00:34.212Z&quot;
        },
        &quot;updated&quot;: {}
      },
      &quot;masterOrganizationId&quot;: &quot;5000db95-c5d4-487f-925e-3f82f15a5499&quot;,
      &quot;id&quot;: 43354,
      &quot;name&quot;: &quot;pTest ClientID AppPerf rhqdvnh&quot;,
      &quot;description&quot;: &quot;Application description&quot;,
      &quot;coreServicesId&quot;: &quot;39e879082ca54971aafab97370168bb2&quot;,
      &quot;url&quot;: &quot;http://localhost:1234&quot;
    },
    {
      &quot;audit&quot;: {
        &quot;created&quot;: {
          &quot;date&quot;: &quot;2017-02-08T19:58:30.803Z&quot;
        },
        &quot;updated&quot;: {}
      },
      &quot;masterOrganizationId&quot;: &quot;5000db95-c5d4-487f-925e-3f82f15a5499&quot;,
      &quot;id&quot;: 43324,
      &quot;name&quot;: &quot;pTest ClientID AppPerf qzflnmz&quot;,
      &quot;description&quot;: &quot;Application description&quot;,
      &quot;coreServicesId&quot;: &quot;8601eca6ab9e40af818e60101ecef235&quot;,
      &quot;url&quot;: &quot;http://localhost:1234&quot;
    },
    {
      &quot;audit&quot;: {
        &quot;created&quot;: {
          &quot;date&quot;: &quot;2017-02-08T20:02:38.716Z&quot;
        },
        &quot;updated&quot;: {}
      },
      &quot;masterOrganizationId&quot;: &quot;5000db95-c5d4-487f-925e-3f82f15a5499&quot;,
      &quot;id&quot;: 43384,
      &quot;name&quot;: &quot;pTest ClientID AppPerf qywhblu&quot;,
      &quot;description&quot;: &quot;Application description&quot;,
      &quot;coreServicesId&quot;: &quot;cde3f93b95854f4ab4b56cdab9615b25&quot;,
      &quot;url&quot;: &quot;http://localhost:1234&quot;
    },
    {
      &quot;audit&quot;: {
        &quot;created&quot;: {
          &quot;date&quot;: &quot;2017-02-08T20:00:14.157Z&quot;
        },
        &quot;updated&quot;: {}
      },
      &quot;masterOrganizationId&quot;: &quot;5000db95-c5d4-487f-925e-3f82f15a5499&quot;,
      &quot;id&quot;: 43349,
      &quot;name&quot;: &quot;pTest ClientID AppPerf qvpipbh&quot;,
      &quot;description&quot;: &quot;Application description&quot;,
      &quot;coreServicesId&quot;: &quot;7fc6a81850c34e6d9b91aafe0233d325&quot;,
      &quot;url&quot;: &quot;http://localhost:1234&quot;
    },
    {
      &quot;audit&quot;: {
        &quot;created&quot;: {
          &quot;date&quot;: &quot;2017-02-08T20:00:18.284Z&quot;
        },
        &quot;updated&quot;: {}
      },
      &quot;masterOrganizationId&quot;: &quot;5000db95-c5d4-487f-925e-3f82f15a5499&quot;,
      &quot;id&quot;: 43350,
      &quot;name&quot;: &quot;pTest ClientID AppPerf qjvqmun&quot;,
      &quot;description&quot;: &quot;Application description&quot;,
      &quot;coreServicesId&quot;: &quot;a5afa3d19ccd49e4844e8317ee2b612e&quot;,
      &quot;url&quot;: &quot;http://localhost:1234&quot;
    },
    {
      &quot;audit&quot;: {
        &quot;created&quot;: {
          &quot;date&quot;: &quot;2017-02-08T20:00:38.101Z&quot;
        },
        &quot;updated&quot;: {}
      },
      &quot;masterOrganizationId&quot;: &quot;5000db95-c5d4-487f-925e-3f82f15a5499&quot;,
      &quot;id&quot;: 43355,
      &quot;name&quot;: &quot;pTest ClientID AppPerf pyymial&quot;,
      &quot;description&quot;: &quot;Application description&quot;,
      &quot;coreServicesId&quot;: &quot;c8b73bc1101947dba0d6f63bd1d84aa5&quot;,
      &quot;url&quot;: &quot;http://localhost:1234&quot;
    },
    {
      &quot;audit&quot;: {
        &quot;created&quot;: {
          &quot;date&quot;: &quot;2017-02-08T20:00:50.481Z&quot;
        },
        &quot;updated&quot;: {}
      },
      &quot;masterOrganizationId&quot;: &quot;5000db95-c5d4-487f-925e-3f82f15a5499&quot;,
      &quot;id&quot;: 43358,
      &quot;name&quot;: &quot;pTest ClientID AppPerf puivbzp&quot;,
      &quot;description&quot;: &quot;Application description&quot;,
      &quot;coreServicesId&quot;: &quot;474cecb596c04756b56272ced814d942&quot;,
      &quot;url&quot;: &quot;http://localhost:1234&quot;
    },
    {
      &quot;audit&quot;: {
        &quot;created&quot;: {
          &quot;date&quot;: &quot;2017-02-08T20:00:42.574Z&quot;
        },
        &quot;updated&quot;: {}
      },
      &quot;masterOrganizationId&quot;: &quot;5000db95-c5d4-487f-925e-3f82f15a5499&quot;,
      &quot;id&quot;: 43356,
      &quot;name&quot;: &quot;pTest ClientID AppPerf ppfmwmq&quot;,
      &quot;description&quot;: &quot;Application description&quot;,
      &quot;coreServicesId&quot;: &quot;87ea07f586cd4015b3421653ea642b33&quot;,
      &quot;url&quot;: &quot;http://localhost:1234&quot;
    },
    {
      &quot;audit&quot;: {
        &quot;created&quot;: {
          &quot;date&quot;: &quot;2017-02-08T20:01:12.030Z&quot;
        },
        &quot;updated&quot;: {}
      },
      &quot;masterOrganizationId&quot;: &quot;5000db95-c5d4-487f-925e-3f82f15a5499&quot;,
      &quot;id&quot;: 43363,
      &quot;name&quot;: &quot;pTest ClientID AppPerf owylwqh&quot;,
      &quot;description&quot;: &quot;Application description&quot;,
      &quot;coreServicesId&quot;: &quot;88015c4bd8ae4c75ab27cdcbd3b2f016&quot;,
      &quot;url&quot;: &quot;http://localhost:1234&quot;
    },
    {
      &quot;audit&quot;: {
        &quot;created&quot;: {
          &quot;date&quot;: &quot;2017-02-08T19:59:53.582Z&quot;
        },
        &quot;updated&quot;: {}
      },
      &quot;masterOrganizationId&quot;: &quot;5000db95-c5d4-487f-925e-3f82f15a5499&quot;,
      &quot;id&quot;: 43344,
      &quot;name&quot;: &quot;pTest ClientID AppPerf otnxoss&quot;,
      &quot;description&quot;: &quot;Application description&quot;,
      &quot;coreServicesId&quot;: &quot;779be19004cd4429a5126d52743d64ef&quot;,
      &quot;url&quot;: &quot;http://localhost:1234&quot;
    },
    {
      &quot;audit&quot;: {
        &quot;created&quot;: {
          &quot;date&quot;: &quot;2017-02-08T19:57:50.297Z&quot;
        },
        &quot;updated&quot;: {}
      },
      &quot;masterOrganizationId&quot;: &quot;5000db95-c5d4-487f-925e-3f82f15a5499&quot;,
      &quot;id&quot;: 43314,
      &quot;name&quot;: &quot;pTest ClientID AppPerf okewjzl&quot;,
      &quot;description&quot;: &quot;Application description&quot;,
      &quot;coreServicesId&quot;: &quot;f3e77eb142024b2b9096c4a06abda8f7&quot;,
      &quot;url&quot;: &quot;http://localhost:1234&quot;
    },
    {
      &quot;audit&quot;: {
        &quot;created&quot;: {
          &quot;date&quot;: &quot;2017-02-08T19:58:39.280Z&quot;
        },
        &quot;updated&quot;: {}
      },
      &quot;masterOrganizationId&quot;: &quot;5000db95-c5d4-487f-925e-3f82f15a5499&quot;,
      &quot;id&quot;: 43326,
      &quot;name&quot;: &quot;pTest ClientID AppPerf njjyqvs&quot;,
      &quot;description&quot;: &quot;Application description&quot;,
      &quot;coreServicesId&quot;: &quot;26519489ce274818b363c1bc6a0dbaba&quot;,
      &quot;url&quot;: &quot;http://localhost:1234&quot;
    },
    {
      &quot;audit&quot;: {
        &quot;created&quot;: {
          &quot;date&quot;: &quot;2017-02-08T19:58:02.342Z&quot;
        },
        &quot;updated&quot;: {}
      },
      &quot;masterOrganizationId&quot;: &quot;5000db95-c5d4-487f-925e-3f82f15a5499&quot;,
      &quot;id&quot;: 43317,
      &quot;name&quot;: &quot;pTest ClientID AppPerf ncctalh&quot;,
      &quot;description&quot;: &quot;Application description&quot;,
      &quot;coreServicesId&quot;: &quot;ef1b48a56b744f3cafc281bbecba32f4&quot;,
      &quot;url&quot;: &quot;http://localhost:1234&quot;
    },
    {
      &quot;audit&quot;: {
        &quot;created&quot;: {
          &quot;date&quot;: &quot;2017-02-08T20:03:13.171Z&quot;
        },
        &quot;updated&quot;: {}
      },
      &quot;masterOrganizationId&quot;: &quot;5000db95-c5d4-487f-925e-3f82f15a5499&quot;,
      &quot;id&quot;: 43391,
      &quot;name&quot;: &quot;pTest ClientID AppPerf mycfgdz&quot;,
      &quot;description&quot;: &quot;Application description&quot;,
      &quot;coreServicesId&quot;: &quot;23ec7545bf0d45feb3d3b596d5c0d2d3&quot;,
      &quot;url&quot;: &quot;http://localhost:1234&quot;
    },
    {
      &quot;audit&quot;: {
        &quot;created&quot;: {
          &quot;date&quot;: &quot;2017-02-08T20:03:02.501Z&quot;
        },
        &quot;updated&quot;: {}
      },
      &quot;masterOrganizationId&quot;: &quot;5000db95-c5d4-487f-925e-3f82f15a5499&quot;,
      &quot;id&quot;: 43389,
      &quot;name&quot;: &quot;pTest ClientID AppPerf mxcrxhl&quot;,
      &quot;description&quot;: &quot;Application description&quot;,
      &quot;coreServicesId&quot;: &quot;2a176a055eaa4585a97d0c95134f5010&quot;,
      &quot;url&quot;: &quot;http://localhost:1234&quot;
    },
    {
      &quot;audit&quot;: {
        &quot;created&quot;: {
          &quot;date&quot;: &quot;2017-02-08T19:59:32.703Z&quot;
        },
        &quot;updated&quot;: {}
      },
      &quot;masterOrganizationId&quot;: &quot;5000db95-c5d4-487f-925e-3f82f15a5499&quot;,
      &quot;id&quot;: 43339,
      &quot;name&quot;: &quot;pTest ClientID AppPerf mnpyldk&quot;,
      &quot;description&quot;: &quot;Application description&quot;,
      &quot;coreServicesId&quot;: &quot;e8fdd7e78c3d422097f18ac7bd10ab53&quot;,
      &quot;url&quot;: &quot;http://localhost:1234&quot;
    },
    {
      &quot;audit&quot;: {
        &quot;created&quot;: {
          &quot;date&quot;: &quot;2017-02-08T20:02:02.242Z&quot;
        },
        &quot;updated&quot;: {}
      },
      &quot;masterOrganizationId&quot;: &quot;5000db95-c5d4-487f-925e-3f82f15a5499&quot;,
      &quot;id&quot;: 43375,
      &quot;name&quot;: &quot;pTest ClientID AppPerf mjewtud&quot;,
      &quot;description&quot;: &quot;Application description&quot;,
      &quot;coreServicesId&quot;: &quot;33bfea0d56f24177acec8515db7a581f&quot;,
      &quot;url&quot;: &quot;http://localhost:1234&quot;
    },
    {
      &quot;audit&quot;: {
        &quot;created&quot;: {
          &quot;date&quot;: &quot;2017-02-08T20:00:26.387Z&quot;
        },
        &quot;updated&quot;: {}
      },
      &quot;masterOrganizationId&quot;: &quot;5000db95-c5d4-487f-925e-3f82f15a5499&quot;,
      &quot;id&quot;: 43352,
      &quot;name&quot;: &quot;pTest ClientID AppPerf mghxduu&quot;,
      &quot;description&quot;: &quot;Application description&quot;,
      &quot;coreServicesId&quot;: &quot;e18d63d677884d338f4bbba943545a89&quot;,
      &quot;url&quot;: &quot;http://localhost:1234&quot;
    },
    {
      &quot;audit&quot;: {
        &quot;created&quot;: {
          &quot;date&quot;: &quot;2017-02-08T19:58:10.468Z&quot;
        },
        &quot;updated&quot;: {}
      },
      &quot;masterOrganizationId&quot;: &quot;5000db95-c5d4-487f-925e-3f82f15a5499&quot;,
      &quot;id&quot;: 43319,
      &quot;name&quot;: &quot;pTest ClientID AppPerf mbzshvb&quot;,
      &quot;description&quot;: &quot;Application description&quot;,
      &quot;coreServicesId&quot;: &quot;77c41dfa160b4063a14ef85434edc909&quot;,
      &quot;url&quot;: &quot;http://localhost:1234&quot;
    },
    {
      &quot;audit&quot;: {
        &quot;created&quot;: {
          &quot;date&quot;: &quot;2017-02-08T19:59:41.113Z&quot;
        },
        &quot;updated&quot;: {}
      },
      &quot;masterOrganizationId&quot;: &quot;5000db95-c5d4-487f-925e-3f82f15a5499&quot;,
      &quot;id&quot;: 43341,
      &quot;name&quot;: &quot;pTest ClientID AppPerf lznjgob&quot;,
      &quot;description&quot;: &quot;Application description&quot;,
      &quot;coreServicesId&quot;: &quot;b81c96f055d3479784b5017a2df0c9da&quot;,
      &quot;url&quot;: &quot;http://localhost:1234&quot;
    },
    {
      &quot;audit&quot;: {
        &quot;created&quot;: {
          &quot;date&quot;: &quot;2017-02-08T20:01:16.001Z&quot;
        },
        &quot;updated&quot;: {}
      },
      &quot;masterOrganizationId&quot;: &quot;5000db95-c5d4-487f-925e-3f82f15a5499&quot;,
      &quot;id&quot;: 43364,
      &quot;name&quot;: &quot;pTest ClientID AppPerf lttokum&quot;,
      &quot;description&quot;: &quot;Application description&quot;,
      &quot;coreServicesId&quot;: &quot;96eaa77d08474b01b7185879a7e5d39d&quot;,
      &quot;url&quot;: &quot;http://localhost:1234&quot;
    },
    {
      &quot;audit&quot;: {
        &quot;created&quot;: {
          &quot;date&quot;: &quot;2017-02-08T20:00:46.515Z&quot;
        },
        &quot;updated&quot;: {}
      },
      &quot;masterOrganizationId&quot;: &quot;5000db95-c5d4-487f-925e-3f82f15a5499&quot;,
      &quot;id&quot;: 43357,
      &quot;name&quot;: &quot;pTest ClientID AppPerf lrpcrzh&quot;,
      &quot;description&quot;: &quot;Application description&quot;,
      &quot;coreServicesId&quot;: &quot;3e8dcf49b7dc42e5abe481a3e78519fa&quot;,
      &quot;url&quot;: &quot;http://localhost:1234&quot;
    },
    {
      &quot;audit&quot;: {
        &quot;created&quot;: {
          &quot;date&quot;: &quot;2017-02-08T19:59:11.656Z&quot;
        },
        &quot;updated&quot;: {}
      },
      &quot;masterOrganizationId&quot;: &quot;5000db95-c5d4-487f-925e-3f82f15a5499&quot;,
      &quot;id&quot;: 43334,
      &quot;name&quot;: &quot;pTest ClientID AppPerf lgshble&quot;,
      &quot;description&quot;: &quot;Application description&quot;,
      &quot;coreServicesId&quot;: &quot;dbe4bbcaae4d4904bf85bdad05cd20d3&quot;,
      &quot;url&quot;: &quot;http://localhost:1234&quot;
    },
    {
      &quot;audit&quot;: {
        &quot;created&quot;: {
          &quot;date&quot;: &quot;2017-02-08T20:02:10.050Z&quot;
        },
        &quot;updated&quot;: {}
      },
      &quot;masterOrganizationId&quot;: &quot;5000db95-c5d4-487f-925e-3f82f15a5499&quot;,
      &quot;id&quot;: 43377,
      &quot;name&quot;: &quot;pTest ClientID AppPerf lbzvddl&quot;,
      &quot;description&quot;: &quot;Application description&quot;,
      &quot;coreServicesId&quot;: &quot;83b986ff9f1f44e0a4edb055777bb85c&quot;,
      &quot;url&quot;: &quot;http://localhost:1234&quot;
    },
    {
      &quot;audit&quot;: {
        &quot;created&quot;: {
          &quot;date&quot;: &quot;2017-02-08T20:02:30.137Z&quot;
        },
        &quot;updated&quot;: {}
      },
      &quot;masterOrganizationId&quot;: &quot;5000db95-c5d4-487f-925e-3f82f15a5499&quot;,
      &quot;id&quot;: 43382,
      &quot;name&quot;: &quot;pTest ClientID AppPerf kvfwuxb&quot;,
      &quot;description&quot;: &quot;Application description&quot;,
      &quot;coreServicesId&quot;: &quot;8efb45acb6db411884a423ef2ec14290&quot;,
      &quot;url&quot;: &quot;http://localhost:1234&quot;
    },
    {
      &quot;audit&quot;: {
        &quot;created&quot;: {
          &quot;date&quot;: &quot;2017-02-08T20:00:10.103Z&quot;
        },
        &quot;updated&quot;: {}
      },
      &quot;masterOrganizationId&quot;: &quot;5000db95-c5d4-487f-925e-3f82f15a5499&quot;,
      &quot;id&quot;: 43348,
      &quot;name&quot;: &quot;pTest ClientID AppPerf kimtjfa&quot;,
      &quot;description&quot;: &quot;Application description&quot;,
      &quot;coreServicesId&quot;: &quot;d90333c8fa8b4319aea7c45ac4577918&quot;,
      &quot;url&quot;: &quot;http://localhost:1234&quot;
    },
    {
      &quot;audit&quot;: {
        &quot;created&quot;: {
          &quot;date&quot;: &quot;2017-02-08T19:57:33.350Z&quot;
        },
        &quot;updated&quot;: {}
      },
      &quot;masterOrganizationId&quot;: &quot;5000db95-c5d4-487f-925e-3f82f15a5499&quot;,
      &quot;id&quot;: 43310,
      &quot;name&quot;: &quot;pTest ClientID AppPerf kgaobdf&quot;,
      &quot;description&quot;: &quot;Application description&quot;,
      &quot;coreServicesId&quot;: &quot;ec731f21f15c49f599f5961e6cc1bf92&quot;,
      &quot;url&quot;: &quot;http://localhost:1234&quot;
    },
    {
      &quot;audit&quot;: {
        &quot;created&quot;: {
          &quot;date&quot;: &quot;2017-02-08T20:01:58.193Z&quot;
        },
        &quot;updated&quot;: {}
      },
      &quot;masterOrganizationId&quot;: &quot;5000db95-c5d4-487f-925e-3f82f15a5499&quot;,
      &quot;id&quot;: 43374,
      &quot;name&quot;: &quot;pTest ClientID AppPerf kepszhc&quot;,
      &quot;description&quot;: &quot;Application description&quot;,
      &quot;coreServicesId&quot;: &quot;e1c1681a17b44fb5967e20155a5965d5&quot;,
      &quot;url&quot;: &quot;http://localhost:1234&quot;
    },
    {
      &quot;audit&quot;: {
        &quot;created&quot;: {
          &quot;date&quot;: &quot;2017-02-08T20:00:22.115Z&quot;
        },
        &quot;updated&quot;: {}
      },
      &quot;masterOrganizationId&quot;: &quot;5000db95-c5d4-487f-925e-3f82f15a5499&quot;,
      &quot;id&quot;: 43351,
      &quot;name&quot;: &quot;pTest ClientID AppPerf jxrhywu&quot;,
      &quot;description&quot;: &quot;Application description&quot;,
      &quot;coreServicesId&quot;: &quot;012713f321614f6b842cf0d71c52873e&quot;,
      &quot;url&quot;: &quot;http://localhost:1234&quot;
    },
    {
      &quot;audit&quot;: {
        &quot;created&quot;: {
          &quot;date&quot;: &quot;2017-02-08T19:57:37.833Z&quot;
        },
        &quot;updated&quot;: {}
      },
      &quot;masterOrganizationId&quot;: &quot;5000db95-c5d4-487f-925e-3f82f15a5499&quot;,
      &quot;id&quot;: 43311,
      &quot;name&quot;: &quot;pTest ClientID AppPerf jbrzygl&quot;,
      &quot;description&quot;: &quot;Application description&quot;,
      &quot;coreServicesId&quot;: &quot;438e8b59f1424d5ea784775108dd79f6&quot;,
      &quot;url&quot;: &quot;http://localhost:1234&quot;
    },
    {
      &quot;audit&quot;: {
        &quot;created&quot;: {
          &quot;date&quot;: &quot;2017-02-08T19:59:28.673Z&quot;
        },
        &quot;updated&quot;: {}
      },
      &quot;masterOrganizationId&quot;: &quot;5000db95-c5d4-487f-925e-3f82f15a5499&quot;,
      &quot;id&quot;: 43338,
      &quot;name&quot;: &quot;pTest ClientID AppPerf izzpxge&quot;,
      &quot;description&quot;: &quot;Application description&quot;,
      &quot;coreServicesId&quot;: &quot;909605a9f8d54feaa98e5f38fd6eed98&quot;,
      &quot;url&quot;: &quot;http://localhost:1234&quot;
    },
    {
      &quot;audit&quot;: {
        &quot;created&quot;: {
          &quot;date&quot;: &quot;2017-02-08T19:57:25.052Z&quot;
        },
        &quot;updated&quot;: {}
      },
      &quot;masterOrganizationId&quot;: &quot;5000db95-c5d4-487f-925e-3f82f15a5499&quot;,
      &quot;id&quot;: 43308,
      &quot;name&quot;: &quot;pTest ClientID AppPerf ixzozgq&quot;,
      &quot;description&quot;: &quot;Application description&quot;,
      &quot;coreServicesId&quot;: &quot;11cba647116f4cf996ef8db861e81c15&quot;,
      &quot;url&quot;: &quot;http://localhost:1234&quot;
    },
    {
      &quot;audit&quot;: {
        &quot;created&quot;: {
          &quot;date&quot;: &quot;2017-02-08T19:57:54.362Z&quot;
        },
        &quot;updated&quot;: {}
      },
      &quot;masterOrganizationId&quot;: &quot;5000db95-c5d4-487f-925e-3f82f15a5499&quot;,
      &quot;id&quot;: 43315,
      &quot;name&quot;: &quot;pTest ClientID AppPerf ivsfjro&quot;,
      &quot;description&quot;: &quot;Application description&quot;,
      &quot;coreServicesId&quot;: &quot;eeae040595c948abbd8c43f9d39c2564&quot;,
      &quot;url&quot;: &quot;http://localhost:1234&quot;
    },
    {
      &quot;audit&quot;: {
        &quot;created&quot;: {
          &quot;date&quot;: &quot;2017-02-08T20:00:54.287Z&quot;
        },
        &quot;updated&quot;: {}
      },
      &quot;masterOrganizationId&quot;: &quot;5000db95-c5d4-487f-925e-3f82f15a5499&quot;,
      &quot;id&quot;: 43359,
      &quot;name&quot;: &quot;pTest ClientID AppPerf itwfoek&quot;,
      &quot;description&quot;: &quot;Application description&quot;,
      &quot;coreServicesId&quot;: &quot;13ae42ca84ad45d09d002c1c588b8ab6&quot;,
      &quot;url&quot;: &quot;http://localhost:1234&quot;
    },
    {
      &quot;audit&quot;: {
        &quot;created&quot;: {
          &quot;date&quot;: &quot;2017-02-08T20:02:58.634Z&quot;
        },
        &quot;updated&quot;: {}
      },
      &quot;masterOrganizationId&quot;: &quot;5000db95-c5d4-487f-925e-3f82f15a5499&quot;,
      &quot;id&quot;: 43388,
      &quot;name&quot;: &quot;pTest ClientID AppPerf iozrbos&quot;,
      &quot;description&quot;: &quot;Application description&quot;,
      &quot;coreServicesId&quot;: &quot;ba865c710c394cd39818576f530851e9&quot;,
      &quot;url&quot;: &quot;http://localhost:1234&quot;
    },
    {
      &quot;audit&quot;: {
        &quot;created&quot;: {
          &quot;date&quot;: &quot;2017-02-08T20:01:32.195Z&quot;
        },
        &quot;updated&quot;: {}
      },
      &quot;masterOrganizationId&quot;: &quot;5000db95-c5d4-487f-925e-3f82f15a5499&quot;,
      &quot;id&quot;: 43368,
      &quot;name&quot;: &quot;pTest ClientID AppPerf imuaohm&quot;,
      &quot;description&quot;: &quot;Application description&quot;,
      &quot;coreServicesId&quot;: &quot;3b39a95651d94bbdbe86996fe82d7ce1&quot;,
      &quot;url&quot;: &quot;http://localhost:1234&quot;
    },
    {
      &quot;audit&quot;: {
        &quot;created&quot;: {
          &quot;date&quot;: &quot;2017-02-08T20:03:27.547Z&quot;
        },
        &quot;updated&quot;: {}
      },
      &quot;masterOrganizationId&quot;: &quot;5000db95-c5d4-487f-925e-3f82f15a5499&quot;,
      &quot;id&quot;: 43394,
      &quot;name&quot;: &quot;pTest ClientID AppPerf hyuxrnb&quot;,
      &quot;description&quot;: &quot;Application description&quot;,
      &quot;coreServicesId&quot;: &quot;c4fc29389076428bb99e9f0d06496d54&quot;,
      &quot;url&quot;: &quot;http://localhost:1234&quot;
    },
    {
      &quot;audit&quot;: {
        &quot;created&quot;: {
          &quot;date&quot;: &quot;2017-02-08T20:03:39.703Z&quot;
        },
        &quot;updated&quot;: {}
      },
      &quot;masterOrganizationId&quot;: &quot;5000db95-c5d4-487f-925e-3f82f15a5499&quot;,
      &quot;id&quot;: 43397,
      &quot;name&quot;: &quot;pTest ClientID AppPerf hxvdwqm&quot;,
      &quot;description&quot;: &quot;Application description&quot;,
      &quot;coreServicesId&quot;: &quot;beacb06d20d843bab2c6eace47a13e5e&quot;,
      &quot;url&quot;: &quot;http://localhost:1234&quot;
    },
    {
      &quot;audit&quot;: {
        &quot;created&quot;: {
          &quot;date&quot;: &quot;2017-02-08T19:58:06.479Z&quot;
        },
        &quot;updated&quot;: {}
      },
      &quot;masterOrganizationId&quot;: &quot;5000db95-c5d4-487f-925e-3f82f15a5499&quot;,
      &quot;id&quot;: 43318,
      &quot;name&quot;: &quot;pTest ClientID AppPerf hspimab&quot;,
      &quot;description&quot;: &quot;Application description&quot;,
      &quot;coreServicesId&quot;: &quot;6ea16c9cc5db4be6aa086c0866311fca&quot;,
      &quot;url&quot;: &quot;http://localhost:1234&quot;
    },
    {
      &quot;audit&quot;: {
        &quot;created&quot;: {
          &quot;date&quot;: &quot;2017-02-08T20:02:54.624Z&quot;
        },
        &quot;updated&quot;: {}
      },
      &quot;masterOrganizationId&quot;: &quot;5000db95-c5d4-487f-925e-3f82f15a5499&quot;,
      &quot;id&quot;: 43387,
      &quot;name&quot;: &quot;pTest ClientID AppPerf hrifxsp&quot;,
      &quot;description&quot;: &quot;Application description&quot;,
      &quot;coreServicesId&quot;: &quot;3f632065a1e34d438f0341b089d95d1d&quot;,
      &quot;url&quot;: &quot;http://localhost:1234&quot;
    },
    {
      &quot;audit&quot;: {
        &quot;created&quot;: {
          &quot;date&quot;: &quot;2017-02-08T19:58:51.549Z&quot;
        },
        &quot;updated&quot;: {}
      },
      &quot;masterOrganizationId&quot;: &quot;5000db95-c5d4-487f-925e-3f82f15a5499&quot;,
      &quot;id&quot;: 43329,
      &quot;name&quot;: &quot;pTest ClientID AppPerf hjfmcpy&quot;,
      &quot;description&quot;: &quot;Application description&quot;,
      &quot;coreServicesId&quot;: &quot;5bb974128619487c93c721561b656cc2&quot;,
      &quot;url&quot;: &quot;http://localhost:1234&quot;
    },
    {
      &quot;audit&quot;: {
        &quot;created&quot;: {
          &quot;date&quot;: &quot;2017-02-08T19:59:19.709Z&quot;
        },
        &quot;updated&quot;: {}
      },
      &quot;masterOrganizationId&quot;: &quot;5000db95-c5d4-487f-925e-3f82f15a5499&quot;,
      &quot;id&quot;: 43336,
      &quot;name&quot;: &quot;pTest ClientID AppPerf hivqfhn&quot;,
      &quot;description&quot;: &quot;Application description&quot;,
      &quot;coreServicesId&quot;: &quot;7a61dd8ee7dc4b54afa2cfe9b43f5384&quot;,
      &quot;url&quot;: &quot;http://localhost:1234&quot;
    },
    {
      &quot;audit&quot;: {
        &quot;created&quot;: {
          &quot;date&quot;: &quot;2017-02-08T20:01:28.194Z&quot;
        },
        &quot;updated&quot;: {}
      },
      &quot;masterOrganizationId&quot;: &quot;5000db95-c5d4-487f-925e-3f82f15a5499&quot;,
      &quot;id&quot;: 43367,
      &quot;name&quot;: &quot;pTest ClientID AppPerf hinkmar&quot;,
      &quot;description&quot;: &quot;Application description&quot;,
      &quot;coreServicesId&quot;: &quot;9d9123f24d7f4d2a965fbcf8a6511b83&quot;,
      &quot;url&quot;: &quot;http://localhost:1234&quot;
    },
    {
      &quot;audit&quot;: {
        &quot;created&quot;: {
          &quot;date&quot;: &quot;2017-02-08T20:03:23.438Z&quot;
        },
        &quot;updated&quot;: {}
      },
      &quot;masterOrganizationId&quot;: &quot;5000db95-c5d4-487f-925e-3f82f15a5499&quot;,
      &quot;id&quot;: 43393,
      &quot;name&quot;: &quot;pTest ClientID AppPerf guqvygm&quot;,
      &quot;description&quot;: &quot;Application description&quot;,
      &quot;coreServicesId&quot;: &quot;30a94976e611451fbed0b9663b32f74b&quot;,
      &quot;url&quot;: &quot;http://localhost:1234&quot;
    },
    {
      &quot;audit&quot;: {
        &quot;created&quot;: {
          &quot;date&quot;: &quot;2017-02-08T19:57:08.032Z&quot;
        },
        &quot;updated&quot;: {}
      },
      &quot;masterOrganizationId&quot;: &quot;5000db95-c5d4-487f-925e-3f82f15a5499&quot;,
      &quot;id&quot;: 43304,
      &quot;name&quot;: &quot;pTest ClientID AppPerf fzgitbl&quot;,
      &quot;description&quot;: &quot;Application description&quot;,
      &quot;coreServicesId&quot;: &quot;d26c2550072b4941ae3875449dbfe4dc&quot;,
      &quot;url&quot;: &quot;http://localhost:1234&quot;
    },
    {
      &quot;audit&quot;: {
        &quot;created&quot;: {
          &quot;date&quot;: &quot;2017-02-08T19:59:45.608Z&quot;
        },
        &quot;updated&quot;: {}
      },
      &quot;masterOrganizationId&quot;: &quot;5000db95-c5d4-487f-925e-3f82f15a5499&quot;,
      &quot;id&quot;: 43342,
      &quot;name&quot;: &quot;pTest ClientID AppPerf fsommrf&quot;,
      &quot;description&quot;: &quot;Application description&quot;,
      &quot;coreServicesId&quot;: &quot;10687d8724894b3197c04431e4053f8f&quot;,
      &quot;url&quot;: &quot;http://localhost:1234&quot;
    },
    {
      &quot;audit&quot;: {
        &quot;created&quot;: {
          &quot;date&quot;: &quot;2017-02-08T20:00:02.303Z&quot;
        },
        &quot;updated&quot;: {}
      },
      &quot;masterOrganizationId&quot;: &quot;5000db95-c5d4-487f-925e-3f82f15a5499&quot;,
      &quot;id&quot;: 43346,
      &quot;name&quot;: &quot;pTest ClientID AppPerf frccvaf&quot;,
      &quot;description&quot;: &quot;Application description&quot;,
      &quot;coreServicesId&quot;: &quot;0fca7b9e775046ee88da1bb105a26855&quot;,
      &quot;url&quot;: &quot;http://localhost:1234&quot;
    },
    {
      &quot;audit&quot;: {
        &quot;created&quot;: {
          &quot;date&quot;: &quot;2017-02-08T20:02:06.160Z&quot;
        },
        &quot;updated&quot;: {}
      },
      &quot;masterOrganizationId&quot;: &quot;5000db95-c5d4-487f-925e-3f82f15a5499&quot;,
      &quot;id&quot;: 43376,
      &quot;name&quot;: &quot;pTest ClientID AppPerf fjanwuy&quot;,
      &quot;description&quot;: &quot;Application description&quot;,
      &quot;coreServicesId&quot;: &quot;7ac608bbb7414b67badcdb489387570c&quot;,
      &quot;url&quot;: &quot;http://localhost:1234&quot;
    },
    {
      &quot;audit&quot;: {
        &quot;created&quot;: {
          &quot;date&quot;: &quot;2017-02-08T19:57:20.559Z&quot;
        },
        &quot;updated&quot;: {}
      },
      &quot;masterOrganizationId&quot;: &quot;5000db95-c5d4-487f-925e-3f82f15a5499&quot;,
      &quot;id&quot;: 43307,
      &quot;name&quot;: &quot;pTest ClientID AppPerf fisjzid&quot;,
      &quot;description&quot;: &quot;Application description&quot;,
      &quot;coreServicesId&quot;: &quot;d89337cc33ca4cc887ec538792e99502&quot;,
      &quot;url&quot;: &quot;http://localhost:1234&quot;
    },
    {
      &quot;audit&quot;: {
        &quot;created&quot;: {
          &quot;date&quot;: &quot;2017-02-08T19:51:19.164Z&quot;
        },
        &quot;updated&quot;: {}
      },
      &quot;masterOrganizationId&quot;: &quot;5000db95-c5d4-487f-925e-3f82f15a5499&quot;,
      &quot;id&quot;: 43301,
      &quot;name&quot;: &quot;pTest ClientID AppPerf fhfllyq&quot;,
      &quot;description&quot;: &quot;Application description&quot;,
      &quot;coreServicesId&quot;: &quot;d6b1730c9af646f0bb6cb2b50947d37d&quot;,
      &quot;url&quot;: &quot;http://localhost:1234&quot;
    },
    {
      &quot;audit&quot;: {
        &quot;created&quot;: {
          &quot;date&quot;: &quot;2017-02-08T20:02:22.148Z&quot;
        },
        &quot;updated&quot;: {}
      },
      &quot;masterOrganizationId&quot;: &quot;5000db95-c5d4-487f-925e-3f82f15a5499&quot;,
      &quot;id&quot;: 43380,
      &quot;name&quot;: &quot;pTest ClientID AppPerf fditmbf&quot;,
      &quot;description&quot;: &quot;Application description&quot;,
      &quot;coreServicesId&quot;: &quot;197bb41fab914476bd822e1edd61b5a7&quot;,
      &quot;url&quot;: &quot;http://localhost:1234&quot;
    },
    {
      &quot;audit&quot;: {
        &quot;created&quot;: {
          &quot;date&quot;: &quot;2017-02-08T20:01:02.591Z&quot;
        },
        &quot;updated&quot;: {}
      },
      &quot;masterOrganizationId&quot;: &quot;5000db95-c5d4-487f-925e-3f82f15a5499&quot;,
      &quot;id&quot;: 43361,
      &quot;name&quot;: &quot;pTest ClientID AppPerf ezyewaj&quot;,
      &quot;description&quot;: &quot;Application description&quot;,
      &quot;coreServicesId&quot;: &quot;e41c625c4e064340a53e2fed78223aad&quot;,
      &quot;url&quot;: &quot;http://localhost:1234&quot;
    },
    {
      &quot;audit&quot;: {
        &quot;created&quot;: {
          &quot;date&quot;: &quot;2017-02-08T20:00:30.284Z&quot;
        },
        &quot;updated&quot;: {}
      },
      &quot;masterOrganizationId&quot;: &quot;5000db95-c5d4-487f-925e-3f82f15a5499&quot;,
      &quot;id&quot;: 43353,
      &quot;name&quot;: &quot;pTest ClientID AppPerf erdflkt&quot;,
      &quot;description&quot;: &quot;Application description&quot;,
      &quot;coreServicesId&quot;: &quot;45c04545a0d749e7b836057b44c21f2d&quot;,
      &quot;url&quot;: &quot;http://localhost:1234&quot;
    },
    {
      &quot;audit&quot;: {
        &quot;created&quot;: {
          &quot;date&quot;: &quot;2017-02-08T20:02:18.032Z&quot;
        },
        &quot;updated&quot;: {}
      },
      &quot;masterOrganizationId&quot;: &quot;5000db95-c5d4-487f-925e-3f82f15a5499&quot;,
      &quot;id&quot;: 43379,
      &quot;name&quot;: &quot;pTest ClientID AppPerf eqlndap&quot;,
      &quot;description&quot;: &quot;Application description&quot;,
      &quot;coreServicesId&quot;: &quot;247f9d242630485f98336820a55b912b&quot;,
      &quot;url&quot;: &quot;http://localhost:1234&quot;
    },
    {
      &quot;audit&quot;: {
        &quot;created&quot;: {
          &quot;date&quot;: &quot;2017-02-08T20:01:54.086Z&quot;
        },
        &quot;updated&quot;: {}
      },
      &quot;masterOrganizationId&quot;: &quot;5000db95-c5d4-487f-925e-3f82f15a5499&quot;,
      &quot;id&quot;: 43373,
      &quot;name&quot;: &quot;pTest ClientID AppPerf eqhonug&quot;,
      &quot;description&quot;: &quot;Application description&quot;,
      &quot;coreServicesId&quot;: &quot;180427cd5e67499e978079c721129d56&quot;,
      &quot;url&quot;: &quot;http://localhost:1234&quot;
    },
    {
      &quot;audit&quot;: {
        &quot;created&quot;: {
          &quot;date&quot;: &quot;2017-02-08T20:01:49.532Z&quot;
        },
        &quot;updated&quot;: {}
      },
      &quot;masterOrganizationId&quot;: &quot;5000db95-c5d4-487f-925e-3f82f15a5499&quot;,
      &quot;id&quot;: 43372,
      &quot;name&quot;: &quot;pTest ClientID AppPerf efftxkc&quot;,
      &quot;description&quot;: &quot;Application description&quot;,
      &quot;coreServicesId&quot;: &quot;0352ecf1c0a444d781e665dac9542c39&quot;,
      &quot;url&quot;: &quot;http://localhost:1234&quot;
    },
    {
      &quot;audit&quot;: {
        &quot;created&quot;: {
          &quot;date&quot;: &quot;2017-02-08T19:59:57.454Z&quot;
        },
        &quot;updated&quot;: {}
      },
      &quot;masterOrganizationId&quot;: &quot;5000db95-c5d4-487f-925e-3f82f15a5499&quot;,
      &quot;id&quot;: 43345,
      &quot;name&quot;: &quot;pTest ClientID AppPerf eeisacf&quot;,
      &quot;description&quot;: &quot;Application description&quot;,
      &quot;coreServicesId&quot;: &quot;c697c97705124cce87bc1acd2ef2ba7d&quot;,
      &quot;url&quot;: &quot;http://localhost:1234&quot;
    },
    {
      &quot;audit&quot;: {
        &quot;created&quot;: {
          &quot;date&quot;: &quot;2017-02-08T20:03:31.650Z&quot;
        },
        &quot;updated&quot;: {}
      },
      &quot;masterOrganizationId&quot;: &quot;5000db95-c5d4-487f-925e-3f82f15a5499&quot;,
      &quot;id&quot;: 43395,
      &quot;name&quot;: &quot;pTest ClientID AppPerf ecuuzfd&quot;,
      &quot;description&quot;: &quot;Application description&quot;,
      &quot;coreServicesId&quot;: &quot;eac27a5f31a84f1e910a085ebe46da58&quot;,
      &quot;url&quot;: &quot;http://localhost:1234&quot;
    },
    {
      &quot;audit&quot;: {
        &quot;created&quot;: {
          &quot;date&quot;: &quot;2017-02-08T19:57:58.298Z&quot;
        },
        &quot;updated&quot;: {}
      },
      &quot;masterOrganizationId&quot;: &quot;5000db95-c5d4-487f-925e-3f82f15a5499&quot;,
      &quot;id&quot;: 43316,
      &quot;name&quot;: &quot;pTest ClientID AppPerf dubmrga&quot;,
      &quot;description&quot;: &quot;Application description&quot;,
      &quot;coreServicesId&quot;: &quot;d59854cc5113481f818622a342e918bc&quot;,
      &quot;url&quot;: &quot;http://localhost:1234&quot;
    },
    {
      &quot;audit&quot;: {
        &quot;created&quot;: {
          &quot;date&quot;: &quot;2017-02-08T20:01:20.176Z&quot;
        },
        &quot;updated&quot;: {}
      },
      &quot;masterOrganizationId&quot;: &quot;5000db95-c5d4-487f-925e-3f82f15a5499&quot;,
      &quot;id&quot;: 43365,
      &quot;name&quot;: &quot;pTest ClientID AppPerf dryxkcs&quot;,
      &quot;description&quot;: &quot;Application description&quot;,
      &quot;coreServicesId&quot;: &quot;c3578db3b79442b58ab633a853bbac48&quot;,
      &quot;url&quot;: &quot;http://localhost:1234&quot;
    },
    {
      &quot;audit&quot;: {
        &quot;created&quot;: {
          &quot;date&quot;: &quot;2017-02-08T19:58:22.585Z&quot;
        },
        &quot;updated&quot;: {}
      },
      &quot;masterOrganizationId&quot;: &quot;5000db95-c5d4-487f-925e-3f82f15a5499&quot;,
      &quot;id&quot;: 43322,
      &quot;name&quot;: &quot;pTest ClientID AppPerf dqtnako&quot;,
      &quot;description&quot;: &quot;Application description&quot;,
      &quot;coreServicesId&quot;: &quot;1da66545aaa64b2481d4ced619902f82&quot;,
      &quot;url&quot;: &quot;http://localhost:1234&quot;
    },
    {
      &quot;audit&quot;: {
        &quot;created&quot;: {
          &quot;date&quot;: &quot;2017-02-08T20:01:36.021Z&quot;
        },
        &quot;updated&quot;: {}
      },
      &quot;masterOrganizationId&quot;: &quot;5000db95-c5d4-487f-925e-3f82f15a5499&quot;,
      &quot;id&quot;: 43369,
      &quot;name&quot;: &quot;pTest ClientID AppPerf dofsmha&quot;,
      &quot;description&quot;: &quot;Application description&quot;,
      &quot;coreServicesId&quot;: &quot;af14617963da4723a070b0501fa8a2d8&quot;,
      &quot;url&quot;: &quot;http://localhost:1234&quot;
    },
    {
      &quot;audit&quot;: {
        &quot;created&quot;: {
          &quot;date&quot;: &quot;2017-02-08T19:57:41.990Z&quot;
        },
        &quot;updated&quot;: {}
      },
      &quot;masterOrganizationId&quot;: &quot;5000db95-c5d4-487f-925e-3f82f15a5499&quot;,
      &quot;id&quot;: 43312,
      &quot;name&quot;: &quot;pTest ClientID AppPerf ddikusy&quot;,
      &quot;description&quot;: &quot;Application description&quot;,
      &quot;coreServicesId&quot;: &quot;c7c40dd14c444f97a61ffe3d014ac8c6&quot;,
      &quot;url&quot;: &quot;http://localhost:1234&quot;
    },
    {
      &quot;audit&quot;: {
        &quot;created&quot;: {
          &quot;date&quot;: &quot;2017-02-08T19:59:24.620Z&quot;
        },
        &quot;updated&quot;: {}
      },
      &quot;masterOrganizationId&quot;: &quot;5000db95-c5d4-487f-925e-3f82f15a5499&quot;,
      &quot;id&quot;: 43337,
      &quot;name&quot;: &quot;pTest ClientID AppPerf cvkxlar&quot;,
      &quot;description&quot;: &quot;Application description&quot;,
      &quot;coreServicesId&quot;: &quot;1ea10f767be541a6820ce52324bea46e&quot;,
      &quot;url&quot;: &quot;http://localhost:1234&quot;
    },
    {
      &quot;audit&quot;: {
        &quot;created&quot;: {
          &quot;date&quot;: &quot;2017-02-08T20:01:44.664Z&quot;
        },
        &quot;updated&quot;: {}
      },
      &quot;masterOrganizationId&quot;: &quot;5000db95-c5d4-487f-925e-3f82f15a5499&quot;,
      &quot;id&quot;: 43371,
      &quot;name&quot;: &quot;pTest ClientID AppPerf cjeqmdk&quot;,
      &quot;description&quot;: &quot;Application description&quot;,
      &quot;coreServicesId&quot;: &quot;ca60d8dda0ab421da30355348515378d&quot;,
      &quot;url&quot;: &quot;http://localhost:1234&quot;
    },
    {
      &quot;audit&quot;: {
        &quot;created&quot;: {
          &quot;date&quot;: &quot;2017-02-08T19:57:46.227Z&quot;
        },
        &quot;updated&quot;: {}
      },
      &quot;masterOrganizationId&quot;: &quot;5000db95-c5d4-487f-925e-3f82f15a5499&quot;,
      &quot;id&quot;: 43313,
      &quot;name&quot;: &quot;pTest ClientID AppPerf btckwht&quot;,
      &quot;description&quot;: &quot;Application description&quot;,
      &quot;coreServicesId&quot;: &quot;23ce1cc850c34ebbb584051dcd997721&quot;,
      &quot;url&quot;: &quot;http://localhost:1234&quot;
    },
    {
      &quot;audit&quot;: {
        &quot;created&quot;: {
          &quot;date&quot;: &quot;2017-02-08T20:00:06.282Z&quot;
        },
        &quot;updated&quot;: {}
      },
      &quot;masterOrganizationId&quot;: &quot;5000db95-c5d4-487f-925e-3f82f15a5499&quot;,
      &quot;id&quot;: 43347,
      &quot;name&quot;: &quot;pTest ClientID AppPerf befhgne&quot;,
      &quot;description&quot;: &quot;Application description&quot;,
      &quot;coreServicesId&quot;: &quot;6967ff1690394b71b709ee00b58c1485&quot;,
      &quot;url&quot;: &quot;http://localhost:1234&quot;
    }
  ],
  &quot;total&quot;: 105
}
----------
Request method:	DELETE
Request path:	https://qax.anypoint.mulesoft.com/apiplatform/repository/applications/43328
Proxy:			&lt;none&gt;
Request params:	&lt;none&gt;
Query params:	&lt;none&gt;
Form params:	&lt;none&gt;
Path params:	&lt;none&gt;
Multiparts:		&lt;none&gt;
Headers:		Authorization=Bearer eyJ0eXAiOiJKV1QiLCJhbGciOiJIUzI1NiJ9.eyJpZCI6IjUwMDAzN2NkLTJjZmQtNGRhNC1iZWQ3LTU3Mzg0ZGViMDYyYiIsImZpcnN0TmFtZSI6IkZlZGVyYXRlZCIsImxhc3ROYW1lIjoiRXh0ZXJuYWwiLCJlbWFpbCI6ImNocmlzdG9waGVyLm1vcmR1ZUBtdWxlc29mdC5jb20iLCJ1c2VybmFtZSI6ImZlZGVyYXRlZF9leHRlcm5hbCIsIm9yZ2FuaXphdGlvbiI6eyJpZCI6IjUwMDBkYjk1LWM1ZDQtNDg3Zi05MjVlLTNmODJmMTVhNTQ5OSIsIm5hbWUiOiJGZWRlcmF0ZWQgSW5jIEV4dGVybmFsIEF1dGhvcml6YXRpb24iLCJkb21haW4iOiJmZWRlcmF0ZWQtZXh0ZXJuYWwiLCJlbnRpdGxlbWVudHMiOnsiaHlicmlkIjp7ImVuYWJsZWQiOmZhbHNlfSwiY3JlYXRlU3ViT3JncyI6dHJ1ZSwidkNvcmVzUHJvZHVjdGlvbiI6eyJhc3NpZ25lZCI6MSwicmVhc3NpZ25lZCI6MH0sInZDb3Jlc1NhbmRib3giOnsiYXNzaWduZWQiOjEsInJlYXNzaWduZWQiOjB9LCJnbG9iYWxEZXBsb3ltZW50IjpmYWxzZSwid29ya2VyTG9nZ2luZ092ZXJyaWRlIjp7ImVuYWJsZWQiOmZhbHNlfSwiZ2F0ZXdheXMiOnsiYXNzaWduZWQiOjB9LCJjcmVhdGVFbnZpcm9ubWVudHMiOnRydWUsInBhcnRuZXJzUHJvZHVjdGlvbiI6eyJhc3NpZ25lZCI6MH0sInBhcnRuZXJzU2FuZGJveCI6eyJhc3NpZ25lZCI6MH0sImF1dG9zY2FsaW5nIjpmYWxzZSwic3RhdGljSXBzIjp7ImFzc2lnbmVkIjowLCJyZWFzc2lnbmVkIjowfSwiYXJtQWxlcnRzIjpmYWxzZSwiYXBpcyI6eyJlbmFibGVkIjp0cnVlfSwibXFNZXNzYWdlcyI6eyJiYXNlIjowLCJhZGRPbiI6MH0sIm1xUmVxdWVzdHMiOnsiYmFzZSI6MCwiYWRkT24iOjB9LCJleHRlcm5hbElkZW50aXR5Ijp0cnVlLCJtcUFkdmFuY2VkRmVhdHVyZXMiOnsiZW5hYmxlZCI6ZmFsc2V9LCJ2cGNzIjp7ImFzc2lnbmVkIjowLCJyZWFzc2lnbmVkIjowfSwiaHlicmlkSW5zaWdodCI6ZmFsc2UsImRlc2lnbkNlbnRlciI6eyJtb3phcnQiOmZhbHNlLCJhcGkiOmZhbHNlfSwib2JqZWN0U3RvcmVSZXF1ZXN0VW5pdHMiOnsiYmFzZSI6MTUwMDAwMDAsImFkZE9uIjowfSwib2JqZWN0U3RvcmVLZXlzIjp7ImJhc2UiOjEwMDAwMCwiYWRkT24iOjB9LCJjYW0iOnsiZW5hYmxlZCI6ZmFsc2V9LCJsb2FkQmFsYW5jZXIiOnsiYXNzaWduZWQiOjAsInJlYXNzaWduZWQiOjB9LCJtZXNzYWdpbmciOnsiYXNzaWduZWQiOjB9fSwiZXh0ZXJuYWxBdXRob3JpemF0aW9uIjp0cnVlLCJleHRlcm5hbEF1dGhvcml6YXRpb25Qcm92aWRlciI6eyJuYW1lIjoiUG9ydGFsIEFwcGxpY2F0aW9uIE1hbmFnZW1lbnQgU3lzdGVtIChQQU1TKSIsInVybCI6Imh0dHBzOi8vd3NneC10ZXN0LmNpc2NvLmNvbS9wYW1zL2x0L2NlcG1TZXJ2aWNlL3YxLjUvbWdyc3J2cyIsInZlcnNpb24iOiIxLjUifSwiaWRlbnRpdHlNYW5hZ2VtZW50Ijp7InR5cGUiOiJQaW5nRmVkZXJhdGUifSwib2F1dGgyU2V0dGluZ3MiOnsiYXV0aG9yaXphdGlvbkdyYW50cyI6WyJjb2RlIiwidG9rZW4iLCJvd25lciIsImNyZWRlbnRpYWxzIl0sImF1dGhvcml6YXRpb25VcmkiOiJodHRwczovL2Nsb3Vkc3NvLXRlc3QuY2lzY28uY29tL2FzL2F1dGhvcml6YXRpb24ub2F1dGgyIiwiYWNjZXNzVG9rZW5VcmkiOiJodHRwczovL2Nsb3Vkc3NvLXRlc3QuY2lzY28uY29tL2FzL3Rva2VuLm9hdXRoMiIsImdyYW50VHlwZXMiOlt7Im5hbWUiOiJwYXNzd29yZCIsImxhYmVsIjoiUmVzb3VyY2UgT3duZXIgR3JhbnQiLCJyZXF1aXJlZCI6ZmFsc2UsImV4Y2x1ZGUiOltdLCJkZXBlbmRzIjpbXX0seyJuYW1lIjoiaW1wbGljaXQiLCJsYWJlbCI6IkltcGxpY2l0IEdyYW50IiwicmVxdWlyZWQiOmZhbHNlLCJleGNsdWRlIjpbXSwiZGVwZW5kcyI6W119LHsibmFtZSI6ImNsaWVudF9jcmVkZW50aWFscyIsImxhYmVsIjoiQ2xpZW50IENyZWRlbnRpYWxzIEdyYW50IiwicmVxdWlyZWQiOmZhbHNlLCJleGNsdWRlIjpbXSwiZGVwZW5kcyI6W119LHsibmFtZSI6ImF1dGhvcml6YXRpb25fY29kZSIsImxhYmVsIjoiQXV0aG9yaXphdGlvbiBDb2RlIEdyYW50IiwicmVxdWlyZWQiOmZhbHNlLCJleGNsdWRlIjpbXSwiZGVwZW5kcyI6W119LHsibmFtZSI6InJlZnJlc2hfdG9rZW4iLCJsYWJlbCI6IlJlZnJlc2ggVG9rZW4iLCJyZXF1aXJlZCI6ZmFsc2UsImV4Y2x1ZGUiOltdLCJkZXBlbmRzIjpbImF1dGhvcml6YXRpb25fY29kZSIsInBhc3N3b3JkIl19XX19LCJpbnRlcmFjdGl2ZUxvZ2luIjp0cnVlLCJ0b2tlbiI6ImEyYzg0ODE1LThjYjgtNGE3Ni1iNmU0LTg4MGM3ZTc2MGNlYiIsImlhdCI6MTQ4NjU4Njc4OCwiYXVkIjoiaHR0cDovL2FwaS1wbGF0Zm9ybS1hcGkvcmVwb3NpdG9yeSIsImlzcyI6Imh0dHA6Ly9hcGktcGxhdGZvcm0tYXBpL3JlcG9zaXRvcnkifQ.YOsto-KJMgjQZxFXe6FFipYd8TIh4P1HIlJ5Tg6a9Ps
				Accept=*/*
				Content-Type=text/plain; charset=UTF-8
Cookies:		&lt;none&gt;
Body:			&lt;none&gt;
Request method:	DELETE
Request path:	https://qax.anypoint.mulesoft.com/apiplatform/repository/applications/43324
Proxy:			&lt;none&gt;
Request params:	&lt;none&gt;
Query params:	&lt;none&gt;
Form params:	&lt;none&gt;
Path params:	&lt;none&gt;
Multiparts:		&lt;none&gt;
Headers:		Authorization=Bearer eyJ0eXAiOiJKV1QiLCJhbGciOiJIUzI1NiJ9.eyJpZCI6IjUwMDAzN2NkLTJjZmQtNGRhNC1iZWQ3LTU3Mzg0ZGViMDYyYiIsImZpcnN0TmFtZSI6IkZlZGVyYXRlZCIsImxhc3ROYW1lIjoiRXh0ZXJuYWwiLCJlbWFpbCI6ImNocmlzdG9waGVyLm1vcmR1ZUBtdWxlc29mdC5jb20iLCJ1c2VybmFtZSI6ImZlZGVyYXRlZF9leHRlcm5hbCIsIm9yZ2FuaXphdGlvbiI6eyJpZCI6IjUwMDBkYjk1LWM1ZDQtNDg3Zi05MjVlLTNmODJmMTVhNTQ5OSIsIm5hbWUiOiJGZWRlcmF0ZWQgSW5jIEV4dGVybmFsIEF1dGhvcml6YXRpb24iLCJkb21haW4iOiJmZWRlcmF0ZWQtZXh0ZXJuYWwiLCJlbnRpdGxlbWVudHMiOnsiaHlicmlkIjp7ImVuYWJsZWQiOmZhbHNlfSwiY3JlYXRlU3ViT3JncyI6dHJ1ZSwidkNvcmVzUHJvZHVjdGlvbiI6eyJhc3NpZ25lZCI6MSwicmVhc3NpZ25lZCI6MH0sInZDb3Jlc1NhbmRib3giOnsiYXNzaWduZWQiOjEsInJlYXNzaWduZWQiOjB9LCJnbG9iYWxEZXBsb3ltZW50IjpmYWxzZSwid29ya2VyTG9nZ2luZ092ZXJyaWRlIjp7ImVuYWJsZWQiOmZhbHNlfSwiZ2F0ZXdheXMiOnsiYXNzaWduZWQiOjB9LCJjcmVhdGVFbnZpcm9ubWVudHMiOnRydWUsInBhcnRuZXJzUHJvZHVjdGlvbiI6eyJhc3NpZ25lZCI6MH0sInBhcnRuZXJzU2FuZGJveCI6eyJhc3NpZ25lZCI6MH0sImF1dG9zY2FsaW5nIjpmYWxzZSwic3RhdGljSXBzIjp7ImFzc2lnbmVkIjowLCJyZWFzc2lnbmVkIjowfSwiYXJtQWxlcnRzIjpmYWxzZSwiYXBpcyI6eyJlbmFibGVkIjp0cnVlfSwibXFNZXNzYWdlcyI6eyJiYXNlIjowLCJhZGRPbiI6MH0sIm1xUmVxdWVzdHMiOnsiYmFzZSI6MCwiYWRkT24iOjB9LCJleHRlcm5hbElkZW50aXR5Ijp0cnVlLCJtcUFkdmFuY2VkRmVhdHVyZXMiOnsiZW5hYmxlZCI6ZmFsc2V9LCJ2cGNzIjp7ImFzc2lnbmVkIjowLCJyZWFzc2lnbmVkIjowfSwiaHlicmlkSW5zaWdodCI6ZmFsc2UsImRlc2lnbkNlbnRlciI6eyJtb3phcnQiOmZhbHNlLCJhcGkiOmZhbHNlfSwib2JqZWN0U3RvcmVSZXF1ZXN0VW5pdHMiOnsiYmFzZSI6MTUwMDAwMDAsImFkZE9uIjowfSwib2JqZWN0U3RvcmVLZXlzIjp7ImJhc2UiOjEwMDAwMCwiYWRkT24iOjB9LCJjYW0iOnsiZW5hYmxlZCI6ZmFsc2V9LCJsb2FkQmFsYW5jZXIiOnsiYXNzaWduZWQiOjAsInJlYXNzaWduZWQiOjB9LCJtZXNzYWdpbmciOnsiYXNzaWduZWQiOjB9fSwiZXh0ZXJuYWxBdXRob3JpemF0aW9uIjp0cnVlLCJleHRlcm5hbEF1dGhvcml6YXRpb25Qcm92aWRlciI6eyJuYW1lIjoiUG9ydGFsIEFwcGxpY2F0aW9uIE1hbmFnZW1lbnQgU3lzdGVtIChQQU1TKSIsInVybCI6Imh0dHBzOi8vd3NneC10ZXN0LmNpc2NvLmNvbS9wYW1zL2x0L2NlcG1TZXJ2aWNlL3YxLjUvbWdyc3J2cyIsInZlcnNpb24iOiIxLjUifSwiaWRlbnRpdHlNYW5hZ2VtZW50Ijp7InR5cGUiOiJQaW5nRmVkZXJhdGUifSwib2F1dGgyU2V0dGluZ3MiOnsiYXV0aG9yaXphdGlvbkdyYW50cyI6WyJjb2RlIiwidG9rZW4iLCJvd25lciIsImNyZWRlbnRpYWxzIl0sImF1dGhvcml6YXRpb25VcmkiOiJodHRwczovL2Nsb3Vkc3NvLXRlc3QuY2lzY28uY29tL2FzL2F1dGhvcml6YXRpb24ub2F1dGgyIiwiYWNjZXNzVG9rZW5VcmkiOiJodHRwczovL2Nsb3Vkc3NvLXRlc3QuY2lzY28uY29tL2FzL3Rva2VuLm9hdXRoMiIsImdyYW50VHlwZXMiOlt7Im5hbWUiOiJwYXNzd29yZCIsImxhYmVsIjoiUmVzb3VyY2UgT3duZXIgR3JhbnQiLCJyZXF1aXJlZCI6ZmFsc2UsImV4Y2x1ZGUiOltdLCJkZXBlbmRzIjpbXX0seyJuYW1lIjoiaW1wbGljaXQiLCJsYWJlbCI6IkltcGxpY2l0IEdyYW50IiwicmVxdWlyZWQiOmZhbHNlLCJleGNsdWRlIjpbXSwiZGVwZW5kcyI6W119LHsibmFtZSI6ImNsaWVudF9jcmVkZW50aWFscyIsImxhYmVsIjoiQ2xpZW50IENyZWRlbnRpYWxzIEdyYW50IiwicmVxdWlyZWQiOmZhbHNlLCJleGNsdWRlIjpbXSwiZGVwZW5kcyI6W119LHsibmFtZSI6ImF1dGhvcml6YXRpb25fY29kZSIsImxhYmVsIjoiQXV0aG9yaXphdGlvbiBDb2RlIEdyYW50IiwicmVxdWlyZWQiOmZhbHNlLCJleGNsdWRlIjpbXSwiZGVwZW5kcyI6W119LHsibmFtZSI6InJlZnJlc2hfdG9rZW4iLCJsYWJlbCI6IlJlZnJlc2ggVG9rZW4iLCJyZXF1aXJlZCI6ZmFsc2UsImV4Y2x1ZGUiOltdLCJkZXBlbmRzIjpbImF1dGhvcml6YXRpb25fY29kZSIsInBhc3N3b3JkIl19XX19LCJpbnRlcmFjdGl2ZUxvZ2luIjp0cnVlLCJ0b2tlbiI6ImEyYzg0ODE1LThjYjgtNGE3Ni1iNmU0LTg4MGM3ZTc2MGNlYiIsImlhdCI6MTQ4NjU4Njc4OCwiYXVkIjoiaHR0cDovL2FwaS1wbGF0Zm9ybS1hcGkvcmVwb3NpdG9yeSIsImlzcyI6Imh0dHA6Ly9hcGktcGxhdGZvcm0tYXBpL3JlcG9zaXRvcnkifQ.YOsto-KJMgjQZxFXe6FFipYd8TIh4P1HIlJ5Tg6a9Ps
				Accept=*/*
				Content-Type=text/plain; charset=UTF-8
Cookies:		&lt;none&gt;
Body:			&lt;none&gt;
Request method:	DELETE
Request path:	https://qax.anypoint.mulesoft.com/apiplatform/repository/applications/43383
Proxy:			&lt;none&gt;
Request params:	&lt;none&gt;
Query params:	&lt;none&gt;
Form params:	&lt;none&gt;
Path params:	&lt;none&gt;
Multiparts:		&lt;none&gt;
Headers:		Authorization=Bearer eyJ0eXAiOiJKV1QiLCJhbGciOiJIUzI1NiJ9.eyJpZCI6IjUwMDAzN2NkLTJjZmQtNGRhNC1iZWQ3LTU3Mzg0ZGViMDYyYiIsImZpcnN0TmFtZSI6IkZlZGVyYXRlZCIsImxhc3ROYW1lIjoiRXh0ZXJuYWwiLCJlbWFpbCI6ImNocmlzdG9waGVyLm1vcmR1ZUBtdWxlc29mdC5jb20iLCJ1c2VybmFtZSI6ImZlZGVyYXRlZF9leHRlcm5hbCIsIm9yZ2FuaXphdGlvbiI6eyJpZCI6IjUwMDBkYjk1LWM1ZDQtNDg3Zi05MjVlLTNmODJmMTVhNTQ5OSIsIm5hbWUiOiJGZWRlcmF0ZWQgSW5jIEV4dGVybmFsIEF1dGhvcml6YXRpb24iLCJkb21haW4iOiJmZWRlcmF0ZWQtZXh0ZXJuYWwiLCJlbnRpdGxlbWVudHMiOnsiaHlicmlkIjp7ImVuYWJsZWQiOmZhbHNlfSwiY3JlYXRlU3ViT3JncyI6dHJ1ZSwidkNvcmVzUHJvZHVjdGlvbiI6eyJhc3NpZ25lZCI6MSwicmVhc3NpZ25lZCI6MH0sInZDb3Jlc1NhbmRib3giOnsiYXNzaWduZWQiOjEsInJlYXNzaWduZWQiOjB9LCJnbG9iYWxEZXBsb3ltZW50IjpmYWxzZSwid29ya2VyTG9nZ2luZ092ZXJyaWRlIjp7ImVuYWJsZWQiOmZhbHNlfSwiZ2F0ZXdheXMiOnsiYXNzaWduZWQiOjB9LCJjcmVhdGVFbnZpcm9ubWVudHMiOnRydWUsInBhcnRuZXJzUHJvZHVjdGlvbiI6eyJhc3NpZ25lZCI6MH0sInBhcnRuZXJzU2FuZGJveCI6eyJhc3NpZ25lZCI6MH0sImF1dG9zY2FsaW5nIjpmYWxzZSwic3RhdGljSXBzIjp7ImFzc2lnbmVkIjowLCJyZWFzc2lnbmVkIjowfSwiYXJtQWxlcnRzIjpmYWxzZSwiYXBpcyI6eyJlbmFibGVkIjp0cnVlfSwibXFNZXNzYWdlcyI6eyJiYXNlIjowLCJhZGRPbiI6MH0sIm1xUmVxdWVzdHMiOnsiYmFzZSI6MCwiYWRkT24iOjB9LCJleHRlcm5hbElkZW50aXR5Ijp0cnVlLCJtcUFkdmFuY2VkRmVhdHVyZXMiOnsiZW5hYmxlZCI6ZmFsc2V9LCJ2cGNzIjp7ImFzc2lnbmVkIjowLCJyZWFzc2lnbmVkIjowfSwiaHlicmlkSW5zaWdodCI6ZmFsc2UsImRlc2lnbkNlbnRlciI6eyJtb3phcnQiOmZhbHNlLCJhcGkiOmZhbHNlfSwib2JqZWN0U3RvcmVSZXF1ZXN0VW5pdHMiOnsiYmFzZSI6MTUwMDAwMDAsImFkZE9uIjowfSwib2JqZWN0U3RvcmVLZXlzIjp7ImJhc2UiOjEwMDAwMCwiYWRkT24iOjB9LCJjYW0iOnsiZW5hYmxlZCI6ZmFsc2V9LCJsb2FkQmFsYW5jZXIiOnsiYXNzaWduZWQiOjAsInJlYXNzaWduZWQiOjB9LCJtZXNzYWdpbmciOnsiYXNzaWduZWQiOjB9fSwiZXh0ZXJuYWxBdXRob3JpemF0aW9uIjp0cnVlLCJleHRlcm5hbEF1dGhvcml6YXRpb25Qcm92aWRlciI6eyJuYW1lIjoiUG9ydGFsIEFwcGxpY2F0aW9uIE1hbmFnZW1lbnQgU3lzdGVtIChQQU1TKSIsInVybCI6Imh0dHBzOi8vd3NneC10ZXN0LmNpc2NvLmNvbS9wYW1zL2x0L2NlcG1TZXJ2aWNlL3YxLjUvbWdyc3J2cyIsInZlcnNpb24iOiIxLjUifSwiaWRlbnRpdHlNYW5hZ2VtZW50Ijp7InR5cGUiOiJQaW5nRmVkZXJhdGUifSwib2F1dGgyU2V0dGluZ3MiOnsiYXV0aG9yaXphdGlvbkdyYW50cyI6WyJjb2RlIiwidG9rZW4iLCJvd25lciIsImNyZWRlbnRpYWxzIl0sImF1dGhvcml6YXRpb25VcmkiOiJodHRwczovL2Nsb3Vkc3NvLXRlc3QuY2lzY28uY29tL2FzL2F1dGhvcml6YXRpb24ub2F1dGgyIiwiYWNjZXNzVG9rZW5VcmkiOiJodHRwczovL2Nsb3Vkc3NvLXRlc3QuY2lzY28uY29tL2FzL3Rva2VuLm9hdXRoMiIsImdyYW50VHlwZXMiOlt7Im5hbWUiOiJwYXNzd29yZCIsImxhYmVsIjoiUmVzb3VyY2UgT3duZXIgR3JhbnQiLCJyZXF1aXJlZCI6ZmFsc2UsImV4Y2x1ZGUiOltdLCJkZXBlbmRzIjpbXX0seyJuYW1lIjoiaW1wbGljaXQiLCJsYWJlbCI6IkltcGxpY2l0IEdyYW50IiwicmVxdWlyZWQiOmZhbHNlLCJleGNsdWRlIjpbXSwiZGVwZW5kcyI6W119LHsibmFtZSI6ImNsaWVudF9jcmVkZW50aWFscyIsImxhYmVsIjoiQ2xpZW50IENyZWRlbnRpYWxzIEdyYW50IiwicmVxdWlyZWQiOmZhbHNlLCJleGNsdWRlIjpbXSwiZGVwZW5kcyI6W119LHsibmFtZSI6ImF1dGhvcml6YXRpb25fY29kZSIsImxhYmVsIjoiQXV0aG9yaXphdGlvbiBDb2RlIEdyYW50IiwicmVxdWlyZWQiOmZhbHNlLCJleGNsdWRlIjpbXSwiZGVwZW5kcyI6W119LHsibmFtZSI6InJlZnJlc2hfdG9rZW4iLCJsYWJlbCI6IlJlZnJlc2ggVG9rZW4iLCJyZXF1aXJlZCI6ZmFsc2UsImV4Y2x1ZGUiOltdLCJkZXBlbmRzIjpbImF1dGhvcml6YXRpb25fY29kZSIsInBhc3N3b3JkIl19XX19LCJpbnRlcmFjdGl2ZUxvZ2luIjp0cnVlLCJ0b2tlbiI6ImEyYzg0ODE1LThjYjgtNGE3Ni1iNmU0LTg4MGM3ZTc2MGNlYiIsImlhdCI6MTQ4NjU4Njc4OCwiYXVkIjoiaHR0cDovL2FwaS1wbGF0Zm9ybS1hcGkvcmVwb3NpdG9yeSIsImlzcyI6Imh0dHA6Ly9hcGktcGxhdGZvcm0tYXBpL3JlcG9zaXRvcnkifQ.YOsto-KJMgjQZxFXe6FFipYd8TIh4P1HIlJ5Tg6a9Ps
				Accept=*/*
				Content-Type=text/plain; charset=UTF-8
Cookies:		&lt;none&gt;
Body:			&lt;none&gt;
Request method:	DELETE
Request path:	https://qax.anypoint.mulesoft.com/apiplatform/repository/applications/43396
Proxy:			&lt;none&gt;
Request params:	&lt;none&gt;
Query params:	&lt;none&gt;
Form params:	&lt;none&gt;
Path params:	&lt;none&gt;
Multiparts:		&lt;none&gt;
Headers:		Authorization=Bearer eyJ0eXAiOiJKV1QiLCJhbGciOiJIUzI1NiJ9.eyJpZCI6IjUwMDAzN2NkLTJjZmQtNGRhNC1iZWQ3LTU3Mzg0ZGViMDYyYiIsImZpcnN0TmFtZSI6IkZlZGVyYXRlZCIsImxhc3ROYW1lIjoiRXh0ZXJuYWwiLCJlbWFpbCI6ImNocmlzdG9waGVyLm1vcmR1ZUBtdWxlc29mdC5jb20iLCJ1c2VybmFtZSI6ImZlZGVyYXRlZF9leHRlcm5hbCIsIm9yZ2FuaXphdGlvbiI6eyJpZCI6IjUwMDBkYjk1LWM1ZDQtNDg3Zi05MjVlLTNmODJmMTVhNTQ5OSIsIm5hbWUiOiJGZWRlcmF0ZWQgSW5jIEV4dGVybmFsIEF1dGhvcml6YXRpb24iLCJkb21haW4iOiJmZWRlcmF0ZWQtZXh0ZXJuYWwiLCJlbnRpdGxlbWVudHMiOnsiaHlicmlkIjp7ImVuYWJsZWQiOmZhbHNlfSwiY3JlYXRlU3ViT3JncyI6dHJ1ZSwidkNvcmVzUHJvZHVjdGlvbiI6eyJhc3NpZ25lZCI6MSwicmVhc3NpZ25lZCI6MH0sInZDb3Jlc1NhbmRib3giOnsiYXNzaWduZWQiOjEsInJlYXNzaWduZWQiOjB9LCJnbG9iYWxEZXBsb3ltZW50IjpmYWxzZSwid29ya2VyTG9nZ2luZ092ZXJyaWRlIjp7ImVuYWJsZWQiOmZhbHNlfSwiZ2F0ZXdheXMiOnsiYXNzaWduZWQiOjB9LCJjcmVhdGVFbnZpcm9ubWVudHMiOnRydWUsInBhcnRuZXJzUHJvZHVjdGlvbiI6eyJhc3NpZ25lZCI6MH0sInBhcnRuZXJzU2FuZGJveCI6eyJhc3NpZ25lZCI6MH0sImF1dG9zY2FsaW5nIjpmYWxzZSwic3RhdGljSXBzIjp7ImFzc2lnbmVkIjowLCJyZWFzc2lnbmVkIjowfSwiYXJtQWxlcnRzIjpmYWxzZSwiYXBpcyI6eyJlbmFibGVkIjp0cnVlfSwibXFNZXNzYWdlcyI6eyJiYXNlIjowLCJhZGRPbiI6MH0sIm1xUmVxdWVzdHMiOnsiYmFzZSI6MCwiYWRkT24iOjB9LCJleHRlcm5hbElkZW50aXR5Ijp0cnVlLCJtcUFkdmFuY2VkRmVhdHVyZXMiOnsiZW5hYmxlZCI6ZmFsc2V9LCJ2cGNzIjp7ImFzc2lnbmVkIjowLCJyZWFzc2lnbmVkIjowfSwiaHlicmlkSW5zaWdodCI6ZmFsc2UsImRlc2lnbkNlbnRlciI6eyJtb3phcnQiOmZhbHNlLCJhcGkiOmZhbHNlfSwib2JqZWN0U3RvcmVSZXF1ZXN0VW5pdHMiOnsiYmFzZSI6MTUwMDAwMDAsImFkZE9uIjowfSwib2JqZWN0U3RvcmVLZXlzIjp7ImJhc2UiOjEwMDAwMCwiYWRkT24iOjB9LCJjYW0iOnsiZW5hYmxlZCI6ZmFsc2V9LCJsb2FkQmFsYW5jZXIiOnsiYXNzaWduZWQiOjAsInJlYXNzaWduZWQiOjB9LCJtZXNzYWdpbmciOnsiYXNzaWduZWQiOjB9fSwiZXh0ZXJuYWxBdXRob3JpemF0aW9uIjp0cnVlLCJleHRlcm5hbEF1dGhvcml6YXRpb25Qcm92aWRlciI6eyJuYW1lIjoiUG9ydGFsIEFwcGxpY2F0aW9uIE1hbmFnZW1lbnQgU3lzdGVtIChQQU1TKSIsInVybCI6Imh0dHBzOi8vd3NneC10ZXN0LmNpc2NvLmNvbS9wYW1zL2x0L2NlcG1TZXJ2aWNlL3YxLjUvbWdyc3J2cyIsInZlcnNpb24iOiIxLjUifSwiaWRlbnRpdHlNYW5hZ2VtZW50Ijp7InR5cGUiOiJQaW5nRmVkZXJhdGUifSwib2F1dGgyU2V0dGluZ3MiOnsiYXV0aG9yaXphdGlvbkdyYW50cyI6WyJjb2RlIiwidG9rZW4iLCJvd25lciIsImNyZWRlbnRpYWxzIl0sImF1dGhvcml6YXRpb25VcmkiOiJodHRwczovL2Nsb3Vkc3NvLXRlc3QuY2lzY28uY29tL2FzL2F1dGhvcml6YXRpb24ub2F1dGgyIiwiYWNjZXNzVG9rZW5VcmkiOiJodHRwczovL2Nsb3Vkc3NvLXRlc3QuY2lzY28uY29tL2FzL3Rva2VuLm9hdXRoMiIsImdyYW50VHlwZXMiOlt7Im5hbWUiOiJwYXNzd29yZCIsImxhYmVsIjoiUmVzb3VyY2UgT3duZXIgR3JhbnQiLCJyZXF1aXJlZCI6ZmFsc2UsImV4Y2x1ZGUiOltdLCJkZXBlbmRzIjpbXX0seyJuYW1lIjoiaW1wbGljaXQiLCJsYWJlbCI6IkltcGxpY2l0IEdyYW50IiwicmVxdWlyZWQiOmZhbHNlLCJleGNsdWRlIjpbXSwiZGVwZW5kcyI6W119LHsibmFtZSI6ImNsaWVudF9jcmVkZW50aWFscyIsImxhYmVsIjoiQ2xpZW50IENyZWRlbnRpYWxzIEdyYW50IiwicmVxdWlyZWQiOmZhbHNlLCJleGNsdWRlIjpbXSwiZGVwZW5kcyI6W119LHsibmFtZSI6ImF1dGhvcml6YXRpb25fY29kZSIsImxhYmVsIjoiQXV0aG9yaXphdGlvbiBDb2RlIEdyYW50IiwicmVxdWlyZWQiOmZhbHNlLCJleGNsdWRlIjpbXSwiZGVwZW5kcyI6W119LHsibmFtZSI6InJlZnJlc2hfdG9rZW4iLCJsYWJlbCI6IlJlZnJlc2ggVG9rZW4iLCJyZXF1aXJlZCI6ZmFsc2UsImV4Y2x1ZGUiOltdLCJkZXBlbmRzIjpbImF1dGhvcml6YXRpb25fY29kZSIsInBhc3N3b3JkIl19XX19LCJpbnRlcmFjdGl2ZUxvZ2luIjp0cnVlLCJ0b2tlbiI6ImEyYzg0ODE1LThjYjgtNGE3Ni1iNmU0LTg4MGM3ZTc2MGNlYiIsImlhdCI6MTQ4NjU4Njc4OCwiYXVkIjoiaHR0cDovL2FwaS1wbGF0Zm9ybS1hcGkvcmVwb3NpdG9yeSIsImlzcyI6Imh0dHA6Ly9hcGktcGxhdGZvcm0tYXBpL3JlcG9zaXRvcnkifQ.YOsto-KJMgjQZxFXe6FFipYd8TIh4P1HIlJ5Tg6a9Ps
				Accept=*/*
				Content-Type=text/plain; charset=UTF-8
Cookies:		&lt;none&gt;
Body:			&lt;none&gt;
Request method:	DELETE
Request path:	https://qax.anypoint.mulesoft.com/apiplatform/repository/applications/43358
Proxy:			&lt;none&gt;
Request params:	&lt;none&gt;
Query params:	&lt;none&gt;
Form params:	&lt;none&gt;
Path params:	&lt;none&gt;
Multiparts:		&lt;none&gt;
Headers:		Authorization=Bearer eyJ0eXAiOiJKV1QiLCJhbGciOiJIUzI1NiJ9.eyJpZCI6IjUwMDAzN2NkLTJjZmQtNGRhNC1iZWQ3LTU3Mzg0ZGViMDYyYiIsImZpcnN0TmFtZSI6IkZlZGVyYXRlZCIsImxhc3ROYW1lIjoiRXh0ZXJuYWwiLCJlbWFpbCI6ImNocmlzdG9waGVyLm1vcmR1ZUBtdWxlc29mdC5jb20iLCJ1c2VybmFtZSI6ImZlZGVyYXRlZF9leHRlcm5hbCIsIm9yZ2FuaXphdGlvbiI6eyJpZCI6IjUwMDBkYjk1LWM1ZDQtNDg3Zi05MjVlLTNmODJmMTVhNTQ5OSIsIm5hbWUiOiJGZWRlcmF0ZWQgSW5jIEV4dGVybmFsIEF1dGhvcml6YXRpb24iLCJkb21haW4iOiJmZWRlcmF0ZWQtZXh0ZXJuYWwiLCJlbnRpdGxlbWVudHMiOnsiaHlicmlkIjp7ImVuYWJsZWQiOmZhbHNlfSwiY3JlYXRlU3ViT3JncyI6dHJ1ZSwidkNvcmVzUHJvZHVjdGlvbiI6eyJhc3NpZ25lZCI6MSwicmVhc3NpZ25lZCI6MH0sInZDb3Jlc1NhbmRib3giOnsiYXNzaWduZWQiOjEsInJlYXNzaWduZWQiOjB9LCJnbG9iYWxEZXBsb3ltZW50IjpmYWxzZSwid29ya2VyTG9nZ2luZ092ZXJyaWRlIjp7ImVuYWJsZWQiOmZhbHNlfSwiZ2F0ZXdheXMiOnsiYXNzaWduZWQiOjB9LCJjcmVhdGVFbnZpcm9ubWVudHMiOnRydWUsInBhcnRuZXJzUHJvZHVjdGlvbiI6eyJhc3NpZ25lZCI6MH0sInBhcnRuZXJzU2FuZGJveCI6eyJhc3NpZ25lZCI6MH0sImF1dG9zY2FsaW5nIjpmYWxzZSwic3RhdGljSXBzIjp7ImFzc2lnbmVkIjowLCJyZWFzc2lnbmVkIjowfSwiYXJtQWxlcnRzIjpmYWxzZSwiYXBpcyI6eyJlbmFibGVkIjp0cnVlfSwibXFNZXNzYWdlcyI6eyJiYXNlIjowLCJhZGRPbiI6MH0sIm1xUmVxdWVzdHMiOnsiYmFzZSI6MCwiYWRkT24iOjB9LCJleHRlcm5hbElkZW50aXR5Ijp0cnVlLCJtcUFkdmFuY2VkRmVhdHVyZXMiOnsiZW5hYmxlZCI6ZmFsc2V9LCJ2cGNzIjp7ImFzc2lnbmVkIjowLCJyZWFzc2lnbmVkIjowfSwiaHlicmlkSW5zaWdodCI6ZmFsc2UsImRlc2lnbkNlbnRlciI6eyJtb3phcnQiOmZhbHNlLCJhcGkiOmZhbHNlfSwib2JqZWN0U3RvcmVSZXF1ZXN0VW5pdHMiOnsiYmFzZSI6MTUwMDAwMDAsImFkZE9uIjowfSwib2JqZWN0U3RvcmVLZXlzIjp7ImJhc2UiOjEwMDAwMCwiYWRkT24iOjB9LCJjYW0iOnsiZW5hYmxlZCI6ZmFsc2V9LCJsb2FkQmFsYW5jZXIiOnsiYXNzaWduZWQiOjAsInJlYXNzaWduZWQiOjB9LCJtZXNzYWdpbmciOnsiYXNzaWduZWQiOjB9fSwiZXh0ZXJuYWxBdXRob3JpemF0aW9uIjp0cnVlLCJleHRlcm5hbEF1dGhvcml6YXRpb25Qcm92aWRlciI6eyJuYW1lIjoiUG9ydGFsIEFwcGxpY2F0aW9uIE1hbmFnZW1lbnQgU3lzdGVtIChQQU1TKSIsInVybCI6Imh0dHBzOi8vd3NneC10ZXN0LmNpc2NvLmNvbS9wYW1zL2x0L2NlcG1TZXJ2aWNlL3YxLjUvbWdyc3J2cyIsInZlcnNpb24iOiIxLjUifSwiaWRlbnRpdHlNYW5hZ2VtZW50Ijp7InR5cGUiOiJQaW5nRmVkZXJhdGUifSwib2F1dGgyU2V0dGluZ3MiOnsiYXV0aG9yaXphdGlvbkdyYW50cyI6WyJjb2RlIiwidG9rZW4iLCJvd25lciIsImNyZWRlbnRpYWxzIl0sImF1dGhvcml6YXRpb25VcmkiOiJodHRwczovL2Nsb3Vkc3NvLXRlc3QuY2lzY28uY29tL2FzL2F1dGhvcml6YXRpb24ub2F1dGgyIiwiYWNjZXNzVG9rZW5VcmkiOiJodHRwczovL2Nsb3Vkc3NvLXRlc3QuY2lzY28uY29tL2FzL3Rva2VuLm9hdXRoMiIsImdyYW50VHlwZXMiOlt7Im5hbWUiOiJwYXNzd29yZCIsImxhYmVsIjoiUmVzb3VyY2UgT3duZXIgR3JhbnQiLCJyZXF1aXJlZCI6ZmFsc2UsImV4Y2x1ZGUiOltdLCJkZXBlbmRzIjpbXX0seyJuYW1lIjoiaW1wbGljaXQiLCJsYWJlbCI6IkltcGxpY2l0IEdyYW50IiwicmVxdWlyZWQiOmZhbHNlLCJleGNsdWRlIjpbXSwiZGVwZW5kcyI6W119LHsibmFtZSI6ImNsaWVudF9jcmVkZW50aWFscyIsImxhYmVsIjoiQ2xpZW50IENyZWRlbnRpYWxzIEdyYW50IiwicmVxdWlyZWQiOmZhbHNlLCJleGNsdWRlIjpbXSwiZGVwZW5kcyI6W119LHsibmFtZSI6ImF1dGhvcml6YXRpb25fY29kZSIsImxhYmVsIjoiQXV0aG9yaXphdGlvbiBDb2RlIEdyYW50IiwicmVxdWlyZWQiOmZhbHNlLCJleGNsdWRlIjpbXSwiZGVwZW5kcyI6W119LHsibmFtZSI6InJlZnJlc2hfdG9rZW4iLCJsYWJlbCI6IlJlZnJlc2ggVG9rZW4iLCJyZXF1aXJlZCI6ZmFsc2UsImV4Y2x1ZGUiOltdLCJkZXBlbmRzIjpbImF1dGhvcml6YXRpb25fY29kZSIsInBhc3N3b3JkIl19XX19LCJpbnRlcmFjdGl2ZUxvZ2luIjp0cnVlLCJ0b2tlbiI6ImEyYzg0ODE1LThjYjgtNGE3Ni1iNmU0LTg4MGM3ZTc2MGNlYiIsImlhdCI6MTQ4NjU4Njc4OCwiYXVkIjoiaHR0cDovL2FwaS1wbGF0Zm9ybS1hcGkvcmVwb3NpdG9yeSIsImlzcyI6Imh0dHA6Ly9hcGktcGxhdGZvcm0tYXBpL3JlcG9zaXRvcnkifQ.YOsto-KJMgjQZxFXe6FFipYd8TIh4P1HIlJ5Tg6a9Ps
				Accept=*/*
				Content-Type=text/plain; charset=UTF-8
Cookies:		&lt;none&gt;
Body:			&lt;none&gt;
Request method:	DELETE
Request path:	https://qax.anypoint.mulesoft.com/apiplatform/repository/applications/43362
Proxy:			&lt;none&gt;
Request params:	&lt;none&gt;
Query params:	&lt;none&gt;
Form params:	&lt;none&gt;
Path params:	&lt;none&gt;
Multiparts:		&lt;none&gt;
Headers:		Authorization=Bearer eyJ0eXAiOiJKV1QiLCJhbGciOiJIUzI1NiJ9.eyJpZCI6IjUwMDAzN2NkLTJjZmQtNGRhNC1iZWQ3LTU3Mzg0ZGViMDYyYiIsImZpcnN0TmFtZSI6IkZlZGVyYXRlZCIsImxhc3ROYW1lIjoiRXh0ZXJuYWwiLCJlbWFpbCI6ImNocmlzdG9waGVyLm1vcmR1ZUBtdWxlc29mdC5jb20iLCJ1c2VybmFtZSI6ImZlZGVyYXRlZF9leHRlcm5hbCIsIm9yZ2FuaXphdGlvbiI6eyJpZCI6IjUwMDBkYjk1LWM1ZDQtNDg3Zi05MjVlLTNmODJmMTVhNTQ5OSIsIm5hbWUiOiJGZWRlcmF0ZWQgSW5jIEV4dGVybmFsIEF1dGhvcml6YXRpb24iLCJkb21haW4iOiJmZWRlcmF0ZWQtZXh0ZXJuYWwiLCJlbnRpdGxlbWVudHMiOnsiaHlicmlkIjp7ImVuYWJsZWQiOmZhbHNlfSwiY3JlYXRlU3ViT3JncyI6dHJ1ZSwidkNvcmVzUHJvZHVjdGlvbiI6eyJhc3NpZ25lZCI6MSwicmVhc3NpZ25lZCI6MH0sInZDb3Jlc1NhbmRib3giOnsiYXNzaWduZWQiOjEsInJlYXNzaWduZWQiOjB9LCJnbG9iYWxEZXBsb3ltZW50IjpmYWxzZSwid29ya2VyTG9nZ2luZ092ZXJyaWRlIjp7ImVuYWJsZWQiOmZhbHNlfSwiZ2F0ZXdheXMiOnsiYXNzaWduZWQiOjB9LCJjcmVhdGVFbnZpcm9ubWVudHMiOnRydWUsInBhcnRuZXJzUHJvZHVjdGlvbiI6eyJhc3NpZ25lZCI6MH0sInBhcnRuZXJzU2FuZGJveCI6eyJhc3NpZ25lZCI6MH0sImF1dG9zY2FsaW5nIjpmYWxzZSwic3RhdGljSXBzIjp7ImFzc2lnbmVkIjowLCJyZWFzc2lnbmVkIjowfSwiYXJtQWxlcnRzIjpmYWxzZSwiYXBpcyI6eyJlbmFibGVkIjp0cnVlfSwibXFNZXNzYWdlcyI6eyJiYXNlIjowLCJhZGRPbiI6MH0sIm1xUmVxdWVzdHMiOnsiYmFzZSI6MCwiYWRkT24iOjB9LCJleHRlcm5hbElkZW50aXR5Ijp0cnVlLCJtcUFkdmFuY2VkRmVhdHVyZXMiOnsiZW5hYmxlZCI6ZmFsc2V9LCJ2cGNzIjp7ImFzc2lnbmVkIjowLCJyZWFzc2lnbmVkIjowfSwiaHlicmlkSW5zaWdodCI6ZmFsc2UsImRlc2lnbkNlbnRlciI6eyJtb3phcnQiOmZhbHNlLCJhcGkiOmZhbHNlfSwib2JqZWN0U3RvcmVSZXF1ZXN0VW5pdHMiOnsiYmFzZSI6MTUwMDAwMDAsImFkZE9uIjowfSwib2JqZWN0U3RvcmVLZXlzIjp7ImJhc2UiOjEwMDAwMCwiYWRkT24iOjB9LCJjYW0iOnsiZW5hYmxlZCI6ZmFsc2V9LCJsb2FkQmFsYW5jZXIiOnsiYXNzaWduZWQiOjAsInJlYXNzaWduZWQiOjB9LCJtZXNzYWdpbmciOnsiYXNzaWduZWQiOjB9fSwiZXh0ZXJuYWxBdXRob3JpemF0aW9uIjp0cnVlLCJleHRlcm5hbEF1dGhvcml6YXRpb25Qcm92aWRlciI6eyJuYW1lIjoiUG9ydGFsIEFwcGxpY2F0aW9uIE1hbmFnZW1lbnQgU3lzdGVtIChQQU1TKSIsInVybCI6Imh0dHBzOi8vd3NneC10ZXN0LmNpc2NvLmNvbS9wYW1zL2x0L2NlcG1TZXJ2aWNlL3YxLjUvbWdyc3J2cyIsInZlcnNpb24iOiIxLjUifSwiaWRlbnRpdHlNYW5hZ2VtZW50Ijp7InR5cGUiOiJQaW5nRmVkZXJhdGUifSwib2F1dGgyU2V0dGluZ3MiOnsiYXV0aG9yaXphdGlvbkdyYW50cyI6WyJjb2RlIiwidG9rZW4iLCJvd25lciIsImNyZWRlbnRpYWxzIl0sImF1dGhvcml6YXRpb25VcmkiOiJodHRwczovL2Nsb3Vkc3NvLXRlc3QuY2lzY28uY29tL2FzL2F1dGhvcml6YXRpb24ub2F1dGgyIiwiYWNjZXNzVG9rZW5VcmkiOiJodHRwczovL2Nsb3Vkc3NvLXRlc3QuY2lzY28uY29tL2FzL3Rva2VuLm9hdXRoMiIsImdyYW50VHlwZXMiOlt7Im5hbWUiOiJwYXNzd29yZCIsImxhYmVsIjoiUmVzb3VyY2UgT3duZXIgR3JhbnQiLCJyZXF1aXJlZCI6ZmFsc2UsImV4Y2x1ZGUiOltdLCJkZXBlbmRzIjpbXX0seyJuYW1lIjoiaW1wbGljaXQiLCJsYWJlbCI6IkltcGxpY2l0IEdyYW50IiwicmVxdWlyZWQiOmZhbHNlLCJleGNsdWRlIjpbXSwiZGVwZW5kcyI6W119LHsibmFtZSI6ImNsaWVudF9jcmVkZW50aWFscyIsImxhYmVsIjoiQ2xpZW50IENyZWRlbnRpYWxzIEdyYW50IiwicmVxdWlyZWQiOmZhbHNlLCJleGNsdWRlIjpbXSwiZGVwZW5kcyI6W119LHsibmFtZSI6ImF1dGhvcml6YXRpb25fY29kZSIsImxhYmVsIjoiQXV0aG9yaXphdGlvbiBDb2RlIEdyYW50IiwicmVxdWlyZWQiOmZhbHNlLCJleGNsdWRlIjpbXSwiZGVwZW5kcyI6W119LHsibmFtZSI6InJlZnJlc2hfdG9rZW4iLCJsYWJlbCI6IlJlZnJlc2ggVG9rZW4iLCJyZXF1aXJlZCI6ZmFsc2UsImV4Y2x1ZGUiOltdLCJkZXBlbmRzIjpbImF1dGhvcml6YXRpb25fY29kZSIsInBhc3N3b3JkIl19XX19LCJpbnRlcmFjdGl2ZUxvZ2luIjp0cnVlLCJ0b2tlbiI6ImEyYzg0ODE1LThjYjgtNGE3Ni1iNmU0LTg4MGM3ZTc2MGNlYiIsImlhdCI6MTQ4NjU4Njc4OCwiYXVkIjoiaHR0cDovL2FwaS1wbGF0Zm9ybS1hcGkvcmVwb3NpdG9yeSIsImlzcyI6Imh0dHA6Ly9hcGktcGxhdGZvcm0tYXBpL3JlcG9zaXRvcnkifQ.YOsto-KJMgjQZxFXe6FFipYd8TIh4P1HIlJ5Tg6a9Ps
				Accept=*/*
				Content-Type=text/plain; charset=UTF-8
Cookies:		&lt;none&gt;
Body:			&lt;none&gt;
Request method:	DELETE
Request path:	https://qax.anypoint.mulesoft.com/apiplatform/repository/applications/43360
Proxy:			&lt;none&gt;
Request params:	&lt;none&gt;
Query params:	&lt;none&gt;
Form params:	&lt;none&gt;
Path params:	&lt;none&gt;
Multiparts:		&lt;none&gt;
Headers:		Authorization=Bearer eyJ0eXAiOiJKV1QiLCJhbGciOiJIUzI1NiJ9.eyJpZCI6IjUwMDAzN2NkLTJjZmQtNGRhNC1iZWQ3LTU3Mzg0ZGViMDYyYiIsImZpcnN0TmFtZSI6IkZlZGVyYXRlZCIsImxhc3ROYW1lIjoiRXh0ZXJuYWwiLCJlbWFpbCI6ImNocmlzdG9waGVyLm1vcmR1ZUBtdWxlc29mdC5jb20iLCJ1c2VybmFtZSI6ImZlZGVyYXRlZF9leHRlcm5hbCIsIm9yZ2FuaXphdGlvbiI6eyJpZCI6IjUwMDBkYjk1LWM1ZDQtNDg3Zi05MjVlLTNmODJmMTVhNTQ5OSIsIm5hbWUiOiJGZWRlcmF0ZWQgSW5jIEV4dGVybmFsIEF1dGhvcml6YXRpb24iLCJkb21haW4iOiJmZWRlcmF0ZWQtZXh0ZXJuYWwiLCJlbnRpdGxlbWVudHMiOnsiaHlicmlkIjp7ImVuYWJsZWQiOmZhbHNlfSwiY3JlYXRlU3ViT3JncyI6dHJ1ZSwidkNvcmVzUHJvZHVjdGlvbiI6eyJhc3NpZ25lZCI6MSwicmVhc3NpZ25lZCI6MH0sInZDb3Jlc1NhbmRib3giOnsiYXNzaWduZWQiOjEsInJlYXNzaWduZWQiOjB9LCJnbG9iYWxEZXBsb3ltZW50IjpmYWxzZSwid29ya2VyTG9nZ2luZ092ZXJyaWRlIjp7ImVuYWJsZWQiOmZhbHNlfSwiZ2F0ZXdheXMiOnsiYXNzaWduZWQiOjB9LCJjcmVhdGVFbnZpcm9ubWVudHMiOnRydWUsInBhcnRuZXJzUHJvZHVjdGlvbiI6eyJhc3NpZ25lZCI6MH0sInBhcnRuZXJzU2FuZGJveCI6eyJhc3NpZ25lZCI6MH0sImF1dG9zY2FsaW5nIjpmYWxzZSwic3RhdGljSXBzIjp7ImFzc2lnbmVkIjowLCJyZWFzc2lnbmVkIjowfSwiYXJtQWxlcnRzIjpmYWxzZSwiYXBpcyI6eyJlbmFibGVkIjp0cnVlfSwibXFNZXNzYWdlcyI6eyJiYXNlIjowLCJhZGRPbiI6MH0sIm1xUmVxdWVzdHMiOnsiYmFzZSI6MCwiYWRkT24iOjB9LCJleHRlcm5hbElkZW50aXR5Ijp0cnVlLCJtcUFkdmFuY2VkRmVhdHVyZXMiOnsiZW5hYmxlZCI6ZmFsc2V9LCJ2cGNzIjp7ImFzc2lnbmVkIjowLCJyZWFzc2lnbmVkIjowfSwiaHlicmlkSW5zaWdodCI6ZmFsc2UsImRlc2lnbkNlbnRlciI6eyJtb3phcnQiOmZhbHNlLCJhcGkiOmZhbHNlfSwib2JqZWN0U3RvcmVSZXF1ZXN0VW5pdHMiOnsiYmFzZSI6MTUwMDAwMDAsImFkZE9uIjowfSwib2JqZWN0U3RvcmVLZXlzIjp7ImJhc2UiOjEwMDAwMCwiYWRkT24iOjB9LCJjYW0iOnsiZW5hYmxlZCI6ZmFsc2V9LCJsb2FkQmFsYW5jZXIiOnsiYXNzaWduZWQiOjAsInJlYXNzaWduZWQiOjB9LCJtZXNzYWdpbmciOnsiYXNzaWduZWQiOjB9fSwiZXh0ZXJuYWxBdXRob3JpemF0aW9uIjp0cnVlLCJleHRlcm5hbEF1dGhvcml6YXRpb25Qcm92aWRlciI6eyJuYW1lIjoiUG9ydGFsIEFwcGxpY2F0aW9uIE1hbmFnZW1lbnQgU3lzdGVtIChQQU1TKSIsInVybCI6Imh0dHBzOi8vd3NneC10ZXN0LmNpc2NvLmNvbS9wYW1zL2x0L2NlcG1TZXJ2aWNlL3YxLjUvbWdyc3J2cyIsInZlcnNpb24iOiIxLjUifSwiaWRlbnRpdHlNYW5hZ2VtZW50Ijp7InR5cGUiOiJQaW5nRmVkZXJhdGUifSwib2F1dGgyU2V0dGluZ3MiOnsiYXV0aG9yaXphdGlvbkdyYW50cyI6WyJjb2RlIiwidG9rZW4iLCJvd25lciIsImNyZWRlbnRpYWxzIl0sImF1dGhvcml6YXRpb25VcmkiOiJodHRwczovL2Nsb3Vkc3NvLXRlc3QuY2lzY28uY29tL2FzL2F1dGhvcml6YXRpb24ub2F1dGgyIiwiYWNjZXNzVG9rZW5VcmkiOiJodHRwczovL2Nsb3Vkc3NvLXRlc3QuY2lzY28uY29tL2FzL3Rva2VuLm9hdXRoMiIsImdyYW50VHlwZXMiOlt7Im5hbWUiOiJwYXNzd29yZCIsImxhYmVsIjoiUmVzb3VyY2UgT3duZXIgR3JhbnQiLCJyZXF1aXJlZCI6ZmFsc2UsImV4Y2x1ZGUiOltdLCJkZXBlbmRzIjpbXX0seyJuYW1lIjoiaW1wbGljaXQiLCJsYWJlbCI6IkltcGxpY2l0IEdyYW50IiwicmVxdWlyZWQiOmZhbHNlLCJleGNsdWRlIjpbXSwiZGVwZW5kcyI6W119LHsibmFtZSI6ImNsaWVudF9jcmVkZW50aWFscyIsImxhYmVsIjoiQ2xpZW50IENyZWRlbnRpYWxzIEdyYW50IiwicmVxdWlyZWQiOmZhbHNlLCJleGNsdWRlIjpbXSwiZGVwZW5kcyI6W119LHsibmFtZSI6ImF1dGhvcml6YXRpb25fY29kZSIsImxhYmVsIjoiQXV0aG9yaXphdGlvbiBDb2RlIEdyYW50IiwicmVxdWlyZWQiOmZhbHNlLCJleGNsdWRlIjpbXSwiZGVwZW5kcyI6W119LHsibmFtZSI6InJlZnJlc2hfdG9rZW4iLCJsYWJlbCI6IlJlZnJlc2ggVG9rZW4iLCJyZXF1aXJlZCI6ZmFsc2UsImV4Y2x1ZGUiOltdLCJkZXBlbmRzIjpbImF1dGhvcml6YXRpb25fY29kZSIsInBhc3N3b3JkIl19XX19LCJpbnRlcmFjdGl2ZUxvZ2luIjp0cnVlLCJ0b2tlbiI6ImEyYzg0ODE1LThjYjgtNGE3Ni1iNmU0LTg4MGM3ZTc2MGNlYiIsImlhdCI6MTQ4NjU4Njc4OCwiYXVkIjoiaHR0cDovL2FwaS1wbGF0Zm9ybS1hcGkvcmVwb3NpdG9yeSIsImlzcyI6Imh0dHA6Ly9hcGktcGxhdGZvcm0tYXBpL3JlcG9zaXRvcnkifQ.YOsto-KJMgjQZxFXe6FFipYd8TIh4P1HIlJ5Tg6a9Ps
				Accept=*/*
				Content-Type=text/plain; charset=UTF-8
Cookies:		&lt;none&gt;
Body:			&lt;none&gt;
Request method:	DELETE
Request path:	https://qax.anypoint.mulesoft.com/apiplatform/repository/applications/43326
Proxy:			&lt;none&gt;
Request params:	&lt;none&gt;
Query params:	&lt;none&gt;
Form params:	&lt;none&gt;
Path params:	&lt;none&gt;
Multiparts:		&lt;none&gt;
Headers:		Authorization=Bearer eyJ0eXAiOiJKV1QiLCJhbGciOiJIUzI1NiJ9.eyJpZCI6IjUwMDAzN2NkLTJjZmQtNGRhNC1iZWQ3LTU3Mzg0ZGViMDYyYiIsImZpcnN0TmFtZSI6IkZlZGVyYXRlZCIsImxhc3ROYW1lIjoiRXh0ZXJuYWwiLCJlbWFpbCI6ImNocmlzdG9waGVyLm1vcmR1ZUBtdWxlc29mdC5jb20iLCJ1c2VybmFtZSI6ImZlZGVyYXRlZF9leHRlcm5hbCIsIm9yZ2FuaXphdGlvbiI6eyJpZCI6IjUwMDBkYjk1LWM1ZDQtNDg3Zi05MjVlLTNmODJmMTVhNTQ5OSIsIm5hbWUiOiJGZWRlcmF0ZWQgSW5jIEV4dGVybmFsIEF1dGhvcml6YXRpb24iLCJkb21haW4iOiJmZWRlcmF0ZWQtZXh0ZXJuYWwiLCJlbnRpdGxlbWVudHMiOnsiaHlicmlkIjp7ImVuYWJsZWQiOmZhbHNlfSwiY3JlYXRlU3ViT3JncyI6dHJ1ZSwidkNvcmVzUHJvZHVjdGlvbiI6eyJhc3NpZ25lZCI6MSwicmVhc3NpZ25lZCI6MH0sInZDb3Jlc1NhbmRib3giOnsiYXNzaWduZWQiOjEsInJlYXNzaWduZWQiOjB9LCJnbG9iYWxEZXBsb3ltZW50IjpmYWxzZSwid29ya2VyTG9nZ2luZ092ZXJyaWRlIjp7ImVuYWJsZWQiOmZhbHNlfSwiZ2F0ZXdheXMiOnsiYXNzaWduZWQiOjB9LCJjcmVhdGVFbnZpcm9ubWVudHMiOnRydWUsInBhcnRuZXJzUHJvZHVjdGlvbiI6eyJhc3NpZ25lZCI6MH0sInBhcnRuZXJzU2FuZGJveCI6eyJhc3NpZ25lZCI6MH0sImF1dG9zY2FsaW5nIjpmYWxzZSwic3RhdGljSXBzIjp7ImFzc2lnbmVkIjowLCJyZWFzc2lnbmVkIjowfSwiYXJtQWxlcnRzIjpmYWxzZSwiYXBpcyI6eyJlbmFibGVkIjp0cnVlfSwibXFNZXNzYWdlcyI6eyJiYXNlIjowLCJhZGRPbiI6MH0sIm1xUmVxdWVzdHMiOnsiYmFzZSI6MCwiYWRkT24iOjB9LCJleHRlcm5hbElkZW50aXR5Ijp0cnVlLCJtcUFkdmFuY2VkRmVhdHVyZXMiOnsiZW5hYmxlZCI6ZmFsc2V9LCJ2cGNzIjp7ImFzc2lnbmVkIjowLCJyZWFzc2lnbmVkIjowfSwiaHlicmlkSW5zaWdodCI6ZmFsc2UsImRlc2lnbkNlbnRlciI6eyJtb3phcnQiOmZhbHNlLCJhcGkiOmZhbHNlfSwib2JqZWN0U3RvcmVSZXF1ZXN0VW5pdHMiOnsiYmFzZSI6MTUwMDAwMDAsImFkZE9uIjowfSwib2JqZWN0U3RvcmVLZXlzIjp7ImJhc2UiOjEwMDAwMCwiYWRkT24iOjB9LCJjYW0iOnsiZW5hYmxlZCI6ZmFsc2V9LCJsb2FkQmFsYW5jZXIiOnsiYXNzaWduZWQiOjAsInJlYXNzaWduZWQiOjB9LCJtZXNzYWdpbmciOnsiYXNzaWduZWQiOjB9fSwiZXh0ZXJuYWxBdXRob3JpemF0aW9uIjp0cnVlLCJleHRlcm5hbEF1dGhvcml6YXRpb25Qcm92aWRlciI6eyJuYW1lIjoiUG9ydGFsIEFwcGxpY2F0aW9uIE1hbmFnZW1lbnQgU3lzdGVtIChQQU1TKSIsInVybCI6Imh0dHBzOi8vd3NneC10ZXN0LmNpc2NvLmNvbS9wYW1zL2x0L2NlcG1TZXJ2aWNlL3YxLjUvbWdyc3J2cyIsInZlcnNpb24iOiIxLjUifSwiaWRlbnRpdHlNYW5hZ2VtZW50Ijp7InR5cGUiOiJQaW5nRmVkZXJhdGUifSwib2F1dGgyU2V0dGluZ3MiOnsiYXV0aG9yaXphdGlvbkdyYW50cyI6WyJjb2RlIiwidG9rZW4iLCJvd25lciIsImNyZWRlbnRpYWxzIl0sImF1dGhvcml6YXRpb25VcmkiOiJodHRwczovL2Nsb3Vkc3NvLXRlc3QuY2lzY28uY29tL2FzL2F1dGhvcml6YXRpb24ub2F1dGgyIiwiYWNjZXNzVG9rZW5VcmkiOiJodHRwczovL2Nsb3Vkc3NvLXRlc3QuY2lzY28uY29tL2FzL3Rva2VuLm9hdXRoMiIsImdyYW50VHlwZXMiOlt7Im5hbWUiOiJwYXNzd29yZCIsImxhYmVsIjoiUmVzb3VyY2UgT3duZXIgR3JhbnQiLCJyZXF1aXJlZCI6ZmFsc2UsImV4Y2x1ZGUiOltdLCJkZXBlbmRzIjpbXX0seyJuYW1lIjoiaW1wbGljaXQiLCJsYWJlbCI6IkltcGxpY2l0IEdyYW50IiwicmVxdWlyZWQiOmZhbHNlLCJleGNsdWRlIjpbXSwiZGVwZW5kcyI6W119LHsibmFtZSI6ImNsaWVudF9jcmVkZW50aWFscyIsImxhYmVsIjoiQ2xpZW50IENyZWRlbnRpYWxzIEdyYW50IiwicmVxdWlyZWQiOmZhbHNlLCJleGNsdWRlIjpbXSwiZGVwZW5kcyI6W119LHsibmFtZSI6ImF1dGhvcml6YXRpb25fY29kZSIsImxhYmVsIjoiQXV0aG9yaXphdGlvbiBDb2RlIEdyYW50IiwicmVxdWlyZWQiOmZhbHNlLCJleGNsdWRlIjpbXSwiZGVwZW5kcyI6W119LHsibmFtZSI6InJlZnJlc2hfdG9rZW4iLCJsYWJlbCI6IlJlZnJlc2ggVG9rZW4iLCJyZXF1aXJlZCI6ZmFsc2UsImV4Y2x1ZGUiOltdLCJkZXBlbmRzIjpbImF1dGhvcml6YXRpb25fY29kZSIsInBhc3N3b3JkIl19XX19LCJpbnRlcmFjdGl2ZUxvZ2luIjp0cnVlLCJ0b2tlbiI6ImEyYzg0ODE1LThjYjgtNGE3Ni1iNmU0LTg4MGM3ZTc2MGNlYiIsImlhdCI6MTQ4NjU4Njc4OCwiYXVkIjoiaHR0cDovL2FwaS1wbGF0Zm9ybS1hcGkvcmVwb3NpdG9yeSIsImlzcyI6Imh0dHA6Ly9hcGktcGxhdGZvcm0tYXBpL3JlcG9zaXRvcnkifQ.YOsto-KJMgjQZxFXe6FFipYd8TIh4P1HIlJ5Tg6a9Ps
				Accept=*/*
				Content-Type=text/plain; charset=UTF-8
Cookies:		&lt;none&gt;
Body:			&lt;none&gt;
Request method:	DELETE
Request path:	https://qax.anypoint.mulesoft.com/apiplatform/repository/applications/43370
Proxy:			&lt;none&gt;
Request params:	&lt;none&gt;
Query params:	&lt;none&gt;
Form params:	&lt;none&gt;
Path params:	&lt;none&gt;
Multiparts:		&lt;none&gt;
Headers:		Authorization=Bearer eyJ0eXAiOiJKV1QiLCJhbGciOiJIUzI1NiJ9.eyJpZCI6IjUwMDAzN2NkLTJjZmQtNGRhNC1iZWQ3LTU3Mzg0ZGViMDYyYiIsImZpcnN0TmFtZSI6IkZlZGVyYXRlZCIsImxhc3ROYW1lIjoiRXh0ZXJuYWwiLCJlbWFpbCI6ImNocmlzdG9waGVyLm1vcmR1ZUBtdWxlc29mdC5jb20iLCJ1c2VybmFtZSI6ImZlZGVyYXRlZF9leHRlcm5hbCIsIm9yZ2FuaXphdGlvbiI6eyJpZCI6IjUwMDBkYjk1LWM1ZDQtNDg3Zi05MjVlLTNmODJmMTVhNTQ5OSIsIm5hbWUiOiJGZWRlcmF0ZWQgSW5jIEV4dGVybmFsIEF1dGhvcml6YXRpb24iLCJkb21haW4iOiJmZWRlcmF0ZWQtZXh0ZXJuYWwiLCJlbnRpdGxlbWVudHMiOnsiaHlicmlkIjp7ImVuYWJsZWQiOmZhbHNlfSwiY3JlYXRlU3ViT3JncyI6dHJ1ZSwidkNvcmVzUHJvZHVjdGlvbiI6eyJhc3NpZ25lZCI6MSwicmVhc3NpZ25lZCI6MH0sInZDb3Jlc1NhbmRib3giOnsiYXNzaWduZWQiOjEsInJlYXNzaWduZWQiOjB9LCJnbG9iYWxEZXBsb3ltZW50IjpmYWxzZSwid29ya2VyTG9nZ2luZ092ZXJyaWRlIjp7ImVuYWJsZWQiOmZhbHNlfSwiZ2F0ZXdheXMiOnsiYXNzaWduZWQiOjB9LCJjcmVhdGVFbnZpcm9ubWVudHMiOnRydWUsInBhcnRuZXJzUHJvZHVjdGlvbiI6eyJhc3NpZ25lZCI6MH0sInBhcnRuZXJzU2FuZGJveCI6eyJhc3NpZ25lZCI6MH0sImF1dG9zY2FsaW5nIjpmYWxzZSwic3RhdGljSXBzIjp7ImFzc2lnbmVkIjowLCJyZWFzc2lnbmVkIjowfSwiYXJtQWxlcnRzIjpmYWxzZSwiYXBpcyI6eyJlbmFibGVkIjp0cnVlfSwibXFNZXNzYWdlcyI6eyJiYXNlIjowLCJhZGRPbiI6MH0sIm1xUmVxdWVzdHMiOnsiYmFzZSI6MCwiYWRkT24iOjB9LCJleHRlcm5hbElkZW50aXR5Ijp0cnVlLCJtcUFkdmFuY2VkRmVhdHVyZXMiOnsiZW5hYmxlZCI6ZmFsc2V9LCJ2cGNzIjp7ImFzc2lnbmVkIjowLCJyZWFzc2lnbmVkIjowfSwiaHlicmlkSW5zaWdodCI6ZmFsc2UsImRlc2lnbkNlbnRlciI6eyJtb3phcnQiOmZhbHNlLCJhcGkiOmZhbHNlfSwib2JqZWN0U3RvcmVSZXF1ZXN0VW5pdHMiOnsiYmFzZSI6MTUwMDAwMDAsImFkZE9uIjowfSwib2JqZWN0U3RvcmVLZXlzIjp7ImJhc2UiOjEwMDAwMCwiYWRkT24iOjB9LCJjYW0iOnsiZW5hYmxlZCI6ZmFsc2V9LCJsb2FkQmFsYW5jZXIiOnsiYXNzaWduZWQiOjAsInJlYXNzaWduZWQiOjB9LCJtZXNzYWdpbmciOnsiYXNzaWduZWQiOjB9fSwiZXh0ZXJuYWxBdXRob3JpemF0aW9uIjp0cnVlLCJleHRlcm5hbEF1dGhvcml6YXRpb25Qcm92aWRlciI6eyJuYW1lIjoiUG9ydGFsIEFwcGxpY2F0aW9uIE1hbmFnZW1lbnQgU3lzdGVtIChQQU1TKSIsInVybCI6Imh0dHBzOi8vd3NneC10ZXN0LmNpc2NvLmNvbS9wYW1zL2x0L2NlcG1TZXJ2aWNlL3YxLjUvbWdyc3J2cyIsInZlcnNpb24iOiIxLjUifSwiaWRlbnRpdHlNYW5hZ2VtZW50Ijp7InR5cGUiOiJQaW5nRmVkZXJhdGUifSwib2F1dGgyU2V0dGluZ3MiOnsiYXV0aG9yaXphdGlvbkdyYW50cyI6WyJjb2RlIiwidG9rZW4iLCJvd25lciIsImNyZWRlbnRpYWxzIl0sImF1dGhvcml6YXRpb25VcmkiOiJodHRwczovL2Nsb3Vkc3NvLXRlc3QuY2lzY28uY29tL2FzL2F1dGhvcml6YXRpb24ub2F1dGgyIiwiYWNjZXNzVG9rZW5VcmkiOiJodHRwczovL2Nsb3Vkc3NvLXRlc3QuY2lzY28uY29tL2FzL3Rva2VuLm9hdXRoMiIsImdyYW50VHlwZXMiOlt7Im5hbWUiOiJwYXNzd29yZCIsImxhYmVsIjoiUmVzb3VyY2UgT3duZXIgR3JhbnQiLCJyZXF1aXJlZCI6ZmFsc2UsImV4Y2x1ZGUiOltdLCJkZXBlbmRzIjpbXX0seyJuYW1lIjoiaW1wbGljaXQiLCJsYWJlbCI6IkltcGxpY2l0IEdyYW50IiwicmVxdWlyZWQiOmZhbHNlLCJleGNsdWRlIjpbXSwiZGVwZW5kcyI6W119LHsibmFtZSI6ImNsaWVudF9jcmVkZW50aWFscyIsImxhYmVsIjoiQ2xpZW50IENyZWRlbnRpYWxzIEdyYW50IiwicmVxdWlyZWQiOmZhbHNlLCJleGNsdWRlIjpbXSwiZGVwZW5kcyI6W119LHsibmFtZSI6ImF1dGhvcml6YXRpb25fY29kZSIsImxhYmVsIjoiQXV0aG9yaXphdGlvbiBDb2RlIEdyYW50IiwicmVxdWlyZWQiOmZhbHNlLCJleGNsdWRlIjpbXSwiZGVwZW5kcyI6W119LHsibmFtZSI6InJlZnJlc2hfdG9rZW4iLCJsYWJlbCI6IlJlZnJlc2ggVG9rZW4iLCJyZXF1aXJlZCI6ZmFsc2UsImV4Y2x1ZGUiOltdLCJkZXBlbmRzIjpbImF1dGhvcml6YXRpb25fY29kZSIsInBhc3N3b3JkIl19XX19LCJpbnRlcmFjdGl2ZUxvZ2luIjp0cnVlLCJ0b2tlbiI6ImEyYzg0ODE1LThjYjgtNGE3Ni1iNmU0LTg4MGM3ZTc2MGNlYiIsImlhdCI6MTQ4NjU4Njc4OCwiYXVkIjoiaHR0cDovL2FwaS1wbGF0Zm9ybS1hcGkvcmVwb3NpdG9yeSIsImlzcyI6Imh0dHA6Ly9hcGktcGxhdGZvcm0tYXBpL3JlcG9zaXRvcnkifQ.YOsto-KJMgjQZxFXe6FFipYd8TIh4P1HIlJ5Tg6a9Ps
				Accept=*/*
				Content-Type=text/plain; charset=UTF-8
Cookies:		&lt;none&gt;
Body:			&lt;none&gt;
Request method:	DELETE
Request path:	https://qax.anypoint.mulesoft.com/apiplatform/repository/applications/43375
Proxy:			&lt;none&gt;
Request params:	&lt;none&gt;
Query params:	&lt;none&gt;
Form params:	&lt;none&gt;
Path params:	&lt;none&gt;
Multiparts:		&lt;none&gt;
Headers:		Authorization=Bearer eyJ0eXAiOiJKV1QiLCJhbGciOiJIUzI1NiJ9.eyJpZCI6IjUwMDAzN2NkLTJjZmQtNGRhNC1iZWQ3LTU3Mzg0ZGViMDYyYiIsImZpcnN0TmFtZSI6IkZlZGVyYXRlZCIsImxhc3ROYW1lIjoiRXh0ZXJuYWwiLCJlbWFpbCI6ImNocmlzdG9waGVyLm1vcmR1ZUBtdWxlc29mdC5jb20iLCJ1c2VybmFtZSI6ImZlZGVyYXRlZF9leHRlcm5hbCIsIm9yZ2FuaXphdGlvbiI6eyJpZCI6IjUwMDBkYjk1LWM1ZDQtNDg3Zi05MjVlLTNmODJmMTVhNTQ5OSIsIm5hbWUiOiJGZWRlcmF0ZWQgSW5jIEV4dGVybmFsIEF1dGhvcml6YXRpb24iLCJkb21haW4iOiJmZWRlcmF0ZWQtZXh0ZXJuYWwiLCJlbnRpdGxlbWVudHMiOnsiaHlicmlkIjp7ImVuYWJsZWQiOmZhbHNlfSwiY3JlYXRlU3ViT3JncyI6dHJ1ZSwidkNvcmVzUHJvZHVjdGlvbiI6eyJhc3NpZ25lZCI6MSwicmVhc3NpZ25lZCI6MH0sInZDb3Jlc1NhbmRib3giOnsiYXNzaWduZWQiOjEsInJlYXNzaWduZWQiOjB9LCJnbG9iYWxEZXBsb3ltZW50IjpmYWxzZSwid29ya2VyTG9nZ2luZ092ZXJyaWRlIjp7ImVuYWJsZWQiOmZhbHNlfSwiZ2F0ZXdheXMiOnsiYXNzaWduZWQiOjB9LCJjcmVhdGVFbnZpcm9ubWVudHMiOnRydWUsInBhcnRuZXJzUHJvZHVjdGlvbiI6eyJhc3NpZ25lZCI6MH0sInBhcnRuZXJzU2FuZGJveCI6eyJhc3NpZ25lZCI6MH0sImF1dG9zY2FsaW5nIjpmYWxzZSwic3RhdGljSXBzIjp7ImFzc2lnbmVkIjowLCJyZWFzc2lnbmVkIjowfSwiYXJtQWxlcnRzIjpmYWxzZSwiYXBpcyI6eyJlbmFibGVkIjp0cnVlfSwibXFNZXNzYWdlcyI6eyJiYXNlIjowLCJhZGRPbiI6MH0sIm1xUmVxdWVzdHMiOnsiYmFzZSI6MCwiYWRkT24iOjB9LCJleHRlcm5hbElkZW50aXR5Ijp0cnVlLCJtcUFkdmFuY2VkRmVhdHVyZXMiOnsiZW5hYmxlZCI6ZmFsc2V9LCJ2cGNzIjp7ImFzc2lnbmVkIjowLCJyZWFzc2lnbmVkIjowfSwiaHlicmlkSW5zaWdodCI6ZmFsc2UsImRlc2lnbkNlbnRlciI6eyJtb3phcnQiOmZhbHNlLCJhcGkiOmZhbHNlfSwib2JqZWN0U3RvcmVSZXF1ZXN0VW5pdHMiOnsiYmFzZSI6MTUwMDAwMDAsImFkZE9uIjowfSwib2JqZWN0U3RvcmVLZXlzIjp7ImJhc2UiOjEwMDAwMCwiYWRkT24iOjB9LCJjYW0iOnsiZW5hYmxlZCI6ZmFsc2V9LCJsb2FkQmFsYW5jZXIiOnsiYXNzaWduZWQiOjAsInJlYXNzaWduZWQiOjB9LCJtZXNzYWdpbmciOnsiYXNzaWduZWQiOjB9fSwiZXh0ZXJuYWxBdXRob3JpemF0aW9uIjp0cnVlLCJleHRlcm5hbEF1dGhvcml6YXRpb25Qcm92aWRlciI6eyJuYW1lIjoiUG9ydGFsIEFwcGxpY2F0aW9uIE1hbmFnZW1lbnQgU3lzdGVtIChQQU1TKSIsInVybCI6Imh0dHBzOi8vd3NneC10ZXN0LmNpc2NvLmNvbS9wYW1zL2x0L2NlcG1TZXJ2aWNlL3YxLjUvbWdyc3J2cyIsInZlcnNpb24iOiIxLjUifSwiaWRlbnRpdHlNYW5hZ2VtZW50Ijp7InR5cGUiOiJQaW5nRmVkZXJhdGUifSwib2F1dGgyU2V0dGluZ3MiOnsiYXV0aG9yaXphdGlvbkdyYW50cyI6WyJjb2RlIiwidG9rZW4iLCJvd25lciIsImNyZWRlbnRpYWxzIl0sImF1dGhvcml6YXRpb25VcmkiOiJodHRwczovL2Nsb3Vkc3NvLXRlc3QuY2lzY28uY29tL2FzL2F1dGhvcml6YXRpb24ub2F1dGgyIiwiYWNjZXNzVG9rZW5VcmkiOiJodHRwczovL2Nsb3Vkc3NvLXRlc3QuY2lzY28uY29tL2FzL3Rva2VuLm9hdXRoMiIsImdyYW50VHlwZXMiOlt7Im5hbWUiOiJwYXNzd29yZCIsImxhYmVsIjoiUmVzb3VyY2UgT3duZXIgR3JhbnQiLCJyZXF1aXJlZCI6ZmFsc2UsImV4Y2x1ZGUiOltdLCJkZXBlbmRzIjpbXX0seyJuYW1lIjoiaW1wbGljaXQiLCJsYWJlbCI6IkltcGxpY2l0IEdyYW50IiwicmVxdWlyZWQiOmZhbHNlLCJleGNsdWRlIjpbXSwiZGVwZW5kcyI6W119LHsibmFtZSI6ImNsaWVudF9jcmVkZW50aWFscyIsImxhYmVsIjoiQ2xpZW50IENyZWRlbnRpYWxzIEdyYW50IiwicmVxdWlyZWQiOmZhbHNlLCJleGNsdWRlIjpbXSwiZGVwZW5kcyI6W119LHsibmFtZSI6ImF1dGhvcml6YXRpb25fY29kZSIsImxhYmVsIjoiQXV0aG9yaXphdGlvbiBDb2RlIEdyYW50IiwicmVxdWlyZWQiOmZhbHNlLCJleGNsdWRlIjpbXSwiZGVwZW5kcyI6W119LHsibmFtZSI6InJlZnJlc2hfdG9rZW4iLCJsYWJlbCI6IlJlZnJlc2ggVG9rZW4iLCJyZXF1aXJlZCI6ZmFsc2UsImV4Y2x1ZGUiOltdLCJkZXBlbmRzIjpbImF1dGhvcml6YXRpb25fY29kZSIsInBhc3N3b3JkIl19XX19LCJpbnRlcmFjdGl2ZUxvZ2luIjp0cnVlLCJ0b2tlbiI6ImEyYzg0ODE1LThjYjgtNGE3Ni1iNmU0LTg4MGM3ZTc2MGNlYiIsImlhdCI6MTQ4NjU4Njc4OCwiYXVkIjoiaHR0cDovL2FwaS1wbGF0Zm9ybS1hcGkvcmVwb3NpdG9yeSIsImlzcyI6Imh0dHA6Ly9hcGktcGxhdGZvcm0tYXBpL3JlcG9zaXRvcnkifQ.YOsto-KJMgjQZxFXe6FFipYd8TIh4P1HIlJ5Tg6a9Ps
				Accept=*/*
				Content-Type=text/plain; charset=UTF-8
Cookies:		&lt;none&gt;
Body:			&lt;none&gt;
Request method:	DELETE
Request path:	https://qax.anypoint.mulesoft.com/apiplatform/repository/applications/43357
Proxy:			&lt;none&gt;
Request params:	&lt;none&gt;
Query params:	&lt;none&gt;
Form params:	&lt;none&gt;
Path params:	&lt;none&gt;
Multiparts:		&lt;none&gt;
Headers:		Authorization=Bearer eyJ0eXAiOiJKV1QiLCJhbGciOiJIUzI1NiJ9.eyJpZCI6IjUwMDAzN2NkLTJjZmQtNGRhNC1iZWQ3LTU3Mzg0ZGViMDYyYiIsImZpcnN0TmFtZSI6IkZlZGVyYXRlZCIsImxhc3ROYW1lIjoiRXh0ZXJuYWwiLCJlbWFpbCI6ImNocmlzdG9waGVyLm1vcmR1ZUBtdWxlc29mdC5jb20iLCJ1c2VybmFtZSI6ImZlZGVyYXRlZF9leHRlcm5hbCIsIm9yZ2FuaXphdGlvbiI6eyJpZCI6IjUwMDBkYjk1LWM1ZDQtNDg3Zi05MjVlLTNmODJmMTVhNTQ5OSIsIm5hbWUiOiJGZWRlcmF0ZWQgSW5jIEV4dGVybmFsIEF1dGhvcml6YXRpb24iLCJkb21haW4iOiJmZWRlcmF0ZWQtZXh0ZXJuYWwiLCJlbnRpdGxlbWVudHMiOnsiaHlicmlkIjp7ImVuYWJsZWQiOmZhbHNlfSwiY3JlYXRlU3ViT3JncyI6dHJ1ZSwidkNvcmVzUHJvZHVjdGlvbiI6eyJhc3NpZ25lZCI6MSwicmVhc3NpZ25lZCI6MH0sInZDb3Jlc1NhbmRib3giOnsiYXNzaWduZWQiOjEsInJlYXNzaWduZWQiOjB9LCJnbG9iYWxEZXBsb3ltZW50IjpmYWxzZSwid29ya2VyTG9nZ2luZ092ZXJyaWRlIjp7ImVuYWJsZWQiOmZhbHNlfSwiZ2F0ZXdheXMiOnsiYXNzaWduZWQiOjB9LCJjcmVhdGVFbnZpcm9ubWVudHMiOnRydWUsInBhcnRuZXJzUHJvZHVjdGlvbiI6eyJhc3NpZ25lZCI6MH0sInBhcnRuZXJzU2FuZGJveCI6eyJhc3NpZ25lZCI6MH0sImF1dG9zY2FsaW5nIjpmYWxzZSwic3RhdGljSXBzIjp7ImFzc2lnbmVkIjowLCJyZWFzc2lnbmVkIjowfSwiYXJtQWxlcnRzIjpmYWxzZSwiYXBpcyI6eyJlbmFibGVkIjp0cnVlfSwibXFNZXNzYWdlcyI6eyJiYXNlIjowLCJhZGRPbiI6MH0sIm1xUmVxdWVzdHMiOnsiYmFzZSI6MCwiYWRkT24iOjB9LCJleHRlcm5hbElkZW50aXR5Ijp0cnVlLCJtcUFkdmFuY2VkRmVhdHVyZXMiOnsiZW5hYmxlZCI6ZmFsc2V9LCJ2cGNzIjp7ImFzc2lnbmVkIjowLCJyZWFzc2lnbmVkIjowfSwiaHlicmlkSW5zaWdodCI6ZmFsc2UsImRlc2lnbkNlbnRlciI6eyJtb3phcnQiOmZhbHNlLCJhcGkiOmZhbHNlfSwib2JqZWN0U3RvcmVSZXF1ZXN0VW5pdHMiOnsiYmFzZSI6MTUwMDAwMDAsImFkZE9uIjowfSwib2JqZWN0U3RvcmVLZXlzIjp7ImJhc2UiOjEwMDAwMCwiYWRkT24iOjB9LCJjYW0iOnsiZW5hYmxlZCI6ZmFsc2V9LCJsb2FkQmFsYW5jZXIiOnsiYXNzaWduZWQiOjAsInJlYXNzaWduZWQiOjB9LCJtZXNzYWdpbmciOnsiYXNzaWduZWQiOjB9fSwiZXh0ZXJuYWxBdXRob3JpemF0aW9uIjp0cnVlLCJleHRlcm5hbEF1dGhvcml6YXRpb25Qcm92aWRlciI6eyJuYW1lIjoiUG9ydGFsIEFwcGxpY2F0aW9uIE1hbmFnZW1lbnQgU3lzdGVtIChQQU1TKSIsInVybCI6Imh0dHBzOi8vd3NneC10ZXN0LmNpc2NvLmNvbS9wYW1zL2x0L2NlcG1TZXJ2aWNlL3YxLjUvbWdyc3J2cyIsInZlcnNpb24iOiIxLjUifSwiaWRlbnRpdHlNYW5hZ2VtZW50Ijp7InR5cGUiOiJQaW5nRmVkZXJhdGUifSwib2F1dGgyU2V0dGluZ3MiOnsiYXV0aG9yaXphdGlvbkdyYW50cyI6WyJjb2RlIiwidG9rZW4iLCJvd25lciIsImNyZWRlbnRpYWxzIl0sImF1dGhvcml6YXRpb25VcmkiOiJodHRwczovL2Nsb3Vkc3NvLXRlc3QuY2lzY28uY29tL2FzL2F1dGhvcml6YXRpb24ub2F1dGgyIiwiYWNjZXNzVG9rZW5VcmkiOiJodHRwczovL2Nsb3Vkc3NvLXRlc3QuY2lzY28uY29tL2FzL3Rva2VuLm9hdXRoMiIsImdyYW50VHlwZXMiOlt7Im5hbWUiOiJwYXNzd29yZCIsImxhYmVsIjoiUmVzb3VyY2UgT3duZXIgR3JhbnQiLCJyZXF1aXJlZCI6ZmFsc2UsImV4Y2x1ZGUiOltdLCJkZXBlbmRzIjpbXX0seyJuYW1lIjoiaW1wbGljaXQiLCJsYWJlbCI6IkltcGxpY2l0IEdyYW50IiwicmVxdWlyZWQiOmZhbHNlLCJleGNsdWRlIjpbXSwiZGVwZW5kcyI6W119LHsibmFtZSI6ImNsaWVudF9jcmVkZW50aWFscyIsImxhYmVsIjoiQ2xpZW50IENyZWRlbnRpYWxzIEdyYW50IiwicmVxdWlyZWQiOmZhbHNlLCJleGNsdWRlIjpbXSwiZGVwZW5kcyI6W119LHsibmFtZSI6ImF1dGhvcml6YXRpb25fY29kZSIsImxhYmVsIjoiQXV0aG9yaXphdGlvbiBDb2RlIEdyYW50IiwicmVxdWlyZWQiOmZhbHNlLCJleGNsdWRlIjpbXSwiZGVwZW5kcyI6W119LHsibmFtZSI6InJlZnJlc2hfdG9rZW4iLCJsYWJlbCI6IlJlZnJlc2ggVG9rZW4iLCJyZXF1aXJlZCI6ZmFsc2UsImV4Y2x1ZGUiOltdLCJkZXBlbmRzIjpbImF1dGhvcml6YXRpb25fY29kZSIsInBhc3N3b3JkIl19XX19LCJpbnRlcmFjdGl2ZUxvZ2luIjp0cnVlLCJ0b2tlbiI6ImEyYzg0ODE1LThjYjgtNGE3Ni1iNmU0LTg4MGM3ZTc2MGNlYiIsImlhdCI6MTQ4NjU4Njc4OCwiYXVkIjoiaHR0cDovL2FwaS1wbGF0Zm9ybS1hcGkvcmVwb3NpdG9yeSIsImlzcyI6Imh0dHA6Ly9hcGktcGxhdGZvcm0tYXBpL3JlcG9zaXRvcnkifQ.YOsto-KJMgjQZxFXe6FFipYd8TIh4P1HIlJ5Tg6a9Ps
				Accept=*/*
				Content-Type=text/plain; charset=UTF-8
Cookies:		&lt;none&gt;
Body:			&lt;none&gt;
Request method:	DELETE
Request path:	https://qax.anypoint.mulesoft.com/apiplatform/repository/applications/43310
Proxy:			&lt;none&gt;
Request params:	&lt;none&gt;
Query params:	&lt;none&gt;
Form params:	&lt;none&gt;
Path params:	&lt;none&gt;
Multiparts:		&lt;none&gt;
Headers:		Authorization=Bearer eyJ0eXAiOiJKV1QiLCJhbGciOiJIUzI1NiJ9.eyJpZCI6IjUwMDAzN2NkLTJjZmQtNGRhNC1iZWQ3LTU3Mzg0ZGViMDYyYiIsImZpcnN0TmFtZSI6IkZlZGVyYXRlZCIsImxhc3ROYW1lIjoiRXh0ZXJuYWwiLCJlbWFpbCI6ImNocmlzdG9waGVyLm1vcmR1ZUBtdWxlc29mdC5jb20iLCJ1c2VybmFtZSI6ImZlZGVyYXRlZF9leHRlcm5hbCIsIm9yZ2FuaXphdGlvbiI6eyJpZCI6IjUwMDBkYjk1LWM1ZDQtNDg3Zi05MjVlLTNmODJmMTVhNTQ5OSIsIm5hbWUiOiJGZWRlcmF0ZWQgSW5jIEV4dGVybmFsIEF1dGhvcml6YXRpb24iLCJkb21haW4iOiJmZWRlcmF0ZWQtZXh0ZXJuYWwiLCJlbnRpdGxlbWVudHMiOnsiaHlicmlkIjp7ImVuYWJsZWQiOmZhbHNlfSwiY3JlYXRlU3ViT3JncyI6dHJ1ZSwidkNvcmVzUHJvZHVjdGlvbiI6eyJhc3NpZ25lZCI6MSwicmVhc3NpZ25lZCI6MH0sInZDb3Jlc1NhbmRib3giOnsiYXNzaWduZWQiOjEsInJlYXNzaWduZWQiOjB9LCJnbG9iYWxEZXBsb3ltZW50IjpmYWxzZSwid29ya2VyTG9nZ2luZ092ZXJyaWRlIjp7ImVuYWJsZWQiOmZhbHNlfSwiZ2F0ZXdheXMiOnsiYXNzaWduZWQiOjB9LCJjcmVhdGVFbnZpcm9ubWVudHMiOnRydWUsInBhcnRuZXJzUHJvZHVjdGlvbiI6eyJhc3NpZ25lZCI6MH0sInBhcnRuZXJzU2FuZGJveCI6eyJhc3NpZ25lZCI6MH0sImF1dG9zY2FsaW5nIjpmYWxzZSwic3RhdGljSXBzIjp7ImFzc2lnbmVkIjowLCJyZWFzc2lnbmVkIjowfSwiYXJtQWxlcnRzIjpmYWxzZSwiYXBpcyI6eyJlbmFibGVkIjp0cnVlfSwibXFNZXNzYWdlcyI6eyJiYXNlIjowLCJhZGRPbiI6MH0sIm1xUmVxdWVzdHMiOnsiYmFzZSI6MCwiYWRkT24iOjB9LCJleHRlcm5hbElkZW50aXR5Ijp0cnVlLCJtcUFkdmFuY2VkRmVhdHVyZXMiOnsiZW5hYmxlZCI6ZmFsc2V9LCJ2cGNzIjp7ImFzc2lnbmVkIjowLCJyZWFzc2lnbmVkIjowfSwiaHlicmlkSW5zaWdodCI6ZmFsc2UsImRlc2lnbkNlbnRlciI6eyJtb3phcnQiOmZhbHNlLCJhcGkiOmZhbHNlfSwib2JqZWN0U3RvcmVSZXF1ZXN0VW5pdHMiOnsiYmFzZSI6MTUwMDAwMDAsImFkZE9uIjowfSwib2JqZWN0U3RvcmVLZXlzIjp7ImJhc2UiOjEwMDAwMCwiYWRkT24iOjB9LCJjYW0iOnsiZW5hYmxlZCI6ZmFsc2V9LCJsb2FkQmFsYW5jZXIiOnsiYXNzaWduZWQiOjAsInJlYXNzaWduZWQiOjB9LCJtZXNzYWdpbmciOnsiYXNzaWduZWQiOjB9fSwiZXh0ZXJuYWxBdXRob3JpemF0aW9uIjp0cnVlLCJleHRlcm5hbEF1dGhvcml6YXRpb25Qcm92aWRlciI6eyJuYW1lIjoiUG9ydGFsIEFwcGxpY2F0aW9uIE1hbmFnZW1lbnQgU3lzdGVtIChQQU1TKSIsInVybCI6Imh0dHBzOi8vd3NneC10ZXN0LmNpc2NvLmNvbS9wYW1zL2x0L2NlcG1TZXJ2aWNlL3YxLjUvbWdyc3J2cyIsInZlcnNpb24iOiIxLjUifSwiaWRlbnRpdHlNYW5hZ2VtZW50Ijp7InR5cGUiOiJQaW5nRmVkZXJhdGUifSwib2F1dGgyU2V0dGluZ3MiOnsiYXV0aG9yaXphdGlvbkdyYW50cyI6WyJjb2RlIiwidG9rZW4iLCJvd25lciIsImNyZWRlbnRpYWxzIl0sImF1dGhvcml6YXRpb25VcmkiOiJodHRwczovL2Nsb3Vkc3NvLXRlc3QuY2lzY28uY29tL2FzL2F1dGhvcml6YXRpb24ub2F1dGgyIiwiYWNjZXNzVG9rZW5VcmkiOiJodHRwczovL2Nsb3Vkc3NvLXRlc3QuY2lzY28uY29tL2FzL3Rva2VuLm9hdXRoMiIsImdyYW50VHlwZXMiOlt7Im5hbWUiOiJwYXNzd29yZCIsImxhYmVsIjoiUmVzb3VyY2UgT3duZXIgR3JhbnQiLCJyZXF1aXJlZCI6ZmFsc2UsImV4Y2x1ZGUiOltdLCJkZXBlbmRzIjpbXX0seyJuYW1lIjoiaW1wbGljaXQiLCJsYWJlbCI6IkltcGxpY2l0IEdyYW50IiwicmVxdWlyZWQiOmZhbHNlLCJleGNsdWRlIjpbXSwiZGVwZW5kcyI6W119LHsibmFtZSI6ImNsaWVudF9jcmVkZW50aWFscyIsImxhYmVsIjoiQ2xpZW50IENyZWRlbnRpYWxzIEdyYW50IiwicmVxdWlyZWQiOmZhbHNlLCJleGNsdWRlIjpbXSwiZGVwZW5kcyI6W119LHsibmFtZSI6ImF1dGhvcml6YXRpb25fY29kZSIsImxhYmVsIjoiQXV0aG9yaXphdGlvbiBDb2RlIEdyYW50IiwicmVxdWlyZWQiOmZhbHNlLCJleGNsdWRlIjpbXSwiZGVwZW5kcyI6W119LHsibmFtZSI6InJlZnJlc2hfdG9rZW4iLCJsYWJlbCI6IlJlZnJlc2ggVG9rZW4iLCJyZXF1aXJlZCI6ZmFsc2UsImV4Y2x1ZGUiOltdLCJkZXBlbmRzIjpbImF1dGhvcml6YXRpb25fY29kZSIsInBhc3N3b3JkIl19XX19LCJpbnRlcmFjdGl2ZUxvZ2luIjp0cnVlLCJ0b2tlbiI6ImEyYzg0ODE1LThjYjgtNGE3Ni1iNmU0LTg4MGM3ZTc2MGNlYiIsImlhdCI6MTQ4NjU4Njc4OCwiYXVkIjoiaHR0cDovL2FwaS1wbGF0Zm9ybS1hcGkvcmVwb3NpdG9yeSIsImlzcyI6Imh0dHA6Ly9hcGktcGxhdGZvcm0tYXBpL3JlcG9zaXRvcnkifQ.YOsto-KJMgjQZxFXe6FFipYd8TIh4P1HIlJ5Tg6a9Ps
				Accept=*/*
				Content-Type=text/plain; charset=UTF-8
Cookies:		&lt;none&gt;
Body:			&lt;none&gt;
Request method:	DELETE
Request path:	https://qax.anypoint.mulesoft.com/apiplatform/repository/applications/43308
Proxy:			&lt;none&gt;
Request params:	&lt;none&gt;
Query params:	&lt;none&gt;
Form params:	&lt;none&gt;
Path params:	&lt;none&gt;
Multiparts:		&lt;none&gt;
Headers:		Authorization=Bearer eyJ0eXAiOiJKV1QiLCJhbGciOiJIUzI1NiJ9.eyJpZCI6IjUwMDAzN2NkLTJjZmQtNGRhNC1iZWQ3LTU3Mzg0ZGViMDYyYiIsImZpcnN0TmFtZSI6IkZlZGVyYXRlZCIsImxhc3ROYW1lIjoiRXh0ZXJuYWwiLCJlbWFpbCI6ImNocmlzdG9waGVyLm1vcmR1ZUBtdWxlc29mdC5jb20iLCJ1c2VybmFtZSI6ImZlZGVyYXRlZF9leHRlcm5hbCIsIm9yZ2FuaXphdGlvbiI6eyJpZCI6IjUwMDBkYjk1LWM1ZDQtNDg3Zi05MjVlLTNmODJmMTVhNTQ5OSIsIm5hbWUiOiJGZWRlcmF0ZWQgSW5jIEV4dGVybmFsIEF1dGhvcml6YXRpb24iLCJkb21haW4iOiJmZWRlcmF0ZWQtZXh0ZXJuYWwiLCJlbnRpdGxlbWVudHMiOnsiaHlicmlkIjp7ImVuYWJsZWQiOmZhbHNlfSwiY3JlYXRlU3ViT3JncyI6dHJ1ZSwidkNvcmVzUHJvZHVjdGlvbiI6eyJhc3NpZ25lZCI6MSwicmVhc3NpZ25lZCI6MH0sInZDb3Jlc1NhbmRib3giOnsiYXNzaWduZWQiOjEsInJlYXNzaWduZWQiOjB9LCJnbG9iYWxEZXBsb3ltZW50IjpmYWxzZSwid29ya2VyTG9nZ2luZ092ZXJyaWRlIjp7ImVuYWJsZWQiOmZhbHNlfSwiZ2F0ZXdheXMiOnsiYXNzaWduZWQiOjB9LCJjcmVhdGVFbnZpcm9ubWVudHMiOnRydWUsInBhcnRuZXJzUHJvZHVjdGlvbiI6eyJhc3NpZ25lZCI6MH0sInBhcnRuZXJzU2FuZGJveCI6eyJhc3NpZ25lZCI6MH0sImF1dG9zY2FsaW5nIjpmYWxzZSwic3RhdGljSXBzIjp7ImFzc2lnbmVkIjowLCJyZWFzc2lnbmVkIjowfSwiYXJtQWxlcnRzIjpmYWxzZSwiYXBpcyI6eyJlbmFibGVkIjp0cnVlfSwibXFNZXNzYWdlcyI6eyJiYXNlIjowLCJhZGRPbiI6MH0sIm1xUmVxdWVzdHMiOnsiYmFzZSI6MCwiYWRkT24iOjB9LCJleHRlcm5hbElkZW50aXR5Ijp0cnVlLCJtcUFkdmFuY2VkRmVhdHVyZXMiOnsiZW5hYmxlZCI6ZmFsc2V9LCJ2cGNzIjp7ImFzc2lnbmVkIjowLCJyZWFzc2lnbmVkIjowfSwiaHlicmlkSW5zaWdodCI6ZmFsc2UsImRlc2lnbkNlbnRlciI6eyJtb3phcnQiOmZhbHNlLCJhcGkiOmZhbHNlfSwib2JqZWN0U3RvcmVSZXF1ZXN0VW5pdHMiOnsiYmFzZSI6MTUwMDAwMDAsImFkZE9uIjowfSwib2JqZWN0U3RvcmVLZXlzIjp7ImJhc2UiOjEwMDAwMCwiYWRkT24iOjB9LCJjYW0iOnsiZW5hYmxlZCI6ZmFsc2V9LCJsb2FkQmFsYW5jZXIiOnsiYXNzaWduZWQiOjAsInJlYXNzaWduZWQiOjB9LCJtZXNzYWdpbmciOnsiYXNzaWduZWQiOjB9fSwiZXh0ZXJuYWxBdXRob3JpemF0aW9uIjp0cnVlLCJleHRlcm5hbEF1dGhvcml6YXRpb25Qcm92aWRlciI6eyJuYW1lIjoiUG9ydGFsIEFwcGxpY2F0aW9uIE1hbmFnZW1lbnQgU3lzdGVtIChQQU1TKSIsInVybCI6Imh0dHBzOi8vd3NneC10ZXN0LmNpc2NvLmNvbS9wYW1zL2x0L2NlcG1TZXJ2aWNlL3YxLjUvbWdyc3J2cyIsInZlcnNpb24iOiIxLjUifSwiaWRlbnRpdHlNYW5hZ2VtZW50Ijp7InR5cGUiOiJQaW5nRmVkZXJhdGUifSwib2F1dGgyU2V0dGluZ3MiOnsiYXV0aG9yaXphdGlvbkdyYW50cyI6WyJjb2RlIiwidG9rZW4iLCJvd25lciIsImNyZWRlbnRpYWxzIl0sImF1dGhvcml6YXRpb25VcmkiOiJodHRwczovL2Nsb3Vkc3NvLXRlc3QuY2lzY28uY29tL2FzL2F1dGhvcml6YXRpb24ub2F1dGgyIiwiYWNjZXNzVG9rZW5VcmkiOiJodHRwczovL2Nsb3Vkc3NvLXRlc3QuY2lzY28uY29tL2FzL3Rva2VuLm9hdXRoMiIsImdyYW50VHlwZXMiOlt7Im5hbWUiOiJwYXNzd29yZCIsImxhYmVsIjoiUmVzb3VyY2UgT3duZXIgR3JhbnQiLCJyZXF1aXJlZCI6ZmFsc2UsImV4Y2x1ZGUiOltdLCJkZXBlbmRzIjpbXX0seyJuYW1lIjoiaW1wbGljaXQiLCJsYWJlbCI6IkltcGxpY2l0IEdyYW50IiwicmVxdWlyZWQiOmZhbHNlLCJleGNsdWRlIjpbXSwiZGVwZW5kcyI6W119LHsibmFtZSI6ImNsaWVudF9jcmVkZW50aWFscyIsImxhYmVsIjoiQ2xpZW50IENyZWRlbnRpYWxzIEdyYW50IiwicmVxdWlyZWQiOmZhbHNlLCJleGNsdWRlIjpbXSwiZGVwZW5kcyI6W119LHsibmFtZSI6ImF1dGhvcml6YXRpb25fY29kZSIsImxhYmVsIjoiQXV0aG9yaXphdGlvbiBDb2RlIEdyYW50IiwicmVxdWlyZWQiOmZhbHNlLCJleGNsdWRlIjpbXSwiZGVwZW5kcyI6W119LHsibmFtZSI6InJlZnJlc2hfdG9rZW4iLCJsYWJlbCI6IlJlZnJlc2ggVG9rZW4iLCJyZXF1aXJlZCI6ZmFsc2UsImV4Y2x1ZGUiOltdLCJkZXBlbmRzIjpbImF1dGhvcml6YXRpb25fY29kZSIsInBhc3N3b3JkIl19XX19LCJpbnRlcmFjdGl2ZUxvZ2luIjp0cnVlLCJ0b2tlbiI6ImEyYzg0ODE1LThjYjgtNGE3Ni1iNmU0LTg4MGM3ZTc2MGNlYiIsImlhdCI6MTQ4NjU4Njc4OCwiYXVkIjoiaHR0cDovL2FwaS1wbGF0Zm9ybS1hcGkvcmVwb3NpdG9yeSIsImlzcyI6Imh0dHA6Ly9hcGktcGxhdGZvcm0tYXBpL3JlcG9zaXRvcnkifQ.YOsto-KJMgjQZxFXe6FFipYd8TIh4P1HIlJ5Tg6a9Ps
				Accept=*/*
				Content-Type=text/plain; charset=UTF-8
Cookies:		&lt;none&gt;
Body:			&lt;none&gt;
Request method:	DELETE
Request path:	https://qax.anypoint.mulesoft.com/apiplatform/repository/applications/43394
Proxy:			&lt;none&gt;
Request params:	&lt;none&gt;
Query params:	&lt;none&gt;
Form params:	&lt;none&gt;
Path params:	&lt;none&gt;
Multiparts:		&lt;none&gt;
Headers:		Authorization=Bearer eyJ0eXAiOiJKV1QiLCJhbGciOiJIUzI1NiJ9.eyJpZCI6IjUwMDAzN2NkLTJjZmQtNGRhNC1iZWQ3LTU3Mzg0ZGViMDYyYiIsImZpcnN0TmFtZSI6IkZlZGVyYXRlZCIsImxhc3ROYW1lIjoiRXh0ZXJuYWwiLCJlbWFpbCI6ImNocmlzdG9waGVyLm1vcmR1ZUBtdWxlc29mdC5jb20iLCJ1c2VybmFtZSI6ImZlZGVyYXRlZF9leHRlcm5hbCIsIm9yZ2FuaXphdGlvbiI6eyJpZCI6IjUwMDBkYjk1LWM1ZDQtNDg3Zi05MjVlLTNmODJmMTVhNTQ5OSIsIm5hbWUiOiJGZWRlcmF0ZWQgSW5jIEV4dGVybmFsIEF1dGhvcml6YXRpb24iLCJkb21haW4iOiJmZWRlcmF0ZWQtZXh0ZXJuYWwiLCJlbnRpdGxlbWVudHMiOnsiaHlicmlkIjp7ImVuYWJsZWQiOmZhbHNlfSwiY3JlYXRlU3ViT3JncyI6dHJ1ZSwidkNvcmVzUHJvZHVjdGlvbiI6eyJhc3NpZ25lZCI6MSwicmVhc3NpZ25lZCI6MH0sInZDb3Jlc1NhbmRib3giOnsiYXNzaWduZWQiOjEsInJlYXNzaWduZWQiOjB9LCJnbG9iYWxEZXBsb3ltZW50IjpmYWxzZSwid29ya2VyTG9nZ2luZ092ZXJyaWRlIjp7ImVuYWJsZWQiOmZhbHNlfSwiZ2F0ZXdheXMiOnsiYXNzaWduZWQiOjB9LCJjcmVhdGVFbnZpcm9ubWVudHMiOnRydWUsInBhcnRuZXJzUHJvZHVjdGlvbiI6eyJhc3NpZ25lZCI6MH0sInBhcnRuZXJzU2FuZGJveCI6eyJhc3NpZ25lZCI6MH0sImF1dG9zY2FsaW5nIjpmYWxzZSwic3RhdGljSXBzIjp7ImFzc2lnbmVkIjowLCJyZWFzc2lnbmVkIjowfSwiYXJtQWxlcnRzIjpmYWxzZSwiYXBpcyI6eyJlbmFibGVkIjp0cnVlfSwibXFNZXNzYWdlcyI6eyJiYXNlIjowLCJhZGRPbiI6MH0sIm1xUmVxdWVzdHMiOnsiYmFzZSI6MCwiYWRkT24iOjB9LCJleHRlcm5hbElkZW50aXR5Ijp0cnVlLCJtcUFkdmFuY2VkRmVhdHVyZXMiOnsiZW5hYmxlZCI6ZmFsc2V9LCJ2cGNzIjp7ImFzc2lnbmVkIjowLCJyZWFzc2lnbmVkIjowfSwiaHlicmlkSW5zaWdodCI6ZmFsc2UsImRlc2lnbkNlbnRlciI6eyJtb3phcnQiOmZhbHNlLCJhcGkiOmZhbHNlfSwib2JqZWN0U3RvcmVSZXF1ZXN0VW5pdHMiOnsiYmFzZSI6MTUwMDAwMDAsImFkZE9uIjowfSwib2JqZWN0U3RvcmVLZXlzIjp7ImJhc2UiOjEwMDAwMCwiYWRkT24iOjB9LCJjYW0iOnsiZW5hYmxlZCI6ZmFsc2V9LCJsb2FkQmFsYW5jZXIiOnsiYXNzaWduZWQiOjAsInJlYXNzaWduZWQiOjB9LCJtZXNzYWdpbmciOnsiYXNzaWduZWQiOjB9fSwiZXh0ZXJuYWxBdXRob3JpemF0aW9uIjp0cnVlLCJleHRlcm5hbEF1dGhvcml6YXRpb25Qcm92aWRlciI6eyJuYW1lIjoiUG9ydGFsIEFwcGxpY2F0aW9uIE1hbmFnZW1lbnQgU3lzdGVtIChQQU1TKSIsInVybCI6Imh0dHBzOi8vd3NneC10ZXN0LmNpc2NvLmNvbS9wYW1zL2x0L2NlcG1TZXJ2aWNlL3YxLjUvbWdyc3J2cyIsInZlcnNpb24iOiIxLjUifSwiaWRlbnRpdHlNYW5hZ2VtZW50Ijp7InR5cGUiOiJQaW5nRmVkZXJhdGUifSwib2F1dGgyU2V0dGluZ3MiOnsiYXV0aG9yaXphdGlvbkdyYW50cyI6WyJjb2RlIiwidG9rZW4iLCJvd25lciIsImNyZWRlbnRpYWxzIl0sImF1dGhvcml6YXRpb25VcmkiOiJodHRwczovL2Nsb3Vkc3NvLXRlc3QuY2lzY28uY29tL2FzL2F1dGhvcml6YXRpb24ub2F1dGgyIiwiYWNjZXNzVG9rZW5VcmkiOiJodHRwczovL2Nsb3Vkc3NvLXRlc3QuY2lzY28uY29tL2FzL3Rva2VuLm9hdXRoMiIsImdyYW50VHlwZXMiOlt7Im5hbWUiOiJwYXNzd29yZCIsImxhYmVsIjoiUmVzb3VyY2UgT3duZXIgR3JhbnQiLCJyZXF1aXJlZCI6ZmFsc2UsImV4Y2x1ZGUiOltdLCJkZXBlbmRzIjpbXX0seyJuYW1lIjoiaW1wbGljaXQiLCJsYWJlbCI6IkltcGxpY2l0IEdyYW50IiwicmVxdWlyZWQiOmZhbHNlLCJleGNsdWRlIjpbXSwiZGVwZW5kcyI6W119LHsibmFtZSI6ImNsaWVudF9jcmVkZW50aWFscyIsImxhYmVsIjoiQ2xpZW50IENyZWRlbnRpYWxzIEdyYW50IiwicmVxdWlyZWQiOmZhbHNlLCJleGNsdWRlIjpbXSwiZGVwZW5kcyI6W119LHsibmFtZSI6ImF1dGhvcml6YXRpb25fY29kZSIsImxhYmVsIjoiQXV0aG9yaXphdGlvbiBDb2RlIEdyYW50IiwicmVxdWlyZWQiOmZhbHNlLCJleGNsdWRlIjpbXSwiZGVwZW5kcyI6W119LHsibmFtZSI6InJlZnJlc2hfdG9rZW4iLCJsYWJlbCI6IlJlZnJlc2ggVG9rZW4iLCJyZXF1aXJlZCI6ZmFsc2UsImV4Y2x1ZGUiOltdLCJkZXBlbmRzIjpbImF1dGhvcml6YXRpb25fY29kZSIsInBhc3N3b3JkIl19XX19LCJpbnRlcmFjdGl2ZUxvZ2luIjp0cnVlLCJ0b2tlbiI6ImEyYzg0ODE1LThjYjgtNGE3Ni1iNmU0LTg4MGM3ZTc2MGNlYiIsImlhdCI6MTQ4NjU4Njc4OCwiYXVkIjoiaHR0cDovL2FwaS1wbGF0Zm9ybS1hcGkvcmVwb3NpdG9yeSIsImlzcyI6Imh0dHA6Ly9hcGktcGxhdGZvcm0tYXBpL3JlcG9zaXRvcnkifQ.YOsto-KJMgjQZxFXe6FFipYd8TIh4P1HIlJ5Tg6a9Ps
				Accept=*/*
				Content-Type=text/plain; charset=UTF-8
Cookies:		&lt;none&gt;
Body:			&lt;none&gt;
Request method:	DELETE
Request path:	https://qax.anypoint.mulesoft.com/apiplatform/repository/applications/43336
Proxy:			&lt;none&gt;
Request params:	&lt;none&gt;
Query params:	&lt;none&gt;
Form params:	&lt;none&gt;
Path params:	&lt;none&gt;
Multiparts:		&lt;none&gt;
Headers:		Authorization=Bearer eyJ0eXAiOiJKV1QiLCJhbGciOiJIUzI1NiJ9.eyJpZCI6IjUwMDAzN2NkLTJjZmQtNGRhNC1iZWQ3LTU3Mzg0ZGViMDYyYiIsImZpcnN0TmFtZSI6IkZlZGVyYXRlZCIsImxhc3ROYW1lIjoiRXh0ZXJuYWwiLCJlbWFpbCI6ImNocmlzdG9waGVyLm1vcmR1ZUBtdWxlc29mdC5jb20iLCJ1c2VybmFtZSI6ImZlZGVyYXRlZF9leHRlcm5hbCIsIm9yZ2FuaXphdGlvbiI6eyJpZCI6IjUwMDBkYjk1LWM1ZDQtNDg3Zi05MjVlLTNmODJmMTVhNTQ5OSIsIm5hbWUiOiJGZWRlcmF0ZWQgSW5jIEV4dGVybmFsIEF1dGhvcml6YXRpb24iLCJkb21haW4iOiJmZWRlcmF0ZWQtZXh0ZXJuYWwiLCJlbnRpdGxlbWVudHMiOnsiaHlicmlkIjp7ImVuYWJsZWQiOmZhbHNlfSwiY3JlYXRlU3ViT3JncyI6dHJ1ZSwidkNvcmVzUHJvZHVjdGlvbiI6eyJhc3NpZ25lZCI6MSwicmVhc3NpZ25lZCI6MH0sInZDb3Jlc1NhbmRib3giOnsiYXNzaWduZWQiOjEsInJlYXNzaWduZWQiOjB9LCJnbG9iYWxEZXBsb3ltZW50IjpmYWxzZSwid29ya2VyTG9nZ2luZ092ZXJyaWRlIjp7ImVuYWJsZWQiOmZhbHNlfSwiZ2F0ZXdheXMiOnsiYXNzaWduZWQiOjB9LCJjcmVhdGVFbnZpcm9ubWVudHMiOnRydWUsInBhcnRuZXJzUHJvZHVjdGlvbiI6eyJhc3NpZ25lZCI6MH0sInBhcnRuZXJzU2FuZGJveCI6eyJhc3NpZ25lZCI6MH0sImF1dG9zY2FsaW5nIjpmYWxzZSwic3RhdGljSXBzIjp7ImFzc2lnbmVkIjowLCJyZWFzc2lnbmVkIjowfSwiYXJtQWxlcnRzIjpmYWxzZSwiYXBpcyI6eyJlbmFibGVkIjp0cnVlfSwibXFNZXNzYWdlcyI6eyJiYXNlIjowLCJhZGRPbiI6MH0sIm1xUmVxdWVzdHMiOnsiYmFzZSI6MCwiYWRkT24iOjB9LCJleHRlcm5hbElkZW50aXR5Ijp0cnVlLCJtcUFkdmFuY2VkRmVhdHVyZXMiOnsiZW5hYmxlZCI6ZmFsc2V9LCJ2cGNzIjp7ImFzc2lnbmVkIjowLCJyZWFzc2lnbmVkIjowfSwiaHlicmlkSW5zaWdodCI6ZmFsc2UsImRlc2lnbkNlbnRlciI6eyJtb3phcnQiOmZhbHNlLCJhcGkiOmZhbHNlfSwib2JqZWN0U3RvcmVSZXF1ZXN0VW5pdHMiOnsiYmFzZSI6MTUwMDAwMDAsImFkZE9uIjowfSwib2JqZWN0U3RvcmVLZXlzIjp7ImJhc2UiOjEwMDAwMCwiYWRkT24iOjB9LCJjYW0iOnsiZW5hYmxlZCI6ZmFsc2V9LCJsb2FkQmFsYW5jZXIiOnsiYXNzaWduZWQiOjAsInJlYXNzaWduZWQiOjB9LCJtZXNzYWdpbmciOnsiYXNzaWduZWQiOjB9fSwiZXh0ZXJuYWxBdXRob3JpemF0aW9uIjp0cnVlLCJleHRlcm5hbEF1dGhvcml6YXRpb25Qcm92aWRlciI6eyJuYW1lIjoiUG9ydGFsIEFwcGxpY2F0aW9uIE1hbmFnZW1lbnQgU3lzdGVtIChQQU1TKSIsInVybCI6Imh0dHBzOi8vd3NneC10ZXN0LmNpc2NvLmNvbS9wYW1zL2x0L2NlcG1TZXJ2aWNlL3YxLjUvbWdyc3J2cyIsInZlcnNpb24iOiIxLjUifSwiaWRlbnRpdHlNYW5hZ2VtZW50Ijp7InR5cGUiOiJQaW5nRmVkZXJhdGUifSwib2F1dGgyU2V0dGluZ3MiOnsiYXV0aG9yaXphdGlvbkdyYW50cyI6WyJjb2RlIiwidG9rZW4iLCJvd25lciIsImNyZWRlbnRpYWxzIl0sImF1dGhvcml6YXRpb25VcmkiOiJodHRwczovL2Nsb3Vkc3NvLXRlc3QuY2lzY28uY29tL2FzL2F1dGhvcml6YXRpb24ub2F1dGgyIiwiYWNjZXNzVG9rZW5VcmkiOiJodHRwczovL2Nsb3Vkc3NvLXRlc3QuY2lzY28uY29tL2FzL3Rva2VuLm9hdXRoMiIsImdyYW50VHlwZXMiOlt7Im5hbWUiOiJwYXNzd29yZCIsImxhYmVsIjoiUmVzb3VyY2UgT3duZXIgR3JhbnQiLCJyZXF1aXJlZCI6ZmFsc2UsImV4Y2x1ZGUiOltdLCJkZXBlbmRzIjpbXX0seyJuYW1lIjoiaW1wbGljaXQiLCJsYWJlbCI6IkltcGxpY2l0IEdyYW50IiwicmVxdWlyZWQiOmZhbHNlLCJleGNsdWRlIjpbXSwiZGVwZW5kcyI6W119LHsibmFtZSI6ImNsaWVudF9jcmVkZW50aWFscyIsImxhYmVsIjoiQ2xpZW50IENyZWRlbnRpYWxzIEdyYW50IiwicmVxdWlyZWQiOmZhbHNlLCJleGNsdWRlIjpbXSwiZGVwZW5kcyI6W119LHsibmFtZSI6ImF1dGhvcml6YXRpb25fY29kZSIsImxhYmVsIjoiQXV0aG9yaXphdGlvbiBDb2RlIEdyYW50IiwicmVxdWlyZWQiOmZhbHNlLCJleGNsdWRlIjpbXSwiZGVwZW5kcyI6W119LHsibmFtZSI6InJlZnJlc2hfdG9rZW4iLCJsYWJlbCI6IlJlZnJlc2ggVG9rZW4iLCJyZXF1aXJlZCI6ZmFsc2UsImV4Y2x1ZGUiOltdLCJkZXBlbmRzIjpbImF1dGhvcml6YXRpb25fY29kZSIsInBhc3N3b3JkIl19XX19LCJpbnRlcmFjdGl2ZUxvZ2luIjp0cnVlLCJ0b2tlbiI6ImEyYzg0ODE1LThjYjgtNGE3Ni1iNmU0LTg4MGM3ZTc2MGNlYiIsImlhdCI6MTQ4NjU4Njc4OCwiYXVkIjoiaHR0cDovL2FwaS1wbGF0Zm9ybS1hcGkvcmVwb3NpdG9yeSIsImlzcyI6Imh0dHA6Ly9hcGktcGxhdGZvcm0tYXBpL3JlcG9zaXRvcnkifQ.YOsto-KJMgjQZxFXe6FFipYd8TIh4P1HIlJ5Tg6a9Ps
				Accept=*/*
				Content-Type=text/plain; charset=UTF-8
Cookies:		&lt;none&gt;
Body:			&lt;none&gt;
Request method:	DELETE
Request path:	https://qax.anypoint.mulesoft.com/apiplatform/repository/applications/43346
Proxy:			&lt;none&gt;
Request params:	&lt;none&gt;
Query params:	&lt;none&gt;
Form params:	&lt;none&gt;
Path params:	&lt;none&gt;
Multiparts:		&lt;none&gt;
Headers:		Authorization=Bearer eyJ0eXAiOiJKV1QiLCJhbGciOiJIUzI1NiJ9.eyJpZCI6IjUwMDAzN2NkLTJjZmQtNGRhNC1iZWQ3LTU3Mzg0ZGViMDYyYiIsImZpcnN0TmFtZSI6IkZlZGVyYXRlZCIsImxhc3ROYW1lIjoiRXh0ZXJuYWwiLCJlbWFpbCI6ImNocmlzdG9waGVyLm1vcmR1ZUBtdWxlc29mdC5jb20iLCJ1c2VybmFtZSI6ImZlZGVyYXRlZF9leHRlcm5hbCIsIm9yZ2FuaXphdGlvbiI6eyJpZCI6IjUwMDBkYjk1LWM1ZDQtNDg3Zi05MjVlLTNmODJmMTVhNTQ5OSIsIm5hbWUiOiJGZWRlcmF0ZWQgSW5jIEV4dGVybmFsIEF1dGhvcml6YXRpb24iLCJkb21haW4iOiJmZWRlcmF0ZWQtZXh0ZXJuYWwiLCJlbnRpdGxlbWVudHMiOnsiaHlicmlkIjp7ImVuYWJsZWQiOmZhbHNlfSwiY3JlYXRlU3ViT3JncyI6dHJ1ZSwidkNvcmVzUHJvZHVjdGlvbiI6eyJhc3NpZ25lZCI6MSwicmVhc3NpZ25lZCI6MH0sInZDb3Jlc1NhbmRib3giOnsiYXNzaWduZWQiOjEsInJlYXNzaWduZWQiOjB9LCJnbG9iYWxEZXBsb3ltZW50IjpmYWxzZSwid29ya2VyTG9nZ2luZ092ZXJyaWRlIjp7ImVuYWJsZWQiOmZhbHNlfSwiZ2F0ZXdheXMiOnsiYXNzaWduZWQiOjB9LCJjcmVhdGVFbnZpcm9ubWVudHMiOnRydWUsInBhcnRuZXJzUHJvZHVjdGlvbiI6eyJhc3NpZ25lZCI6MH0sInBhcnRuZXJzU2FuZGJveCI6eyJhc3NpZ25lZCI6MH0sImF1dG9zY2FsaW5nIjpmYWxzZSwic3RhdGljSXBzIjp7ImFzc2lnbmVkIjowLCJyZWFzc2lnbmVkIjowfSwiYXJtQWxlcnRzIjpmYWxzZSwiYXBpcyI6eyJlbmFibGVkIjp0cnVlfSwibXFNZXNzYWdlcyI6eyJiYXNlIjowLCJhZGRPbiI6MH0sIm1xUmVxdWVzdHMiOnsiYmFzZSI6MCwiYWRkT24iOjB9LCJleHRlcm5hbElkZW50aXR5Ijp0cnVlLCJtcUFkdmFuY2VkRmVhdHVyZXMiOnsiZW5hYmxlZCI6ZmFsc2V9LCJ2cGNzIjp7ImFzc2lnbmVkIjowLCJyZWFzc2lnbmVkIjowfSwiaHlicmlkSW5zaWdodCI6ZmFsc2UsImRlc2lnbkNlbnRlciI6eyJtb3phcnQiOmZhbHNlLCJhcGkiOmZhbHNlfSwib2JqZWN0U3RvcmVSZXF1ZXN0VW5pdHMiOnsiYmFzZSI6MTUwMDAwMDAsImFkZE9uIjowfSwib2JqZWN0U3RvcmVLZXlzIjp7ImJhc2UiOjEwMDAwMCwiYWRkT24iOjB9LCJjYW0iOnsiZW5hYmxlZCI6ZmFsc2V9LCJsb2FkQmFsYW5jZXIiOnsiYXNzaWduZWQiOjAsInJlYXNzaWduZWQiOjB9LCJtZXNzYWdpbmciOnsiYXNzaWduZWQiOjB9fSwiZXh0ZXJuYWxBdXRob3JpemF0aW9uIjp0cnVlLCJleHRlcm5hbEF1dGhvcml6YXRpb25Qcm92aWRlciI6eyJuYW1lIjoiUG9ydGFsIEFwcGxpY2F0aW9uIE1hbmFnZW1lbnQgU3lzdGVtIChQQU1TKSIsInVybCI6Imh0dHBzOi8vd3NneC10ZXN0LmNpc2NvLmNvbS9wYW1zL2x0L2NlcG1TZXJ2aWNlL3YxLjUvbWdyc3J2cyIsInZlcnNpb24iOiIxLjUifSwiaWRlbnRpdHlNYW5hZ2VtZW50Ijp7InR5cGUiOiJQaW5nRmVkZXJhdGUifSwib2F1dGgyU2V0dGluZ3MiOnsiYXV0aG9yaXphdGlvbkdyYW50cyI6WyJjb2RlIiwidG9rZW4iLCJvd25lciIsImNyZWRlbnRpYWxzIl0sImF1dGhvcml6YXRpb25VcmkiOiJodHRwczovL2Nsb3Vkc3NvLXRlc3QuY2lzY28uY29tL2FzL2F1dGhvcml6YXRpb24ub2F1dGgyIiwiYWNjZXNzVG9rZW5VcmkiOiJodHRwczovL2Nsb3Vkc3NvLXRlc3QuY2lzY28uY29tL2FzL3Rva2VuLm9hdXRoMiIsImdyYW50VHlwZXMiOlt7Im5hbWUiOiJwYXNzd29yZCIsImxhYmVsIjoiUmVzb3VyY2UgT3duZXIgR3JhbnQiLCJyZXF1aXJlZCI6ZmFsc2UsImV4Y2x1ZGUiOltdLCJkZXBlbmRzIjpbXX0seyJuYW1lIjoiaW1wbGljaXQiLCJsYWJlbCI6IkltcGxpY2l0IEdyYW50IiwicmVxdWlyZWQiOmZhbHNlLCJleGNsdWRlIjpbXSwiZGVwZW5kcyI6W119LHsibmFtZSI6ImNsaWVudF9jcmVkZW50aWFscyIsImxhYmVsIjoiQ2xpZW50IENyZWRlbnRpYWxzIEdyYW50IiwicmVxdWlyZWQiOmZhbHNlLCJleGNsdWRlIjpbXSwiZGVwZW5kcyI6W119LHsibmFtZSI6ImF1dGhvcml6YXRpb25fY29kZSIsImxhYmVsIjoiQXV0aG9yaXphdGlvbiBDb2RlIEdyYW50IiwicmVxdWlyZWQiOmZhbHNlLCJleGNsdWRlIjpbXSwiZGVwZW5kcyI6W119LHsibmFtZSI6InJlZnJlc2hfdG9rZW4iLCJsYWJlbCI6IlJlZnJlc2ggVG9rZW4iLCJyZXF1aXJlZCI6ZmFsc2UsImV4Y2x1ZGUiOltdLCJkZXBlbmRzIjpbImF1dGhvcml6YXRpb25fY29kZSIsInBhc3N3b3JkIl19XX19LCJpbnRlcmFjdGl2ZUxvZ2luIjp0cnVlLCJ0b2tlbiI6ImEyYzg0ODE1LThjYjgtNGE3Ni1iNmU0LTg4MGM3ZTc2MGNlYiIsImlhdCI6MTQ4NjU4Njc4OCwiYXVkIjoiaHR0cDovL2FwaS1wbGF0Zm9ybS1hcGkvcmVwb3NpdG9yeSIsImlzcyI6Imh0dHA6Ly9hcGktcGxhdGZvcm0tYXBpL3JlcG9zaXRvcnkifQ.YOsto-KJMgjQZxFXe6FFipYd8TIh4P1HIlJ5Tg6a9Ps
				Accept=*/*
				Content-Type=text/plain; charset=UTF-8
Cookies:		&lt;none&gt;
Body:			&lt;none&gt;
Request method:	DELETE
Request path:	https://qax.anypoint.mulesoft.com/apiplatform/repository/applications/43361
Proxy:			&lt;none&gt;
Request params:	&lt;none&gt;
Query params:	&lt;none&gt;
Form params:	&lt;none&gt;
Path params:	&lt;none&gt;
Multiparts:		&lt;none&gt;
Headers:		Authorization=Bearer eyJ0eXAiOiJKV1QiLCJhbGciOiJIUzI1NiJ9.eyJpZCI6IjUwMDAzN2NkLTJjZmQtNGRhNC1iZWQ3LTU3Mzg0ZGViMDYyYiIsImZpcnN0TmFtZSI6IkZlZGVyYXRlZCIsImxhc3ROYW1lIjoiRXh0ZXJuYWwiLCJlbWFpbCI6ImNocmlzdG9waGVyLm1vcmR1ZUBtdWxlc29mdC5jb20iLCJ1c2VybmFtZSI6ImZlZGVyYXRlZF9leHRlcm5hbCIsIm9yZ2FuaXphdGlvbiI6eyJpZCI6IjUwMDBkYjk1LWM1ZDQtNDg3Zi05MjVlLTNmODJmMTVhNTQ5OSIsIm5hbWUiOiJGZWRlcmF0ZWQgSW5jIEV4dGVybmFsIEF1dGhvcml6YXRpb24iLCJkb21haW4iOiJmZWRlcmF0ZWQtZXh0ZXJuYWwiLCJlbnRpdGxlbWVudHMiOnsiaHlicmlkIjp7ImVuYWJsZWQiOmZhbHNlfSwiY3JlYXRlU3ViT3JncyI6dHJ1ZSwidkNvcmVzUHJvZHVjdGlvbiI6eyJhc3NpZ25lZCI6MSwicmVhc3NpZ25lZCI6MH0sInZDb3Jlc1NhbmRib3giOnsiYXNzaWduZWQiOjEsInJlYXNzaWduZWQiOjB9LCJnbG9iYWxEZXBsb3ltZW50IjpmYWxzZSwid29ya2VyTG9nZ2luZ092ZXJyaWRlIjp7ImVuYWJsZWQiOmZhbHNlfSwiZ2F0ZXdheXMiOnsiYXNzaWduZWQiOjB9LCJjcmVhdGVFbnZpcm9ubWVudHMiOnRydWUsInBhcnRuZXJzUHJvZHVjdGlvbiI6eyJhc3NpZ25lZCI6MH0sInBhcnRuZXJzU2FuZGJveCI6eyJhc3NpZ25lZCI6MH0sImF1dG9zY2FsaW5nIjpmYWxzZSwic3RhdGljSXBzIjp7ImFzc2lnbmVkIjowLCJyZWFzc2lnbmVkIjowfSwiYXJtQWxlcnRzIjpmYWxzZSwiYXBpcyI6eyJlbmFibGVkIjp0cnVlfSwibXFNZXNzYWdlcyI6eyJiYXNlIjowLCJhZGRPbiI6MH0sIm1xUmVxdWVzdHMiOnsiYmFzZSI6MCwiYWRkT24iOjB9LCJleHRlcm5hbElkZW50aXR5Ijp0cnVlLCJtcUFkdmFuY2VkRmVhdHVyZXMiOnsiZW5hYmxlZCI6ZmFsc2V9LCJ2cGNzIjp7ImFzc2lnbmVkIjowLCJyZWFzc2lnbmVkIjowfSwiaHlicmlkSW5zaWdodCI6ZmFsc2UsImRlc2lnbkNlbnRlciI6eyJtb3phcnQiOmZhbHNlLCJhcGkiOmZhbHNlfSwib2JqZWN0U3RvcmVSZXF1ZXN0VW5pdHMiOnsiYmFzZSI6MTUwMDAwMDAsImFkZE9uIjowfSwib2JqZWN0U3RvcmVLZXlzIjp7ImJhc2UiOjEwMDAwMCwiYWRkT24iOjB9LCJjYW0iOnsiZW5hYmxlZCI6ZmFsc2V9LCJsb2FkQmFsYW5jZXIiOnsiYXNzaWduZWQiOjAsInJlYXNzaWduZWQiOjB9LCJtZXNzYWdpbmciOnsiYXNzaWduZWQiOjB9fSwiZXh0ZXJuYWxBdXRob3JpemF0aW9uIjp0cnVlLCJleHRlcm5hbEF1dGhvcml6YXRpb25Qcm92aWRlciI6eyJuYW1lIjoiUG9ydGFsIEFwcGxpY2F0aW9uIE1hbmFnZW1lbnQgU3lzdGVtIChQQU1TKSIsInVybCI6Imh0dHBzOi8vd3NneC10ZXN0LmNpc2NvLmNvbS9wYW1zL2x0L2NlcG1TZXJ2aWNlL3YxLjUvbWdyc3J2cyIsInZlcnNpb24iOiIxLjUifSwiaWRlbnRpdHlNYW5hZ2VtZW50Ijp7InR5cGUiOiJQaW5nRmVkZXJhdGUifSwib2F1dGgyU2V0dGluZ3MiOnsiYXV0aG9yaXphdGlvbkdyYW50cyI6WyJjb2RlIiwidG9rZW4iLCJvd25lciIsImNyZWRlbnRpYWxzIl0sImF1dGhvcml6YXRpb25VcmkiOiJodHRwczovL2Nsb3Vkc3NvLXRlc3QuY2lzY28uY29tL2FzL2F1dGhvcml6YXRpb24ub2F1dGgyIiwiYWNjZXNzVG9rZW5VcmkiOiJodHRwczovL2Nsb3Vkc3NvLXRlc3QuY2lzY28uY29tL2FzL3Rva2VuLm9hdXRoMiIsImdyYW50VHlwZXMiOlt7Im5hbWUiOiJwYXNzd29yZCIsImxhYmVsIjoiUmVzb3VyY2UgT3duZXIgR3JhbnQiLCJyZXF1aXJlZCI6ZmFsc2UsImV4Y2x1ZGUiOltdLCJkZXBlbmRzIjpbXX0seyJuYW1lIjoiaW1wbGljaXQiLCJsYWJlbCI6IkltcGxpY2l0IEdyYW50IiwicmVxdWlyZWQiOmZhbHNlLCJleGNsdWRlIjpbXSwiZGVwZW5kcyI6W119LHsibmFtZSI6ImNsaWVudF9jcmVkZW50aWFscyIsImxhYmVsIjoiQ2xpZW50IENyZWRlbnRpYWxzIEdyYW50IiwicmVxdWlyZWQiOmZhbHNlLCJleGNsdWRlIjpbXSwiZGVwZW5kcyI6W119LHsibmFtZSI6ImF1dGhvcml6YXRpb25fY29kZSIsImxhYmVsIjoiQXV0aG9yaXphdGlvbiBDb2RlIEdyYW50IiwicmVxdWlyZWQiOmZhbHNlLCJleGNsdWRlIjpbXSwiZGVwZW5kcyI6W119LHsibmFtZSI6InJlZnJlc2hfdG9rZW4iLCJsYWJlbCI6IlJlZnJlc2ggVG9rZW4iLCJyZXF1aXJlZCI6ZmFsc2UsImV4Y2x1ZGUiOltdLCJkZXBlbmRzIjpbImF1dGhvcml6YXRpb25fY29kZSIsInBhc3N3b3JkIl19XX19LCJpbnRlcmFjdGl2ZUxvZ2luIjp0cnVlLCJ0b2tlbiI6ImEyYzg0ODE1LThjYjgtNGE3Ni1iNmU0LTg4MGM3ZTc2MGNlYiIsImlhdCI6MTQ4NjU4Njc4OCwiYXVkIjoiaHR0cDovL2FwaS1wbGF0Zm9ybS1hcGkvcmVwb3NpdG9yeSIsImlzcyI6Imh0dHA6Ly9hcGktcGxhdGZvcm0tYXBpL3JlcG9zaXRvcnkifQ.YOsto-KJMgjQZxFXe6FFipYd8TIh4P1HIlJ5Tg6a9Ps
				Accept=*/*
				Content-Type=text/plain; charset=UTF-8
Cookies:		&lt;none&gt;
Body:			&lt;none&gt;
Request method:	DELETE
Request path:	https://qax.anypoint.mulesoft.com/apiplatform/repository/applications/43345
Proxy:			&lt;none&gt;
Request params:	&lt;none&gt;
Query params:	&lt;none&gt;
Form params:	&lt;none&gt;
Path params:	&lt;none&gt;
Multiparts:		&lt;none&gt;
Headers:		Authorization=Bearer eyJ0eXAiOiJKV1QiLCJhbGciOiJIUzI1NiJ9.eyJpZCI6IjUwMDAzN2NkLTJjZmQtNGRhNC1iZWQ3LTU3Mzg0ZGViMDYyYiIsImZpcnN0TmFtZSI6IkZlZGVyYXRlZCIsImxhc3ROYW1lIjoiRXh0ZXJuYWwiLCJlbWFpbCI6ImNocmlzdG9waGVyLm1vcmR1ZUBtdWxlc29mdC5jb20iLCJ1c2VybmFtZSI6ImZlZGVyYXRlZF9leHRlcm5hbCIsIm9yZ2FuaXphdGlvbiI6eyJpZCI6IjUwMDBkYjk1LWM1ZDQtNDg3Zi05MjVlLTNmODJmMTVhNTQ5OSIsIm5hbWUiOiJGZWRlcmF0ZWQgSW5jIEV4dGVybmFsIEF1dGhvcml6YXRpb24iLCJkb21haW4iOiJmZWRlcmF0ZWQtZXh0ZXJuYWwiLCJlbnRpdGxlbWVudHMiOnsiaHlicmlkIjp7ImVuYWJsZWQiOmZhbHNlfSwiY3JlYXRlU3ViT3JncyI6dHJ1ZSwidkNvcmVzUHJvZHVjdGlvbiI6eyJhc3NpZ25lZCI6MSwicmVhc3NpZ25lZCI6MH0sInZDb3Jlc1NhbmRib3giOnsiYXNzaWduZWQiOjEsInJlYXNzaWduZWQiOjB9LCJnbG9iYWxEZXBsb3ltZW50IjpmYWxzZSwid29ya2VyTG9nZ2luZ092ZXJyaWRlIjp7ImVuYWJsZWQiOmZhbHNlfSwiZ2F0ZXdheXMiOnsiYXNzaWduZWQiOjB9LCJjcmVhdGVFbnZpcm9ubWVudHMiOnRydWUsInBhcnRuZXJzUHJvZHVjdGlvbiI6eyJhc3NpZ25lZCI6MH0sInBhcnRuZXJzU2FuZGJveCI6eyJhc3NpZ25lZCI6MH0sImF1dG9zY2FsaW5nIjpmYWxzZSwic3RhdGljSXBzIjp7ImFzc2lnbmVkIjowLCJyZWFzc2lnbmVkIjowfSwiYXJtQWxlcnRzIjpmYWxzZSwiYXBpcyI6eyJlbmFibGVkIjp0cnVlfSwibXFNZXNzYWdlcyI6eyJiYXNlIjowLCJhZGRPbiI6MH0sIm1xUmVxdWVzdHMiOnsiYmFzZSI6MCwiYWRkT24iOjB9LCJleHRlcm5hbElkZW50aXR5Ijp0cnVlLCJtcUFkdmFuY2VkRmVhdHVyZXMiOnsiZW5hYmxlZCI6ZmFsc2V9LCJ2cGNzIjp7ImFzc2lnbmVkIjowLCJyZWFzc2lnbmVkIjowfSwiaHlicmlkSW5zaWdodCI6ZmFsc2UsImRlc2lnbkNlbnRlciI6eyJtb3phcnQiOmZhbHNlLCJhcGkiOmZhbHNlfSwib2JqZWN0U3RvcmVSZXF1ZXN0VW5pdHMiOnsiYmFzZSI6MTUwMDAwMDAsImFkZE9uIjowfSwib2JqZWN0U3RvcmVLZXlzIjp7ImJhc2UiOjEwMDAwMCwiYWRkT24iOjB9LCJjYW0iOnsiZW5hYmxlZCI6ZmFsc2V9LCJsb2FkQmFsYW5jZXIiOnsiYXNzaWduZWQiOjAsInJlYXNzaWduZWQiOjB9LCJtZXNzYWdpbmciOnsiYXNzaWduZWQiOjB9fSwiZXh0ZXJuYWxBdXRob3JpemF0aW9uIjp0cnVlLCJleHRlcm5hbEF1dGhvcml6YXRpb25Qcm92aWRlciI6eyJuYW1lIjoiUG9ydGFsIEFwcGxpY2F0aW9uIE1hbmFnZW1lbnQgU3lzdGVtIChQQU1TKSIsInVybCI6Imh0dHBzOi8vd3NneC10ZXN0LmNpc2NvLmNvbS9wYW1zL2x0L2NlcG1TZXJ2aWNlL3YxLjUvbWdyc3J2cyIsInZlcnNpb24iOiIxLjUifSwiaWRlbnRpdHlNYW5hZ2VtZW50Ijp7InR5cGUiOiJQaW5nRmVkZXJhdGUifSwib2F1dGgyU2V0dGluZ3MiOnsiYXV0aG9yaXphdGlvbkdyYW50cyI6WyJjb2RlIiwidG9rZW4iLCJvd25lciIsImNyZWRlbnRpYWxzIl0sImF1dGhvcml6YXRpb25VcmkiOiJodHRwczovL2Nsb3Vkc3NvLXRlc3QuY2lzY28uY29tL2FzL2F1dGhvcml6YXRpb24ub2F1dGgyIiwiYWNjZXNzVG9rZW5VcmkiOiJodHRwczovL2Nsb3Vkc3NvLXRlc3QuY2lzY28uY29tL2FzL3Rva2VuLm9hdXRoMiIsImdyYW50VHlwZXMiOlt7Im5hbWUiOiJwYXNzd29yZCIsImxhYmVsIjoiUmVzb3VyY2UgT3duZXIgR3JhbnQiLCJyZXF1aXJlZCI6ZmFsc2UsImV4Y2x1ZGUiOltdLCJkZXBlbmRzIjpbXX0seyJuYW1lIjoiaW1wbGljaXQiLCJsYWJlbCI6IkltcGxpY2l0IEdyYW50IiwicmVxdWlyZWQiOmZhbHNlLCJleGNsdWRlIjpbXSwiZGVwZW5kcyI6W119LHsibmFtZSI6ImNsaWVudF9jcmVkZW50aWFscyIsImxhYmVsIjoiQ2xpZW50IENyZWRlbnRpYWxzIEdyYW50IiwicmVxdWlyZWQiOmZhbHNlLCJleGNsdWRlIjpbXSwiZGVwZW5kcyI6W119LHsibmFtZSI6ImF1dGhvcml6YXRpb25fY29kZSIsImxhYmVsIjoiQXV0aG9yaXphdGlvbiBDb2RlIEdyYW50IiwicmVxdWlyZWQiOmZhbHNlLCJleGNsdWRlIjpbXSwiZGVwZW5kcyI6W119LHsibmFtZSI6InJlZnJlc2hfdG9rZW4iLCJsYWJlbCI6IlJlZnJlc2ggVG9rZW4iLCJyZXF1aXJlZCI6ZmFsc2UsImV4Y2x1ZGUiOltdLCJkZXBlbmRzIjpbImF1dGhvcml6YXRpb25fY29kZSIsInBhc3N3b3JkIl19XX19LCJpbnRlcmFjdGl2ZUxvZ2luIjp0cnVlLCJ0b2tlbiI6ImEyYzg0ODE1LThjYjgtNGE3Ni1iNmU0LTg4MGM3ZTc2MGNlYiIsImlhdCI6MTQ4NjU4Njc4OCwiYXVkIjoiaHR0cDovL2FwaS1wbGF0Zm9ybS1hcGkvcmVwb3NpdG9yeSIsImlzcyI6Imh0dHA6Ly9hcGktcGxhdGZvcm0tYXBpL3JlcG9zaXRvcnkifQ.YOsto-KJMgjQZxFXe6FFipYd8TIh4P1HIlJ5Tg6a9Ps
				Accept=*/*
				Content-Type=text/plain; charset=UTF-8
Cookies:		&lt;none&gt;
Body:			&lt;none&gt;
Request method:	DELETE
Request path:	https://qax.anypoint.mulesoft.com/apiplatform/repository/applications/43347
Proxy:			&lt;none&gt;
Request params:	&lt;none&gt;
Query params:	&lt;none&gt;
Form params:	&lt;none&gt;
Path params:	&lt;none&gt;
Multiparts:		&lt;none&gt;
Headers:		Authorization=Bearer eyJ0eXAiOiJKV1QiLCJhbGciOiJIUzI1NiJ9.eyJpZCI6IjUwMDAzN2NkLTJjZmQtNGRhNC1iZWQ3LTU3Mzg0ZGViMDYyYiIsImZpcnN0TmFtZSI6IkZlZGVyYXRlZCIsImxhc3ROYW1lIjoiRXh0ZXJuYWwiLCJlbWFpbCI6ImNocmlzdG9waGVyLm1vcmR1ZUBtdWxlc29mdC5jb20iLCJ1c2VybmFtZSI6ImZlZGVyYXRlZF9leHRlcm5hbCIsIm9yZ2FuaXphdGlvbiI6eyJpZCI6IjUwMDBkYjk1LWM1ZDQtNDg3Zi05MjVlLTNmODJmMTVhNTQ5OSIsIm5hbWUiOiJGZWRlcmF0ZWQgSW5jIEV4dGVybmFsIEF1dGhvcml6YXRpb24iLCJkb21haW4iOiJmZWRlcmF0ZWQtZXh0ZXJuYWwiLCJlbnRpdGxlbWVudHMiOnsiaHlicmlkIjp7ImVuYWJsZWQiOmZhbHNlfSwiY3JlYXRlU3ViT3JncyI6dHJ1ZSwidkNvcmVzUHJvZHVjdGlvbiI6eyJhc3NpZ25lZCI6MSwicmVhc3NpZ25lZCI6MH0sInZDb3Jlc1NhbmRib3giOnsiYXNzaWduZWQiOjEsInJlYXNzaWduZWQiOjB9LCJnbG9iYWxEZXBsb3ltZW50IjpmYWxzZSwid29ya2VyTG9nZ2luZ092ZXJyaWRlIjp7ImVuYWJsZWQiOmZhbHNlfSwiZ2F0ZXdheXMiOnsiYXNzaWduZWQiOjB9LCJjcmVhdGVFbnZpcm9ubWVudHMiOnRydWUsInBhcnRuZXJzUHJvZHVjdGlvbiI6eyJhc3NpZ25lZCI6MH0sInBhcnRuZXJzU2FuZGJveCI6eyJhc3NpZ25lZCI6MH0sImF1dG9zY2FsaW5nIjpmYWxzZSwic3RhdGljSXBzIjp7ImFzc2lnbmVkIjowLCJyZWFzc2lnbmVkIjowfSwiYXJtQWxlcnRzIjpmYWxzZSwiYXBpcyI6eyJlbmFibGVkIjp0cnVlfSwibXFNZXNzYWdlcyI6eyJiYXNlIjowLCJhZGRPbiI6MH0sIm1xUmVxdWVzdHMiOnsiYmFzZSI6MCwiYWRkT24iOjB9LCJleHRlcm5hbElkZW50aXR5Ijp0cnVlLCJtcUFkdmFuY2VkRmVhdHVyZXMiOnsiZW5hYmxlZCI6ZmFsc2V9LCJ2cGNzIjp7ImFzc2lnbmVkIjowLCJyZWFzc2lnbmVkIjowfSwiaHlicmlkSW5zaWdodCI6ZmFsc2UsImRlc2lnbkNlbnRlciI6eyJtb3phcnQiOmZhbHNlLCJhcGkiOmZhbHNlfSwib2JqZWN0U3RvcmVSZXF1ZXN0VW5pdHMiOnsiYmFzZSI6MTUwMDAwMDAsImFkZE9uIjowfSwib2JqZWN0U3RvcmVLZXlzIjp7ImJhc2UiOjEwMDAwMCwiYWRkT24iOjB9LCJjYW0iOnsiZW5hYmxlZCI6ZmFsc2V9LCJsb2FkQmFsYW5jZXIiOnsiYXNzaWduZWQiOjAsInJlYXNzaWduZWQiOjB9LCJtZXNzYWdpbmciOnsiYXNzaWduZWQiOjB9fSwiZXh0ZXJuYWxBdXRob3JpemF0aW9uIjp0cnVlLCJleHRlcm5hbEF1dGhvcml6YXRpb25Qcm92aWRlciI6eyJuYW1lIjoiUG9ydGFsIEFwcGxpY2F0aW9uIE1hbmFnZW1lbnQgU3lzdGVtIChQQU1TKSIsInVybCI6Imh0dHBzOi8vd3NneC10ZXN0LmNpc2NvLmNvbS9wYW1zL2x0L2NlcG1TZXJ2aWNlL3YxLjUvbWdyc3J2cyIsInZlcnNpb24iOiIxLjUifSwiaWRlbnRpdHlNYW5hZ2VtZW50Ijp7InR5cGUiOiJQaW5nRmVkZXJhdGUifSwib2F1dGgyU2V0dGluZ3MiOnsiYXV0aG9yaXphdGlvbkdyYW50cyI6WyJjb2RlIiwidG9rZW4iLCJvd25lciIsImNyZWRlbnRpYWxzIl0sImF1dGhvcml6YXRpb25VcmkiOiJodHRwczovL2Nsb3Vkc3NvLXRlc3QuY2lzY28uY29tL2FzL2F1dGhvcml6YXRpb24ub2F1dGgyIiwiYWNjZXNzVG9rZW5VcmkiOiJodHRwczovL2Nsb3Vkc3NvLXRlc3QuY2lzY28uY29tL2FzL3Rva2VuLm9hdXRoMiIsImdyYW50VHlwZXMiOlt7Im5hbWUiOiJwYXNzd29yZCIsImxhYmVsIjoiUmVzb3VyY2UgT3duZXIgR3JhbnQiLCJyZXF1aXJlZCI6ZmFsc2UsImV4Y2x1ZGUiOltdLCJkZXBlbmRzIjpbXX0seyJuYW1lIjoiaW1wbGljaXQiLCJsYWJlbCI6IkltcGxpY2l0IEdyYW50IiwicmVxdWlyZWQiOmZhbHNlLCJleGNsdWRlIjpbXSwiZGVwZW5kcyI6W119LHsibmFtZSI6ImNsaWVudF9jcmVkZW50aWFscyIsImxhYmVsIjoiQ2xpZW50IENyZWRlbnRpYWxzIEdyYW50IiwicmVxdWlyZWQiOmZhbHNlLCJleGNsdWRlIjpbXSwiZGVwZW5kcyI6W119LHsibmFtZSI6ImF1dGhvcml6YXRpb25fY29kZSIsImxhYmVsIjoiQXV0aG9yaXphdGlvbiBDb2RlIEdyYW50IiwicmVxdWlyZWQiOmZhbHNlLCJleGNsdWRlIjpbXSwiZGVwZW5kcyI6W119LHsibmFtZSI6InJlZnJlc2hfdG9rZW4iLCJsYWJlbCI6IlJlZnJlc2ggVG9rZW4iLCJyZXF1aXJlZCI6ZmFsc2UsImV4Y2x1ZGUiOltdLCJkZXBlbmRzIjpbImF1dGhvcml6YXRpb25fY29kZSIsInBhc3N3b3JkIl19XX19LCJpbnRlcmFjdGl2ZUxvZ2luIjp0cnVlLCJ0b2tlbiI6ImEyYzg0ODE1LThjYjgtNGE3Ni1iNmU0LTg4MGM3ZTc2MGNlYiIsImlhdCI6MTQ4NjU4Njc4OCwiYXVkIjoiaHR0cDovL2FwaS1wbGF0Zm9ybS1hcGkvcmVwb3NpdG9yeSIsImlzcyI6Imh0dHA6Ly9hcGktcGxhdGZvcm0tYXBpL3JlcG9zaXRvcnkifQ.YOsto-KJMgjQZxFXe6FFipYd8TIh4P1HIlJ5Tg6a9Ps
				Accept=*/*
				Content-Type=text/plain; charset=UTF-8
Cookies:		&lt;none&gt;
Body:			&lt;none&gt;
Request method:	DELETE
Request path:	https://qax.anypoint.mulesoft.com/apiplatform/repository/applications/43369
Proxy:			&lt;none&gt;
Request params:	&lt;none&gt;
Query params:	&lt;none&gt;
Form params:	&lt;none&gt;
Path params:	&lt;none&gt;
Multiparts:		&lt;none&gt;
Headers:		Authorization=Bearer eyJ0eXAiOiJKV1QiLCJhbGciOiJIUzI1NiJ9.eyJpZCI6IjUwMDAzN2NkLTJjZmQtNGRhNC1iZWQ3LTU3Mzg0ZGViMDYyYiIsImZpcnN0TmFtZSI6IkZlZGVyYXRlZCIsImxhc3ROYW1lIjoiRXh0ZXJuYWwiLCJlbWFpbCI6ImNocmlzdG9waGVyLm1vcmR1ZUBtdWxlc29mdC5jb20iLCJ1c2VybmFtZSI6ImZlZGVyYXRlZF9leHRlcm5hbCIsIm9yZ2FuaXphdGlvbiI6eyJpZCI6IjUwMDBkYjk1LWM1ZDQtNDg3Zi05MjVlLTNmODJmMTVhNTQ5OSIsIm5hbWUiOiJGZWRlcmF0ZWQgSW5jIEV4dGVybmFsIEF1dGhvcml6YXRpb24iLCJkb21haW4iOiJmZWRlcmF0ZWQtZXh0ZXJuYWwiLCJlbnRpdGxlbWVudHMiOnsiaHlicmlkIjp7ImVuYWJsZWQiOmZhbHNlfSwiY3JlYXRlU3ViT3JncyI6dHJ1ZSwidkNvcmVzUHJvZHVjdGlvbiI6eyJhc3NpZ25lZCI6MSwicmVhc3NpZ25lZCI6MH0sInZDb3Jlc1NhbmRib3giOnsiYXNzaWduZWQiOjEsInJlYXNzaWduZWQiOjB9LCJnbG9iYWxEZXBsb3ltZW50IjpmYWxzZSwid29ya2VyTG9nZ2luZ092ZXJyaWRlIjp7ImVuYWJsZWQiOmZhbHNlfSwiZ2F0ZXdheXMiOnsiYXNzaWduZWQiOjB9LCJjcmVhdGVFbnZpcm9ubWVudHMiOnRydWUsInBhcnRuZXJzUHJvZHVjdGlvbiI6eyJhc3NpZ25lZCI6MH0sInBhcnRuZXJzU2FuZGJveCI6eyJhc3NpZ25lZCI6MH0sImF1dG9zY2FsaW5nIjpmYWxzZSwic3RhdGljSXBzIjp7ImFzc2lnbmVkIjowLCJyZWFzc2lnbmVkIjowfSwiYXJtQWxlcnRzIjpmYWxzZSwiYXBpcyI6eyJlbmFibGVkIjp0cnVlfSwibXFNZXNzYWdlcyI6eyJiYXNlIjowLCJhZGRPbiI6MH0sIm1xUmVxdWVzdHMiOnsiYmFzZSI6MCwiYWRkT24iOjB9LCJleHRlcm5hbElkZW50aXR5Ijp0cnVlLCJtcUFkdmFuY2VkRmVhdHVyZXMiOnsiZW5hYmxlZCI6ZmFsc2V9LCJ2cGNzIjp7ImFzc2lnbmVkIjowLCJyZWFzc2lnbmVkIjowfSwiaHlicmlkSW5zaWdodCI6ZmFsc2UsImRlc2lnbkNlbnRlciI6eyJtb3phcnQiOmZhbHNlLCJhcGkiOmZhbHNlfSwib2JqZWN0U3RvcmVSZXF1ZXN0VW5pdHMiOnsiYmFzZSI6MTUwMDAwMDAsImFkZE9uIjowfSwib2JqZWN0U3RvcmVLZXlzIjp7ImJhc2UiOjEwMDAwMCwiYWRkT24iOjB9LCJjYW0iOnsiZW5hYmxlZCI6ZmFsc2V9LCJsb2FkQmFsYW5jZXIiOnsiYXNzaWduZWQiOjAsInJlYXNzaWduZWQiOjB9LCJtZXNzYWdpbmciOnsiYXNzaWduZWQiOjB9fSwiZXh0ZXJuYWxBdXRob3JpemF0aW9uIjp0cnVlLCJleHRlcm5hbEF1dGhvcml6YXRpb25Qcm92aWRlciI6eyJuYW1lIjoiUG9ydGFsIEFwcGxpY2F0aW9uIE1hbmFnZW1lbnQgU3lzdGVtIChQQU1TKSIsInVybCI6Imh0dHBzOi8vd3NneC10ZXN0LmNpc2NvLmNvbS9wYW1zL2x0L2NlcG1TZXJ2aWNlL3YxLjUvbWdyc3J2cyIsInZlcnNpb24iOiIxLjUifSwiaWRlbnRpdHlNYW5hZ2VtZW50Ijp7InR5cGUiOiJQaW5nRmVkZXJhdGUifSwib2F1dGgyU2V0dGluZ3MiOnsiYXV0aG9yaXphdGlvbkdyYW50cyI6WyJjb2RlIiwidG9rZW4iLCJvd25lciIsImNyZWRlbnRpYWxzIl0sImF1dGhvcml6YXRpb25VcmkiOiJodHRwczovL2Nsb3Vkc3NvLXRlc3QuY2lzY28uY29tL2FzL2F1dGhvcml6YXRpb24ub2F1dGgyIiwiYWNjZXNzVG9rZW5VcmkiOiJodHRwczovL2Nsb3Vkc3NvLXRlc3QuY2lzY28uY29tL2FzL3Rva2VuLm9hdXRoMiIsImdyYW50VHlwZXMiOlt7Im5hbWUiOiJwYXNzd29yZCIsImxhYmVsIjoiUmVzb3VyY2UgT3duZXIgR3JhbnQiLCJyZXF1aXJlZCI6ZmFsc2UsImV4Y2x1ZGUiOltdLCJkZXBlbmRzIjpbXX0seyJuYW1lIjoiaW1wbGljaXQiLCJsYWJlbCI6IkltcGxpY2l0IEdyYW50IiwicmVxdWlyZWQiOmZhbHNlLCJleGNsdWRlIjpbXSwiZGVwZW5kcyI6W119LHsibmFtZSI6ImNsaWVudF9jcmVkZW50aWFscyIsImxhYmVsIjoiQ2xpZW50IENyZWRlbnRpYWxzIEdyYW50IiwicmVxdWlyZWQiOmZhbHNlLCJleGNsdWRlIjpbXSwiZGVwZW5kcyI6W119LHsibmFtZSI6ImF1dGhvcml6YXRpb25fY29kZSIsImxhYmVsIjoiQXV0aG9yaXphdGlvbiBDb2RlIEdyYW50IiwicmVxdWlyZWQiOmZhbHNlLCJleGNsdWRlIjpbXSwiZGVwZW5kcyI6W119LHsibmFtZSI6InJlZnJlc2hfdG9rZW4iLCJsYWJlbCI6IlJlZnJlc2ggVG9rZW4iLCJyZXF1aXJlZCI6ZmFsc2UsImV4Y2x1ZGUiOltdLCJkZXBlbmRzIjpbImF1dGhvcml6YXRpb25fY29kZSIsInBhc3N3b3JkIl19XX19LCJpbnRlcmFjdGl2ZUxvZ2luIjp0cnVlLCJ0b2tlbiI6ImEyYzg0ODE1LThjYjgtNGE3Ni1iNmU0LTg4MGM3ZTc2MGNlYiIsImlhdCI6MTQ4NjU4Njc4OCwiYXVkIjoiaHR0cDovL2FwaS1wbGF0Zm9ybS1hcGkvcmVwb3NpdG9yeSIsImlzcyI6Imh0dHA6Ly9hcGktcGxhdGZvcm0tYXBpL3JlcG9zaXRvcnkifQ.YOsto-KJMgjQZxFXe6FFipYd8TIh4P1HIlJ5Tg6a9Ps
				Accept=*/*
				Content-Type=text/plain; charset=UTF-8
Cookies:		&lt;none&gt;
Body:			&lt;none&gt;
Request method:	DELETE
Request path:	https://qax.anypoint.mulesoft.com/apiplatform/repository/applications/43306
Proxy:			&lt;none&gt;
Request params:	&lt;none&gt;
Query params:	&lt;none&gt;
Form params:	&lt;none&gt;
Path params:	&lt;none&gt;
Multiparts:		&lt;none&gt;
Headers:		Authorization=Bearer eyJ0eXAiOiJKV1QiLCJhbGciOiJIUzI1NiJ9.eyJpZCI6IjUwMDAzN2NkLTJjZmQtNGRhNC1iZWQ3LTU3Mzg0ZGViMDYyYiIsImZpcnN0TmFtZSI6IkZlZGVyYXRlZCIsImxhc3ROYW1lIjoiRXh0ZXJuYWwiLCJlbWFpbCI6ImNocmlzdG9waGVyLm1vcmR1ZUBtdWxlc29mdC5jb20iLCJ1c2VybmFtZSI6ImZlZGVyYXRlZF9leHRlcm5hbCIsIm9yZ2FuaXphdGlvbiI6eyJpZCI6IjUwMDBkYjk1LWM1ZDQtNDg3Zi05MjVlLTNmODJmMTVhNTQ5OSIsIm5hbWUiOiJGZWRlcmF0ZWQgSW5jIEV4dGVybmFsIEF1dGhvcml6YXRpb24iLCJkb21haW4iOiJmZWRlcmF0ZWQtZXh0ZXJuYWwiLCJlbnRpdGxlbWVudHMiOnsiaHlicmlkIjp7ImVuYWJsZWQiOmZhbHNlfSwiY3JlYXRlU3ViT3JncyI6dHJ1ZSwidkNvcmVzUHJvZHVjdGlvbiI6eyJhc3NpZ25lZCI6MSwicmVhc3NpZ25lZCI6MH0sInZDb3Jlc1NhbmRib3giOnsiYXNzaWduZWQiOjEsInJlYXNzaWduZWQiOjB9LCJnbG9iYWxEZXBsb3ltZW50IjpmYWxzZSwid29ya2VyTG9nZ2luZ092ZXJyaWRlIjp7ImVuYWJsZWQiOmZhbHNlfSwiZ2F0ZXdheXMiOnsiYXNzaWduZWQiOjB9LCJjcmVhdGVFbnZpcm9ubWVudHMiOnRydWUsInBhcnRuZXJzUHJvZHVjdGlvbiI6eyJhc3NpZ25lZCI6MH0sInBhcnRuZXJzU2FuZGJveCI6eyJhc3NpZ25lZCI6MH0sImF1dG9zY2FsaW5nIjpmYWxzZSwic3RhdGljSXBzIjp7ImFzc2lnbmVkIjowLCJyZWFzc2lnbmVkIjowfSwiYXJtQWxlcnRzIjpmYWxzZSwiYXBpcyI6eyJlbmFibGVkIjp0cnVlfSwibXFNZXNzYWdlcyI6eyJiYXNlIjowLCJhZGRPbiI6MH0sIm1xUmVxdWVzdHMiOnsiYmFzZSI6MCwiYWRkT24iOjB9LCJleHRlcm5hbElkZW50aXR5Ijp0cnVlLCJtcUFkdmFuY2VkRmVhdHVyZXMiOnsiZW5hYmxlZCI6ZmFsc2V9LCJ2cGNzIjp7ImFzc2lnbmVkIjowLCJyZWFzc2lnbmVkIjowfSwiaHlicmlkSW5zaWdodCI6ZmFsc2UsImRlc2lnbkNlbnRlciI6eyJtb3phcnQiOmZhbHNlLCJhcGkiOmZhbHNlfSwib2JqZWN0U3RvcmVSZXF1ZXN0VW5pdHMiOnsiYmFzZSI6MTUwMDAwMDAsImFkZE9uIjowfSwib2JqZWN0U3RvcmVLZXlzIjp7ImJhc2UiOjEwMDAwMCwiYWRkT24iOjB9LCJjYW0iOnsiZW5hYmxlZCI6ZmFsc2V9LCJsb2FkQmFsYW5jZXIiOnsiYXNzaWduZWQiOjAsInJlYXNzaWduZWQiOjB9LCJtZXNzYWdpbmciOnsiYXNzaWduZWQiOjB9fSwiZXh0ZXJuYWxBdXRob3JpemF0aW9uIjp0cnVlLCJleHRlcm5hbEF1dGhvcml6YXRpb25Qcm92aWRlciI6eyJuYW1lIjoiUG9ydGFsIEFwcGxpY2F0aW9uIE1hbmFnZW1lbnQgU3lzdGVtIChQQU1TKSIsInVybCI6Imh0dHBzOi8vd3NneC10ZXN0LmNpc2NvLmNvbS9wYW1zL2x0L2NlcG1TZXJ2aWNlL3YxLjUvbWdyc3J2cyIsInZlcnNpb24iOiIxLjUifSwiaWRlbnRpdHlNYW5hZ2VtZW50Ijp7InR5cGUiOiJQaW5nRmVkZXJhdGUifSwib2F1dGgyU2V0dGluZ3MiOnsiYXV0aG9yaXphdGlvbkdyYW50cyI6WyJjb2RlIiwidG9rZW4iLCJvd25lciIsImNyZWRlbnRpYWxzIl0sImF1dGhvcml6YXRpb25VcmkiOiJodHRwczovL2Nsb3Vkc3NvLXRlc3QuY2lzY28uY29tL2FzL2F1dGhvcml6YXRpb24ub2F1dGgyIiwiYWNjZXNzVG9rZW5VcmkiOiJodHRwczovL2Nsb3Vkc3NvLXRlc3QuY2lzY28uY29tL2FzL3Rva2VuLm9hdXRoMiIsImdyYW50VHlwZXMiOlt7Im5hbWUiOiJwYXNzd29yZCIsImxhYmVsIjoiUmVzb3VyY2UgT3duZXIgR3JhbnQiLCJyZXF1aXJlZCI6ZmFsc2UsImV4Y2x1ZGUiOltdLCJkZXBlbmRzIjpbXX0seyJuYW1lIjoiaW1wbGljaXQiLCJsYWJlbCI6IkltcGxpY2l0IEdyYW50IiwicmVxdWlyZWQiOmZhbHNlLCJleGNsdWRlIjpbXSwiZGVwZW5kcyI6W119LHsibmFtZSI6ImNsaWVudF9jcmVkZW50aWFscyIsImxhYmVsIjoiQ2xpZW50IENyZWRlbnRpYWxzIEdyYW50IiwicmVxdWlyZWQiOmZhbHNlLCJleGNsdWRlIjpbXSwiZGVwZW5kcyI6W119LHsibmFtZSI6ImF1dGhvcml6YXRpb25fY29kZSIsImxhYmVsIjoiQXV0aG9yaXphdGlvbiBDb2RlIEdyYW50IiwicmVxdWlyZWQiOmZhbHNlLCJleGNsdWRlIjpbXSwiZGVwZW5kcyI6W119LHsibmFtZSI6InJlZnJlc2hfdG9rZW4iLCJsYWJlbCI6IlJlZnJlc2ggVG9rZW4iLCJyZXF1aXJlZCI6ZmFsc2UsImV4Y2x1ZGUiOltdLCJkZXBlbmRzIjpbImF1dGhvcml6YXRpb25fY29kZSIsInBhc3N3b3JkIl19XX19LCJpbnRlcmFjdGl2ZUxvZ2luIjp0cnVlLCJ0b2tlbiI6ImEyYzg0ODE1LThjYjgtNGE3Ni1iNmU0LTg4MGM3ZTc2MGNlYiIsImlhdCI6MTQ4NjU4Njc4OCwiYXVkIjoiaHR0cDovL2FwaS1wbGF0Zm9ybS1hcGkvcmVwb3NpdG9yeSIsImlzcyI6Imh0dHA6Ly9hcGktcGxhdGZvcm0tYXBpL3JlcG9zaXRvcnkifQ.YOsto-KJMgjQZxFXe6FFipYd8TIh4P1HIlJ5Tg6a9Ps
				Accept=*/*
				Content-Type=text/plain; charset=UTF-8
Cookies:		&lt;none&gt;
Body:			&lt;none&gt;
Request method:	DELETE
Request path:	https://qax.anypoint.mulesoft.com/apiplatform/repository/applications/43390
Proxy:			&lt;none&gt;
Request params:	&lt;none&gt;
Query params:	&lt;none&gt;
Form params:	&lt;none&gt;
Path params:	&lt;none&gt;
Multiparts:		&lt;none&gt;
Headers:		Authorization=Bearer eyJ0eXAiOiJKV1QiLCJhbGciOiJIUzI1NiJ9.eyJpZCI6IjUwMDAzN2NkLTJjZmQtNGRhNC1iZWQ3LTU3Mzg0ZGViMDYyYiIsImZpcnN0TmFtZSI6IkZlZGVyYXRlZCIsImxhc3ROYW1lIjoiRXh0ZXJuYWwiLCJlbWFpbCI6ImNocmlzdG9waGVyLm1vcmR1ZUBtdWxlc29mdC5jb20iLCJ1c2VybmFtZSI6ImZlZGVyYXRlZF9leHRlcm5hbCIsIm9yZ2FuaXphdGlvbiI6eyJpZCI6IjUwMDBkYjk1LWM1ZDQtNDg3Zi05MjVlLTNmODJmMTVhNTQ5OSIsIm5hbWUiOiJGZWRlcmF0ZWQgSW5jIEV4dGVybmFsIEF1dGhvcml6YXRpb24iLCJkb21haW4iOiJmZWRlcmF0ZWQtZXh0ZXJuYWwiLCJlbnRpdGxlbWVudHMiOnsiaHlicmlkIjp7ImVuYWJsZWQiOmZhbHNlfSwiY3JlYXRlU3ViT3JncyI6dHJ1ZSwidkNvcmVzUHJvZHVjdGlvbiI6eyJhc3NpZ25lZCI6MSwicmVhc3NpZ25lZCI6MH0sInZDb3Jlc1NhbmRib3giOnsiYXNzaWduZWQiOjEsInJlYXNzaWduZWQiOjB9LCJnbG9iYWxEZXBsb3ltZW50IjpmYWxzZSwid29ya2VyTG9nZ2luZ092ZXJyaWRlIjp7ImVuYWJsZWQiOmZhbHNlfSwiZ2F0ZXdheXMiOnsiYXNzaWduZWQiOjB9LCJjcmVhdGVFbnZpcm9ubWVudHMiOnRydWUsInBhcnRuZXJzUHJvZHVjdGlvbiI6eyJhc3NpZ25lZCI6MH0sInBhcnRuZXJzU2FuZGJveCI6eyJhc3NpZ25lZCI6MH0sImF1dG9zY2FsaW5nIjpmYWxzZSwic3RhdGljSXBzIjp7ImFzc2lnbmVkIjowLCJyZWFzc2lnbmVkIjowfSwiYXJtQWxlcnRzIjpmYWxzZSwiYXBpcyI6eyJlbmFibGVkIjp0cnVlfSwibXFNZXNzYWdlcyI6eyJiYXNlIjowLCJhZGRPbiI6MH0sIm1xUmVxdWVzdHMiOnsiYmFzZSI6MCwiYWRkT24iOjB9LCJleHRlcm5hbElkZW50aXR5Ijp0cnVlLCJtcUFkdmFuY2VkRmVhdHVyZXMiOnsiZW5hYmxlZCI6ZmFsc2V9LCJ2cGNzIjp7ImFzc2lnbmVkIjowLCJyZWFzc2lnbmVkIjowfSwiaHlicmlkSW5zaWdodCI6ZmFsc2UsImRlc2lnbkNlbnRlciI6eyJtb3phcnQiOmZhbHNlLCJhcGkiOmZhbHNlfSwib2JqZWN0U3RvcmVSZXF1ZXN0VW5pdHMiOnsiYmFzZSI6MTUwMDAwMDAsImFkZE9uIjowfSwib2JqZWN0U3RvcmVLZXlzIjp7ImJhc2UiOjEwMDAwMCwiYWRkT24iOjB9LCJjYW0iOnsiZW5hYmxlZCI6ZmFsc2V9LCJsb2FkQmFsYW5jZXIiOnsiYXNzaWduZWQiOjAsInJlYXNzaWduZWQiOjB9LCJtZXNzYWdpbmciOnsiYXNzaWduZWQiOjB9fSwiZXh0ZXJuYWxBdXRob3JpemF0aW9uIjp0cnVlLCJleHRlcm5hbEF1dGhvcml6YXRpb25Qcm92aWRlciI6eyJuYW1lIjoiUG9ydGFsIEFwcGxpY2F0aW9uIE1hbmFnZW1lbnQgU3lzdGVtIChQQU1TKSIsInVybCI6Imh0dHBzOi8vd3NneC10ZXN0LmNpc2NvLmNvbS9wYW1zL2x0L2NlcG1TZXJ2aWNlL3YxLjUvbWdyc3J2cyIsInZlcnNpb24iOiIxLjUifSwiaWRlbnRpdHlNYW5hZ2VtZW50Ijp7InR5cGUiOiJQaW5nRmVkZXJhdGUifSwib2F1dGgyU2V0dGluZ3MiOnsiYXV0aG9yaXphdGlvbkdyYW50cyI6WyJjb2RlIiwidG9rZW4iLCJvd25lciIsImNyZWRlbnRpYWxzIl0sImF1dGhvcml6YXRpb25VcmkiOiJodHRwczovL2Nsb3Vkc3NvLXRlc3QuY2lzY28uY29tL2FzL2F1dGhvcml6YXRpb24ub2F1dGgyIiwiYWNjZXNzVG9rZW5VcmkiOiJodHRwczovL2Nsb3Vkc3NvLXRlc3QuY2lzY28uY29tL2FzL3Rva2VuLm9hdXRoMiIsImdyYW50VHlwZXMiOlt7Im5hbWUiOiJwYXNzd29yZCIsImxhYmVsIjoiUmVzb3VyY2UgT3duZXIgR3JhbnQiLCJyZXF1aXJlZCI6ZmFsc2UsImV4Y2x1ZGUiOltdLCJkZXBlbmRzIjpbXX0seyJuYW1lIjoiaW1wbGljaXQiLCJsYWJlbCI6IkltcGxpY2l0IEdyYW50IiwicmVxdWlyZWQiOmZhbHNlLCJleGNsdWRlIjpbXSwiZGVwZW5kcyI6W119LHsibmFtZSI6ImNsaWVudF9jcmVkZW50aWFscyIsImxhYmVsIjoiQ2xpZW50IENyZWRlbnRpYWxzIEdyYW50IiwicmVxdWlyZWQiOmZhbHNlLCJleGNsdWRlIjpbXSwiZGVwZW5kcyI6W119LHsibmFtZSI6ImF1dGhvcml6YXRpb25fY29kZSIsImxhYmVsIjoiQXV0aG9yaXphdGlvbiBDb2RlIEdyYW50IiwicmVxdWlyZWQiOmZhbHNlLCJleGNsdWRlIjpbXSwiZGVwZW5kcyI6W119LHsibmFtZSI6InJlZnJlc2hfdG9rZW4iLCJsYWJlbCI6IlJlZnJlc2ggVG9rZW4iLCJyZXF1aXJlZCI6ZmFsc2UsImV4Y2x1ZGUiOltdLCJkZXBlbmRzIjpbImF1dGhvcml6YXRpb25fY29kZSIsInBhc3N3b3JkIl19XX19LCJpbnRlcmFjdGl2ZUxvZ2luIjp0cnVlLCJ0b2tlbiI6ImEyYzg0ODE1LThjYjgtNGE3Ni1iNmU0LTg4MGM3ZTc2MGNlYiIsImlhdCI6MTQ4NjU4Njc4OCwiYXVkIjoiaHR0cDovL2FwaS1wbGF0Zm9ybS1hcGkvcmVwb3NpdG9yeSIsImlzcyI6Imh0dHA6Ly9hcGktcGxhdGZvcm0tYXBpL3JlcG9zaXRvcnkifQ.YOsto-KJMgjQZxFXe6FFipYd8TIh4P1HIlJ5Tg6a9Ps
				Accept=*/*
				Content-Type=text/plain; charset=UTF-8
Cookies:		&lt;none&gt;
Body:			&lt;none&gt;
Request method:	DELETE
Request path:	https://qax.anypoint.mulesoft.com/apiplatform/repository/applications/43317
Proxy:			&lt;none&gt;
Request params:	&lt;none&gt;
Query params:	&lt;none&gt;
Form params:	&lt;none&gt;
Path params:	&lt;none&gt;
Multiparts:		&lt;none&gt;
Headers:		Authorization=Bearer eyJ0eXAiOiJKV1QiLCJhbGciOiJIUzI1NiJ9.eyJpZCI6IjUwMDAzN2NkLTJjZmQtNGRhNC1iZWQ3LTU3Mzg0ZGViMDYyYiIsImZpcnN0TmFtZSI6IkZlZGVyYXRlZCIsImxhc3ROYW1lIjoiRXh0ZXJuYWwiLCJlbWFpbCI6ImNocmlzdG9waGVyLm1vcmR1ZUBtdWxlc29mdC5jb20iLCJ1c2VybmFtZSI6ImZlZGVyYXRlZF9leHRlcm5hbCIsIm9yZ2FuaXphdGlvbiI6eyJpZCI6IjUwMDBkYjk1LWM1ZDQtNDg3Zi05MjVlLTNmODJmMTVhNTQ5OSIsIm5hbWUiOiJGZWRlcmF0ZWQgSW5jIEV4dGVybmFsIEF1dGhvcml6YXRpb24iLCJkb21haW4iOiJmZWRlcmF0ZWQtZXh0ZXJuYWwiLCJlbnRpdGxlbWVudHMiOnsiaHlicmlkIjp7ImVuYWJsZWQiOmZhbHNlfSwiY3JlYXRlU3ViT3JncyI6dHJ1ZSwidkNvcmVzUHJvZHVjdGlvbiI6eyJhc3NpZ25lZCI6MSwicmVhc3NpZ25lZCI6MH0sInZDb3Jlc1NhbmRib3giOnsiYXNzaWduZWQiOjEsInJlYXNzaWduZWQiOjB9LCJnbG9iYWxEZXBsb3ltZW50IjpmYWxzZSwid29ya2VyTG9nZ2luZ092ZXJyaWRlIjp7ImVuYWJsZWQiOmZhbHNlfSwiZ2F0ZXdheXMiOnsiYXNzaWduZWQiOjB9LCJjcmVhdGVFbnZpcm9ubWVudHMiOnRydWUsInBhcnRuZXJzUHJvZHVjdGlvbiI6eyJhc3NpZ25lZCI6MH0sInBhcnRuZXJzU2FuZGJveCI6eyJhc3NpZ25lZCI6MH0sImF1dG9zY2FsaW5nIjpmYWxzZSwic3RhdGljSXBzIjp7ImFzc2lnbmVkIjowLCJyZWFzc2lnbmVkIjowfSwiYXJtQWxlcnRzIjpmYWxzZSwiYXBpcyI6eyJlbmFibGVkIjp0cnVlfSwibXFNZXNzYWdlcyI6eyJiYXNlIjowLCJhZGRPbiI6MH0sIm1xUmVxdWVzdHMiOnsiYmFzZSI6MCwiYWRkT24iOjB9LCJleHRlcm5hbElkZW50aXR5Ijp0cnVlLCJtcUFkdmFuY2VkRmVhdHVyZXMiOnsiZW5hYmxlZCI6ZmFsc2V9LCJ2cGNzIjp7ImFzc2lnbmVkIjowLCJyZWFzc2lnbmVkIjowfSwiaHlicmlkSW5zaWdodCI6ZmFsc2UsImRlc2lnbkNlbnRlciI6eyJtb3phcnQiOmZhbHNlLCJhcGkiOmZhbHNlfSwib2JqZWN0U3RvcmVSZXF1ZXN0VW5pdHMiOnsiYmFzZSI6MTUwMDAwMDAsImFkZE9uIjowfSwib2JqZWN0U3RvcmVLZXlzIjp7ImJhc2UiOjEwMDAwMCwiYWRkT24iOjB9LCJjYW0iOnsiZW5hYmxlZCI6ZmFsc2V9LCJsb2FkQmFsYW5jZXIiOnsiYXNzaWduZWQiOjAsInJlYXNzaWduZWQiOjB9LCJtZXNzYWdpbmciOnsiYXNzaWduZWQiOjB9fSwiZXh0ZXJuYWxBdXRob3JpemF0aW9uIjp0cnVlLCJleHRlcm5hbEF1dGhvcml6YXRpb25Qcm92aWRlciI6eyJuYW1lIjoiUG9ydGFsIEFwcGxpY2F0aW9uIE1hbmFnZW1lbnQgU3lzdGVtIChQQU1TKSIsInVybCI6Imh0dHBzOi8vd3NneC10ZXN0LmNpc2NvLmNvbS9wYW1zL2x0L2NlcG1TZXJ2aWNlL3YxLjUvbWdyc3J2cyIsInZlcnNpb24iOiIxLjUifSwiaWRlbnRpdHlNYW5hZ2VtZW50Ijp7InR5cGUiOiJQaW5nRmVkZXJhdGUifSwib2F1dGgyU2V0dGluZ3MiOnsiYXV0aG9yaXphdGlvbkdyYW50cyI6WyJjb2RlIiwidG9rZW4iLCJvd25lciIsImNyZWRlbnRpYWxzIl0sImF1dGhvcml6YXRpb25VcmkiOiJodHRwczovL2Nsb3Vkc3NvLXRlc3QuY2lzY28uY29tL2FzL2F1dGhvcml6YXRpb24ub2F1dGgyIiwiYWNjZXNzVG9rZW5VcmkiOiJodHRwczovL2Nsb3Vkc3NvLXRlc3QuY2lzY28uY29tL2FzL3Rva2VuLm9hdXRoMiIsImdyYW50VHlwZXMiOlt7Im5hbWUiOiJwYXNzd29yZCIsImxhYmVsIjoiUmVzb3VyY2UgT3duZXIgR3JhbnQiLCJyZXF1aXJlZCI6ZmFsc2UsImV4Y2x1ZGUiOltdLCJkZXBlbmRzIjpbXX0seyJuYW1lIjoiaW1wbGljaXQiLCJsYWJlbCI6IkltcGxpY2l0IEdyYW50IiwicmVxdWlyZWQiOmZhbHNlLCJleGNsdWRlIjpbXSwiZGVwZW5kcyI6W119LHsibmFtZSI6ImNsaWVudF9jcmVkZW50aWFscyIsImxhYmVsIjoiQ2xpZW50IENyZWRlbnRpYWxzIEdyYW50IiwicmVxdWlyZWQiOmZhbHNlLCJleGNsdWRlIjpbXSwiZGVwZW5kcyI6W119LHsibmFtZSI6ImF1dGhvcml6YXRpb25fY29kZSIsImxhYmVsIjoiQXV0aG9yaXphdGlvbiBDb2RlIEdyYW50IiwicmVxdWlyZWQiOmZhbHNlLCJleGNsdWRlIjpbXSwiZGVwZW5kcyI6W119LHsibmFtZSI6InJlZnJlc2hfdG9rZW4iLCJsYWJlbCI6IlJlZnJlc2ggVG9rZW4iLCJyZXF1aXJlZCI6ZmFsc2UsImV4Y2x1ZGUiOltdLCJkZXBlbmRzIjpbImF1dGhvcml6YXRpb25fY29kZSIsInBhc3N3b3JkIl19XX19LCJpbnRlcmFjdGl2ZUxvZ2luIjp0cnVlLCJ0b2tlbiI6ImEyYzg0ODE1LThjYjgtNGE3Ni1iNmU0LTg4MGM3ZTc2MGNlYiIsImlhdCI6MTQ4NjU4Njc4OCwiYXVkIjoiaHR0cDovL2FwaS1wbGF0Zm9ybS1hcGkvcmVwb3NpdG9yeSIsImlzcyI6Imh0dHA6Ly9hcGktcGxhdGZvcm0tYXBpL3JlcG9zaXRvcnkifQ.YOsto-KJMgjQZxFXe6FFipYd8TIh4P1HIlJ5Tg6a9Ps
				Accept=*/*
				Content-Type=text/plain; charset=UTF-8
Cookies:		&lt;none&gt;
Body:			&lt;none&gt;
Request method:	DELETE
Request path:	https://qax.anypoint.mulesoft.com/apiplatform/repository/applications/43398
Proxy:			&lt;none&gt;
Request params:	&lt;none&gt;
Query params:	&lt;none&gt;
Form params:	&lt;none&gt;
Path params:	&lt;none&gt;
Multiparts:		&lt;none&gt;
Headers:		Authorization=Bearer eyJ0eXAiOiJKV1QiLCJhbGciOiJIUzI1NiJ9.eyJpZCI6IjUwMDAzN2NkLTJjZmQtNGRhNC1iZWQ3LTU3Mzg0ZGViMDYyYiIsImZpcnN0TmFtZSI6IkZlZGVyYXRlZCIsImxhc3ROYW1lIjoiRXh0ZXJuYWwiLCJlbWFpbCI6ImNocmlzdG9waGVyLm1vcmR1ZUBtdWxlc29mdC5jb20iLCJ1c2VybmFtZSI6ImZlZGVyYXRlZF9leHRlcm5hbCIsIm9yZ2FuaXphdGlvbiI6eyJpZCI6IjUwMDBkYjk1LWM1ZDQtNDg3Zi05MjVlLTNmODJmMTVhNTQ5OSIsIm5hbWUiOiJGZWRlcmF0ZWQgSW5jIEV4dGVybmFsIEF1dGhvcml6YXRpb24iLCJkb21haW4iOiJmZWRlcmF0ZWQtZXh0ZXJuYWwiLCJlbnRpdGxlbWVudHMiOnsiaHlicmlkIjp7ImVuYWJsZWQiOmZhbHNlfSwiY3JlYXRlU3ViT3JncyI6dHJ1ZSwidkNvcmVzUHJvZHVjdGlvbiI6eyJhc3NpZ25lZCI6MSwicmVhc3NpZ25lZCI6MH0sInZDb3Jlc1NhbmRib3giOnsiYXNzaWduZWQiOjEsInJlYXNzaWduZWQiOjB9LCJnbG9iYWxEZXBsb3ltZW50IjpmYWxzZSwid29ya2VyTG9nZ2luZ092ZXJyaWRlIjp7ImVuYWJsZWQiOmZhbHNlfSwiZ2F0ZXdheXMiOnsiYXNzaWduZWQiOjB9LCJjcmVhdGVFbnZpcm9ubWVudHMiOnRydWUsInBhcnRuZXJzUHJvZHVjdGlvbiI6eyJhc3NpZ25lZCI6MH0sInBhcnRuZXJzU2FuZGJveCI6eyJhc3NpZ25lZCI6MH0sImF1dG9zY2FsaW5nIjpmYWxzZSwic3RhdGljSXBzIjp7ImFzc2lnbmVkIjowLCJyZWFzc2lnbmVkIjowfSwiYXJtQWxlcnRzIjpmYWxzZSwiYXBpcyI6eyJlbmFibGVkIjp0cnVlfSwibXFNZXNzYWdlcyI6eyJiYXNlIjowLCJhZGRPbiI6MH0sIm1xUmVxdWVzdHMiOnsiYmFzZSI6MCwiYWRkT24iOjB9LCJleHRlcm5hbElkZW50aXR5Ijp0cnVlLCJtcUFkdmFuY2VkRmVhdHVyZXMiOnsiZW5hYmxlZCI6ZmFsc2V9LCJ2cGNzIjp7ImFzc2lnbmVkIjowLCJyZWFzc2lnbmVkIjowfSwiaHlicmlkSW5zaWdodCI6ZmFsc2UsImRlc2lnbkNlbnRlciI6eyJtb3phcnQiOmZhbHNlLCJhcGkiOmZhbHNlfSwib2JqZWN0U3RvcmVSZXF1ZXN0VW5pdHMiOnsiYmFzZSI6MTUwMDAwMDAsImFkZE9uIjowfSwib2JqZWN0U3RvcmVLZXlzIjp7ImJhc2UiOjEwMDAwMCwiYWRkT24iOjB9LCJjYW0iOnsiZW5hYmxlZCI6ZmFsc2V9LCJsb2FkQmFsYW5jZXIiOnsiYXNzaWduZWQiOjAsInJlYXNzaWduZWQiOjB9LCJtZXNzYWdpbmciOnsiYXNzaWduZWQiOjB9fSwiZXh0ZXJuYWxBdXRob3JpemF0aW9uIjp0cnVlLCJleHRlcm5hbEF1dGhvcml6YXRpb25Qcm92aWRlciI6eyJuYW1lIjoiUG9ydGFsIEFwcGxpY2F0aW9uIE1hbmFnZW1lbnQgU3lzdGVtIChQQU1TKSIsInVybCI6Imh0dHBzOi8vd3NneC10ZXN0LmNpc2NvLmNvbS9wYW1zL2x0L2NlcG1TZXJ2aWNlL3YxLjUvbWdyc3J2cyIsInZlcnNpb24iOiIxLjUifSwiaWRlbnRpdHlNYW5hZ2VtZW50Ijp7InR5cGUiOiJQaW5nRmVkZXJhdGUifSwib2F1dGgyU2V0dGluZ3MiOnsiYXV0aG9yaXphdGlvbkdyYW50cyI6WyJjb2RlIiwidG9rZW4iLCJvd25lciIsImNyZWRlbnRpYWxzIl0sImF1dGhvcml6YXRpb25VcmkiOiJodHRwczovL2Nsb3Vkc3NvLXRlc3QuY2lzY28uY29tL2FzL2F1dGhvcml6YXRpb24ub2F1dGgyIiwiYWNjZXNzVG9rZW5VcmkiOiJodHRwczovL2Nsb3Vkc3NvLXRlc3QuY2lzY28uY29tL2FzL3Rva2VuLm9hdXRoMiIsImdyYW50VHlwZXMiOlt7Im5hbWUiOiJwYXNzd29yZCIsImxhYmVsIjoiUmVzb3VyY2UgT3duZXIgR3JhbnQiLCJyZXF1aXJlZCI6ZmFsc2UsImV4Y2x1ZGUiOltdLCJkZXBlbmRzIjpbXX0seyJuYW1lIjoiaW1wbGljaXQiLCJsYWJlbCI6IkltcGxpY2l0IEdyYW50IiwicmVxdWlyZWQiOmZhbHNlLCJleGNsdWRlIjpbXSwiZGVwZW5kcyI6W119LHsibmFtZSI6ImNsaWVudF9jcmVkZW50aWFscyIsImxhYmVsIjoiQ2xpZW50IENyZWRlbnRpYWxzIEdyYW50IiwicmVxdWlyZWQiOmZhbHNlLCJleGNsdWRlIjpbXSwiZGVwZW5kcyI6W119LHsibmFtZSI6ImF1dGhvcml6YXRpb25fY29kZSIsImxhYmVsIjoiQXV0aG9yaXphdGlvbiBDb2RlIEdyYW50IiwicmVxdWlyZWQiOmZhbHNlLCJleGNsdWRlIjpbXSwiZGVwZW5kcyI6W119LHsibmFtZSI6InJlZnJlc2hfdG9rZW4iLCJsYWJlbCI6IlJlZnJlc2ggVG9rZW4iLCJyZXF1aXJlZCI6ZmFsc2UsImV4Y2x1ZGUiOltdLCJkZXBlbmRzIjpbImF1dGhvcml6YXRpb25fY29kZSIsInBhc3N3b3JkIl19XX19LCJpbnRlcmFjdGl2ZUxvZ2luIjp0cnVlLCJ0b2tlbiI6ImEyYzg0ODE1LThjYjgtNGE3Ni1iNmU0LTg4MGM3ZTc2MGNlYiIsImlhdCI6MTQ4NjU4Njc4OCwiYXVkIjoiaHR0cDovL2FwaS1wbGF0Zm9ybS1hcGkvcmVwb3NpdG9yeSIsImlzcyI6Imh0dHA6Ly9hcGktcGxhdGZvcm0tYXBpL3JlcG9zaXRvcnkifQ.YOsto-KJMgjQZxFXe6FFipYd8TIh4P1HIlJ5Tg6a9Ps
				Accept=*/*
				Content-Type=text/plain; charset=UTF-8
Cookies:		&lt;none&gt;
Body:			&lt;none&gt;
Request method:	DELETE
Request path:	https://qax.anypoint.mulesoft.com/apiplatform/repository/applications/43356
Proxy:			&lt;none&gt;
Request params:	&lt;none&gt;
Query params:	&lt;none&gt;
Form params:	&lt;none&gt;
Path params:	&lt;none&gt;
Multiparts:		&lt;none&gt;
Headers:		Authorization=Bearer eyJ0eXAiOiJKV1QiLCJhbGciOiJIUzI1NiJ9.eyJpZCI6IjUwMDAzN2NkLTJjZmQtNGRhNC1iZWQ3LTU3Mzg0ZGViMDYyYiIsImZpcnN0TmFtZSI6IkZlZGVyYXRlZCIsImxhc3ROYW1lIjoiRXh0ZXJuYWwiLCJlbWFpbCI6ImNocmlzdG9waGVyLm1vcmR1ZUBtdWxlc29mdC5jb20iLCJ1c2VybmFtZSI6ImZlZGVyYXRlZF9leHRlcm5hbCIsIm9yZ2FuaXphdGlvbiI6eyJpZCI6IjUwMDBkYjk1LWM1ZDQtNDg3Zi05MjVlLTNmODJmMTVhNTQ5OSIsIm5hbWUiOiJGZWRlcmF0ZWQgSW5jIEV4dGVybmFsIEF1dGhvcml6YXRpb24iLCJkb21haW4iOiJmZWRlcmF0ZWQtZXh0ZXJuYWwiLCJlbnRpdGxlbWVudHMiOnsiaHlicmlkIjp7ImVuYWJsZWQiOmZhbHNlfSwiY3JlYXRlU3ViT3JncyI6dHJ1ZSwidkNvcmVzUHJvZHVjdGlvbiI6eyJhc3NpZ25lZCI6MSwicmVhc3NpZ25lZCI6MH0sInZDb3Jlc1NhbmRib3giOnsiYXNzaWduZWQiOjEsInJlYXNzaWduZWQiOjB9LCJnbG9iYWxEZXBsb3ltZW50IjpmYWxzZSwid29ya2VyTG9nZ2luZ092ZXJyaWRlIjp7ImVuYWJsZWQiOmZhbHNlfSwiZ2F0ZXdheXMiOnsiYXNzaWduZWQiOjB9LCJjcmVhdGVFbnZpcm9ubWVudHMiOnRydWUsInBhcnRuZXJzUHJvZHVjdGlvbiI6eyJhc3NpZ25lZCI6MH0sInBhcnRuZXJzU2FuZGJveCI6eyJhc3NpZ25lZCI6MH0sImF1dG9zY2FsaW5nIjpmYWxzZSwic3RhdGljSXBzIjp7ImFzc2lnbmVkIjowLCJyZWFzc2lnbmVkIjowfSwiYXJtQWxlcnRzIjpmYWxzZSwiYXBpcyI6eyJlbmFibGVkIjp0cnVlfSwibXFNZXNzYWdlcyI6eyJiYXNlIjowLCJhZGRPbiI6MH0sIm1xUmVxdWVzdHMiOnsiYmFzZSI6MCwiYWRkT24iOjB9LCJleHRlcm5hbElkZW50aXR5Ijp0cnVlLCJtcUFkdmFuY2VkRmVhdHVyZXMiOnsiZW5hYmxlZCI6ZmFsc2V9LCJ2cGNzIjp7ImFzc2lnbmVkIjowLCJyZWFzc2lnbmVkIjowfSwiaHlicmlkSW5zaWdodCI6ZmFsc2UsImRlc2lnbkNlbnRlciI6eyJtb3phcnQiOmZhbHNlLCJhcGkiOmZhbHNlfSwib2JqZWN0U3RvcmVSZXF1ZXN0VW5pdHMiOnsiYmFzZSI6MTUwMDAwMDAsImFkZE9uIjowfSwib2JqZWN0U3RvcmVLZXlzIjp7ImJhc2UiOjEwMDAwMCwiYWRkT24iOjB9LCJjYW0iOnsiZW5hYmxlZCI6ZmFsc2V9LCJsb2FkQmFsYW5jZXIiOnsiYXNzaWduZWQiOjAsInJlYXNzaWduZWQiOjB9LCJtZXNzYWdpbmciOnsiYXNzaWduZWQiOjB9fSwiZXh0ZXJuYWxBdXRob3JpemF0aW9uIjp0cnVlLCJleHRlcm5hbEF1dGhvcml6YXRpb25Qcm92aWRlciI6eyJuYW1lIjoiUG9ydGFsIEFwcGxpY2F0aW9uIE1hbmFnZW1lbnQgU3lzdGVtIChQQU1TKSIsInVybCI6Imh0dHBzOi8vd3NneC10ZXN0LmNpc2NvLmNvbS9wYW1zL2x0L2NlcG1TZXJ2aWNlL3YxLjUvbWdyc3J2cyIsInZlcnNpb24iOiIxLjUifSwiaWRlbnRpdHlNYW5hZ2VtZW50Ijp7InR5cGUiOiJQaW5nRmVkZXJhdGUifSwib2F1dGgyU2V0dGluZ3MiOnsiYXV0aG9yaXphdGlvbkdyYW50cyI6WyJjb2RlIiwidG9rZW4iLCJvd25lciIsImNyZWRlbnRpYWxzIl0sImF1dGhvcml6YXRpb25VcmkiOiJodHRwczovL2Nsb3Vkc3NvLXRlc3QuY2lzY28uY29tL2FzL2F1dGhvcml6YXRpb24ub2F1dGgyIiwiYWNjZXNzVG9rZW5VcmkiOiJodHRwczovL2Nsb3Vkc3NvLXRlc3QuY2lzY28uY29tL2FzL3Rva2VuLm9hdXRoMiIsImdyYW50VHlwZXMiOlt7Im5hbWUiOiJwYXNzd29yZCIsImxhYmVsIjoiUmVzb3VyY2UgT3duZXIgR3JhbnQiLCJyZXF1aXJlZCI6ZmFsc2UsImV4Y2x1ZGUiOltdLCJkZXBlbmRzIjpbXX0seyJuYW1lIjoiaW1wbGljaXQiLCJsYWJlbCI6IkltcGxpY2l0IEdyYW50IiwicmVxdWlyZWQiOmZhbHNlLCJleGNsdWRlIjpbXSwiZGVwZW5kcyI6W119LHsibmFtZSI6ImNsaWVudF9jcmVkZW50aWFscyIsImxhYmVsIjoiQ2xpZW50IENyZWRlbnRpYWxzIEdyYW50IiwicmVxdWlyZWQiOmZhbHNlLCJleGNsdWRlIjpbXSwiZGVwZW5kcyI6W119LHsibmFtZSI6ImF1dGhvcml6YXRpb25fY29kZSIsImxhYmVsIjoiQXV0aG9yaXphdGlvbiBDb2RlIEdyYW50IiwicmVxdWlyZWQiOmZhbHNlLCJleGNsdWRlIjpbXSwiZGVwZW5kcyI6W119LHsibmFtZSI6InJlZnJlc2hfdG9rZW4iLCJsYWJlbCI6IlJlZnJlc2ggVG9rZW4iLCJyZXF1aXJlZCI6ZmFsc2UsImV4Y2x1ZGUiOltdLCJkZXBlbmRzIjpbImF1dGhvcml6YXRpb25fY29kZSIsInBhc3N3b3JkIl19XX19LCJpbnRlcmFjdGl2ZUxvZ2luIjp0cnVlLCJ0b2tlbiI6ImEyYzg0ODE1LThjYjgtNGE3Ni1iNmU0LTg4MGM3ZTc2MGNlYiIsImlhdCI6MTQ4NjU4Njc4OCwiYXVkIjoiaHR0cDovL2FwaS1wbGF0Zm9ybS1hcGkvcmVwb3NpdG9yeSIsImlzcyI6Imh0dHA6Ly9hcGktcGxhdGZvcm0tYXBpL3JlcG9zaXRvcnkifQ.YOsto-KJMgjQZxFXe6FFipYd8TIh4P1HIlJ5Tg6a9Ps
				Accept=*/*
				Content-Type=text/plain; charset=UTF-8
Cookies:		&lt;none&gt;
Body:			&lt;none&gt;
Request method:	DELETE
Request path:	https://qax.anypoint.mulesoft.com/apiplatform/repository/applications/43395
Proxy:			&lt;none&gt;
Request params:	&lt;none&gt;
Query params:	&lt;none&gt;
Form params:	&lt;none&gt;
Path params:	&lt;none&gt;
Multiparts:		&lt;none&gt;
Headers:		Authorization=Bearer eyJ0eXAiOiJKV1QiLCJhbGciOiJIUzI1NiJ9.eyJpZCI6IjUwMDAzN2NkLTJjZmQtNGRhNC1iZWQ3LTU3Mzg0ZGViMDYyYiIsImZpcnN0TmFtZSI6IkZlZGVyYXRlZCIsImxhc3ROYW1lIjoiRXh0ZXJuYWwiLCJlbWFpbCI6ImNocmlzdG9waGVyLm1vcmR1ZUBtdWxlc29mdC5jb20iLCJ1c2VybmFtZSI6ImZlZGVyYXRlZF9leHRlcm5hbCIsIm9yZ2FuaXphdGlvbiI6eyJpZCI6IjUwMDBkYjk1LWM1ZDQtNDg3Zi05MjVlLTNmODJmMTVhNTQ5OSIsIm5hbWUiOiJGZWRlcmF0ZWQgSW5jIEV4dGVybmFsIEF1dGhvcml6YXRpb24iLCJkb21haW4iOiJmZWRlcmF0ZWQtZXh0ZXJuYWwiLCJlbnRpdGxlbWVudHMiOnsiaHlicmlkIjp7ImVuYWJsZWQiOmZhbHNlfSwiY3JlYXRlU3ViT3JncyI6dHJ1ZSwidkNvcmVzUHJvZHVjdGlvbiI6eyJhc3NpZ25lZCI6MSwicmVhc3NpZ25lZCI6MH0sInZDb3Jlc1NhbmRib3giOnsiYXNzaWduZWQiOjEsInJlYXNzaWduZWQiOjB9LCJnbG9iYWxEZXBsb3ltZW50IjpmYWxzZSwid29ya2VyTG9nZ2luZ092ZXJyaWRlIjp7ImVuYWJsZWQiOmZhbHNlfSwiZ2F0ZXdheXMiOnsiYXNzaWduZWQiOjB9LCJjcmVhdGVFbnZpcm9ubWVudHMiOnRydWUsInBhcnRuZXJzUHJvZHVjdGlvbiI6eyJhc3NpZ25lZCI6MH0sInBhcnRuZXJzU2FuZGJveCI6eyJhc3NpZ25lZCI6MH0sImF1dG9zY2FsaW5nIjpmYWxzZSwic3RhdGljSXBzIjp7ImFzc2lnbmVkIjowLCJyZWFzc2lnbmVkIjowfSwiYXJtQWxlcnRzIjpmYWxzZSwiYXBpcyI6eyJlbmFibGVkIjp0cnVlfSwibXFNZXNzYWdlcyI6eyJiYXNlIjowLCJhZGRPbiI6MH0sIm1xUmVxdWVzdHMiOnsiYmFzZSI6MCwiYWRkT24iOjB9LCJleHRlcm5hbElkZW50aXR5Ijp0cnVlLCJtcUFkdmFuY2VkRmVhdHVyZXMiOnsiZW5hYmxlZCI6ZmFsc2V9LCJ2cGNzIjp7ImFzc2lnbmVkIjowLCJyZWFzc2lnbmVkIjowfSwiaHlicmlkSW5zaWdodCI6ZmFsc2UsImRlc2lnbkNlbnRlciI6eyJtb3phcnQiOmZhbHNlLCJhcGkiOmZhbHNlfSwib2JqZWN0U3RvcmVSZXF1ZXN0VW5pdHMiOnsiYmFzZSI6MTUwMDAwMDAsImFkZE9uIjowfSwib2JqZWN0U3RvcmVLZXlzIjp7ImJhc2UiOjEwMDAwMCwiYWRkT24iOjB9LCJjYW0iOnsiZW5hYmxlZCI6ZmFsc2V9LCJsb2FkQmFsYW5jZXIiOnsiYXNzaWduZWQiOjAsInJlYXNzaWduZWQiOjB9LCJtZXNzYWdpbmciOnsiYXNzaWduZWQiOjB9fSwiZXh0ZXJuYWxBdXRob3JpemF0aW9uIjp0cnVlLCJleHRlcm5hbEF1dGhvcml6YXRpb25Qcm92aWRlciI6eyJuYW1lIjoiUG9ydGFsIEFwcGxpY2F0aW9uIE1hbmFnZW1lbnQgU3lzdGVtIChQQU1TKSIsInVybCI6Imh0dHBzOi8vd3NneC10ZXN0LmNpc2NvLmNvbS9wYW1zL2x0L2NlcG1TZXJ2aWNlL3YxLjUvbWdyc3J2cyIsInZlcnNpb24iOiIxLjUifSwiaWRlbnRpdHlNYW5hZ2VtZW50Ijp7InR5cGUiOiJQaW5nRmVkZXJhdGUifSwib2F1dGgyU2V0dGluZ3MiOnsiYXV0aG9yaXphdGlvbkdyYW50cyI6WyJjb2RlIiwidG9rZW4iLCJvd25lciIsImNyZWRlbnRpYWxzIl0sImF1dGhvcml6YXRpb25VcmkiOiJodHRwczovL2Nsb3Vkc3NvLXRlc3QuY2lzY28uY29tL2FzL2F1dGhvcml6YXRpb24ub2F1dGgyIiwiYWNjZXNzVG9rZW5VcmkiOiJodHRwczovL2Nsb3Vkc3NvLXRlc3QuY2lzY28uY29tL2FzL3Rva2VuLm9hdXRoMiIsImdyYW50VHlwZXMiOlt7Im5hbWUiOiJwYXNzd29yZCIsImxhYmVsIjoiUmVzb3VyY2UgT3duZXIgR3JhbnQiLCJyZXF1aXJlZCI6ZmFsc2UsImV4Y2x1ZGUiOltdLCJkZXBlbmRzIjpbXX0seyJuYW1lIjoiaW1wbGljaXQiLCJsYWJlbCI6IkltcGxpY2l0IEdyYW50IiwicmVxdWlyZWQiOmZhbHNlLCJleGNsdWRlIjpbXSwiZGVwZW5kcyI6W119LHsibmFtZSI6ImNsaWVudF9jcmVkZW50aWFscyIsImxhYmVsIjoiQ2xpZW50IENyZWRlbnRpYWxzIEdyYW50IiwicmVxdWlyZWQiOmZhbHNlLCJleGNsdWRlIjpbXSwiZGVwZW5kcyI6W119LHsibmFtZSI6ImF1dGhvcml6YXRpb25fY29kZSIsImxhYmVsIjoiQXV0aG9yaXphdGlvbiBDb2RlIEdyYW50IiwicmVxdWlyZWQiOmZhbHNlLCJleGNsdWRlIjpbXSwiZGVwZW5kcyI6W119LHsibmFtZSI6InJlZnJlc2hfdG9rZW4iLCJsYWJlbCI6IlJlZnJlc2ggVG9rZW4iLCJyZXF1aXJlZCI6ZmFsc2UsImV4Y2x1ZGUiOltdLCJkZXBlbmRzIjpbImF1dGhvcml6YXRpb25fY29kZSIsInBhc3N3b3JkIl19XX19LCJpbnRlcmFjdGl2ZUxvZ2luIjp0cnVlLCJ0b2tlbiI6ImEyYzg0ODE1LThjYjgtNGE3Ni1iNmU0LTg4MGM3ZTc2MGNlYiIsImlhdCI6MTQ4NjU4Njc4OCwiYXVkIjoiaHR0cDovL2FwaS1wbGF0Zm9ybS1hcGkvcmVwb3NpdG9yeSIsImlzcyI6Imh0dHA6Ly9hcGktcGxhdGZvcm0tYXBpL3JlcG9zaXRvcnkifQ.YOsto-KJMgjQZxFXe6FFipYd8TIh4P1HIlJ5Tg6a9Ps
				Accept=*/*
				Content-Type=text/plain; charset=UTF-8
Cookies:		&lt;none&gt;
Body:			&lt;none&gt;
Request method:	DELETE
Request path:	https://qax.anypoint.mulesoft.com/apiplatform/repository/applications/43376
Proxy:			&lt;none&gt;
Request params:	&lt;none&gt;
Query params:	&lt;none&gt;
Form params:	&lt;none&gt;
Path params:	&lt;none&gt;
Multiparts:		&lt;none&gt;
Headers:		Authorization=Bearer eyJ0eXAiOiJKV1QiLCJhbGciOiJIUzI1NiJ9.eyJpZCI6IjUwMDAzN2NkLTJjZmQtNGRhNC1iZWQ3LTU3Mzg0ZGViMDYyYiIsImZpcnN0TmFtZSI6IkZlZGVyYXRlZCIsImxhc3ROYW1lIjoiRXh0ZXJuYWwiLCJlbWFpbCI6ImNocmlzdG9waGVyLm1vcmR1ZUBtdWxlc29mdC5jb20iLCJ1c2VybmFtZSI6ImZlZGVyYXRlZF9leHRlcm5hbCIsIm9yZ2FuaXphdGlvbiI6eyJpZCI6IjUwMDBkYjk1LWM1ZDQtNDg3Zi05MjVlLTNmODJmMTVhNTQ5OSIsIm5hbWUiOiJGZWRlcmF0ZWQgSW5jIEV4dGVybmFsIEF1dGhvcml6YXRpb24iLCJkb21haW4iOiJmZWRlcmF0ZWQtZXh0ZXJuYWwiLCJlbnRpdGxlbWVudHMiOnsiaHlicmlkIjp7ImVuYWJsZWQiOmZhbHNlfSwiY3JlYXRlU3ViT3JncyI6dHJ1ZSwidkNvcmVzUHJvZHVjdGlvbiI6eyJhc3NpZ25lZCI6MSwicmVhc3NpZ25lZCI6MH0sInZDb3Jlc1NhbmRib3giOnsiYXNzaWduZWQiOjEsInJlYXNzaWduZWQiOjB9LCJnbG9iYWxEZXBsb3ltZW50IjpmYWxzZSwid29ya2VyTG9nZ2luZ092ZXJyaWRlIjp7ImVuYWJsZWQiOmZhbHNlfSwiZ2F0ZXdheXMiOnsiYXNzaWduZWQiOjB9LCJjcmVhdGVFbnZpcm9ubWVudHMiOnRydWUsInBhcnRuZXJzUHJvZHVjdGlvbiI6eyJhc3NpZ25lZCI6MH0sInBhcnRuZXJzU2FuZGJveCI6eyJhc3NpZ25lZCI6MH0sImF1dG9zY2FsaW5nIjpmYWxzZSwic3RhdGljSXBzIjp7ImFzc2lnbmVkIjowLCJyZWFzc2lnbmVkIjowfSwiYXJtQWxlcnRzIjpmYWxzZSwiYXBpcyI6eyJlbmFibGVkIjp0cnVlfSwibXFNZXNzYWdlcyI6eyJiYXNlIjowLCJhZGRPbiI6MH0sIm1xUmVxdWVzdHMiOnsiYmFzZSI6MCwiYWRkT24iOjB9LCJleHRlcm5hbElkZW50aXR5Ijp0cnVlLCJtcUFkdmFuY2VkRmVhdHVyZXMiOnsiZW5hYmxlZCI6ZmFsc2V9LCJ2cGNzIjp7ImFzc2lnbmVkIjowLCJyZWFzc2lnbmVkIjowfSwiaHlicmlkSW5zaWdodCI6ZmFsc2UsImRlc2lnbkNlbnRlciI6eyJtb3phcnQiOmZhbHNlLCJhcGkiOmZhbHNlfSwib2JqZWN0U3RvcmVSZXF1ZXN0VW5pdHMiOnsiYmFzZSI6MTUwMDAwMDAsImFkZE9uIjowfSwib2JqZWN0U3RvcmVLZXlzIjp7ImJhc2UiOjEwMDAwMCwiYWRkT24iOjB9LCJjYW0iOnsiZW5hYmxlZCI6ZmFsc2V9LCJsb2FkQmFsYW5jZXIiOnsiYXNzaWduZWQiOjAsInJlYXNzaWduZWQiOjB9LCJtZXNzYWdpbmciOnsiYXNzaWduZWQiOjB9fSwiZXh0ZXJuYWxBdXRob3JpemF0aW9uIjp0cnVlLCJleHRlcm5hbEF1dGhvcml6YXRpb25Qcm92aWRlciI6eyJuYW1lIjoiUG9ydGFsIEFwcGxpY2F0aW9uIE1hbmFnZW1lbnQgU3lzdGVtIChQQU1TKSIsInVybCI6Imh0dHBzOi8vd3NneC10ZXN0LmNpc2NvLmNvbS9wYW1zL2x0L2NlcG1TZXJ2aWNlL3YxLjUvbWdyc3J2cyIsInZlcnNpb24iOiIxLjUifSwiaWRlbnRpdHlNYW5hZ2VtZW50Ijp7InR5cGUiOiJQaW5nRmVkZXJhdGUifSwib2F1dGgyU2V0dGluZ3MiOnsiYXV0aG9yaXphdGlvbkdyYW50cyI6WyJjb2RlIiwidG9rZW4iLCJvd25lciIsImNyZWRlbnRpYWxzIl0sImF1dGhvcml6YXRpb25VcmkiOiJodHRwczovL2Nsb3Vkc3NvLXRlc3QuY2lzY28uY29tL2FzL2F1dGhvcml6YXRpb24ub2F1dGgyIiwiYWNjZXNzVG9rZW5VcmkiOiJodHRwczovL2Nsb3Vkc3NvLXRlc3QuY2lzY28uY29tL2FzL3Rva2VuLm9hdXRoMiIsImdyYW50VHlwZXMiOlt7Im5hbWUiOiJwYXNzd29yZCIsImxhYmVsIjoiUmVzb3VyY2UgT3duZXIgR3JhbnQiLCJyZXF1aXJlZCI6ZmFsc2UsImV4Y2x1ZGUiOltdLCJkZXBlbmRzIjpbXX0seyJuYW1lIjoiaW1wbGljaXQiLCJsYWJlbCI6IkltcGxpY2l0IEdyYW50IiwicmVxdWlyZWQiOmZhbHNlLCJleGNsdWRlIjpbXSwiZGVwZW5kcyI6W119LHsibmFtZSI6ImNsaWVudF9jcmVkZW50aWFscyIsImxhYmVsIjoiQ2xpZW50IENyZWRlbnRpYWxzIEdyYW50IiwicmVxdWlyZWQiOmZhbHNlLCJleGNsdWRlIjpbXSwiZGVwZW5kcyI6W119LHsibmFtZSI6ImF1dGhvcml6YXRpb25fY29kZSIsImxhYmVsIjoiQXV0aG9yaXphdGlvbiBDb2RlIEdyYW50IiwicmVxdWlyZWQiOmZhbHNlLCJleGNsdWRlIjpbXSwiZGVwZW5kcyI6W119LHsibmFtZSI6InJlZnJlc2hfdG9rZW4iLCJsYWJlbCI6IlJlZnJlc2ggVG9rZW4iLCJyZXF1aXJlZCI6ZmFsc2UsImV4Y2x1ZGUiOltdLCJkZXBlbmRzIjpbImF1dGhvcml6YXRpb25fY29kZSIsInBhc3N3b3JkIl19XX19LCJpbnRlcmFjdGl2ZUxvZ2luIjp0cnVlLCJ0b2tlbiI6ImEyYzg0ODE1LThjYjgtNGE3Ni1iNmU0LTg4MGM3ZTc2MGNlYiIsImlhdCI6MTQ4NjU4Njc4OCwiYXVkIjoiaHR0cDovL2FwaS1wbGF0Zm9ybS1hcGkvcmVwb3NpdG9yeSIsImlzcyI6Imh0dHA6Ly9hcGktcGxhdGZvcm0tYXBpL3JlcG9zaXRvcnkifQ.YOsto-KJMgjQZxFXe6FFipYd8TIh4P1HIlJ5Tg6a9Ps
				Accept=*/*
				Content-Type=text/plain; charset=UTF-8
Cookies:		&lt;none&gt;
Body:			&lt;none&gt;
Request method:	DELETE
Request path:	https://qax.anypoint.mulesoft.com/apiplatform/repository/applications/43332
Proxy:			&lt;none&gt;
Request params:	&lt;none&gt;
Query params:	&lt;none&gt;
Form params:	&lt;none&gt;
Path params:	&lt;none&gt;
Multiparts:		&lt;none&gt;
Headers:		Authorization=Bearer eyJ0eXAiOiJKV1QiLCJhbGciOiJIUzI1NiJ9.eyJpZCI6IjUwMDAzN2NkLTJjZmQtNGRhNC1iZWQ3LTU3Mzg0ZGViMDYyYiIsImZpcnN0TmFtZSI6IkZlZGVyYXRlZCIsImxhc3ROYW1lIjoiRXh0ZXJuYWwiLCJlbWFpbCI6ImNocmlzdG9waGVyLm1vcmR1ZUBtdWxlc29mdC5jb20iLCJ1c2VybmFtZSI6ImZlZGVyYXRlZF9leHRlcm5hbCIsIm9yZ2FuaXphdGlvbiI6eyJpZCI6IjUwMDBkYjk1LWM1ZDQtNDg3Zi05MjVlLTNmODJmMTVhNTQ5OSIsIm5hbWUiOiJGZWRlcmF0ZWQgSW5jIEV4dGVybmFsIEF1dGhvcml6YXRpb24iLCJkb21haW4iOiJmZWRlcmF0ZWQtZXh0ZXJuYWwiLCJlbnRpdGxlbWVudHMiOnsiaHlicmlkIjp7ImVuYWJsZWQiOmZhbHNlfSwiY3JlYXRlU3ViT3JncyI6dHJ1ZSwidkNvcmVzUHJvZHVjdGlvbiI6eyJhc3NpZ25lZCI6MSwicmVhc3NpZ25lZCI6MH0sInZDb3Jlc1NhbmRib3giOnsiYXNzaWduZWQiOjEsInJlYXNzaWduZWQiOjB9LCJnbG9iYWxEZXBsb3ltZW50IjpmYWxzZSwid29ya2VyTG9nZ2luZ092ZXJyaWRlIjp7ImVuYWJsZWQiOmZhbHNlfSwiZ2F0ZXdheXMiOnsiYXNzaWduZWQiOjB9LCJjcmVhdGVFbnZpcm9ubWVudHMiOnRydWUsInBhcnRuZXJzUHJvZHVjdGlvbiI6eyJhc3NpZ25lZCI6MH0sInBhcnRuZXJzU2FuZGJveCI6eyJhc3NpZ25lZCI6MH0sImF1dG9zY2FsaW5nIjpmYWxzZSwic3RhdGljSXBzIjp7ImFzc2lnbmVkIjowLCJyZWFzc2lnbmVkIjowfSwiYXJtQWxlcnRzIjpmYWxzZSwiYXBpcyI6eyJlbmFibGVkIjp0cnVlfSwibXFNZXNzYWdlcyI6eyJiYXNlIjowLCJhZGRPbiI6MH0sIm1xUmVxdWVzdHMiOnsiYmFzZSI6MCwiYWRkT24iOjB9LCJleHRlcm5hbElkZW50aXR5Ijp0cnVlLCJtcUFkdmFuY2VkRmVhdHVyZXMiOnsiZW5hYmxlZCI6ZmFsc2V9LCJ2cGNzIjp7ImFzc2lnbmVkIjowLCJyZWFzc2lnbmVkIjowfSwiaHlicmlkSW5zaWdodCI6ZmFsc2UsImRlc2lnbkNlbnRlciI6eyJtb3phcnQiOmZhbHNlLCJhcGkiOmZhbHNlfSwib2JqZWN0U3RvcmVSZXF1ZXN0VW5pdHMiOnsiYmFzZSI6MTUwMDAwMDAsImFkZE9uIjowfSwib2JqZWN0U3RvcmVLZXlzIjp7ImJhc2UiOjEwMDAwMCwiYWRkT24iOjB9LCJjYW0iOnsiZW5hYmxlZCI6ZmFsc2V9LCJsb2FkQmFsYW5jZXIiOnsiYXNzaWduZWQiOjAsInJlYXNzaWduZWQiOjB9LCJtZXNzYWdpbmciOnsiYXNzaWduZWQiOjB9fSwiZXh0ZXJuYWxBdXRob3JpemF0aW9uIjp0cnVlLCJleHRlcm5hbEF1dGhvcml6YXRpb25Qcm92aWRlciI6eyJuYW1lIjoiUG9ydGFsIEFwcGxpY2F0aW9uIE1hbmFnZW1lbnQgU3lzdGVtIChQQU1TKSIsInVybCI6Imh0dHBzOi8vd3NneC10ZXN0LmNpc2NvLmNvbS9wYW1zL2x0L2NlcG1TZXJ2aWNlL3YxLjUvbWdyc3J2cyIsInZlcnNpb24iOiIxLjUifSwiaWRlbnRpdHlNYW5hZ2VtZW50Ijp7InR5cGUiOiJQaW5nRmVkZXJhdGUifSwib2F1dGgyU2V0dGluZ3MiOnsiYXV0aG9yaXphdGlvbkdyYW50cyI6WyJjb2RlIiwidG9rZW4iLCJvd25lciIsImNyZWRlbnRpYWxzIl0sImF1dGhvcml6YXRpb25VcmkiOiJodHRwczovL2Nsb3Vkc3NvLXRlc3QuY2lzY28uY29tL2FzL2F1dGhvcml6YXRpb24ub2F1dGgyIiwiYWNjZXNzVG9rZW5VcmkiOiJodHRwczovL2Nsb3Vkc3NvLXRlc3QuY2lzY28uY29tL2FzL3Rva2VuLm9hdXRoMiIsImdyYW50VHlwZXMiOlt7Im5hbWUiOiJwYXNzd29yZCIsImxhYmVsIjoiUmVzb3VyY2UgT3duZXIgR3JhbnQiLCJyZXF1aXJlZCI6ZmFsc2UsImV4Y2x1ZGUiOltdLCJkZXBlbmRzIjpbXX0seyJuYW1lIjoiaW1wbGljaXQiLCJsYWJlbCI6IkltcGxpY2l0IEdyYW50IiwicmVxdWlyZWQiOmZhbHNlLCJleGNsdWRlIjpbXSwiZGVwZW5kcyI6W119LHsibmFtZSI6ImNsaWVudF9jcmVkZW50aWFscyIsImxhYmVsIjoiQ2xpZW50IENyZWRlbnRpYWxzIEdyYW50IiwicmVxdWlyZWQiOmZhbHNlLCJleGNsdWRlIjpbXSwiZGVwZW5kcyI6W119LHsibmFtZSI6ImF1dGhvcml6YXRpb25fY29kZSIsImxhYmVsIjoiQXV0aG9yaXphdGlvbiBDb2RlIEdyYW50IiwicmVxdWlyZWQiOmZhbHNlLCJleGNsdWRlIjpbXSwiZGVwZW5kcyI6W119LHsibmFtZSI6InJlZnJlc2hfdG9rZW4iLCJsYWJlbCI6IlJlZnJlc2ggVG9rZW4iLCJyZXF1aXJlZCI6ZmFsc2UsImV4Y2x1ZGUiOltdLCJkZXBlbmRzIjpbImF1dGhvcml6YXRpb25fY29kZSIsInBhc3N3b3JkIl19XX19LCJpbnRlcmFjdGl2ZUxvZ2luIjp0cnVlLCJ0b2tlbiI6ImEyYzg0ODE1LThjYjgtNGE3Ni1iNmU0LTg4MGM3ZTc2MGNlYiIsImlhdCI6MTQ4NjU4Njc4OCwiYXVkIjoiaHR0cDovL2FwaS1wbGF0Zm9ybS1hcGkvcmVwb3NpdG9yeSIsImlzcyI6Imh0dHA6Ly9hcGktcGxhdGZvcm0tYXBpL3JlcG9zaXRvcnkifQ.YOsto-KJMgjQZxFXe6FFipYd8TIh4P1HIlJ5Tg6a9Ps
				Accept=*/*
				Content-Type=text/plain; charset=UTF-8
Cookies:		&lt;none&gt;
Body:			&lt;none&gt;
Request method:	DELETE
Request path:	https://qax.anypoint.mulesoft.com/apiplatform/repository/applications/43397
Proxy:			&lt;none&gt;
Request params:	&lt;none&gt;
Query params:	&lt;none&gt;
Form params:	&lt;none&gt;
Path params:	&lt;none&gt;
Multiparts:		&lt;none&gt;
Headers:		Authorization=Bearer eyJ0eXAiOiJKV1QiLCJhbGciOiJIUzI1NiJ9.eyJpZCI6IjUwMDAzN2NkLTJjZmQtNGRhNC1iZWQ3LTU3Mzg0ZGViMDYyYiIsImZpcnN0TmFtZSI6IkZlZGVyYXRlZCIsImxhc3ROYW1lIjoiRXh0ZXJuYWwiLCJlbWFpbCI6ImNocmlzdG9waGVyLm1vcmR1ZUBtdWxlc29mdC5jb20iLCJ1c2VybmFtZSI6ImZlZGVyYXRlZF9leHRlcm5hbCIsIm9yZ2FuaXphdGlvbiI6eyJpZCI6IjUwMDBkYjk1LWM1ZDQtNDg3Zi05MjVlLTNmODJmMTVhNTQ5OSIsIm5hbWUiOiJGZWRlcmF0ZWQgSW5jIEV4dGVybmFsIEF1dGhvcml6YXRpb24iLCJkb21haW4iOiJmZWRlcmF0ZWQtZXh0ZXJuYWwiLCJlbnRpdGxlbWVudHMiOnsiaHlicmlkIjp7ImVuYWJsZWQiOmZhbHNlfSwiY3JlYXRlU3ViT3JncyI6dHJ1ZSwidkNvcmVzUHJvZHVjdGlvbiI6eyJhc3NpZ25lZCI6MSwicmVhc3NpZ25lZCI6MH0sInZDb3Jlc1NhbmRib3giOnsiYXNzaWduZWQiOjEsInJlYXNzaWduZWQiOjB9LCJnbG9iYWxEZXBsb3ltZW50IjpmYWxzZSwid29ya2VyTG9nZ2luZ092ZXJyaWRlIjp7ImVuYWJsZWQiOmZhbHNlfSwiZ2F0ZXdheXMiOnsiYXNzaWduZWQiOjB9LCJjcmVhdGVFbnZpcm9ubWVudHMiOnRydWUsInBhcnRuZXJzUHJvZHVjdGlvbiI6eyJhc3NpZ25lZCI6MH0sInBhcnRuZXJzU2FuZGJveCI6eyJhc3NpZ25lZCI6MH0sImF1dG9zY2FsaW5nIjpmYWxzZSwic3RhdGljSXBzIjp7ImFzc2lnbmVkIjowLCJyZWFzc2lnbmVkIjowfSwiYXJtQWxlcnRzIjpmYWxzZSwiYXBpcyI6eyJlbmFibGVkIjp0cnVlfSwibXFNZXNzYWdlcyI6eyJiYXNlIjowLCJhZGRPbiI6MH0sIm1xUmVxdWVzdHMiOnsiYmFzZSI6MCwiYWRkT24iOjB9LCJleHRlcm5hbElkZW50aXR5Ijp0cnVlLCJtcUFkdmFuY2VkRmVhdHVyZXMiOnsiZW5hYmxlZCI6ZmFsc2V9LCJ2cGNzIjp7ImFzc2lnbmVkIjowLCJyZWFzc2lnbmVkIjowfSwiaHlicmlkSW5zaWdodCI6ZmFsc2UsImRlc2lnbkNlbnRlciI6eyJtb3phcnQiOmZhbHNlLCJhcGkiOmZhbHNlfSwib2JqZWN0U3RvcmVSZXF1ZXN0VW5pdHMiOnsiYmFzZSI6MTUwMDAwMDAsImFkZE9uIjowfSwib2JqZWN0U3RvcmVLZXlzIjp7ImJhc2UiOjEwMDAwMCwiYWRkT24iOjB9LCJjYW0iOnsiZW5hYmxlZCI6ZmFsc2V9LCJsb2FkQmFsYW5jZXIiOnsiYXNzaWduZWQiOjAsInJlYXNzaWduZWQiOjB9LCJtZXNzYWdpbmciOnsiYXNzaWduZWQiOjB9fSwiZXh0ZXJuYWxBdXRob3JpemF0aW9uIjp0cnVlLCJleHRlcm5hbEF1dGhvcml6YXRpb25Qcm92aWRlciI6eyJuYW1lIjoiUG9ydGFsIEFwcGxpY2F0aW9uIE1hbmFnZW1lbnQgU3lzdGVtIChQQU1TKSIsInVybCI6Imh0dHBzOi8vd3NneC10ZXN0LmNpc2NvLmNvbS9wYW1zL2x0L2NlcG1TZXJ2aWNlL3YxLjUvbWdyc3J2cyIsInZlcnNpb24iOiIxLjUifSwiaWRlbnRpdHlNYW5hZ2VtZW50Ijp7InR5cGUiOiJQaW5nRmVkZXJhdGUifSwib2F1dGgyU2V0dGluZ3MiOnsiYXV0aG9yaXphdGlvbkdyYW50cyI6WyJjb2RlIiwidG9rZW4iLCJvd25lciIsImNyZWRlbnRpYWxzIl0sImF1dGhvcml6YXRpb25VcmkiOiJodHRwczovL2Nsb3Vkc3NvLXRlc3QuY2lzY28uY29tL2FzL2F1dGhvcml6YXRpb24ub2F1dGgyIiwiYWNjZXNzVG9rZW5VcmkiOiJodHRwczovL2Nsb3Vkc3NvLXRlc3QuY2lzY28uY29tL2FzL3Rva2VuLm9hdXRoMiIsImdyYW50VHlwZXMiOlt7Im5hbWUiOiJwYXNzd29yZCIsImxhYmVsIjoiUmVzb3VyY2UgT3duZXIgR3JhbnQiLCJyZXF1aXJlZCI6ZmFsc2UsImV4Y2x1ZGUiOltdLCJkZXBlbmRzIjpbXX0seyJuYW1lIjoiaW1wbGljaXQiLCJsYWJlbCI6IkltcGxpY2l0IEdyYW50IiwicmVxdWlyZWQiOmZhbHNlLCJleGNsdWRlIjpbXSwiZGVwZW5kcyI6W119LHsibmFtZSI6ImNsaWVudF9jcmVkZW50aWFscyIsImxhYmVsIjoiQ2xpZW50IENyZWRlbnRpYWxzIEdyYW50IiwicmVxdWlyZWQiOmZhbHNlLCJleGNsdWRlIjpbXSwiZGVwZW5kcyI6W119LHsibmFtZSI6ImF1dGhvcml6YXRpb25fY29kZSIsImxhYmVsIjoiQXV0aG9yaXphdGlvbiBDb2RlIEdyYW50IiwicmVxdWlyZWQiOmZhbHNlLCJleGNsdWRlIjpbXSwiZGVwZW5kcyI6W119LHsibmFtZSI6InJlZnJlc2hfdG9rZW4iLCJsYWJlbCI6IlJlZnJlc2ggVG9rZW4iLCJyZXF1aXJlZCI6ZmFsc2UsImV4Y2x1ZGUiOltdLCJkZXBlbmRzIjpbImF1dGhvcml6YXRpb25fY29kZSIsInBhc3N3b3JkIl19XX19LCJpbnRlcmFjdGl2ZUxvZ2luIjp0cnVlLCJ0b2tlbiI6ImEyYzg0ODE1LThjYjgtNGE3Ni1iNmU0LTg4MGM3ZTc2MGNlYiIsImlhdCI6MTQ4NjU4Njc4OCwiYXVkIjoiaHR0cDovL2FwaS1wbGF0Zm9ybS1hcGkvcmVwb3NpdG9yeSIsImlzcyI6Imh0dHA6Ly9hcGktcGxhdGZvcm0tYXBpL3JlcG9zaXRvcnkifQ.YOsto-KJMgjQZxFXe6FFipYd8TIh4P1HIlJ5Tg6a9Ps
				Accept=*/*
				Content-Type=text/plain; charset=UTF-8
Cookies:		&lt;none&gt;
Body:			&lt;none&gt;
Request method:	DELETE
Request path:	https://qax.anypoint.mulesoft.com/apiplatform/repository/applications/43312
Proxy:			&lt;none&gt;
Request params:	&lt;none&gt;
Query params:	&lt;none&gt;
Form params:	&lt;none&gt;
Path params:	&lt;none&gt;
Multiparts:		&lt;none&gt;
Headers:		Authorization=Bearer eyJ0eXAiOiJKV1QiLCJhbGciOiJIUzI1NiJ9.eyJpZCI6IjUwMDAzN2NkLTJjZmQtNGRhNC1iZWQ3LTU3Mzg0ZGViMDYyYiIsImZpcnN0TmFtZSI6IkZlZGVyYXRlZCIsImxhc3ROYW1lIjoiRXh0ZXJuYWwiLCJlbWFpbCI6ImNocmlzdG9waGVyLm1vcmR1ZUBtdWxlc29mdC5jb20iLCJ1c2VybmFtZSI6ImZlZGVyYXRlZF9leHRlcm5hbCIsIm9yZ2FuaXphdGlvbiI6eyJpZCI6IjUwMDBkYjk1LWM1ZDQtNDg3Zi05MjVlLTNmODJmMTVhNTQ5OSIsIm5hbWUiOiJGZWRlcmF0ZWQgSW5jIEV4dGVybmFsIEF1dGhvcml6YXRpb24iLCJkb21haW4iOiJmZWRlcmF0ZWQtZXh0ZXJuYWwiLCJlbnRpdGxlbWVudHMiOnsiaHlicmlkIjp7ImVuYWJsZWQiOmZhbHNlfSwiY3JlYXRlU3ViT3JncyI6dHJ1ZSwidkNvcmVzUHJvZHVjdGlvbiI6eyJhc3NpZ25lZCI6MSwicmVhc3NpZ25lZCI6MH0sInZDb3Jlc1NhbmRib3giOnsiYXNzaWduZWQiOjEsInJlYXNzaWduZWQiOjB9LCJnbG9iYWxEZXBsb3ltZW50IjpmYWxzZSwid29ya2VyTG9nZ2luZ092ZXJyaWRlIjp7ImVuYWJsZWQiOmZhbHNlfSwiZ2F0ZXdheXMiOnsiYXNzaWduZWQiOjB9LCJjcmVhdGVFbnZpcm9ubWVudHMiOnRydWUsInBhcnRuZXJzUHJvZHVjdGlvbiI6eyJhc3NpZ25lZCI6MH0sInBhcnRuZXJzU2FuZGJveCI6eyJhc3NpZ25lZCI6MH0sImF1dG9zY2FsaW5nIjpmYWxzZSwic3RhdGljSXBzIjp7ImFzc2lnbmVkIjowLCJyZWFzc2lnbmVkIjowfSwiYXJtQWxlcnRzIjpmYWxzZSwiYXBpcyI6eyJlbmFibGVkIjp0cnVlfSwibXFNZXNzYWdlcyI6eyJiYXNlIjowLCJhZGRPbiI6MH0sIm1xUmVxdWVzdHMiOnsiYmFzZSI6MCwiYWRkT24iOjB9LCJleHRlcm5hbElkZW50aXR5Ijp0cnVlLCJtcUFkdmFuY2VkRmVhdHVyZXMiOnsiZW5hYmxlZCI6ZmFsc2V9LCJ2cGNzIjp7ImFzc2lnbmVkIjowLCJyZWFzc2lnbmVkIjowfSwiaHlicmlkSW5zaWdodCI6ZmFsc2UsImRlc2lnbkNlbnRlciI6eyJtb3phcnQiOmZhbHNlLCJhcGkiOmZhbHNlfSwib2JqZWN0U3RvcmVSZXF1ZXN0VW5pdHMiOnsiYmFzZSI6MTUwMDAwMDAsImFkZE9uIjowfSwib2JqZWN0U3RvcmVLZXlzIjp7ImJhc2UiOjEwMDAwMCwiYWRkT24iOjB9LCJjYW0iOnsiZW5hYmxlZCI6ZmFsc2V9LCJsb2FkQmFsYW5jZXIiOnsiYXNzaWduZWQiOjAsInJlYXNzaWduZWQiOjB9LCJtZXNzYWdpbmciOnsiYXNzaWduZWQiOjB9fSwiZXh0ZXJuYWxBdXRob3JpemF0aW9uIjp0cnVlLCJleHRlcm5hbEF1dGhvcml6YXRpb25Qcm92aWRlciI6eyJuYW1lIjoiUG9ydGFsIEFwcGxpY2F0aW9uIE1hbmFnZW1lbnQgU3lzdGVtIChQQU1TKSIsInVybCI6Imh0dHBzOi8vd3NneC10ZXN0LmNpc2NvLmNvbS9wYW1zL2x0L2NlcG1TZXJ2aWNlL3YxLjUvbWdyc3J2cyIsInZlcnNpb24iOiIxLjUifSwiaWRlbnRpdHlNYW5hZ2VtZW50Ijp7InR5cGUiOiJQaW5nRmVkZXJhdGUifSwib2F1dGgyU2V0dGluZ3MiOnsiYXV0aG9yaXphdGlvbkdyYW50cyI6WyJjb2RlIiwidG9rZW4iLCJvd25lciIsImNyZWRlbnRpYWxzIl0sImF1dGhvcml6YXRpb25VcmkiOiJodHRwczovL2Nsb3Vkc3NvLXRlc3QuY2lzY28uY29tL2FzL2F1dGhvcml6YXRpb24ub2F1dGgyIiwiYWNjZXNzVG9rZW5VcmkiOiJodHRwczovL2Nsb3Vkc3NvLXRlc3QuY2lzY28uY29tL2FzL3Rva2VuLm9hdXRoMiIsImdyYW50VHlwZXMiOlt7Im5hbWUiOiJwYXNzd29yZCIsImxhYmVsIjoiUmVzb3VyY2UgT3duZXIgR3JhbnQiLCJyZXF1aXJlZCI6ZmFsc2UsImV4Y2x1ZGUiOltdLCJkZXBlbmRzIjpbXX0seyJuYW1lIjoiaW1wbGljaXQiLCJsYWJlbCI6IkltcGxpY2l0IEdyYW50IiwicmVxdWlyZWQiOmZhbHNlLCJleGNsdWRlIjpbXSwiZGVwZW5kcyI6W119LHsibmFtZSI6ImNsaWVudF9jcmVkZW50aWFscyIsImxhYmVsIjoiQ2xpZW50IENyZWRlbnRpYWxzIEdyYW50IiwicmVxdWlyZWQiOmZhbHNlLCJleGNsdWRlIjpbXSwiZGVwZW5kcyI6W119LHsibmFtZSI6ImF1dGhvcml6YXRpb25fY29kZSIsImxhYmVsIjoiQXV0aG9yaXphdGlvbiBDb2RlIEdyYW50IiwicmVxdWlyZWQiOmZhbHNlLCJleGNsdWRlIjpbXSwiZGVwZW5kcyI6W119LHsibmFtZSI6InJlZnJlc2hfdG9rZW4iLCJsYWJlbCI6IlJlZnJlc2ggVG9rZW4iLCJyZXF1aXJlZCI6ZmFsc2UsImV4Y2x1ZGUiOltdLCJkZXBlbmRzIjpbImF1dGhvcml6YXRpb25fY29kZSIsInBhc3N3b3JkIl19XX19LCJpbnRlcmFjdGl2ZUxvZ2luIjp0cnVlLCJ0b2tlbiI6ImEyYzg0ODE1LThjYjgtNGE3Ni1iNmU0LTg4MGM3ZTc2MGNlYiIsImlhdCI6MTQ4NjU4Njc4OCwiYXVkIjoiaHR0cDovL2FwaS1wbGF0Zm9ybS1hcGkvcmVwb3NpdG9yeSIsImlzcyI6Imh0dHA6Ly9hcGktcGxhdGZvcm0tYXBpL3JlcG9zaXRvcnkifQ.YOsto-KJMgjQZxFXe6FFipYd8TIh4P1HIlJ5Tg6a9Ps
				Accept=*/*
				Content-Type=text/plain; charset=UTF-8
Cookies:		&lt;none&gt;
Body:			&lt;none&gt;
Request method:	DELETE
Request path:	https://qax.anypoint.mulesoft.com/apiplatform/repository/applications/43384
Proxy:			&lt;none&gt;
Request params:	&lt;none&gt;
Query params:	&lt;none&gt;
Form params:	&lt;none&gt;
Path params:	&lt;none&gt;
Multiparts:		&lt;none&gt;
Headers:		Authorization=Bearer eyJ0eXAiOiJKV1QiLCJhbGciOiJIUzI1NiJ9.eyJpZCI6IjUwMDAzN2NkLTJjZmQtNGRhNC1iZWQ3LTU3Mzg0ZGViMDYyYiIsImZpcnN0TmFtZSI6IkZlZGVyYXRlZCIsImxhc3ROYW1lIjoiRXh0ZXJuYWwiLCJlbWFpbCI6ImNocmlzdG9waGVyLm1vcmR1ZUBtdWxlc29mdC5jb20iLCJ1c2VybmFtZSI6ImZlZGVyYXRlZF9leHRlcm5hbCIsIm9yZ2FuaXphdGlvbiI6eyJpZCI6IjUwMDBkYjk1LWM1ZDQtNDg3Zi05MjVlLTNmODJmMTVhNTQ5OSIsIm5hbWUiOiJGZWRlcmF0ZWQgSW5jIEV4dGVybmFsIEF1dGhvcml6YXRpb24iLCJkb21haW4iOiJmZWRlcmF0ZWQtZXh0ZXJuYWwiLCJlbnRpdGxlbWVudHMiOnsiaHlicmlkIjp7ImVuYWJsZWQiOmZhbHNlfSwiY3JlYXRlU3ViT3JncyI6dHJ1ZSwidkNvcmVzUHJvZHVjdGlvbiI6eyJhc3NpZ25lZCI6MSwicmVhc3NpZ25lZCI6MH0sInZDb3Jlc1NhbmRib3giOnsiYXNzaWduZWQiOjEsInJlYXNzaWduZWQiOjB9LCJnbG9iYWxEZXBsb3ltZW50IjpmYWxzZSwid29ya2VyTG9nZ2luZ092ZXJyaWRlIjp7ImVuYWJsZWQiOmZhbHNlfSwiZ2F0ZXdheXMiOnsiYXNzaWduZWQiOjB9LCJjcmVhdGVFbnZpcm9ubWVudHMiOnRydWUsInBhcnRuZXJzUHJvZHVjdGlvbiI6eyJhc3NpZ25lZCI6MH0sInBhcnRuZXJzU2FuZGJveCI6eyJhc3NpZ25lZCI6MH0sImF1dG9zY2FsaW5nIjpmYWxzZSwic3RhdGljSXBzIjp7ImFzc2lnbmVkIjowLCJyZWFzc2lnbmVkIjowfSwiYXJtQWxlcnRzIjpmYWxzZSwiYXBpcyI6eyJlbmFibGVkIjp0cnVlfSwibXFNZXNzYWdlcyI6eyJiYXNlIjowLCJhZGRPbiI6MH0sIm1xUmVxdWVzdHMiOnsiYmFzZSI6MCwiYWRkT24iOjB9LCJleHRlcm5hbElkZW50aXR5Ijp0cnVlLCJtcUFkdmFuY2VkRmVhdHVyZXMiOnsiZW5hYmxlZCI6ZmFsc2V9LCJ2cGNzIjp7ImFzc2lnbmVkIjowLCJyZWFzc2lnbmVkIjowfSwiaHlicmlkSW5zaWdodCI6ZmFsc2UsImRlc2lnbkNlbnRlciI6eyJtb3phcnQiOmZhbHNlLCJhcGkiOmZhbHNlfSwib2JqZWN0U3RvcmVSZXF1ZXN0VW5pdHMiOnsiYmFzZSI6MTUwMDAwMDAsImFkZE9uIjowfSwib2JqZWN0U3RvcmVLZXlzIjp7ImJhc2UiOjEwMDAwMCwiYWRkT24iOjB9LCJjYW0iOnsiZW5hYmxlZCI6ZmFsc2V9LCJsb2FkQmFsYW5jZXIiOnsiYXNzaWduZWQiOjAsInJlYXNzaWduZWQiOjB9LCJtZXNzYWdpbmciOnsiYXNzaWduZWQiOjB9fSwiZXh0ZXJuYWxBdXRob3JpemF0aW9uIjp0cnVlLCJleHRlcm5hbEF1dGhvcml6YXRpb25Qcm92aWRlciI6eyJuYW1lIjoiUG9ydGFsIEFwcGxpY2F0aW9uIE1hbmFnZW1lbnQgU3lzdGVtIChQQU1TKSIsInVybCI6Imh0dHBzOi8vd3NneC10ZXN0LmNpc2NvLmNvbS9wYW1zL2x0L2NlcG1TZXJ2aWNlL3YxLjUvbWdyc3J2cyIsInZlcnNpb24iOiIxLjUifSwiaWRlbnRpdHlNYW5hZ2VtZW50Ijp7InR5cGUiOiJQaW5nRmVkZXJhdGUifSwib2F1dGgyU2V0dGluZ3MiOnsiYXV0aG9yaXphdGlvbkdyYW50cyI6WyJjb2RlIiwidG9rZW4iLCJvd25lciIsImNyZWRlbnRpYWxzIl0sImF1dGhvcml6YXRpb25VcmkiOiJodHRwczovL2Nsb3Vkc3NvLXRlc3QuY2lzY28uY29tL2FzL2F1dGhvcml6YXRpb24ub2F1dGgyIiwiYWNjZXNzVG9rZW5VcmkiOiJodHRwczovL2Nsb3Vkc3NvLXRlc3QuY2lzY28uY29tL2FzL3Rva2VuLm9hdXRoMiIsImdyYW50VHlwZXMiOlt7Im5hbWUiOiJwYXNzd29yZCIsImxhYmVsIjoiUmVzb3VyY2UgT3duZXIgR3JhbnQiLCJyZXF1aXJlZCI6ZmFsc2UsImV4Y2x1ZGUiOltdLCJkZXBlbmRzIjpbXX0seyJuYW1lIjoiaW1wbGljaXQiLCJsYWJlbCI6IkltcGxpY2l0IEdyYW50IiwicmVxdWlyZWQiOmZhbHNlLCJleGNsdWRlIjpbXSwiZGVwZW5kcyI6W119LHsibmFtZSI6ImNsaWVudF9jcmVkZW50aWFscyIsImxhYmVsIjoiQ2xpZW50IENyZWRlbnRpYWxzIEdyYW50IiwicmVxdWlyZWQiOmZhbHNlLCJleGNsdWRlIjpbXSwiZGVwZW5kcyI6W119LHsibmFtZSI6ImF1dGhvcml6YXRpb25fY29kZSIsImxhYmVsIjoiQXV0aG9yaXphdGlvbiBDb2RlIEdyYW50IiwicmVxdWlyZWQiOmZhbHNlLCJleGNsdWRlIjpbXSwiZGVwZW5kcyI6W119LHsibmFtZSI6InJlZnJlc2hfdG9rZW4iLCJsYWJlbCI6IlJlZnJlc2ggVG9rZW4iLCJyZXF1aXJlZCI6ZmFsc2UsImV4Y2x1ZGUiOltdLCJkZXBlbmRzIjpbImF1dGhvcml6YXRpb25fY29kZSIsInBhc3N3b3JkIl19XX19LCJpbnRlcmFjdGl2ZUxvZ2luIjp0cnVlLCJ0b2tlbiI6ImEyYzg0ODE1LThjYjgtNGE3Ni1iNmU0LTg4MGM3ZTc2MGNlYiIsImlhdCI6MTQ4NjU4Njc4OCwiYXVkIjoiaHR0cDovL2FwaS1wbGF0Zm9ybS1hcGkvcmVwb3NpdG9yeSIsImlzcyI6Imh0dHA6Ly9hcGktcGxhdGZvcm0tYXBpL3JlcG9zaXRvcnkifQ.YOsto-KJMgjQZxFXe6FFipYd8TIh4P1HIlJ5Tg6a9Ps
				Accept=*/*
				Content-Type=text/plain; charset=UTF-8
Cookies:		&lt;none&gt;
Body:			&lt;none&gt;
Request method:	DELETE
Request path:	https://qax.anypoint.mulesoft.com/apiplatform/repository/applications/43334
Proxy:			&lt;none&gt;
Request params:	&lt;none&gt;
Query params:	&lt;none&gt;
Form params:	&lt;none&gt;
Path params:	&lt;none&gt;
Multiparts:		&lt;none&gt;
Headers:		Authorization=Bearer eyJ0eXAiOiJKV1QiLCJhbGciOiJIUzI1NiJ9.eyJpZCI6IjUwMDAzN2NkLTJjZmQtNGRhNC1iZWQ3LTU3Mzg0ZGViMDYyYiIsImZpcnN0TmFtZSI6IkZlZGVyYXRlZCIsImxhc3ROYW1lIjoiRXh0ZXJuYWwiLCJlbWFpbCI6ImNocmlzdG9waGVyLm1vcmR1ZUBtdWxlc29mdC5jb20iLCJ1c2VybmFtZSI6ImZlZGVyYXRlZF9leHRlcm5hbCIsIm9yZ2FuaXphdGlvbiI6eyJpZCI6IjUwMDBkYjk1LWM1ZDQtNDg3Zi05MjVlLTNmODJmMTVhNTQ5OSIsIm5hbWUiOiJGZWRlcmF0ZWQgSW5jIEV4dGVybmFsIEF1dGhvcml6YXRpb24iLCJkb21haW4iOiJmZWRlcmF0ZWQtZXh0ZXJuYWwiLCJlbnRpdGxlbWVudHMiOnsiaHlicmlkIjp7ImVuYWJsZWQiOmZhbHNlfSwiY3JlYXRlU3ViT3JncyI6dHJ1ZSwidkNvcmVzUHJvZHVjdGlvbiI6eyJhc3NpZ25lZCI6MSwicmVhc3NpZ25lZCI6MH0sInZDb3Jlc1NhbmRib3giOnsiYXNzaWduZWQiOjEsInJlYXNzaWduZWQiOjB9LCJnbG9iYWxEZXBsb3ltZW50IjpmYWxzZSwid29ya2VyTG9nZ2luZ092ZXJyaWRlIjp7ImVuYWJsZWQiOmZhbHNlfSwiZ2F0ZXdheXMiOnsiYXNzaWduZWQiOjB9LCJjcmVhdGVFbnZpcm9ubWVudHMiOnRydWUsInBhcnRuZXJzUHJvZHVjdGlvbiI6eyJhc3NpZ25lZCI6MH0sInBhcnRuZXJzU2FuZGJveCI6eyJhc3NpZ25lZCI6MH0sImF1dG9zY2FsaW5nIjpmYWxzZSwic3RhdGljSXBzIjp7ImFzc2lnbmVkIjowLCJyZWFzc2lnbmVkIjowfSwiYXJtQWxlcnRzIjpmYWxzZSwiYXBpcyI6eyJlbmFibGVkIjp0cnVlfSwibXFNZXNzYWdlcyI6eyJiYXNlIjowLCJhZGRPbiI6MH0sIm1xUmVxdWVzdHMiOnsiYmFzZSI6MCwiYWRkT24iOjB9LCJleHRlcm5hbElkZW50aXR5Ijp0cnVlLCJtcUFkdmFuY2VkRmVhdHVyZXMiOnsiZW5hYmxlZCI6ZmFsc2V9LCJ2cGNzIjp7ImFzc2lnbmVkIjowLCJyZWFzc2lnbmVkIjowfSwiaHlicmlkSW5zaWdodCI6ZmFsc2UsImRlc2lnbkNlbnRlciI6eyJtb3phcnQiOmZhbHNlLCJhcGkiOmZhbHNlfSwib2JqZWN0U3RvcmVSZXF1ZXN0VW5pdHMiOnsiYmFzZSI6MTUwMDAwMDAsImFkZE9uIjowfSwib2JqZWN0U3RvcmVLZXlzIjp7ImJhc2UiOjEwMDAwMCwiYWRkT24iOjB9LCJjYW0iOnsiZW5hYmxlZCI6ZmFsc2V9LCJsb2FkQmFsYW5jZXIiOnsiYXNzaWduZWQiOjAsInJlYXNzaWduZWQiOjB9LCJtZXNzYWdpbmciOnsiYXNzaWduZWQiOjB9fSwiZXh0ZXJuYWxBdXRob3JpemF0aW9uIjp0cnVlLCJleHRlcm5hbEF1dGhvcml6YXRpb25Qcm92aWRlciI6eyJuYW1lIjoiUG9ydGFsIEFwcGxpY2F0aW9uIE1hbmFnZW1lbnQgU3lzdGVtIChQQU1TKSIsInVybCI6Imh0dHBzOi8vd3NneC10ZXN0LmNpc2NvLmNvbS9wYW1zL2x0L2NlcG1TZXJ2aWNlL3YxLjUvbWdyc3J2cyIsInZlcnNpb24iOiIxLjUifSwiaWRlbnRpdHlNYW5hZ2VtZW50Ijp7InR5cGUiOiJQaW5nRmVkZXJhdGUifSwib2F1dGgyU2V0dGluZ3MiOnsiYXV0aG9yaXphdGlvbkdyYW50cyI6WyJjb2RlIiwidG9rZW4iLCJvd25lciIsImNyZWRlbnRpYWxzIl0sImF1dGhvcml6YXRpb25VcmkiOiJodHRwczovL2Nsb3Vkc3NvLXRlc3QuY2lzY28uY29tL2FzL2F1dGhvcml6YXRpb24ub2F1dGgyIiwiYWNjZXNzVG9rZW5VcmkiOiJodHRwczovL2Nsb3Vkc3NvLXRlc3QuY2lzY28uY29tL2FzL3Rva2VuLm9hdXRoMiIsImdyYW50VHlwZXMiOlt7Im5hbWUiOiJwYXNzd29yZCIsImxhYmVsIjoiUmVzb3VyY2UgT3duZXIgR3JhbnQiLCJyZXF1aXJlZCI6ZmFsc2UsImV4Y2x1ZGUiOltdLCJkZXBlbmRzIjpbXX0seyJuYW1lIjoiaW1wbGljaXQiLCJsYWJlbCI6IkltcGxpY2l0IEdyYW50IiwicmVxdWlyZWQiOmZhbHNlLCJleGNsdWRlIjpbXSwiZGVwZW5kcyI6W119LHsibmFtZSI6ImNsaWVudF9jcmVkZW50aWFscyIsImxhYmVsIjoiQ2xpZW50IENyZWRlbnRpYWxzIEdyYW50IiwicmVxdWlyZWQiOmZhbHNlLCJleGNsdWRlIjpbXSwiZGVwZW5kcyI6W119LHsibmFtZSI6ImF1dGhvcml6YXRpb25fY29kZSIsImxhYmVsIjoiQXV0aG9yaXphdGlvbiBDb2RlIEdyYW50IiwicmVxdWlyZWQiOmZhbHNlLCJleGNsdWRlIjpbXSwiZGVwZW5kcyI6W119LHsibmFtZSI6InJlZnJlc2hfdG9rZW4iLCJsYWJlbCI6IlJlZnJlc2ggVG9rZW4iLCJyZXF1aXJlZCI6ZmFsc2UsImV4Y2x1ZGUiOltdLCJkZXBlbmRzIjpbImF1dGhvcml6YXRpb25fY29kZSIsInBhc3N3b3JkIl19XX19LCJpbnRlcmFjdGl2ZUxvZ2luIjp0cnVlLCJ0b2tlbiI6ImEyYzg0ODE1LThjYjgtNGE3Ni1iNmU0LTg4MGM3ZTc2MGNlYiIsImlhdCI6MTQ4NjU4Njc4OCwiYXVkIjoiaHR0cDovL2FwaS1wbGF0Zm9ybS1hcGkvcmVwb3NpdG9yeSIsImlzcyI6Imh0dHA6Ly9hcGktcGxhdGZvcm0tYXBpL3JlcG9zaXRvcnkifQ.YOsto-KJMgjQZxFXe6FFipYd8TIh4P1HIlJ5Tg6a9Ps
				Accept=*/*
				Content-Type=text/plain; charset=UTF-8
Cookies:		&lt;none&gt;
Body:			&lt;none&gt;
Request method:	DELETE
Request path:	https://qax.anypoint.mulesoft.com/apiplatform/repository/applications/43352
Proxy:			&lt;none&gt;
Request params:	&lt;none&gt;
Query params:	&lt;none&gt;
Form params:	&lt;none&gt;
Path params:	&lt;none&gt;
Multiparts:		&lt;none&gt;
Headers:		Authorization=Bearer eyJ0eXAiOiJKV1QiLCJhbGciOiJIUzI1NiJ9.eyJpZCI6IjUwMDAzN2NkLTJjZmQtNGRhNC1iZWQ3LTU3Mzg0ZGViMDYyYiIsImZpcnN0TmFtZSI6IkZlZGVyYXRlZCIsImxhc3ROYW1lIjoiRXh0ZXJuYWwiLCJlbWFpbCI6ImNocmlzdG9waGVyLm1vcmR1ZUBtdWxlc29mdC5jb20iLCJ1c2VybmFtZSI6ImZlZGVyYXRlZF9leHRlcm5hbCIsIm9yZ2FuaXphdGlvbiI6eyJpZCI6IjUwMDBkYjk1LWM1ZDQtNDg3Zi05MjVlLTNmODJmMTVhNTQ5OSIsIm5hbWUiOiJGZWRlcmF0ZWQgSW5jIEV4dGVybmFsIEF1dGhvcml6YXRpb24iLCJkb21haW4iOiJmZWRlcmF0ZWQtZXh0ZXJuYWwiLCJlbnRpdGxlbWVudHMiOnsiaHlicmlkIjp7ImVuYWJsZWQiOmZhbHNlfSwiY3JlYXRlU3ViT3JncyI6dHJ1ZSwidkNvcmVzUHJvZHVjdGlvbiI6eyJhc3NpZ25lZCI6MSwicmVhc3NpZ25lZCI6MH0sInZDb3Jlc1NhbmRib3giOnsiYXNzaWduZWQiOjEsInJlYXNzaWduZWQiOjB9LCJnbG9iYWxEZXBsb3ltZW50IjpmYWxzZSwid29ya2VyTG9nZ2luZ092ZXJyaWRlIjp7ImVuYWJsZWQiOmZhbHNlfSwiZ2F0ZXdheXMiOnsiYXNzaWduZWQiOjB9LCJjcmVhdGVFbnZpcm9ubWVudHMiOnRydWUsInBhcnRuZXJzUHJvZHVjdGlvbiI6eyJhc3NpZ25lZCI6MH0sInBhcnRuZXJzU2FuZGJveCI6eyJhc3NpZ25lZCI6MH0sImF1dG9zY2FsaW5nIjpmYWxzZSwic3RhdGljSXBzIjp7ImFzc2lnbmVkIjowLCJyZWFzc2lnbmVkIjowfSwiYXJtQWxlcnRzIjpmYWxzZSwiYXBpcyI6eyJlbmFibGVkIjp0cnVlfSwibXFNZXNzYWdlcyI6eyJiYXNlIjowLCJhZGRPbiI6MH0sIm1xUmVxdWVzdHMiOnsiYmFzZSI6MCwiYWRkT24iOjB9LCJleHRlcm5hbElkZW50aXR5Ijp0cnVlLCJtcUFkdmFuY2VkRmVhdHVyZXMiOnsiZW5hYmxlZCI6ZmFsc2V9LCJ2cGNzIjp7ImFzc2lnbmVkIjowLCJyZWFzc2lnbmVkIjowfSwiaHlicmlkSW5zaWdodCI6ZmFsc2UsImRlc2lnbkNlbnRlciI6eyJtb3phcnQiOmZhbHNlLCJhcGkiOmZhbHNlfSwib2JqZWN0U3RvcmVSZXF1ZXN0VW5pdHMiOnsiYmFzZSI6MTUwMDAwMDAsImFkZE9uIjowfSwib2JqZWN0U3RvcmVLZXlzIjp7ImJhc2UiOjEwMDAwMCwiYWRkT24iOjB9LCJjYW0iOnsiZW5hYmxlZCI6ZmFsc2V9LCJsb2FkQmFsYW5jZXIiOnsiYXNzaWduZWQiOjAsInJlYXNzaWduZWQiOjB9LCJtZXNzYWdpbmciOnsiYXNzaWduZWQiOjB9fSwiZXh0ZXJuYWxBdXRob3JpemF0aW9uIjp0cnVlLCJleHRlcm5hbEF1dGhvcml6YXRpb25Qcm92aWRlciI6eyJuYW1lIjoiUG9ydGFsIEFwcGxpY2F0aW9uIE1hbmFnZW1lbnQgU3lzdGVtIChQQU1TKSIsInVybCI6Imh0dHBzOi8vd3NneC10ZXN0LmNpc2NvLmNvbS9wYW1zL2x0L2NlcG1TZXJ2aWNlL3YxLjUvbWdyc3J2cyIsInZlcnNpb24iOiIxLjUifSwiaWRlbnRpdHlNYW5hZ2VtZW50Ijp7InR5cGUiOiJQaW5nRmVkZXJhdGUifSwib2F1dGgyU2V0dGluZ3MiOnsiYXV0aG9yaXphdGlvbkdyYW50cyI6WyJjb2RlIiwidG9rZW4iLCJvd25lciIsImNyZWRlbnRpYWxzIl0sImF1dGhvcml6YXRpb25VcmkiOiJodHRwczovL2Nsb3Vkc3NvLXRlc3QuY2lzY28uY29tL2FzL2F1dGhvcml6YXRpb24ub2F1dGgyIiwiYWNjZXNzVG9rZW5VcmkiOiJodHRwczovL2Nsb3Vkc3NvLXRlc3QuY2lzY28uY29tL2FzL3Rva2VuLm9hdXRoMiIsImdyYW50VHlwZXMiOlt7Im5hbWUiOiJwYXNzd29yZCIsImxhYmVsIjoiUmVzb3VyY2UgT3duZXIgR3JhbnQiLCJyZXF1aXJlZCI6ZmFsc2UsImV4Y2x1ZGUiOltdLCJkZXBlbmRzIjpbXX0seyJuYW1lIjoiaW1wbGljaXQiLCJsYWJlbCI6IkltcGxpY2l0IEdyYW50IiwicmVxdWlyZWQiOmZhbHNlLCJleGNsdWRlIjpbXSwiZGVwZW5kcyI6W119LHsibmFtZSI6ImNsaWVudF9jcmVkZW50aWFscyIsImxhYmVsIjoiQ2xpZW50IENyZWRlbnRpYWxzIEdyYW50IiwicmVxdWlyZWQiOmZhbHNlLCJleGNsdWRlIjpbXSwiZGVwZW5kcyI6W119LHsibmFtZSI6ImF1dGhvcml6YXRpb25fY29kZSIsImxhYmVsIjoiQXV0aG9yaXphdGlvbiBDb2RlIEdyYW50IiwicmVxdWlyZWQiOmZhbHNlLCJleGNsdWRlIjpbXSwiZGVwZW5kcyI6W119LHsibmFtZSI6InJlZnJlc2hfdG9rZW4iLCJsYWJlbCI6IlJlZnJlc2ggVG9rZW4iLCJyZXF1aXJlZCI6ZmFsc2UsImV4Y2x1ZGUiOltdLCJkZXBlbmRzIjpbImF1dGhvcml6YXRpb25fY29kZSIsInBhc3N3b3JkIl19XX19LCJpbnRlcmFjdGl2ZUxvZ2luIjp0cnVlLCJ0b2tlbiI6ImEyYzg0ODE1LThjYjgtNGE3Ni1iNmU0LTg4MGM3ZTc2MGNlYiIsImlhdCI6MTQ4NjU4Njc4OCwiYXVkIjoiaHR0cDovL2FwaS1wbGF0Zm9ybS1hcGkvcmVwb3NpdG9yeSIsImlzcyI6Imh0dHA6Ly9hcGktcGxhdGZvcm0tYXBpL3JlcG9zaXRvcnkifQ.YOsto-KJMgjQZxFXe6FFipYd8TIh4P1HIlJ5Tg6a9Ps
				Accept=*/*
				Content-Type=text/plain; charset=UTF-8
Cookies:		&lt;none&gt;
Body:			&lt;none&gt;
Request method:	DELETE
Request path:	https://qax.anypoint.mulesoft.com/apiplatform/repository/applications/43367
Proxy:			&lt;none&gt;
Request params:	&lt;none&gt;
Query params:	&lt;none&gt;
Form params:	&lt;none&gt;
Path params:	&lt;none&gt;
Multiparts:		&lt;none&gt;
Headers:		Authorization=Bearer eyJ0eXAiOiJKV1QiLCJhbGciOiJIUzI1NiJ9.eyJpZCI6IjUwMDAzN2NkLTJjZmQtNGRhNC1iZWQ3LTU3Mzg0ZGViMDYyYiIsImZpcnN0TmFtZSI6IkZlZGVyYXRlZCIsImxhc3ROYW1lIjoiRXh0ZXJuYWwiLCJlbWFpbCI6ImNocmlzdG9waGVyLm1vcmR1ZUBtdWxlc29mdC5jb20iLCJ1c2VybmFtZSI6ImZlZGVyYXRlZF9leHRlcm5hbCIsIm9yZ2FuaXphdGlvbiI6eyJpZCI6IjUwMDBkYjk1LWM1ZDQtNDg3Zi05MjVlLTNmODJmMTVhNTQ5OSIsIm5hbWUiOiJGZWRlcmF0ZWQgSW5jIEV4dGVybmFsIEF1dGhvcml6YXRpb24iLCJkb21haW4iOiJmZWRlcmF0ZWQtZXh0ZXJuYWwiLCJlbnRpdGxlbWVudHMiOnsiaHlicmlkIjp7ImVuYWJsZWQiOmZhbHNlfSwiY3JlYXRlU3ViT3JncyI6dHJ1ZSwidkNvcmVzUHJvZHVjdGlvbiI6eyJhc3NpZ25lZCI6MSwicmVhc3NpZ25lZCI6MH0sInZDb3Jlc1NhbmRib3giOnsiYXNzaWduZWQiOjEsInJlYXNzaWduZWQiOjB9LCJnbG9iYWxEZXBsb3ltZW50IjpmYWxzZSwid29ya2VyTG9nZ2luZ092ZXJyaWRlIjp7ImVuYWJsZWQiOmZhbHNlfSwiZ2F0ZXdheXMiOnsiYXNzaWduZWQiOjB9LCJjcmVhdGVFbnZpcm9ubWVudHMiOnRydWUsInBhcnRuZXJzUHJvZHVjdGlvbiI6eyJhc3NpZ25lZCI6MH0sInBhcnRuZXJzU2FuZGJveCI6eyJhc3NpZ25lZCI6MH0sImF1dG9zY2FsaW5nIjpmYWxzZSwic3RhdGljSXBzIjp7ImFzc2lnbmVkIjowLCJyZWFzc2lnbmVkIjowfSwiYXJtQWxlcnRzIjpmYWxzZSwiYXBpcyI6eyJlbmFibGVkIjp0cnVlfSwibXFNZXNzYWdlcyI6eyJiYXNlIjowLCJhZGRPbiI6MH0sIm1xUmVxdWVzdHMiOnsiYmFzZSI6MCwiYWRkT24iOjB9LCJleHRlcm5hbElkZW50aXR5Ijp0cnVlLCJtcUFkdmFuY2VkRmVhdHVyZXMiOnsiZW5hYmxlZCI6ZmFsc2V9LCJ2cGNzIjp7ImFzc2lnbmVkIjowLCJyZWFzc2lnbmVkIjowfSwiaHlicmlkSW5zaWdodCI6ZmFsc2UsImRlc2lnbkNlbnRlciI6eyJtb3phcnQiOmZhbHNlLCJhcGkiOmZhbHNlfSwib2JqZWN0U3RvcmVSZXF1ZXN0VW5pdHMiOnsiYmFzZSI6MTUwMDAwMDAsImFkZE9uIjowfSwib2JqZWN0U3RvcmVLZXlzIjp7ImJhc2UiOjEwMDAwMCwiYWRkT24iOjB9LCJjYW0iOnsiZW5hYmxlZCI6ZmFsc2V9LCJsb2FkQmFsYW5jZXIiOnsiYXNzaWduZWQiOjAsInJlYXNzaWduZWQiOjB9LCJtZXNzYWdpbmciOnsiYXNzaWduZWQiOjB9fSwiZXh0ZXJuYWxBdXRob3JpemF0aW9uIjp0cnVlLCJleHRlcm5hbEF1dGhvcml6YXRpb25Qcm92aWRlciI6eyJuYW1lIjoiUG9ydGFsIEFwcGxpY2F0aW9uIE1hbmFnZW1lbnQgU3lzdGVtIChQQU1TKSIsInVybCI6Imh0dHBzOi8vd3NneC10ZXN0LmNpc2NvLmNvbS9wYW1zL2x0L2NlcG1TZXJ2aWNlL3YxLjUvbWdyc3J2cyIsInZlcnNpb24iOiIxLjUifSwiaWRlbnRpdHlNYW5hZ2VtZW50Ijp7InR5cGUiOiJQaW5nRmVkZXJhdGUifSwib2F1dGgyU2V0dGluZ3MiOnsiYXV0aG9yaXphdGlvbkdyYW50cyI6WyJjb2RlIiwidG9rZW4iLCJvd25lciIsImNyZWRlbnRpYWxzIl0sImF1dGhvcml6YXRpb25VcmkiOiJodHRwczovL2Nsb3Vkc3NvLXRlc3QuY2lzY28uY29tL2FzL2F1dGhvcml6YXRpb24ub2F1dGgyIiwiYWNjZXNzVG9rZW5VcmkiOiJodHRwczovL2Nsb3Vkc3NvLXRlc3QuY2lzY28uY29tL2FzL3Rva2VuLm9hdXRoMiIsImdyYW50VHlwZXMiOlt7Im5hbWUiOiJwYXNzd29yZCIsImxhYmVsIjoiUmVzb3VyY2UgT3duZXIgR3JhbnQiLCJyZXF1aXJlZCI6ZmFsc2UsImV4Y2x1ZGUiOltdLCJkZXBlbmRzIjpbXX0seyJuYW1lIjoiaW1wbGljaXQiLCJsYWJlbCI6IkltcGxpY2l0IEdyYW50IiwicmVxdWlyZWQiOmZhbHNlLCJleGNsdWRlIjpbXSwiZGVwZW5kcyI6W119LHsibmFtZSI6ImNsaWVudF9jcmVkZW50aWFscyIsImxhYmVsIjoiQ2xpZW50IENyZWRlbnRpYWxzIEdyYW50IiwicmVxdWlyZWQiOmZhbHNlLCJleGNsdWRlIjpbXSwiZGVwZW5kcyI6W119LHsibmFtZSI6ImF1dGhvcml6YXRpb25fY29kZSIsImxhYmVsIjoiQXV0aG9yaXphdGlvbiBDb2RlIEdyYW50IiwicmVxdWlyZWQiOmZhbHNlLCJleGNsdWRlIjpbXSwiZGVwZW5kcyI6W119LHsibmFtZSI6InJlZnJlc2hfdG9rZW4iLCJsYWJlbCI6IlJlZnJlc2ggVG9rZW4iLCJyZXF1aXJlZCI6ZmFsc2UsImV4Y2x1ZGUiOltdLCJkZXBlbmRzIjpbImF1dGhvcml6YXRpb25fY29kZSIsInBhc3N3b3JkIl19XX19LCJpbnRlcmFjdGl2ZUxvZ2luIjp0cnVlLCJ0b2tlbiI6ImEyYzg0ODE1LThjYjgtNGE3Ni1iNmU0LTg4MGM3ZTc2MGNlYiIsImlhdCI6MTQ4NjU4Njc4OCwiYXVkIjoiaHR0cDovL2FwaS1wbGF0Zm9ybS1hcGkvcmVwb3NpdG9yeSIsImlzcyI6Imh0dHA6Ly9hcGktcGxhdGZvcm0tYXBpL3JlcG9zaXRvcnkifQ.YOsto-KJMgjQZxFXe6FFipYd8TIh4P1HIlJ5Tg6a9Ps
				Accept=*/*
				Content-Type=text/plain; charset=UTF-8
Cookies:		&lt;none&gt;
Body:			&lt;none&gt;
Request method:	DELETE
Request path:	https://qax.anypoint.mulesoft.com/apiplatform/repository/applications/43366
Proxy:			&lt;none&gt;
Request params:	&lt;none&gt;
Query params:	&lt;none&gt;
Form params:	&lt;none&gt;
Path params:	&lt;none&gt;
Multiparts:		&lt;none&gt;
Headers:		Authorization=Bearer eyJ0eXAiOiJKV1QiLCJhbGciOiJIUzI1NiJ9.eyJpZCI6IjUwMDAzN2NkLTJjZmQtNGRhNC1iZWQ3LTU3Mzg0ZGViMDYyYiIsImZpcnN0TmFtZSI6IkZlZGVyYXRlZCIsImxhc3ROYW1lIjoiRXh0ZXJuYWwiLCJlbWFpbCI6ImNocmlzdG9waGVyLm1vcmR1ZUBtdWxlc29mdC5jb20iLCJ1c2VybmFtZSI6ImZlZGVyYXRlZF9leHRlcm5hbCIsIm9yZ2FuaXphdGlvbiI6eyJpZCI6IjUwMDBkYjk1LWM1ZDQtNDg3Zi05MjVlLTNmODJmMTVhNTQ5OSIsIm5hbWUiOiJGZWRlcmF0ZWQgSW5jIEV4dGVybmFsIEF1dGhvcml6YXRpb24iLCJkb21haW4iOiJmZWRlcmF0ZWQtZXh0ZXJuYWwiLCJlbnRpdGxlbWVudHMiOnsiaHlicmlkIjp7ImVuYWJsZWQiOmZhbHNlfSwiY3JlYXRlU3ViT3JncyI6dHJ1ZSwidkNvcmVzUHJvZHVjdGlvbiI6eyJhc3NpZ25lZCI6MSwicmVhc3NpZ25lZCI6MH0sInZDb3Jlc1NhbmRib3giOnsiYXNzaWduZWQiOjEsInJlYXNzaWduZWQiOjB9LCJnbG9iYWxEZXBsb3ltZW50IjpmYWxzZSwid29ya2VyTG9nZ2luZ092ZXJyaWRlIjp7ImVuYWJsZWQiOmZhbHNlfSwiZ2F0ZXdheXMiOnsiYXNzaWduZWQiOjB9LCJjcmVhdGVFbnZpcm9ubWVudHMiOnRydWUsInBhcnRuZXJzUHJvZHVjdGlvbiI6eyJhc3NpZ25lZCI6MH0sInBhcnRuZXJzU2FuZGJveCI6eyJhc3NpZ25lZCI6MH0sImF1dG9zY2FsaW5nIjpmYWxzZSwic3RhdGljSXBzIjp7ImFzc2lnbmVkIjowLCJyZWFzc2lnbmVkIjowfSwiYXJtQWxlcnRzIjpmYWxzZSwiYXBpcyI6eyJlbmFibGVkIjp0cnVlfSwibXFNZXNzYWdlcyI6eyJiYXNlIjowLCJhZGRPbiI6MH0sIm1xUmVxdWVzdHMiOnsiYmFzZSI6MCwiYWRkT24iOjB9LCJleHRlcm5hbElkZW50aXR5Ijp0cnVlLCJtcUFkdmFuY2VkRmVhdHVyZXMiOnsiZW5hYmxlZCI6ZmFsc2V9LCJ2cGNzIjp7ImFzc2lnbmVkIjowLCJyZWFzc2lnbmVkIjowfSwiaHlicmlkSW5zaWdodCI6ZmFsc2UsImRlc2lnbkNlbnRlciI6eyJtb3phcnQiOmZhbHNlLCJhcGkiOmZhbHNlfSwib2JqZWN0U3RvcmVSZXF1ZXN0VW5pdHMiOnsiYmFzZSI6MTUwMDAwMDAsImFkZE9uIjowfSwib2JqZWN0U3RvcmVLZXlzIjp7ImJhc2UiOjEwMDAwMCwiYWRkT24iOjB9LCJjYW0iOnsiZW5hYmxlZCI6ZmFsc2V9LCJsb2FkQmFsYW5jZXIiOnsiYXNzaWduZWQiOjAsInJlYXNzaWduZWQiOjB9LCJtZXNzYWdpbmciOnsiYXNzaWduZWQiOjB9fSwiZXh0ZXJuYWxBdXRob3JpemF0aW9uIjp0cnVlLCJleHRlcm5hbEF1dGhvcml6YXRpb25Qcm92aWRlciI6eyJuYW1lIjoiUG9ydGFsIEFwcGxpY2F0aW9uIE1hbmFnZW1lbnQgU3lzdGVtIChQQU1TKSIsInVybCI6Imh0dHBzOi8vd3NneC10ZXN0LmNpc2NvLmNvbS9wYW1zL2x0L2NlcG1TZXJ2aWNlL3YxLjUvbWdyc3J2cyIsInZlcnNpb24iOiIxLjUifSwiaWRlbnRpdHlNYW5hZ2VtZW50Ijp7InR5cGUiOiJQaW5nRmVkZXJhdGUifSwib2F1dGgyU2V0dGluZ3MiOnsiYXV0aG9yaXphdGlvbkdyYW50cyI6WyJjb2RlIiwidG9rZW4iLCJvd25lciIsImNyZWRlbnRpYWxzIl0sImF1dGhvcml6YXRpb25VcmkiOiJodHRwczovL2Nsb3Vkc3NvLXRlc3QuY2lzY28uY29tL2FzL2F1dGhvcml6YXRpb24ub2F1dGgyIiwiYWNjZXNzVG9rZW5VcmkiOiJodHRwczovL2Nsb3Vkc3NvLXRlc3QuY2lzY28uY29tL2FzL3Rva2VuLm9hdXRoMiIsImdyYW50VHlwZXMiOlt7Im5hbWUiOiJwYXNzd29yZCIsImxhYmVsIjoiUmVzb3VyY2UgT3duZXIgR3JhbnQiLCJyZXF1aXJlZCI6ZmFsc2UsImV4Y2x1ZGUiOltdLCJkZXBlbmRzIjpbXX0seyJuYW1lIjoiaW1wbGljaXQiLCJsYWJlbCI6IkltcGxpY2l0IEdyYW50IiwicmVxdWlyZWQiOmZhbHNlLCJleGNsdWRlIjpbXSwiZGVwZW5kcyI6W119LHsibmFtZSI6ImNsaWVudF9jcmVkZW50aWFscyIsImxhYmVsIjoiQ2xpZW50IENyZWRlbnRpYWxzIEdyYW50IiwicmVxdWlyZWQiOmZhbHNlLCJleGNsdWRlIjpbXSwiZGVwZW5kcyI6W119LHsibmFtZSI6ImF1dGhvcml6YXRpb25fY29kZSIsImxhYmVsIjoiQXV0aG9yaXphdGlvbiBDb2RlIEdyYW50IiwicmVxdWlyZWQiOmZhbHNlLCJleGNsdWRlIjpbXSwiZGVwZW5kcyI6W119LHsibmFtZSI6InJlZnJlc2hfdG9rZW4iLCJsYWJlbCI6IlJlZnJlc2ggVG9rZW4iLCJyZXF1aXJlZCI6ZmFsc2UsImV4Y2x1ZGUiOltdLCJkZXBlbmRzIjpbImF1dGhvcml6YXRpb25fY29kZSIsInBhc3N3b3JkIl19XX19LCJpbnRlcmFjdGl2ZUxvZ2luIjp0cnVlLCJ0b2tlbiI6ImEyYzg0ODE1LThjYjgtNGE3Ni1iNmU0LTg4MGM3ZTc2MGNlYiIsImlhdCI6MTQ4NjU4Njc4OCwiYXVkIjoiaHR0cDovL2FwaS1wbGF0Zm9ybS1hcGkvcmVwb3NpdG9yeSIsImlzcyI6Imh0dHA6Ly9hcGktcGxhdGZvcm0tYXBpL3JlcG9zaXRvcnkifQ.YOsto-KJMgjQZxFXe6FFipYd8TIh4P1HIlJ5Tg6a9Ps
				Accept=*/*
				Content-Type=text/plain; charset=UTF-8
Cookies:		&lt;none&gt;
Body:			&lt;none&gt;
Request method:	DELETE
Request path:	https://qax.anypoint.mulesoft.com/apiplatform/repository/applications/43374
Proxy:			&lt;none&gt;
Request params:	&lt;none&gt;
Query params:	&lt;none&gt;
Form params:	&lt;none&gt;
Path params:	&lt;none&gt;
Multiparts:		&lt;none&gt;
Headers:		Authorization=Bearer eyJ0eXAiOiJKV1QiLCJhbGciOiJIUzI1NiJ9.eyJpZCI6IjUwMDAzN2NkLTJjZmQtNGRhNC1iZWQ3LTU3Mzg0ZGViMDYyYiIsImZpcnN0TmFtZSI6IkZlZGVyYXRlZCIsImxhc3ROYW1lIjoiRXh0ZXJuYWwiLCJlbWFpbCI6ImNocmlzdG9waGVyLm1vcmR1ZUBtdWxlc29mdC5jb20iLCJ1c2VybmFtZSI6ImZlZGVyYXRlZF9leHRlcm5hbCIsIm9yZ2FuaXphdGlvbiI6eyJpZCI6IjUwMDBkYjk1LWM1ZDQtNDg3Zi05MjVlLTNmODJmMTVhNTQ5OSIsIm5hbWUiOiJGZWRlcmF0ZWQgSW5jIEV4dGVybmFsIEF1dGhvcml6YXRpb24iLCJkb21haW4iOiJmZWRlcmF0ZWQtZXh0ZXJuYWwiLCJlbnRpdGxlbWVudHMiOnsiaHlicmlkIjp7ImVuYWJsZWQiOmZhbHNlfSwiY3JlYXRlU3ViT3JncyI6dHJ1ZSwidkNvcmVzUHJvZHVjdGlvbiI6eyJhc3NpZ25lZCI6MSwicmVhc3NpZ25lZCI6MH0sInZDb3Jlc1NhbmRib3giOnsiYXNzaWduZWQiOjEsInJlYXNzaWduZWQiOjB9LCJnbG9iYWxEZXBsb3ltZW50IjpmYWxzZSwid29ya2VyTG9nZ2luZ092ZXJyaWRlIjp7ImVuYWJsZWQiOmZhbHNlfSwiZ2F0ZXdheXMiOnsiYXNzaWduZWQiOjB9LCJjcmVhdGVFbnZpcm9ubWVudHMiOnRydWUsInBhcnRuZXJzUHJvZHVjdGlvbiI6eyJhc3NpZ25lZCI6MH0sInBhcnRuZXJzU2FuZGJveCI6eyJhc3NpZ25lZCI6MH0sImF1dG9zY2FsaW5nIjpmYWxzZSwic3RhdGljSXBzIjp7ImFzc2lnbmVkIjowLCJyZWFzc2lnbmVkIjowfSwiYXJtQWxlcnRzIjpmYWxzZSwiYXBpcyI6eyJlbmFibGVkIjp0cnVlfSwibXFNZXNzYWdlcyI6eyJiYXNlIjowLCJhZGRPbiI6MH0sIm1xUmVxdWVzdHMiOnsiYmFzZSI6MCwiYWRkT24iOjB9LCJleHRlcm5hbElkZW50aXR5Ijp0cnVlLCJtcUFkdmFuY2VkRmVhdHVyZXMiOnsiZW5hYmxlZCI6ZmFsc2V9LCJ2cGNzIjp7ImFzc2lnbmVkIjowLCJyZWFzc2lnbmVkIjowfSwiaHlicmlkSW5zaWdodCI6ZmFsc2UsImRlc2lnbkNlbnRlciI6eyJtb3phcnQiOmZhbHNlLCJhcGkiOmZhbHNlfSwib2JqZWN0U3RvcmVSZXF1ZXN0VW5pdHMiOnsiYmFzZSI6MTUwMDAwMDAsImFkZE9uIjowfSwib2JqZWN0U3RvcmVLZXlzIjp7ImJhc2UiOjEwMDAwMCwiYWRkT24iOjB9LCJjYW0iOnsiZW5hYmxlZCI6ZmFsc2V9LCJsb2FkQmFsYW5jZXIiOnsiYXNzaWduZWQiOjAsInJlYXNzaWduZWQiOjB9LCJtZXNzYWdpbmciOnsiYXNzaWduZWQiOjB9fSwiZXh0ZXJuYWxBdXRob3JpemF0aW9uIjp0cnVlLCJleHRlcm5hbEF1dGhvcml6YXRpb25Qcm92aWRlciI6eyJuYW1lIjoiUG9ydGFsIEFwcGxpY2F0aW9uIE1hbmFnZW1lbnQgU3lzdGVtIChQQU1TKSIsInVybCI6Imh0dHBzOi8vd3NneC10ZXN0LmNpc2NvLmNvbS9wYW1zL2x0L2NlcG1TZXJ2aWNlL3YxLjUvbWdyc3J2cyIsInZlcnNpb24iOiIxLjUifSwiaWRlbnRpdHlNYW5hZ2VtZW50Ijp7InR5cGUiOiJQaW5nRmVkZXJhdGUifSwib2F1dGgyU2V0dGluZ3MiOnsiYXV0aG9yaXphdGlvbkdyYW50cyI6WyJjb2RlIiwidG9rZW4iLCJvd25lciIsImNyZWRlbnRpYWxzIl0sImF1dGhvcml6YXRpb25VcmkiOiJodHRwczovL2Nsb3Vkc3NvLXRlc3QuY2lzY28uY29tL2FzL2F1dGhvcml6YXRpb24ub2F1dGgyIiwiYWNjZXNzVG9rZW5VcmkiOiJodHRwczovL2Nsb3Vkc3NvLXRlc3QuY2lzY28uY29tL2FzL3Rva2VuLm9hdXRoMiIsImdyYW50VHlwZXMiOlt7Im5hbWUiOiJwYXNzd29yZCIsImxhYmVsIjoiUmVzb3VyY2UgT3duZXIgR3JhbnQiLCJyZXF1aXJlZCI6ZmFsc2UsImV4Y2x1ZGUiOltdLCJkZXBlbmRzIjpbXX0seyJuYW1lIjoiaW1wbGljaXQiLCJsYWJlbCI6IkltcGxpY2l0IEdyYW50IiwicmVxdWlyZWQiOmZhbHNlLCJleGNsdWRlIjpbXSwiZGVwZW5kcyI6W119LHsibmFtZSI6ImNsaWVudF9jcmVkZW50aWFscyIsImxhYmVsIjoiQ2xpZW50IENyZWRlbnRpYWxzIEdyYW50IiwicmVxdWlyZWQiOmZhbHNlLCJleGNsdWRlIjpbXSwiZGVwZW5kcyI6W119LHsibmFtZSI6ImF1dGhvcml6YXRpb25fY29kZSIsImxhYmVsIjoiQXV0aG9yaXphdGlvbiBDb2RlIEdyYW50IiwicmVxdWlyZWQiOmZhbHNlLCJleGNsdWRlIjpbXSwiZGVwZW5kcyI6W119LHsibmFtZSI6InJlZnJlc2hfdG9rZW4iLCJsYWJlbCI6IlJlZnJlc2ggVG9rZW4iLCJyZXF1aXJlZCI6ZmFsc2UsImV4Y2x1ZGUiOltdLCJkZXBlbmRzIjpbImF1dGhvcml6YXRpb25fY29kZSIsInBhc3N3b3JkIl19XX19LCJpbnRlcmFjdGl2ZUxvZ2luIjp0cnVlLCJ0b2tlbiI6ImEyYzg0ODE1LThjYjgtNGE3Ni1iNmU0LTg4MGM3ZTc2MGNlYiIsImlhdCI6MTQ4NjU4Njc4OCwiYXVkIjoiaHR0cDovL2FwaS1wbGF0Zm9ybS1hcGkvcmVwb3NpdG9yeSIsImlzcyI6Imh0dHA6Ly9hcGktcGxhdGZvcm0tYXBpL3JlcG9zaXRvcnkifQ.YOsto-KJMgjQZxFXe6FFipYd8TIh4P1HIlJ5Tg6a9Ps
				Accept=*/*
				Content-Type=text/plain; charset=UTF-8
Cookies:		&lt;none&gt;
Body:			&lt;none&gt;
Request method:	DELETE
Request path:	https://qax.anypoint.mulesoft.com/apiplatform/repository/applications/43315
Proxy:			&lt;none&gt;
Request params:	&lt;none&gt;
Query params:	&lt;none&gt;
Form params:	&lt;none&gt;
Path params:	&lt;none&gt;
Multiparts:		&lt;none&gt;
Headers:		Authorization=Bearer eyJ0eXAiOiJKV1QiLCJhbGciOiJIUzI1NiJ9.eyJpZCI6IjUwMDAzN2NkLTJjZmQtNGRhNC1iZWQ3LTU3Mzg0ZGViMDYyYiIsImZpcnN0TmFtZSI6IkZlZGVyYXRlZCIsImxhc3ROYW1lIjoiRXh0ZXJuYWwiLCJlbWFpbCI6ImNocmlzdG9waGVyLm1vcmR1ZUBtdWxlc29mdC5jb20iLCJ1c2VybmFtZSI6ImZlZGVyYXRlZF9leHRlcm5hbCIsIm9yZ2FuaXphdGlvbiI6eyJpZCI6IjUwMDBkYjk1LWM1ZDQtNDg3Zi05MjVlLTNmODJmMTVhNTQ5OSIsIm5hbWUiOiJGZWRlcmF0ZWQgSW5jIEV4dGVybmFsIEF1dGhvcml6YXRpb24iLCJkb21haW4iOiJmZWRlcmF0ZWQtZXh0ZXJuYWwiLCJlbnRpdGxlbWVudHMiOnsiaHlicmlkIjp7ImVuYWJsZWQiOmZhbHNlfSwiY3JlYXRlU3ViT3JncyI6dHJ1ZSwidkNvcmVzUHJvZHVjdGlvbiI6eyJhc3NpZ25lZCI6MSwicmVhc3NpZ25lZCI6MH0sInZDb3Jlc1NhbmRib3giOnsiYXNzaWduZWQiOjEsInJlYXNzaWduZWQiOjB9LCJnbG9iYWxEZXBsb3ltZW50IjpmYWxzZSwid29ya2VyTG9nZ2luZ092ZXJyaWRlIjp7ImVuYWJsZWQiOmZhbHNlfSwiZ2F0ZXdheXMiOnsiYXNzaWduZWQiOjB9LCJjcmVhdGVFbnZpcm9ubWVudHMiOnRydWUsInBhcnRuZXJzUHJvZHVjdGlvbiI6eyJhc3NpZ25lZCI6MH0sInBhcnRuZXJzU2FuZGJveCI6eyJhc3NpZ25lZCI6MH0sImF1dG9zY2FsaW5nIjpmYWxzZSwic3RhdGljSXBzIjp7ImFzc2lnbmVkIjowLCJyZWFzc2lnbmVkIjowfSwiYXJtQWxlcnRzIjpmYWxzZSwiYXBpcyI6eyJlbmFibGVkIjp0cnVlfSwibXFNZXNzYWdlcyI6eyJiYXNlIjowLCJhZGRPbiI6MH0sIm1xUmVxdWVzdHMiOnsiYmFzZSI6MCwiYWRkT24iOjB9LCJleHRlcm5hbElkZW50aXR5Ijp0cnVlLCJtcUFkdmFuY2VkRmVhdHVyZXMiOnsiZW5hYmxlZCI6ZmFsc2V9LCJ2cGNzIjp7ImFzc2lnbmVkIjowLCJyZWFzc2lnbmVkIjowfSwiaHlicmlkSW5zaWdodCI6ZmFsc2UsImRlc2lnbkNlbnRlciI6eyJtb3phcnQiOmZhbHNlLCJhcGkiOmZhbHNlfSwib2JqZWN0U3RvcmVSZXF1ZXN0VW5pdHMiOnsiYmFzZSI6MTUwMDAwMDAsImFkZE9uIjowfSwib2JqZWN0U3RvcmVLZXlzIjp7ImJhc2UiOjEwMDAwMCwiYWRkT24iOjB9LCJjYW0iOnsiZW5hYmxlZCI6ZmFsc2V9LCJsb2FkQmFsYW5jZXIiOnsiYXNzaWduZWQiOjAsInJlYXNzaWduZWQiOjB9LCJtZXNzYWdpbmciOnsiYXNzaWduZWQiOjB9fSwiZXh0ZXJuYWxBdXRob3JpemF0aW9uIjp0cnVlLCJleHRlcm5hbEF1dGhvcml6YXRpb25Qcm92aWRlciI6eyJuYW1lIjoiUG9ydGFsIEFwcGxpY2F0aW9uIE1hbmFnZW1lbnQgU3lzdGVtIChQQU1TKSIsInVybCI6Imh0dHBzOi8vd3NneC10ZXN0LmNpc2NvLmNvbS9wYW1zL2x0L2NlcG1TZXJ2aWNlL3YxLjUvbWdyc3J2cyIsInZlcnNpb24iOiIxLjUifSwiaWRlbnRpdHlNYW5hZ2VtZW50Ijp7InR5cGUiOiJQaW5nRmVkZXJhdGUifSwib2F1dGgyU2V0dGluZ3MiOnsiYXV0aG9yaXphdGlvbkdyYW50cyI6WyJjb2RlIiwidG9rZW4iLCJvd25lciIsImNyZWRlbnRpYWxzIl0sImF1dGhvcml6YXRpb25VcmkiOiJodHRwczovL2Nsb3Vkc3NvLXRlc3QuY2lzY28uY29tL2FzL2F1dGhvcml6YXRpb24ub2F1dGgyIiwiYWNjZXNzVG9rZW5VcmkiOiJodHRwczovL2Nsb3Vkc3NvLXRlc3QuY2lzY28uY29tL2FzL3Rva2VuLm9hdXRoMiIsImdyYW50VHlwZXMiOlt7Im5hbWUiOiJwYXNzd29yZCIsImxhYmVsIjoiUmVzb3VyY2UgT3duZXIgR3JhbnQiLCJyZXF1aXJlZCI6ZmFsc2UsImV4Y2x1ZGUiOltdLCJkZXBlbmRzIjpbXX0seyJuYW1lIjoiaW1wbGljaXQiLCJsYWJlbCI6IkltcGxpY2l0IEdyYW50IiwicmVxdWlyZWQiOmZhbHNlLCJleGNsdWRlIjpbXSwiZGVwZW5kcyI6W119LHsibmFtZSI6ImNsaWVudF9jcmVkZW50aWFscyIsImxhYmVsIjoiQ2xpZW50IENyZWRlbnRpYWxzIEdyYW50IiwicmVxdWlyZWQiOmZhbHNlLCJleGNsdWRlIjpbXSwiZGVwZW5kcyI6W119LHsibmFtZSI6ImF1dGhvcml6YXRpb25fY29kZSIsImxhYmVsIjoiQXV0aG9yaXphdGlvbiBDb2RlIEdyYW50IiwicmVxdWlyZWQiOmZhbHNlLCJleGNsdWRlIjpbXSwiZGVwZW5kcyI6W119LHsibmFtZSI6InJlZnJlc2hfdG9rZW4iLCJsYWJlbCI6IlJlZnJlc2ggVG9rZW4iLCJyZXF1aXJlZCI6ZmFsc2UsImV4Y2x1ZGUiOltdLCJkZXBlbmRzIjpbImF1dGhvcml6YXRpb25fY29kZSIsInBhc3N3b3JkIl19XX19LCJpbnRlcmFjdGl2ZUxvZ2luIjp0cnVlLCJ0b2tlbiI6ImEyYzg0ODE1LThjYjgtNGE3Ni1iNmU0LTg4MGM3ZTc2MGNlYiIsImlhdCI6MTQ4NjU4Njc4OCwiYXVkIjoiaHR0cDovL2FwaS1wbGF0Zm9ybS1hcGkvcmVwb3NpdG9yeSIsImlzcyI6Imh0dHA6Ly9hcGktcGxhdGZvcm0tYXBpL3JlcG9zaXRvcnkifQ.YOsto-KJMgjQZxFXe6FFipYd8TIh4P1HIlJ5Tg6a9Ps
				Accept=*/*
				Content-Type=text/plain; charset=UTF-8
Cookies:		&lt;none&gt;
Body:			&lt;none&gt;
Request method:	DELETE
Request path:	https://qax.anypoint.mulesoft.com/apiplatform/repository/applications/43386
Proxy:			&lt;none&gt;
Request params:	&lt;none&gt;
Query params:	&lt;none&gt;
Form params:	&lt;none&gt;
Path params:	&lt;none&gt;
Multiparts:		&lt;none&gt;
Headers:		Authorization=Bearer eyJ0eXAiOiJKV1QiLCJhbGciOiJIUzI1NiJ9.eyJpZCI6IjUwMDAzN2NkLTJjZmQtNGRhNC1iZWQ3LTU3Mzg0ZGViMDYyYiIsImZpcnN0TmFtZSI6IkZlZGVyYXRlZCIsImxhc3ROYW1lIjoiRXh0ZXJuYWwiLCJlbWFpbCI6ImNocmlzdG9waGVyLm1vcmR1ZUBtdWxlc29mdC5jb20iLCJ1c2VybmFtZSI6ImZlZGVyYXRlZF9leHRlcm5hbCIsIm9yZ2FuaXphdGlvbiI6eyJpZCI6IjUwMDBkYjk1LWM1ZDQtNDg3Zi05MjVlLTNmODJmMTVhNTQ5OSIsIm5hbWUiOiJGZWRlcmF0ZWQgSW5jIEV4dGVybmFsIEF1dGhvcml6YXRpb24iLCJkb21haW4iOiJmZWRlcmF0ZWQtZXh0ZXJuYWwiLCJlbnRpdGxlbWVudHMiOnsiaHlicmlkIjp7ImVuYWJsZWQiOmZhbHNlfSwiY3JlYXRlU3ViT3JncyI6dHJ1ZSwidkNvcmVzUHJvZHVjdGlvbiI6eyJhc3NpZ25lZCI6MSwicmVhc3NpZ25lZCI6MH0sInZDb3Jlc1NhbmRib3giOnsiYXNzaWduZWQiOjEsInJlYXNzaWduZWQiOjB9LCJnbG9iYWxEZXBsb3ltZW50IjpmYWxzZSwid29ya2VyTG9nZ2luZ092ZXJyaWRlIjp7ImVuYWJsZWQiOmZhbHNlfSwiZ2F0ZXdheXMiOnsiYXNzaWduZWQiOjB9LCJjcmVhdGVFbnZpcm9ubWVudHMiOnRydWUsInBhcnRuZXJzUHJvZHVjdGlvbiI6eyJhc3NpZ25lZCI6MH0sInBhcnRuZXJzU2FuZGJveCI6eyJhc3NpZ25lZCI6MH0sImF1dG9zY2FsaW5nIjpmYWxzZSwic3RhdGljSXBzIjp7ImFzc2lnbmVkIjowLCJyZWFzc2lnbmVkIjowfSwiYXJtQWxlcnRzIjpmYWxzZSwiYXBpcyI6eyJlbmFibGVkIjp0cnVlfSwibXFNZXNzYWdlcyI6eyJiYXNlIjowLCJhZGRPbiI6MH0sIm1xUmVxdWVzdHMiOnsiYmFzZSI6MCwiYWRkT24iOjB9LCJleHRlcm5hbElkZW50aXR5Ijp0cnVlLCJtcUFkdmFuY2VkRmVhdHVyZXMiOnsiZW5hYmxlZCI6ZmFsc2V9LCJ2cGNzIjp7ImFzc2lnbmVkIjowLCJyZWFzc2lnbmVkIjowfSwiaHlicmlkSW5zaWdodCI6ZmFsc2UsImRlc2lnbkNlbnRlciI6eyJtb3phcnQiOmZhbHNlLCJhcGkiOmZhbHNlfSwib2JqZWN0U3RvcmVSZXF1ZXN0VW5pdHMiOnsiYmFzZSI6MTUwMDAwMDAsImFkZE9uIjowfSwib2JqZWN0U3RvcmVLZXlzIjp7ImJhc2UiOjEwMDAwMCwiYWRkT24iOjB9LCJjYW0iOnsiZW5hYmxlZCI6ZmFsc2V9LCJsb2FkQmFsYW5jZXIiOnsiYXNzaWduZWQiOjAsInJlYXNzaWduZWQiOjB9LCJtZXNzYWdpbmciOnsiYXNzaWduZWQiOjB9fSwiZXh0ZXJuYWxBdXRob3JpemF0aW9uIjp0cnVlLCJleHRlcm5hbEF1dGhvcml6YXRpb25Qcm92aWRlciI6eyJuYW1lIjoiUG9ydGFsIEFwcGxpY2F0aW9uIE1hbmFnZW1lbnQgU3lzdGVtIChQQU1TKSIsInVybCI6Imh0dHBzOi8vd3NneC10ZXN0LmNpc2NvLmNvbS9wYW1zL2x0L2NlcG1TZXJ2aWNlL3YxLjUvbWdyc3J2cyIsInZlcnNpb24iOiIxLjUifSwiaWRlbnRpdHlNYW5hZ2VtZW50Ijp7InR5cGUiOiJQaW5nRmVkZXJhdGUifSwib2F1dGgyU2V0dGluZ3MiOnsiYXV0aG9yaXphdGlvbkdyYW50cyI6WyJjb2RlIiwidG9rZW4iLCJvd25lciIsImNyZWRlbnRpYWxzIl0sImF1dGhvcml6YXRpb25VcmkiOiJodHRwczovL2Nsb3Vkc3NvLXRlc3QuY2lzY28uY29tL2FzL2F1dGhvcml6YXRpb24ub2F1dGgyIiwiYWNjZXNzVG9rZW5VcmkiOiJodHRwczovL2Nsb3Vkc3NvLXRlc3QuY2lzY28uY29tL2FzL3Rva2VuLm9hdXRoMiIsImdyYW50VHlwZXMiOlt7Im5hbWUiOiJwYXNzd29yZCIsImxhYmVsIjoiUmVzb3VyY2UgT3duZXIgR3JhbnQiLCJyZXF1aXJlZCI6ZmFsc2UsImV4Y2x1ZGUiOltdLCJkZXBlbmRzIjpbXX0seyJuYW1lIjoiaW1wbGljaXQiLCJsYWJlbCI6IkltcGxpY2l0IEdyYW50IiwicmVxdWlyZWQiOmZhbHNlLCJleGNsdWRlIjpbXSwiZGVwZW5kcyI6W119LHsibmFtZSI6ImNsaWVudF9jcmVkZW50aWFscyIsImxhYmVsIjoiQ2xpZW50IENyZWRlbnRpYWxzIEdyYW50IiwicmVxdWlyZWQiOmZhbHNlLCJleGNsdWRlIjpbXSwiZGVwZW5kcyI6W119LHsibmFtZSI6ImF1dGhvcml6YXRpb25fY29kZSIsImxhYmVsIjoiQXV0aG9yaXphdGlvbiBDb2RlIEdyYW50IiwicmVxdWlyZWQiOmZhbHNlLCJleGNsdWRlIjpbXSwiZGVwZW5kcyI6W119LHsibmFtZSI6InJlZnJlc2hfdG9rZW4iLCJsYWJlbCI6IlJlZnJlc2ggVG9rZW4iLCJyZXF1aXJlZCI6ZmFsc2UsImV4Y2x1ZGUiOltdLCJkZXBlbmRzIjpbImF1dGhvcml6YXRpb25fY29kZSIsInBhc3N3b3JkIl19XX19LCJpbnRlcmFjdGl2ZUxvZ2luIjp0cnVlLCJ0b2tlbiI6ImEyYzg0ODE1LThjYjgtNGE3Ni1iNmU0LTg4MGM3ZTc2MGNlYiIsImlhdCI6MTQ4NjU4Njc4OCwiYXVkIjoiaHR0cDovL2FwaS1wbGF0Zm9ybS1hcGkvcmVwb3NpdG9yeSIsImlzcyI6Imh0dHA6Ly9hcGktcGxhdGZvcm0tYXBpL3JlcG9zaXRvcnkifQ.YOsto-KJMgjQZxFXe6FFipYd8TIh4P1HIlJ5Tg6a9Ps
				Accept=*/*
				Content-Type=text/plain; charset=UTF-8
Cookies:		&lt;none&gt;
Body:			&lt;none&gt;
Request method:	DELETE
Request path:	https://qax.anypoint.mulesoft.com/apiplatform/repository/applications/43353
Proxy:			&lt;none&gt;
Request params:	&lt;none&gt;
Query params:	&lt;none&gt;
Form params:	&lt;none&gt;
Path params:	&lt;none&gt;
Multiparts:		&lt;none&gt;
Headers:		Authorization=Bearer eyJ0eXAiOiJKV1QiLCJhbGciOiJIUzI1NiJ9.eyJpZCI6IjUwMDAzN2NkLTJjZmQtNGRhNC1iZWQ3LTU3Mzg0ZGViMDYyYiIsImZpcnN0TmFtZSI6IkZlZGVyYXRlZCIsImxhc3ROYW1lIjoiRXh0ZXJuYWwiLCJlbWFpbCI6ImNocmlzdG9waGVyLm1vcmR1ZUBtdWxlc29mdC5jb20iLCJ1c2VybmFtZSI6ImZlZGVyYXRlZF9leHRlcm5hbCIsIm9yZ2FuaXphdGlvbiI6eyJpZCI6IjUwMDBkYjk1LWM1ZDQtNDg3Zi05MjVlLTNmODJmMTVhNTQ5OSIsIm5hbWUiOiJGZWRlcmF0ZWQgSW5jIEV4dGVybmFsIEF1dGhvcml6YXRpb24iLCJkb21haW4iOiJmZWRlcmF0ZWQtZXh0ZXJuYWwiLCJlbnRpdGxlbWVudHMiOnsiaHlicmlkIjp7ImVuYWJsZWQiOmZhbHNlfSwiY3JlYXRlU3ViT3JncyI6dHJ1ZSwidkNvcmVzUHJvZHVjdGlvbiI6eyJhc3NpZ25lZCI6MSwicmVhc3NpZ25lZCI6MH0sInZDb3Jlc1NhbmRib3giOnsiYXNzaWduZWQiOjEsInJlYXNzaWduZWQiOjB9LCJnbG9iYWxEZXBsb3ltZW50IjpmYWxzZSwid29ya2VyTG9nZ2luZ092ZXJyaWRlIjp7ImVuYWJsZWQiOmZhbHNlfSwiZ2F0ZXdheXMiOnsiYXNzaWduZWQiOjB9LCJjcmVhdGVFbnZpcm9ubWVudHMiOnRydWUsInBhcnRuZXJzUHJvZHVjdGlvbiI6eyJhc3NpZ25lZCI6MH0sInBhcnRuZXJzU2FuZGJveCI6eyJhc3NpZ25lZCI6MH0sImF1dG9zY2FsaW5nIjpmYWxzZSwic3RhdGljSXBzIjp7ImFzc2lnbmVkIjowLCJyZWFzc2lnbmVkIjowfSwiYXJtQWxlcnRzIjpmYWxzZSwiYXBpcyI6eyJlbmFibGVkIjp0cnVlfSwibXFNZXNzYWdlcyI6eyJiYXNlIjowLCJhZGRPbiI6MH0sIm1xUmVxdWVzdHMiOnsiYmFzZSI6MCwiYWRkT24iOjB9LCJleHRlcm5hbElkZW50aXR5Ijp0cnVlLCJtcUFkdmFuY2VkRmVhdHVyZXMiOnsiZW5hYmxlZCI6ZmFsc2V9LCJ2cGNzIjp7ImFzc2lnbmVkIjowLCJyZWFzc2lnbmVkIjowfSwiaHlicmlkSW5zaWdodCI6ZmFsc2UsImRlc2lnbkNlbnRlciI6eyJtb3phcnQiOmZhbHNlLCJhcGkiOmZhbHNlfSwib2JqZWN0U3RvcmVSZXF1ZXN0VW5pdHMiOnsiYmFzZSI6MTUwMDAwMDAsImFkZE9uIjowfSwib2JqZWN0U3RvcmVLZXlzIjp7ImJhc2UiOjEwMDAwMCwiYWRkT24iOjB9LCJjYW0iOnsiZW5hYmxlZCI6ZmFsc2V9LCJsb2FkQmFsYW5jZXIiOnsiYXNzaWduZWQiOjAsInJlYXNzaWduZWQiOjB9LCJtZXNzYWdpbmciOnsiYXNzaWduZWQiOjB9fSwiZXh0ZXJuYWxBdXRob3JpemF0aW9uIjp0cnVlLCJleHRlcm5hbEF1dGhvcml6YXRpb25Qcm92aWRlciI6eyJuYW1lIjoiUG9ydGFsIEFwcGxpY2F0aW9uIE1hbmFnZW1lbnQgU3lzdGVtIChQQU1TKSIsInVybCI6Imh0dHBzOi8vd3NneC10ZXN0LmNpc2NvLmNvbS9wYW1zL2x0L2NlcG1TZXJ2aWNlL3YxLjUvbWdyc3J2cyIsInZlcnNpb24iOiIxLjUifSwiaWRlbnRpdHlNYW5hZ2VtZW50Ijp7InR5cGUiOiJQaW5nRmVkZXJhdGUifSwib2F1dGgyU2V0dGluZ3MiOnsiYXV0aG9yaXphdGlvbkdyYW50cyI6WyJjb2RlIiwidG9rZW4iLCJvd25lciIsImNyZWRlbnRpYWxzIl0sImF1dGhvcml6YXRpb25VcmkiOiJodHRwczovL2Nsb3Vkc3NvLXRlc3QuY2lzY28uY29tL2FzL2F1dGhvcml6YXRpb24ub2F1dGgyIiwiYWNjZXNzVG9rZW5VcmkiOiJodHRwczovL2Nsb3Vkc3NvLXRlc3QuY2lzY28uY29tL2FzL3Rva2VuLm9hdXRoMiIsImdyYW50VHlwZXMiOlt7Im5hbWUiOiJwYXNzd29yZCIsImxhYmVsIjoiUmVzb3VyY2UgT3duZXIgR3JhbnQiLCJyZXF1aXJlZCI6ZmFsc2UsImV4Y2x1ZGUiOltdLCJkZXBlbmRzIjpbXX0seyJuYW1lIjoiaW1wbGljaXQiLCJsYWJlbCI6IkltcGxpY2l0IEdyYW50IiwicmVxdWlyZWQiOmZhbHNlLCJleGNsdWRlIjpbXSwiZGVwZW5kcyI6W119LHsibmFtZSI6ImNsaWVudF9jcmVkZW50aWFscyIsImxhYmVsIjoiQ2xpZW50IENyZWRlbnRpYWxzIEdyYW50IiwicmVxdWlyZWQiOmZhbHNlLCJleGNsdWRlIjpbXSwiZGVwZW5kcyI6W119LHsibmFtZSI6ImF1dGhvcml6YXRpb25fY29kZSIsImxhYmVsIjoiQXV0aG9yaXphdGlvbiBDb2RlIEdyYW50IiwicmVxdWlyZWQiOmZhbHNlLCJleGNsdWRlIjpbXSwiZGVwZW5kcyI6W119LHsibmFtZSI6InJlZnJlc2hfdG9rZW4iLCJsYWJlbCI6IlJlZnJlc2ggVG9rZW4iLCJyZXF1aXJlZCI6ZmFsc2UsImV4Y2x1ZGUiOltdLCJkZXBlbmRzIjpbImF1dGhvcml6YXRpb25fY29kZSIsInBhc3N3b3JkIl19XX19LCJpbnRlcmFjdGl2ZUxvZ2luIjp0cnVlLCJ0b2tlbiI6ImEyYzg0ODE1LThjYjgtNGE3Ni1iNmU0LTg4MGM3ZTc2MGNlYiIsImlhdCI6MTQ4NjU4Njc4OCwiYXVkIjoiaHR0cDovL2FwaS1wbGF0Zm9ybS1hcGkvcmVwb3NpdG9yeSIsImlzcyI6Imh0dHA6Ly9hcGktcGxhdGZvcm0tYXBpL3JlcG9zaXRvcnkifQ.YOsto-KJMgjQZxFXe6FFipYd8TIh4P1HIlJ5Tg6a9Ps
				Accept=*/*
				Content-Type=text/plain; charset=UTF-8
Cookies:		&lt;none&gt;
Body:			&lt;none&gt;
Request method:	DELETE
Request path:	https://qax.anypoint.mulesoft.com/apiplatform/repository/applications/43391
Proxy:			&lt;none&gt;
Request params:	&lt;none&gt;
Query params:	&lt;none&gt;
Form params:	&lt;none&gt;
Path params:	&lt;none&gt;
Multiparts:		&lt;none&gt;
Headers:		Authorization=Bearer eyJ0eXAiOiJKV1QiLCJhbGciOiJIUzI1NiJ9.eyJpZCI6IjUwMDAzN2NkLTJjZmQtNGRhNC1iZWQ3LTU3Mzg0ZGViMDYyYiIsImZpcnN0TmFtZSI6IkZlZGVyYXRlZCIsImxhc3ROYW1lIjoiRXh0ZXJuYWwiLCJlbWFpbCI6ImNocmlzdG9waGVyLm1vcmR1ZUBtdWxlc29mdC5jb20iLCJ1c2VybmFtZSI6ImZlZGVyYXRlZF9leHRlcm5hbCIsIm9yZ2FuaXphdGlvbiI6eyJpZCI6IjUwMDBkYjk1LWM1ZDQtNDg3Zi05MjVlLTNmODJmMTVhNTQ5OSIsIm5hbWUiOiJGZWRlcmF0ZWQgSW5jIEV4dGVybmFsIEF1dGhvcml6YXRpb24iLCJkb21haW4iOiJmZWRlcmF0ZWQtZXh0ZXJuYWwiLCJlbnRpdGxlbWVudHMiOnsiaHlicmlkIjp7ImVuYWJsZWQiOmZhbHNlfSwiY3JlYXRlU3ViT3JncyI6dHJ1ZSwidkNvcmVzUHJvZHVjdGlvbiI6eyJhc3NpZ25lZCI6MSwicmVhc3NpZ25lZCI6MH0sInZDb3Jlc1NhbmRib3giOnsiYXNzaWduZWQiOjEsInJlYXNzaWduZWQiOjB9LCJnbG9iYWxEZXBsb3ltZW50IjpmYWxzZSwid29ya2VyTG9nZ2luZ092ZXJyaWRlIjp7ImVuYWJsZWQiOmZhbHNlfSwiZ2F0ZXdheXMiOnsiYXNzaWduZWQiOjB9LCJjcmVhdGVFbnZpcm9ubWVudHMiOnRydWUsInBhcnRuZXJzUHJvZHVjdGlvbiI6eyJhc3NpZ25lZCI6MH0sInBhcnRuZXJzU2FuZGJveCI6eyJhc3NpZ25lZCI6MH0sImF1dG9zY2FsaW5nIjpmYWxzZSwic3RhdGljSXBzIjp7ImFzc2lnbmVkIjowLCJyZWFzc2lnbmVkIjowfSwiYXJtQWxlcnRzIjpmYWxzZSwiYXBpcyI6eyJlbmFibGVkIjp0cnVlfSwibXFNZXNzYWdlcyI6eyJiYXNlIjowLCJhZGRPbiI6MH0sIm1xUmVxdWVzdHMiOnsiYmFzZSI6MCwiYWRkT24iOjB9LCJleHRlcm5hbElkZW50aXR5Ijp0cnVlLCJtcUFkdmFuY2VkRmVhdHVyZXMiOnsiZW5hYmxlZCI6ZmFsc2V9LCJ2cGNzIjp7ImFzc2lnbmVkIjowLCJyZWFzc2lnbmVkIjowfSwiaHlicmlkSW5zaWdodCI6ZmFsc2UsImRlc2lnbkNlbnRlciI6eyJtb3phcnQiOmZhbHNlLCJhcGkiOmZhbHNlfSwib2JqZWN0U3RvcmVSZXF1ZXN0VW5pdHMiOnsiYmFzZSI6MTUwMDAwMDAsImFkZE9uIjowfSwib2JqZWN0U3RvcmVLZXlzIjp7ImJhc2UiOjEwMDAwMCwiYWRkT24iOjB9LCJjYW0iOnsiZW5hYmxlZCI6ZmFsc2V9LCJsb2FkQmFsYW5jZXIiOnsiYXNzaWduZWQiOjAsInJlYXNzaWduZWQiOjB9LCJtZXNzYWdpbmciOnsiYXNzaWduZWQiOjB9fSwiZXh0ZXJuYWxBdXRob3JpemF0aW9uIjp0cnVlLCJleHRlcm5hbEF1dGhvcml6YXRpb25Qcm92aWRlciI6eyJuYW1lIjoiUG9ydGFsIEFwcGxpY2F0aW9uIE1hbmFnZW1lbnQgU3lzdGVtIChQQU1TKSIsInVybCI6Imh0dHBzOi8vd3NneC10ZXN0LmNpc2NvLmNvbS9wYW1zL2x0L2NlcG1TZXJ2aWNlL3YxLjUvbWdyc3J2cyIsInZlcnNpb24iOiIxLjUifSwiaWRlbnRpdHlNYW5hZ2VtZW50Ijp7InR5cGUiOiJQaW5nRmVkZXJhdGUifSwib2F1dGgyU2V0dGluZ3MiOnsiYXV0aG9yaXphdGlvbkdyYW50cyI6WyJjb2RlIiwidG9rZW4iLCJvd25lciIsImNyZWRlbnRpYWxzIl0sImF1dGhvcml6YXRpb25VcmkiOiJodHRwczovL2Nsb3Vkc3NvLXRlc3QuY2lzY28uY29tL2FzL2F1dGhvcml6YXRpb24ub2F1dGgyIiwiYWNjZXNzVG9rZW5VcmkiOiJodHRwczovL2Nsb3Vkc3NvLXRlc3QuY2lzY28uY29tL2FzL3Rva2VuLm9hdXRoMiIsImdyYW50VHlwZXMiOlt7Im5hbWUiOiJwYXNzd29yZCIsImxhYmVsIjoiUmVzb3VyY2UgT3duZXIgR3JhbnQiLCJyZXF1aXJlZCI6ZmFsc2UsImV4Y2x1ZGUiOltdLCJkZXBlbmRzIjpbXX0seyJuYW1lIjoiaW1wbGljaXQiLCJsYWJlbCI6IkltcGxpY2l0IEdyYW50IiwicmVxdWlyZWQiOmZhbHNlLCJleGNsdWRlIjpbXSwiZGVwZW5kcyI6W119LHsibmFtZSI6ImNsaWVudF9jcmVkZW50aWFscyIsImxhYmVsIjoiQ2xpZW50IENyZWRlbnRpYWxzIEdyYW50IiwicmVxdWlyZWQiOmZhbHNlLCJleGNsdWRlIjpbXSwiZGVwZW5kcyI6W119LHsibmFtZSI6ImF1dGhvcml6YXRpb25fY29kZSIsImxhYmVsIjoiQXV0aG9yaXphdGlvbiBDb2RlIEdyYW50IiwicmVxdWlyZWQiOmZhbHNlLCJleGNsdWRlIjpbXSwiZGVwZW5kcyI6W119LHsibmFtZSI6InJlZnJlc2hfdG9rZW4iLCJsYWJlbCI6IlJlZnJlc2ggVG9rZW4iLCJyZXF1aXJlZCI6ZmFsc2UsImV4Y2x1ZGUiOltdLCJkZXBlbmRzIjpbImF1dGhvcml6YXRpb25fY29kZSIsInBhc3N3b3JkIl19XX19LCJpbnRlcmFjdGl2ZUxvZ2luIjp0cnVlLCJ0b2tlbiI6ImEyYzg0ODE1LThjYjgtNGE3Ni1iNmU0LTg4MGM3ZTc2MGNlYiIsImlhdCI6MTQ4NjU4Njc4OCwiYXVkIjoiaHR0cDovL2FwaS1wbGF0Zm9ybS1hcGkvcmVwb3NpdG9yeSIsImlzcyI6Imh0dHA6Ly9hcGktcGxhdGZvcm0tYXBpL3JlcG9zaXRvcnkifQ.YOsto-KJMgjQZxFXe6FFipYd8TIh4P1HIlJ5Tg6a9Ps
				Accept=*/*
				Content-Type=text/plain; charset=UTF-8
Cookies:		&lt;none&gt;
Body:			&lt;none&gt;
Request method:	DELETE
Request path:	https://qax.anypoint.mulesoft.com/apiplatform/repository/applications/43330
Proxy:			&lt;none&gt;
Request params:	&lt;none&gt;
Query params:	&lt;none&gt;
Form params:	&lt;none&gt;
Path params:	&lt;none&gt;
Multiparts:		&lt;none&gt;
Headers:		Authorization=Bearer eyJ0eXAiOiJKV1QiLCJhbGciOiJIUzI1NiJ9.eyJpZCI6IjUwMDAzN2NkLTJjZmQtNGRhNC1iZWQ3LTU3Mzg0ZGViMDYyYiIsImZpcnN0TmFtZSI6IkZlZGVyYXRlZCIsImxhc3ROYW1lIjoiRXh0ZXJuYWwiLCJlbWFpbCI6ImNocmlzdG9waGVyLm1vcmR1ZUBtdWxlc29mdC5jb20iLCJ1c2VybmFtZSI6ImZlZGVyYXRlZF9leHRlcm5hbCIsIm9yZ2FuaXphdGlvbiI6eyJpZCI6IjUwMDBkYjk1LWM1ZDQtNDg3Zi05MjVlLTNmODJmMTVhNTQ5OSIsIm5hbWUiOiJGZWRlcmF0ZWQgSW5jIEV4dGVybmFsIEF1dGhvcml6YXRpb24iLCJkb21haW4iOiJmZWRlcmF0ZWQtZXh0ZXJuYWwiLCJlbnRpdGxlbWVudHMiOnsiaHlicmlkIjp7ImVuYWJsZWQiOmZhbHNlfSwiY3JlYXRlU3ViT3JncyI6dHJ1ZSwidkNvcmVzUHJvZHVjdGlvbiI6eyJhc3NpZ25lZCI6MSwicmVhc3NpZ25lZCI6MH0sInZDb3Jlc1NhbmRib3giOnsiYXNzaWduZWQiOjEsInJlYXNzaWduZWQiOjB9LCJnbG9iYWxEZXBsb3ltZW50IjpmYWxzZSwid29ya2VyTG9nZ2luZ092ZXJyaWRlIjp7ImVuYWJsZWQiOmZhbHNlfSwiZ2F0ZXdheXMiOnsiYXNzaWduZWQiOjB9LCJjcmVhdGVFbnZpcm9ubWVudHMiOnRydWUsInBhcnRuZXJzUHJvZHVjdGlvbiI6eyJhc3NpZ25lZCI6MH0sInBhcnRuZXJzU2FuZGJveCI6eyJhc3NpZ25lZCI6MH0sImF1dG9zY2FsaW5nIjpmYWxzZSwic3RhdGljSXBzIjp7ImFzc2lnbmVkIjowLCJyZWFzc2lnbmVkIjowfSwiYXJtQWxlcnRzIjpmYWxzZSwiYXBpcyI6eyJlbmFibGVkIjp0cnVlfSwibXFNZXNzYWdlcyI6eyJiYXNlIjowLCJhZGRPbiI6MH0sIm1xUmVxdWVzdHMiOnsiYmFzZSI6MCwiYWRkT24iOjB9LCJleHRlcm5hbElkZW50aXR5Ijp0cnVlLCJtcUFkdmFuY2VkRmVhdHVyZXMiOnsiZW5hYmxlZCI6ZmFsc2V9LCJ2cGNzIjp7ImFzc2lnbmVkIjowLCJyZWFzc2lnbmVkIjowfSwiaHlicmlkSW5zaWdodCI6ZmFsc2UsImRlc2lnbkNlbnRlciI6eyJtb3phcnQiOmZhbHNlLCJhcGkiOmZhbHNlfSwib2JqZWN0U3RvcmVSZXF1ZXN0VW5pdHMiOnsiYmFzZSI6MTUwMDAwMDAsImFkZE9uIjowfSwib2JqZWN0U3RvcmVLZXlzIjp7ImJhc2UiOjEwMDAwMCwiYWRkT24iOjB9LCJjYW0iOnsiZW5hYmxlZCI6ZmFsc2V9LCJsb2FkQmFsYW5jZXIiOnsiYXNzaWduZWQiOjAsInJlYXNzaWduZWQiOjB9LCJtZXNzYWdpbmciOnsiYXNzaWduZWQiOjB9fSwiZXh0ZXJuYWxBdXRob3JpemF0aW9uIjp0cnVlLCJleHRlcm5hbEF1dGhvcml6YXRpb25Qcm92aWRlciI6eyJuYW1lIjoiUG9ydGFsIEFwcGxpY2F0aW9uIE1hbmFnZW1lbnQgU3lzdGVtIChQQU1TKSIsInVybCI6Imh0dHBzOi8vd3NneC10ZXN0LmNpc2NvLmNvbS9wYW1zL2x0L2NlcG1TZXJ2aWNlL3YxLjUvbWdyc3J2cyIsInZlcnNpb24iOiIxLjUifSwiaWRlbnRpdHlNYW5hZ2VtZW50Ijp7InR5cGUiOiJQaW5nRmVkZXJhdGUifSwib2F1dGgyU2V0dGluZ3MiOnsiYXV0aG9yaXphdGlvbkdyYW50cyI6WyJjb2RlIiwidG9rZW4iLCJvd25lciIsImNyZWRlbnRpYWxzIl0sImF1dGhvcml6YXRpb25VcmkiOiJodHRwczovL2Nsb3Vkc3NvLXRlc3QuY2lzY28uY29tL2FzL2F1dGhvcml6YXRpb24ub2F1dGgyIiwiYWNjZXNzVG9rZW5VcmkiOiJodHRwczovL2Nsb3Vkc3NvLXRlc3QuY2lzY28uY29tL2FzL3Rva2VuLm9hdXRoMiIsImdyYW50VHlwZXMiOlt7Im5hbWUiOiJwYXNzd29yZCIsImxhYmVsIjoiUmVzb3VyY2UgT3duZXIgR3JhbnQiLCJyZXF1aXJlZCI6ZmFsc2UsImV4Y2x1ZGUiOltdLCJkZXBlbmRzIjpbXX0seyJuYW1lIjoiaW1wbGljaXQiLCJsYWJlbCI6IkltcGxpY2l0IEdyYW50IiwicmVxdWlyZWQiOmZhbHNlLCJleGNsdWRlIjpbXSwiZGVwZW5kcyI6W119LHsibmFtZSI6ImNsaWVudF9jcmVkZW50aWFscyIsImxhYmVsIjoiQ2xpZW50IENyZWRlbnRpYWxzIEdyYW50IiwicmVxdWlyZWQiOmZhbHNlLCJleGNsdWRlIjpbXSwiZGVwZW5kcyI6W119LHsibmFtZSI6ImF1dGhvcml6YXRpb25fY29kZSIsImxhYmVsIjoiQXV0aG9yaXphdGlvbiBDb2RlIEdyYW50IiwicmVxdWlyZWQiOmZhbHNlLCJleGNsdWRlIjpbXSwiZGVwZW5kcyI6W119LHsibmFtZSI6InJlZnJlc2hfdG9rZW4iLCJsYWJlbCI6IlJlZnJlc2ggVG9rZW4iLCJyZXF1aXJlZCI6ZmFsc2UsImV4Y2x1ZGUiOltdLCJkZXBlbmRzIjpbImF1dGhvcml6YXRpb25fY29kZSIsInBhc3N3b3JkIl19XX19LCJpbnRlcmFjdGl2ZUxvZ2luIjp0cnVlLCJ0b2tlbiI6ImEyYzg0ODE1LThjYjgtNGE3Ni1iNmU0LTg4MGM3ZTc2MGNlYiIsImlhdCI6MTQ4NjU4Njc4OCwiYXVkIjoiaHR0cDovL2FwaS1wbGF0Zm9ybS1hcGkvcmVwb3NpdG9yeSIsImlzcyI6Imh0dHA6Ly9hcGktcGxhdGZvcm0tYXBpL3JlcG9zaXRvcnkifQ.YOsto-KJMgjQZxFXe6FFipYd8TIh4P1HIlJ5Tg6a9Ps
				Accept=*/*
				Content-Type=text/plain; charset=UTF-8
Cookies:		&lt;none&gt;
Body:			&lt;none&gt;
Request method:	DELETE
Request path:	https://qax.anypoint.mulesoft.com/apiplatform/repository/applications/43335
Proxy:			&lt;none&gt;
Request params:	&lt;none&gt;
Query params:	&lt;none&gt;
Form params:	&lt;none&gt;
Path params:	&lt;none&gt;
Multiparts:		&lt;none&gt;
Headers:		Authorization=Bearer eyJ0eXAiOiJKV1QiLCJhbGciOiJIUzI1NiJ9.eyJpZCI6IjUwMDAzN2NkLTJjZmQtNGRhNC1iZWQ3LTU3Mzg0ZGViMDYyYiIsImZpcnN0TmFtZSI6IkZlZGVyYXRlZCIsImxhc3ROYW1lIjoiRXh0ZXJuYWwiLCJlbWFpbCI6ImNocmlzdG9waGVyLm1vcmR1ZUBtdWxlc29mdC5jb20iLCJ1c2VybmFtZSI6ImZlZGVyYXRlZF9leHRlcm5hbCIsIm9yZ2FuaXphdGlvbiI6eyJpZCI6IjUwMDBkYjk1LWM1ZDQtNDg3Zi05MjVlLTNmODJmMTVhNTQ5OSIsIm5hbWUiOiJGZWRlcmF0ZWQgSW5jIEV4dGVybmFsIEF1dGhvcml6YXRpb24iLCJkb21haW4iOiJmZWRlcmF0ZWQtZXh0ZXJuYWwiLCJlbnRpdGxlbWVudHMiOnsiaHlicmlkIjp7ImVuYWJsZWQiOmZhbHNlfSwiY3JlYXRlU3ViT3JncyI6dHJ1ZSwidkNvcmVzUHJvZHVjdGlvbiI6eyJhc3NpZ25lZCI6MSwicmVhc3NpZ25lZCI6MH0sInZDb3Jlc1NhbmRib3giOnsiYXNzaWduZWQiOjEsInJlYXNzaWduZWQiOjB9LCJnbG9iYWxEZXBsb3ltZW50IjpmYWxzZSwid29ya2VyTG9nZ2luZ092ZXJyaWRlIjp7ImVuYWJsZWQiOmZhbHNlfSwiZ2F0ZXdheXMiOnsiYXNzaWduZWQiOjB9LCJjcmVhdGVFbnZpcm9ubWVudHMiOnRydWUsInBhcnRuZXJzUHJvZHVjdGlvbiI6eyJhc3NpZ25lZCI6MH0sInBhcnRuZXJzU2FuZGJveCI6eyJhc3NpZ25lZCI6MH0sImF1dG9zY2FsaW5nIjpmYWxzZSwic3RhdGljSXBzIjp7ImFzc2lnbmVkIjowLCJyZWFzc2lnbmVkIjowfSwiYXJtQWxlcnRzIjpmYWxzZSwiYXBpcyI6eyJlbmFibGVkIjp0cnVlfSwibXFNZXNzYWdlcyI6eyJiYXNlIjowLCJhZGRPbiI6MH0sIm1xUmVxdWVzdHMiOnsiYmFzZSI6MCwiYWRkT24iOjB9LCJleHRlcm5hbElkZW50aXR5Ijp0cnVlLCJtcUFkdmFuY2VkRmVhdHVyZXMiOnsiZW5hYmxlZCI6ZmFsc2V9LCJ2cGNzIjp7ImFzc2lnbmVkIjowLCJyZWFzc2lnbmVkIjowfSwiaHlicmlkSW5zaWdodCI6ZmFsc2UsImRlc2lnbkNlbnRlciI6eyJtb3phcnQiOmZhbHNlLCJhcGkiOmZhbHNlfSwib2JqZWN0U3RvcmVSZXF1ZXN0VW5pdHMiOnsiYmFzZSI6MTUwMDAwMDAsImFkZE9uIjowfSwib2JqZWN0U3RvcmVLZXlzIjp7ImJhc2UiOjEwMDAwMCwiYWRkT24iOjB9LCJjYW0iOnsiZW5hYmxlZCI6ZmFsc2V9LCJsb2FkQmFsYW5jZXIiOnsiYXNzaWduZWQiOjAsInJlYXNzaWduZWQiOjB9LCJtZXNzYWdpbmciOnsiYXNzaWduZWQiOjB9fSwiZXh0ZXJuYWxBdXRob3JpemF0aW9uIjp0cnVlLCJleHRlcm5hbEF1dGhvcml6YXRpb25Qcm92aWRlciI6eyJuYW1lIjoiUG9ydGFsIEFwcGxpY2F0aW9uIE1hbmFnZW1lbnQgU3lzdGVtIChQQU1TKSIsInVybCI6Imh0dHBzOi8vd3NneC10ZXN0LmNpc2NvLmNvbS9wYW1zL2x0L2NlcG1TZXJ2aWNlL3YxLjUvbWdyc3J2cyIsInZlcnNpb24iOiIxLjUifSwiaWRlbnRpdHlNYW5hZ2VtZW50Ijp7InR5cGUiOiJQaW5nRmVkZXJhdGUifSwib2F1dGgyU2V0dGluZ3MiOnsiYXV0aG9yaXphdGlvbkdyYW50cyI6WyJjb2RlIiwidG9rZW4iLCJvd25lciIsImNyZWRlbnRpYWxzIl0sImF1dGhvcml6YXRpb25VcmkiOiJodHRwczovL2Nsb3Vkc3NvLXRlc3QuY2lzY28uY29tL2FzL2F1dGhvcml6YXRpb24ub2F1dGgyIiwiYWNjZXNzVG9rZW5VcmkiOiJodHRwczovL2Nsb3Vkc3NvLXRlc3QuY2lzY28uY29tL2FzL3Rva2VuLm9hdXRoMiIsImdyYW50VHlwZXMiOlt7Im5hbWUiOiJwYXNzd29yZCIsImxhYmVsIjoiUmVzb3VyY2UgT3duZXIgR3JhbnQiLCJyZXF1aXJlZCI6ZmFsc2UsImV4Y2x1ZGUiOltdLCJkZXBlbmRzIjpbXX0seyJuYW1lIjoiaW1wbGljaXQiLCJsYWJlbCI6IkltcGxpY2l0IEdyYW50IiwicmVxdWlyZWQiOmZhbHNlLCJleGNsdWRlIjpbXSwiZGVwZW5kcyI6W119LHsibmFtZSI6ImNsaWVudF9jcmVkZW50aWFscyIsImxhYmVsIjoiQ2xpZW50IENyZWRlbnRpYWxzIEdyYW50IiwicmVxdWlyZWQiOmZhbHNlLCJleGNsdWRlIjpbXSwiZGVwZW5kcyI6W119LHsibmFtZSI6ImF1dGhvcml6YXRpb25fY29kZSIsImxhYmVsIjoiQXV0aG9yaXphdGlvbiBDb2RlIEdyYW50IiwicmVxdWlyZWQiOmZhbHNlLCJleGNsdWRlIjpbXSwiZGVwZW5kcyI6W119LHsibmFtZSI6InJlZnJlc2hfdG9rZW4iLCJsYWJlbCI6IlJlZnJlc2ggVG9rZW4iLCJyZXF1aXJlZCI6ZmFsc2UsImV4Y2x1ZGUiOltdLCJkZXBlbmRzIjpbImF1dGhvcml6YXRpb25fY29kZSIsInBhc3N3b3JkIl19XX19LCJpbnRlcmFjdGl2ZUxvZ2luIjp0cnVlLCJ0b2tlbiI6ImEyYzg0ODE1LThjYjgtNGE3Ni1iNmU0LTg4MGM3ZTc2MGNlYiIsImlhdCI6MTQ4NjU4Njc4OCwiYXVkIjoiaHR0cDovL2FwaS1wbGF0Zm9ybS1hcGkvcmVwb3NpdG9yeSIsImlzcyI6Imh0dHA6Ly9hcGktcGxhdGZvcm0tYXBpL3JlcG9zaXRvcnkifQ.YOsto-KJMgjQZxFXe6FFipYd8TIh4P1HIlJ5Tg6a9Ps
				Accept=*/*
				Content-Type=text/plain; charset=UTF-8
Cookies:		&lt;none&gt;
Body:			&lt;none&gt;
Request method:	DELETE
Request path:	https://qax.anypoint.mulesoft.com/apiplatform/repository/applications/43377
Proxy:			&lt;none&gt;
Request params:	&lt;none&gt;
Query params:	&lt;none&gt;
Form params:	&lt;none&gt;
Path params:	&lt;none&gt;
Multiparts:		&lt;none&gt;
Headers:		Authorization=Bearer eyJ0eXAiOiJKV1QiLCJhbGciOiJIUzI1NiJ9.eyJpZCI6IjUwMDAzN2NkLTJjZmQtNGRhNC1iZWQ3LTU3Mzg0ZGViMDYyYiIsImZpcnN0TmFtZSI6IkZlZGVyYXRlZCIsImxhc3ROYW1lIjoiRXh0ZXJuYWwiLCJlbWFpbCI6ImNocmlzdG9waGVyLm1vcmR1ZUBtdWxlc29mdC5jb20iLCJ1c2VybmFtZSI6ImZlZGVyYXRlZF9leHRlcm5hbCIsIm9yZ2FuaXphdGlvbiI6eyJpZCI6IjUwMDBkYjk1LWM1ZDQtNDg3Zi05MjVlLTNmODJmMTVhNTQ5OSIsIm5hbWUiOiJGZWRlcmF0ZWQgSW5jIEV4dGVybmFsIEF1dGhvcml6YXRpb24iLCJkb21haW4iOiJmZWRlcmF0ZWQtZXh0ZXJuYWwiLCJlbnRpdGxlbWVudHMiOnsiaHlicmlkIjp7ImVuYWJsZWQiOmZhbHNlfSwiY3JlYXRlU3ViT3JncyI6dHJ1ZSwidkNvcmVzUHJvZHVjdGlvbiI6eyJhc3NpZ25lZCI6MSwicmVhc3NpZ25lZCI6MH0sInZDb3Jlc1NhbmRib3giOnsiYXNzaWduZWQiOjEsInJlYXNzaWduZWQiOjB9LCJnbG9iYWxEZXBsb3ltZW50IjpmYWxzZSwid29ya2VyTG9nZ2luZ092ZXJyaWRlIjp7ImVuYWJsZWQiOmZhbHNlfSwiZ2F0ZXdheXMiOnsiYXNzaWduZWQiOjB9LCJjcmVhdGVFbnZpcm9ubWVudHMiOnRydWUsInBhcnRuZXJzUHJvZHVjdGlvbiI6eyJhc3NpZ25lZCI6MH0sInBhcnRuZXJzU2FuZGJveCI6eyJhc3NpZ25lZCI6MH0sImF1dG9zY2FsaW5nIjpmYWxzZSwic3RhdGljSXBzIjp7ImFzc2lnbmVkIjowLCJyZWFzc2lnbmVkIjowfSwiYXJtQWxlcnRzIjpmYWxzZSwiYXBpcyI6eyJlbmFibGVkIjp0cnVlfSwibXFNZXNzYWdlcyI6eyJiYXNlIjowLCJhZGRPbiI6MH0sIm1xUmVxdWVzdHMiOnsiYmFzZSI6MCwiYWRkT24iOjB9LCJleHRlcm5hbElkZW50aXR5Ijp0cnVlLCJtcUFkdmFuY2VkRmVhdHVyZXMiOnsiZW5hYmxlZCI6ZmFsc2V9LCJ2cGNzIjp7ImFzc2lnbmVkIjowLCJyZWFzc2lnbmVkIjowfSwiaHlicmlkSW5zaWdodCI6ZmFsc2UsImRlc2lnbkNlbnRlciI6eyJtb3phcnQiOmZhbHNlLCJhcGkiOmZhbHNlfSwib2JqZWN0U3RvcmVSZXF1ZXN0VW5pdHMiOnsiYmFzZSI6MTUwMDAwMDAsImFkZE9uIjowfSwib2JqZWN0U3RvcmVLZXlzIjp7ImJhc2UiOjEwMDAwMCwiYWRkT24iOjB9LCJjYW0iOnsiZW5hYmxlZCI6ZmFsc2V9LCJsb2FkQmFsYW5jZXIiOnsiYXNzaWduZWQiOjAsInJlYXNzaWduZWQiOjB9LCJtZXNzYWdpbmciOnsiYXNzaWduZWQiOjB9fSwiZXh0ZXJuYWxBdXRob3JpemF0aW9uIjp0cnVlLCJleHRlcm5hbEF1dGhvcml6YXRpb25Qcm92aWRlciI6eyJuYW1lIjoiUG9ydGFsIEFwcGxpY2F0aW9uIE1hbmFnZW1lbnQgU3lzdGVtIChQQU1TKSIsInVybCI6Imh0dHBzOi8vd3NneC10ZXN0LmNpc2NvLmNvbS9wYW1zL2x0L2NlcG1TZXJ2aWNlL3YxLjUvbWdyc3J2cyIsInZlcnNpb24iOiIxLjUifSwiaWRlbnRpdHlNYW5hZ2VtZW50Ijp7InR5cGUiOiJQaW5nRmVkZXJhdGUifSwib2F1dGgyU2V0dGluZ3MiOnsiYXV0aG9yaXphdGlvbkdyYW50cyI6WyJjb2RlIiwidG9rZW4iLCJvd25lciIsImNyZWRlbnRpYWxzIl0sImF1dGhvcml6YXRpb25VcmkiOiJodHRwczovL2Nsb3Vkc3NvLXRlc3QuY2lzY28uY29tL2FzL2F1dGhvcml6YXRpb24ub2F1dGgyIiwiYWNjZXNzVG9rZW5VcmkiOiJodHRwczovL2Nsb3Vkc3NvLXRlc3QuY2lzY28uY29tL2FzL3Rva2VuLm9hdXRoMiIsImdyYW50VHlwZXMiOlt7Im5hbWUiOiJwYXNzd29yZCIsImxhYmVsIjoiUmVzb3VyY2UgT3duZXIgR3JhbnQiLCJyZXF1aXJlZCI6ZmFsc2UsImV4Y2x1ZGUiOltdLCJkZXBlbmRzIjpbXX0seyJuYW1lIjoiaW1wbGljaXQiLCJsYWJlbCI6IkltcGxpY2l0IEdyYW50IiwicmVxdWlyZWQiOmZhbHNlLCJleGNsdWRlIjpbXSwiZGVwZW5kcyI6W119LHsibmFtZSI6ImNsaWVudF9jcmVkZW50aWFscyIsImxhYmVsIjoiQ2xpZW50IENyZWRlbnRpYWxzIEdyYW50IiwicmVxdWlyZWQiOmZhbHNlLCJleGNsdWRlIjpbXSwiZGVwZW5kcyI6W119LHsibmFtZSI6ImF1dGhvcml6YXRpb25fY29kZSIsImxhYmVsIjoiQXV0aG9yaXphdGlvbiBDb2RlIEdyYW50IiwicmVxdWlyZWQiOmZhbHNlLCJleGNsdWRlIjpbXSwiZGVwZW5kcyI6W119LHsibmFtZSI6InJlZnJlc2hfdG9rZW4iLCJsYWJlbCI6IlJlZnJlc2ggVG9rZW4iLCJyZXF1aXJlZCI6ZmFsc2UsImV4Y2x1ZGUiOltdLCJkZXBlbmRzIjpbImF1dGhvcml6YXRpb25fY29kZSIsInBhc3N3b3JkIl19XX19LCJpbnRlcmFjdGl2ZUxvZ2luIjp0cnVlLCJ0b2tlbiI6ImEyYzg0ODE1LThjYjgtNGE3Ni1iNmU0LTg4MGM3ZTc2MGNlYiIsImlhdCI6MTQ4NjU4Njc4OCwiYXVkIjoiaHR0cDovL2FwaS1wbGF0Zm9ybS1hcGkvcmVwb3NpdG9yeSIsImlzcyI6Imh0dHA6Ly9hcGktcGxhdGZvcm0tYXBpL3JlcG9zaXRvcnkifQ.YOsto-KJMgjQZxFXe6FFipYd8TIh4P1HIlJ5Tg6a9Ps
				Accept=*/*
				Content-Type=text/plain; charset=UTF-8
Cookies:		&lt;none&gt;
Body:			&lt;none&gt;
Request method:	DELETE
Request path:	https://qax.anypoint.mulesoft.com/apiplatform/repository/applications/43316
Proxy:			&lt;none&gt;
Request params:	&lt;none&gt;
Query params:	&lt;none&gt;
Form params:	&lt;none&gt;
Path params:	&lt;none&gt;
Multiparts:		&lt;none&gt;
Headers:		Authorization=Bearer eyJ0eXAiOiJKV1QiLCJhbGciOiJIUzI1NiJ9.eyJpZCI6IjUwMDAzN2NkLTJjZmQtNGRhNC1iZWQ3LTU3Mzg0ZGViMDYyYiIsImZpcnN0TmFtZSI6IkZlZGVyYXRlZCIsImxhc3ROYW1lIjoiRXh0ZXJuYWwiLCJlbWFpbCI6ImNocmlzdG9waGVyLm1vcmR1ZUBtdWxlc29mdC5jb20iLCJ1c2VybmFtZSI6ImZlZGVyYXRlZF9leHRlcm5hbCIsIm9yZ2FuaXphdGlvbiI6eyJpZCI6IjUwMDBkYjk1LWM1ZDQtNDg3Zi05MjVlLTNmODJmMTVhNTQ5OSIsIm5hbWUiOiJGZWRlcmF0ZWQgSW5jIEV4dGVybmFsIEF1dGhvcml6YXRpb24iLCJkb21haW4iOiJmZWRlcmF0ZWQtZXh0ZXJuYWwiLCJlbnRpdGxlbWVudHMiOnsiaHlicmlkIjp7ImVuYWJsZWQiOmZhbHNlfSwiY3JlYXRlU3ViT3JncyI6dHJ1ZSwidkNvcmVzUHJvZHVjdGlvbiI6eyJhc3NpZ25lZCI6MSwicmVhc3NpZ25lZCI6MH0sInZDb3Jlc1NhbmRib3giOnsiYXNzaWduZWQiOjEsInJlYXNzaWduZWQiOjB9LCJnbG9iYWxEZXBsb3ltZW50IjpmYWxzZSwid29ya2VyTG9nZ2luZ092ZXJyaWRlIjp7ImVuYWJsZWQiOmZhbHNlfSwiZ2F0ZXdheXMiOnsiYXNzaWduZWQiOjB9LCJjcmVhdGVFbnZpcm9ubWVudHMiOnRydWUsInBhcnRuZXJzUHJvZHVjdGlvbiI6eyJhc3NpZ25lZCI6MH0sInBhcnRuZXJzU2FuZGJveCI6eyJhc3NpZ25lZCI6MH0sImF1dG9zY2FsaW5nIjpmYWxzZSwic3RhdGljSXBzIjp7ImFzc2lnbmVkIjowLCJyZWFzc2lnbmVkIjowfSwiYXJtQWxlcnRzIjpmYWxzZSwiYXBpcyI6eyJlbmFibGVkIjp0cnVlfSwibXFNZXNzYWdlcyI6eyJiYXNlIjowLCJhZGRPbiI6MH0sIm1xUmVxdWVzdHMiOnsiYmFzZSI6MCwiYWRkT24iOjB9LCJleHRlcm5hbElkZW50aXR5Ijp0cnVlLCJtcUFkdmFuY2VkRmVhdHVyZXMiOnsiZW5hYmxlZCI6ZmFsc2V9LCJ2cGNzIjp7ImFzc2lnbmVkIjowLCJyZWFzc2lnbmVkIjowfSwiaHlicmlkSW5zaWdodCI6ZmFsc2UsImRlc2lnbkNlbnRlciI6eyJtb3phcnQiOmZhbHNlLCJhcGkiOmZhbHNlfSwib2JqZWN0U3RvcmVSZXF1ZXN0VW5pdHMiOnsiYmFzZSI6MTUwMDAwMDAsImFkZE9uIjowfSwib2JqZWN0U3RvcmVLZXlzIjp7ImJhc2UiOjEwMDAwMCwiYWRkT24iOjB9LCJjYW0iOnsiZW5hYmxlZCI6ZmFsc2V9LCJsb2FkQmFsYW5jZXIiOnsiYXNzaWduZWQiOjAsInJlYXNzaWduZWQiOjB9LCJtZXNzYWdpbmciOnsiYXNzaWduZWQiOjB9fSwiZXh0ZXJuYWxBdXRob3JpemF0aW9uIjp0cnVlLCJleHRlcm5hbEF1dGhvcml6YXRpb25Qcm92aWRlciI6eyJuYW1lIjoiUG9ydGFsIEFwcGxpY2F0aW9uIE1hbmFnZW1lbnQgU3lzdGVtIChQQU1TKSIsInVybCI6Imh0dHBzOi8vd3NneC10ZXN0LmNpc2NvLmNvbS9wYW1zL2x0L2NlcG1TZXJ2aWNlL3YxLjUvbWdyc3J2cyIsInZlcnNpb24iOiIxLjUifSwiaWRlbnRpdHlNYW5hZ2VtZW50Ijp7InR5cGUiOiJQaW5nRmVkZXJhdGUifSwib2F1dGgyU2V0dGluZ3MiOnsiYXV0aG9yaXphdGlvbkdyYW50cyI6WyJjb2RlIiwidG9rZW4iLCJvd25lciIsImNyZWRlbnRpYWxzIl0sImF1dGhvcml6YXRpb25VcmkiOiJodHRwczovL2Nsb3Vkc3NvLXRlc3QuY2lzY28uY29tL2FzL2F1dGhvcml6YXRpb24ub2F1dGgyIiwiYWNjZXNzVG9rZW5VcmkiOiJodHRwczovL2Nsb3Vkc3NvLXRlc3QuY2lzY28uY29tL2FzL3Rva2VuLm9hdXRoMiIsImdyYW50VHlwZXMiOlt7Im5hbWUiOiJwYXNzd29yZCIsImxhYmVsIjoiUmVzb3VyY2UgT3duZXIgR3JhbnQiLCJyZXF1aXJlZCI6ZmFsc2UsImV4Y2x1ZGUiOltdLCJkZXBlbmRzIjpbXX0seyJuYW1lIjoiaW1wbGljaXQiLCJsYWJlbCI6IkltcGxpY2l0IEdyYW50IiwicmVxdWlyZWQiOmZhbHNlLCJleGNsdWRlIjpbXSwiZGVwZW5kcyI6W119LHsibmFtZSI6ImNsaWVudF9jcmVkZW50aWFscyIsImxhYmVsIjoiQ2xpZW50IENyZWRlbnRpYWxzIEdyYW50IiwicmVxdWlyZWQiOmZhbHNlLCJleGNsdWRlIjpbXSwiZGVwZW5kcyI6W119LHsibmFtZSI6ImF1dGhvcml6YXRpb25fY29kZSIsImxhYmVsIjoiQXV0aG9yaXphdGlvbiBDb2RlIEdyYW50IiwicmVxdWlyZWQiOmZhbHNlLCJleGNsdWRlIjpbXSwiZGVwZW5kcyI6W119LHsibmFtZSI6InJlZnJlc2hfdG9rZW4iLCJsYWJlbCI6IlJlZnJlc2ggVG9rZW4iLCJyZXF1aXJlZCI6ZmFsc2UsImV4Y2x1ZGUiOltdLCJkZXBlbmRzIjpbImF1dGhvcml6YXRpb25fY29kZSIsInBhc3N3b3JkIl19XX19LCJpbnRlcmFjdGl2ZUxvZ2luIjp0cnVlLCJ0b2tlbiI6ImEyYzg0ODE1LThjYjgtNGE3Ni1iNmU0LTg4MGM3ZTc2MGNlYiIsImlhdCI6MTQ4NjU4Njc4OCwiYXVkIjoiaHR0cDovL2FwaS1wbGF0Zm9ybS1hcGkvcmVwb3NpdG9yeSIsImlzcyI6Imh0dHA6Ly9hcGktcGxhdGZvcm0tYXBpL3JlcG9zaXRvcnkifQ.YOsto-KJMgjQZxFXe6FFipYd8TIh4P1HIlJ5Tg6a9Ps
				Accept=*/*
				Content-Type=text/plain; charset=UTF-8
Cookies:		&lt;none&gt;
Body:			&lt;none&gt;
Request method:	DELETE
Request path:	https://qax.anypoint.mulesoft.com/apiplatform/repository/applications/43363
Proxy:			&lt;none&gt;
Request params:	&lt;none&gt;
Query params:	&lt;none&gt;
Form params:	&lt;none&gt;
Path params:	&lt;none&gt;
Multiparts:		&lt;none&gt;
Headers:		Authorization=Bearer eyJ0eXAiOiJKV1QiLCJhbGciOiJIUzI1NiJ9.eyJpZCI6IjUwMDAzN2NkLTJjZmQtNGRhNC1iZWQ3LTU3Mzg0ZGViMDYyYiIsImZpcnN0TmFtZSI6IkZlZGVyYXRlZCIsImxhc3ROYW1lIjoiRXh0ZXJuYWwiLCJlbWFpbCI6ImNocmlzdG9waGVyLm1vcmR1ZUBtdWxlc29mdC5jb20iLCJ1c2VybmFtZSI6ImZlZGVyYXRlZF9leHRlcm5hbCIsIm9yZ2FuaXphdGlvbiI6eyJpZCI6IjUwMDBkYjk1LWM1ZDQtNDg3Zi05MjVlLTNmODJmMTVhNTQ5OSIsIm5hbWUiOiJGZWRlcmF0ZWQgSW5jIEV4dGVybmFsIEF1dGhvcml6YXRpb24iLCJkb21haW4iOiJmZWRlcmF0ZWQtZXh0ZXJuYWwiLCJlbnRpdGxlbWVudHMiOnsiaHlicmlkIjp7ImVuYWJsZWQiOmZhbHNlfSwiY3JlYXRlU3ViT3JncyI6dHJ1ZSwidkNvcmVzUHJvZHVjdGlvbiI6eyJhc3NpZ25lZCI6MSwicmVhc3NpZ25lZCI6MH0sInZDb3Jlc1NhbmRib3giOnsiYXNzaWduZWQiOjEsInJlYXNzaWduZWQiOjB9LCJnbG9iYWxEZXBsb3ltZW50IjpmYWxzZSwid29ya2VyTG9nZ2luZ092ZXJyaWRlIjp7ImVuYWJsZWQiOmZhbHNlfSwiZ2F0ZXdheXMiOnsiYXNzaWduZWQiOjB9LCJjcmVhdGVFbnZpcm9ubWVudHMiOnRydWUsInBhcnRuZXJzUHJvZHVjdGlvbiI6eyJhc3NpZ25lZCI6MH0sInBhcnRuZXJzU2FuZGJveCI6eyJhc3NpZ25lZCI6MH0sImF1dG9zY2FsaW5nIjpmYWxzZSwic3RhdGljSXBzIjp7ImFzc2lnbmVkIjowLCJyZWFzc2lnbmVkIjowfSwiYXJtQWxlcnRzIjpmYWxzZSwiYXBpcyI6eyJlbmFibGVkIjp0cnVlfSwibXFNZXNzYWdlcyI6eyJiYXNlIjowLCJhZGRPbiI6MH0sIm1xUmVxdWVzdHMiOnsiYmFzZSI6MCwiYWRkT24iOjB9LCJleHRlcm5hbElkZW50aXR5Ijp0cnVlLCJtcUFkdmFuY2VkRmVhdHVyZXMiOnsiZW5hYmxlZCI6ZmFsc2V9LCJ2cGNzIjp7ImFzc2lnbmVkIjowLCJyZWFzc2lnbmVkIjowfSwiaHlicmlkSW5zaWdodCI6ZmFsc2UsImRlc2lnbkNlbnRlciI6eyJtb3phcnQiOmZhbHNlLCJhcGkiOmZhbHNlfSwib2JqZWN0U3RvcmVSZXF1ZXN0VW5pdHMiOnsiYmFzZSI6MTUwMDAwMDAsImFkZE9uIjowfSwib2JqZWN0U3RvcmVLZXlzIjp7ImJhc2UiOjEwMDAwMCwiYWRkT24iOjB9LCJjYW0iOnsiZW5hYmxlZCI6ZmFsc2V9LCJsb2FkQmFsYW5jZXIiOnsiYXNzaWduZWQiOjAsInJlYXNzaWduZWQiOjB9LCJtZXNzYWdpbmciOnsiYXNzaWduZWQiOjB9fSwiZXh0ZXJuYWxBdXRob3JpemF0aW9uIjp0cnVlLCJleHRlcm5hbEF1dGhvcml6YXRpb25Qcm92aWRlciI6eyJuYW1lIjoiUG9ydGFsIEFwcGxpY2F0aW9uIE1hbmFnZW1lbnQgU3lzdGVtIChQQU1TKSIsInVybCI6Imh0dHBzOi8vd3NneC10ZXN0LmNpc2NvLmNvbS9wYW1zL2x0L2NlcG1TZXJ2aWNlL3YxLjUvbWdyc3J2cyIsInZlcnNpb24iOiIxLjUifSwiaWRlbnRpdHlNYW5hZ2VtZW50Ijp7InR5cGUiOiJQaW5nRmVkZXJhdGUifSwib2F1dGgyU2V0dGluZ3MiOnsiYXV0aG9yaXphdGlvbkdyYW50cyI6WyJjb2RlIiwidG9rZW4iLCJvd25lciIsImNyZWRlbnRpYWxzIl0sImF1dGhvcml6YXRpb25VcmkiOiJodHRwczovL2Nsb3Vkc3NvLXRlc3QuY2lzY28uY29tL2FzL2F1dGhvcml6YXRpb24ub2F1dGgyIiwiYWNjZXNzVG9rZW5VcmkiOiJodHRwczovL2Nsb3Vkc3NvLXRlc3QuY2lzY28uY29tL2FzL3Rva2VuLm9hdXRoMiIsImdyYW50VHlwZXMiOlt7Im5hbWUiOiJwYXNzd29yZCIsImxhYmVsIjoiUmVzb3VyY2UgT3duZXIgR3JhbnQiLCJyZXF1aXJlZCI6ZmFsc2UsImV4Y2x1ZGUiOltdLCJkZXBlbmRzIjpbXX0seyJuYW1lIjoiaW1wbGljaXQiLCJsYWJlbCI6IkltcGxpY2l0IEdyYW50IiwicmVxdWlyZWQiOmZhbHNlLCJleGNsdWRlIjpbXSwiZGVwZW5kcyI6W119LHsibmFtZSI6ImNsaWVudF9jcmVkZW50aWFscyIsImxhYmVsIjoiQ2xpZW50IENyZWRlbnRpYWxzIEdyYW50IiwicmVxdWlyZWQiOmZhbHNlLCJleGNsdWRlIjpbXSwiZGVwZW5kcyI6W119LHsibmFtZSI6ImF1dGhvcml6YXRpb25fY29kZSIsImxhYmVsIjoiQXV0aG9yaXphdGlvbiBDb2RlIEdyYW50IiwicmVxdWlyZWQiOmZhbHNlLCJleGNsdWRlIjpbXSwiZGVwZW5kcyI6W119LHsibmFtZSI6InJlZnJlc2hfdG9rZW4iLCJsYWJlbCI6IlJlZnJlc2ggVG9rZW4iLCJyZXF1aXJlZCI6ZmFsc2UsImV4Y2x1ZGUiOltdLCJkZXBlbmRzIjpbImF1dGhvcml6YXRpb25fY29kZSIsInBhc3N3b3JkIl19XX19LCJpbnRlcmFjdGl2ZUxvZ2luIjp0cnVlLCJ0b2tlbiI6ImEyYzg0ODE1LThjYjgtNGE3Ni1iNmU0LTg4MGM3ZTc2MGNlYiIsImlhdCI6MTQ4NjU4Njc4OCwiYXVkIjoiaHR0cDovL2FwaS1wbGF0Zm9ybS1hcGkvcmVwb3NpdG9yeSIsImlzcyI6Imh0dHA6Ly9hcGktcGxhdGZvcm0tYXBpL3JlcG9zaXRvcnkifQ.YOsto-KJMgjQZxFXe6FFipYd8TIh4P1HIlJ5Tg6a9Ps
				Accept=*/*
				Content-Type=text/plain; charset=UTF-8
Cookies:		&lt;none&gt;
Body:			&lt;none&gt;
Request method:	DELETE
Request path:	https://qax.anypoint.mulesoft.com/apiplatform/repository/applications/43337
Proxy:			&lt;none&gt;
Request params:	&lt;none&gt;
Query params:	&lt;none&gt;
Form params:	&lt;none&gt;
Path params:	&lt;none&gt;
Multiparts:		&lt;none&gt;
Headers:		Authorization=Bearer eyJ0eXAiOiJKV1QiLCJhbGciOiJIUzI1NiJ9.eyJpZCI6IjUwMDAzN2NkLTJjZmQtNGRhNC1iZWQ3LTU3Mzg0ZGViMDYyYiIsImZpcnN0TmFtZSI6IkZlZGVyYXRlZCIsImxhc3ROYW1lIjoiRXh0ZXJuYWwiLCJlbWFpbCI6ImNocmlzdG9waGVyLm1vcmR1ZUBtdWxlc29mdC5jb20iLCJ1c2VybmFtZSI6ImZlZGVyYXRlZF9leHRlcm5hbCIsIm9yZ2FuaXphdGlvbiI6eyJpZCI6IjUwMDBkYjk1LWM1ZDQtNDg3Zi05MjVlLTNmODJmMTVhNTQ5OSIsIm5hbWUiOiJGZWRlcmF0ZWQgSW5jIEV4dGVybmFsIEF1dGhvcml6YXRpb24iLCJkb21haW4iOiJmZWRlcmF0ZWQtZXh0ZXJuYWwiLCJlbnRpdGxlbWVudHMiOnsiaHlicmlkIjp7ImVuYWJsZWQiOmZhbHNlfSwiY3JlYXRlU3ViT3JncyI6dHJ1ZSwidkNvcmVzUHJvZHVjdGlvbiI6eyJhc3NpZ25lZCI6MSwicmVhc3NpZ25lZCI6MH0sInZDb3Jlc1NhbmRib3giOnsiYXNzaWduZWQiOjEsInJlYXNzaWduZWQiOjB9LCJnbG9iYWxEZXBsb3ltZW50IjpmYWxzZSwid29ya2VyTG9nZ2luZ092ZXJyaWRlIjp7ImVuYWJsZWQiOmZhbHNlfSwiZ2F0ZXdheXMiOnsiYXNzaWduZWQiOjB9LCJjcmVhdGVFbnZpcm9ubWVudHMiOnRydWUsInBhcnRuZXJzUHJvZHVjdGlvbiI6eyJhc3NpZ25lZCI6MH0sInBhcnRuZXJzU2FuZGJveCI6eyJhc3NpZ25lZCI6MH0sImF1dG9zY2FsaW5nIjpmYWxzZSwic3RhdGljSXBzIjp7ImFzc2lnbmVkIjowLCJyZWFzc2lnbmVkIjowfSwiYXJtQWxlcnRzIjpmYWxzZSwiYXBpcyI6eyJlbmFibGVkIjp0cnVlfSwibXFNZXNzYWdlcyI6eyJiYXNlIjowLCJhZGRPbiI6MH0sIm1xUmVxdWVzdHMiOnsiYmFzZSI6MCwiYWRkT24iOjB9LCJleHRlcm5hbElkZW50aXR5Ijp0cnVlLCJtcUFkdmFuY2VkRmVhdHVyZXMiOnsiZW5hYmxlZCI6ZmFsc2V9LCJ2cGNzIjp7ImFzc2lnbmVkIjowLCJyZWFzc2lnbmVkIjowfSwiaHlicmlkSW5zaWdodCI6ZmFsc2UsImRlc2lnbkNlbnRlciI6eyJtb3phcnQiOmZhbHNlLCJhcGkiOmZhbHNlfSwib2JqZWN0U3RvcmVSZXF1ZXN0VW5pdHMiOnsiYmFzZSI6MTUwMDAwMDAsImFkZE9uIjowfSwib2JqZWN0U3RvcmVLZXlzIjp7ImJhc2UiOjEwMDAwMCwiYWRkT24iOjB9LCJjYW0iOnsiZW5hYmxlZCI6ZmFsc2V9LCJsb2FkQmFsYW5jZXIiOnsiYXNzaWduZWQiOjAsInJlYXNzaWduZWQiOjB9LCJtZXNzYWdpbmciOnsiYXNzaWduZWQiOjB9fSwiZXh0ZXJuYWxBdXRob3JpemF0aW9uIjp0cnVlLCJleHRlcm5hbEF1dGhvcml6YXRpb25Qcm92aWRlciI6eyJuYW1lIjoiUG9ydGFsIEFwcGxpY2F0aW9uIE1hbmFnZW1lbnQgU3lzdGVtIChQQU1TKSIsInVybCI6Imh0dHBzOi8vd3NneC10ZXN0LmNpc2NvLmNvbS9wYW1zL2x0L2NlcG1TZXJ2aWNlL3YxLjUvbWdyc3J2cyIsInZlcnNpb24iOiIxLjUifSwiaWRlbnRpdHlNYW5hZ2VtZW50Ijp7InR5cGUiOiJQaW5nRmVkZXJhdGUifSwib2F1dGgyU2V0dGluZ3MiOnsiYXV0aG9yaXphdGlvbkdyYW50cyI6WyJjb2RlIiwidG9rZW4iLCJvd25lciIsImNyZWRlbnRpYWxzIl0sImF1dGhvcml6YXRpb25VcmkiOiJodHRwczovL2Nsb3Vkc3NvLXRlc3QuY2lzY28uY29tL2FzL2F1dGhvcml6YXRpb24ub2F1dGgyIiwiYWNjZXNzVG9rZW5VcmkiOiJodHRwczovL2Nsb3Vkc3NvLXRlc3QuY2lzY28uY29tL2FzL3Rva2VuLm9hdXRoMiIsImdyYW50VHlwZXMiOlt7Im5hbWUiOiJwYXNzd29yZCIsImxhYmVsIjoiUmVzb3VyY2UgT3duZXIgR3JhbnQiLCJyZXF1aXJlZCI6ZmFsc2UsImV4Y2x1ZGUiOltdLCJkZXBlbmRzIjpbXX0seyJuYW1lIjoiaW1wbGljaXQiLCJsYWJlbCI6IkltcGxpY2l0IEdyYW50IiwicmVxdWlyZWQiOmZhbHNlLCJleGNsdWRlIjpbXSwiZGVwZW5kcyI6W119LHsibmFtZSI6ImNsaWVudF9jcmVkZW50aWFscyIsImxhYmVsIjoiQ2xpZW50IENyZWRlbnRpYWxzIEdyYW50IiwicmVxdWlyZWQiOmZhbHNlLCJleGNsdWRlIjpbXSwiZGVwZW5kcyI6W119LHsibmFtZSI6ImF1dGhvcml6YXRpb25fY29kZSIsImxhYmVsIjoiQXV0aG9yaXphdGlvbiBDb2RlIEdyYW50IiwicmVxdWlyZWQiOmZhbHNlLCJleGNsdWRlIjpbXSwiZGVwZW5kcyI6W119LHsibmFtZSI6InJlZnJlc2hfdG9rZW4iLCJsYWJlbCI6IlJlZnJlc2ggVG9rZW4iLCJyZXF1aXJlZCI6ZmFsc2UsImV4Y2x1ZGUiOltdLCJkZXBlbmRzIjpbImF1dGhvcml6YXRpb25fY29kZSIsInBhc3N3b3JkIl19XX19LCJpbnRlcmFjdGl2ZUxvZ2luIjp0cnVlLCJ0b2tlbiI6ImEyYzg0ODE1LThjYjgtNGE3Ni1iNmU0LTg4MGM3ZTc2MGNlYiIsImlhdCI6MTQ4NjU4Njc4OCwiYXVkIjoiaHR0cDovL2FwaS1wbGF0Zm9ybS1hcGkvcmVwb3NpdG9yeSIsImlzcyI6Imh0dHA6Ly9hcGktcGxhdGZvcm0tYXBpL3JlcG9zaXRvcnkifQ.YOsto-KJMgjQZxFXe6FFipYd8TIh4P1HIlJ5Tg6a9Ps
				Accept=*/*
				Content-Type=text/plain; charset=UTF-8
Cookies:		&lt;none&gt;
Body:			&lt;none&gt;
Request method:	DELETE
Request path:	https://qax.anypoint.mulesoft.com/apiplatform/repository/applications/43333
Proxy:			&lt;none&gt;
Request params:	&lt;none&gt;
Query params:	&lt;none&gt;
Form params:	&lt;none&gt;
Path params:	&lt;none&gt;
Multiparts:		&lt;none&gt;
Headers:		Authorization=Bearer eyJ0eXAiOiJKV1QiLCJhbGciOiJIUzI1NiJ9.eyJpZCI6IjUwMDAzN2NkLTJjZmQtNGRhNC1iZWQ3LTU3Mzg0ZGViMDYyYiIsImZpcnN0TmFtZSI6IkZlZGVyYXRlZCIsImxhc3ROYW1lIjoiRXh0ZXJuYWwiLCJlbWFpbCI6ImNocmlzdG9waGVyLm1vcmR1ZUBtdWxlc29mdC5jb20iLCJ1c2VybmFtZSI6ImZlZGVyYXRlZF9leHRlcm5hbCIsIm9yZ2FuaXphdGlvbiI6eyJpZCI6IjUwMDBkYjk1LWM1ZDQtNDg3Zi05MjVlLTNmODJmMTVhNTQ5OSIsIm5hbWUiOiJGZWRlcmF0ZWQgSW5jIEV4dGVybmFsIEF1dGhvcml6YXRpb24iLCJkb21haW4iOiJmZWRlcmF0ZWQtZXh0ZXJuYWwiLCJlbnRpdGxlbWVudHMiOnsiaHlicmlkIjp7ImVuYWJsZWQiOmZhbHNlfSwiY3JlYXRlU3ViT3JncyI6dHJ1ZSwidkNvcmVzUHJvZHVjdGlvbiI6eyJhc3NpZ25lZCI6MSwicmVhc3NpZ25lZCI6MH0sInZDb3Jlc1NhbmRib3giOnsiYXNzaWduZWQiOjEsInJlYXNzaWduZWQiOjB9LCJnbG9iYWxEZXBsb3ltZW50IjpmYWxzZSwid29ya2VyTG9nZ2luZ092ZXJyaWRlIjp7ImVuYWJsZWQiOmZhbHNlfSwiZ2F0ZXdheXMiOnsiYXNzaWduZWQiOjB9LCJjcmVhdGVFbnZpcm9ubWVudHMiOnRydWUsInBhcnRuZXJzUHJvZHVjdGlvbiI6eyJhc3NpZ25lZCI6MH0sInBhcnRuZXJzU2FuZGJveCI6eyJhc3NpZ25lZCI6MH0sImF1dG9zY2FsaW5nIjpmYWxzZSwic3RhdGljSXBzIjp7ImFzc2lnbmVkIjowLCJyZWFzc2lnbmVkIjowfSwiYXJtQWxlcnRzIjpmYWxzZSwiYXBpcyI6eyJlbmFibGVkIjp0cnVlfSwibXFNZXNzYWdlcyI6eyJiYXNlIjowLCJhZGRPbiI6MH0sIm1xUmVxdWVzdHMiOnsiYmFzZSI6MCwiYWRkT24iOjB9LCJleHRlcm5hbElkZW50aXR5Ijp0cnVlLCJtcUFkdmFuY2VkRmVhdHVyZXMiOnsiZW5hYmxlZCI6ZmFsc2V9LCJ2cGNzIjp7ImFzc2lnbmVkIjowLCJyZWFzc2lnbmVkIjowfSwiaHlicmlkSW5zaWdodCI6ZmFsc2UsImRlc2lnbkNlbnRlciI6eyJtb3phcnQiOmZhbHNlLCJhcGkiOmZhbHNlfSwib2JqZWN0U3RvcmVSZXF1ZXN0VW5pdHMiOnsiYmFzZSI6MTUwMDAwMDAsImFkZE9uIjowfSwib2JqZWN0U3RvcmVLZXlzIjp7ImJhc2UiOjEwMDAwMCwiYWRkT24iOjB9LCJjYW0iOnsiZW5hYmxlZCI6ZmFsc2V9LCJsb2FkQmFsYW5jZXIiOnsiYXNzaWduZWQiOjAsInJlYXNzaWduZWQiOjB9LCJtZXNzYWdpbmciOnsiYXNzaWduZWQiOjB9fSwiZXh0ZXJuYWxBdXRob3JpemF0aW9uIjp0cnVlLCJleHRlcm5hbEF1dGhvcml6YXRpb25Qcm92aWRlciI6eyJuYW1lIjoiUG9ydGFsIEFwcGxpY2F0aW9uIE1hbmFnZW1lbnQgU3lzdGVtIChQQU1TKSIsInVybCI6Imh0dHBzOi8vd3NneC10ZXN0LmNpc2NvLmNvbS9wYW1zL2x0L2NlcG1TZXJ2aWNlL3YxLjUvbWdyc3J2cyIsInZlcnNpb24iOiIxLjUifSwiaWRlbnRpdHlNYW5hZ2VtZW50Ijp7InR5cGUiOiJQaW5nRmVkZXJhdGUifSwib2F1dGgyU2V0dGluZ3MiOnsiYXV0aG9yaXphdGlvbkdyYW50cyI6WyJjb2RlIiwidG9rZW4iLCJvd25lciIsImNyZWRlbnRpYWxzIl0sImF1dGhvcml6YXRpb25VcmkiOiJodHRwczovL2Nsb3Vkc3NvLXRlc3QuY2lzY28uY29tL2FzL2F1dGhvcml6YXRpb24ub2F1dGgyIiwiYWNjZXNzVG9rZW5VcmkiOiJodHRwczovL2Nsb3Vkc3NvLXRlc3QuY2lzY28uY29tL2FzL3Rva2VuLm9hdXRoMiIsImdyYW50VHlwZXMiOlt7Im5hbWUiOiJwYXNzd29yZCIsImxhYmVsIjoiUmVzb3VyY2UgT3duZXIgR3JhbnQiLCJyZXF1aXJlZCI6ZmFsc2UsImV4Y2x1ZGUiOltdLCJkZXBlbmRzIjpbXX0seyJuYW1lIjoiaW1wbGljaXQiLCJsYWJlbCI6IkltcGxpY2l0IEdyYW50IiwicmVxdWlyZWQiOmZhbHNlLCJleGNsdWRlIjpbXSwiZGVwZW5kcyI6W119LHsibmFtZSI6ImNsaWVudF9jcmVkZW50aWFscyIsImxhYmVsIjoiQ2xpZW50IENyZWRlbnRpYWxzIEdyYW50IiwicmVxdWlyZWQiOmZhbHNlLCJleGNsdWRlIjpbXSwiZGVwZW5kcyI6W119LHsibmFtZSI6ImF1dGhvcml6YXRpb25fY29kZSIsImxhYmVsIjoiQXV0aG9yaXphdGlvbiBDb2RlIEdyYW50IiwicmVxdWlyZWQiOmZhbHNlLCJleGNsdWRlIjpbXSwiZGVwZW5kcyI6W119LHsibmFtZSI6InJlZnJlc2hfdG9rZW4iLCJsYWJlbCI6IlJlZnJlc2ggVG9rZW4iLCJyZXF1aXJlZCI6ZmFsc2UsImV4Y2x1ZGUiOltdLCJkZXBlbmRzIjpbImF1dGhvcml6YXRpb25fY29kZSIsInBhc3N3b3JkIl19XX19LCJpbnRlcmFjdGl2ZUxvZ2luIjp0cnVlLCJ0b2tlbiI6ImEyYzg0ODE1LThjYjgtNGE3Ni1iNmU0LTg4MGM3ZTc2MGNlYiIsImlhdCI6MTQ4NjU4Njc4OCwiYXVkIjoiaHR0cDovL2FwaS1wbGF0Zm9ybS1hcGkvcmVwb3NpdG9yeSIsImlzcyI6Imh0dHA6Ly9hcGktcGxhdGZvcm0tYXBpL3JlcG9zaXRvcnkifQ.YOsto-KJMgjQZxFXe6FFipYd8TIh4P1HIlJ5Tg6a9Ps
				Accept=*/*
				Content-Type=text/plain; charset=UTF-8
Cookies:		&lt;none&gt;
Body:			&lt;none&gt;
Request method:	DELETE
Request path:	https://qax.anypoint.mulesoft.com/apiplatform/repository/applications/43351
Proxy:			&lt;none&gt;
Request params:	&lt;none&gt;
Query params:	&lt;none&gt;
Form params:	&lt;none&gt;
Path params:	&lt;none&gt;
Multiparts:		&lt;none&gt;
Headers:		Authorization=Bearer eyJ0eXAiOiJKV1QiLCJhbGciOiJIUzI1NiJ9.eyJpZCI6IjUwMDAzN2NkLTJjZmQtNGRhNC1iZWQ3LTU3Mzg0ZGViMDYyYiIsImZpcnN0TmFtZSI6IkZlZGVyYXRlZCIsImxhc3ROYW1lIjoiRXh0ZXJuYWwiLCJlbWFpbCI6ImNocmlzdG9waGVyLm1vcmR1ZUBtdWxlc29mdC5jb20iLCJ1c2VybmFtZSI6ImZlZGVyYXRlZF9leHRlcm5hbCIsIm9yZ2FuaXphdGlvbiI6eyJpZCI6IjUwMDBkYjk1LWM1ZDQtNDg3Zi05MjVlLTNmODJmMTVhNTQ5OSIsIm5hbWUiOiJGZWRlcmF0ZWQgSW5jIEV4dGVybmFsIEF1dGhvcml6YXRpb24iLCJkb21haW4iOiJmZWRlcmF0ZWQtZXh0ZXJuYWwiLCJlbnRpdGxlbWVudHMiOnsiaHlicmlkIjp7ImVuYWJsZWQiOmZhbHNlfSwiY3JlYXRlU3ViT3JncyI6dHJ1ZSwidkNvcmVzUHJvZHVjdGlvbiI6eyJhc3NpZ25lZCI6MSwicmVhc3NpZ25lZCI6MH0sInZDb3Jlc1NhbmRib3giOnsiYXNzaWduZWQiOjEsInJlYXNzaWduZWQiOjB9LCJnbG9iYWxEZXBsb3ltZW50IjpmYWxzZSwid29ya2VyTG9nZ2luZ092ZXJyaWRlIjp7ImVuYWJsZWQiOmZhbHNlfSwiZ2F0ZXdheXMiOnsiYXNzaWduZWQiOjB9LCJjcmVhdGVFbnZpcm9ubWVudHMiOnRydWUsInBhcnRuZXJzUHJvZHVjdGlvbiI6eyJhc3NpZ25lZCI6MH0sInBhcnRuZXJzU2FuZGJveCI6eyJhc3NpZ25lZCI6MH0sImF1dG9zY2FsaW5nIjpmYWxzZSwic3RhdGljSXBzIjp7ImFzc2lnbmVkIjowLCJyZWFzc2lnbmVkIjowfSwiYXJtQWxlcnRzIjpmYWxzZSwiYXBpcyI6eyJlbmFibGVkIjp0cnVlfSwibXFNZXNzYWdlcyI6eyJiYXNlIjowLCJhZGRPbiI6MH0sIm1xUmVxdWVzdHMiOnsiYmFzZSI6MCwiYWRkT24iOjB9LCJleHRlcm5hbElkZW50aXR5Ijp0cnVlLCJtcUFkdmFuY2VkRmVhdHVyZXMiOnsiZW5hYmxlZCI6ZmFsc2V9LCJ2cGNzIjp7ImFzc2lnbmVkIjowLCJyZWFzc2lnbmVkIjowfSwiaHlicmlkSW5zaWdodCI6ZmFsc2UsImRlc2lnbkNlbnRlciI6eyJtb3phcnQiOmZhbHNlLCJhcGkiOmZhbHNlfSwib2JqZWN0U3RvcmVSZXF1ZXN0VW5pdHMiOnsiYmFzZSI6MTUwMDAwMDAsImFkZE9uIjowfSwib2JqZWN0U3RvcmVLZXlzIjp7ImJhc2UiOjEwMDAwMCwiYWRkT24iOjB9LCJjYW0iOnsiZW5hYmxlZCI6ZmFsc2V9LCJsb2FkQmFsYW5jZXIiOnsiYXNzaWduZWQiOjAsInJlYXNzaWduZWQiOjB9LCJtZXNzYWdpbmciOnsiYXNzaWduZWQiOjB9fSwiZXh0ZXJuYWxBdXRob3JpemF0aW9uIjp0cnVlLCJleHRlcm5hbEF1dGhvcml6YXRpb25Qcm92aWRlciI6eyJuYW1lIjoiUG9ydGFsIEFwcGxpY2F0aW9uIE1hbmFnZW1lbnQgU3lzdGVtIChQQU1TKSIsInVybCI6Imh0dHBzOi8vd3NneC10ZXN0LmNpc2NvLmNvbS9wYW1zL2x0L2NlcG1TZXJ2aWNlL3YxLjUvbWdyc3J2cyIsInZlcnNpb24iOiIxLjUifSwiaWRlbnRpdHlNYW5hZ2VtZW50Ijp7InR5cGUiOiJQaW5nRmVkZXJhdGUifSwib2F1dGgyU2V0dGluZ3MiOnsiYXV0aG9yaXphdGlvbkdyYW50cyI6WyJjb2RlIiwidG9rZW4iLCJvd25lciIsImNyZWRlbnRpYWxzIl0sImF1dGhvcml6YXRpb25VcmkiOiJodHRwczovL2Nsb3Vkc3NvLXRlc3QuY2lzY28uY29tL2FzL2F1dGhvcml6YXRpb24ub2F1dGgyIiwiYWNjZXNzVG9rZW5VcmkiOiJodHRwczovL2Nsb3Vkc3NvLXRlc3QuY2lzY28uY29tL2FzL3Rva2VuLm9hdXRoMiIsImdyYW50VHlwZXMiOlt7Im5hbWUiOiJwYXNzd29yZCIsImxhYmVsIjoiUmVzb3VyY2UgT3duZXIgR3JhbnQiLCJyZXF1aXJlZCI6ZmFsc2UsImV4Y2x1ZGUiOltdLCJkZXBlbmRzIjpbXX0seyJuYW1lIjoiaW1wbGljaXQiLCJsYWJlbCI6IkltcGxpY2l0IEdyYW50IiwicmVxdWlyZWQiOmZhbHNlLCJleGNsdWRlIjpbXSwiZGVwZW5kcyI6W119LHsibmFtZSI6ImNsaWVudF9jcmVkZW50aWFscyIsImxhYmVsIjoiQ2xpZW50IENyZWRlbnRpYWxzIEdyYW50IiwicmVxdWlyZWQiOmZhbHNlLCJleGNsdWRlIjpbXSwiZGVwZW5kcyI6W119LHsibmFtZSI6ImF1dGhvcml6YXRpb25fY29kZSIsImxhYmVsIjoiQXV0aG9yaXphdGlvbiBDb2RlIEdyYW50IiwicmVxdWlyZWQiOmZhbHNlLCJleGNsdWRlIjpbXSwiZGVwZW5kcyI6W119LHsibmFtZSI6InJlZnJlc2hfdG9rZW4iLCJsYWJlbCI6IlJlZnJlc2ggVG9rZW4iLCJyZXF1aXJlZCI6ZmFsc2UsImV4Y2x1ZGUiOltdLCJkZXBlbmRzIjpbImF1dGhvcml6YXRpb25fY29kZSIsInBhc3N3b3JkIl19XX19LCJpbnRlcmFjdGl2ZUxvZ2luIjp0cnVlLCJ0b2tlbiI6ImEyYzg0ODE1LThjYjgtNGE3Ni1iNmU0LTg4MGM3ZTc2MGNlYiIsImlhdCI6MTQ4NjU4Njc4OCwiYXVkIjoiaHR0cDovL2FwaS1wbGF0Zm9ybS1hcGkvcmVwb3NpdG9yeSIsImlzcyI6Imh0dHA6Ly9hcGktcGxhdGZvcm0tYXBpL3JlcG9zaXRvcnkifQ.YOsto-KJMgjQZxFXe6FFipYd8TIh4P1HIlJ5Tg6a9Ps
				Accept=*/*
				Content-Type=text/plain; charset=UTF-8
Cookies:		&lt;none&gt;
Body:			&lt;none&gt;
Request method:	DELETE
Request path:	https://qax.anypoint.mulesoft.com/apiplatform/repository/applications/43359
Proxy:			&lt;none&gt;
Request params:	&lt;none&gt;
Query params:	&lt;none&gt;
Form params:	&lt;none&gt;
Path params:	&lt;none&gt;
Multiparts:		&lt;none&gt;
Headers:		Authorization=Bearer eyJ0eXAiOiJKV1QiLCJhbGciOiJIUzI1NiJ9.eyJpZCI6IjUwMDAzN2NkLTJjZmQtNGRhNC1iZWQ3LTU3Mzg0ZGViMDYyYiIsImZpcnN0TmFtZSI6IkZlZGVyYXRlZCIsImxhc3ROYW1lIjoiRXh0ZXJuYWwiLCJlbWFpbCI6ImNocmlzdG9waGVyLm1vcmR1ZUBtdWxlc29mdC5jb20iLCJ1c2VybmFtZSI6ImZlZGVyYXRlZF9leHRlcm5hbCIsIm9yZ2FuaXphdGlvbiI6eyJpZCI6IjUwMDBkYjk1LWM1ZDQtNDg3Zi05MjVlLTNmODJmMTVhNTQ5OSIsIm5hbWUiOiJGZWRlcmF0ZWQgSW5jIEV4dGVybmFsIEF1dGhvcml6YXRpb24iLCJkb21haW4iOiJmZWRlcmF0ZWQtZXh0ZXJuYWwiLCJlbnRpdGxlbWVudHMiOnsiaHlicmlkIjp7ImVuYWJsZWQiOmZhbHNlfSwiY3JlYXRlU3ViT3JncyI6dHJ1ZSwidkNvcmVzUHJvZHVjdGlvbiI6eyJhc3NpZ25lZCI6MSwicmVhc3NpZ25lZCI6MH0sInZDb3Jlc1NhbmRib3giOnsiYXNzaWduZWQiOjEsInJlYXNzaWduZWQiOjB9LCJnbG9iYWxEZXBsb3ltZW50IjpmYWxzZSwid29ya2VyTG9nZ2luZ092ZXJyaWRlIjp7ImVuYWJsZWQiOmZhbHNlfSwiZ2F0ZXdheXMiOnsiYXNzaWduZWQiOjB9LCJjcmVhdGVFbnZpcm9ubWVudHMiOnRydWUsInBhcnRuZXJzUHJvZHVjdGlvbiI6eyJhc3NpZ25lZCI6MH0sInBhcnRuZXJzU2FuZGJveCI6eyJhc3NpZ25lZCI6MH0sImF1dG9zY2FsaW5nIjpmYWxzZSwic3RhdGljSXBzIjp7ImFzc2lnbmVkIjowLCJyZWFzc2lnbmVkIjowfSwiYXJtQWxlcnRzIjpmYWxzZSwiYXBpcyI6eyJlbmFibGVkIjp0cnVlfSwibXFNZXNzYWdlcyI6eyJiYXNlIjowLCJhZGRPbiI6MH0sIm1xUmVxdWVzdHMiOnsiYmFzZSI6MCwiYWRkT24iOjB9LCJleHRlcm5hbElkZW50aXR5Ijp0cnVlLCJtcUFkdmFuY2VkRmVhdHVyZXMiOnsiZW5hYmxlZCI6ZmFsc2V9LCJ2cGNzIjp7ImFzc2lnbmVkIjowLCJyZWFzc2lnbmVkIjowfSwiaHlicmlkSW5zaWdodCI6ZmFsc2UsImRlc2lnbkNlbnRlciI6eyJtb3phcnQiOmZhbHNlLCJhcGkiOmZhbHNlfSwib2JqZWN0U3RvcmVSZXF1ZXN0VW5pdHMiOnsiYmFzZSI6MTUwMDAwMDAsImFkZE9uIjowfSwib2JqZWN0U3RvcmVLZXlzIjp7ImJhc2UiOjEwMDAwMCwiYWRkT24iOjB9LCJjYW0iOnsiZW5hYmxlZCI6ZmFsc2V9LCJsb2FkQmFsYW5jZXIiOnsiYXNzaWduZWQiOjAsInJlYXNzaWduZWQiOjB9LCJtZXNzYWdpbmciOnsiYXNzaWduZWQiOjB9fSwiZXh0ZXJuYWxBdXRob3JpemF0aW9uIjp0cnVlLCJleHRlcm5hbEF1dGhvcml6YXRpb25Qcm92aWRlciI6eyJuYW1lIjoiUG9ydGFsIEFwcGxpY2F0aW9uIE1hbmFnZW1lbnQgU3lzdGVtIChQQU1TKSIsInVybCI6Imh0dHBzOi8vd3NneC10ZXN0LmNpc2NvLmNvbS9wYW1zL2x0L2NlcG1TZXJ2aWNlL3YxLjUvbWdyc3J2cyIsInZlcnNpb24iOiIxLjUifSwiaWRlbnRpdHlNYW5hZ2VtZW50Ijp7InR5cGUiOiJQaW5nRmVkZXJhdGUifSwib2F1dGgyU2V0dGluZ3MiOnsiYXV0aG9yaXphdGlvbkdyYW50cyI6WyJjb2RlIiwidG9rZW4iLCJvd25lciIsImNyZWRlbnRpYWxzIl0sImF1dGhvcml6YXRpb25VcmkiOiJodHRwczovL2Nsb3Vkc3NvLXRlc3QuY2lzY28uY29tL2FzL2F1dGhvcml6YXRpb24ub2F1dGgyIiwiYWNjZXNzVG9rZW5VcmkiOiJodHRwczovL2Nsb3Vkc3NvLXRlc3QuY2lzY28uY29tL2FzL3Rva2VuLm9hdXRoMiIsImdyYW50VHlwZXMiOlt7Im5hbWUiOiJwYXNzd29yZCIsImxhYmVsIjoiUmVzb3VyY2UgT3duZXIgR3JhbnQiLCJyZXF1aXJlZCI6ZmFsc2UsImV4Y2x1ZGUiOltdLCJkZXBlbmRzIjpbXX0seyJuYW1lIjoiaW1wbGljaXQiLCJsYWJlbCI6IkltcGxpY2l0IEdyYW50IiwicmVxdWlyZWQiOmZhbHNlLCJleGNsdWRlIjpbXSwiZGVwZW5kcyI6W119LHsibmFtZSI6ImNsaWVudF9jcmVkZW50aWFscyIsImxhYmVsIjoiQ2xpZW50IENyZWRlbnRpYWxzIEdyYW50IiwicmVxdWlyZWQiOmZhbHNlLCJleGNsdWRlIjpbXSwiZGVwZW5kcyI6W119LHsibmFtZSI6ImF1dGhvcml6YXRpb25fY29kZSIsImxhYmVsIjoiQXV0aG9yaXphdGlvbiBDb2RlIEdyYW50IiwicmVxdWlyZWQiOmZhbHNlLCJleGNsdWRlIjpbXSwiZGVwZW5kcyI6W119LHsibmFtZSI6InJlZnJlc2hfdG9rZW4iLCJsYWJlbCI6IlJlZnJlc2ggVG9rZW4iLCJyZXF1aXJlZCI6ZmFsc2UsImV4Y2x1ZGUiOltdLCJkZXBlbmRzIjpbImF1dGhvcml6YXRpb25fY29kZSIsInBhc3N3b3JkIl19XX19LCJpbnRlcmFjdGl2ZUxvZ2luIjp0cnVlLCJ0b2tlbiI6ImEyYzg0ODE1LThjYjgtNGE3Ni1iNmU0LTg4MGM3ZTc2MGNlYiIsImlhdCI6MTQ4NjU4Njc4OCwiYXVkIjoiaHR0cDovL2FwaS1wbGF0Zm9ybS1hcGkvcmVwb3NpdG9yeSIsImlzcyI6Imh0dHA6Ly9hcGktcGxhdGZvcm0tYXBpL3JlcG9zaXRvcnkifQ.YOsto-KJMgjQZxFXe6FFipYd8TIh4P1HIlJ5Tg6a9Ps
				Accept=*/*
				Content-Type=text/plain; charset=UTF-8
Cookies:		&lt;none&gt;
Body:			&lt;none&gt;
Request method:	DELETE
Request path:	https://qax.anypoint.mulesoft.com/apiplatform/repository/applications/43393
Proxy:			&lt;none&gt;
Request params:	&lt;none&gt;
Query params:	&lt;none&gt;
Form params:	&lt;none&gt;
Path params:	&lt;none&gt;
Multiparts:		&lt;none&gt;
Headers:		Authorization=Bearer eyJ0eXAiOiJKV1QiLCJhbGciOiJIUzI1NiJ9.eyJpZCI6IjUwMDAzN2NkLTJjZmQtNGRhNC1iZWQ3LTU3Mzg0ZGViMDYyYiIsImZpcnN0TmFtZSI6IkZlZGVyYXRlZCIsImxhc3ROYW1lIjoiRXh0ZXJuYWwiLCJlbWFpbCI6ImNocmlzdG9waGVyLm1vcmR1ZUBtdWxlc29mdC5jb20iLCJ1c2VybmFtZSI6ImZlZGVyYXRlZF9leHRlcm5hbCIsIm9yZ2FuaXphdGlvbiI6eyJpZCI6IjUwMDBkYjk1LWM1ZDQtNDg3Zi05MjVlLTNmODJmMTVhNTQ5OSIsIm5hbWUiOiJGZWRlcmF0ZWQgSW5jIEV4dGVybmFsIEF1dGhvcml6YXRpb24iLCJkb21haW4iOiJmZWRlcmF0ZWQtZXh0ZXJuYWwiLCJlbnRpdGxlbWVudHMiOnsiaHlicmlkIjp7ImVuYWJsZWQiOmZhbHNlfSwiY3JlYXRlU3ViT3JncyI6dHJ1ZSwidkNvcmVzUHJvZHVjdGlvbiI6eyJhc3NpZ25lZCI6MSwicmVhc3NpZ25lZCI6MH0sInZDb3Jlc1NhbmRib3giOnsiYXNzaWduZWQiOjEsInJlYXNzaWduZWQiOjB9LCJnbG9iYWxEZXBsb3ltZW50IjpmYWxzZSwid29ya2VyTG9nZ2luZ092ZXJyaWRlIjp7ImVuYWJsZWQiOmZhbHNlfSwiZ2F0ZXdheXMiOnsiYXNzaWduZWQiOjB9LCJjcmVhdGVFbnZpcm9ubWVudHMiOnRydWUsInBhcnRuZXJzUHJvZHVjdGlvbiI6eyJhc3NpZ25lZCI6MH0sInBhcnRuZXJzU2FuZGJveCI6eyJhc3NpZ25lZCI6MH0sImF1dG9zY2FsaW5nIjpmYWxzZSwic3RhdGljSXBzIjp7ImFzc2lnbmVkIjowLCJyZWFzc2lnbmVkIjowfSwiYXJtQWxlcnRzIjpmYWxzZSwiYXBpcyI6eyJlbmFibGVkIjp0cnVlfSwibXFNZXNzYWdlcyI6eyJiYXNlIjowLCJhZGRPbiI6MH0sIm1xUmVxdWVzdHMiOnsiYmFzZSI6MCwiYWRkT24iOjB9LCJleHRlcm5hbElkZW50aXR5Ijp0cnVlLCJtcUFkdmFuY2VkRmVhdHVyZXMiOnsiZW5hYmxlZCI6ZmFsc2V9LCJ2cGNzIjp7ImFzc2lnbmVkIjowLCJyZWFzc2lnbmVkIjowfSwiaHlicmlkSW5zaWdodCI6ZmFsc2UsImRlc2lnbkNlbnRlciI6eyJtb3phcnQiOmZhbHNlLCJhcGkiOmZhbHNlfSwib2JqZWN0U3RvcmVSZXF1ZXN0VW5pdHMiOnsiYmFzZSI6MTUwMDAwMDAsImFkZE9uIjowfSwib2JqZWN0U3RvcmVLZXlzIjp7ImJhc2UiOjEwMDAwMCwiYWRkT24iOjB9LCJjYW0iOnsiZW5hYmxlZCI6ZmFsc2V9LCJsb2FkQmFsYW5jZXIiOnsiYXNzaWduZWQiOjAsInJlYXNzaWduZWQiOjB9LCJtZXNzYWdpbmciOnsiYXNzaWduZWQiOjB9fSwiZXh0ZXJuYWxBdXRob3JpemF0aW9uIjp0cnVlLCJleHRlcm5hbEF1dGhvcml6YXRpb25Qcm92aWRlciI6eyJuYW1lIjoiUG9ydGFsIEFwcGxpY2F0aW9uIE1hbmFnZW1lbnQgU3lzdGVtIChQQU1TKSIsInVybCI6Imh0dHBzOi8vd3NneC10ZXN0LmNpc2NvLmNvbS9wYW1zL2x0L2NlcG1TZXJ2aWNlL3YxLjUvbWdyc3J2cyIsInZlcnNpb24iOiIxLjUifSwiaWRlbnRpdHlNYW5hZ2VtZW50Ijp7InR5cGUiOiJQaW5nRmVkZXJhdGUifSwib2F1dGgyU2V0dGluZ3MiOnsiYXV0aG9yaXphdGlvbkdyYW50cyI6WyJjb2RlIiwidG9rZW4iLCJvd25lciIsImNyZWRlbnRpYWxzIl0sImF1dGhvcml6YXRpb25VcmkiOiJodHRwczovL2Nsb3Vkc3NvLXRlc3QuY2lzY28uY29tL2FzL2F1dGhvcml6YXRpb24ub2F1dGgyIiwiYWNjZXNzVG9rZW5VcmkiOiJodHRwczovL2Nsb3Vkc3NvLXRlc3QuY2lzY28uY29tL2FzL3Rva2VuLm9hdXRoMiIsImdyYW50VHlwZXMiOlt7Im5hbWUiOiJwYXNzd29yZCIsImxhYmVsIjoiUmVzb3VyY2UgT3duZXIgR3JhbnQiLCJyZXF1aXJlZCI6ZmFsc2UsImV4Y2x1ZGUiOltdLCJkZXBlbmRzIjpbXX0seyJuYW1lIjoiaW1wbGljaXQiLCJsYWJlbCI6IkltcGxpY2l0IEdyYW50IiwicmVxdWlyZWQiOmZhbHNlLCJleGNsdWRlIjpbXSwiZGVwZW5kcyI6W119LHsibmFtZSI6ImNsaWVudF9jcmVkZW50aWFscyIsImxhYmVsIjoiQ2xpZW50IENyZWRlbnRpYWxzIEdyYW50IiwicmVxdWlyZWQiOmZhbHNlLCJleGNsdWRlIjpbXSwiZGVwZW5kcyI6W119LHsibmFtZSI6ImF1dGhvcml6YXRpb25fY29kZSIsImxhYmVsIjoiQXV0aG9yaXphdGlvbiBDb2RlIEdyYW50IiwicmVxdWlyZWQiOmZhbHNlLCJleGNsdWRlIjpbXSwiZGVwZW5kcyI6W119LHsibmFtZSI6InJlZnJlc2hfdG9rZW4iLCJsYWJlbCI6IlJlZnJlc2ggVG9rZW4iLCJyZXF1aXJlZCI6ZmFsc2UsImV4Y2x1ZGUiOltdLCJkZXBlbmRzIjpbImF1dGhvcml6YXRpb25fY29kZSIsInBhc3N3b3JkIl19XX19LCJpbnRlcmFjdGl2ZUxvZ2luIjp0cnVlLCJ0b2tlbiI6ImEyYzg0ODE1LThjYjgtNGE3Ni1iNmU0LTg4MGM3ZTc2MGNlYiIsImlhdCI6MTQ4NjU4Njc4OCwiYXVkIjoiaHR0cDovL2FwaS1wbGF0Zm9ybS1hcGkvcmVwb3NpdG9yeSIsImlzcyI6Imh0dHA6Ly9hcGktcGxhdGZvcm0tYXBpL3JlcG9zaXRvcnkifQ.YOsto-KJMgjQZxFXe6FFipYd8TIh4P1HIlJ5Tg6a9Ps
				Accept=*/*
				Content-Type=text/plain; charset=UTF-8
Cookies:		&lt;none&gt;
Body:			&lt;none&gt;
Request method:	DELETE
Request path:	https://qax.anypoint.mulesoft.com/apiplatform/repository/applications/43307
Proxy:			&lt;none&gt;
Request params:	&lt;none&gt;
Query params:	&lt;none&gt;
Form params:	&lt;none&gt;
Path params:	&lt;none&gt;
Multiparts:		&lt;none&gt;
Headers:		Authorization=Bearer eyJ0eXAiOiJKV1QiLCJhbGciOiJIUzI1NiJ9.eyJpZCI6IjUwMDAzN2NkLTJjZmQtNGRhNC1iZWQ3LTU3Mzg0ZGViMDYyYiIsImZpcnN0TmFtZSI6IkZlZGVyYXRlZCIsImxhc3ROYW1lIjoiRXh0ZXJuYWwiLCJlbWFpbCI6ImNocmlzdG9waGVyLm1vcmR1ZUBtdWxlc29mdC5jb20iLCJ1c2VybmFtZSI6ImZlZGVyYXRlZF9leHRlcm5hbCIsIm9yZ2FuaXphdGlvbiI6eyJpZCI6IjUwMDBkYjk1LWM1ZDQtNDg3Zi05MjVlLTNmODJmMTVhNTQ5OSIsIm5hbWUiOiJGZWRlcmF0ZWQgSW5jIEV4dGVybmFsIEF1dGhvcml6YXRpb24iLCJkb21haW4iOiJmZWRlcmF0ZWQtZXh0ZXJuYWwiLCJlbnRpdGxlbWVudHMiOnsiaHlicmlkIjp7ImVuYWJsZWQiOmZhbHNlfSwiY3JlYXRlU3ViT3JncyI6dHJ1ZSwidkNvcmVzUHJvZHVjdGlvbiI6eyJhc3NpZ25lZCI6MSwicmVhc3NpZ25lZCI6MH0sInZDb3Jlc1NhbmRib3giOnsiYXNzaWduZWQiOjEsInJlYXNzaWduZWQiOjB9LCJnbG9iYWxEZXBsb3ltZW50IjpmYWxzZSwid29ya2VyTG9nZ2luZ092ZXJyaWRlIjp7ImVuYWJsZWQiOmZhbHNlfSwiZ2F0ZXdheXMiOnsiYXNzaWduZWQiOjB9LCJjcmVhdGVFbnZpcm9ubWVudHMiOnRydWUsInBhcnRuZXJzUHJvZHVjdGlvbiI6eyJhc3NpZ25lZCI6MH0sInBhcnRuZXJzU2FuZGJveCI6eyJhc3NpZ25lZCI6MH0sImF1dG9zY2FsaW5nIjpmYWxzZSwic3RhdGljSXBzIjp7ImFzc2lnbmVkIjowLCJyZWFzc2lnbmVkIjowfSwiYXJtQWxlcnRzIjpmYWxzZSwiYXBpcyI6eyJlbmFibGVkIjp0cnVlfSwibXFNZXNzYWdlcyI6eyJiYXNlIjowLCJhZGRPbiI6MH0sIm1xUmVxdWVzdHMiOnsiYmFzZSI6MCwiYWRkT24iOjB9LCJleHRlcm5hbElkZW50aXR5Ijp0cnVlLCJtcUFkdmFuY2VkRmVhdHVyZXMiOnsiZW5hYmxlZCI6ZmFsc2V9LCJ2cGNzIjp7ImFzc2lnbmVkIjowLCJyZWFzc2lnbmVkIjowfSwiaHlicmlkSW5zaWdodCI6ZmFsc2UsImRlc2lnbkNlbnRlciI6eyJtb3phcnQiOmZhbHNlLCJhcGkiOmZhbHNlfSwib2JqZWN0U3RvcmVSZXF1ZXN0VW5pdHMiOnsiYmFzZSI6MTUwMDAwMDAsImFkZE9uIjowfSwib2JqZWN0U3RvcmVLZXlzIjp7ImJhc2UiOjEwMDAwMCwiYWRkT24iOjB9LCJjYW0iOnsiZW5hYmxlZCI6ZmFsc2V9LCJsb2FkQmFsYW5jZXIiOnsiYXNzaWduZWQiOjAsInJlYXNzaWduZWQiOjB9LCJtZXNzYWdpbmciOnsiYXNzaWduZWQiOjB9fSwiZXh0ZXJuYWxBdXRob3JpemF0aW9uIjp0cnVlLCJleHRlcm5hbEF1dGhvcml6YXRpb25Qcm92aWRlciI6eyJuYW1lIjoiUG9ydGFsIEFwcGxpY2F0aW9uIE1hbmFnZW1lbnQgU3lzdGVtIChQQU1TKSIsInVybCI6Imh0dHBzOi8vd3NneC10ZXN0LmNpc2NvLmNvbS9wYW1zL2x0L2NlcG1TZXJ2aWNlL3YxLjUvbWdyc3J2cyIsInZlcnNpb24iOiIxLjUifSwiaWRlbnRpdHlNYW5hZ2VtZW50Ijp7InR5cGUiOiJQaW5nRmVkZXJhdGUifSwib2F1dGgyU2V0dGluZ3MiOnsiYXV0aG9yaXphdGlvbkdyYW50cyI6WyJjb2RlIiwidG9rZW4iLCJvd25lciIsImNyZWRlbnRpYWxzIl0sImF1dGhvcml6YXRpb25VcmkiOiJodHRwczovL2Nsb3Vkc3NvLXRlc3QuY2lzY28uY29tL2FzL2F1dGhvcml6YXRpb24ub2F1dGgyIiwiYWNjZXNzVG9rZW5VcmkiOiJodHRwczovL2Nsb3Vkc3NvLXRlc3QuY2lzY28uY29tL2FzL3Rva2VuLm9hdXRoMiIsImdyYW50VHlwZXMiOlt7Im5hbWUiOiJwYXNzd29yZCIsImxhYmVsIjoiUmVzb3VyY2UgT3duZXIgR3JhbnQiLCJyZXF1aXJlZCI6ZmFsc2UsImV4Y2x1ZGUiOltdLCJkZXBlbmRzIjpbXX0seyJuYW1lIjoiaW1wbGljaXQiLCJsYWJlbCI6IkltcGxpY2l0IEdyYW50IiwicmVxdWlyZWQiOmZhbHNlLCJleGNsdWRlIjpbXSwiZGVwZW5kcyI6W119LHsibmFtZSI6ImNsaWVudF9jcmVkZW50aWFscyIsImxhYmVsIjoiQ2xpZW50IENyZWRlbnRpYWxzIEdyYW50IiwicmVxdWlyZWQiOmZhbHNlLCJleGNsdWRlIjpbXSwiZGVwZW5kcyI6W119LHsibmFtZSI6ImF1dGhvcml6YXRpb25fY29kZSIsImxhYmVsIjoiQXV0aG9yaXphdGlvbiBDb2RlIEdyYW50IiwicmVxdWlyZWQiOmZhbHNlLCJleGNsdWRlIjpbXSwiZGVwZW5kcyI6W119LHsibmFtZSI6InJlZnJlc2hfdG9rZW4iLCJsYWJlbCI6IlJlZnJlc2ggVG9rZW4iLCJyZXF1aXJlZCI6ZmFsc2UsImV4Y2x1ZGUiOltdLCJkZXBlbmRzIjpbImF1dGhvcml6YXRpb25fY29kZSIsInBhc3N3b3JkIl19XX19LCJpbnRlcmFjdGl2ZUxvZ2luIjp0cnVlLCJ0b2tlbiI6ImEyYzg0ODE1LThjYjgtNGE3Ni1iNmU0LTg4MGM3ZTc2MGNlYiIsImlhdCI6MTQ4NjU4Njc4OCwiYXVkIjoiaHR0cDovL2FwaS1wbGF0Zm9ybS1hcGkvcmVwb3NpdG9yeSIsImlzcyI6Imh0dHA6Ly9hcGktcGxhdGZvcm0tYXBpL3JlcG9zaXRvcnkifQ.YOsto-KJMgjQZxFXe6FFipYd8TIh4P1HIlJ5Tg6a9Ps
				Accept=*/*
				Content-Type=text/plain; charset=UTF-8
Cookies:		&lt;none&gt;
Body:			&lt;none&gt;
Request method:	DELETE
Request path:	https://qax.anypoint.mulesoft.com/apiplatform/repository/applications/43319
Proxy:			&lt;none&gt;
Request params:	&lt;none&gt;
Query params:	&lt;none&gt;
Form params:	&lt;none&gt;
Path params:	&lt;none&gt;
Multiparts:		&lt;none&gt;
Headers:		Authorization=Bearer eyJ0eXAiOiJKV1QiLCJhbGciOiJIUzI1NiJ9.eyJpZCI6IjUwMDAzN2NkLTJjZmQtNGRhNC1iZWQ3LTU3Mzg0ZGViMDYyYiIsImZpcnN0TmFtZSI6IkZlZGVyYXRlZCIsImxhc3ROYW1lIjoiRXh0ZXJuYWwiLCJlbWFpbCI6ImNocmlzdG9waGVyLm1vcmR1ZUBtdWxlc29mdC5jb20iLCJ1c2VybmFtZSI6ImZlZGVyYXRlZF9leHRlcm5hbCIsIm9yZ2FuaXphdGlvbiI6eyJpZCI6IjUwMDBkYjk1LWM1ZDQtNDg3Zi05MjVlLTNmODJmMTVhNTQ5OSIsIm5hbWUiOiJGZWRlcmF0ZWQgSW5jIEV4dGVybmFsIEF1dGhvcml6YXRpb24iLCJkb21haW4iOiJmZWRlcmF0ZWQtZXh0ZXJuYWwiLCJlbnRpdGxlbWVudHMiOnsiaHlicmlkIjp7ImVuYWJsZWQiOmZhbHNlfSwiY3JlYXRlU3ViT3JncyI6dHJ1ZSwidkNvcmVzUHJvZHVjdGlvbiI6eyJhc3NpZ25lZCI6MSwicmVhc3NpZ25lZCI6MH0sInZDb3Jlc1NhbmRib3giOnsiYXNzaWduZWQiOjEsInJlYXNzaWduZWQiOjB9LCJnbG9iYWxEZXBsb3ltZW50IjpmYWxzZSwid29ya2VyTG9nZ2luZ092ZXJyaWRlIjp7ImVuYWJsZWQiOmZhbHNlfSwiZ2F0ZXdheXMiOnsiYXNzaWduZWQiOjB9LCJjcmVhdGVFbnZpcm9ubWVudHMiOnRydWUsInBhcnRuZXJzUHJvZHVjdGlvbiI6eyJhc3NpZ25lZCI6MH0sInBhcnRuZXJzU2FuZGJveCI6eyJhc3NpZ25lZCI6MH0sImF1dG9zY2FsaW5nIjpmYWxzZSwic3RhdGljSXBzIjp7ImFzc2lnbmVkIjowLCJyZWFzc2lnbmVkIjowfSwiYXJtQWxlcnRzIjpmYWxzZSwiYXBpcyI6eyJlbmFibGVkIjp0cnVlfSwibXFNZXNzYWdlcyI6eyJiYXNlIjowLCJhZGRPbiI6MH0sIm1xUmVxdWVzdHMiOnsiYmFzZSI6MCwiYWRkT24iOjB9LCJleHRlcm5hbElkZW50aXR5Ijp0cnVlLCJtcUFkdmFuY2VkRmVhdHVyZXMiOnsiZW5hYmxlZCI6ZmFsc2V9LCJ2cGNzIjp7ImFzc2lnbmVkIjowLCJyZWFzc2lnbmVkIjowfSwiaHlicmlkSW5zaWdodCI6ZmFsc2UsImRlc2lnbkNlbnRlciI6eyJtb3phcnQiOmZhbHNlLCJhcGkiOmZhbHNlfSwib2JqZWN0U3RvcmVSZXF1ZXN0VW5pdHMiOnsiYmFzZSI6MTUwMDAwMDAsImFkZE9uIjowfSwib2JqZWN0U3RvcmVLZXlzIjp7ImJhc2UiOjEwMDAwMCwiYWRkT24iOjB9LCJjYW0iOnsiZW5hYmxlZCI6ZmFsc2V9LCJsb2FkQmFsYW5jZXIiOnsiYXNzaWduZWQiOjAsInJlYXNzaWduZWQiOjB9LCJtZXNzYWdpbmciOnsiYXNzaWduZWQiOjB9fSwiZXh0ZXJuYWxBdXRob3JpemF0aW9uIjp0cnVlLCJleHRlcm5hbEF1dGhvcml6YXRpb25Qcm92aWRlciI6eyJuYW1lIjoiUG9ydGFsIEFwcGxpY2F0aW9uIE1hbmFnZW1lbnQgU3lzdGVtIChQQU1TKSIsInVybCI6Imh0dHBzOi8vd3NneC10ZXN0LmNpc2NvLmNvbS9wYW1zL2x0L2NlcG1TZXJ2aWNlL3YxLjUvbWdyc3J2cyIsInZlcnNpb24iOiIxLjUifSwiaWRlbnRpdHlNYW5hZ2VtZW50Ijp7InR5cGUiOiJQaW5nRmVkZXJhdGUifSwib2F1dGgyU2V0dGluZ3MiOnsiYXV0aG9yaXphdGlvbkdyYW50cyI6WyJjb2RlIiwidG9rZW4iLCJvd25lciIsImNyZWRlbnRpYWxzIl0sImF1dGhvcml6YXRpb25VcmkiOiJodHRwczovL2Nsb3Vkc3NvLXRlc3QuY2lzY28uY29tL2FzL2F1dGhvcml6YXRpb24ub2F1dGgyIiwiYWNjZXNzVG9rZW5VcmkiOiJodHRwczovL2Nsb3Vkc3NvLXRlc3QuY2lzY28uY29tL2FzL3Rva2VuLm9hdXRoMiIsImdyYW50VHlwZXMiOlt7Im5hbWUiOiJwYXNzd29yZCIsImxhYmVsIjoiUmVzb3VyY2UgT3duZXIgR3JhbnQiLCJyZXF1aXJlZCI6ZmFsc2UsImV4Y2x1ZGUiOltdLCJkZXBlbmRzIjpbXX0seyJuYW1lIjoiaW1wbGljaXQiLCJsYWJlbCI6IkltcGxpY2l0IEdyYW50IiwicmVxdWlyZWQiOmZhbHNlLCJleGNsdWRlIjpbXSwiZGVwZW5kcyI6W119LHsibmFtZSI6ImNsaWVudF9jcmVkZW50aWFscyIsImxhYmVsIjoiQ2xpZW50IENyZWRlbnRpYWxzIEdyYW50IiwicmVxdWlyZWQiOmZhbHNlLCJleGNsdWRlIjpbXSwiZGVwZW5kcyI6W119LHsibmFtZSI6ImF1dGhvcml6YXRpb25fY29kZSIsImxhYmVsIjoiQXV0aG9yaXphdGlvbiBDb2RlIEdyYW50IiwicmVxdWlyZWQiOmZhbHNlLCJleGNsdWRlIjpbXSwiZGVwZW5kcyI6W119LHsibmFtZSI6InJlZnJlc2hfdG9rZW4iLCJsYWJlbCI6IlJlZnJlc2ggVG9rZW4iLCJyZXF1aXJlZCI6ZmFsc2UsImV4Y2x1ZGUiOltdLCJkZXBlbmRzIjpbImF1dGhvcml6YXRpb25fY29kZSIsInBhc3N3b3JkIl19XX19LCJpbnRlcmFjdGl2ZUxvZ2luIjp0cnVlLCJ0b2tlbiI6ImEyYzg0ODE1LThjYjgtNGE3Ni1iNmU0LTg4MGM3ZTc2MGNlYiIsImlhdCI6MTQ4NjU4Njc4OCwiYXVkIjoiaHR0cDovL2FwaS1wbGF0Zm9ybS1hcGkvcmVwb3NpdG9yeSIsImlzcyI6Imh0dHA6Ly9hcGktcGxhdGZvcm0tYXBpL3JlcG9zaXRvcnkifQ.YOsto-KJMgjQZxFXe6FFipYd8TIh4P1HIlJ5Tg6a9Ps
				Accept=*/*
				Content-Type=text/plain; charset=UTF-8
Cookies:		&lt;none&gt;
Body:			&lt;none&gt;
Request method:	DELETE
Request path:	https://qax.anypoint.mulesoft.com/apiplatform/repository/applications/43320
Proxy:			&lt;none&gt;
Request params:	&lt;none&gt;
Query params:	&lt;none&gt;
Form params:	&lt;none&gt;
Path params:	&lt;none&gt;
Multiparts:		&lt;none&gt;
Headers:		Authorization=Bearer eyJ0eXAiOiJKV1QiLCJhbGciOiJIUzI1NiJ9.eyJpZCI6IjUwMDAzN2NkLTJjZmQtNGRhNC1iZWQ3LTU3Mzg0ZGViMDYyYiIsImZpcnN0TmFtZSI6IkZlZGVyYXRlZCIsImxhc3ROYW1lIjoiRXh0ZXJuYWwiLCJlbWFpbCI6ImNocmlzdG9waGVyLm1vcmR1ZUBtdWxlc29mdC5jb20iLCJ1c2VybmFtZSI6ImZlZGVyYXRlZF9leHRlcm5hbCIsIm9yZ2FuaXphdGlvbiI6eyJpZCI6IjUwMDBkYjk1LWM1ZDQtNDg3Zi05MjVlLTNmODJmMTVhNTQ5OSIsIm5hbWUiOiJGZWRlcmF0ZWQgSW5jIEV4dGVybmFsIEF1dGhvcml6YXRpb24iLCJkb21haW4iOiJmZWRlcmF0ZWQtZXh0ZXJuYWwiLCJlbnRpdGxlbWVudHMiOnsiaHlicmlkIjp7ImVuYWJsZWQiOmZhbHNlfSwiY3JlYXRlU3ViT3JncyI6dHJ1ZSwidkNvcmVzUHJvZHVjdGlvbiI6eyJhc3NpZ25lZCI6MSwicmVhc3NpZ25lZCI6MH0sInZDb3Jlc1NhbmRib3giOnsiYXNzaWduZWQiOjEsInJlYXNzaWduZWQiOjB9LCJnbG9iYWxEZXBsb3ltZW50IjpmYWxzZSwid29ya2VyTG9nZ2luZ092ZXJyaWRlIjp7ImVuYWJsZWQiOmZhbHNlfSwiZ2F0ZXdheXMiOnsiYXNzaWduZWQiOjB9LCJjcmVhdGVFbnZpcm9ubWVudHMiOnRydWUsInBhcnRuZXJzUHJvZHVjdGlvbiI6eyJhc3NpZ25lZCI6MH0sInBhcnRuZXJzU2FuZGJveCI6eyJhc3NpZ25lZCI6MH0sImF1dG9zY2FsaW5nIjpmYWxzZSwic3RhdGljSXBzIjp7ImFzc2lnbmVkIjowLCJyZWFzc2lnbmVkIjowfSwiYXJtQWxlcnRzIjpmYWxzZSwiYXBpcyI6eyJlbmFibGVkIjp0cnVlfSwibXFNZXNzYWdlcyI6eyJiYXNlIjowLCJhZGRPbiI6MH0sIm1xUmVxdWVzdHMiOnsiYmFzZSI6MCwiYWRkT24iOjB9LCJleHRlcm5hbElkZW50aXR5Ijp0cnVlLCJtcUFkdmFuY2VkRmVhdHVyZXMiOnsiZW5hYmxlZCI6ZmFsc2V9LCJ2cGNzIjp7ImFzc2lnbmVkIjowLCJyZWFzc2lnbmVkIjowfSwiaHlicmlkSW5zaWdodCI6ZmFsc2UsImRlc2lnbkNlbnRlciI6eyJtb3phcnQiOmZhbHNlLCJhcGkiOmZhbHNlfSwib2JqZWN0U3RvcmVSZXF1ZXN0VW5pdHMiOnsiYmFzZSI6MTUwMDAwMDAsImFkZE9uIjowfSwib2JqZWN0U3RvcmVLZXlzIjp7ImJhc2UiOjEwMDAwMCwiYWRkT24iOjB9LCJjYW0iOnsiZW5hYmxlZCI6ZmFsc2V9LCJsb2FkQmFsYW5jZXIiOnsiYXNzaWduZWQiOjAsInJlYXNzaWduZWQiOjB9LCJtZXNzYWdpbmciOnsiYXNzaWduZWQiOjB9fSwiZXh0ZXJuYWxBdXRob3JpemF0aW9uIjp0cnVlLCJleHRlcm5hbEF1dGhvcml6YXRpb25Qcm92aWRlciI6eyJuYW1lIjoiUG9ydGFsIEFwcGxpY2F0aW9uIE1hbmFnZW1lbnQgU3lzdGVtIChQQU1TKSIsInVybCI6Imh0dHBzOi8vd3NneC10ZXN0LmNpc2NvLmNvbS9wYW1zL2x0L2NlcG1TZXJ2aWNlL3YxLjUvbWdyc3J2cyIsInZlcnNpb24iOiIxLjUifSwiaWRlbnRpdHlNYW5hZ2VtZW50Ijp7InR5cGUiOiJQaW5nRmVkZXJhdGUifSwib2F1dGgyU2V0dGluZ3MiOnsiYXV0aG9yaXphdGlvbkdyYW50cyI6WyJjb2RlIiwidG9rZW4iLCJvd25lciIsImNyZWRlbnRpYWxzIl0sImF1dGhvcml6YXRpb25VcmkiOiJodHRwczovL2Nsb3Vkc3NvLXRlc3QuY2lzY28uY29tL2FzL2F1dGhvcml6YXRpb24ub2F1dGgyIiwiYWNjZXNzVG9rZW5VcmkiOiJodHRwczovL2Nsb3Vkc3NvLXRlc3QuY2lzY28uY29tL2FzL3Rva2VuLm9hdXRoMiIsImdyYW50VHlwZXMiOlt7Im5hbWUiOiJwYXNzd29yZCIsImxhYmVsIjoiUmVzb3VyY2UgT3duZXIgR3JhbnQiLCJyZXF1aXJlZCI6ZmFsc2UsImV4Y2x1ZGUiOltdLCJkZXBlbmRzIjpbXX0seyJuYW1lIjoiaW1wbGljaXQiLCJsYWJlbCI6IkltcGxpY2l0IEdyYW50IiwicmVxdWlyZWQiOmZhbHNlLCJleGNsdWRlIjpbXSwiZGVwZW5kcyI6W119LHsibmFtZSI6ImNsaWVudF9jcmVkZW50aWFscyIsImxhYmVsIjoiQ2xpZW50IENyZWRlbnRpYWxzIEdyYW50IiwicmVxdWlyZWQiOmZhbHNlLCJleGNsdWRlIjpbXSwiZGVwZW5kcyI6W119LHsibmFtZSI6ImF1dGhvcml6YXRpb25fY29kZSIsImxhYmVsIjoiQXV0aG9yaXphdGlvbiBDb2RlIEdyYW50IiwicmVxdWlyZWQiOmZhbHNlLCJleGNsdWRlIjpbXSwiZGVwZW5kcyI6W119LHsibmFtZSI6InJlZnJlc2hfdG9rZW4iLCJsYWJlbCI6IlJlZnJlc2ggVG9rZW4iLCJyZXF1aXJlZCI6ZmFsc2UsImV4Y2x1ZGUiOltdLCJkZXBlbmRzIjpbImF1dGhvcml6YXRpb25fY29kZSIsInBhc3N3b3JkIl19XX19LCJpbnRlcmFjdGl2ZUxvZ2luIjp0cnVlLCJ0b2tlbiI6ImEyYzg0ODE1LThjYjgtNGE3Ni1iNmU0LTg4MGM3ZTc2MGNlYiIsImlhdCI6MTQ4NjU4Njc4OCwiYXVkIjoiaHR0cDovL2FwaS1wbGF0Zm9ybS1hcGkvcmVwb3NpdG9yeSIsImlzcyI6Imh0dHA6Ly9hcGktcGxhdGZvcm0tYXBpL3JlcG9zaXRvcnkifQ.YOsto-KJMgjQZxFXe6FFipYd8TIh4P1HIlJ5Tg6a9Ps
				Accept=*/*
				Content-Type=text/plain; charset=UTF-8
Cookies:		&lt;none&gt;
Body:			&lt;none&gt;
Request method:	DELETE
Request path:	https://qax.anypoint.mulesoft.com/apiplatform/repository/applications/43340
Proxy:			&lt;none&gt;
Request params:	&lt;none&gt;
Query params:	&lt;none&gt;
Form params:	&lt;none&gt;
Path params:	&lt;none&gt;
Multiparts:		&lt;none&gt;
Headers:		Authorization=Bearer eyJ0eXAiOiJKV1QiLCJhbGciOiJIUzI1NiJ9.eyJpZCI6IjUwMDAzN2NkLTJjZmQtNGRhNC1iZWQ3LTU3Mzg0ZGViMDYyYiIsImZpcnN0TmFtZSI6IkZlZGVyYXRlZCIsImxhc3ROYW1lIjoiRXh0ZXJuYWwiLCJlbWFpbCI6ImNocmlzdG9waGVyLm1vcmR1ZUBtdWxlc29mdC5jb20iLCJ1c2VybmFtZSI6ImZlZGVyYXRlZF9leHRlcm5hbCIsIm9yZ2FuaXphdGlvbiI6eyJpZCI6IjUwMDBkYjk1LWM1ZDQtNDg3Zi05MjVlLTNmODJmMTVhNTQ5OSIsIm5hbWUiOiJGZWRlcmF0ZWQgSW5jIEV4dGVybmFsIEF1dGhvcml6YXRpb24iLCJkb21haW4iOiJmZWRlcmF0ZWQtZXh0ZXJuYWwiLCJlbnRpdGxlbWVudHMiOnsiaHlicmlkIjp7ImVuYWJsZWQiOmZhbHNlfSwiY3JlYXRlU3ViT3JncyI6dHJ1ZSwidkNvcmVzUHJvZHVjdGlvbiI6eyJhc3NpZ25lZCI6MSwicmVhc3NpZ25lZCI6MH0sInZDb3Jlc1NhbmRib3giOnsiYXNzaWduZWQiOjEsInJlYXNzaWduZWQiOjB9LCJnbG9iYWxEZXBsb3ltZW50IjpmYWxzZSwid29ya2VyTG9nZ2luZ092ZXJyaWRlIjp7ImVuYWJsZWQiOmZhbHNlfSwiZ2F0ZXdheXMiOnsiYXNzaWduZWQiOjB9LCJjcmVhdGVFbnZpcm9ubWVudHMiOnRydWUsInBhcnRuZXJzUHJvZHVjdGlvbiI6eyJhc3NpZ25lZCI6MH0sInBhcnRuZXJzU2FuZGJveCI6eyJhc3NpZ25lZCI6MH0sImF1dG9zY2FsaW5nIjpmYWxzZSwic3RhdGljSXBzIjp7ImFzc2lnbmVkIjowLCJyZWFzc2lnbmVkIjowfSwiYXJtQWxlcnRzIjpmYWxzZSwiYXBpcyI6eyJlbmFibGVkIjp0cnVlfSwibXFNZXNzYWdlcyI6eyJiYXNlIjowLCJhZGRPbiI6MH0sIm1xUmVxdWVzdHMiOnsiYmFzZSI6MCwiYWRkT24iOjB9LCJleHRlcm5hbElkZW50aXR5Ijp0cnVlLCJtcUFkdmFuY2VkRmVhdHVyZXMiOnsiZW5hYmxlZCI6ZmFsc2V9LCJ2cGNzIjp7ImFzc2lnbmVkIjowLCJyZWFzc2lnbmVkIjowfSwiaHlicmlkSW5zaWdodCI6ZmFsc2UsImRlc2lnbkNlbnRlciI6eyJtb3phcnQiOmZhbHNlLCJhcGkiOmZhbHNlfSwib2JqZWN0U3RvcmVSZXF1ZXN0VW5pdHMiOnsiYmFzZSI6MTUwMDAwMDAsImFkZE9uIjowfSwib2JqZWN0U3RvcmVLZXlzIjp7ImJhc2UiOjEwMDAwMCwiYWRkT24iOjB9LCJjYW0iOnsiZW5hYmxlZCI6ZmFsc2V9LCJsb2FkQmFsYW5jZXIiOnsiYXNzaWduZWQiOjAsInJlYXNzaWduZWQiOjB9LCJtZXNzYWdpbmciOnsiYXNzaWduZWQiOjB9fSwiZXh0ZXJuYWxBdXRob3JpemF0aW9uIjp0cnVlLCJleHRlcm5hbEF1dGhvcml6YXRpb25Qcm92aWRlciI6eyJuYW1lIjoiUG9ydGFsIEFwcGxpY2F0aW9uIE1hbmFnZW1lbnQgU3lzdGVtIChQQU1TKSIsInVybCI6Imh0dHBzOi8vd3NneC10ZXN0LmNpc2NvLmNvbS9wYW1zL2x0L2NlcG1TZXJ2aWNlL3YxLjUvbWdyc3J2cyIsInZlcnNpb24iOiIxLjUifSwiaWRlbnRpdHlNYW5hZ2VtZW50Ijp7InR5cGUiOiJQaW5nRmVkZXJhdGUifSwib2F1dGgyU2V0dGluZ3MiOnsiYXV0aG9yaXphdGlvbkdyYW50cyI6WyJjb2RlIiwidG9rZW4iLCJvd25lciIsImNyZWRlbnRpYWxzIl0sImF1dGhvcml6YXRpb25VcmkiOiJodHRwczovL2Nsb3Vkc3NvLXRlc3QuY2lzY28uY29tL2FzL2F1dGhvcml6YXRpb24ub2F1dGgyIiwiYWNjZXNzVG9rZW5VcmkiOiJodHRwczovL2Nsb3Vkc3NvLXRlc3QuY2lzY28uY29tL2FzL3Rva2VuLm9hdXRoMiIsImdyYW50VHlwZXMiOlt7Im5hbWUiOiJwYXNzd29yZCIsImxhYmVsIjoiUmVzb3VyY2UgT3duZXIgR3JhbnQiLCJyZXF1aXJlZCI6ZmFsc2UsImV4Y2x1ZGUiOltdLCJkZXBlbmRzIjpbXX0seyJuYW1lIjoiaW1wbGljaXQiLCJsYWJlbCI6IkltcGxpY2l0IEdyYW50IiwicmVxdWlyZWQiOmZhbHNlLCJleGNsdWRlIjpbXSwiZGVwZW5kcyI6W119LHsibmFtZSI6ImNsaWVudF9jcmVkZW50aWFscyIsImxhYmVsIjoiQ2xpZW50IENyZWRlbnRpYWxzIEdyYW50IiwicmVxdWlyZWQiOmZhbHNlLCJleGNsdWRlIjpbXSwiZGVwZW5kcyI6W119LHsibmFtZSI6ImF1dGhvcml6YXRpb25fY29kZSIsImxhYmVsIjoiQXV0aG9yaXphdGlvbiBDb2RlIEdyYW50IiwicmVxdWlyZWQiOmZhbHNlLCJleGNsdWRlIjpbXSwiZGVwZW5kcyI6W119LHsibmFtZSI6InJlZnJlc2hfdG9rZW4iLCJsYWJlbCI6IlJlZnJlc2ggVG9rZW4iLCJyZXF1aXJlZCI6ZmFsc2UsImV4Y2x1ZGUiOltdLCJkZXBlbmRzIjpbImF1dGhvcml6YXRpb25fY29kZSIsInBhc3N3b3JkIl19XX19LCJpbnRlcmFjdGl2ZUxvZ2luIjp0cnVlLCJ0b2tlbiI6ImEyYzg0ODE1LThjYjgtNGE3Ni1iNmU0LTg4MGM3ZTc2MGNlYiIsImlhdCI6MTQ4NjU4Njc4OCwiYXVkIjoiaHR0cDovL2FwaS1wbGF0Zm9ybS1hcGkvcmVwb3NpdG9yeSIsImlzcyI6Imh0dHA6Ly9hcGktcGxhdGZvcm0tYXBpL3JlcG9zaXRvcnkifQ.YOsto-KJMgjQZxFXe6FFipYd8TIh4P1HIlJ5Tg6a9Ps
				Accept=*/*
				Content-Type=text/plain; charset=UTF-8
Cookies:		&lt;none&gt;
Body:			&lt;none&gt;
Request method:	DELETE
Request path:	https://qax.anypoint.mulesoft.com/apiplatform/repository/applications/43318
Proxy:			&lt;none&gt;
Request params:	&lt;none&gt;
Query params:	&lt;none&gt;
Form params:	&lt;none&gt;
Path params:	&lt;none&gt;
Multiparts:		&lt;none&gt;
Headers:		Authorization=Bearer eyJ0eXAiOiJKV1QiLCJhbGciOiJIUzI1NiJ9.eyJpZCI6IjUwMDAzN2NkLTJjZmQtNGRhNC1iZWQ3LTU3Mzg0ZGViMDYyYiIsImZpcnN0TmFtZSI6IkZlZGVyYXRlZCIsImxhc3ROYW1lIjoiRXh0ZXJuYWwiLCJlbWFpbCI6ImNocmlzdG9waGVyLm1vcmR1ZUBtdWxlc29mdC5jb20iLCJ1c2VybmFtZSI6ImZlZGVyYXRlZF9leHRlcm5hbCIsIm9yZ2FuaXphdGlvbiI6eyJpZCI6IjUwMDBkYjk1LWM1ZDQtNDg3Zi05MjVlLTNmODJmMTVhNTQ5OSIsIm5hbWUiOiJGZWRlcmF0ZWQgSW5jIEV4dGVybmFsIEF1dGhvcml6YXRpb24iLCJkb21haW4iOiJmZWRlcmF0ZWQtZXh0ZXJuYWwiLCJlbnRpdGxlbWVudHMiOnsiaHlicmlkIjp7ImVuYWJsZWQiOmZhbHNlfSwiY3JlYXRlU3ViT3JncyI6dHJ1ZSwidkNvcmVzUHJvZHVjdGlvbiI6eyJhc3NpZ25lZCI6MSwicmVhc3NpZ25lZCI6MH0sInZDb3Jlc1NhbmRib3giOnsiYXNzaWduZWQiOjEsInJlYXNzaWduZWQiOjB9LCJnbG9iYWxEZXBsb3ltZW50IjpmYWxzZSwid29ya2VyTG9nZ2luZ092ZXJyaWRlIjp7ImVuYWJsZWQiOmZhbHNlfSwiZ2F0ZXdheXMiOnsiYXNzaWduZWQiOjB9LCJjcmVhdGVFbnZpcm9ubWVudHMiOnRydWUsInBhcnRuZXJzUHJvZHVjdGlvbiI6eyJhc3NpZ25lZCI6MH0sInBhcnRuZXJzU2FuZGJveCI6eyJhc3NpZ25lZCI6MH0sImF1dG9zY2FsaW5nIjpmYWxzZSwic3RhdGljSXBzIjp7ImFzc2lnbmVkIjowLCJyZWFzc2lnbmVkIjowfSwiYXJtQWxlcnRzIjpmYWxzZSwiYXBpcyI6eyJlbmFibGVkIjp0cnVlfSwibXFNZXNzYWdlcyI6eyJiYXNlIjowLCJhZGRPbiI6MH0sIm1xUmVxdWVzdHMiOnsiYmFzZSI6MCwiYWRkT24iOjB9LCJleHRlcm5hbElkZW50aXR5Ijp0cnVlLCJtcUFkdmFuY2VkRmVhdHVyZXMiOnsiZW5hYmxlZCI6ZmFsc2V9LCJ2cGNzIjp7ImFzc2lnbmVkIjowLCJyZWFzc2lnbmVkIjowfSwiaHlicmlkSW5zaWdodCI6ZmFsc2UsImRlc2lnbkNlbnRlciI6eyJtb3phcnQiOmZhbHNlLCJhcGkiOmZhbHNlfSwib2JqZWN0U3RvcmVSZXF1ZXN0VW5pdHMiOnsiYmFzZSI6MTUwMDAwMDAsImFkZE9uIjowfSwib2JqZWN0U3RvcmVLZXlzIjp7ImJhc2UiOjEwMDAwMCwiYWRkT24iOjB9LCJjYW0iOnsiZW5hYmxlZCI6ZmFsc2V9LCJsb2FkQmFsYW5jZXIiOnsiYXNzaWduZWQiOjAsInJlYXNzaWduZWQiOjB9LCJtZXNzYWdpbmciOnsiYXNzaWduZWQiOjB9fSwiZXh0ZXJuYWxBdXRob3JpemF0aW9uIjp0cnVlLCJleHRlcm5hbEF1dGhvcml6YXRpb25Qcm92aWRlciI6eyJuYW1lIjoiUG9ydGFsIEFwcGxpY2F0aW9uIE1hbmFnZW1lbnQgU3lzdGVtIChQQU1TKSIsInVybCI6Imh0dHBzOi8vd3NneC10ZXN0LmNpc2NvLmNvbS9wYW1zL2x0L2NlcG1TZXJ2aWNlL3YxLjUvbWdyc3J2cyIsInZlcnNpb24iOiIxLjUifSwiaWRlbnRpdHlNYW5hZ2VtZW50Ijp7InR5cGUiOiJQaW5nRmVkZXJhdGUifSwib2F1dGgyU2V0dGluZ3MiOnsiYXV0aG9yaXphdGlvbkdyYW50cyI6WyJjb2RlIiwidG9rZW4iLCJvd25lciIsImNyZWRlbnRpYWxzIl0sImF1dGhvcml6YXRpb25VcmkiOiJodHRwczovL2Nsb3Vkc3NvLXRlc3QuY2lzY28uY29tL2FzL2F1dGhvcml6YXRpb24ub2F1dGgyIiwiYWNjZXNzVG9rZW5VcmkiOiJodHRwczovL2Nsb3Vkc3NvLXRlc3QuY2lzY28uY29tL2FzL3Rva2VuLm9hdXRoMiIsImdyYW50VHlwZXMiOlt7Im5hbWUiOiJwYXNzd29yZCIsImxhYmVsIjoiUmVzb3VyY2UgT3duZXIgR3JhbnQiLCJyZXF1aXJlZCI6ZmFsc2UsImV4Y2x1ZGUiOltdLCJkZXBlbmRzIjpbXX0seyJuYW1lIjoiaW1wbGljaXQiLCJsYWJlbCI6IkltcGxpY2l0IEdyYW50IiwicmVxdWlyZWQiOmZhbHNlLCJleGNsdWRlIjpbXSwiZGVwZW5kcyI6W119LHsibmFtZSI6ImNsaWVudF9jcmVkZW50aWFscyIsImxhYmVsIjoiQ2xpZW50IENyZWRlbnRpYWxzIEdyYW50IiwicmVxdWlyZWQiOmZhbHNlLCJleGNsdWRlIjpbXSwiZGVwZW5kcyI6W119LHsibmFtZSI6ImF1dGhvcml6YXRpb25fY29kZSIsImxhYmVsIjoiQXV0aG9yaXphdGlvbiBDb2RlIEdyYW50IiwicmVxdWlyZWQiOmZhbHNlLCJleGNsdWRlIjpbXSwiZGVwZW5kcyI6W119LHsibmFtZSI6InJlZnJlc2hfdG9rZW4iLCJsYWJlbCI6IlJlZnJlc2ggVG9rZW4iLCJyZXF1aXJlZCI6ZmFsc2UsImV4Y2x1ZGUiOltdLCJkZXBlbmRzIjpbImF1dGhvcml6YXRpb25fY29kZSIsInBhc3N3b3JkIl19XX19LCJpbnRlcmFjdGl2ZUxvZ2luIjp0cnVlLCJ0b2tlbiI6ImEyYzg0ODE1LThjYjgtNGE3Ni1iNmU0LTg4MGM3ZTc2MGNlYiIsImlhdCI6MTQ4NjU4Njc4OCwiYXVkIjoiaHR0cDovL2FwaS1wbGF0Zm9ybS1hcGkvcmVwb3NpdG9yeSIsImlzcyI6Imh0dHA6Ly9hcGktcGxhdGZvcm0tYXBpL3JlcG9zaXRvcnkifQ.YOsto-KJMgjQZxFXe6FFipYd8TIh4P1HIlJ5Tg6a9Ps
				Accept=*/*
				Content-Type=text/plain; charset=UTF-8
Cookies:		&lt;none&gt;
Body:			&lt;none&gt;
Request method:	DELETE
Request path:	https://qax.anypoint.mulesoft.com/apiplatform/repository/applications/43379
Proxy:			&lt;none&gt;
Request params:	&lt;none&gt;
Query params:	&lt;none&gt;
Form params:	&lt;none&gt;
Path params:	&lt;none&gt;
Multiparts:		&lt;none&gt;
Headers:		Authorization=Bearer eyJ0eXAiOiJKV1QiLCJhbGciOiJIUzI1NiJ9.eyJpZCI6IjUwMDAzN2NkLTJjZmQtNGRhNC1iZWQ3LTU3Mzg0ZGViMDYyYiIsImZpcnN0TmFtZSI6IkZlZGVyYXRlZCIsImxhc3ROYW1lIjoiRXh0ZXJuYWwiLCJlbWFpbCI6ImNocmlzdG9waGVyLm1vcmR1ZUBtdWxlc29mdC5jb20iLCJ1c2VybmFtZSI6ImZlZGVyYXRlZF9leHRlcm5hbCIsIm9yZ2FuaXphdGlvbiI6eyJpZCI6IjUwMDBkYjk1LWM1ZDQtNDg3Zi05MjVlLTNmODJmMTVhNTQ5OSIsIm5hbWUiOiJGZWRlcmF0ZWQgSW5jIEV4dGVybmFsIEF1dGhvcml6YXRpb24iLCJkb21haW4iOiJmZWRlcmF0ZWQtZXh0ZXJuYWwiLCJlbnRpdGxlbWVudHMiOnsiaHlicmlkIjp7ImVuYWJsZWQiOmZhbHNlfSwiY3JlYXRlU3ViT3JncyI6dHJ1ZSwidkNvcmVzUHJvZHVjdGlvbiI6eyJhc3NpZ25lZCI6MSwicmVhc3NpZ25lZCI6MH0sInZDb3Jlc1NhbmRib3giOnsiYXNzaWduZWQiOjEsInJlYXNzaWduZWQiOjB9LCJnbG9iYWxEZXBsb3ltZW50IjpmYWxzZSwid29ya2VyTG9nZ2luZ092ZXJyaWRlIjp7ImVuYWJsZWQiOmZhbHNlfSwiZ2F0ZXdheXMiOnsiYXNzaWduZWQiOjB9LCJjcmVhdGVFbnZpcm9ubWVudHMiOnRydWUsInBhcnRuZXJzUHJvZHVjdGlvbiI6eyJhc3NpZ25lZCI6MH0sInBhcnRuZXJzU2FuZGJveCI6eyJhc3NpZ25lZCI6MH0sImF1dG9zY2FsaW5nIjpmYWxzZSwic3RhdGljSXBzIjp7ImFzc2lnbmVkIjowLCJyZWFzc2lnbmVkIjowfSwiYXJtQWxlcnRzIjpmYWxzZSwiYXBpcyI6eyJlbmFibGVkIjp0cnVlfSwibXFNZXNzYWdlcyI6eyJiYXNlIjowLCJhZGRPbiI6MH0sIm1xUmVxdWVzdHMiOnsiYmFzZSI6MCwiYWRkT24iOjB9LCJleHRlcm5hbElkZW50aXR5Ijp0cnVlLCJtcUFkdmFuY2VkRmVhdHVyZXMiOnsiZW5hYmxlZCI6ZmFsc2V9LCJ2cGNzIjp7ImFzc2lnbmVkIjowLCJyZWFzc2lnbmVkIjowfSwiaHlicmlkSW5zaWdodCI6ZmFsc2UsImRlc2lnbkNlbnRlciI6eyJtb3phcnQiOmZhbHNlLCJhcGkiOmZhbHNlfSwib2JqZWN0U3RvcmVSZXF1ZXN0VW5pdHMiOnsiYmFzZSI6MTUwMDAwMDAsImFkZE9uIjowfSwib2JqZWN0U3RvcmVLZXlzIjp7ImJhc2UiOjEwMDAwMCwiYWRkT24iOjB9LCJjYW0iOnsiZW5hYmxlZCI6ZmFsc2V9LCJsb2FkQmFsYW5jZXIiOnsiYXNzaWduZWQiOjAsInJlYXNzaWduZWQiOjB9LCJtZXNzYWdpbmciOnsiYXNzaWduZWQiOjB9fSwiZXh0ZXJuYWxBdXRob3JpemF0aW9uIjp0cnVlLCJleHRlcm5hbEF1dGhvcml6YXRpb25Qcm92aWRlciI6eyJuYW1lIjoiUG9ydGFsIEFwcGxpY2F0aW9uIE1hbmFnZW1lbnQgU3lzdGVtIChQQU1TKSIsInVybCI6Imh0dHBzOi8vd3NneC10ZXN0LmNpc2NvLmNvbS9wYW1zL2x0L2NlcG1TZXJ2aWNlL3YxLjUvbWdyc3J2cyIsInZlcnNpb24iOiIxLjUifSwiaWRlbnRpdHlNYW5hZ2VtZW50Ijp7InR5cGUiOiJQaW5nRmVkZXJhdGUifSwib2F1dGgyU2V0dGluZ3MiOnsiYXV0aG9yaXphdGlvbkdyYW50cyI6WyJjb2RlIiwidG9rZW4iLCJvd25lciIsImNyZWRlbnRpYWxzIl0sImF1dGhvcml6YXRpb25VcmkiOiJodHRwczovL2Nsb3Vkc3NvLXRlc3QuY2lzY28uY29tL2FzL2F1dGhvcml6YXRpb24ub2F1dGgyIiwiYWNjZXNzVG9rZW5VcmkiOiJodHRwczovL2Nsb3Vkc3NvLXRlc3QuY2lzY28uY29tL2FzL3Rva2VuLm9hdXRoMiIsImdyYW50VHlwZXMiOlt7Im5hbWUiOiJwYXNzd29yZCIsImxhYmVsIjoiUmVzb3VyY2UgT3duZXIgR3JhbnQiLCJyZXF1aXJlZCI6ZmFsc2UsImV4Y2x1ZGUiOltdLCJkZXBlbmRzIjpbXX0seyJuYW1lIjoiaW1wbGljaXQiLCJsYWJlbCI6IkltcGxpY2l0IEdyYW50IiwicmVxdWlyZWQiOmZhbHNlLCJleGNsdWRlIjpbXSwiZGVwZW5kcyI6W119LHsibmFtZSI6ImNsaWVudF9jcmVkZW50aWFscyIsImxhYmVsIjoiQ2xpZW50IENyZWRlbnRpYWxzIEdyYW50IiwicmVxdWlyZWQiOmZhbHNlLCJleGNsdWRlIjpbXSwiZGVwZW5kcyI6W119LHsibmFtZSI6ImF1dGhvcml6YXRpb25fY29kZSIsImxhYmVsIjoiQXV0aG9yaXphdGlvbiBDb2RlIEdyYW50IiwicmVxdWlyZWQiOmZhbHNlLCJleGNsdWRlIjpbXSwiZGVwZW5kcyI6W119LHsibmFtZSI6InJlZnJlc2hfdG9rZW4iLCJsYWJlbCI6IlJlZnJlc2ggVG9rZW4iLCJyZXF1aXJlZCI6ZmFsc2UsImV4Y2x1ZGUiOltdLCJkZXBlbmRzIjpbImF1dGhvcml6YXRpb25fY29kZSIsInBhc3N3b3JkIl19XX19LCJpbnRlcmFjdGl2ZUxvZ2luIjp0cnVlLCJ0b2tlbiI6ImEyYzg0ODE1LThjYjgtNGE3Ni1iNmU0LTg4MGM3ZTc2MGNlYiIsImlhdCI6MTQ4NjU4Njc4OCwiYXVkIjoiaHR0cDovL2FwaS1wbGF0Zm9ybS1hcGkvcmVwb3NpdG9yeSIsImlzcyI6Imh0dHA6Ly9hcGktcGxhdGZvcm0tYXBpL3JlcG9zaXRvcnkifQ.YOsto-KJMgjQZxFXe6FFipYd8TIh4P1HIlJ5Tg6a9Ps
				Accept=*/*
				Content-Type=text/plain; charset=UTF-8
Cookies:		&lt;none&gt;
Body:			&lt;none&gt;
Request method:	DELETE
Request path:	https://qax.anypoint.mulesoft.com/apiplatform/repository/applications/43349
Proxy:			&lt;none&gt;
Request params:	&lt;none&gt;
Query params:	&lt;none&gt;
Form params:	&lt;none&gt;
Path params:	&lt;none&gt;
Multiparts:		&lt;none&gt;
Headers:		Authorization=Bearer eyJ0eXAiOiJKV1QiLCJhbGciOiJIUzI1NiJ9.eyJpZCI6IjUwMDAzN2NkLTJjZmQtNGRhNC1iZWQ3LTU3Mzg0ZGViMDYyYiIsImZpcnN0TmFtZSI6IkZlZGVyYXRlZCIsImxhc3ROYW1lIjoiRXh0ZXJuYWwiLCJlbWFpbCI6ImNocmlzdG9waGVyLm1vcmR1ZUBtdWxlc29mdC5jb20iLCJ1c2VybmFtZSI6ImZlZGVyYXRlZF9leHRlcm5hbCIsIm9yZ2FuaXphdGlvbiI6eyJpZCI6IjUwMDBkYjk1LWM1ZDQtNDg3Zi05MjVlLTNmODJmMTVhNTQ5OSIsIm5hbWUiOiJGZWRlcmF0ZWQgSW5jIEV4dGVybmFsIEF1dGhvcml6YXRpb24iLCJkb21haW4iOiJmZWRlcmF0ZWQtZXh0ZXJuYWwiLCJlbnRpdGxlbWVudHMiOnsiaHlicmlkIjp7ImVuYWJsZWQiOmZhbHNlfSwiY3JlYXRlU3ViT3JncyI6dHJ1ZSwidkNvcmVzUHJvZHVjdGlvbiI6eyJhc3NpZ25lZCI6MSwicmVhc3NpZ25lZCI6MH0sInZDb3Jlc1NhbmRib3giOnsiYXNzaWduZWQiOjEsInJlYXNzaWduZWQiOjB9LCJnbG9iYWxEZXBsb3ltZW50IjpmYWxzZSwid29ya2VyTG9nZ2luZ092ZXJyaWRlIjp7ImVuYWJsZWQiOmZhbHNlfSwiZ2F0ZXdheXMiOnsiYXNzaWduZWQiOjB9LCJjcmVhdGVFbnZpcm9ubWVudHMiOnRydWUsInBhcnRuZXJzUHJvZHVjdGlvbiI6eyJhc3NpZ25lZCI6MH0sInBhcnRuZXJzU2FuZGJveCI6eyJhc3NpZ25lZCI6MH0sImF1dG9zY2FsaW5nIjpmYWxzZSwic3RhdGljSXBzIjp7ImFzc2lnbmVkIjowLCJyZWFzc2lnbmVkIjowfSwiYXJtQWxlcnRzIjpmYWxzZSwiYXBpcyI6eyJlbmFibGVkIjp0cnVlfSwibXFNZXNzYWdlcyI6eyJiYXNlIjowLCJhZGRPbiI6MH0sIm1xUmVxdWVzdHMiOnsiYmFzZSI6MCwiYWRkT24iOjB9LCJleHRlcm5hbElkZW50aXR5Ijp0cnVlLCJtcUFkdmFuY2VkRmVhdHVyZXMiOnsiZW5hYmxlZCI6ZmFsc2V9LCJ2cGNzIjp7ImFzc2lnbmVkIjowLCJyZWFzc2lnbmVkIjowfSwiaHlicmlkSW5zaWdodCI6ZmFsc2UsImRlc2lnbkNlbnRlciI6eyJtb3phcnQiOmZhbHNlLCJhcGkiOmZhbHNlfSwib2JqZWN0U3RvcmVSZXF1ZXN0VW5pdHMiOnsiYmFzZSI6MTUwMDAwMDAsImFkZE9uIjowfSwib2JqZWN0U3RvcmVLZXlzIjp7ImJhc2UiOjEwMDAwMCwiYWRkT24iOjB9LCJjYW0iOnsiZW5hYmxlZCI6ZmFsc2V9LCJsb2FkQmFsYW5jZXIiOnsiYXNzaWduZWQiOjAsInJlYXNzaWduZWQiOjB9LCJtZXNzYWdpbmciOnsiYXNzaWduZWQiOjB9fSwiZXh0ZXJuYWxBdXRob3JpemF0aW9uIjp0cnVlLCJleHRlcm5hbEF1dGhvcml6YXRpb25Qcm92aWRlciI6eyJuYW1lIjoiUG9ydGFsIEFwcGxpY2F0aW9uIE1hbmFnZW1lbnQgU3lzdGVtIChQQU1TKSIsInVybCI6Imh0dHBzOi8vd3NneC10ZXN0LmNpc2NvLmNvbS9wYW1zL2x0L2NlcG1TZXJ2aWNlL3YxLjUvbWdyc3J2cyIsInZlcnNpb24iOiIxLjUifSwiaWRlbnRpdHlNYW5hZ2VtZW50Ijp7InR5cGUiOiJQaW5nRmVkZXJhdGUifSwib2F1dGgyU2V0dGluZ3MiOnsiYXV0aG9yaXphdGlvbkdyYW50cyI6WyJjb2RlIiwidG9rZW4iLCJvd25lciIsImNyZWRlbnRpYWxzIl0sImF1dGhvcml6YXRpb25VcmkiOiJodHRwczovL2Nsb3Vkc3NvLXRlc3QuY2lzY28uY29tL2FzL2F1dGhvcml6YXRpb24ub2F1dGgyIiwiYWNjZXNzVG9rZW5VcmkiOiJodHRwczovL2Nsb3Vkc3NvLXRlc3QuY2lzY28uY29tL2FzL3Rva2VuLm9hdXRoMiIsImdyYW50VHlwZXMiOlt7Im5hbWUiOiJwYXNzd29yZCIsImxhYmVsIjoiUmVzb3VyY2UgT3duZXIgR3JhbnQiLCJyZXF1aXJlZCI6ZmFsc2UsImV4Y2x1ZGUiOltdLCJkZXBlbmRzIjpbXX0seyJuYW1lIjoiaW1wbGljaXQiLCJsYWJlbCI6IkltcGxpY2l0IEdyYW50IiwicmVxdWlyZWQiOmZhbHNlLCJleGNsdWRlIjpbXSwiZGVwZW5kcyI6W119LHsibmFtZSI6ImNsaWVudF9jcmVkZW50aWFscyIsImxhYmVsIjoiQ2xpZW50IENyZWRlbnRpYWxzIEdyYW50IiwicmVxdWlyZWQiOmZhbHNlLCJleGNsdWRlIjpbXSwiZGVwZW5kcyI6W119LHsibmFtZSI6ImF1dGhvcml6YXRpb25fY29kZSIsImxhYmVsIjoiQXV0aG9yaXphdGlvbiBDb2RlIEdyYW50IiwicmVxdWlyZWQiOmZhbHNlLCJleGNsdWRlIjpbXSwiZGVwZW5kcyI6W119LHsibmFtZSI6InJlZnJlc2hfdG9rZW4iLCJsYWJlbCI6IlJlZnJlc2ggVG9rZW4iLCJyZXF1aXJlZCI6ZmFsc2UsImV4Y2x1ZGUiOltdLCJkZXBlbmRzIjpbImF1dGhvcml6YXRpb25fY29kZSIsInBhc3N3b3JkIl19XX19LCJpbnRlcmFjdGl2ZUxvZ2luIjp0cnVlLCJ0b2tlbiI6ImEyYzg0ODE1LThjYjgtNGE3Ni1iNmU0LTg4MGM3ZTc2MGNlYiIsImlhdCI6MTQ4NjU4Njc4OCwiYXVkIjoiaHR0cDovL2FwaS1wbGF0Zm9ybS1hcGkvcmVwb3NpdG9yeSIsImlzcyI6Imh0dHA6Ly9hcGktcGxhdGZvcm0tYXBpL3JlcG9zaXRvcnkifQ.YOsto-KJMgjQZxFXe6FFipYd8TIh4P1HIlJ5Tg6a9Ps
				Accept=*/*
				Content-Type=text/plain; charset=UTF-8
Cookies:		&lt;none&gt;
Body:			&lt;none&gt;
Request method:	DELETE
Request path:	https://qax.anypoint.mulesoft.com/apiplatform/repository/applications/43303
Proxy:			&lt;none&gt;
Request params:	&lt;none&gt;
Query params:	&lt;none&gt;
Form params:	&lt;none&gt;
Path params:	&lt;none&gt;
Multiparts:		&lt;none&gt;
Headers:		Authorization=Bearer eyJ0eXAiOiJKV1QiLCJhbGciOiJIUzI1NiJ9.eyJpZCI6IjUwMDAzN2NkLTJjZmQtNGRhNC1iZWQ3LTU3Mzg0ZGViMDYyYiIsImZpcnN0TmFtZSI6IkZlZGVyYXRlZCIsImxhc3ROYW1lIjoiRXh0ZXJuYWwiLCJlbWFpbCI6ImNocmlzdG9waGVyLm1vcmR1ZUBtdWxlc29mdC5jb20iLCJ1c2VybmFtZSI6ImZlZGVyYXRlZF9leHRlcm5hbCIsIm9yZ2FuaXphdGlvbiI6eyJpZCI6IjUwMDBkYjk1LWM1ZDQtNDg3Zi05MjVlLTNmODJmMTVhNTQ5OSIsIm5hbWUiOiJGZWRlcmF0ZWQgSW5jIEV4dGVybmFsIEF1dGhvcml6YXRpb24iLCJkb21haW4iOiJmZWRlcmF0ZWQtZXh0ZXJuYWwiLCJlbnRpdGxlbWVudHMiOnsiaHlicmlkIjp7ImVuYWJsZWQiOmZhbHNlfSwiY3JlYXRlU3ViT3JncyI6dHJ1ZSwidkNvcmVzUHJvZHVjdGlvbiI6eyJhc3NpZ25lZCI6MSwicmVhc3NpZ25lZCI6MH0sInZDb3Jlc1NhbmRib3giOnsiYXNzaWduZWQiOjEsInJlYXNzaWduZWQiOjB9LCJnbG9iYWxEZXBsb3ltZW50IjpmYWxzZSwid29ya2VyTG9nZ2luZ092ZXJyaWRlIjp7ImVuYWJsZWQiOmZhbHNlfSwiZ2F0ZXdheXMiOnsiYXNzaWduZWQiOjB9LCJjcmVhdGVFbnZpcm9ubWVudHMiOnRydWUsInBhcnRuZXJzUHJvZHVjdGlvbiI6eyJhc3NpZ25lZCI6MH0sInBhcnRuZXJzU2FuZGJveCI6eyJhc3NpZ25lZCI6MH0sImF1dG9zY2FsaW5nIjpmYWxzZSwic3RhdGljSXBzIjp7ImFzc2lnbmVkIjowLCJyZWFzc2lnbmVkIjowfSwiYXJtQWxlcnRzIjpmYWxzZSwiYXBpcyI6eyJlbmFibGVkIjp0cnVlfSwibXFNZXNzYWdlcyI6eyJiYXNlIjowLCJhZGRPbiI6MH0sIm1xUmVxdWVzdHMiOnsiYmFzZSI6MCwiYWRkT24iOjB9LCJleHRlcm5hbElkZW50aXR5Ijp0cnVlLCJtcUFkdmFuY2VkRmVhdHVyZXMiOnsiZW5hYmxlZCI6ZmFsc2V9LCJ2cGNzIjp7ImFzc2lnbmVkIjowLCJyZWFzc2lnbmVkIjowfSwiaHlicmlkSW5zaWdodCI6ZmFsc2UsImRlc2lnbkNlbnRlciI6eyJtb3phcnQiOmZhbHNlLCJhcGkiOmZhbHNlfSwib2JqZWN0U3RvcmVSZXF1ZXN0VW5pdHMiOnsiYmFzZSI6MTUwMDAwMDAsImFkZE9uIjowfSwib2JqZWN0U3RvcmVLZXlzIjp7ImJhc2UiOjEwMDAwMCwiYWRkT24iOjB9LCJjYW0iOnsiZW5hYmxlZCI6ZmFsc2V9LCJsb2FkQmFsYW5jZXIiOnsiYXNzaWduZWQiOjAsInJlYXNzaWduZWQiOjB9LCJtZXNzYWdpbmciOnsiYXNzaWduZWQiOjB9fSwiZXh0ZXJuYWxBdXRob3JpemF0aW9uIjp0cnVlLCJleHRlcm5hbEF1dGhvcml6YXRpb25Qcm92aWRlciI6eyJuYW1lIjoiUG9ydGFsIEFwcGxpY2F0aW9uIE1hbmFnZW1lbnQgU3lzdGVtIChQQU1TKSIsInVybCI6Imh0dHBzOi8vd3NneC10ZXN0LmNpc2NvLmNvbS9wYW1zL2x0L2NlcG1TZXJ2aWNlL3YxLjUvbWdyc3J2cyIsInZlcnNpb24iOiIxLjUifSwiaWRlbnRpdHlNYW5hZ2VtZW50Ijp7InR5cGUiOiJQaW5nRmVkZXJhdGUifSwib2F1dGgyU2V0dGluZ3MiOnsiYXV0aG9yaXphdGlvbkdyYW50cyI6WyJjb2RlIiwidG9rZW4iLCJvd25lciIsImNyZWRlbnRpYWxzIl0sImF1dGhvcml6YXRpb25VcmkiOiJodHRwczovL2Nsb3Vkc3NvLXRlc3QuY2lzY28uY29tL2FzL2F1dGhvcml6YXRpb24ub2F1dGgyIiwiYWNjZXNzVG9rZW5VcmkiOiJodHRwczovL2Nsb3Vkc3NvLXRlc3QuY2lzY28uY29tL2FzL3Rva2VuLm9hdXRoMiIsImdyYW50VHlwZXMiOlt7Im5hbWUiOiJwYXNzd29yZCIsImxhYmVsIjoiUmVzb3VyY2UgT3duZXIgR3JhbnQiLCJyZXF1aXJlZCI6ZmFsc2UsImV4Y2x1ZGUiOltdLCJkZXBlbmRzIjpbXX0seyJuYW1lIjoiaW1wbGljaXQiLCJsYWJlbCI6IkltcGxpY2l0IEdyYW50IiwicmVxdWlyZWQiOmZhbHNlLCJleGNsdWRlIjpbXSwiZGVwZW5kcyI6W119LHsibmFtZSI6ImNsaWVudF9jcmVkZW50aWFscyIsImxhYmVsIjoiQ2xpZW50IENyZWRlbnRpYWxzIEdyYW50IiwicmVxdWlyZWQiOmZhbHNlLCJleGNsdWRlIjpbXSwiZGVwZW5kcyI6W119LHsibmFtZSI6ImF1dGhvcml6YXRpb25fY29kZSIsImxhYmVsIjoiQXV0aG9yaXphdGlvbiBDb2RlIEdyYW50IiwicmVxdWlyZWQiOmZhbHNlLCJleGNsdWRlIjpbXSwiZGVwZW5kcyI6W119LHsibmFtZSI6InJlZnJlc2hfdG9rZW4iLCJsYWJlbCI6IlJlZnJlc2ggVG9rZW4iLCJyZXF1aXJlZCI6ZmFsc2UsImV4Y2x1ZGUiOltdLCJkZXBlbmRzIjpbImF1dGhvcml6YXRpb25fY29kZSIsInBhc3N3b3JkIl19XX19LCJpbnRlcmFjdGl2ZUxvZ2luIjp0cnVlLCJ0b2tlbiI6ImEyYzg0ODE1LThjYjgtNGE3Ni1iNmU0LTg4MGM3ZTc2MGNlYiIsImlhdCI6MTQ4NjU4Njc4OCwiYXVkIjoiaHR0cDovL2FwaS1wbGF0Zm9ybS1hcGkvcmVwb3NpdG9yeSIsImlzcyI6Imh0dHA6Ly9hcGktcGxhdGZvcm0tYXBpL3JlcG9zaXRvcnkifQ.YOsto-KJMgjQZxFXe6FFipYd8TIh4P1HIlJ5Tg6a9Ps
				Accept=*/*
				Content-Type=text/plain; charset=UTF-8
Cookies:		&lt;none&gt;
Body:			&lt;none&gt;
Request method:	DELETE
Request path:	https://qax.anypoint.mulesoft.com/apiplatform/repository/applications/43389
Proxy:			&lt;none&gt;
Request params:	&lt;none&gt;
Query params:	&lt;none&gt;
Form params:	&lt;none&gt;
Path params:	&lt;none&gt;
Multiparts:		&lt;none&gt;
Headers:		Authorization=Bearer eyJ0eXAiOiJKV1QiLCJhbGciOiJIUzI1NiJ9.eyJpZCI6IjUwMDAzN2NkLTJjZmQtNGRhNC1iZWQ3LTU3Mzg0ZGViMDYyYiIsImZpcnN0TmFtZSI6IkZlZGVyYXRlZCIsImxhc3ROYW1lIjoiRXh0ZXJuYWwiLCJlbWFpbCI6ImNocmlzdG9waGVyLm1vcmR1ZUBtdWxlc29mdC5jb20iLCJ1c2VybmFtZSI6ImZlZGVyYXRlZF9leHRlcm5hbCIsIm9yZ2FuaXphdGlvbiI6eyJpZCI6IjUwMDBkYjk1LWM1ZDQtNDg3Zi05MjVlLTNmODJmMTVhNTQ5OSIsIm5hbWUiOiJGZWRlcmF0ZWQgSW5jIEV4dGVybmFsIEF1dGhvcml6YXRpb24iLCJkb21haW4iOiJmZWRlcmF0ZWQtZXh0ZXJuYWwiLCJlbnRpdGxlbWVudHMiOnsiaHlicmlkIjp7ImVuYWJsZWQiOmZhbHNlfSwiY3JlYXRlU3ViT3JncyI6dHJ1ZSwidkNvcmVzUHJvZHVjdGlvbiI6eyJhc3NpZ25lZCI6MSwicmVhc3NpZ25lZCI6MH0sInZDb3Jlc1NhbmRib3giOnsiYXNzaWduZWQiOjEsInJlYXNzaWduZWQiOjB9LCJnbG9iYWxEZXBsb3ltZW50IjpmYWxzZSwid29ya2VyTG9nZ2luZ092ZXJyaWRlIjp7ImVuYWJsZWQiOmZhbHNlfSwiZ2F0ZXdheXMiOnsiYXNzaWduZWQiOjB9LCJjcmVhdGVFbnZpcm9ubWVudHMiOnRydWUsInBhcnRuZXJzUHJvZHVjdGlvbiI6eyJhc3NpZ25lZCI6MH0sInBhcnRuZXJzU2FuZGJveCI6eyJhc3NpZ25lZCI6MH0sImF1dG9zY2FsaW5nIjpmYWxzZSwic3RhdGljSXBzIjp7ImFzc2lnbmVkIjowLCJyZWFzc2lnbmVkIjowfSwiYXJtQWxlcnRzIjpmYWxzZSwiYXBpcyI6eyJlbmFibGVkIjp0cnVlfSwibXFNZXNzYWdlcyI6eyJiYXNlIjowLCJhZGRPbiI6MH0sIm1xUmVxdWVzdHMiOnsiYmFzZSI6MCwiYWRkT24iOjB9LCJleHRlcm5hbElkZW50aXR5Ijp0cnVlLCJtcUFkdmFuY2VkRmVhdHVyZXMiOnsiZW5hYmxlZCI6ZmFsc2V9LCJ2cGNzIjp7ImFzc2lnbmVkIjowLCJyZWFzc2lnbmVkIjowfSwiaHlicmlkSW5zaWdodCI6ZmFsc2UsImRlc2lnbkNlbnRlciI6eyJtb3phcnQiOmZhbHNlLCJhcGkiOmZhbHNlfSwib2JqZWN0U3RvcmVSZXF1ZXN0VW5pdHMiOnsiYmFzZSI6MTUwMDAwMDAsImFkZE9uIjowfSwib2JqZWN0U3RvcmVLZXlzIjp7ImJhc2UiOjEwMDAwMCwiYWRkT24iOjB9LCJjYW0iOnsiZW5hYmxlZCI6ZmFsc2V9LCJsb2FkQmFsYW5jZXIiOnsiYXNzaWduZWQiOjAsInJlYXNzaWduZWQiOjB9LCJtZXNzYWdpbmciOnsiYXNzaWduZWQiOjB9fSwiZXh0ZXJuYWxBdXRob3JpemF0aW9uIjp0cnVlLCJleHRlcm5hbEF1dGhvcml6YXRpb25Qcm92aWRlciI6eyJuYW1lIjoiUG9ydGFsIEFwcGxpY2F0aW9uIE1hbmFnZW1lbnQgU3lzdGVtIChQQU1TKSIsInVybCI6Imh0dHBzOi8vd3NneC10ZXN0LmNpc2NvLmNvbS9wYW1zL2x0L2NlcG1TZXJ2aWNlL3YxLjUvbWdyc3J2cyIsInZlcnNpb24iOiIxLjUifSwiaWRlbnRpdHlNYW5hZ2VtZW50Ijp7InR5cGUiOiJQaW5nRmVkZXJhdGUifSwib2F1dGgyU2V0dGluZ3MiOnsiYXV0aG9yaXphdGlvbkdyYW50cyI6WyJjb2RlIiwidG9rZW4iLCJvd25lciIsImNyZWRlbnRpYWxzIl0sImF1dGhvcml6YXRpb25VcmkiOiJodHRwczovL2Nsb3Vkc3NvLXRlc3QuY2lzY28uY29tL2FzL2F1dGhvcml6YXRpb24ub2F1dGgyIiwiYWNjZXNzVG9rZW5VcmkiOiJodHRwczovL2Nsb3Vkc3NvLXRlc3QuY2lzY28uY29tL2FzL3Rva2VuLm9hdXRoMiIsImdyYW50VHlwZXMiOlt7Im5hbWUiOiJwYXNzd29yZCIsImxhYmVsIjoiUmVzb3VyY2UgT3duZXIgR3JhbnQiLCJyZXF1aXJlZCI6ZmFsc2UsImV4Y2x1ZGUiOltdLCJkZXBlbmRzIjpbXX0seyJuYW1lIjoiaW1wbGljaXQiLCJsYWJlbCI6IkltcGxpY2l0IEdyYW50IiwicmVxdWlyZWQiOmZhbHNlLCJleGNsdWRlIjpbXSwiZGVwZW5kcyI6W119LHsibmFtZSI6ImNsaWVudF9jcmVkZW50aWFscyIsImxhYmVsIjoiQ2xpZW50IENyZWRlbnRpYWxzIEdyYW50IiwicmVxdWlyZWQiOmZhbHNlLCJleGNsdWRlIjpbXSwiZGVwZW5kcyI6W119LHsibmFtZSI6ImF1dGhvcml6YXRpb25fY29kZSIsImxhYmVsIjoiQXV0aG9yaXphdGlvbiBDb2RlIEdyYW50IiwicmVxdWlyZWQiOmZhbHNlLCJleGNsdWRlIjpbXSwiZGVwZW5kcyI6W119LHsibmFtZSI6InJlZnJlc2hfdG9rZW4iLCJsYWJlbCI6IlJlZnJlc2ggVG9rZW4iLCJyZXF1aXJlZCI6ZmFsc2UsImV4Y2x1ZGUiOltdLCJkZXBlbmRzIjpbImF1dGhvcml6YXRpb25fY29kZSIsInBhc3N3b3JkIl19XX19LCJpbnRlcmFjdGl2ZUxvZ2luIjp0cnVlLCJ0b2tlbiI6ImEyYzg0ODE1LThjYjgtNGE3Ni1iNmU0LTg4MGM3ZTc2MGNlYiIsImlhdCI6MTQ4NjU4Njc4OCwiYXVkIjoiaHR0cDovL2FwaS1wbGF0Zm9ybS1hcGkvcmVwb3NpdG9yeSIsImlzcyI6Imh0dHA6Ly9hcGktcGxhdGZvcm0tYXBpL3JlcG9zaXRvcnkifQ.YOsto-KJMgjQZxFXe6FFipYd8TIh4P1HIlJ5Tg6a9Ps
				Accept=*/*
				Content-Type=text/plain; charset=UTF-8
Cookies:		&lt;none&gt;
Body:			&lt;none&gt;
Request method:	DELETE
Request path:	https://qax.anypoint.mulesoft.com/apiplatform/repository/applications/43381
Proxy:			&lt;none&gt;
Request params:	&lt;none&gt;
Query params:	&lt;none&gt;
Form params:	&lt;none&gt;
Path params:	&lt;none&gt;
Multiparts:		&lt;none&gt;
Headers:		Authorization=Bearer eyJ0eXAiOiJKV1QiLCJhbGciOiJIUzI1NiJ9.eyJpZCI6IjUwMDAzN2NkLTJjZmQtNGRhNC1iZWQ3LTU3Mzg0ZGViMDYyYiIsImZpcnN0TmFtZSI6IkZlZGVyYXRlZCIsImxhc3ROYW1lIjoiRXh0ZXJuYWwiLCJlbWFpbCI6ImNocmlzdG9waGVyLm1vcmR1ZUBtdWxlc29mdC5jb20iLCJ1c2VybmFtZSI6ImZlZGVyYXRlZF9leHRlcm5hbCIsIm9yZ2FuaXphdGlvbiI6eyJpZCI6IjUwMDBkYjk1LWM1ZDQtNDg3Zi05MjVlLTNmODJmMTVhNTQ5OSIsIm5hbWUiOiJGZWRlcmF0ZWQgSW5jIEV4dGVybmFsIEF1dGhvcml6YXRpb24iLCJkb21haW4iOiJmZWRlcmF0ZWQtZXh0ZXJuYWwiLCJlbnRpdGxlbWVudHMiOnsiaHlicmlkIjp7ImVuYWJsZWQiOmZhbHNlfSwiY3JlYXRlU3ViT3JncyI6dHJ1ZSwidkNvcmVzUHJvZHVjdGlvbiI6eyJhc3NpZ25lZCI6MSwicmVhc3NpZ25lZCI6MH0sInZDb3Jlc1NhbmRib3giOnsiYXNzaWduZWQiOjEsInJlYXNzaWduZWQiOjB9LCJnbG9iYWxEZXBsb3ltZW50IjpmYWxzZSwid29ya2VyTG9nZ2luZ092ZXJyaWRlIjp7ImVuYWJsZWQiOmZhbHNlfSwiZ2F0ZXdheXMiOnsiYXNzaWduZWQiOjB9LCJjcmVhdGVFbnZpcm9ubWVudHMiOnRydWUsInBhcnRuZXJzUHJvZHVjdGlvbiI6eyJhc3NpZ25lZCI6MH0sInBhcnRuZXJzU2FuZGJveCI6eyJhc3NpZ25lZCI6MH0sImF1dG9zY2FsaW5nIjpmYWxzZSwic3RhdGljSXBzIjp7ImFzc2lnbmVkIjowLCJyZWFzc2lnbmVkIjowfSwiYXJtQWxlcnRzIjpmYWxzZSwiYXBpcyI6eyJlbmFibGVkIjp0cnVlfSwibXFNZXNzYWdlcyI6eyJiYXNlIjowLCJhZGRPbiI6MH0sIm1xUmVxdWVzdHMiOnsiYmFzZSI6MCwiYWRkT24iOjB9LCJleHRlcm5hbElkZW50aXR5Ijp0cnVlLCJtcUFkdmFuY2VkRmVhdHVyZXMiOnsiZW5hYmxlZCI6ZmFsc2V9LCJ2cGNzIjp7ImFzc2lnbmVkIjowLCJyZWFzc2lnbmVkIjowfSwiaHlicmlkSW5zaWdodCI6ZmFsc2UsImRlc2lnbkNlbnRlciI6eyJtb3phcnQiOmZhbHNlLCJhcGkiOmZhbHNlfSwib2JqZWN0U3RvcmVSZXF1ZXN0VW5pdHMiOnsiYmFzZSI6MTUwMDAwMDAsImFkZE9uIjowfSwib2JqZWN0U3RvcmVLZXlzIjp7ImJhc2UiOjEwMDAwMCwiYWRkT24iOjB9LCJjYW0iOnsiZW5hYmxlZCI6ZmFsc2V9LCJsb2FkQmFsYW5jZXIiOnsiYXNzaWduZWQiOjAsInJlYXNzaWduZWQiOjB9LCJtZXNzYWdpbmciOnsiYXNzaWduZWQiOjB9fSwiZXh0ZXJuYWxBdXRob3JpemF0aW9uIjp0cnVlLCJleHRlcm5hbEF1dGhvcml6YXRpb25Qcm92aWRlciI6eyJuYW1lIjoiUG9ydGFsIEFwcGxpY2F0aW9uIE1hbmFnZW1lbnQgU3lzdGVtIChQQU1TKSIsInVybCI6Imh0dHBzOi8vd3NneC10ZXN0LmNpc2NvLmNvbS9wYW1zL2x0L2NlcG1TZXJ2aWNlL3YxLjUvbWdyc3J2cyIsInZlcnNpb24iOiIxLjUifSwiaWRlbnRpdHlNYW5hZ2VtZW50Ijp7InR5cGUiOiJQaW5nRmVkZXJhdGUifSwib2F1dGgyU2V0dGluZ3MiOnsiYXV0aG9yaXphdGlvbkdyYW50cyI6WyJjb2RlIiwidG9rZW4iLCJvd25lciIsImNyZWRlbnRpYWxzIl0sImF1dGhvcml6YXRpb25VcmkiOiJodHRwczovL2Nsb3Vkc3NvLXRlc3QuY2lzY28uY29tL2FzL2F1dGhvcml6YXRpb24ub2F1dGgyIiwiYWNjZXNzVG9rZW5VcmkiOiJodHRwczovL2Nsb3Vkc3NvLXRlc3QuY2lzY28uY29tL2FzL3Rva2VuLm9hdXRoMiIsImdyYW50VHlwZXMiOlt7Im5hbWUiOiJwYXNzd29yZCIsImxhYmVsIjoiUmVzb3VyY2UgT3duZXIgR3JhbnQiLCJyZXF1aXJlZCI6ZmFsc2UsImV4Y2x1ZGUiOltdLCJkZXBlbmRzIjpbXX0seyJuYW1lIjoiaW1wbGljaXQiLCJsYWJlbCI6IkltcGxpY2l0IEdyYW50IiwicmVxdWlyZWQiOmZhbHNlLCJleGNsdWRlIjpbXSwiZGVwZW5kcyI6W119LHsibmFtZSI6ImNsaWVudF9jcmVkZW50aWFscyIsImxhYmVsIjoiQ2xpZW50IENyZWRlbnRpYWxzIEdyYW50IiwicmVxdWlyZWQiOmZhbHNlLCJleGNsdWRlIjpbXSwiZGVwZW5kcyI6W119LHsibmFtZSI6ImF1dGhvcml6YXRpb25fY29kZSIsImxhYmVsIjoiQXV0aG9yaXphdGlvbiBDb2RlIEdyYW50IiwicmVxdWlyZWQiOmZhbHNlLCJleGNsdWRlIjpbXSwiZGVwZW5kcyI6W119LHsibmFtZSI6InJlZnJlc2hfdG9rZW4iLCJsYWJlbCI6IlJlZnJlc2ggVG9rZW4iLCJyZXF1aXJlZCI6ZmFsc2UsImV4Y2x1ZGUiOltdLCJkZXBlbmRzIjpbImF1dGhvcml6YXRpb25fY29kZSIsInBhc3N3b3JkIl19XX19LCJpbnRlcmFjdGl2ZUxvZ2luIjp0cnVlLCJ0b2tlbiI6ImEyYzg0ODE1LThjYjgtNGE3Ni1iNmU0LTg4MGM3ZTc2MGNlYiIsImlhdCI6MTQ4NjU4Njc4OCwiYXVkIjoiaHR0cDovL2FwaS1wbGF0Zm9ybS1hcGkvcmVwb3NpdG9yeSIsImlzcyI6Imh0dHA6Ly9hcGktcGxhdGZvcm0tYXBpL3JlcG9zaXRvcnkifQ.YOsto-KJMgjQZxFXe6FFipYd8TIh4P1HIlJ5Tg6a9Ps
				Accept=*/*
				Content-Type=text/plain; charset=UTF-8
Cookies:		&lt;none&gt;
Body:			&lt;none&gt;
Request method:	DELETE
Request path:	https://qax.anypoint.mulesoft.com/apiplatform/repository/applications/43382
Proxy:			&lt;none&gt;
Request params:	&lt;none&gt;
Query params:	&lt;none&gt;
Form params:	&lt;none&gt;
Path params:	&lt;none&gt;
Multiparts:		&lt;none&gt;
Headers:		Authorization=Bearer eyJ0eXAiOiJKV1QiLCJhbGciOiJIUzI1NiJ9.eyJpZCI6IjUwMDAzN2NkLTJjZmQtNGRhNC1iZWQ3LTU3Mzg0ZGViMDYyYiIsImZpcnN0TmFtZSI6IkZlZGVyYXRlZCIsImxhc3ROYW1lIjoiRXh0ZXJuYWwiLCJlbWFpbCI6ImNocmlzdG9waGVyLm1vcmR1ZUBtdWxlc29mdC5jb20iLCJ1c2VybmFtZSI6ImZlZGVyYXRlZF9leHRlcm5hbCIsIm9yZ2FuaXphdGlvbiI6eyJpZCI6IjUwMDBkYjk1LWM1ZDQtNDg3Zi05MjVlLTNmODJmMTVhNTQ5OSIsIm5hbWUiOiJGZWRlcmF0ZWQgSW5jIEV4dGVybmFsIEF1dGhvcml6YXRpb24iLCJkb21haW4iOiJmZWRlcmF0ZWQtZXh0ZXJuYWwiLCJlbnRpdGxlbWVudHMiOnsiaHlicmlkIjp7ImVuYWJsZWQiOmZhbHNlfSwiY3JlYXRlU3ViT3JncyI6dHJ1ZSwidkNvcmVzUHJvZHVjdGlvbiI6eyJhc3NpZ25lZCI6MSwicmVhc3NpZ25lZCI6MH0sInZDb3Jlc1NhbmRib3giOnsiYXNzaWduZWQiOjEsInJlYXNzaWduZWQiOjB9LCJnbG9iYWxEZXBsb3ltZW50IjpmYWxzZSwid29ya2VyTG9nZ2luZ092ZXJyaWRlIjp7ImVuYWJsZWQiOmZhbHNlfSwiZ2F0ZXdheXMiOnsiYXNzaWduZWQiOjB9LCJjcmVhdGVFbnZpcm9ubWVudHMiOnRydWUsInBhcnRuZXJzUHJvZHVjdGlvbiI6eyJhc3NpZ25lZCI6MH0sInBhcnRuZXJzU2FuZGJveCI6eyJhc3NpZ25lZCI6MH0sImF1dG9zY2FsaW5nIjpmYWxzZSwic3RhdGljSXBzIjp7ImFzc2lnbmVkIjowLCJyZWFzc2lnbmVkIjowfSwiYXJtQWxlcnRzIjpmYWxzZSwiYXBpcyI6eyJlbmFibGVkIjp0cnVlfSwibXFNZXNzYWdlcyI6eyJiYXNlIjowLCJhZGRPbiI6MH0sIm1xUmVxdWVzdHMiOnsiYmFzZSI6MCwiYWRkT24iOjB9LCJleHRlcm5hbElkZW50aXR5Ijp0cnVlLCJtcUFkdmFuY2VkRmVhdHVyZXMiOnsiZW5hYmxlZCI6ZmFsc2V9LCJ2cGNzIjp7ImFzc2lnbmVkIjowLCJyZWFzc2lnbmVkIjowfSwiaHlicmlkSW5zaWdodCI6ZmFsc2UsImRlc2lnbkNlbnRlciI6eyJtb3phcnQiOmZhbHNlLCJhcGkiOmZhbHNlfSwib2JqZWN0U3RvcmVSZXF1ZXN0VW5pdHMiOnsiYmFzZSI6MTUwMDAwMDAsImFkZE9uIjowfSwib2JqZWN0U3RvcmVLZXlzIjp7ImJhc2UiOjEwMDAwMCwiYWRkT24iOjB9LCJjYW0iOnsiZW5hYmxlZCI6ZmFsc2V9LCJsb2FkQmFsYW5jZXIiOnsiYXNzaWduZWQiOjAsInJlYXNzaWduZWQiOjB9LCJtZXNzYWdpbmciOnsiYXNzaWduZWQiOjB9fSwiZXh0ZXJuYWxBdXRob3JpemF0aW9uIjp0cnVlLCJleHRlcm5hbEF1dGhvcml6YXRpb25Qcm92aWRlciI6eyJuYW1lIjoiUG9ydGFsIEFwcGxpY2F0aW9uIE1hbmFnZW1lbnQgU3lzdGVtIChQQU1TKSIsInVybCI6Imh0dHBzOi8vd3NneC10ZXN0LmNpc2NvLmNvbS9wYW1zL2x0L2NlcG1TZXJ2aWNlL3YxLjUvbWdyc3J2cyIsInZlcnNpb24iOiIxLjUifSwiaWRlbnRpdHlNYW5hZ2VtZW50Ijp7InR5cGUiOiJQaW5nRmVkZXJhdGUifSwib2F1dGgyU2V0dGluZ3MiOnsiYXV0aG9yaXphdGlvbkdyYW50cyI6WyJjb2RlIiwidG9rZW4iLCJvd25lciIsImNyZWRlbnRpYWxzIl0sImF1dGhvcml6YXRpb25VcmkiOiJodHRwczovL2Nsb3Vkc3NvLXRlc3QuY2lzY28uY29tL2FzL2F1dGhvcml6YXRpb24ub2F1dGgyIiwiYWNjZXNzVG9rZW5VcmkiOiJodHRwczovL2Nsb3Vkc3NvLXRlc3QuY2lzY28uY29tL2FzL3Rva2VuLm9hdXRoMiIsImdyYW50VHlwZXMiOlt7Im5hbWUiOiJwYXNzd29yZCIsImxhYmVsIjoiUmVzb3VyY2UgT3duZXIgR3JhbnQiLCJyZXF1aXJlZCI6ZmFsc2UsImV4Y2x1ZGUiOltdLCJkZXBlbmRzIjpbXX0seyJuYW1lIjoiaW1wbGljaXQiLCJsYWJlbCI6IkltcGxpY2l0IEdyYW50IiwicmVxdWlyZWQiOmZhbHNlLCJleGNsdWRlIjpbXSwiZGVwZW5kcyI6W119LHsibmFtZSI6ImNsaWVudF9jcmVkZW50aWFscyIsImxhYmVsIjoiQ2xpZW50IENyZWRlbnRpYWxzIEdyYW50IiwicmVxdWlyZWQiOmZhbHNlLCJleGNsdWRlIjpbXSwiZGVwZW5kcyI6W119LHsibmFtZSI6ImF1dGhvcml6YXRpb25fY29kZSIsImxhYmVsIjoiQXV0aG9yaXphdGlvbiBDb2RlIEdyYW50IiwicmVxdWlyZWQiOmZhbHNlLCJleGNsdWRlIjpbXSwiZGVwZW5kcyI6W119LHsibmFtZSI6InJlZnJlc2hfdG9rZW4iLCJsYWJlbCI6IlJlZnJlc2ggVG9rZW4iLCJyZXF1aXJlZCI6ZmFsc2UsImV4Y2x1ZGUiOltdLCJkZXBlbmRzIjpbImF1dGhvcml6YXRpb25fY29kZSIsInBhc3N3b3JkIl19XX19LCJpbnRlcmFjdGl2ZUxvZ2luIjp0cnVlLCJ0b2tlbiI6ImEyYzg0ODE1LThjYjgtNGE3Ni1iNmU0LTg4MGM3ZTc2MGNlYiIsImlhdCI6MTQ4NjU4Njc4OCwiYXVkIjoiaHR0cDovL2FwaS1wbGF0Zm9ybS1hcGkvcmVwb3NpdG9yeSIsImlzcyI6Imh0dHA6Ly9hcGktcGxhdGZvcm0tYXBpL3JlcG9zaXRvcnkifQ.YOsto-KJMgjQZxFXe6FFipYd8TIh4P1HIlJ5Tg6a9Ps
				Accept=*/*
				Content-Type=text/plain; charset=UTF-8
Cookies:		&lt;none&gt;
Body:			&lt;none&gt;
Request method:	DELETE
Request path:	https://qax.anypoint.mulesoft.com/apiplatform/repository/applications/43321
Proxy:			&lt;none&gt;
Request params:	&lt;none&gt;
Query params:	&lt;none&gt;
Form params:	&lt;none&gt;
Path params:	&lt;none&gt;
Multiparts:		&lt;none&gt;
Headers:		Authorization=Bearer eyJ0eXAiOiJKV1QiLCJhbGciOiJIUzI1NiJ9.eyJpZCI6IjUwMDAzN2NkLTJjZmQtNGRhNC1iZWQ3LTU3Mzg0ZGViMDYyYiIsImZpcnN0TmFtZSI6IkZlZGVyYXRlZCIsImxhc3ROYW1lIjoiRXh0ZXJuYWwiLCJlbWFpbCI6ImNocmlzdG9waGVyLm1vcmR1ZUBtdWxlc29mdC5jb20iLCJ1c2VybmFtZSI6ImZlZGVyYXRlZF9leHRlcm5hbCIsIm9yZ2FuaXphdGlvbiI6eyJpZCI6IjUwMDBkYjk1LWM1ZDQtNDg3Zi05MjVlLTNmODJmMTVhNTQ5OSIsIm5hbWUiOiJGZWRlcmF0ZWQgSW5jIEV4dGVybmFsIEF1dGhvcml6YXRpb24iLCJkb21haW4iOiJmZWRlcmF0ZWQtZXh0ZXJuYWwiLCJlbnRpdGxlbWVudHMiOnsiaHlicmlkIjp7ImVuYWJsZWQiOmZhbHNlfSwiY3JlYXRlU3ViT3JncyI6dHJ1ZSwidkNvcmVzUHJvZHVjdGlvbiI6eyJhc3NpZ25lZCI6MSwicmVhc3NpZ25lZCI6MH0sInZDb3Jlc1NhbmRib3giOnsiYXNzaWduZWQiOjEsInJlYXNzaWduZWQiOjB9LCJnbG9iYWxEZXBsb3ltZW50IjpmYWxzZSwid29ya2VyTG9nZ2luZ092ZXJyaWRlIjp7ImVuYWJsZWQiOmZhbHNlfSwiZ2F0ZXdheXMiOnsiYXNzaWduZWQiOjB9LCJjcmVhdGVFbnZpcm9ubWVudHMiOnRydWUsInBhcnRuZXJzUHJvZHVjdGlvbiI6eyJhc3NpZ25lZCI6MH0sInBhcnRuZXJzU2FuZGJveCI6eyJhc3NpZ25lZCI6MH0sImF1dG9zY2FsaW5nIjpmYWxzZSwic3RhdGljSXBzIjp7ImFzc2lnbmVkIjowLCJyZWFzc2lnbmVkIjowfSwiYXJtQWxlcnRzIjpmYWxzZSwiYXBpcyI6eyJlbmFibGVkIjp0cnVlfSwibXFNZXNzYWdlcyI6eyJiYXNlIjowLCJhZGRPbiI6MH0sIm1xUmVxdWVzdHMiOnsiYmFzZSI6MCwiYWRkT24iOjB9LCJleHRlcm5hbElkZW50aXR5Ijp0cnVlLCJtcUFkdmFuY2VkRmVhdHVyZXMiOnsiZW5hYmxlZCI6ZmFsc2V9LCJ2cGNzIjp7ImFzc2lnbmVkIjowLCJyZWFzc2lnbmVkIjowfSwiaHlicmlkSW5zaWdodCI6ZmFsc2UsImRlc2lnbkNlbnRlciI6eyJtb3phcnQiOmZhbHNlLCJhcGkiOmZhbHNlfSwib2JqZWN0U3RvcmVSZXF1ZXN0VW5pdHMiOnsiYmFzZSI6MTUwMDAwMDAsImFkZE9uIjowfSwib2JqZWN0U3RvcmVLZXlzIjp7ImJhc2UiOjEwMDAwMCwiYWRkT24iOjB9LCJjYW0iOnsiZW5hYmxlZCI6ZmFsc2V9LCJsb2FkQmFsYW5jZXIiOnsiYXNzaWduZWQiOjAsInJlYXNzaWduZWQiOjB9LCJtZXNzYWdpbmciOnsiYXNzaWduZWQiOjB9fSwiZXh0ZXJuYWxBdXRob3JpemF0aW9uIjp0cnVlLCJleHRlcm5hbEF1dGhvcml6YXRpb25Qcm92aWRlciI6eyJuYW1lIjoiUG9ydGFsIEFwcGxpY2F0aW9uIE1hbmFnZW1lbnQgU3lzdGVtIChQQU1TKSIsInVybCI6Imh0dHBzOi8vd3NneC10ZXN0LmNpc2NvLmNvbS9wYW1zL2x0L2NlcG1TZXJ2aWNlL3YxLjUvbWdyc3J2cyIsInZlcnNpb24iOiIxLjUifSwiaWRlbnRpdHlNYW5hZ2VtZW50Ijp7InR5cGUiOiJQaW5nRmVkZXJhdGUifSwib2F1dGgyU2V0dGluZ3MiOnsiYXV0aG9yaXphdGlvbkdyYW50cyI6WyJjb2RlIiwidG9rZW4iLCJvd25lciIsImNyZWRlbnRpYWxzIl0sImF1dGhvcml6YXRpb25VcmkiOiJodHRwczovL2Nsb3Vkc3NvLXRlc3QuY2lzY28uY29tL2FzL2F1dGhvcml6YXRpb24ub2F1dGgyIiwiYWNjZXNzVG9rZW5VcmkiOiJodHRwczovL2Nsb3Vkc3NvLXRlc3QuY2lzY28uY29tL2FzL3Rva2VuLm9hdXRoMiIsImdyYW50VHlwZXMiOlt7Im5hbWUiOiJwYXNzd29yZCIsImxhYmVsIjoiUmVzb3VyY2UgT3duZXIgR3JhbnQiLCJyZXF1aXJlZCI6ZmFsc2UsImV4Y2x1ZGUiOltdLCJkZXBlbmRzIjpbXX0seyJuYW1lIjoiaW1wbGljaXQiLCJsYWJlbCI6IkltcGxpY2l0IEdyYW50IiwicmVxdWlyZWQiOmZhbHNlLCJleGNsdWRlIjpbXSwiZGVwZW5kcyI6W119LHsibmFtZSI6ImNsaWVudF9jcmVkZW50aWFscyIsImxhYmVsIjoiQ2xpZW50IENyZWRlbnRpYWxzIEdyYW50IiwicmVxdWlyZWQiOmZhbHNlLCJleGNsdWRlIjpbXSwiZGVwZW5kcyI6W119LHsibmFtZSI6ImF1dGhvcml6YXRpb25fY29kZSIsImxhYmVsIjoiQXV0aG9yaXphdGlvbiBDb2RlIEdyYW50IiwicmVxdWlyZWQiOmZhbHNlLCJleGNsdWRlIjpbXSwiZGVwZW5kcyI6W119LHsibmFtZSI6InJlZnJlc2hfdG9rZW4iLCJsYWJlbCI6IlJlZnJlc2ggVG9rZW4iLCJyZXF1aXJlZCI6ZmFsc2UsImV4Y2x1ZGUiOltdLCJkZXBlbmRzIjpbImF1dGhvcml6YXRpb25fY29kZSIsInBhc3N3b3JkIl19XX19LCJpbnRlcmFjdGl2ZUxvZ2luIjp0cnVlLCJ0b2tlbiI6ImEyYzg0ODE1LThjYjgtNGE3Ni1iNmU0LTg4MGM3ZTc2MGNlYiIsImlhdCI6MTQ4NjU4Njc4OCwiYXVkIjoiaHR0cDovL2FwaS1wbGF0Zm9ybS1hcGkvcmVwb3NpdG9yeSIsImlzcyI6Imh0dHA6Ly9hcGktcGxhdGZvcm0tYXBpL3JlcG9zaXRvcnkifQ.YOsto-KJMgjQZxFXe6FFipYd8TIh4P1HIlJ5Tg6a9Ps
				Accept=*/*
				Content-Type=text/plain; charset=UTF-8
Cookies:		&lt;none&gt;
Body:			&lt;none&gt;
Request method:	DELETE
Request path:	https://qax.anypoint.mulesoft.com/apiplatform/repository/applications/43365
Proxy:			&lt;none&gt;
Request params:	&lt;none&gt;
Query params:	&lt;none&gt;
Form params:	&lt;none&gt;
Path params:	&lt;none&gt;
Multiparts:		&lt;none&gt;
Headers:		Authorization=Bearer eyJ0eXAiOiJKV1QiLCJhbGciOiJIUzI1NiJ9.eyJpZCI6IjUwMDAzN2NkLTJjZmQtNGRhNC1iZWQ3LTU3Mzg0ZGViMDYyYiIsImZpcnN0TmFtZSI6IkZlZGVyYXRlZCIsImxhc3ROYW1lIjoiRXh0ZXJuYWwiLCJlbWFpbCI6ImNocmlzdG9waGVyLm1vcmR1ZUBtdWxlc29mdC5jb20iLCJ1c2VybmFtZSI6ImZlZGVyYXRlZF9leHRlcm5hbCIsIm9yZ2FuaXphdGlvbiI6eyJpZCI6IjUwMDBkYjk1LWM1ZDQtNDg3Zi05MjVlLTNmODJmMTVhNTQ5OSIsIm5hbWUiOiJGZWRlcmF0ZWQgSW5jIEV4dGVybmFsIEF1dGhvcml6YXRpb24iLCJkb21haW4iOiJmZWRlcmF0ZWQtZXh0ZXJuYWwiLCJlbnRpdGxlbWVudHMiOnsiaHlicmlkIjp7ImVuYWJsZWQiOmZhbHNlfSwiY3JlYXRlU3ViT3JncyI6dHJ1ZSwidkNvcmVzUHJvZHVjdGlvbiI6eyJhc3NpZ25lZCI6MSwicmVhc3NpZ25lZCI6MH0sInZDb3Jlc1NhbmRib3giOnsiYXNzaWduZWQiOjEsInJlYXNzaWduZWQiOjB9LCJnbG9iYWxEZXBsb3ltZW50IjpmYWxzZSwid29ya2VyTG9nZ2luZ092ZXJyaWRlIjp7ImVuYWJsZWQiOmZhbHNlfSwiZ2F0ZXdheXMiOnsiYXNzaWduZWQiOjB9LCJjcmVhdGVFbnZpcm9ubWVudHMiOnRydWUsInBhcnRuZXJzUHJvZHVjdGlvbiI6eyJhc3NpZ25lZCI6MH0sInBhcnRuZXJzU2FuZGJveCI6eyJhc3NpZ25lZCI6MH0sImF1dG9zY2FsaW5nIjpmYWxzZSwic3RhdGljSXBzIjp7ImFzc2lnbmVkIjowLCJyZWFzc2lnbmVkIjowfSwiYXJtQWxlcnRzIjpmYWxzZSwiYXBpcyI6eyJlbmFibGVkIjp0cnVlfSwibXFNZXNzYWdlcyI6eyJiYXNlIjowLCJhZGRPbiI6MH0sIm1xUmVxdWVzdHMiOnsiYmFzZSI6MCwiYWRkT24iOjB9LCJleHRlcm5hbElkZW50aXR5Ijp0cnVlLCJtcUFkdmFuY2VkRmVhdHVyZXMiOnsiZW5hYmxlZCI6ZmFsc2V9LCJ2cGNzIjp7ImFzc2lnbmVkIjowLCJyZWFzc2lnbmVkIjowfSwiaHlicmlkSW5zaWdodCI6ZmFsc2UsImRlc2lnbkNlbnRlciI6eyJtb3phcnQiOmZhbHNlLCJhcGkiOmZhbHNlfSwib2JqZWN0U3RvcmVSZXF1ZXN0VW5pdHMiOnsiYmFzZSI6MTUwMDAwMDAsImFkZE9uIjowfSwib2JqZWN0U3RvcmVLZXlzIjp7ImJhc2UiOjEwMDAwMCwiYWRkT24iOjB9LCJjYW0iOnsiZW5hYmxlZCI6ZmFsc2V9LCJsb2FkQmFsYW5jZXIiOnsiYXNzaWduZWQiOjAsInJlYXNzaWduZWQiOjB9LCJtZXNzYWdpbmciOnsiYXNzaWduZWQiOjB9fSwiZXh0ZXJuYWxBdXRob3JpemF0aW9uIjp0cnVlLCJleHRlcm5hbEF1dGhvcml6YXRpb25Qcm92aWRlciI6eyJuYW1lIjoiUG9ydGFsIEFwcGxpY2F0aW9uIE1hbmFnZW1lbnQgU3lzdGVtIChQQU1TKSIsInVybCI6Imh0dHBzOi8vd3NneC10ZXN0LmNpc2NvLmNvbS9wYW1zL2x0L2NlcG1TZXJ2aWNlL3YxLjUvbWdyc3J2cyIsInZlcnNpb24iOiIxLjUifSwiaWRlbnRpdHlNYW5hZ2VtZW50Ijp7InR5cGUiOiJQaW5nRmVkZXJhdGUifSwib2F1dGgyU2V0dGluZ3MiOnsiYXV0aG9yaXphdGlvbkdyYW50cyI6WyJjb2RlIiwidG9rZW4iLCJvd25lciIsImNyZWRlbnRpYWxzIl0sImF1dGhvcml6YXRpb25VcmkiOiJodHRwczovL2Nsb3Vkc3NvLXRlc3QuY2lzY28uY29tL2FzL2F1dGhvcml6YXRpb24ub2F1dGgyIiwiYWNjZXNzVG9rZW5VcmkiOiJodHRwczovL2Nsb3Vkc3NvLXRlc3QuY2lzY28uY29tL2FzL3Rva2VuLm9hdXRoMiIsImdyYW50VHlwZXMiOlt7Im5hbWUiOiJwYXNzd29yZCIsImxhYmVsIjoiUmVzb3VyY2UgT3duZXIgR3JhbnQiLCJyZXF1aXJlZCI6ZmFsc2UsImV4Y2x1ZGUiOltdLCJkZXBlbmRzIjpbXX0seyJuYW1lIjoiaW1wbGljaXQiLCJsYWJlbCI6IkltcGxpY2l0IEdyYW50IiwicmVxdWlyZWQiOmZhbHNlLCJleGNsdWRlIjpbXSwiZGVwZW5kcyI6W119LHsibmFtZSI6ImNsaWVudF9jcmVkZW50aWFscyIsImxhYmVsIjoiQ2xpZW50IENyZWRlbnRpYWxzIEdyYW50IiwicmVxdWlyZWQiOmZhbHNlLCJleGNsdWRlIjpbXSwiZGVwZW5kcyI6W119LHsibmFtZSI6ImF1dGhvcml6YXRpb25fY29kZSIsImxhYmVsIjoiQXV0aG9yaXphdGlvbiBDb2RlIEdyYW50IiwicmVxdWlyZWQiOmZhbHNlLCJleGNsdWRlIjpbXSwiZGVwZW5kcyI6W119LHsibmFtZSI6InJlZnJlc2hfdG9rZW4iLCJsYWJlbCI6IlJlZnJlc2ggVG9rZW4iLCJyZXF1aXJlZCI6ZmFsc2UsImV4Y2x1ZGUiOltdLCJkZXBlbmRzIjpbImF1dGhvcml6YXRpb25fY29kZSIsInBhc3N3b3JkIl19XX19LCJpbnRlcmFjdGl2ZUxvZ2luIjp0cnVlLCJ0b2tlbiI6ImEyYzg0ODE1LThjYjgtNGE3Ni1iNmU0LTg4MGM3ZTc2MGNlYiIsImlhdCI6MTQ4NjU4Njc4OCwiYXVkIjoiaHR0cDovL2FwaS1wbGF0Zm9ybS1hcGkvcmVwb3NpdG9yeSIsImlzcyI6Imh0dHA6Ly9hcGktcGxhdGZvcm0tYXBpL3JlcG9zaXRvcnkifQ.YOsto-KJMgjQZxFXe6FFipYd8TIh4P1HIlJ5Tg6a9Ps
				Accept=*/*
				Content-Type=text/plain; charset=UTF-8
Cookies:		&lt;none&gt;
Body:			&lt;none&gt;
Request method:	DELETE
Request path:	https://qax.anypoint.mulesoft.com/apiplatform/repository/applications/43344
Proxy:			&lt;none&gt;
Request params:	&lt;none&gt;
Query params:	&lt;none&gt;
Form params:	&lt;none&gt;
Path params:	&lt;none&gt;
Multiparts:		&lt;none&gt;
Headers:		Authorization=Bearer eyJ0eXAiOiJKV1QiLCJhbGciOiJIUzI1NiJ9.eyJpZCI6IjUwMDAzN2NkLTJjZmQtNGRhNC1iZWQ3LTU3Mzg0ZGViMDYyYiIsImZpcnN0TmFtZSI6IkZlZGVyYXRlZCIsImxhc3ROYW1lIjoiRXh0ZXJuYWwiLCJlbWFpbCI6ImNocmlzdG9waGVyLm1vcmR1ZUBtdWxlc29mdC5jb20iLCJ1c2VybmFtZSI6ImZlZGVyYXRlZF9leHRlcm5hbCIsIm9yZ2FuaXphdGlvbiI6eyJpZCI6IjUwMDBkYjk1LWM1ZDQtNDg3Zi05MjVlLTNmODJmMTVhNTQ5OSIsIm5hbWUiOiJGZWRlcmF0ZWQgSW5jIEV4dGVybmFsIEF1dGhvcml6YXRpb24iLCJkb21haW4iOiJmZWRlcmF0ZWQtZXh0ZXJuYWwiLCJlbnRpdGxlbWVudHMiOnsiaHlicmlkIjp7ImVuYWJsZWQiOmZhbHNlfSwiY3JlYXRlU3ViT3JncyI6dHJ1ZSwidkNvcmVzUHJvZHVjdGlvbiI6eyJhc3NpZ25lZCI6MSwicmVhc3NpZ25lZCI6MH0sInZDb3Jlc1NhbmRib3giOnsiYXNzaWduZWQiOjEsInJlYXNzaWduZWQiOjB9LCJnbG9iYWxEZXBsb3ltZW50IjpmYWxzZSwid29ya2VyTG9nZ2luZ092ZXJyaWRlIjp7ImVuYWJsZWQiOmZhbHNlfSwiZ2F0ZXdheXMiOnsiYXNzaWduZWQiOjB9LCJjcmVhdGVFbnZpcm9ubWVudHMiOnRydWUsInBhcnRuZXJzUHJvZHVjdGlvbiI6eyJhc3NpZ25lZCI6MH0sInBhcnRuZXJzU2FuZGJveCI6eyJhc3NpZ25lZCI6MH0sImF1dG9zY2FsaW5nIjpmYWxzZSwic3RhdGljSXBzIjp7ImFzc2lnbmVkIjowLCJyZWFzc2lnbmVkIjowfSwiYXJtQWxlcnRzIjpmYWxzZSwiYXBpcyI6eyJlbmFibGVkIjp0cnVlfSwibXFNZXNzYWdlcyI6eyJiYXNlIjowLCJhZGRPbiI6MH0sIm1xUmVxdWVzdHMiOnsiYmFzZSI6MCwiYWRkT24iOjB9LCJleHRlcm5hbElkZW50aXR5Ijp0cnVlLCJtcUFkdmFuY2VkRmVhdHVyZXMiOnsiZW5hYmxlZCI6ZmFsc2V9LCJ2cGNzIjp7ImFzc2lnbmVkIjowLCJyZWFzc2lnbmVkIjowfSwiaHlicmlkSW5zaWdodCI6ZmFsc2UsImRlc2lnbkNlbnRlciI6eyJtb3phcnQiOmZhbHNlLCJhcGkiOmZhbHNlfSwib2JqZWN0U3RvcmVSZXF1ZXN0VW5pdHMiOnsiYmFzZSI6MTUwMDAwMDAsImFkZE9uIjowfSwib2JqZWN0U3RvcmVLZXlzIjp7ImJhc2UiOjEwMDAwMCwiYWRkT24iOjB9LCJjYW0iOnsiZW5hYmxlZCI6ZmFsc2V9LCJsb2FkQmFsYW5jZXIiOnsiYXNzaWduZWQiOjAsInJlYXNzaWduZWQiOjB9LCJtZXNzYWdpbmciOnsiYXNzaWduZWQiOjB9fSwiZXh0ZXJuYWxBdXRob3JpemF0aW9uIjp0cnVlLCJleHRlcm5hbEF1dGhvcml6YXRpb25Qcm92aWRlciI6eyJuYW1lIjoiUG9ydGFsIEFwcGxpY2F0aW9uIE1hbmFnZW1lbnQgU3lzdGVtIChQQU1TKSIsInVybCI6Imh0dHBzOi8vd3NneC10ZXN0LmNpc2NvLmNvbS9wYW1zL2x0L2NlcG1TZXJ2aWNlL3YxLjUvbWdyc3J2cyIsInZlcnNpb24iOiIxLjUifSwiaWRlbnRpdHlNYW5hZ2VtZW50Ijp7InR5cGUiOiJQaW5nRmVkZXJhdGUifSwib2F1dGgyU2V0dGluZ3MiOnsiYXV0aG9yaXphdGlvbkdyYW50cyI6WyJjb2RlIiwidG9rZW4iLCJvd25lciIsImNyZWRlbnRpYWxzIl0sImF1dGhvcml6YXRpb25VcmkiOiJodHRwczovL2Nsb3Vkc3NvLXRlc3QuY2lzY28uY29tL2FzL2F1dGhvcml6YXRpb24ub2F1dGgyIiwiYWNjZXNzVG9rZW5VcmkiOiJodHRwczovL2Nsb3Vkc3NvLXRlc3QuY2lzY28uY29tL2FzL3Rva2VuLm9hdXRoMiIsImdyYW50VHlwZXMiOlt7Im5hbWUiOiJwYXNzd29yZCIsImxhYmVsIjoiUmVzb3VyY2UgT3duZXIgR3JhbnQiLCJyZXF1aXJlZCI6ZmFsc2UsImV4Y2x1ZGUiOltdLCJkZXBlbmRzIjpbXX0seyJuYW1lIjoiaW1wbGljaXQiLCJsYWJlbCI6IkltcGxpY2l0IEdyYW50IiwicmVxdWlyZWQiOmZhbHNlLCJleGNsdWRlIjpbXSwiZGVwZW5kcyI6W119LHsibmFtZSI6ImNsaWVudF9jcmVkZW50aWFscyIsImxhYmVsIjoiQ2xpZW50IENyZWRlbnRpYWxzIEdyYW50IiwicmVxdWlyZWQiOmZhbHNlLCJleGNsdWRlIjpbXSwiZGVwZW5kcyI6W119LHsibmFtZSI6ImF1dGhvcml6YXRpb25fY29kZSIsImxhYmVsIjoiQXV0aG9yaXphdGlvbiBDb2RlIEdyYW50IiwicmVxdWlyZWQiOmZhbHNlLCJleGNsdWRlIjpbXSwiZGVwZW5kcyI6W119LHsibmFtZSI6InJlZnJlc2hfdG9rZW4iLCJsYWJlbCI6IlJlZnJlc2ggVG9rZW4iLCJyZXF1aXJlZCI6ZmFsc2UsImV4Y2x1ZGUiOltdLCJkZXBlbmRzIjpbImF1dGhvcml6YXRpb25fY29kZSIsInBhc3N3b3JkIl19XX19LCJpbnRlcmFjdGl2ZUxvZ2luIjp0cnVlLCJ0b2tlbiI6ImEyYzg0ODE1LThjYjgtNGE3Ni1iNmU0LTg4MGM3ZTc2MGNlYiIsImlhdCI6MTQ4NjU4Njc4OCwiYXVkIjoiaHR0cDovL2FwaS1wbGF0Zm9ybS1hcGkvcmVwb3NpdG9yeSIsImlzcyI6Imh0dHA6Ly9hcGktcGxhdGZvcm0tYXBpL3JlcG9zaXRvcnkifQ.YOsto-KJMgjQZxFXe6FFipYd8TIh4P1HIlJ5Tg6a9Ps
				Accept=*/*
				Content-Type=text/plain; charset=UTF-8
Cookies:		&lt;none&gt;
Body:			&lt;none&gt;
Request method:	DELETE
Request path:	https://qax.anypoint.mulesoft.com/apiplatform/repository/applications/43301
Proxy:			&lt;none&gt;
Request params:	&lt;none&gt;
Query params:	&lt;none&gt;
Form params:	&lt;none&gt;
Path params:	&lt;none&gt;
Multiparts:		&lt;none&gt;
Headers:		Authorization=Bearer eyJ0eXAiOiJKV1QiLCJhbGciOiJIUzI1NiJ9.eyJpZCI6IjUwMDAzN2NkLTJjZmQtNGRhNC1iZWQ3LTU3Mzg0ZGViMDYyYiIsImZpcnN0TmFtZSI6IkZlZGVyYXRlZCIsImxhc3ROYW1lIjoiRXh0ZXJuYWwiLCJlbWFpbCI6ImNocmlzdG9waGVyLm1vcmR1ZUBtdWxlc29mdC5jb20iLCJ1c2VybmFtZSI6ImZlZGVyYXRlZF9leHRlcm5hbCIsIm9yZ2FuaXphdGlvbiI6eyJpZCI6IjUwMDBkYjk1LWM1ZDQtNDg3Zi05MjVlLTNmODJmMTVhNTQ5OSIsIm5hbWUiOiJGZWRlcmF0ZWQgSW5jIEV4dGVybmFsIEF1dGhvcml6YXRpb24iLCJkb21haW4iOiJmZWRlcmF0ZWQtZXh0ZXJuYWwiLCJlbnRpdGxlbWVudHMiOnsiaHlicmlkIjp7ImVuYWJsZWQiOmZhbHNlfSwiY3JlYXRlU3ViT3JncyI6dHJ1ZSwidkNvcmVzUHJvZHVjdGlvbiI6eyJhc3NpZ25lZCI6MSwicmVhc3NpZ25lZCI6MH0sInZDb3Jlc1NhbmRib3giOnsiYXNzaWduZWQiOjEsInJlYXNzaWduZWQiOjB9LCJnbG9iYWxEZXBsb3ltZW50IjpmYWxzZSwid29ya2VyTG9nZ2luZ092ZXJyaWRlIjp7ImVuYWJsZWQiOmZhbHNlfSwiZ2F0ZXdheXMiOnsiYXNzaWduZWQiOjB9LCJjcmVhdGVFbnZpcm9ubWVudHMiOnRydWUsInBhcnRuZXJzUHJvZHVjdGlvbiI6eyJhc3NpZ25lZCI6MH0sInBhcnRuZXJzU2FuZGJveCI6eyJhc3NpZ25lZCI6MH0sImF1dG9zY2FsaW5nIjpmYWxzZSwic3RhdGljSXBzIjp7ImFzc2lnbmVkIjowLCJyZWFzc2lnbmVkIjowfSwiYXJtQWxlcnRzIjpmYWxzZSwiYXBpcyI6eyJlbmFibGVkIjp0cnVlfSwibXFNZXNzYWdlcyI6eyJiYXNlIjowLCJhZGRPbiI6MH0sIm1xUmVxdWVzdHMiOnsiYmFzZSI6MCwiYWRkT24iOjB9LCJleHRlcm5hbElkZW50aXR5Ijp0cnVlLCJtcUFkdmFuY2VkRmVhdHVyZXMiOnsiZW5hYmxlZCI6ZmFsc2V9LCJ2cGNzIjp7ImFzc2lnbmVkIjowLCJyZWFzc2lnbmVkIjowfSwiaHlicmlkSW5zaWdodCI6ZmFsc2UsImRlc2lnbkNlbnRlciI6eyJtb3phcnQiOmZhbHNlLCJhcGkiOmZhbHNlfSwib2JqZWN0U3RvcmVSZXF1ZXN0VW5pdHMiOnsiYmFzZSI6MTUwMDAwMDAsImFkZE9uIjowfSwib2JqZWN0U3RvcmVLZXlzIjp7ImJhc2UiOjEwMDAwMCwiYWRkT24iOjB9LCJjYW0iOnsiZW5hYmxlZCI6ZmFsc2V9LCJsb2FkQmFsYW5jZXIiOnsiYXNzaWduZWQiOjAsInJlYXNzaWduZWQiOjB9LCJtZXNzYWdpbmciOnsiYXNzaWduZWQiOjB9fSwiZXh0ZXJuYWxBdXRob3JpemF0aW9uIjp0cnVlLCJleHRlcm5hbEF1dGhvcml6YXRpb25Qcm92aWRlciI6eyJuYW1lIjoiUG9ydGFsIEFwcGxpY2F0aW9uIE1hbmFnZW1lbnQgU3lzdGVtIChQQU1TKSIsInVybCI6Imh0dHBzOi8vd3NneC10ZXN0LmNpc2NvLmNvbS9wYW1zL2x0L2NlcG1TZXJ2aWNlL3YxLjUvbWdyc3J2cyIsInZlcnNpb24iOiIxLjUifSwiaWRlbnRpdHlNYW5hZ2VtZW50Ijp7InR5cGUiOiJQaW5nRmVkZXJhdGUifSwib2F1dGgyU2V0dGluZ3MiOnsiYXV0aG9yaXphdGlvbkdyYW50cyI6WyJjb2RlIiwidG9rZW4iLCJvd25lciIsImNyZWRlbnRpYWxzIl0sImF1dGhvcml6YXRpb25VcmkiOiJodHRwczovL2Nsb3Vkc3NvLXRlc3QuY2lzY28uY29tL2FzL2F1dGhvcml6YXRpb24ub2F1dGgyIiwiYWNjZXNzVG9rZW5VcmkiOiJodHRwczovL2Nsb3Vkc3NvLXRlc3QuY2lzY28uY29tL2FzL3Rva2VuLm9hdXRoMiIsImdyYW50VHlwZXMiOlt7Im5hbWUiOiJwYXNzd29yZCIsImxhYmVsIjoiUmVzb3VyY2UgT3duZXIgR3JhbnQiLCJyZXF1aXJlZCI6ZmFsc2UsImV4Y2x1ZGUiOltdLCJkZXBlbmRzIjpbXX0seyJuYW1lIjoiaW1wbGljaXQiLCJsYWJlbCI6IkltcGxpY2l0IEdyYW50IiwicmVxdWlyZWQiOmZhbHNlLCJleGNsdWRlIjpbXSwiZGVwZW5kcyI6W119LHsibmFtZSI6ImNsaWVudF9jcmVkZW50aWFscyIsImxhYmVsIjoiQ2xpZW50IENyZWRlbnRpYWxzIEdyYW50IiwicmVxdWlyZWQiOmZhbHNlLCJleGNsdWRlIjpbXSwiZGVwZW5kcyI6W119LHsibmFtZSI6ImF1dGhvcml6YXRpb25fY29kZSIsImxhYmVsIjoiQXV0aG9yaXphdGlvbiBDb2RlIEdyYW50IiwicmVxdWlyZWQiOmZhbHNlLCJleGNsdWRlIjpbXSwiZGVwZW5kcyI6W119LHsibmFtZSI6InJlZnJlc2hfdG9rZW4iLCJsYWJlbCI6IlJlZnJlc2ggVG9rZW4iLCJyZXF1aXJlZCI6ZmFsc2UsImV4Y2x1ZGUiOltdLCJkZXBlbmRzIjpbImF1dGhvcml6YXRpb25fY29kZSIsInBhc3N3b3JkIl19XX19LCJpbnRlcmFjdGl2ZUxvZ2luIjp0cnVlLCJ0b2tlbiI6ImEyYzg0ODE1LThjYjgtNGE3Ni1iNmU0LTg4MGM3ZTc2MGNlYiIsImlhdCI6MTQ4NjU4Njc4OCwiYXVkIjoiaHR0cDovL2FwaS1wbGF0Zm9ybS1hcGkvcmVwb3NpdG9yeSIsImlzcyI6Imh0dHA6Ly9hcGktcGxhdGZvcm0tYXBpL3JlcG9zaXRvcnkifQ.YOsto-KJMgjQZxFXe6FFipYd8TIh4P1HIlJ5Tg6a9Ps
				Accept=*/*
				Content-Type=text/plain; charset=UTF-8
Cookies:		&lt;none&gt;
Body:			&lt;none&gt;
Request method:	DELETE
Request path:	https://qax.anypoint.mulesoft.com/apiplatform/repository/applications/43304
Proxy:			&lt;none&gt;
Request params:	&lt;none&gt;
Query params:	&lt;none&gt;
Form params:	&lt;none&gt;
Path params:	&lt;none&gt;
Multiparts:		&lt;none&gt;
Headers:		Authorization=Bearer eyJ0eXAiOiJKV1QiLCJhbGciOiJIUzI1NiJ9.eyJpZCI6IjUwMDAzN2NkLTJjZmQtNGRhNC1iZWQ3LTU3Mzg0ZGViMDYyYiIsImZpcnN0TmFtZSI6IkZlZGVyYXRlZCIsImxhc3ROYW1lIjoiRXh0ZXJuYWwiLCJlbWFpbCI6ImNocmlzdG9waGVyLm1vcmR1ZUBtdWxlc29mdC5jb20iLCJ1c2VybmFtZSI6ImZlZGVyYXRlZF9leHRlcm5hbCIsIm9yZ2FuaXphdGlvbiI6eyJpZCI6IjUwMDBkYjk1LWM1ZDQtNDg3Zi05MjVlLTNmODJmMTVhNTQ5OSIsIm5hbWUiOiJGZWRlcmF0ZWQgSW5jIEV4dGVybmFsIEF1dGhvcml6YXRpb24iLCJkb21haW4iOiJmZWRlcmF0ZWQtZXh0ZXJuYWwiLCJlbnRpdGxlbWVudHMiOnsiaHlicmlkIjp7ImVuYWJsZWQiOmZhbHNlfSwiY3JlYXRlU3ViT3JncyI6dHJ1ZSwidkNvcmVzUHJvZHVjdGlvbiI6eyJhc3NpZ25lZCI6MSwicmVhc3NpZ25lZCI6MH0sInZDb3Jlc1NhbmRib3giOnsiYXNzaWduZWQiOjEsInJlYXNzaWduZWQiOjB9LCJnbG9iYWxEZXBsb3ltZW50IjpmYWxzZSwid29ya2VyTG9nZ2luZ092ZXJyaWRlIjp7ImVuYWJsZWQiOmZhbHNlfSwiZ2F0ZXdheXMiOnsiYXNzaWduZWQiOjB9LCJjcmVhdGVFbnZpcm9ubWVudHMiOnRydWUsInBhcnRuZXJzUHJvZHVjdGlvbiI6eyJhc3NpZ25lZCI6MH0sInBhcnRuZXJzU2FuZGJveCI6eyJhc3NpZ25lZCI6MH0sImF1dG9zY2FsaW5nIjpmYWxzZSwic3RhdGljSXBzIjp7ImFzc2lnbmVkIjowLCJyZWFzc2lnbmVkIjowfSwiYXJtQWxlcnRzIjpmYWxzZSwiYXBpcyI6eyJlbmFibGVkIjp0cnVlfSwibXFNZXNzYWdlcyI6eyJiYXNlIjowLCJhZGRPbiI6MH0sIm1xUmVxdWVzdHMiOnsiYmFzZSI6MCwiYWRkT24iOjB9LCJleHRlcm5hbElkZW50aXR5Ijp0cnVlLCJtcUFkdmFuY2VkRmVhdHVyZXMiOnsiZW5hYmxlZCI6ZmFsc2V9LCJ2cGNzIjp7ImFzc2lnbmVkIjowLCJyZWFzc2lnbmVkIjowfSwiaHlicmlkSW5zaWdodCI6ZmFsc2UsImRlc2lnbkNlbnRlciI6eyJtb3phcnQiOmZhbHNlLCJhcGkiOmZhbHNlfSwib2JqZWN0U3RvcmVSZXF1ZXN0VW5pdHMiOnsiYmFzZSI6MTUwMDAwMDAsImFkZE9uIjowfSwib2JqZWN0U3RvcmVLZXlzIjp7ImJhc2UiOjEwMDAwMCwiYWRkT24iOjB9LCJjYW0iOnsiZW5hYmxlZCI6ZmFsc2V9LCJsb2FkQmFsYW5jZXIiOnsiYXNzaWduZWQiOjAsInJlYXNzaWduZWQiOjB9LCJtZXNzYWdpbmciOnsiYXNzaWduZWQiOjB9fSwiZXh0ZXJuYWxBdXRob3JpemF0aW9uIjp0cnVlLCJleHRlcm5hbEF1dGhvcml6YXRpb25Qcm92aWRlciI6eyJuYW1lIjoiUG9ydGFsIEFwcGxpY2F0aW9uIE1hbmFnZW1lbnQgU3lzdGVtIChQQU1TKSIsInVybCI6Imh0dHBzOi8vd3NneC10ZXN0LmNpc2NvLmNvbS9wYW1zL2x0L2NlcG1TZXJ2aWNlL3YxLjUvbWdyc3J2cyIsInZlcnNpb24iOiIxLjUifSwiaWRlbnRpdHlNYW5hZ2VtZW50Ijp7InR5cGUiOiJQaW5nRmVkZXJhdGUifSwib2F1dGgyU2V0dGluZ3MiOnsiYXV0aG9yaXphdGlvbkdyYW50cyI6WyJjb2RlIiwidG9rZW4iLCJvd25lciIsImNyZWRlbnRpYWxzIl0sImF1dGhvcml6YXRpb25VcmkiOiJodHRwczovL2Nsb3Vkc3NvLXRlc3QuY2lzY28uY29tL2FzL2F1dGhvcml6YXRpb24ub2F1dGgyIiwiYWNjZXNzVG9rZW5VcmkiOiJodHRwczovL2Nsb3Vkc3NvLXRlc3QuY2lzY28uY29tL2FzL3Rva2VuLm9hdXRoMiIsImdyYW50VHlwZXMiOlt7Im5hbWUiOiJwYXNzd29yZCIsImxhYmVsIjoiUmVzb3VyY2UgT3duZXIgR3JhbnQiLCJyZXF1aXJlZCI6ZmFsc2UsImV4Y2x1ZGUiOltdLCJkZXBlbmRzIjpbXX0seyJuYW1lIjoiaW1wbGljaXQiLCJsYWJlbCI6IkltcGxpY2l0IEdyYW50IiwicmVxdWlyZWQiOmZhbHNlLCJleGNsdWRlIjpbXSwiZGVwZW5kcyI6W119LHsibmFtZSI6ImNsaWVudF9jcmVkZW50aWFscyIsImxhYmVsIjoiQ2xpZW50IENyZWRlbnRpYWxzIEdyYW50IiwicmVxdWlyZWQiOmZhbHNlLCJleGNsdWRlIjpbXSwiZGVwZW5kcyI6W119LHsibmFtZSI6ImF1dGhvcml6YXRpb25fY29kZSIsImxhYmVsIjoiQXV0aG9yaXphdGlvbiBDb2RlIEdyYW50IiwicmVxdWlyZWQiOmZhbHNlLCJleGNsdWRlIjpbXSwiZGVwZW5kcyI6W119LHsibmFtZSI6InJlZnJlc2hfdG9rZW4iLCJsYWJlbCI6IlJlZnJlc2ggVG9rZW4iLCJyZXF1aXJlZCI6ZmFsc2UsImV4Y2x1ZGUiOltdLCJkZXBlbmRzIjpbImF1dGhvcml6YXRpb25fY29kZSIsInBhc3N3b3JkIl19XX19LCJpbnRlcmFjdGl2ZUxvZ2luIjp0cnVlLCJ0b2tlbiI6ImEyYzg0ODE1LThjYjgtNGE3Ni1iNmU0LTg4MGM3ZTc2MGNlYiIsImlhdCI6MTQ4NjU4Njc4OCwiYXVkIjoiaHR0cDovL2FwaS1wbGF0Zm9ybS1hcGkvcmVwb3NpdG9yeSIsImlzcyI6Imh0dHA6Ly9hcGktcGxhdGZvcm0tYXBpL3JlcG9zaXRvcnkifQ.YOsto-KJMgjQZxFXe6FFipYd8TIh4P1HIlJ5Tg6a9Ps
				Accept=*/*
				Content-Type=text/plain; charset=UTF-8
Cookies:		&lt;none&gt;
Body:			&lt;none&gt;
Request method:	DELETE
Request path:	https://qax.anypoint.mulesoft.com/apiplatform/repository/applications/43371
Proxy:			&lt;none&gt;
Request params:	&lt;none&gt;
Query params:	&lt;none&gt;
Form params:	&lt;none&gt;
Path params:	&lt;none&gt;
Multiparts:		&lt;none&gt;
Headers:		Authorization=Bearer eyJ0eXAiOiJKV1QiLCJhbGciOiJIUzI1NiJ9.eyJpZCI6IjUwMDAzN2NkLTJjZmQtNGRhNC1iZWQ3LTU3Mzg0ZGViMDYyYiIsImZpcnN0TmFtZSI6IkZlZGVyYXRlZCIsImxhc3ROYW1lIjoiRXh0ZXJuYWwiLCJlbWFpbCI6ImNocmlzdG9waGVyLm1vcmR1ZUBtdWxlc29mdC5jb20iLCJ1c2VybmFtZSI6ImZlZGVyYXRlZF9leHRlcm5hbCIsIm9yZ2FuaXphdGlvbiI6eyJpZCI6IjUwMDBkYjk1LWM1ZDQtNDg3Zi05MjVlLTNmODJmMTVhNTQ5OSIsIm5hbWUiOiJGZWRlcmF0ZWQgSW5jIEV4dGVybmFsIEF1dGhvcml6YXRpb24iLCJkb21haW4iOiJmZWRlcmF0ZWQtZXh0ZXJuYWwiLCJlbnRpdGxlbWVudHMiOnsiaHlicmlkIjp7ImVuYWJsZWQiOmZhbHNlfSwiY3JlYXRlU3ViT3JncyI6dHJ1ZSwidkNvcmVzUHJvZHVjdGlvbiI6eyJhc3NpZ25lZCI6MSwicmVhc3NpZ25lZCI6MH0sInZDb3Jlc1NhbmRib3giOnsiYXNzaWduZWQiOjEsInJlYXNzaWduZWQiOjB9LCJnbG9iYWxEZXBsb3ltZW50IjpmYWxzZSwid29ya2VyTG9nZ2luZ092ZXJyaWRlIjp7ImVuYWJsZWQiOmZhbHNlfSwiZ2F0ZXdheXMiOnsiYXNzaWduZWQiOjB9LCJjcmVhdGVFbnZpcm9ubWVudHMiOnRydWUsInBhcnRuZXJzUHJvZHVjdGlvbiI6eyJhc3NpZ25lZCI6MH0sInBhcnRuZXJzU2FuZGJveCI6eyJhc3NpZ25lZCI6MH0sImF1dG9zY2FsaW5nIjpmYWxzZSwic3RhdGljSXBzIjp7ImFzc2lnbmVkIjowLCJyZWFzc2lnbmVkIjowfSwiYXJtQWxlcnRzIjpmYWxzZSwiYXBpcyI6eyJlbmFibGVkIjp0cnVlfSwibXFNZXNzYWdlcyI6eyJiYXNlIjowLCJhZGRPbiI6MH0sIm1xUmVxdWVzdHMiOnsiYmFzZSI6MCwiYWRkT24iOjB9LCJleHRlcm5hbElkZW50aXR5Ijp0cnVlLCJtcUFkdmFuY2VkRmVhdHVyZXMiOnsiZW5hYmxlZCI6ZmFsc2V9LCJ2cGNzIjp7ImFzc2lnbmVkIjowLCJyZWFzc2lnbmVkIjowfSwiaHlicmlkSW5zaWdodCI6ZmFsc2UsImRlc2lnbkNlbnRlciI6eyJtb3phcnQiOmZhbHNlLCJhcGkiOmZhbHNlfSwib2JqZWN0U3RvcmVSZXF1ZXN0VW5pdHMiOnsiYmFzZSI6MTUwMDAwMDAsImFkZE9uIjowfSwib2JqZWN0U3RvcmVLZXlzIjp7ImJhc2UiOjEwMDAwMCwiYWRkT24iOjB9LCJjYW0iOnsiZW5hYmxlZCI6ZmFsc2V9LCJsb2FkQmFsYW5jZXIiOnsiYXNzaWduZWQiOjAsInJlYXNzaWduZWQiOjB9LCJtZXNzYWdpbmciOnsiYXNzaWduZWQiOjB9fSwiZXh0ZXJuYWxBdXRob3JpemF0aW9uIjp0cnVlLCJleHRlcm5hbEF1dGhvcml6YXRpb25Qcm92aWRlciI6eyJuYW1lIjoiUG9ydGFsIEFwcGxpY2F0aW9uIE1hbmFnZW1lbnQgU3lzdGVtIChQQU1TKSIsInVybCI6Imh0dHBzOi8vd3NneC10ZXN0LmNpc2NvLmNvbS9wYW1zL2x0L2NlcG1TZXJ2aWNlL3YxLjUvbWdyc3J2cyIsInZlcnNpb24iOiIxLjUifSwiaWRlbnRpdHlNYW5hZ2VtZW50Ijp7InR5cGUiOiJQaW5nRmVkZXJhdGUifSwib2F1dGgyU2V0dGluZ3MiOnsiYXV0aG9yaXphdGlvbkdyYW50cyI6WyJjb2RlIiwidG9rZW4iLCJvd25lciIsImNyZWRlbnRpYWxzIl0sImF1dGhvcml6YXRpb25VcmkiOiJodHRwczovL2Nsb3Vkc3NvLXRlc3QuY2lzY28uY29tL2FzL2F1dGhvcml6YXRpb24ub2F1dGgyIiwiYWNjZXNzVG9rZW5VcmkiOiJodHRwczovL2Nsb3Vkc3NvLXRlc3QuY2lzY28uY29tL2FzL3Rva2VuLm9hdXRoMiIsImdyYW50VHlwZXMiOlt7Im5hbWUiOiJwYXNzd29yZCIsImxhYmVsIjoiUmVzb3VyY2UgT3duZXIgR3JhbnQiLCJyZXF1aXJlZCI6ZmFsc2UsImV4Y2x1ZGUiOltdLCJkZXBlbmRzIjpbXX0seyJuYW1lIjoiaW1wbGljaXQiLCJsYWJlbCI6IkltcGxpY2l0IEdyYW50IiwicmVxdWlyZWQiOmZhbHNlLCJleGNsdWRlIjpbXSwiZGVwZW5kcyI6W119LHsibmFtZSI6ImNsaWVudF9jcmVkZW50aWFscyIsImxhYmVsIjoiQ2xpZW50IENyZWRlbnRpYWxzIEdyYW50IiwicmVxdWlyZWQiOmZhbHNlLCJleGNsdWRlIjpbXSwiZGVwZW5kcyI6W119LHsibmFtZSI6ImF1dGhvcml6YXRpb25fY29kZSIsImxhYmVsIjoiQXV0aG9yaXphdGlvbiBDb2RlIEdyYW50IiwicmVxdWlyZWQiOmZhbHNlLCJleGNsdWRlIjpbXSwiZGVwZW5kcyI6W119LHsibmFtZSI6InJlZnJlc2hfdG9rZW4iLCJsYWJlbCI6IlJlZnJlc2ggVG9rZW4iLCJyZXF1aXJlZCI6ZmFsc2UsImV4Y2x1ZGUiOltdLCJkZXBlbmRzIjpbImF1dGhvcml6YXRpb25fY29kZSIsInBhc3N3b3JkIl19XX19LCJpbnRlcmFjdGl2ZUxvZ2luIjp0cnVlLCJ0b2tlbiI6ImEyYzg0ODE1LThjYjgtNGE3Ni1iNmU0LTg4MGM3ZTc2MGNlYiIsImlhdCI6MTQ4NjU4Njc4OCwiYXVkIjoiaHR0cDovL2FwaS1wbGF0Zm9ybS1hcGkvcmVwb3NpdG9yeSIsImlzcyI6Imh0dHA6Ly9hcGktcGxhdGZvcm0tYXBpL3JlcG9zaXRvcnkifQ.YOsto-KJMgjQZxFXe6FFipYd8TIh4P1HIlJ5Tg6a9Ps
				Accept=*/*
				Content-Type=text/plain; charset=UTF-8
Cookies:		&lt;none&gt;
Body:			&lt;none&gt;
Request method:	DELETE
Request path:	https://qax.anypoint.mulesoft.com/apiplatform/repository/applications/43305
Proxy:			&lt;none&gt;
Request params:	&lt;none&gt;
Query params:	&lt;none&gt;
Form params:	&lt;none&gt;
Path params:	&lt;none&gt;
Multiparts:		&lt;none&gt;
Headers:		Authorization=Bearer eyJ0eXAiOiJKV1QiLCJhbGciOiJIUzI1NiJ9.eyJpZCI6IjUwMDAzN2NkLTJjZmQtNGRhNC1iZWQ3LTU3Mzg0ZGViMDYyYiIsImZpcnN0TmFtZSI6IkZlZGVyYXRlZCIsImxhc3ROYW1lIjoiRXh0ZXJuYWwiLCJlbWFpbCI6ImNocmlzdG9waGVyLm1vcmR1ZUBtdWxlc29mdC5jb20iLCJ1c2VybmFtZSI6ImZlZGVyYXRlZF9leHRlcm5hbCIsIm9yZ2FuaXphdGlvbiI6eyJpZCI6IjUwMDBkYjk1LWM1ZDQtNDg3Zi05MjVlLTNmODJmMTVhNTQ5OSIsIm5hbWUiOiJGZWRlcmF0ZWQgSW5jIEV4dGVybmFsIEF1dGhvcml6YXRpb24iLCJkb21haW4iOiJmZWRlcmF0ZWQtZXh0ZXJuYWwiLCJlbnRpdGxlbWVudHMiOnsiaHlicmlkIjp7ImVuYWJsZWQiOmZhbHNlfSwiY3JlYXRlU3ViT3JncyI6dHJ1ZSwidkNvcmVzUHJvZHVjdGlvbiI6eyJhc3NpZ25lZCI6MSwicmVhc3NpZ25lZCI6MH0sInZDb3Jlc1NhbmRib3giOnsiYXNzaWduZWQiOjEsInJlYXNzaWduZWQiOjB9LCJnbG9iYWxEZXBsb3ltZW50IjpmYWxzZSwid29ya2VyTG9nZ2luZ092ZXJyaWRlIjp7ImVuYWJsZWQiOmZhbHNlfSwiZ2F0ZXdheXMiOnsiYXNzaWduZWQiOjB9LCJjcmVhdGVFbnZpcm9ubWVudHMiOnRydWUsInBhcnRuZXJzUHJvZHVjdGlvbiI6eyJhc3NpZ25lZCI6MH0sInBhcnRuZXJzU2FuZGJveCI6eyJhc3NpZ25lZCI6MH0sImF1dG9zY2FsaW5nIjpmYWxzZSwic3RhdGljSXBzIjp7ImFzc2lnbmVkIjowLCJyZWFzc2lnbmVkIjowfSwiYXJtQWxlcnRzIjpmYWxzZSwiYXBpcyI6eyJlbmFibGVkIjp0cnVlfSwibXFNZXNzYWdlcyI6eyJiYXNlIjowLCJhZGRPbiI6MH0sIm1xUmVxdWVzdHMiOnsiYmFzZSI6MCwiYWRkT24iOjB9LCJleHRlcm5hbElkZW50aXR5Ijp0cnVlLCJtcUFkdmFuY2VkRmVhdHVyZXMiOnsiZW5hYmxlZCI6ZmFsc2V9LCJ2cGNzIjp7ImFzc2lnbmVkIjowLCJyZWFzc2lnbmVkIjowfSwiaHlicmlkSW5zaWdodCI6ZmFsc2UsImRlc2lnbkNlbnRlciI6eyJtb3phcnQiOmZhbHNlLCJhcGkiOmZhbHNlfSwib2JqZWN0U3RvcmVSZXF1ZXN0VW5pdHMiOnsiYmFzZSI6MTUwMDAwMDAsImFkZE9uIjowfSwib2JqZWN0U3RvcmVLZXlzIjp7ImJhc2UiOjEwMDAwMCwiYWRkT24iOjB9LCJjYW0iOnsiZW5hYmxlZCI6ZmFsc2V9LCJsb2FkQmFsYW5jZXIiOnsiYXNzaWduZWQiOjAsInJlYXNzaWduZWQiOjB9LCJtZXNzYWdpbmciOnsiYXNzaWduZWQiOjB9fSwiZXh0ZXJuYWxBdXRob3JpemF0aW9uIjp0cnVlLCJleHRlcm5hbEF1dGhvcml6YXRpb25Qcm92aWRlciI6eyJuYW1lIjoiUG9ydGFsIEFwcGxpY2F0aW9uIE1hbmFnZW1lbnQgU3lzdGVtIChQQU1TKSIsInVybCI6Imh0dHBzOi8vd3NneC10ZXN0LmNpc2NvLmNvbS9wYW1zL2x0L2NlcG1TZXJ2aWNlL3YxLjUvbWdyc3J2cyIsInZlcnNpb24iOiIxLjUifSwiaWRlbnRpdHlNYW5hZ2VtZW50Ijp7InR5cGUiOiJQaW5nRmVkZXJhdGUifSwib2F1dGgyU2V0dGluZ3MiOnsiYXV0aG9yaXphdGlvbkdyYW50cyI6WyJjb2RlIiwidG9rZW4iLCJvd25lciIsImNyZWRlbnRpYWxzIl0sImF1dGhvcml6YXRpb25VcmkiOiJodHRwczovL2Nsb3Vkc3NvLXRlc3QuY2lzY28uY29tL2FzL2F1dGhvcml6YXRpb24ub2F1dGgyIiwiYWNjZXNzVG9rZW5VcmkiOiJodHRwczovL2Nsb3Vkc3NvLXRlc3QuY2lzY28uY29tL2FzL3Rva2VuLm9hdXRoMiIsImdyYW50VHlwZXMiOlt7Im5hbWUiOiJwYXNzd29yZCIsImxhYmVsIjoiUmVzb3VyY2UgT3duZXIgR3JhbnQiLCJyZXF1aXJlZCI6ZmFsc2UsImV4Y2x1ZGUiOltdLCJkZXBlbmRzIjpbXX0seyJuYW1lIjoiaW1wbGljaXQiLCJsYWJlbCI6IkltcGxpY2l0IEdyYW50IiwicmVxdWlyZWQiOmZhbHNlLCJleGNsdWRlIjpbXSwiZGVwZW5kcyI6W119LHsibmFtZSI6ImNsaWVudF9jcmVkZW50aWFscyIsImxhYmVsIjoiQ2xpZW50IENyZWRlbnRpYWxzIEdyYW50IiwicmVxdWlyZWQiOmZhbHNlLCJleGNsdWRlIjpbXSwiZGVwZW5kcyI6W119LHsibmFtZSI6ImF1dGhvcml6YXRpb25fY29kZSIsImxhYmVsIjoiQXV0aG9yaXphdGlvbiBDb2RlIEdyYW50IiwicmVxdWlyZWQiOmZhbHNlLCJleGNsdWRlIjpbXSwiZGVwZW5kcyI6W119LHsibmFtZSI6InJlZnJlc2hfdG9rZW4iLCJsYWJlbCI6IlJlZnJlc2ggVG9rZW4iLCJyZXF1aXJlZCI6ZmFsc2UsImV4Y2x1ZGUiOltdLCJkZXBlbmRzIjpbImF1dGhvcml6YXRpb25fY29kZSIsInBhc3N3b3JkIl19XX19LCJpbnRlcmFjdGl2ZUxvZ2luIjp0cnVlLCJ0b2tlbiI6ImEyYzg0ODE1LThjYjgtNGE3Ni1iNmU0LTg4MGM3ZTc2MGNlYiIsImlhdCI6MTQ4NjU4Njc4OCwiYXVkIjoiaHR0cDovL2FwaS1wbGF0Zm9ybS1hcGkvcmVwb3NpdG9yeSIsImlzcyI6Imh0dHA6Ly9hcGktcGxhdGZvcm0tYXBpL3JlcG9zaXRvcnkifQ.YOsto-KJMgjQZxFXe6FFipYd8TIh4P1HIlJ5Tg6a9Ps
				Accept=*/*
				Content-Type=text/plain; charset=UTF-8
Cookies:		&lt;none&gt;
Body:			&lt;none&gt;
Request method:	DELETE
Request path:	https://qax.anypoint.mulesoft.com/apiplatform/repository/applications/43311
Proxy:			&lt;none&gt;
Request params:	&lt;none&gt;
Query params:	&lt;none&gt;
Form params:	&lt;none&gt;
Path params:	&lt;none&gt;
Multiparts:		&lt;none&gt;
Headers:		Authorization=Bearer eyJ0eXAiOiJKV1QiLCJhbGciOiJIUzI1NiJ9.eyJpZCI6IjUwMDAzN2NkLTJjZmQtNGRhNC1iZWQ3LTU3Mzg0ZGViMDYyYiIsImZpcnN0TmFtZSI6IkZlZGVyYXRlZCIsImxhc3ROYW1lIjoiRXh0ZXJuYWwiLCJlbWFpbCI6ImNocmlzdG9waGVyLm1vcmR1ZUBtdWxlc29mdC5jb20iLCJ1c2VybmFtZSI6ImZlZGVyYXRlZF9leHRlcm5hbCIsIm9yZ2FuaXphdGlvbiI6eyJpZCI6IjUwMDBkYjk1LWM1ZDQtNDg3Zi05MjVlLTNmODJmMTVhNTQ5OSIsIm5hbWUiOiJGZWRlcmF0ZWQgSW5jIEV4dGVybmFsIEF1dGhvcml6YXRpb24iLCJkb21haW4iOiJmZWRlcmF0ZWQtZXh0ZXJuYWwiLCJlbnRpdGxlbWVudHMiOnsiaHlicmlkIjp7ImVuYWJsZWQiOmZhbHNlfSwiY3JlYXRlU3ViT3JncyI6dHJ1ZSwidkNvcmVzUHJvZHVjdGlvbiI6eyJhc3NpZ25lZCI6MSwicmVhc3NpZ25lZCI6MH0sInZDb3Jlc1NhbmRib3giOnsiYXNzaWduZWQiOjEsInJlYXNzaWduZWQiOjB9LCJnbG9iYWxEZXBsb3ltZW50IjpmYWxzZSwid29ya2VyTG9nZ2luZ092ZXJyaWRlIjp7ImVuYWJsZWQiOmZhbHNlfSwiZ2F0ZXdheXMiOnsiYXNzaWduZWQiOjB9LCJjcmVhdGVFbnZpcm9ubWVudHMiOnRydWUsInBhcnRuZXJzUHJvZHVjdGlvbiI6eyJhc3NpZ25lZCI6MH0sInBhcnRuZXJzU2FuZGJveCI6eyJhc3NpZ25lZCI6MH0sImF1dG9zY2FsaW5nIjpmYWxzZSwic3RhdGljSXBzIjp7ImFzc2lnbmVkIjowLCJyZWFzc2lnbmVkIjowfSwiYXJtQWxlcnRzIjpmYWxzZSwiYXBpcyI6eyJlbmFibGVkIjp0cnVlfSwibXFNZXNzYWdlcyI6eyJiYXNlIjowLCJhZGRPbiI6MH0sIm1xUmVxdWVzdHMiOnsiYmFzZSI6MCwiYWRkT24iOjB9LCJleHRlcm5hbElkZW50aXR5Ijp0cnVlLCJtcUFkdmFuY2VkRmVhdHVyZXMiOnsiZW5hYmxlZCI6ZmFsc2V9LCJ2cGNzIjp7ImFzc2lnbmVkIjowLCJyZWFzc2lnbmVkIjowfSwiaHlicmlkSW5zaWdodCI6ZmFsc2UsImRlc2lnbkNlbnRlciI6eyJtb3phcnQiOmZhbHNlLCJhcGkiOmZhbHNlfSwib2JqZWN0U3RvcmVSZXF1ZXN0VW5pdHMiOnsiYmFzZSI6MTUwMDAwMDAsImFkZE9uIjowfSwib2JqZWN0U3RvcmVLZXlzIjp7ImJhc2UiOjEwMDAwMCwiYWRkT24iOjB9LCJjYW0iOnsiZW5hYmxlZCI6ZmFsc2V9LCJsb2FkQmFsYW5jZXIiOnsiYXNzaWduZWQiOjAsInJlYXNzaWduZWQiOjB9LCJtZXNzYWdpbmciOnsiYXNzaWduZWQiOjB9fSwiZXh0ZXJuYWxBdXRob3JpemF0aW9uIjp0cnVlLCJleHRlcm5hbEF1dGhvcml6YXRpb25Qcm92aWRlciI6eyJuYW1lIjoiUG9ydGFsIEFwcGxpY2F0aW9uIE1hbmFnZW1lbnQgU3lzdGVtIChQQU1TKSIsInVybCI6Imh0dHBzOi8vd3NneC10ZXN0LmNpc2NvLmNvbS9wYW1zL2x0L2NlcG1TZXJ2aWNlL3YxLjUvbWdyc3J2cyIsInZlcnNpb24iOiIxLjUifSwiaWRlbnRpdHlNYW5hZ2VtZW50Ijp7InR5cGUiOiJQaW5nRmVkZXJhdGUifSwib2F1dGgyU2V0dGluZ3MiOnsiYXV0aG9yaXphdGlvbkdyYW50cyI6WyJjb2RlIiwidG9rZW4iLCJvd25lciIsImNyZWRlbnRpYWxzIl0sImF1dGhvcml6YXRpb25VcmkiOiJodHRwczovL2Nsb3Vkc3NvLXRlc3QuY2lzY28uY29tL2FzL2F1dGhvcml6YXRpb24ub2F1dGgyIiwiYWNjZXNzVG9rZW5VcmkiOiJodHRwczovL2Nsb3Vkc3NvLXRlc3QuY2lzY28uY29tL2FzL3Rva2VuLm9hdXRoMiIsImdyYW50VHlwZXMiOlt7Im5hbWUiOiJwYXNzd29yZCIsImxhYmVsIjoiUmVzb3VyY2UgT3duZXIgR3JhbnQiLCJyZXF1aXJlZCI6ZmFsc2UsImV4Y2x1ZGUiOltdLCJkZXBlbmRzIjpbXX0seyJuYW1lIjoiaW1wbGljaXQiLCJsYWJlbCI6IkltcGxpY2l0IEdyYW50IiwicmVxdWlyZWQiOmZhbHNlLCJleGNsdWRlIjpbXSwiZGVwZW5kcyI6W119LHsibmFtZSI6ImNsaWVudF9jcmVkZW50aWFscyIsImxhYmVsIjoiQ2xpZW50IENyZWRlbnRpYWxzIEdyYW50IiwicmVxdWlyZWQiOmZhbHNlLCJleGNsdWRlIjpbXSwiZGVwZW5kcyI6W119LHsibmFtZSI6ImF1dGhvcml6YXRpb25fY29kZSIsImxhYmVsIjoiQXV0aG9yaXphdGlvbiBDb2RlIEdyYW50IiwicmVxdWlyZWQiOmZhbHNlLCJleGNsdWRlIjpbXSwiZGVwZW5kcyI6W119LHsibmFtZSI6InJlZnJlc2hfdG9rZW4iLCJsYWJlbCI6IlJlZnJlc2ggVG9rZW4iLCJyZXF1aXJlZCI6ZmFsc2UsImV4Y2x1ZGUiOltdLCJkZXBlbmRzIjpbImF1dGhvcml6YXRpb25fY29kZSIsInBhc3N3b3JkIl19XX19LCJpbnRlcmFjdGl2ZUxvZ2luIjp0cnVlLCJ0b2tlbiI6ImEyYzg0ODE1LThjYjgtNGE3Ni1iNmU0LTg4MGM3ZTc2MGNlYiIsImlhdCI6MTQ4NjU4Njc4OCwiYXVkIjoiaHR0cDovL2FwaS1wbGF0Zm9ybS1hcGkvcmVwb3NpdG9yeSIsImlzcyI6Imh0dHA6Ly9hcGktcGxhdGZvcm0tYXBpL3JlcG9zaXRvcnkifQ.YOsto-KJMgjQZxFXe6FFipYd8TIh4P1HIlJ5Tg6a9Ps
				Accept=*/*
				Content-Type=text/plain; charset=UTF-8
Cookies:		&lt;none&gt;
Body:			&lt;none&gt;
Request method:	DELETE
Request path:	https://qax.anypoint.mulesoft.com/apiplatform/repository/applications/43387
Proxy:			&lt;none&gt;
Request params:	&lt;none&gt;
Query params:	&lt;none&gt;
Form params:	&lt;none&gt;
Path params:	&lt;none&gt;
Multiparts:		&lt;none&gt;
Headers:		Authorization=Bearer eyJ0eXAiOiJKV1QiLCJhbGciOiJIUzI1NiJ9.eyJpZCI6IjUwMDAzN2NkLTJjZmQtNGRhNC1iZWQ3LTU3Mzg0ZGViMDYyYiIsImZpcnN0TmFtZSI6IkZlZGVyYXRlZCIsImxhc3ROYW1lIjoiRXh0ZXJuYWwiLCJlbWFpbCI6ImNocmlzdG9waGVyLm1vcmR1ZUBtdWxlc29mdC5jb20iLCJ1c2VybmFtZSI6ImZlZGVyYXRlZF9leHRlcm5hbCIsIm9yZ2FuaXphdGlvbiI6eyJpZCI6IjUwMDBkYjk1LWM1ZDQtNDg3Zi05MjVlLTNmODJmMTVhNTQ5OSIsIm5hbWUiOiJGZWRlcmF0ZWQgSW5jIEV4dGVybmFsIEF1dGhvcml6YXRpb24iLCJkb21haW4iOiJmZWRlcmF0ZWQtZXh0ZXJuYWwiLCJlbnRpdGxlbWVudHMiOnsiaHlicmlkIjp7ImVuYWJsZWQiOmZhbHNlfSwiY3JlYXRlU3ViT3JncyI6dHJ1ZSwidkNvcmVzUHJvZHVjdGlvbiI6eyJhc3NpZ25lZCI6MSwicmVhc3NpZ25lZCI6MH0sInZDb3Jlc1NhbmRib3giOnsiYXNzaWduZWQiOjEsInJlYXNzaWduZWQiOjB9LCJnbG9iYWxEZXBsb3ltZW50IjpmYWxzZSwid29ya2VyTG9nZ2luZ092ZXJyaWRlIjp7ImVuYWJsZWQiOmZhbHNlfSwiZ2F0ZXdheXMiOnsiYXNzaWduZWQiOjB9LCJjcmVhdGVFbnZpcm9ubWVudHMiOnRydWUsInBhcnRuZXJzUHJvZHVjdGlvbiI6eyJhc3NpZ25lZCI6MH0sInBhcnRuZXJzU2FuZGJveCI6eyJhc3NpZ25lZCI6MH0sImF1dG9zY2FsaW5nIjpmYWxzZSwic3RhdGljSXBzIjp7ImFzc2lnbmVkIjowLCJyZWFzc2lnbmVkIjowfSwiYXJtQWxlcnRzIjpmYWxzZSwiYXBpcyI6eyJlbmFibGVkIjp0cnVlfSwibXFNZXNzYWdlcyI6eyJiYXNlIjowLCJhZGRPbiI6MH0sIm1xUmVxdWVzdHMiOnsiYmFzZSI6MCwiYWRkT24iOjB9LCJleHRlcm5hbElkZW50aXR5Ijp0cnVlLCJtcUFkdmFuY2VkRmVhdHVyZXMiOnsiZW5hYmxlZCI6ZmFsc2V9LCJ2cGNzIjp7ImFzc2lnbmVkIjowLCJyZWFzc2lnbmVkIjowfSwiaHlicmlkSW5zaWdodCI6ZmFsc2UsImRlc2lnbkNlbnRlciI6eyJtb3phcnQiOmZhbHNlLCJhcGkiOmZhbHNlfSwib2JqZWN0U3RvcmVSZXF1ZXN0VW5pdHMiOnsiYmFzZSI6MTUwMDAwMDAsImFkZE9uIjowfSwib2JqZWN0U3RvcmVLZXlzIjp7ImJhc2UiOjEwMDAwMCwiYWRkT24iOjB9LCJjYW0iOnsiZW5hYmxlZCI6ZmFsc2V9LCJsb2FkQmFsYW5jZXIiOnsiYXNzaWduZWQiOjAsInJlYXNzaWduZWQiOjB9LCJtZXNzYWdpbmciOnsiYXNzaWduZWQiOjB9fSwiZXh0ZXJuYWxBdXRob3JpemF0aW9uIjp0cnVlLCJleHRlcm5hbEF1dGhvcml6YXRpb25Qcm92aWRlciI6eyJuYW1lIjoiUG9ydGFsIEFwcGxpY2F0aW9uIE1hbmFnZW1lbnQgU3lzdGVtIChQQU1TKSIsInVybCI6Imh0dHBzOi8vd3NneC10ZXN0LmNpc2NvLmNvbS9wYW1zL2x0L2NlcG1TZXJ2aWNlL3YxLjUvbWdyc3J2cyIsInZlcnNpb24iOiIxLjUifSwiaWRlbnRpdHlNYW5hZ2VtZW50Ijp7InR5cGUiOiJQaW5nRmVkZXJhdGUifSwib2F1dGgyU2V0dGluZ3MiOnsiYXV0aG9yaXphdGlvbkdyYW50cyI6WyJjb2RlIiwidG9rZW4iLCJvd25lciIsImNyZWRlbnRpYWxzIl0sImF1dGhvcml6YXRpb25VcmkiOiJodHRwczovL2Nsb3Vkc3NvLXRlc3QuY2lzY28uY29tL2FzL2F1dGhvcml6YXRpb24ub2F1dGgyIiwiYWNjZXNzVG9rZW5VcmkiOiJodHRwczovL2Nsb3Vkc3NvLXRlc3QuY2lzY28uY29tL2FzL3Rva2VuLm9hdXRoMiIsImdyYW50VHlwZXMiOlt7Im5hbWUiOiJwYXNzd29yZCIsImxhYmVsIjoiUmVzb3VyY2UgT3duZXIgR3JhbnQiLCJyZXF1aXJlZCI6ZmFsc2UsImV4Y2x1ZGUiOltdLCJkZXBlbmRzIjpbXX0seyJuYW1lIjoiaW1wbGljaXQiLCJsYWJlbCI6IkltcGxpY2l0IEdyYW50IiwicmVxdWlyZWQiOmZhbHNlLCJleGNsdWRlIjpbXSwiZGVwZW5kcyI6W119LHsibmFtZSI6ImNsaWVudF9jcmVkZW50aWFscyIsImxhYmVsIjoiQ2xpZW50IENyZWRlbnRpYWxzIEdyYW50IiwicmVxdWlyZWQiOmZhbHNlLCJleGNsdWRlIjpbXSwiZGVwZW5kcyI6W119LHsibmFtZSI6ImF1dGhvcml6YXRpb25fY29kZSIsImxhYmVsIjoiQXV0aG9yaXphdGlvbiBDb2RlIEdyYW50IiwicmVxdWlyZWQiOmZhbHNlLCJleGNsdWRlIjpbXSwiZGVwZW5kcyI6W119LHsibmFtZSI6InJlZnJlc2hfdG9rZW4iLCJsYWJlbCI6IlJlZnJlc2ggVG9rZW4iLCJyZXF1aXJlZCI6ZmFsc2UsImV4Y2x1ZGUiOltdLCJkZXBlbmRzIjpbImF1dGhvcml6YXRpb25fY29kZSIsInBhc3N3b3JkIl19XX19LCJpbnRlcmFjdGl2ZUxvZ2luIjp0cnVlLCJ0b2tlbiI6ImEyYzg0ODE1LThjYjgtNGE3Ni1iNmU0LTg4MGM3ZTc2MGNlYiIsImlhdCI6MTQ4NjU4Njc4OCwiYXVkIjoiaHR0cDovL2FwaS1wbGF0Zm9ybS1hcGkvcmVwb3NpdG9yeSIsImlzcyI6Imh0dHA6Ly9hcGktcGxhdGZvcm0tYXBpL3JlcG9zaXRvcnkifQ.YOsto-KJMgjQZxFXe6FFipYd8TIh4P1HIlJ5Tg6a9Ps
				Accept=*/*
				Content-Type=text/plain; charset=UTF-8
Cookies:		&lt;none&gt;
Body:			&lt;none&gt;
Request method:	DELETE
Request path:	https://qax.anypoint.mulesoft.com/apiplatform/repository/applications/43388
Proxy:			&lt;none&gt;
Request params:	&lt;none&gt;
Query params:	&lt;none&gt;
Form params:	&lt;none&gt;
Path params:	&lt;none&gt;
Multiparts:		&lt;none&gt;
Headers:		Authorization=Bearer eyJ0eXAiOiJKV1QiLCJhbGciOiJIUzI1NiJ9.eyJpZCI6IjUwMDAzN2NkLTJjZmQtNGRhNC1iZWQ3LTU3Mzg0ZGViMDYyYiIsImZpcnN0TmFtZSI6IkZlZGVyYXRlZCIsImxhc3ROYW1lIjoiRXh0ZXJuYWwiLCJlbWFpbCI6ImNocmlzdG9waGVyLm1vcmR1ZUBtdWxlc29mdC5jb20iLCJ1c2VybmFtZSI6ImZlZGVyYXRlZF9leHRlcm5hbCIsIm9yZ2FuaXphdGlvbiI6eyJpZCI6IjUwMDBkYjk1LWM1ZDQtNDg3Zi05MjVlLTNmODJmMTVhNTQ5OSIsIm5hbWUiOiJGZWRlcmF0ZWQgSW5jIEV4dGVybmFsIEF1dGhvcml6YXRpb24iLCJkb21haW4iOiJmZWRlcmF0ZWQtZXh0ZXJuYWwiLCJlbnRpdGxlbWVudHMiOnsiaHlicmlkIjp7ImVuYWJsZWQiOmZhbHNlfSwiY3JlYXRlU3ViT3JncyI6dHJ1ZSwidkNvcmVzUHJvZHVjdGlvbiI6eyJhc3NpZ25lZCI6MSwicmVhc3NpZ25lZCI6MH0sInZDb3Jlc1NhbmRib3giOnsiYXNzaWduZWQiOjEsInJlYXNzaWduZWQiOjB9LCJnbG9iYWxEZXBsb3ltZW50IjpmYWxzZSwid29ya2VyTG9nZ2luZ092ZXJyaWRlIjp7ImVuYWJsZWQiOmZhbHNlfSwiZ2F0ZXdheXMiOnsiYXNzaWduZWQiOjB9LCJjcmVhdGVFbnZpcm9ubWVudHMiOnRydWUsInBhcnRuZXJzUHJvZHVjdGlvbiI6eyJhc3NpZ25lZCI6MH0sInBhcnRuZXJzU2FuZGJveCI6eyJhc3NpZ25lZCI6MH0sImF1dG9zY2FsaW5nIjpmYWxzZSwic3RhdGljSXBzIjp7ImFzc2lnbmVkIjowLCJyZWFzc2lnbmVkIjowfSwiYXJtQWxlcnRzIjpmYWxzZSwiYXBpcyI6eyJlbmFibGVkIjp0cnVlfSwibXFNZXNzYWdlcyI6eyJiYXNlIjowLCJhZGRPbiI6MH0sIm1xUmVxdWVzdHMiOnsiYmFzZSI6MCwiYWRkT24iOjB9LCJleHRlcm5hbElkZW50aXR5Ijp0cnVlLCJtcUFkdmFuY2VkRmVhdHVyZXMiOnsiZW5hYmxlZCI6ZmFsc2V9LCJ2cGNzIjp7ImFzc2lnbmVkIjowLCJyZWFzc2lnbmVkIjowfSwiaHlicmlkSW5zaWdodCI6ZmFsc2UsImRlc2lnbkNlbnRlciI6eyJtb3phcnQiOmZhbHNlLCJhcGkiOmZhbHNlfSwib2JqZWN0U3RvcmVSZXF1ZXN0VW5pdHMiOnsiYmFzZSI6MTUwMDAwMDAsImFkZE9uIjowfSwib2JqZWN0U3RvcmVLZXlzIjp7ImJhc2UiOjEwMDAwMCwiYWRkT24iOjB9LCJjYW0iOnsiZW5hYmxlZCI6ZmFsc2V9LCJsb2FkQmFsYW5jZXIiOnsiYXNzaWduZWQiOjAsInJlYXNzaWduZWQiOjB9LCJtZXNzYWdpbmciOnsiYXNzaWduZWQiOjB9fSwiZXh0ZXJuYWxBdXRob3JpemF0aW9uIjp0cnVlLCJleHRlcm5hbEF1dGhvcml6YXRpb25Qcm92aWRlciI6eyJuYW1lIjoiUG9ydGFsIEFwcGxpY2F0aW9uIE1hbmFnZW1lbnQgU3lzdGVtIChQQU1TKSIsInVybCI6Imh0dHBzOi8vd3NneC10ZXN0LmNpc2NvLmNvbS9wYW1zL2x0L2NlcG1TZXJ2aWNlL3YxLjUvbWdyc3J2cyIsInZlcnNpb24iOiIxLjUifSwiaWRlbnRpdHlNYW5hZ2VtZW50Ijp7InR5cGUiOiJQaW5nRmVkZXJhdGUifSwib2F1dGgyU2V0dGluZ3MiOnsiYXV0aG9yaXphdGlvbkdyYW50cyI6WyJjb2RlIiwidG9rZW4iLCJvd25lciIsImNyZWRlbnRpYWxzIl0sImF1dGhvcml6YXRpb25VcmkiOiJodHRwczovL2Nsb3Vkc3NvLXRlc3QuY2lzY28uY29tL2FzL2F1dGhvcml6YXRpb24ub2F1dGgyIiwiYWNjZXNzVG9rZW5VcmkiOiJodHRwczovL2Nsb3Vkc3NvLXRlc3QuY2lzY28uY29tL2FzL3Rva2VuLm9hdXRoMiIsImdyYW50VHlwZXMiOlt7Im5hbWUiOiJwYXNzd29yZCIsImxhYmVsIjoiUmVzb3VyY2UgT3duZXIgR3JhbnQiLCJyZXF1aXJlZCI6ZmFsc2UsImV4Y2x1ZGUiOltdLCJkZXBlbmRzIjpbXX0seyJuYW1lIjoiaW1wbGljaXQiLCJsYWJlbCI6IkltcGxpY2l0IEdyYW50IiwicmVxdWlyZWQiOmZhbHNlLCJleGNsdWRlIjpbXSwiZGVwZW5kcyI6W119LHsibmFtZSI6ImNsaWVudF9jcmVkZW50aWFscyIsImxhYmVsIjoiQ2xpZW50IENyZWRlbnRpYWxzIEdyYW50IiwicmVxdWlyZWQiOmZhbHNlLCJleGNsdWRlIjpbXSwiZGVwZW5kcyI6W119LHsibmFtZSI6ImF1dGhvcml6YXRpb25fY29kZSIsImxhYmVsIjoiQXV0aG9yaXphdGlvbiBDb2RlIEdyYW50IiwicmVxdWlyZWQiOmZhbHNlLCJleGNsdWRlIjpbXSwiZGVwZW5kcyI6W119LHsibmFtZSI6InJlZnJlc2hfdG9rZW4iLCJsYWJlbCI6IlJlZnJlc2ggVG9rZW4iLCJyZXF1aXJlZCI6ZmFsc2UsImV4Y2x1ZGUiOltdLCJkZXBlbmRzIjpbImF1dGhvcml6YXRpb25fY29kZSIsInBhc3N3b3JkIl19XX19LCJpbnRlcmFjdGl2ZUxvZ2luIjp0cnVlLCJ0b2tlbiI6ImEyYzg0ODE1LThjYjgtNGE3Ni1iNmU0LTg4MGM3ZTc2MGNlYiIsImlhdCI6MTQ4NjU4Njc4OCwiYXVkIjoiaHR0cDovL2FwaS1wbGF0Zm9ybS1hcGkvcmVwb3NpdG9yeSIsImlzcyI6Imh0dHA6Ly9hcGktcGxhdGZvcm0tYXBpL3JlcG9zaXRvcnkifQ.YOsto-KJMgjQZxFXe6FFipYd8TIh4P1HIlJ5Tg6a9Ps
				Accept=*/*
				Content-Type=text/plain; charset=UTF-8
Cookies:		&lt;none&gt;
Body:			&lt;none&gt;
Request method:	DELETE
Request path:	https://qax.anypoint.mulesoft.com/apiplatform/repository/applications/43350
Proxy:			&lt;none&gt;
Request params:	&lt;none&gt;
Query params:	&lt;none&gt;
Form params:	&lt;none&gt;
Path params:	&lt;none&gt;
Multiparts:		&lt;none&gt;
Headers:		Authorization=Bearer eyJ0eXAiOiJKV1QiLCJhbGciOiJIUzI1NiJ9.eyJpZCI6IjUwMDAzN2NkLTJjZmQtNGRhNC1iZWQ3LTU3Mzg0ZGViMDYyYiIsImZpcnN0TmFtZSI6IkZlZGVyYXRlZCIsImxhc3ROYW1lIjoiRXh0ZXJuYWwiLCJlbWFpbCI6ImNocmlzdG9waGVyLm1vcmR1ZUBtdWxlc29mdC5jb20iLCJ1c2VybmFtZSI6ImZlZGVyYXRlZF9leHRlcm5hbCIsIm9yZ2FuaXphdGlvbiI6eyJpZCI6IjUwMDBkYjk1LWM1ZDQtNDg3Zi05MjVlLTNmODJmMTVhNTQ5OSIsIm5hbWUiOiJGZWRlcmF0ZWQgSW5jIEV4dGVybmFsIEF1dGhvcml6YXRpb24iLCJkb21haW4iOiJmZWRlcmF0ZWQtZXh0ZXJuYWwiLCJlbnRpdGxlbWVudHMiOnsiaHlicmlkIjp7ImVuYWJsZWQiOmZhbHNlfSwiY3JlYXRlU3ViT3JncyI6dHJ1ZSwidkNvcmVzUHJvZHVjdGlvbiI6eyJhc3NpZ25lZCI6MSwicmVhc3NpZ25lZCI6MH0sInZDb3Jlc1NhbmRib3giOnsiYXNzaWduZWQiOjEsInJlYXNzaWduZWQiOjB9LCJnbG9iYWxEZXBsb3ltZW50IjpmYWxzZSwid29ya2VyTG9nZ2luZ092ZXJyaWRlIjp7ImVuYWJsZWQiOmZhbHNlfSwiZ2F0ZXdheXMiOnsiYXNzaWduZWQiOjB9LCJjcmVhdGVFbnZpcm9ubWVudHMiOnRydWUsInBhcnRuZXJzUHJvZHVjdGlvbiI6eyJhc3NpZ25lZCI6MH0sInBhcnRuZXJzU2FuZGJveCI6eyJhc3NpZ25lZCI6MH0sImF1dG9zY2FsaW5nIjpmYWxzZSwic3RhdGljSXBzIjp7ImFzc2lnbmVkIjowLCJyZWFzc2lnbmVkIjowfSwiYXJtQWxlcnRzIjpmYWxzZSwiYXBpcyI6eyJlbmFibGVkIjp0cnVlfSwibXFNZXNzYWdlcyI6eyJiYXNlIjowLCJhZGRPbiI6MH0sIm1xUmVxdWVzdHMiOnsiYmFzZSI6MCwiYWRkT24iOjB9LCJleHRlcm5hbElkZW50aXR5Ijp0cnVlLCJtcUFkdmFuY2VkRmVhdHVyZXMiOnsiZW5hYmxlZCI6ZmFsc2V9LCJ2cGNzIjp7ImFzc2lnbmVkIjowLCJyZWFzc2lnbmVkIjowfSwiaHlicmlkSW5zaWdodCI6ZmFsc2UsImRlc2lnbkNlbnRlciI6eyJtb3phcnQiOmZhbHNlLCJhcGkiOmZhbHNlfSwib2JqZWN0U3RvcmVSZXF1ZXN0VW5pdHMiOnsiYmFzZSI6MTUwMDAwMDAsImFkZE9uIjowfSwib2JqZWN0U3RvcmVLZXlzIjp7ImJhc2UiOjEwMDAwMCwiYWRkT24iOjB9LCJjYW0iOnsiZW5hYmxlZCI6ZmFsc2V9LCJsb2FkQmFsYW5jZXIiOnsiYXNzaWduZWQiOjAsInJlYXNzaWduZWQiOjB9LCJtZXNzYWdpbmciOnsiYXNzaWduZWQiOjB9fSwiZXh0ZXJuYWxBdXRob3JpemF0aW9uIjp0cnVlLCJleHRlcm5hbEF1dGhvcml6YXRpb25Qcm92aWRlciI6eyJuYW1lIjoiUG9ydGFsIEFwcGxpY2F0aW9uIE1hbmFnZW1lbnQgU3lzdGVtIChQQU1TKSIsInVybCI6Imh0dHBzOi8vd3NneC10ZXN0LmNpc2NvLmNvbS9wYW1zL2x0L2NlcG1TZXJ2aWNlL3YxLjUvbWdyc3J2cyIsInZlcnNpb24iOiIxLjUifSwiaWRlbnRpdHlNYW5hZ2VtZW50Ijp7InR5cGUiOiJQaW5nRmVkZXJhdGUifSwib2F1dGgyU2V0dGluZ3MiOnsiYXV0aG9yaXphdGlvbkdyYW50cyI6WyJjb2RlIiwidG9rZW4iLCJvd25lciIsImNyZWRlbnRpYWxzIl0sImF1dGhvcml6YXRpb25VcmkiOiJodHRwczovL2Nsb3Vkc3NvLXRlc3QuY2lzY28uY29tL2FzL2F1dGhvcml6YXRpb24ub2F1dGgyIiwiYWNjZXNzVG9rZW5VcmkiOiJodHRwczovL2Nsb3Vkc3NvLXRlc3QuY2lzY28uY29tL2FzL3Rva2VuLm9hdXRoMiIsImdyYW50VHlwZXMiOlt7Im5hbWUiOiJwYXNzd29yZCIsImxhYmVsIjoiUmVzb3VyY2UgT3duZXIgR3JhbnQiLCJyZXF1aXJlZCI6ZmFsc2UsImV4Y2x1ZGUiOltdLCJkZXBlbmRzIjpbXX0seyJuYW1lIjoiaW1wbGljaXQiLCJsYWJlbCI6IkltcGxpY2l0IEdyYW50IiwicmVxdWlyZWQiOmZhbHNlLCJleGNsdWRlIjpbXSwiZGVwZW5kcyI6W119LHsibmFtZSI6ImNsaWVudF9jcmVkZW50aWFscyIsImxhYmVsIjoiQ2xpZW50IENyZWRlbnRpYWxzIEdyYW50IiwicmVxdWlyZWQiOmZhbHNlLCJleGNsdWRlIjpbXSwiZGVwZW5kcyI6W119LHsibmFtZSI6ImF1dGhvcml6YXRpb25fY29kZSIsImxhYmVsIjoiQXV0aG9yaXphdGlvbiBDb2RlIEdyYW50IiwicmVxdWlyZWQiOmZhbHNlLCJleGNsdWRlIjpbXSwiZGVwZW5kcyI6W119LHsibmFtZSI6InJlZnJlc2hfdG9rZW4iLCJsYWJlbCI6IlJlZnJlc2ggVG9rZW4iLCJyZXF1aXJlZCI6ZmFsc2UsImV4Y2x1ZGUiOltdLCJkZXBlbmRzIjpbImF1dGhvcml6YXRpb25fY29kZSIsInBhc3N3b3JkIl19XX19LCJpbnRlcmFjdGl2ZUxvZ2luIjp0cnVlLCJ0b2tlbiI6ImEyYzg0ODE1LThjYjgtNGE3Ni1iNmU0LTg4MGM3ZTc2MGNlYiIsImlhdCI6MTQ4NjU4Njc4OCwiYXVkIjoiaHR0cDovL2FwaS1wbGF0Zm9ybS1hcGkvcmVwb3NpdG9yeSIsImlzcyI6Imh0dHA6Ly9hcGktcGxhdGZvcm0tYXBpL3JlcG9zaXRvcnkifQ.YOsto-KJMgjQZxFXe6FFipYd8TIh4P1HIlJ5Tg6a9Ps
				Accept=*/*
				Content-Type=text/plain; charset=UTF-8
Cookies:		&lt;none&gt;
Body:			&lt;none&gt;
Request method:	DELETE
Request path:	https://qax.anypoint.mulesoft.com/apiplatform/repository/applications/43341
Proxy:			&lt;none&gt;
Request params:	&lt;none&gt;
Query params:	&lt;none&gt;
Form params:	&lt;none&gt;
Path params:	&lt;none&gt;
Multiparts:		&lt;none&gt;
Headers:		Authorization=Bearer eyJ0eXAiOiJKV1QiLCJhbGciOiJIUzI1NiJ9.eyJpZCI6IjUwMDAzN2NkLTJjZmQtNGRhNC1iZWQ3LTU3Mzg0ZGViMDYyYiIsImZpcnN0TmFtZSI6IkZlZGVyYXRlZCIsImxhc3ROYW1lIjoiRXh0ZXJuYWwiLCJlbWFpbCI6ImNocmlzdG9waGVyLm1vcmR1ZUBtdWxlc29mdC5jb20iLCJ1c2VybmFtZSI6ImZlZGVyYXRlZF9leHRlcm5hbCIsIm9yZ2FuaXphdGlvbiI6eyJpZCI6IjUwMDBkYjk1LWM1ZDQtNDg3Zi05MjVlLTNmODJmMTVhNTQ5OSIsIm5hbWUiOiJGZWRlcmF0ZWQgSW5jIEV4dGVybmFsIEF1dGhvcml6YXRpb24iLCJkb21haW4iOiJmZWRlcmF0ZWQtZXh0ZXJuYWwiLCJlbnRpdGxlbWVudHMiOnsiaHlicmlkIjp7ImVuYWJsZWQiOmZhbHNlfSwiY3JlYXRlU3ViT3JncyI6dHJ1ZSwidkNvcmVzUHJvZHVjdGlvbiI6eyJhc3NpZ25lZCI6MSwicmVhc3NpZ25lZCI6MH0sInZDb3Jlc1NhbmRib3giOnsiYXNzaWduZWQiOjEsInJlYXNzaWduZWQiOjB9LCJnbG9iYWxEZXBsb3ltZW50IjpmYWxzZSwid29ya2VyTG9nZ2luZ092ZXJyaWRlIjp7ImVuYWJsZWQiOmZhbHNlfSwiZ2F0ZXdheXMiOnsiYXNzaWduZWQiOjB9LCJjcmVhdGVFbnZpcm9ubWVudHMiOnRydWUsInBhcnRuZXJzUHJvZHVjdGlvbiI6eyJhc3NpZ25lZCI6MH0sInBhcnRuZXJzU2FuZGJveCI6eyJhc3NpZ25lZCI6MH0sImF1dG9zY2FsaW5nIjpmYWxzZSwic3RhdGljSXBzIjp7ImFzc2lnbmVkIjowLCJyZWFzc2lnbmVkIjowfSwiYXJtQWxlcnRzIjpmYWxzZSwiYXBpcyI6eyJlbmFibGVkIjp0cnVlfSwibXFNZXNzYWdlcyI6eyJiYXNlIjowLCJhZGRPbiI6MH0sIm1xUmVxdWVzdHMiOnsiYmFzZSI6MCwiYWRkT24iOjB9LCJleHRlcm5hbElkZW50aXR5Ijp0cnVlLCJtcUFkdmFuY2VkRmVhdHVyZXMiOnsiZW5hYmxlZCI6ZmFsc2V9LCJ2cGNzIjp7ImFzc2lnbmVkIjowLCJyZWFzc2lnbmVkIjowfSwiaHlicmlkSW5zaWdodCI6ZmFsc2UsImRlc2lnbkNlbnRlciI6eyJtb3phcnQiOmZhbHNlLCJhcGkiOmZhbHNlfSwib2JqZWN0U3RvcmVSZXF1ZXN0VW5pdHMiOnsiYmFzZSI6MTUwMDAwMDAsImFkZE9uIjowfSwib2JqZWN0U3RvcmVLZXlzIjp7ImJhc2UiOjEwMDAwMCwiYWRkT24iOjB9LCJjYW0iOnsiZW5hYmxlZCI6ZmFsc2V9LCJsb2FkQmFsYW5jZXIiOnsiYXNzaWduZWQiOjAsInJlYXNzaWduZWQiOjB9LCJtZXNzYWdpbmciOnsiYXNzaWduZWQiOjB9fSwiZXh0ZXJuYWxBdXRob3JpemF0aW9uIjp0cnVlLCJleHRlcm5hbEF1dGhvcml6YXRpb25Qcm92aWRlciI6eyJuYW1lIjoiUG9ydGFsIEFwcGxpY2F0aW9uIE1hbmFnZW1lbnQgU3lzdGVtIChQQU1TKSIsInVybCI6Imh0dHBzOi8vd3NneC10ZXN0LmNpc2NvLmNvbS9wYW1zL2x0L2NlcG1TZXJ2aWNlL3YxLjUvbWdyc3J2cyIsInZlcnNpb24iOiIxLjUifSwiaWRlbnRpdHlNYW5hZ2VtZW50Ijp7InR5cGUiOiJQaW5nRmVkZXJhdGUifSwib2F1dGgyU2V0dGluZ3MiOnsiYXV0aG9yaXphdGlvbkdyYW50cyI6WyJjb2RlIiwidG9rZW4iLCJvd25lciIsImNyZWRlbnRpYWxzIl0sImF1dGhvcml6YXRpb25VcmkiOiJodHRwczovL2Nsb3Vkc3NvLXRlc3QuY2lzY28uY29tL2FzL2F1dGhvcml6YXRpb24ub2F1dGgyIiwiYWNjZXNzVG9rZW5VcmkiOiJodHRwczovL2Nsb3Vkc3NvLXRlc3QuY2lzY28uY29tL2FzL3Rva2VuLm9hdXRoMiIsImdyYW50VHlwZXMiOlt7Im5hbWUiOiJwYXNzd29yZCIsImxhYmVsIjoiUmVzb3VyY2UgT3duZXIgR3JhbnQiLCJyZXF1aXJlZCI6ZmFsc2UsImV4Y2x1ZGUiOltdLCJkZXBlbmRzIjpbXX0seyJuYW1lIjoiaW1wbGljaXQiLCJsYWJlbCI6IkltcGxpY2l0IEdyYW50IiwicmVxdWlyZWQiOmZhbHNlLCJleGNsdWRlIjpbXSwiZGVwZW5kcyI6W119LHsibmFtZSI6ImNsaWVudF9jcmVkZW50aWFscyIsImxhYmVsIjoiQ2xpZW50IENyZWRlbnRpYWxzIEdyYW50IiwicmVxdWlyZWQiOmZhbHNlLCJleGNsdWRlIjpbXSwiZGVwZW5kcyI6W119LHsibmFtZSI6ImF1dGhvcml6YXRpb25fY29kZSIsImxhYmVsIjoiQXV0aG9yaXphdGlvbiBDb2RlIEdyYW50IiwicmVxdWlyZWQiOmZhbHNlLCJleGNsdWRlIjpbXSwiZGVwZW5kcyI6W119LHsibmFtZSI6InJlZnJlc2hfdG9rZW4iLCJsYWJlbCI6IlJlZnJlc2ggVG9rZW4iLCJyZXF1aXJlZCI6ZmFsc2UsImV4Y2x1ZGUiOltdLCJkZXBlbmRzIjpbImF1dGhvcml6YXRpb25fY29kZSIsInBhc3N3b3JkIl19XX19LCJpbnRlcmFjdGl2ZUxvZ2luIjp0cnVlLCJ0b2tlbiI6ImEyYzg0ODE1LThjYjgtNGE3Ni1iNmU0LTg4MGM3ZTc2MGNlYiIsImlhdCI6MTQ4NjU4Njc4OCwiYXVkIjoiaHR0cDovL2FwaS1wbGF0Zm9ybS1hcGkvcmVwb3NpdG9yeSIsImlzcyI6Imh0dHA6Ly9hcGktcGxhdGZvcm0tYXBpL3JlcG9zaXRvcnkifQ.YOsto-KJMgjQZxFXe6FFipYd8TIh4P1HIlJ5Tg6a9Ps
				Accept=*/*
				Content-Type=text/plain; charset=UTF-8
Cookies:		&lt;none&gt;
Body:			&lt;none&gt;
Request method:	DELETE
Request path:	https://qax.anypoint.mulesoft.com/apiplatform/repository/applications/43378
Proxy:			&lt;none&gt;
Request params:	&lt;none&gt;
Query params:	&lt;none&gt;
Form params:	&lt;none&gt;
Path params:	&lt;none&gt;
Multiparts:		&lt;none&gt;
Headers:		Authorization=Bearer eyJ0eXAiOiJKV1QiLCJhbGciOiJIUzI1NiJ9.eyJpZCI6IjUwMDAzN2NkLTJjZmQtNGRhNC1iZWQ3LTU3Mzg0ZGViMDYyYiIsImZpcnN0TmFtZSI6IkZlZGVyYXRlZCIsImxhc3ROYW1lIjoiRXh0ZXJuYWwiLCJlbWFpbCI6ImNocmlzdG9waGVyLm1vcmR1ZUBtdWxlc29mdC5jb20iLCJ1c2VybmFtZSI6ImZlZGVyYXRlZF9leHRlcm5hbCIsIm9yZ2FuaXphdGlvbiI6eyJpZCI6IjUwMDBkYjk1LWM1ZDQtNDg3Zi05MjVlLTNmODJmMTVhNTQ5OSIsIm5hbWUiOiJGZWRlcmF0ZWQgSW5jIEV4dGVybmFsIEF1dGhvcml6YXRpb24iLCJkb21haW4iOiJmZWRlcmF0ZWQtZXh0ZXJuYWwiLCJlbnRpdGxlbWVudHMiOnsiaHlicmlkIjp7ImVuYWJsZWQiOmZhbHNlfSwiY3JlYXRlU3ViT3JncyI6dHJ1ZSwidkNvcmVzUHJvZHVjdGlvbiI6eyJhc3NpZ25lZCI6MSwicmVhc3NpZ25lZCI6MH0sInZDb3Jlc1NhbmRib3giOnsiYXNzaWduZWQiOjEsInJlYXNzaWduZWQiOjB9LCJnbG9iYWxEZXBsb3ltZW50IjpmYWxzZSwid29ya2VyTG9nZ2luZ092ZXJyaWRlIjp7ImVuYWJsZWQiOmZhbHNlfSwiZ2F0ZXdheXMiOnsiYXNzaWduZWQiOjB9LCJjcmVhdGVFbnZpcm9ubWVudHMiOnRydWUsInBhcnRuZXJzUHJvZHVjdGlvbiI6eyJhc3NpZ25lZCI6MH0sInBhcnRuZXJzU2FuZGJveCI6eyJhc3NpZ25lZCI6MH0sImF1dG9zY2FsaW5nIjpmYWxzZSwic3RhdGljSXBzIjp7ImFzc2lnbmVkIjowLCJyZWFzc2lnbmVkIjowfSwiYXJtQWxlcnRzIjpmYWxzZSwiYXBpcyI6eyJlbmFibGVkIjp0cnVlfSwibXFNZXNzYWdlcyI6eyJiYXNlIjowLCJhZGRPbiI6MH0sIm1xUmVxdWVzdHMiOnsiYmFzZSI6MCwiYWRkT24iOjB9LCJleHRlcm5hbElkZW50aXR5Ijp0cnVlLCJtcUFkdmFuY2VkRmVhdHVyZXMiOnsiZW5hYmxlZCI6ZmFsc2V9LCJ2cGNzIjp7ImFzc2lnbmVkIjowLCJyZWFzc2lnbmVkIjowfSwiaHlicmlkSW5zaWdodCI6ZmFsc2UsImRlc2lnbkNlbnRlciI6eyJtb3phcnQiOmZhbHNlLCJhcGkiOmZhbHNlfSwib2JqZWN0U3RvcmVSZXF1ZXN0VW5pdHMiOnsiYmFzZSI6MTUwMDAwMDAsImFkZE9uIjowfSwib2JqZWN0U3RvcmVLZXlzIjp7ImJhc2UiOjEwMDAwMCwiYWRkT24iOjB9LCJjYW0iOnsiZW5hYmxlZCI6ZmFsc2V9LCJsb2FkQmFsYW5jZXIiOnsiYXNzaWduZWQiOjAsInJlYXNzaWduZWQiOjB9LCJtZXNzYWdpbmciOnsiYXNzaWduZWQiOjB9fSwiZXh0ZXJuYWxBdXRob3JpemF0aW9uIjp0cnVlLCJleHRlcm5hbEF1dGhvcml6YXRpb25Qcm92aWRlciI6eyJuYW1lIjoiUG9ydGFsIEFwcGxpY2F0aW9uIE1hbmFnZW1lbnQgU3lzdGVtIChQQU1TKSIsInVybCI6Imh0dHBzOi8vd3NneC10ZXN0LmNpc2NvLmNvbS9wYW1zL2x0L2NlcG1TZXJ2aWNlL3YxLjUvbWdyc3J2cyIsInZlcnNpb24iOiIxLjUifSwiaWRlbnRpdHlNYW5hZ2VtZW50Ijp7InR5cGUiOiJQaW5nRmVkZXJhdGUifSwib2F1dGgyU2V0dGluZ3MiOnsiYXV0aG9yaXphdGlvbkdyYW50cyI6WyJjb2RlIiwidG9rZW4iLCJvd25lciIsImNyZWRlbnRpYWxzIl0sImF1dGhvcml6YXRpb25VcmkiOiJodHRwczovL2Nsb3Vkc3NvLXRlc3QuY2lzY28uY29tL2FzL2F1dGhvcml6YXRpb24ub2F1dGgyIiwiYWNjZXNzVG9rZW5VcmkiOiJodHRwczovL2Nsb3Vkc3NvLXRlc3QuY2lzY28uY29tL2FzL3Rva2VuLm9hdXRoMiIsImdyYW50VHlwZXMiOlt7Im5hbWUiOiJwYXNzd29yZCIsImxhYmVsIjoiUmVzb3VyY2UgT3duZXIgR3JhbnQiLCJyZXF1aXJlZCI6ZmFsc2UsImV4Y2x1ZGUiOltdLCJkZXBlbmRzIjpbXX0seyJuYW1lIjoiaW1wbGljaXQiLCJsYWJlbCI6IkltcGxpY2l0IEdyYW50IiwicmVxdWlyZWQiOmZhbHNlLCJleGNsdWRlIjpbXSwiZGVwZW5kcyI6W119LHsibmFtZSI6ImNsaWVudF9jcmVkZW50aWFscyIsImxhYmVsIjoiQ2xpZW50IENyZWRlbnRpYWxzIEdyYW50IiwicmVxdWlyZWQiOmZhbHNlLCJleGNsdWRlIjpbXSwiZGVwZW5kcyI6W119LHsibmFtZSI6ImF1dGhvcml6YXRpb25fY29kZSIsImxhYmVsIjoiQXV0aG9yaXphdGlvbiBDb2RlIEdyYW50IiwicmVxdWlyZWQiOmZhbHNlLCJleGNsdWRlIjpbXSwiZGVwZW5kcyI6W119LHsibmFtZSI6InJlZnJlc2hfdG9rZW4iLCJsYWJlbCI6IlJlZnJlc2ggVG9rZW4iLCJyZXF1aXJlZCI6ZmFsc2UsImV4Y2x1ZGUiOltdLCJkZXBlbmRzIjpbImF1dGhvcml6YXRpb25fY29kZSIsInBhc3N3b3JkIl19XX19LCJpbnRlcmFjdGl2ZUxvZ2luIjp0cnVlLCJ0b2tlbiI6ImEyYzg0ODE1LThjYjgtNGE3Ni1iNmU0LTg4MGM3ZTc2MGNlYiIsImlhdCI6MTQ4NjU4Njc4OCwiYXVkIjoiaHR0cDovL2FwaS1wbGF0Zm9ybS1hcGkvcmVwb3NpdG9yeSIsImlzcyI6Imh0dHA6Ly9hcGktcGxhdGZvcm0tYXBpL3JlcG9zaXRvcnkifQ.YOsto-KJMgjQZxFXe6FFipYd8TIh4P1HIlJ5Tg6a9Ps
				Accept=*/*
				Content-Type=text/plain; charset=UTF-8
Cookies:		&lt;none&gt;
Body:			&lt;none&gt;
Request method:	DELETE
Request path:	https://qax.anypoint.mulesoft.com/apiplatform/repository/applications/43373
Proxy:			&lt;none&gt;
Request params:	&lt;none&gt;
Query params:	&lt;none&gt;
Form params:	&lt;none&gt;
Path params:	&lt;none&gt;
Multiparts:		&lt;none&gt;
Headers:		Authorization=Bearer eyJ0eXAiOiJKV1QiLCJhbGciOiJIUzI1NiJ9.eyJpZCI6IjUwMDAzN2NkLTJjZmQtNGRhNC1iZWQ3LTU3Mzg0ZGViMDYyYiIsImZpcnN0TmFtZSI6IkZlZGVyYXRlZCIsImxhc3ROYW1lIjoiRXh0ZXJuYWwiLCJlbWFpbCI6ImNocmlzdG9waGVyLm1vcmR1ZUBtdWxlc29mdC5jb20iLCJ1c2VybmFtZSI6ImZlZGVyYXRlZF9leHRlcm5hbCIsIm9yZ2FuaXphdGlvbiI6eyJpZCI6IjUwMDBkYjk1LWM1ZDQtNDg3Zi05MjVlLTNmODJmMTVhNTQ5OSIsIm5hbWUiOiJGZWRlcmF0ZWQgSW5jIEV4dGVybmFsIEF1dGhvcml6YXRpb24iLCJkb21haW4iOiJmZWRlcmF0ZWQtZXh0ZXJuYWwiLCJlbnRpdGxlbWVudHMiOnsiaHlicmlkIjp7ImVuYWJsZWQiOmZhbHNlfSwiY3JlYXRlU3ViT3JncyI6dHJ1ZSwidkNvcmVzUHJvZHVjdGlvbiI6eyJhc3NpZ25lZCI6MSwicmVhc3NpZ25lZCI6MH0sInZDb3Jlc1NhbmRib3giOnsiYXNzaWduZWQiOjEsInJlYXNzaWduZWQiOjB9LCJnbG9iYWxEZXBsb3ltZW50IjpmYWxzZSwid29ya2VyTG9nZ2luZ092ZXJyaWRlIjp7ImVuYWJsZWQiOmZhbHNlfSwiZ2F0ZXdheXMiOnsiYXNzaWduZWQiOjB9LCJjcmVhdGVFbnZpcm9ubWVudHMiOnRydWUsInBhcnRuZXJzUHJvZHVjdGlvbiI6eyJhc3NpZ25lZCI6MH0sInBhcnRuZXJzU2FuZGJveCI6eyJhc3NpZ25lZCI6MH0sImF1dG9zY2FsaW5nIjpmYWxzZSwic3RhdGljSXBzIjp7ImFzc2lnbmVkIjowLCJyZWFzc2lnbmVkIjowfSwiYXJtQWxlcnRzIjpmYWxzZSwiYXBpcyI6eyJlbmFibGVkIjp0cnVlfSwibXFNZXNzYWdlcyI6eyJiYXNlIjowLCJhZGRPbiI6MH0sIm1xUmVxdWVzdHMiOnsiYmFzZSI6MCwiYWRkT24iOjB9LCJleHRlcm5hbElkZW50aXR5Ijp0cnVlLCJtcUFkdmFuY2VkRmVhdHVyZXMiOnsiZW5hYmxlZCI6ZmFsc2V9LCJ2cGNzIjp7ImFzc2lnbmVkIjowLCJyZWFzc2lnbmVkIjowfSwiaHlicmlkSW5zaWdodCI6ZmFsc2UsImRlc2lnbkNlbnRlciI6eyJtb3phcnQiOmZhbHNlLCJhcGkiOmZhbHNlfSwib2JqZWN0U3RvcmVSZXF1ZXN0VW5pdHMiOnsiYmFzZSI6MTUwMDAwMDAsImFkZE9uIjowfSwib2JqZWN0U3RvcmVLZXlzIjp7ImJhc2UiOjEwMDAwMCwiYWRkT24iOjB9LCJjYW0iOnsiZW5hYmxlZCI6ZmFsc2V9LCJsb2FkQmFsYW5jZXIiOnsiYXNzaWduZWQiOjAsInJlYXNzaWduZWQiOjB9LCJtZXNzYWdpbmciOnsiYXNzaWduZWQiOjB9fSwiZXh0ZXJuYWxBdXRob3JpemF0aW9uIjp0cnVlLCJleHRlcm5hbEF1dGhvcml6YXRpb25Qcm92aWRlciI6eyJuYW1lIjoiUG9ydGFsIEFwcGxpY2F0aW9uIE1hbmFnZW1lbnQgU3lzdGVtIChQQU1TKSIsInVybCI6Imh0dHBzOi8vd3NneC10ZXN0LmNpc2NvLmNvbS9wYW1zL2x0L2NlcG1TZXJ2aWNlL3YxLjUvbWdyc3J2cyIsInZlcnNpb24iOiIxLjUifSwiaWRlbnRpdHlNYW5hZ2VtZW50Ijp7InR5cGUiOiJQaW5nRmVkZXJhdGUifSwib2F1dGgyU2V0dGluZ3MiOnsiYXV0aG9yaXphdGlvbkdyYW50cyI6WyJjb2RlIiwidG9rZW4iLCJvd25lciIsImNyZWRlbnRpYWxzIl0sImF1dGhvcml6YXRpb25VcmkiOiJodHRwczovL2Nsb3Vkc3NvLXRlc3QuY2lzY28uY29tL2FzL2F1dGhvcml6YXRpb24ub2F1dGgyIiwiYWNjZXNzVG9rZW5VcmkiOiJodHRwczovL2Nsb3Vkc3NvLXRlc3QuY2lzY28uY29tL2FzL3Rva2VuLm9hdXRoMiIsImdyYW50VHlwZXMiOlt7Im5hbWUiOiJwYXNzd29yZCIsImxhYmVsIjoiUmVzb3VyY2UgT3duZXIgR3JhbnQiLCJyZXF1aXJlZCI6ZmFsc2UsImV4Y2x1ZGUiOltdLCJkZXBlbmRzIjpbXX0seyJuYW1lIjoiaW1wbGljaXQiLCJsYWJlbCI6IkltcGxpY2l0IEdyYW50IiwicmVxdWlyZWQiOmZhbHNlLCJleGNsdWRlIjpbXSwiZGVwZW5kcyI6W119LHsibmFtZSI6ImNsaWVudF9jcmVkZW50aWFscyIsImxhYmVsIjoiQ2xpZW50IENyZWRlbnRpYWxzIEdyYW50IiwicmVxdWlyZWQiOmZhbHNlLCJleGNsdWRlIjpbXSwiZGVwZW5kcyI6W119LHsibmFtZSI6ImF1dGhvcml6YXRpb25fY29kZSIsImxhYmVsIjoiQXV0aG9yaXphdGlvbiBDb2RlIEdyYW50IiwicmVxdWlyZWQiOmZhbHNlLCJleGNsdWRlIjpbXSwiZGVwZW5kcyI6W119LHsibmFtZSI6InJlZnJlc2hfdG9rZW4iLCJsYWJlbCI6IlJlZnJlc2ggVG9rZW4iLCJyZXF1aXJlZCI6ZmFsc2UsImV4Y2x1ZGUiOltdLCJkZXBlbmRzIjpbImF1dGhvcml6YXRpb25fY29kZSIsInBhc3N3b3JkIl19XX19LCJpbnRlcmFjdGl2ZUxvZ2luIjp0cnVlLCJ0b2tlbiI6ImEyYzg0ODE1LThjYjgtNGE3Ni1iNmU0LTg4MGM3ZTc2MGNlYiIsImlhdCI6MTQ4NjU4Njc4OCwiYXVkIjoiaHR0cDovL2FwaS1wbGF0Zm9ybS1hcGkvcmVwb3NpdG9yeSIsImlzcyI6Imh0dHA6Ly9hcGktcGxhdGZvcm0tYXBpL3JlcG9zaXRvcnkifQ.YOsto-KJMgjQZxFXe6FFipYd8TIh4P1HIlJ5Tg6a9Ps
				Accept=*/*
				Content-Type=text/plain; charset=UTF-8
Cookies:		&lt;none&gt;
Body:			&lt;none&gt;
Request method:	DELETE
Request path:	https://qax.anypoint.mulesoft.com/apiplatform/repository/applications/43348
Proxy:			&lt;none&gt;
Request params:	&lt;none&gt;
Query params:	&lt;none&gt;
Form params:	&lt;none&gt;
Path params:	&lt;none&gt;
Multiparts:		&lt;none&gt;
Headers:		Authorization=Bearer eyJ0eXAiOiJKV1QiLCJhbGciOiJIUzI1NiJ9.eyJpZCI6IjUwMDAzN2NkLTJjZmQtNGRhNC1iZWQ3LTU3Mzg0ZGViMDYyYiIsImZpcnN0TmFtZSI6IkZlZGVyYXRlZCIsImxhc3ROYW1lIjoiRXh0ZXJuYWwiLCJlbWFpbCI6ImNocmlzdG9waGVyLm1vcmR1ZUBtdWxlc29mdC5jb20iLCJ1c2VybmFtZSI6ImZlZGVyYXRlZF9leHRlcm5hbCIsIm9yZ2FuaXphdGlvbiI6eyJpZCI6IjUwMDBkYjk1LWM1ZDQtNDg3Zi05MjVlLTNmODJmMTVhNTQ5OSIsIm5hbWUiOiJGZWRlcmF0ZWQgSW5jIEV4dGVybmFsIEF1dGhvcml6YXRpb24iLCJkb21haW4iOiJmZWRlcmF0ZWQtZXh0ZXJuYWwiLCJlbnRpdGxlbWVudHMiOnsiaHlicmlkIjp7ImVuYWJsZWQiOmZhbHNlfSwiY3JlYXRlU3ViT3JncyI6dHJ1ZSwidkNvcmVzUHJvZHVjdGlvbiI6eyJhc3NpZ25lZCI6MSwicmVhc3NpZ25lZCI6MH0sInZDb3Jlc1NhbmRib3giOnsiYXNzaWduZWQiOjEsInJlYXNzaWduZWQiOjB9LCJnbG9iYWxEZXBsb3ltZW50IjpmYWxzZSwid29ya2VyTG9nZ2luZ092ZXJyaWRlIjp7ImVuYWJsZWQiOmZhbHNlfSwiZ2F0ZXdheXMiOnsiYXNzaWduZWQiOjB9LCJjcmVhdGVFbnZpcm9ubWVudHMiOnRydWUsInBhcnRuZXJzUHJvZHVjdGlvbiI6eyJhc3NpZ25lZCI6MH0sInBhcnRuZXJzU2FuZGJveCI6eyJhc3NpZ25lZCI6MH0sImF1dG9zY2FsaW5nIjpmYWxzZSwic3RhdGljSXBzIjp7ImFzc2lnbmVkIjowLCJyZWFzc2lnbmVkIjowfSwiYXJtQWxlcnRzIjpmYWxzZSwiYXBpcyI6eyJlbmFibGVkIjp0cnVlfSwibXFNZXNzYWdlcyI6eyJiYXNlIjowLCJhZGRPbiI6MH0sIm1xUmVxdWVzdHMiOnsiYmFzZSI6MCwiYWRkT24iOjB9LCJleHRlcm5hbElkZW50aXR5Ijp0cnVlLCJtcUFkdmFuY2VkRmVhdHVyZXMiOnsiZW5hYmxlZCI6ZmFsc2V9LCJ2cGNzIjp7ImFzc2lnbmVkIjowLCJyZWFzc2lnbmVkIjowfSwiaHlicmlkSW5zaWdodCI6ZmFsc2UsImRlc2lnbkNlbnRlciI6eyJtb3phcnQiOmZhbHNlLCJhcGkiOmZhbHNlfSwib2JqZWN0U3RvcmVSZXF1ZXN0VW5pdHMiOnsiYmFzZSI6MTUwMDAwMDAsImFkZE9uIjowfSwib2JqZWN0U3RvcmVLZXlzIjp7ImJhc2UiOjEwMDAwMCwiYWRkT24iOjB9LCJjYW0iOnsiZW5hYmxlZCI6ZmFsc2V9LCJsb2FkQmFsYW5jZXIiOnsiYXNzaWduZWQiOjAsInJlYXNzaWduZWQiOjB9LCJtZXNzYWdpbmciOnsiYXNzaWduZWQiOjB9fSwiZXh0ZXJuYWxBdXRob3JpemF0aW9uIjp0cnVlLCJleHRlcm5hbEF1dGhvcml6YXRpb25Qcm92aWRlciI6eyJuYW1lIjoiUG9ydGFsIEFwcGxpY2F0aW9uIE1hbmFnZW1lbnQgU3lzdGVtIChQQU1TKSIsInVybCI6Imh0dHBzOi8vd3NneC10ZXN0LmNpc2NvLmNvbS9wYW1zL2x0L2NlcG1TZXJ2aWNlL3YxLjUvbWdyc3J2cyIsInZlcnNpb24iOiIxLjUifSwiaWRlbnRpdHlNYW5hZ2VtZW50Ijp7InR5cGUiOiJQaW5nRmVkZXJhdGUifSwib2F1dGgyU2V0dGluZ3MiOnsiYXV0aG9yaXphdGlvbkdyYW50cyI6WyJjb2RlIiwidG9rZW4iLCJvd25lciIsImNyZWRlbnRpYWxzIl0sImF1dGhvcml6YXRpb25VcmkiOiJodHRwczovL2Nsb3Vkc3NvLXRlc3QuY2lzY28uY29tL2FzL2F1dGhvcml6YXRpb24ub2F1dGgyIiwiYWNjZXNzVG9rZW5VcmkiOiJodHRwczovL2Nsb3Vkc3NvLXRlc3QuY2lzY28uY29tL2FzL3Rva2VuLm9hdXRoMiIsImdyYW50VHlwZXMiOlt7Im5hbWUiOiJwYXNzd29yZCIsImxhYmVsIjoiUmVzb3VyY2UgT3duZXIgR3JhbnQiLCJyZXF1aXJlZCI6ZmFsc2UsImV4Y2x1ZGUiOltdLCJkZXBlbmRzIjpbXX0seyJuYW1lIjoiaW1wbGljaXQiLCJsYWJlbCI6IkltcGxpY2l0IEdyYW50IiwicmVxdWlyZWQiOmZhbHNlLCJleGNsdWRlIjpbXSwiZGVwZW5kcyI6W119LHsibmFtZSI6ImNsaWVudF9jcmVkZW50aWFscyIsImxhYmVsIjoiQ2xpZW50IENyZWRlbnRpYWxzIEdyYW50IiwicmVxdWlyZWQiOmZhbHNlLCJleGNsdWRlIjpbXSwiZGVwZW5kcyI6W119LHsibmFtZSI6ImF1dGhvcml6YXRpb25fY29kZSIsImxhYmVsIjoiQXV0aG9yaXphdGlvbiBDb2RlIEdyYW50IiwicmVxdWlyZWQiOmZhbHNlLCJleGNsdWRlIjpbXSwiZGVwZW5kcyI6W119LHsibmFtZSI6InJlZnJlc2hfdG9rZW4iLCJsYWJlbCI6IlJlZnJlc2ggVG9rZW4iLCJyZXF1aXJlZCI6ZmFsc2UsImV4Y2x1ZGUiOltdLCJkZXBlbmRzIjpbImF1dGhvcml6YXRpb25fY29kZSIsInBhc3N3b3JkIl19XX19LCJpbnRlcmFjdGl2ZUxvZ2luIjp0cnVlLCJ0b2tlbiI6ImEyYzg0ODE1LThjYjgtNGE3Ni1iNmU0LTg4MGM3ZTc2MGNlYiIsImlhdCI6MTQ4NjU4Njc4OCwiYXVkIjoiaHR0cDovL2FwaS1wbGF0Zm9ybS1hcGkvcmVwb3NpdG9yeSIsImlzcyI6Imh0dHA6Ly9hcGktcGxhdGZvcm0tYXBpL3JlcG9zaXRvcnkifQ.YOsto-KJMgjQZxFXe6FFipYd8TIh4P1HIlJ5Tg6a9Ps
				Accept=*/*
				Content-Type=text/plain; charset=UTF-8
Cookies:		&lt;none&gt;
Body:			&lt;none&gt;
Request method:	DELETE
Request path:	https://qax.anypoint.mulesoft.com/apiplatform/repository/applications/43339
Proxy:			&lt;none&gt;
Request params:	&lt;none&gt;
Query params:	&lt;none&gt;
Form params:	&lt;none&gt;
Path params:	&lt;none&gt;
Multiparts:		&lt;none&gt;
Headers:		Authorization=Bearer eyJ0eXAiOiJKV1QiLCJhbGciOiJIUzI1NiJ9.eyJpZCI6IjUwMDAzN2NkLTJjZmQtNGRhNC1iZWQ3LTU3Mzg0ZGViMDYyYiIsImZpcnN0TmFtZSI6IkZlZGVyYXRlZCIsImxhc3ROYW1lIjoiRXh0ZXJuYWwiLCJlbWFpbCI6ImNocmlzdG9waGVyLm1vcmR1ZUBtdWxlc29mdC5jb20iLCJ1c2VybmFtZSI6ImZlZGVyYXRlZF9leHRlcm5hbCIsIm9yZ2FuaXphdGlvbiI6eyJpZCI6IjUwMDBkYjk1LWM1ZDQtNDg3Zi05MjVlLTNmODJmMTVhNTQ5OSIsIm5hbWUiOiJGZWRlcmF0ZWQgSW5jIEV4dGVybmFsIEF1dGhvcml6YXRpb24iLCJkb21haW4iOiJmZWRlcmF0ZWQtZXh0ZXJuYWwiLCJlbnRpdGxlbWVudHMiOnsiaHlicmlkIjp7ImVuYWJsZWQiOmZhbHNlfSwiY3JlYXRlU3ViT3JncyI6dHJ1ZSwidkNvcmVzUHJvZHVjdGlvbiI6eyJhc3NpZ25lZCI6MSwicmVhc3NpZ25lZCI6MH0sInZDb3Jlc1NhbmRib3giOnsiYXNzaWduZWQiOjEsInJlYXNzaWduZWQiOjB9LCJnbG9iYWxEZXBsb3ltZW50IjpmYWxzZSwid29ya2VyTG9nZ2luZ092ZXJyaWRlIjp7ImVuYWJsZWQiOmZhbHNlfSwiZ2F0ZXdheXMiOnsiYXNzaWduZWQiOjB9LCJjcmVhdGVFbnZpcm9ubWVudHMiOnRydWUsInBhcnRuZXJzUHJvZHVjdGlvbiI6eyJhc3NpZ25lZCI6MH0sInBhcnRuZXJzU2FuZGJveCI6eyJhc3NpZ25lZCI6MH0sImF1dG9zY2FsaW5nIjpmYWxzZSwic3RhdGljSXBzIjp7ImFzc2lnbmVkIjowLCJyZWFzc2lnbmVkIjowfSwiYXJtQWxlcnRzIjpmYWxzZSwiYXBpcyI6eyJlbmFibGVkIjp0cnVlfSwibXFNZXNzYWdlcyI6eyJiYXNlIjowLCJhZGRPbiI6MH0sIm1xUmVxdWVzdHMiOnsiYmFzZSI6MCwiYWRkT24iOjB9LCJleHRlcm5hbElkZW50aXR5Ijp0cnVlLCJtcUFkdmFuY2VkRmVhdHVyZXMiOnsiZW5hYmxlZCI6ZmFsc2V9LCJ2cGNzIjp7ImFzc2lnbmVkIjowLCJyZWFzc2lnbmVkIjowfSwiaHlicmlkSW5zaWdodCI6ZmFsc2UsImRlc2lnbkNlbnRlciI6eyJtb3phcnQiOmZhbHNlLCJhcGkiOmZhbHNlfSwib2JqZWN0U3RvcmVSZXF1ZXN0VW5pdHMiOnsiYmFzZSI6MTUwMDAwMDAsImFkZE9uIjowfSwib2JqZWN0U3RvcmVLZXlzIjp7ImJhc2UiOjEwMDAwMCwiYWRkT24iOjB9LCJjYW0iOnsiZW5hYmxlZCI6ZmFsc2V9LCJsb2FkQmFsYW5jZXIiOnsiYXNzaWduZWQiOjAsInJlYXNzaWduZWQiOjB9LCJtZXNzYWdpbmciOnsiYXNzaWduZWQiOjB9fSwiZXh0ZXJuYWxBdXRob3JpemF0aW9uIjp0cnVlLCJleHRlcm5hbEF1dGhvcml6YXRpb25Qcm92aWRlciI6eyJuYW1lIjoiUG9ydGFsIEFwcGxpY2F0aW9uIE1hbmFnZW1lbnQgU3lzdGVtIChQQU1TKSIsInVybCI6Imh0dHBzOi8vd3NneC10ZXN0LmNpc2NvLmNvbS9wYW1zL2x0L2NlcG1TZXJ2aWNlL3YxLjUvbWdyc3J2cyIsInZlcnNpb24iOiIxLjUifSwiaWRlbnRpdHlNYW5hZ2VtZW50Ijp7InR5cGUiOiJQaW5nRmVkZXJhdGUifSwib2F1dGgyU2V0dGluZ3MiOnsiYXV0aG9yaXphdGlvbkdyYW50cyI6WyJjb2RlIiwidG9rZW4iLCJvd25lciIsImNyZWRlbnRpYWxzIl0sImF1dGhvcml6YXRpb25VcmkiOiJodHRwczovL2Nsb3Vkc3NvLXRlc3QuY2lzY28uY29tL2FzL2F1dGhvcml6YXRpb24ub2F1dGgyIiwiYWNjZXNzVG9rZW5VcmkiOiJodHRwczovL2Nsb3Vkc3NvLXRlc3QuY2lzY28uY29tL2FzL3Rva2VuLm9hdXRoMiIsImdyYW50VHlwZXMiOlt7Im5hbWUiOiJwYXNzd29yZCIsImxhYmVsIjoiUmVzb3VyY2UgT3duZXIgR3JhbnQiLCJyZXF1aXJlZCI6ZmFsc2UsImV4Y2x1ZGUiOltdLCJkZXBlbmRzIjpbXX0seyJuYW1lIjoiaW1wbGljaXQiLCJsYWJlbCI6IkltcGxpY2l0IEdyYW50IiwicmVxdWlyZWQiOmZhbHNlLCJleGNsdWRlIjpbXSwiZGVwZW5kcyI6W119LHsibmFtZSI6ImNsaWVudF9jcmVkZW50aWFscyIsImxhYmVsIjoiQ2xpZW50IENyZWRlbnRpYWxzIEdyYW50IiwicmVxdWlyZWQiOmZhbHNlLCJleGNsdWRlIjpbXSwiZGVwZW5kcyI6W119LHsibmFtZSI6ImF1dGhvcml6YXRpb25fY29kZSIsImxhYmVsIjoiQXV0aG9yaXphdGlvbiBDb2RlIEdyYW50IiwicmVxdWlyZWQiOmZhbHNlLCJleGNsdWRlIjpbXSwiZGVwZW5kcyI6W119LHsibmFtZSI6InJlZnJlc2hfdG9rZW4iLCJsYWJlbCI6IlJlZnJlc2ggVG9rZW4iLCJyZXF1aXJlZCI6ZmFsc2UsImV4Y2x1ZGUiOltdLCJkZXBlbmRzIjpbImF1dGhvcml6YXRpb25fY29kZSIsInBhc3N3b3JkIl19XX19LCJpbnRlcmFjdGl2ZUxvZ2luIjp0cnVlLCJ0b2tlbiI6ImEyYzg0ODE1LThjYjgtNGE3Ni1iNmU0LTg4MGM3ZTc2MGNlYiIsImlhdCI6MTQ4NjU4Njc4OCwiYXVkIjoiaHR0cDovL2FwaS1wbGF0Zm9ybS1hcGkvcmVwb3NpdG9yeSIsImlzcyI6Imh0dHA6Ly9hcGktcGxhdGZvcm0tYXBpL3JlcG9zaXRvcnkifQ.YOsto-KJMgjQZxFXe6FFipYd8TIh4P1HIlJ5Tg6a9Ps
				Accept=*/*
				Content-Type=text/plain; charset=UTF-8
Cookies:		&lt;none&gt;
Body:			&lt;none&gt;
Request method:	DELETE
Request path:	https://qax.anypoint.mulesoft.com/apiplatform/repository/applications/43327
Proxy:			&lt;none&gt;
Request params:	&lt;none&gt;
Query params:	&lt;none&gt;
Form params:	&lt;none&gt;
Path params:	&lt;none&gt;
Multiparts:		&lt;none&gt;
Headers:		Authorization=Bearer eyJ0eXAiOiJKV1QiLCJhbGciOiJIUzI1NiJ9.eyJpZCI6IjUwMDAzN2NkLTJjZmQtNGRhNC1iZWQ3LTU3Mzg0ZGViMDYyYiIsImZpcnN0TmFtZSI6IkZlZGVyYXRlZCIsImxhc3ROYW1lIjoiRXh0ZXJuYWwiLCJlbWFpbCI6ImNocmlzdG9waGVyLm1vcmR1ZUBtdWxlc29mdC5jb20iLCJ1c2VybmFtZSI6ImZlZGVyYXRlZF9leHRlcm5hbCIsIm9yZ2FuaXphdGlvbiI6eyJpZCI6IjUwMDBkYjk1LWM1ZDQtNDg3Zi05MjVlLTNmODJmMTVhNTQ5OSIsIm5hbWUiOiJGZWRlcmF0ZWQgSW5jIEV4dGVybmFsIEF1dGhvcml6YXRpb24iLCJkb21haW4iOiJmZWRlcmF0ZWQtZXh0ZXJuYWwiLCJlbnRpdGxlbWVudHMiOnsiaHlicmlkIjp7ImVuYWJsZWQiOmZhbHNlfSwiY3JlYXRlU3ViT3JncyI6dHJ1ZSwidkNvcmVzUHJvZHVjdGlvbiI6eyJhc3NpZ25lZCI6MSwicmVhc3NpZ25lZCI6MH0sInZDb3Jlc1NhbmRib3giOnsiYXNzaWduZWQiOjEsInJlYXNzaWduZWQiOjB9LCJnbG9iYWxEZXBsb3ltZW50IjpmYWxzZSwid29ya2VyTG9nZ2luZ092ZXJyaWRlIjp7ImVuYWJsZWQiOmZhbHNlfSwiZ2F0ZXdheXMiOnsiYXNzaWduZWQiOjB9LCJjcmVhdGVFbnZpcm9ubWVudHMiOnRydWUsInBhcnRuZXJzUHJvZHVjdGlvbiI6eyJhc3NpZ25lZCI6MH0sInBhcnRuZXJzU2FuZGJveCI6eyJhc3NpZ25lZCI6MH0sImF1dG9zY2FsaW5nIjpmYWxzZSwic3RhdGljSXBzIjp7ImFzc2lnbmVkIjowLCJyZWFzc2lnbmVkIjowfSwiYXJtQWxlcnRzIjpmYWxzZSwiYXBpcyI6eyJlbmFibGVkIjp0cnVlfSwibXFNZXNzYWdlcyI6eyJiYXNlIjowLCJhZGRPbiI6MH0sIm1xUmVxdWVzdHMiOnsiYmFzZSI6MCwiYWRkT24iOjB9LCJleHRlcm5hbElkZW50aXR5Ijp0cnVlLCJtcUFkdmFuY2VkRmVhdHVyZXMiOnsiZW5hYmxlZCI6ZmFsc2V9LCJ2cGNzIjp7ImFzc2lnbmVkIjowLCJyZWFzc2lnbmVkIjowfSwiaHlicmlkSW5zaWdodCI6ZmFsc2UsImRlc2lnbkNlbnRlciI6eyJtb3phcnQiOmZhbHNlLCJhcGkiOmZhbHNlfSwib2JqZWN0U3RvcmVSZXF1ZXN0VW5pdHMiOnsiYmFzZSI6MTUwMDAwMDAsImFkZE9uIjowfSwib2JqZWN0U3RvcmVLZXlzIjp7ImJhc2UiOjEwMDAwMCwiYWRkT24iOjB9LCJjYW0iOnsiZW5hYmxlZCI6ZmFsc2V9LCJsb2FkQmFsYW5jZXIiOnsiYXNzaWduZWQiOjAsInJlYXNzaWduZWQiOjB9LCJtZXNzYWdpbmciOnsiYXNzaWduZWQiOjB9fSwiZXh0ZXJuYWxBdXRob3JpemF0aW9uIjp0cnVlLCJleHRlcm5hbEF1dGhvcml6YXRpb25Qcm92aWRlciI6eyJuYW1lIjoiUG9ydGFsIEFwcGxpY2F0aW9uIE1hbmFnZW1lbnQgU3lzdGVtIChQQU1TKSIsInVybCI6Imh0dHBzOi8vd3NneC10ZXN0LmNpc2NvLmNvbS9wYW1zL2x0L2NlcG1TZXJ2aWNlL3YxLjUvbWdyc3J2cyIsInZlcnNpb24iOiIxLjUifSwiaWRlbnRpdHlNYW5hZ2VtZW50Ijp7InR5cGUiOiJQaW5nRmVkZXJhdGUifSwib2F1dGgyU2V0dGluZ3MiOnsiYXV0aG9yaXphdGlvbkdyYW50cyI6WyJjb2RlIiwidG9rZW4iLCJvd25lciIsImNyZWRlbnRpYWxzIl0sImF1dGhvcml6YXRpb25VcmkiOiJodHRwczovL2Nsb3Vkc3NvLXRlc3QuY2lzY28uY29tL2FzL2F1dGhvcml6YXRpb24ub2F1dGgyIiwiYWNjZXNzVG9rZW5VcmkiOiJodHRwczovL2Nsb3Vkc3NvLXRlc3QuY2lzY28uY29tL2FzL3Rva2VuLm9hdXRoMiIsImdyYW50VHlwZXMiOlt7Im5hbWUiOiJwYXNzd29yZCIsImxhYmVsIjoiUmVzb3VyY2UgT3duZXIgR3JhbnQiLCJyZXF1aXJlZCI6ZmFsc2UsImV4Y2x1ZGUiOltdLCJkZXBlbmRzIjpbXX0seyJuYW1lIjoiaW1wbGljaXQiLCJsYWJlbCI6IkltcGxpY2l0IEdyYW50IiwicmVxdWlyZWQiOmZhbHNlLCJleGNsdWRlIjpbXSwiZGVwZW5kcyI6W119LHsibmFtZSI6ImNsaWVudF9jcmVkZW50aWFscyIsImxhYmVsIjoiQ2xpZW50IENyZWRlbnRpYWxzIEdyYW50IiwicmVxdWlyZWQiOmZhbHNlLCJleGNsdWRlIjpbXSwiZGVwZW5kcyI6W119LHsibmFtZSI6ImF1dGhvcml6YXRpb25fY29kZSIsImxhYmVsIjoiQXV0aG9yaXphdGlvbiBDb2RlIEdyYW50IiwicmVxdWlyZWQiOmZhbHNlLCJleGNsdWRlIjpbXSwiZGVwZW5kcyI6W119LHsibmFtZSI6InJlZnJlc2hfdG9rZW4iLCJsYWJlbCI6IlJlZnJlc2ggVG9rZW4iLCJyZXF1aXJlZCI6ZmFsc2UsImV4Y2x1ZGUiOltdLCJkZXBlbmRzIjpbImF1dGhvcml6YXRpb25fY29kZSIsInBhc3N3b3JkIl19XX19LCJpbnRlcmFjdGl2ZUxvZ2luIjp0cnVlLCJ0b2tlbiI6ImEyYzg0ODE1LThjYjgtNGE3Ni1iNmU0LTg4MGM3ZTc2MGNlYiIsImlhdCI6MTQ4NjU4Njc4OCwiYXVkIjoiaHR0cDovL2FwaS1wbGF0Zm9ybS1hcGkvcmVwb3NpdG9yeSIsImlzcyI6Imh0dHA6Ly9hcGktcGxhdGZvcm0tYXBpL3JlcG9zaXRvcnkifQ.YOsto-KJMgjQZxFXe6FFipYd8TIh4P1HIlJ5Tg6a9Ps
				Accept=*/*
				Content-Type=text/plain; charset=UTF-8
Cookies:		&lt;none&gt;
Body:			&lt;none&gt;
Request method:	DELETE
Request path:	https://qax.anypoint.mulesoft.com/apiplatform/repository/applications/43385
Proxy:			&lt;none&gt;
Request params:	&lt;none&gt;
Query params:	&lt;none&gt;
Form params:	&lt;none&gt;
Path params:	&lt;none&gt;
Multiparts:		&lt;none&gt;
Headers:		Authorization=Bearer eyJ0eXAiOiJKV1QiLCJhbGciOiJIUzI1NiJ9.eyJpZCI6IjUwMDAzN2NkLTJjZmQtNGRhNC1iZWQ3LTU3Mzg0ZGViMDYyYiIsImZpcnN0TmFtZSI6IkZlZGVyYXRlZCIsImxhc3ROYW1lIjoiRXh0ZXJuYWwiLCJlbWFpbCI6ImNocmlzdG9waGVyLm1vcmR1ZUBtdWxlc29mdC5jb20iLCJ1c2VybmFtZSI6ImZlZGVyYXRlZF9leHRlcm5hbCIsIm9yZ2FuaXphdGlvbiI6eyJpZCI6IjUwMDBkYjk1LWM1ZDQtNDg3Zi05MjVlLTNmODJmMTVhNTQ5OSIsIm5hbWUiOiJGZWRlcmF0ZWQgSW5jIEV4dGVybmFsIEF1dGhvcml6YXRpb24iLCJkb21haW4iOiJmZWRlcmF0ZWQtZXh0ZXJuYWwiLCJlbnRpdGxlbWVudHMiOnsiaHlicmlkIjp7ImVuYWJsZWQiOmZhbHNlfSwiY3JlYXRlU3ViT3JncyI6dHJ1ZSwidkNvcmVzUHJvZHVjdGlvbiI6eyJhc3NpZ25lZCI6MSwicmVhc3NpZ25lZCI6MH0sInZDb3Jlc1NhbmRib3giOnsiYXNzaWduZWQiOjEsInJlYXNzaWduZWQiOjB9LCJnbG9iYWxEZXBsb3ltZW50IjpmYWxzZSwid29ya2VyTG9nZ2luZ092ZXJyaWRlIjp7ImVuYWJsZWQiOmZhbHNlfSwiZ2F0ZXdheXMiOnsiYXNzaWduZWQiOjB9LCJjcmVhdGVFbnZpcm9ubWVudHMiOnRydWUsInBhcnRuZXJzUHJvZHVjdGlvbiI6eyJhc3NpZ25lZCI6MH0sInBhcnRuZXJzU2FuZGJveCI6eyJhc3NpZ25lZCI6MH0sImF1dG9zY2FsaW5nIjpmYWxzZSwic3RhdGljSXBzIjp7ImFzc2lnbmVkIjowLCJyZWFzc2lnbmVkIjowfSwiYXJtQWxlcnRzIjpmYWxzZSwiYXBpcyI6eyJlbmFibGVkIjp0cnVlfSwibXFNZXNzYWdlcyI6eyJiYXNlIjowLCJhZGRPbiI6MH0sIm1xUmVxdWVzdHMiOnsiYmFzZSI6MCwiYWRkT24iOjB9LCJleHRlcm5hbElkZW50aXR5Ijp0cnVlLCJtcUFkdmFuY2VkRmVhdHVyZXMiOnsiZW5hYmxlZCI6ZmFsc2V9LCJ2cGNzIjp7ImFzc2lnbmVkIjowLCJyZWFzc2lnbmVkIjowfSwiaHlicmlkSW5zaWdodCI6ZmFsc2UsImRlc2lnbkNlbnRlciI6eyJtb3phcnQiOmZhbHNlLCJhcGkiOmZhbHNlfSwib2JqZWN0U3RvcmVSZXF1ZXN0VW5pdHMiOnsiYmFzZSI6MTUwMDAwMDAsImFkZE9uIjowfSwib2JqZWN0U3RvcmVLZXlzIjp7ImJhc2UiOjEwMDAwMCwiYWRkT24iOjB9LCJjYW0iOnsiZW5hYmxlZCI6ZmFsc2V9LCJsb2FkQmFsYW5jZXIiOnsiYXNzaWduZWQiOjAsInJlYXNzaWduZWQiOjB9LCJtZXNzYWdpbmciOnsiYXNzaWduZWQiOjB9fSwiZXh0ZXJuYWxBdXRob3JpemF0aW9uIjp0cnVlLCJleHRlcm5hbEF1dGhvcml6YXRpb25Qcm92aWRlciI6eyJuYW1lIjoiUG9ydGFsIEFwcGxpY2F0aW9uIE1hbmFnZW1lbnQgU3lzdGVtIChQQU1TKSIsInVybCI6Imh0dHBzOi8vd3NneC10ZXN0LmNpc2NvLmNvbS9wYW1zL2x0L2NlcG1TZXJ2aWNlL3YxLjUvbWdyc3J2cyIsInZlcnNpb24iOiIxLjUifSwiaWRlbnRpdHlNYW5hZ2VtZW50Ijp7InR5cGUiOiJQaW5nRmVkZXJhdGUifSwib2F1dGgyU2V0dGluZ3MiOnsiYXV0aG9yaXphdGlvbkdyYW50cyI6WyJjb2RlIiwidG9rZW4iLCJvd25lciIsImNyZWRlbnRpYWxzIl0sImF1dGhvcml6YXRpb25VcmkiOiJodHRwczovL2Nsb3Vkc3NvLXRlc3QuY2lzY28uY29tL2FzL2F1dGhvcml6YXRpb24ub2F1dGgyIiwiYWNjZXNzVG9rZW5VcmkiOiJodHRwczovL2Nsb3Vkc3NvLXRlc3QuY2lzY28uY29tL2FzL3Rva2VuLm9hdXRoMiIsImdyYW50VHlwZXMiOlt7Im5hbWUiOiJwYXNzd29yZCIsImxhYmVsIjoiUmVzb3VyY2UgT3duZXIgR3JhbnQiLCJyZXF1aXJlZCI6ZmFsc2UsImV4Y2x1ZGUiOltdLCJkZXBlbmRzIjpbXX0seyJuYW1lIjoiaW1wbGljaXQiLCJsYWJlbCI6IkltcGxpY2l0IEdyYW50IiwicmVxdWlyZWQiOmZhbHNlLCJleGNsdWRlIjpbXSwiZGVwZW5kcyI6W119LHsibmFtZSI6ImNsaWVudF9jcmVkZW50aWFscyIsImxhYmVsIjoiQ2xpZW50IENyZWRlbnRpYWxzIEdyYW50IiwicmVxdWlyZWQiOmZhbHNlLCJleGNsdWRlIjpbXSwiZGVwZW5kcyI6W119LHsibmFtZSI6ImF1dGhvcml6YXRpb25fY29kZSIsImxhYmVsIjoiQXV0aG9yaXphdGlvbiBDb2RlIEdyYW50IiwicmVxdWlyZWQiOmZhbHNlLCJleGNsdWRlIjpbXSwiZGVwZW5kcyI6W119LHsibmFtZSI6InJlZnJlc2hfdG9rZW4iLCJsYWJlbCI6IlJlZnJlc2ggVG9rZW4iLCJyZXF1aXJlZCI6ZmFsc2UsImV4Y2x1ZGUiOltdLCJkZXBlbmRzIjpbImF1dGhvcml6YXRpb25fY29kZSIsInBhc3N3b3JkIl19XX19LCJpbnRlcmFjdGl2ZUxvZ2luIjp0cnVlLCJ0b2tlbiI6ImEyYzg0ODE1LThjYjgtNGE3Ni1iNmU0LTg4MGM3ZTc2MGNlYiIsImlhdCI6MTQ4NjU4Njc4OCwiYXVkIjoiaHR0cDovL2FwaS1wbGF0Zm9ybS1hcGkvcmVwb3NpdG9yeSIsImlzcyI6Imh0dHA6Ly9hcGktcGxhdGZvcm0tYXBpL3JlcG9zaXRvcnkifQ.YOsto-KJMgjQZxFXe6FFipYd8TIh4P1HIlJ5Tg6a9Ps
				Accept=*/*
				Content-Type=text/plain; charset=UTF-8
Cookies:		&lt;none&gt;
Body:			&lt;none&gt;
Request method:	DELETE
Request path:	https://qax.anypoint.mulesoft.com/apiplatform/repository/applications/43392
Proxy:			&lt;none&gt;
Request params:	&lt;none&gt;
Query params:	&lt;none&gt;
Form params:	&lt;none&gt;
Path params:	&lt;none&gt;
Multiparts:		&lt;none&gt;
Headers:		Authorization=Bearer eyJ0eXAiOiJKV1QiLCJhbGciOiJIUzI1NiJ9.eyJpZCI6IjUwMDAzN2NkLTJjZmQtNGRhNC1iZWQ3LTU3Mzg0ZGViMDYyYiIsImZpcnN0TmFtZSI6IkZlZGVyYXRlZCIsImxhc3ROYW1lIjoiRXh0ZXJuYWwiLCJlbWFpbCI6ImNocmlzdG9waGVyLm1vcmR1ZUBtdWxlc29mdC5jb20iLCJ1c2VybmFtZSI6ImZlZGVyYXRlZF9leHRlcm5hbCIsIm9yZ2FuaXphdGlvbiI6eyJpZCI6IjUwMDBkYjk1LWM1ZDQtNDg3Zi05MjVlLTNmODJmMTVhNTQ5OSIsIm5hbWUiOiJGZWRlcmF0ZWQgSW5jIEV4dGVybmFsIEF1dGhvcml6YXRpb24iLCJkb21haW4iOiJmZWRlcmF0ZWQtZXh0ZXJuYWwiLCJlbnRpdGxlbWVudHMiOnsiaHlicmlkIjp7ImVuYWJsZWQiOmZhbHNlfSwiY3JlYXRlU3ViT3JncyI6dHJ1ZSwidkNvcmVzUHJvZHVjdGlvbiI6eyJhc3NpZ25lZCI6MSwicmVhc3NpZ25lZCI6MH0sInZDb3Jlc1NhbmRib3giOnsiYXNzaWduZWQiOjEsInJlYXNzaWduZWQiOjB9LCJnbG9iYWxEZXBsb3ltZW50IjpmYWxzZSwid29ya2VyTG9nZ2luZ092ZXJyaWRlIjp7ImVuYWJsZWQiOmZhbHNlfSwiZ2F0ZXdheXMiOnsiYXNzaWduZWQiOjB9LCJjcmVhdGVFbnZpcm9ubWVudHMiOnRydWUsInBhcnRuZXJzUHJvZHVjdGlvbiI6eyJhc3NpZ25lZCI6MH0sInBhcnRuZXJzU2FuZGJveCI6eyJhc3NpZ25lZCI6MH0sImF1dG9zY2FsaW5nIjpmYWxzZSwic3RhdGljSXBzIjp7ImFzc2lnbmVkIjowLCJyZWFzc2lnbmVkIjowfSwiYXJtQWxlcnRzIjpmYWxzZSwiYXBpcyI6eyJlbmFibGVkIjp0cnVlfSwibXFNZXNzYWdlcyI6eyJiYXNlIjowLCJhZGRPbiI6MH0sIm1xUmVxdWVzdHMiOnsiYmFzZSI6MCwiYWRkT24iOjB9LCJleHRlcm5hbElkZW50aXR5Ijp0cnVlLCJtcUFkdmFuY2VkRmVhdHVyZXMiOnsiZW5hYmxlZCI6ZmFsc2V9LCJ2cGNzIjp7ImFzc2lnbmVkIjowLCJyZWFzc2lnbmVkIjowfSwiaHlicmlkSW5zaWdodCI6ZmFsc2UsImRlc2lnbkNlbnRlciI6eyJtb3phcnQiOmZhbHNlLCJhcGkiOmZhbHNlfSwib2JqZWN0U3RvcmVSZXF1ZXN0VW5pdHMiOnsiYmFzZSI6MTUwMDAwMDAsImFkZE9uIjowfSwib2JqZWN0U3RvcmVLZXlzIjp7ImJhc2UiOjEwMDAwMCwiYWRkT24iOjB9LCJjYW0iOnsiZW5hYmxlZCI6ZmFsc2V9LCJsb2FkQmFsYW5jZXIiOnsiYXNzaWduZWQiOjAsInJlYXNzaWduZWQiOjB9LCJtZXNzYWdpbmciOnsiYXNzaWduZWQiOjB9fSwiZXh0ZXJuYWxBdXRob3JpemF0aW9uIjp0cnVlLCJleHRlcm5hbEF1dGhvcml6YXRpb25Qcm92aWRlciI6eyJuYW1lIjoiUG9ydGFsIEFwcGxpY2F0aW9uIE1hbmFnZW1lbnQgU3lzdGVtIChQQU1TKSIsInVybCI6Imh0dHBzOi8vd3NneC10ZXN0LmNpc2NvLmNvbS9wYW1zL2x0L2NlcG1TZXJ2aWNlL3YxLjUvbWdyc3J2cyIsInZlcnNpb24iOiIxLjUifSwiaWRlbnRpdHlNYW5hZ2VtZW50Ijp7InR5cGUiOiJQaW5nRmVkZXJhdGUifSwib2F1dGgyU2V0dGluZ3MiOnsiYXV0aG9yaXphdGlvbkdyYW50cyI6WyJjb2RlIiwidG9rZW4iLCJvd25lciIsImNyZWRlbnRpYWxzIl0sImF1dGhvcml6YXRpb25VcmkiOiJodHRwczovL2Nsb3Vkc3NvLXRlc3QuY2lzY28uY29tL2FzL2F1dGhvcml6YXRpb24ub2F1dGgyIiwiYWNjZXNzVG9rZW5VcmkiOiJodHRwczovL2Nsb3Vkc3NvLXRlc3QuY2lzY28uY29tL2FzL3Rva2VuLm9hdXRoMiIsImdyYW50VHlwZXMiOlt7Im5hbWUiOiJwYXNzd29yZCIsImxhYmVsIjoiUmVzb3VyY2UgT3duZXIgR3JhbnQiLCJyZXF1aXJlZCI6ZmFsc2UsImV4Y2x1ZGUiOltdLCJkZXBlbmRzIjpbXX0seyJuYW1lIjoiaW1wbGljaXQiLCJsYWJlbCI6IkltcGxpY2l0IEdyYW50IiwicmVxdWlyZWQiOmZhbHNlLCJleGNsdWRlIjpbXSwiZGVwZW5kcyI6W119LHsibmFtZSI6ImNsaWVudF9jcmVkZW50aWFscyIsImxhYmVsIjoiQ2xpZW50IENyZWRlbnRpYWxzIEdyYW50IiwicmVxdWlyZWQiOmZhbHNlLCJleGNsdWRlIjpbXSwiZGVwZW5kcyI6W119LHsibmFtZSI6ImF1dGhvcml6YXRpb25fY29kZSIsImxhYmVsIjoiQXV0aG9yaXphdGlvbiBDb2RlIEdyYW50IiwicmVxdWlyZWQiOmZhbHNlLCJleGNsdWRlIjpbXSwiZGVwZW5kcyI6W119LHsibmFtZSI6InJlZnJlc2hfdG9rZW4iLCJsYWJlbCI6IlJlZnJlc2ggVG9rZW4iLCJyZXF1aXJlZCI6ZmFsc2UsImV4Y2x1ZGUiOltdLCJkZXBlbmRzIjpbImF1dGhvcml6YXRpb25fY29kZSIsInBhc3N3b3JkIl19XX19LCJpbnRlcmFjdGl2ZUxvZ2luIjp0cnVlLCJ0b2tlbiI6ImEyYzg0ODE1LThjYjgtNGE3Ni1iNmU0LTg4MGM3ZTc2MGNlYiIsImlhdCI6MTQ4NjU4Njc4OCwiYXVkIjoiaHR0cDovL2FwaS1wbGF0Zm9ybS1hcGkvcmVwb3NpdG9yeSIsImlzcyI6Imh0dHA6Ly9hcGktcGxhdGZvcm0tYXBpL3JlcG9zaXRvcnkifQ.YOsto-KJMgjQZxFXe6FFipYd8TIh4P1HIlJ5Tg6a9Ps
				Accept=*/*
				Content-Type=text/plain; charset=UTF-8
Cookies:		&lt;none&gt;
Body:			&lt;none&gt;
Request method:	DELETE
Request path:	https://qax.anypoint.mulesoft.com/apiplatform/repository/applications/43331
Proxy:			&lt;none&gt;
Request params:	&lt;none&gt;
Query params:	&lt;none&gt;
Form params:	&lt;none&gt;
Path params:	&lt;none&gt;
Multiparts:		&lt;none&gt;
Headers:		Authorization=Bearer eyJ0eXAiOiJKV1QiLCJhbGciOiJIUzI1NiJ9.eyJpZCI6IjUwMDAzN2NkLTJjZmQtNGRhNC1iZWQ3LTU3Mzg0ZGViMDYyYiIsImZpcnN0TmFtZSI6IkZlZGVyYXRlZCIsImxhc3ROYW1lIjoiRXh0ZXJuYWwiLCJlbWFpbCI6ImNocmlzdG9waGVyLm1vcmR1ZUBtdWxlc29mdC5jb20iLCJ1c2VybmFtZSI6ImZlZGVyYXRlZF9leHRlcm5hbCIsIm9yZ2FuaXphdGlvbiI6eyJpZCI6IjUwMDBkYjk1LWM1ZDQtNDg3Zi05MjVlLTNmODJmMTVhNTQ5OSIsIm5hbWUiOiJGZWRlcmF0ZWQgSW5jIEV4dGVybmFsIEF1dGhvcml6YXRpb24iLCJkb21haW4iOiJmZWRlcmF0ZWQtZXh0ZXJuYWwiLCJlbnRpdGxlbWVudHMiOnsiaHlicmlkIjp7ImVuYWJsZWQiOmZhbHNlfSwiY3JlYXRlU3ViT3JncyI6dHJ1ZSwidkNvcmVzUHJvZHVjdGlvbiI6eyJhc3NpZ25lZCI6MSwicmVhc3NpZ25lZCI6MH0sInZDb3Jlc1NhbmRib3giOnsiYXNzaWduZWQiOjEsInJlYXNzaWduZWQiOjB9LCJnbG9iYWxEZXBsb3ltZW50IjpmYWxzZSwid29ya2VyTG9nZ2luZ092ZXJyaWRlIjp7ImVuYWJsZWQiOmZhbHNlfSwiZ2F0ZXdheXMiOnsiYXNzaWduZWQiOjB9LCJjcmVhdGVFbnZpcm9ubWVudHMiOnRydWUsInBhcnRuZXJzUHJvZHVjdGlvbiI6eyJhc3NpZ25lZCI6MH0sInBhcnRuZXJzU2FuZGJveCI6eyJhc3NpZ25lZCI6MH0sImF1dG9zY2FsaW5nIjpmYWxzZSwic3RhdGljSXBzIjp7ImFzc2lnbmVkIjowLCJyZWFzc2lnbmVkIjowfSwiYXJtQWxlcnRzIjpmYWxzZSwiYXBpcyI6eyJlbmFibGVkIjp0cnVlfSwibXFNZXNzYWdlcyI6eyJiYXNlIjowLCJhZGRPbiI6MH0sIm1xUmVxdWVzdHMiOnsiYmFzZSI6MCwiYWRkT24iOjB9LCJleHRlcm5hbElkZW50aXR5Ijp0cnVlLCJtcUFkdmFuY2VkRmVhdHVyZXMiOnsiZW5hYmxlZCI6ZmFsc2V9LCJ2cGNzIjp7ImFzc2lnbmVkIjowLCJyZWFzc2lnbmVkIjowfSwiaHlicmlkSW5zaWdodCI6ZmFsc2UsImRlc2lnbkNlbnRlciI6eyJtb3phcnQiOmZhbHNlLCJhcGkiOmZhbHNlfSwib2JqZWN0U3RvcmVSZXF1ZXN0VW5pdHMiOnsiYmFzZSI6MTUwMDAwMDAsImFkZE9uIjowfSwib2JqZWN0U3RvcmVLZXlzIjp7ImJhc2UiOjEwMDAwMCwiYWRkT24iOjB9LCJjYW0iOnsiZW5hYmxlZCI6ZmFsc2V9LCJsb2FkQmFsYW5jZXIiOnsiYXNzaWduZWQiOjAsInJlYXNzaWduZWQiOjB9LCJtZXNzYWdpbmciOnsiYXNzaWduZWQiOjB9fSwiZXh0ZXJuYWxBdXRob3JpemF0aW9uIjp0cnVlLCJleHRlcm5hbEF1dGhvcml6YXRpb25Qcm92aWRlciI6eyJuYW1lIjoiUG9ydGFsIEFwcGxpY2F0aW9uIE1hbmFnZW1lbnQgU3lzdGVtIChQQU1TKSIsInVybCI6Imh0dHBzOi8vd3NneC10ZXN0LmNpc2NvLmNvbS9wYW1zL2x0L2NlcG1TZXJ2aWNlL3YxLjUvbWdyc3J2cyIsInZlcnNpb24iOiIxLjUifSwiaWRlbnRpdHlNYW5hZ2VtZW50Ijp7InR5cGUiOiJQaW5nRmVkZXJhdGUifSwib2F1dGgyU2V0dGluZ3MiOnsiYXV0aG9yaXphdGlvbkdyYW50cyI6WyJjb2RlIiwidG9rZW4iLCJvd25lciIsImNyZWRlbnRpYWxzIl0sImF1dGhvcml6YXRpb25VcmkiOiJodHRwczovL2Nsb3Vkc3NvLXRlc3QuY2lzY28uY29tL2FzL2F1dGhvcml6YXRpb24ub2F1dGgyIiwiYWNjZXNzVG9rZW5VcmkiOiJodHRwczovL2Nsb3Vkc3NvLXRlc3QuY2lzY28uY29tL2FzL3Rva2VuLm9hdXRoMiIsImdyYW50VHlwZXMiOlt7Im5hbWUiOiJwYXNzd29yZCIsImxhYmVsIjoiUmVzb3VyY2UgT3duZXIgR3JhbnQiLCJyZXF1aXJlZCI6ZmFsc2UsImV4Y2x1ZGUiOltdLCJkZXBlbmRzIjpbXX0seyJuYW1lIjoiaW1wbGljaXQiLCJsYWJlbCI6IkltcGxpY2l0IEdyYW50IiwicmVxdWlyZWQiOmZhbHNlLCJleGNsdWRlIjpbXSwiZGVwZW5kcyI6W119LHsibmFtZSI6ImNsaWVudF9jcmVkZW50aWFscyIsImxhYmVsIjoiQ2xpZW50IENyZWRlbnRpYWxzIEdyYW50IiwicmVxdWlyZWQiOmZhbHNlLCJleGNsdWRlIjpbXSwiZGVwZW5kcyI6W119LHsibmFtZSI6ImF1dGhvcml6YXRpb25fY29kZSIsImxhYmVsIjoiQXV0aG9yaXphdGlvbiBDb2RlIEdyYW50IiwicmVxdWlyZWQiOmZhbHNlLCJleGNsdWRlIjpbXSwiZGVwZW5kcyI6W119LHsibmFtZSI6InJlZnJlc2hfdG9rZW4iLCJsYWJlbCI6IlJlZnJlc2ggVG9rZW4iLCJyZXF1aXJlZCI6ZmFsc2UsImV4Y2x1ZGUiOltdLCJkZXBlbmRzIjpbImF1dGhvcml6YXRpb25fY29kZSIsInBhc3N3b3JkIl19XX19LCJpbnRlcmFjdGl2ZUxvZ2luIjp0cnVlLCJ0b2tlbiI6ImEyYzg0ODE1LThjYjgtNGE3Ni1iNmU0LTg4MGM3ZTc2MGNlYiIsImlhdCI6MTQ4NjU4Njc4OCwiYXVkIjoiaHR0cDovL2FwaS1wbGF0Zm9ybS1hcGkvcmVwb3NpdG9yeSIsImlzcyI6Imh0dHA6Ly9hcGktcGxhdGZvcm0tYXBpL3JlcG9zaXRvcnkifQ.YOsto-KJMgjQZxFXe6FFipYd8TIh4P1HIlJ5Tg6a9Ps
				Accept=*/*
				Content-Type=text/plain; charset=UTF-8
Cookies:		&lt;none&gt;
Body:			&lt;none&gt;
Request method:	DELETE
Request path:	https://qax.anypoint.mulesoft.com/apiplatform/repository/applications/43322
Proxy:			&lt;none&gt;
Request params:	&lt;none&gt;
Query params:	&lt;none&gt;
Form params:	&lt;none&gt;
Path params:	&lt;none&gt;
Multiparts:		&lt;none&gt;
Headers:		Authorization=Bearer eyJ0eXAiOiJKV1QiLCJhbGciOiJIUzI1NiJ9.eyJpZCI6IjUwMDAzN2NkLTJjZmQtNGRhNC1iZWQ3LTU3Mzg0ZGViMDYyYiIsImZpcnN0TmFtZSI6IkZlZGVyYXRlZCIsImxhc3ROYW1lIjoiRXh0ZXJuYWwiLCJlbWFpbCI6ImNocmlzdG9waGVyLm1vcmR1ZUBtdWxlc29mdC5jb20iLCJ1c2VybmFtZSI6ImZlZGVyYXRlZF9leHRlcm5hbCIsIm9yZ2FuaXphdGlvbiI6eyJpZCI6IjUwMDBkYjk1LWM1ZDQtNDg3Zi05MjVlLTNmODJmMTVhNTQ5OSIsIm5hbWUiOiJGZWRlcmF0ZWQgSW5jIEV4dGVybmFsIEF1dGhvcml6YXRpb24iLCJkb21haW4iOiJmZWRlcmF0ZWQtZXh0ZXJuYWwiLCJlbnRpdGxlbWVudHMiOnsiaHlicmlkIjp7ImVuYWJsZWQiOmZhbHNlfSwiY3JlYXRlU3ViT3JncyI6dHJ1ZSwidkNvcmVzUHJvZHVjdGlvbiI6eyJhc3NpZ25lZCI6MSwicmVhc3NpZ25lZCI6MH0sInZDb3Jlc1NhbmRib3giOnsiYXNzaWduZWQiOjEsInJlYXNzaWduZWQiOjB9LCJnbG9iYWxEZXBsb3ltZW50IjpmYWxzZSwid29ya2VyTG9nZ2luZ092ZXJyaWRlIjp7ImVuYWJsZWQiOmZhbHNlfSwiZ2F0ZXdheXMiOnsiYXNzaWduZWQiOjB9LCJjcmVhdGVFbnZpcm9ubWVudHMiOnRydWUsInBhcnRuZXJzUHJvZHVjdGlvbiI6eyJhc3NpZ25lZCI6MH0sInBhcnRuZXJzU2FuZGJveCI6eyJhc3NpZ25lZCI6MH0sImF1dG9zY2FsaW5nIjpmYWxzZSwic3RhdGljSXBzIjp7ImFzc2lnbmVkIjowLCJyZWFzc2lnbmVkIjowfSwiYXJtQWxlcnRzIjpmYWxzZSwiYXBpcyI6eyJlbmFibGVkIjp0cnVlfSwibXFNZXNzYWdlcyI6eyJiYXNlIjowLCJhZGRPbiI6MH0sIm1xUmVxdWVzdHMiOnsiYmFzZSI6MCwiYWRkT24iOjB9LCJleHRlcm5hbElkZW50aXR5Ijp0cnVlLCJtcUFkdmFuY2VkRmVhdHVyZXMiOnsiZW5hYmxlZCI6ZmFsc2V9LCJ2cGNzIjp7ImFzc2lnbmVkIjowLCJyZWFzc2lnbmVkIjowfSwiaHlicmlkSW5zaWdodCI6ZmFsc2UsImRlc2lnbkNlbnRlciI6eyJtb3phcnQiOmZhbHNlLCJhcGkiOmZhbHNlfSwib2JqZWN0U3RvcmVSZXF1ZXN0VW5pdHMiOnsiYmFzZSI6MTUwMDAwMDAsImFkZE9uIjowfSwib2JqZWN0U3RvcmVLZXlzIjp7ImJhc2UiOjEwMDAwMCwiYWRkT24iOjB9LCJjYW0iOnsiZW5hYmxlZCI6ZmFsc2V9LCJsb2FkQmFsYW5jZXIiOnsiYXNzaWduZWQiOjAsInJlYXNzaWduZWQiOjB9LCJtZXNzYWdpbmciOnsiYXNzaWduZWQiOjB9fSwiZXh0ZXJuYWxBdXRob3JpemF0aW9uIjp0cnVlLCJleHRlcm5hbEF1dGhvcml6YXRpb25Qcm92aWRlciI6eyJuYW1lIjoiUG9ydGFsIEFwcGxpY2F0aW9uIE1hbmFnZW1lbnQgU3lzdGVtIChQQU1TKSIsInVybCI6Imh0dHBzOi8vd3NneC10ZXN0LmNpc2NvLmNvbS9wYW1zL2x0L2NlcG1TZXJ2aWNlL3YxLjUvbWdyc3J2cyIsInZlcnNpb24iOiIxLjUifSwiaWRlbnRpdHlNYW5hZ2VtZW50Ijp7InR5cGUiOiJQaW5nRmVkZXJhdGUifSwib2F1dGgyU2V0dGluZ3MiOnsiYXV0aG9yaXphdGlvbkdyYW50cyI6WyJjb2RlIiwidG9rZW4iLCJvd25lciIsImNyZWRlbnRpYWxzIl0sImF1dGhvcml6YXRpb25VcmkiOiJodHRwczovL2Nsb3Vkc3NvLXRlc3QuY2lzY28uY29tL2FzL2F1dGhvcml6YXRpb24ub2F1dGgyIiwiYWNjZXNzVG9rZW5VcmkiOiJodHRwczovL2Nsb3Vkc3NvLXRlc3QuY2lzY28uY29tL2FzL3Rva2VuLm9hdXRoMiIsImdyYW50VHlwZXMiOlt7Im5hbWUiOiJwYXNzd29yZCIsImxhYmVsIjoiUmVzb3VyY2UgT3duZXIgR3JhbnQiLCJyZXF1aXJlZCI6ZmFsc2UsImV4Y2x1ZGUiOltdLCJkZXBlbmRzIjpbXX0seyJuYW1lIjoiaW1wbGljaXQiLCJsYWJlbCI6IkltcGxpY2l0IEdyYW50IiwicmVxdWlyZWQiOmZhbHNlLCJleGNsdWRlIjpbXSwiZGVwZW5kcyI6W119LHsibmFtZSI6ImNsaWVudF9jcmVkZW50aWFscyIsImxhYmVsIjoiQ2xpZW50IENyZWRlbnRpYWxzIEdyYW50IiwicmVxdWlyZWQiOmZhbHNlLCJleGNsdWRlIjpbXSwiZGVwZW5kcyI6W119LHsibmFtZSI6ImF1dGhvcml6YXRpb25fY29kZSIsImxhYmVsIjoiQXV0aG9yaXphdGlvbiBDb2RlIEdyYW50IiwicmVxdWlyZWQiOmZhbHNlLCJleGNsdWRlIjpbXSwiZGVwZW5kcyI6W119LHsibmFtZSI6InJlZnJlc2hfdG9rZW4iLCJsYWJlbCI6IlJlZnJlc2ggVG9rZW4iLCJyZXF1aXJlZCI6ZmFsc2UsImV4Y2x1ZGUiOltdLCJkZXBlbmRzIjpbImF1dGhvcml6YXRpb25fY29kZSIsInBhc3N3b3JkIl19XX19LCJpbnRlcmFjdGl2ZUxvZ2luIjp0cnVlLCJ0b2tlbiI6ImEyYzg0ODE1LThjYjgtNGE3Ni1iNmU0LTg4MGM3ZTc2MGNlYiIsImlhdCI6MTQ4NjU4Njc4OCwiYXVkIjoiaHR0cDovL2FwaS1wbGF0Zm9ybS1hcGkvcmVwb3NpdG9yeSIsImlzcyI6Imh0dHA6Ly9hcGktcGxhdGZvcm0tYXBpL3JlcG9zaXRvcnkifQ.YOsto-KJMgjQZxFXe6FFipYd8TIh4P1HIlJ5Tg6a9Ps
				Accept=*/*
				Content-Type=text/plain; charset=UTF-8
Cookies:		&lt;none&gt;
Body:			&lt;none&gt;
Request method:	DELETE
Request path:	https://qax.anypoint.mulesoft.com/apiplatform/repository/applications/43380
Proxy:			&lt;none&gt;
Request params:	&lt;none&gt;
Query params:	&lt;none&gt;
Form params:	&lt;none&gt;
Path params:	&lt;none&gt;
Multiparts:		&lt;none&gt;
Headers:		Authorization=Bearer eyJ0eXAiOiJKV1QiLCJhbGciOiJIUzI1NiJ9.eyJpZCI6IjUwMDAzN2NkLTJjZmQtNGRhNC1iZWQ3LTU3Mzg0ZGViMDYyYiIsImZpcnN0TmFtZSI6IkZlZGVyYXRlZCIsImxhc3ROYW1lIjoiRXh0ZXJuYWwiLCJlbWFpbCI6ImNocmlzdG9waGVyLm1vcmR1ZUBtdWxlc29mdC5jb20iLCJ1c2VybmFtZSI6ImZlZGVyYXRlZF9leHRlcm5hbCIsIm9yZ2FuaXphdGlvbiI6eyJpZCI6IjUwMDBkYjk1LWM1ZDQtNDg3Zi05MjVlLTNmODJmMTVhNTQ5OSIsIm5hbWUiOiJGZWRlcmF0ZWQgSW5jIEV4dGVybmFsIEF1dGhvcml6YXRpb24iLCJkb21haW4iOiJmZWRlcmF0ZWQtZXh0ZXJuYWwiLCJlbnRpdGxlbWVudHMiOnsiaHlicmlkIjp7ImVuYWJsZWQiOmZhbHNlfSwiY3JlYXRlU3ViT3JncyI6dHJ1ZSwidkNvcmVzUHJvZHVjdGlvbiI6eyJhc3NpZ25lZCI6MSwicmVhc3NpZ25lZCI6MH0sInZDb3Jlc1NhbmRib3giOnsiYXNzaWduZWQiOjEsInJlYXNzaWduZWQiOjB9LCJnbG9iYWxEZXBsb3ltZW50IjpmYWxzZSwid29ya2VyTG9nZ2luZ092ZXJyaWRlIjp7ImVuYWJsZWQiOmZhbHNlfSwiZ2F0ZXdheXMiOnsiYXNzaWduZWQiOjB9LCJjcmVhdGVFbnZpcm9ubWVudHMiOnRydWUsInBhcnRuZXJzUHJvZHVjdGlvbiI6eyJhc3NpZ25lZCI6MH0sInBhcnRuZXJzU2FuZGJveCI6eyJhc3NpZ25lZCI6MH0sImF1dG9zY2FsaW5nIjpmYWxzZSwic3RhdGljSXBzIjp7ImFzc2lnbmVkIjowLCJyZWFzc2lnbmVkIjowfSwiYXJtQWxlcnRzIjpmYWxzZSwiYXBpcyI6eyJlbmFibGVkIjp0cnVlfSwibXFNZXNzYWdlcyI6eyJiYXNlIjowLCJhZGRPbiI6MH0sIm1xUmVxdWVzdHMiOnsiYmFzZSI6MCwiYWRkT24iOjB9LCJleHRlcm5hbElkZW50aXR5Ijp0cnVlLCJtcUFkdmFuY2VkRmVhdHVyZXMiOnsiZW5hYmxlZCI6ZmFsc2V9LCJ2cGNzIjp7ImFzc2lnbmVkIjowLCJyZWFzc2lnbmVkIjowfSwiaHlicmlkSW5zaWdodCI6ZmFsc2UsImRlc2lnbkNlbnRlciI6eyJtb3phcnQiOmZhbHNlLCJhcGkiOmZhbHNlfSwib2JqZWN0U3RvcmVSZXF1ZXN0VW5pdHMiOnsiYmFzZSI6MTUwMDAwMDAsImFkZE9uIjowfSwib2JqZWN0U3RvcmVLZXlzIjp7ImJhc2UiOjEwMDAwMCwiYWRkT24iOjB9LCJjYW0iOnsiZW5hYmxlZCI6ZmFsc2V9LCJsb2FkQmFsYW5jZXIiOnsiYXNzaWduZWQiOjAsInJlYXNzaWduZWQiOjB9LCJtZXNzYWdpbmciOnsiYXNzaWduZWQiOjB9fSwiZXh0ZXJuYWxBdXRob3JpemF0aW9uIjp0cnVlLCJleHRlcm5hbEF1dGhvcml6YXRpb25Qcm92aWRlciI6eyJuYW1lIjoiUG9ydGFsIEFwcGxpY2F0aW9uIE1hbmFnZW1lbnQgU3lzdGVtIChQQU1TKSIsInVybCI6Imh0dHBzOi8vd3NneC10ZXN0LmNpc2NvLmNvbS9wYW1zL2x0L2NlcG1TZXJ2aWNlL3YxLjUvbWdyc3J2cyIsInZlcnNpb24iOiIxLjUifSwiaWRlbnRpdHlNYW5hZ2VtZW50Ijp7InR5cGUiOiJQaW5nRmVkZXJhdGUifSwib2F1dGgyU2V0dGluZ3MiOnsiYXV0aG9yaXphdGlvbkdyYW50cyI6WyJjb2RlIiwidG9rZW4iLCJvd25lciIsImNyZWRlbnRpYWxzIl0sImF1dGhvcml6YXRpb25VcmkiOiJodHRwczovL2Nsb3Vkc3NvLXRlc3QuY2lzY28uY29tL2FzL2F1dGhvcml6YXRpb24ub2F1dGgyIiwiYWNjZXNzVG9rZW5VcmkiOiJodHRwczovL2Nsb3Vkc3NvLXRlc3QuY2lzY28uY29tL2FzL3Rva2VuLm9hdXRoMiIsImdyYW50VHlwZXMiOlt7Im5hbWUiOiJwYXNzd29yZCIsImxhYmVsIjoiUmVzb3VyY2UgT3duZXIgR3JhbnQiLCJyZXF1aXJlZCI6ZmFsc2UsImV4Y2x1ZGUiOltdLCJkZXBlbmRzIjpbXX0seyJuYW1lIjoiaW1wbGljaXQiLCJsYWJlbCI6IkltcGxpY2l0IEdyYW50IiwicmVxdWlyZWQiOmZhbHNlLCJleGNsdWRlIjpbXSwiZGVwZW5kcyI6W119LHsibmFtZSI6ImNsaWVudF9jcmVkZW50aWFscyIsImxhYmVsIjoiQ2xpZW50IENyZWRlbnRpYWxzIEdyYW50IiwicmVxdWlyZWQiOmZhbHNlLCJleGNsdWRlIjpbXSwiZGVwZW5kcyI6W119LHsibmFtZSI6ImF1dGhvcml6YXRpb25fY29kZSIsImxhYmVsIjoiQXV0aG9yaXphdGlvbiBDb2RlIEdyYW50IiwicmVxdWlyZWQiOmZhbHNlLCJleGNsdWRlIjpbXSwiZGVwZW5kcyI6W119LHsibmFtZSI6InJlZnJlc2hfdG9rZW4iLCJsYWJlbCI6IlJlZnJlc2ggVG9rZW4iLCJyZXF1aXJlZCI6ZmFsc2UsImV4Y2x1ZGUiOltdLCJkZXBlbmRzIjpbImF1dGhvcml6YXRpb25fY29kZSIsInBhc3N3b3JkIl19XX19LCJpbnRlcmFjdGl2ZUxvZ2luIjp0cnVlLCJ0b2tlbiI6ImEyYzg0ODE1LThjYjgtNGE3Ni1iNmU0LTg4MGM3ZTc2MGNlYiIsImlhdCI6MTQ4NjU4Njc4OCwiYXVkIjoiaHR0cDovL2FwaS1wbGF0Zm9ybS1hcGkvcmVwb3NpdG9yeSIsImlzcyI6Imh0dHA6Ly9hcGktcGxhdGZvcm0tYXBpL3JlcG9zaXRvcnkifQ.YOsto-KJMgjQZxFXe6FFipYd8TIh4P1HIlJ5Tg6a9Ps
				Accept=*/*
				Content-Type=text/plain; charset=UTF-8
Cookies:		&lt;none&gt;
Body:			&lt;none&gt;
Request method:	DELETE
Request path:	https://qax.anypoint.mulesoft.com/apiplatform/repository/applications/43314
Proxy:			&lt;none&gt;
Request params:	&lt;none&gt;
Query params:	&lt;none&gt;
Form params:	&lt;none&gt;
Path params:	&lt;none&gt;
Multiparts:		&lt;none&gt;
Headers:		Authorization=Bearer eyJ0eXAiOiJKV1QiLCJhbGciOiJIUzI1NiJ9.eyJpZCI6IjUwMDAzN2NkLTJjZmQtNGRhNC1iZWQ3LTU3Mzg0ZGViMDYyYiIsImZpcnN0TmFtZSI6IkZlZGVyYXRlZCIsImxhc3ROYW1lIjoiRXh0ZXJuYWwiLCJlbWFpbCI6ImNocmlzdG9waGVyLm1vcmR1ZUBtdWxlc29mdC5jb20iLCJ1c2VybmFtZSI6ImZlZGVyYXRlZF9leHRlcm5hbCIsIm9yZ2FuaXphdGlvbiI6eyJpZCI6IjUwMDBkYjk1LWM1ZDQtNDg3Zi05MjVlLTNmODJmMTVhNTQ5OSIsIm5hbWUiOiJGZWRlcmF0ZWQgSW5jIEV4dGVybmFsIEF1dGhvcml6YXRpb24iLCJkb21haW4iOiJmZWRlcmF0ZWQtZXh0ZXJuYWwiLCJlbnRpdGxlbWVudHMiOnsiaHlicmlkIjp7ImVuYWJsZWQiOmZhbHNlfSwiY3JlYXRlU3ViT3JncyI6dHJ1ZSwidkNvcmVzUHJvZHVjdGlvbiI6eyJhc3NpZ25lZCI6MSwicmVhc3NpZ25lZCI6MH0sInZDb3Jlc1NhbmRib3giOnsiYXNzaWduZWQiOjEsInJlYXNzaWduZWQiOjB9LCJnbG9iYWxEZXBsb3ltZW50IjpmYWxzZSwid29ya2VyTG9nZ2luZ092ZXJyaWRlIjp7ImVuYWJsZWQiOmZhbHNlfSwiZ2F0ZXdheXMiOnsiYXNzaWduZWQiOjB9LCJjcmVhdGVFbnZpcm9ubWVudHMiOnRydWUsInBhcnRuZXJzUHJvZHVjdGlvbiI6eyJhc3NpZ25lZCI6MH0sInBhcnRuZXJzU2FuZGJveCI6eyJhc3NpZ25lZCI6MH0sImF1dG9zY2FsaW5nIjpmYWxzZSwic3RhdGljSXBzIjp7ImFzc2lnbmVkIjowLCJyZWFzc2lnbmVkIjowfSwiYXJtQWxlcnRzIjpmYWxzZSwiYXBpcyI6eyJlbmFibGVkIjp0cnVlfSwibXFNZXNzYWdlcyI6eyJiYXNlIjowLCJhZGRPbiI6MH0sIm1xUmVxdWVzdHMiOnsiYmFzZSI6MCwiYWRkT24iOjB9LCJleHRlcm5hbElkZW50aXR5Ijp0cnVlLCJtcUFkdmFuY2VkRmVhdHVyZXMiOnsiZW5hYmxlZCI6ZmFsc2V9LCJ2cGNzIjp7ImFzc2lnbmVkIjowLCJyZWFzc2lnbmVkIjowfSwiaHlicmlkSW5zaWdodCI6ZmFsc2UsImRlc2lnbkNlbnRlciI6eyJtb3phcnQiOmZhbHNlLCJhcGkiOmZhbHNlfSwib2JqZWN0U3RvcmVSZXF1ZXN0VW5pdHMiOnsiYmFzZSI6MTUwMDAwMDAsImFkZE9uIjowfSwib2JqZWN0U3RvcmVLZXlzIjp7ImJhc2UiOjEwMDAwMCwiYWRkT24iOjB9LCJjYW0iOnsiZW5hYmxlZCI6ZmFsc2V9LCJsb2FkQmFsYW5jZXIiOnsiYXNzaWduZWQiOjAsInJlYXNzaWduZWQiOjB9LCJtZXNzYWdpbmciOnsiYXNzaWduZWQiOjB9fSwiZXh0ZXJuYWxBdXRob3JpemF0aW9uIjp0cnVlLCJleHRlcm5hbEF1dGhvcml6YXRpb25Qcm92aWRlciI6eyJuYW1lIjoiUG9ydGFsIEFwcGxpY2F0aW9uIE1hbmFnZW1lbnQgU3lzdGVtIChQQU1TKSIsInVybCI6Imh0dHBzOi8vd3NneC10ZXN0LmNpc2NvLmNvbS9wYW1zL2x0L2NlcG1TZXJ2aWNlL3YxLjUvbWdyc3J2cyIsInZlcnNpb24iOiIxLjUifSwiaWRlbnRpdHlNYW5hZ2VtZW50Ijp7InR5cGUiOiJQaW5nRmVkZXJhdGUifSwib2F1dGgyU2V0dGluZ3MiOnsiYXV0aG9yaXphdGlvbkdyYW50cyI6WyJjb2RlIiwidG9rZW4iLCJvd25lciIsImNyZWRlbnRpYWxzIl0sImF1dGhvcml6YXRpb25VcmkiOiJodHRwczovL2Nsb3Vkc3NvLXRlc3QuY2lzY28uY29tL2FzL2F1dGhvcml6YXRpb24ub2F1dGgyIiwiYWNjZXNzVG9rZW5VcmkiOiJodHRwczovL2Nsb3Vkc3NvLXRlc3QuY2lzY28uY29tL2FzL3Rva2VuLm9hdXRoMiIsImdyYW50VHlwZXMiOlt7Im5hbWUiOiJwYXNzd29yZCIsImxhYmVsIjoiUmVzb3VyY2UgT3duZXIgR3JhbnQiLCJyZXF1aXJlZCI6ZmFsc2UsImV4Y2x1ZGUiOltdLCJkZXBlbmRzIjpbXX0seyJuYW1lIjoiaW1wbGljaXQiLCJsYWJlbCI6IkltcGxpY2l0IEdyYW50IiwicmVxdWlyZWQiOmZhbHNlLCJleGNsdWRlIjpbXSwiZGVwZW5kcyI6W119LHsibmFtZSI6ImNsaWVudF9jcmVkZW50aWFscyIsImxhYmVsIjoiQ2xpZW50IENyZWRlbnRpYWxzIEdyYW50IiwicmVxdWlyZWQiOmZhbHNlLCJleGNsdWRlIjpbXSwiZGVwZW5kcyI6W119LHsibmFtZSI6ImF1dGhvcml6YXRpb25fY29kZSIsImxhYmVsIjoiQXV0aG9yaXphdGlvbiBDb2RlIEdyYW50IiwicmVxdWlyZWQiOmZhbHNlLCJleGNsdWRlIjpbXSwiZGVwZW5kcyI6W119LHsibmFtZSI6InJlZnJlc2hfdG9rZW4iLCJsYWJlbCI6IlJlZnJlc2ggVG9rZW4iLCJyZXF1aXJlZCI6ZmFsc2UsImV4Y2x1ZGUiOltdLCJkZXBlbmRzIjpbImF1dGhvcml6YXRpb25fY29kZSIsInBhc3N3b3JkIl19XX19LCJpbnRlcmFjdGl2ZUxvZ2luIjp0cnVlLCJ0b2tlbiI6ImEyYzg0ODE1LThjYjgtNGE3Ni1iNmU0LTg4MGM3ZTc2MGNlYiIsImlhdCI6MTQ4NjU4Njc4OCwiYXVkIjoiaHR0cDovL2FwaS1wbGF0Zm9ybS1hcGkvcmVwb3NpdG9yeSIsImlzcyI6Imh0dHA6Ly9hcGktcGxhdGZvcm0tYXBpL3JlcG9zaXRvcnkifQ.YOsto-KJMgjQZxFXe6FFipYd8TIh4P1HIlJ5Tg6a9Ps
				Accept=*/*
				Content-Type=text/plain; charset=UTF-8
Cookies:		&lt;none&gt;
Body:			&lt;none&gt;
Request method:	DELETE
Request path:	https://qax.anypoint.mulesoft.com/apiplatform/repository/applications/43342
Proxy:			&lt;none&gt;
Request params:	&lt;none&gt;
Query params:	&lt;none&gt;
Form params:	&lt;none&gt;
Path params:	&lt;none&gt;
Multiparts:		&lt;none&gt;
Headers:		Authorization=Bearer eyJ0eXAiOiJKV1QiLCJhbGciOiJIUzI1NiJ9.eyJpZCI6IjUwMDAzN2NkLTJjZmQtNGRhNC1iZWQ3LTU3Mzg0ZGViMDYyYiIsImZpcnN0TmFtZSI6IkZlZGVyYXRlZCIsImxhc3ROYW1lIjoiRXh0ZXJuYWwiLCJlbWFpbCI6ImNocmlzdG9waGVyLm1vcmR1ZUBtdWxlc29mdC5jb20iLCJ1c2VybmFtZSI6ImZlZGVyYXRlZF9leHRlcm5hbCIsIm9yZ2FuaXphdGlvbiI6eyJpZCI6IjUwMDBkYjk1LWM1ZDQtNDg3Zi05MjVlLTNmODJmMTVhNTQ5OSIsIm5hbWUiOiJGZWRlcmF0ZWQgSW5jIEV4dGVybmFsIEF1dGhvcml6YXRpb24iLCJkb21haW4iOiJmZWRlcmF0ZWQtZXh0ZXJuYWwiLCJlbnRpdGxlbWVudHMiOnsiaHlicmlkIjp7ImVuYWJsZWQiOmZhbHNlfSwiY3JlYXRlU3ViT3JncyI6dHJ1ZSwidkNvcmVzUHJvZHVjdGlvbiI6eyJhc3NpZ25lZCI6MSwicmVhc3NpZ25lZCI6MH0sInZDb3Jlc1NhbmRib3giOnsiYXNzaWduZWQiOjEsInJlYXNzaWduZWQiOjB9LCJnbG9iYWxEZXBsb3ltZW50IjpmYWxzZSwid29ya2VyTG9nZ2luZ092ZXJyaWRlIjp7ImVuYWJsZWQiOmZhbHNlfSwiZ2F0ZXdheXMiOnsiYXNzaWduZWQiOjB9LCJjcmVhdGVFbnZpcm9ubWVudHMiOnRydWUsInBhcnRuZXJzUHJvZHVjdGlvbiI6eyJhc3NpZ25lZCI6MH0sInBhcnRuZXJzU2FuZGJveCI6eyJhc3NpZ25lZCI6MH0sImF1dG9zY2FsaW5nIjpmYWxzZSwic3RhdGljSXBzIjp7ImFzc2lnbmVkIjowLCJyZWFzc2lnbmVkIjowfSwiYXJtQWxlcnRzIjpmYWxzZSwiYXBpcyI6eyJlbmFibGVkIjp0cnVlfSwibXFNZXNzYWdlcyI6eyJiYXNlIjowLCJhZGRPbiI6MH0sIm1xUmVxdWVzdHMiOnsiYmFzZSI6MCwiYWRkT24iOjB9LCJleHRlcm5hbElkZW50aXR5Ijp0cnVlLCJtcUFkdmFuY2VkRmVhdHVyZXMiOnsiZW5hYmxlZCI6ZmFsc2V9LCJ2cGNzIjp7ImFzc2lnbmVkIjowLCJyZWFzc2lnbmVkIjowfSwiaHlicmlkSW5zaWdodCI6ZmFsc2UsImRlc2lnbkNlbnRlciI6eyJtb3phcnQiOmZhbHNlLCJhcGkiOmZhbHNlfSwib2JqZWN0U3RvcmVSZXF1ZXN0VW5pdHMiOnsiYmFzZSI6MTUwMDAwMDAsImFkZE9uIjowfSwib2JqZWN0U3RvcmVLZXlzIjp7ImJhc2UiOjEwMDAwMCwiYWRkT24iOjB9LCJjYW0iOnsiZW5hYmxlZCI6ZmFsc2V9LCJsb2FkQmFsYW5jZXIiOnsiYXNzaWduZWQiOjAsInJlYXNzaWduZWQiOjB9LCJtZXNzYWdpbmciOnsiYXNzaWduZWQiOjB9fSwiZXh0ZXJuYWxBdXRob3JpemF0aW9uIjp0cnVlLCJleHRlcm5hbEF1dGhvcml6YXRpb25Qcm92aWRlciI6eyJuYW1lIjoiUG9ydGFsIEFwcGxpY2F0aW9uIE1hbmFnZW1lbnQgU3lzdGVtIChQQU1TKSIsInVybCI6Imh0dHBzOi8vd3NneC10ZXN0LmNpc2NvLmNvbS9wYW1zL2x0L2NlcG1TZXJ2aWNlL3YxLjUvbWdyc3J2cyIsInZlcnNpb24iOiIxLjUifSwiaWRlbnRpdHlNYW5hZ2VtZW50Ijp7InR5cGUiOiJQaW5nRmVkZXJhdGUifSwib2F1dGgyU2V0dGluZ3MiOnsiYXV0aG9yaXphdGlvbkdyYW50cyI6WyJjb2RlIiwidG9rZW4iLCJvd25lciIsImNyZWRlbnRpYWxzIl0sImF1dGhvcml6YXRpb25VcmkiOiJodHRwczovL2Nsb3Vkc3NvLXRlc3QuY2lzY28uY29tL2FzL2F1dGhvcml6YXRpb24ub2F1dGgyIiwiYWNjZXNzVG9rZW5VcmkiOiJodHRwczovL2Nsb3Vkc3NvLXRlc3QuY2lzY28uY29tL2FzL3Rva2VuLm9hdXRoMiIsImdyYW50VHlwZXMiOlt7Im5hbWUiOiJwYXNzd29yZCIsImxhYmVsIjoiUmVzb3VyY2UgT3duZXIgR3JhbnQiLCJyZXF1aXJlZCI6ZmFsc2UsImV4Y2x1ZGUiOltdLCJkZXBlbmRzIjpbXX0seyJuYW1lIjoiaW1wbGljaXQiLCJsYWJlbCI6IkltcGxpY2l0IEdyYW50IiwicmVxdWlyZWQiOmZhbHNlLCJleGNsdWRlIjpbXSwiZGVwZW5kcyI6W119LHsibmFtZSI6ImNsaWVudF9jcmVkZW50aWFscyIsImxhYmVsIjoiQ2xpZW50IENyZWRlbnRpYWxzIEdyYW50IiwicmVxdWlyZWQiOmZhbHNlLCJleGNsdWRlIjpbXSwiZGVwZW5kcyI6W119LHsibmFtZSI6ImF1dGhvcml6YXRpb25fY29kZSIsImxhYmVsIjoiQXV0aG9yaXphdGlvbiBDb2RlIEdyYW50IiwicmVxdWlyZWQiOmZhbHNlLCJleGNsdWRlIjpbXSwiZGVwZW5kcyI6W119LHsibmFtZSI6InJlZnJlc2hfdG9rZW4iLCJsYWJlbCI6IlJlZnJlc2ggVG9rZW4iLCJyZXF1aXJlZCI6ZmFsc2UsImV4Y2x1ZGUiOltdLCJkZXBlbmRzIjpbImF1dGhvcml6YXRpb25fY29kZSIsInBhc3N3b3JkIl19XX19LCJpbnRlcmFjdGl2ZUxvZ2luIjp0cnVlLCJ0b2tlbiI6ImEyYzg0ODE1LThjYjgtNGE3Ni1iNmU0LTg4MGM3ZTc2MGNlYiIsImlhdCI6MTQ4NjU4Njc4OCwiYXVkIjoiaHR0cDovL2FwaS1wbGF0Zm9ybS1hcGkvcmVwb3NpdG9yeSIsImlzcyI6Imh0dHA6Ly9hcGktcGxhdGZvcm0tYXBpL3JlcG9zaXRvcnkifQ.YOsto-KJMgjQZxFXe6FFipYd8TIh4P1HIlJ5Tg6a9Ps
				Accept=*/*
				Content-Type=text/plain; charset=UTF-8
Cookies:		&lt;none&gt;
Body:			&lt;none&gt;
Request method:	DELETE
Request path:	https://qax.anypoint.mulesoft.com/apiplatform/repository/applications/43329
Proxy:			&lt;none&gt;
Request params:	&lt;none&gt;
Query params:	&lt;none&gt;
Form params:	&lt;none&gt;
Path params:	&lt;none&gt;
Multiparts:		&lt;none&gt;
Headers:		Authorization=Bearer eyJ0eXAiOiJKV1QiLCJhbGciOiJIUzI1NiJ9.eyJpZCI6IjUwMDAzN2NkLTJjZmQtNGRhNC1iZWQ3LTU3Mzg0ZGViMDYyYiIsImZpcnN0TmFtZSI6IkZlZGVyYXRlZCIsImxhc3ROYW1lIjoiRXh0ZXJuYWwiLCJlbWFpbCI6ImNocmlzdG9waGVyLm1vcmR1ZUBtdWxlc29mdC5jb20iLCJ1c2VybmFtZSI6ImZlZGVyYXRlZF9leHRlcm5hbCIsIm9yZ2FuaXphdGlvbiI6eyJpZCI6IjUwMDBkYjk1LWM1ZDQtNDg3Zi05MjVlLTNmODJmMTVhNTQ5OSIsIm5hbWUiOiJGZWRlcmF0ZWQgSW5jIEV4dGVybmFsIEF1dGhvcml6YXRpb24iLCJkb21haW4iOiJmZWRlcmF0ZWQtZXh0ZXJuYWwiLCJlbnRpdGxlbWVudHMiOnsiaHlicmlkIjp7ImVuYWJsZWQiOmZhbHNlfSwiY3JlYXRlU3ViT3JncyI6dHJ1ZSwidkNvcmVzUHJvZHVjdGlvbiI6eyJhc3NpZ25lZCI6MSwicmVhc3NpZ25lZCI6MH0sInZDb3Jlc1NhbmRib3giOnsiYXNzaWduZWQiOjEsInJlYXNzaWduZWQiOjB9LCJnbG9iYWxEZXBsb3ltZW50IjpmYWxzZSwid29ya2VyTG9nZ2luZ092ZXJyaWRlIjp7ImVuYWJsZWQiOmZhbHNlfSwiZ2F0ZXdheXMiOnsiYXNzaWduZWQiOjB9LCJjcmVhdGVFbnZpcm9ubWVudHMiOnRydWUsInBhcnRuZXJzUHJvZHVjdGlvbiI6eyJhc3NpZ25lZCI6MH0sInBhcnRuZXJzU2FuZGJveCI6eyJhc3NpZ25lZCI6MH0sImF1dG9zY2FsaW5nIjpmYWxzZSwic3RhdGljSXBzIjp7ImFzc2lnbmVkIjowLCJyZWFzc2lnbmVkIjowfSwiYXJtQWxlcnRzIjpmYWxzZSwiYXBpcyI6eyJlbmFibGVkIjp0cnVlfSwibXFNZXNzYWdlcyI6eyJiYXNlIjowLCJhZGRPbiI6MH0sIm1xUmVxdWVzdHMiOnsiYmFzZSI6MCwiYWRkT24iOjB9LCJleHRlcm5hbElkZW50aXR5Ijp0cnVlLCJtcUFkdmFuY2VkRmVhdHVyZXMiOnsiZW5hYmxlZCI6ZmFsc2V9LCJ2cGNzIjp7ImFzc2lnbmVkIjowLCJyZWFzc2lnbmVkIjowfSwiaHlicmlkSW5zaWdodCI6ZmFsc2UsImRlc2lnbkNlbnRlciI6eyJtb3phcnQiOmZhbHNlLCJhcGkiOmZhbHNlfSwib2JqZWN0U3RvcmVSZXF1ZXN0VW5pdHMiOnsiYmFzZSI6MTUwMDAwMDAsImFkZE9uIjowfSwib2JqZWN0U3RvcmVLZXlzIjp7ImJhc2UiOjEwMDAwMCwiYWRkT24iOjB9LCJjYW0iOnsiZW5hYmxlZCI6ZmFsc2V9LCJsb2FkQmFsYW5jZXIiOnsiYXNzaWduZWQiOjAsInJlYXNzaWduZWQiOjB9LCJtZXNzYWdpbmciOnsiYXNzaWduZWQiOjB9fSwiZXh0ZXJuYWxBdXRob3JpemF0aW9uIjp0cnVlLCJleHRlcm5hbEF1dGhvcml6YXRpb25Qcm92aWRlciI6eyJuYW1lIjoiUG9ydGFsIEFwcGxpY2F0aW9uIE1hbmFnZW1lbnQgU3lzdGVtIChQQU1TKSIsInVybCI6Imh0dHBzOi8vd3NneC10ZXN0LmNpc2NvLmNvbS9wYW1zL2x0L2NlcG1TZXJ2aWNlL3YxLjUvbWdyc3J2cyIsInZlcnNpb24iOiIxLjUifSwiaWRlbnRpdHlNYW5hZ2VtZW50Ijp7InR5cGUiOiJQaW5nRmVkZXJhdGUifSwib2F1dGgyU2V0dGluZ3MiOnsiYXV0aG9yaXphdGlvbkdyYW50cyI6WyJjb2RlIiwidG9rZW4iLCJvd25lciIsImNyZWRlbnRpYWxzIl0sImF1dGhvcml6YXRpb25VcmkiOiJodHRwczovL2Nsb3Vkc3NvLXRlc3QuY2lzY28uY29tL2FzL2F1dGhvcml6YXRpb24ub2F1dGgyIiwiYWNjZXNzVG9rZW5VcmkiOiJodHRwczovL2Nsb3Vkc3NvLXRlc3QuY2lzY28uY29tL2FzL3Rva2VuLm9hdXRoMiIsImdyYW50VHlwZXMiOlt7Im5hbWUiOiJwYXNzd29yZCIsImxhYmVsIjoiUmVzb3VyY2UgT3duZXIgR3JhbnQiLCJyZXF1aXJlZCI6ZmFsc2UsImV4Y2x1ZGUiOltdLCJkZXBlbmRzIjpbXX0seyJuYW1lIjoiaW1wbGljaXQiLCJsYWJlbCI6IkltcGxpY2l0IEdyYW50IiwicmVxdWlyZWQiOmZhbHNlLCJleGNsdWRlIjpbXSwiZGVwZW5kcyI6W119LHsibmFtZSI6ImNsaWVudF9jcmVkZW50aWFscyIsImxhYmVsIjoiQ2xpZW50IENyZWRlbnRpYWxzIEdyYW50IiwicmVxdWlyZWQiOmZhbHNlLCJleGNsdWRlIjpbXSwiZGVwZW5kcyI6W119LHsibmFtZSI6ImF1dGhvcml6YXRpb25fY29kZSIsImxhYmVsIjoiQXV0aG9yaXphdGlvbiBDb2RlIEdyYW50IiwicmVxdWlyZWQiOmZhbHNlLCJleGNsdWRlIjpbXSwiZGVwZW5kcyI6W119LHsibmFtZSI6InJlZnJlc2hfdG9rZW4iLCJsYWJlbCI6IlJlZnJlc2ggVG9rZW4iLCJyZXF1aXJlZCI6ZmFsc2UsImV4Y2x1ZGUiOltdLCJkZXBlbmRzIjpbImF1dGhvcml6YXRpb25fY29kZSIsInBhc3N3b3JkIl19XX19LCJpbnRlcmFjdGl2ZUxvZ2luIjp0cnVlLCJ0b2tlbiI6ImEyYzg0ODE1LThjYjgtNGE3Ni1iNmU0LTg4MGM3ZTc2MGNlYiIsImlhdCI6MTQ4NjU4Njc4OCwiYXVkIjoiaHR0cDovL2FwaS1wbGF0Zm9ybS1hcGkvcmVwb3NpdG9yeSIsImlzcyI6Imh0dHA6Ly9hcGktcGxhdGZvcm0tYXBpL3JlcG9zaXRvcnkifQ.YOsto-KJMgjQZxFXe6FFipYd8TIh4P1HIlJ5Tg6a9Ps
				Accept=*/*
				Content-Type=text/plain; charset=UTF-8
Cookies:		&lt;none&gt;
Body:			&lt;none&gt;
Request method:	DELETE
Request path:	https://qax.anypoint.mulesoft.com/apiplatform/repository/applications/43313
Proxy:			&lt;none&gt;
Request params:	&lt;none&gt;
Query params:	&lt;none&gt;
Form params:	&lt;none&gt;
Path params:	&lt;none&gt;
Multiparts:		&lt;none&gt;
Headers:		Authorization=Bearer eyJ0eXAiOiJKV1QiLCJhbGciOiJIUzI1NiJ9.eyJpZCI6IjUwMDAzN2NkLTJjZmQtNGRhNC1iZWQ3LTU3Mzg0ZGViMDYyYiIsImZpcnN0TmFtZSI6IkZlZGVyYXRlZCIsImxhc3ROYW1lIjoiRXh0ZXJuYWwiLCJlbWFpbCI6ImNocmlzdG9waGVyLm1vcmR1ZUBtdWxlc29mdC5jb20iLCJ1c2VybmFtZSI6ImZlZGVyYXRlZF9leHRlcm5hbCIsIm9yZ2FuaXphdGlvbiI6eyJpZCI6IjUwMDBkYjk1LWM1ZDQtNDg3Zi05MjVlLTNmODJmMTVhNTQ5OSIsIm5hbWUiOiJGZWRlcmF0ZWQgSW5jIEV4dGVybmFsIEF1dGhvcml6YXRpb24iLCJkb21haW4iOiJmZWRlcmF0ZWQtZXh0ZXJuYWwiLCJlbnRpdGxlbWVudHMiOnsiaHlicmlkIjp7ImVuYWJsZWQiOmZhbHNlfSwiY3JlYXRlU3ViT3JncyI6dHJ1ZSwidkNvcmVzUHJvZHVjdGlvbiI6eyJhc3NpZ25lZCI6MSwicmVhc3NpZ25lZCI6MH0sInZDb3Jlc1NhbmRib3giOnsiYXNzaWduZWQiOjEsInJlYXNzaWduZWQiOjB9LCJnbG9iYWxEZXBsb3ltZW50IjpmYWxzZSwid29ya2VyTG9nZ2luZ092ZXJyaWRlIjp7ImVuYWJsZWQiOmZhbHNlfSwiZ2F0ZXdheXMiOnsiYXNzaWduZWQiOjB9LCJjcmVhdGVFbnZpcm9ubWVudHMiOnRydWUsInBhcnRuZXJzUHJvZHVjdGlvbiI6eyJhc3NpZ25lZCI6MH0sInBhcnRuZXJzU2FuZGJveCI6eyJhc3NpZ25lZCI6MH0sImF1dG9zY2FsaW5nIjpmYWxzZSwic3RhdGljSXBzIjp7ImFzc2lnbmVkIjowLCJyZWFzc2lnbmVkIjowfSwiYXJtQWxlcnRzIjpmYWxzZSwiYXBpcyI6eyJlbmFibGVkIjp0cnVlfSwibXFNZXNzYWdlcyI6eyJiYXNlIjowLCJhZGRPbiI6MH0sIm1xUmVxdWVzdHMiOnsiYmFzZSI6MCwiYWRkT24iOjB9LCJleHRlcm5hbElkZW50aXR5Ijp0cnVlLCJtcUFkdmFuY2VkRmVhdHVyZXMiOnsiZW5hYmxlZCI6ZmFsc2V9LCJ2cGNzIjp7ImFzc2lnbmVkIjowLCJyZWFzc2lnbmVkIjowfSwiaHlicmlkSW5zaWdodCI6ZmFsc2UsImRlc2lnbkNlbnRlciI6eyJtb3phcnQiOmZhbHNlLCJhcGkiOmZhbHNlfSwib2JqZWN0U3RvcmVSZXF1ZXN0VW5pdHMiOnsiYmFzZSI6MTUwMDAwMDAsImFkZE9uIjowfSwib2JqZWN0U3RvcmVLZXlzIjp7ImJhc2UiOjEwMDAwMCwiYWRkT24iOjB9LCJjYW0iOnsiZW5hYmxlZCI6ZmFsc2V9LCJsb2FkQmFsYW5jZXIiOnsiYXNzaWduZWQiOjAsInJlYXNzaWduZWQiOjB9LCJtZXNzYWdpbmciOnsiYXNzaWduZWQiOjB9fSwiZXh0ZXJuYWxBdXRob3JpemF0aW9uIjp0cnVlLCJleHRlcm5hbEF1dGhvcml6YXRpb25Qcm92aWRlciI6eyJuYW1lIjoiUG9ydGFsIEFwcGxpY2F0aW9uIE1hbmFnZW1lbnQgU3lzdGVtIChQQU1TKSIsInVybCI6Imh0dHBzOi8vd3NneC10ZXN0LmNpc2NvLmNvbS9wYW1zL2x0L2NlcG1TZXJ2aWNlL3YxLjUvbWdyc3J2cyIsInZlcnNpb24iOiIxLjUifSwiaWRlbnRpdHlNYW5hZ2VtZW50Ijp7InR5cGUiOiJQaW5nRmVkZXJhdGUifSwib2F1dGgyU2V0dGluZ3MiOnsiYXV0aG9yaXphdGlvbkdyYW50cyI6WyJjb2RlIiwidG9rZW4iLCJvd25lciIsImNyZWRlbnRpYWxzIl0sImF1dGhvcml6YXRpb25VcmkiOiJodHRwczovL2Nsb3Vkc3NvLXRlc3QuY2lzY28uY29tL2FzL2F1dGhvcml6YXRpb24ub2F1dGgyIiwiYWNjZXNzVG9rZW5VcmkiOiJodHRwczovL2Nsb3Vkc3NvLXRlc3QuY2lzY28uY29tL2FzL3Rva2VuLm9hdXRoMiIsImdyYW50VHlwZXMiOlt7Im5hbWUiOiJwYXNzd29yZCIsImxhYmVsIjoiUmVzb3VyY2UgT3duZXIgR3JhbnQiLCJyZXF1aXJlZCI6ZmFsc2UsImV4Y2x1ZGUiOltdLCJkZXBlbmRzIjpbXX0seyJuYW1lIjoiaW1wbGljaXQiLCJsYWJlbCI6IkltcGxpY2l0IEdyYW50IiwicmVxdWlyZWQiOmZhbHNlLCJleGNsdWRlIjpbXSwiZGVwZW5kcyI6W119LHsibmFtZSI6ImNsaWVudF9jcmVkZW50aWFscyIsImxhYmVsIjoiQ2xpZW50IENyZWRlbnRpYWxzIEdyYW50IiwicmVxdWlyZWQiOmZhbHNlLCJleGNsdWRlIjpbXSwiZGVwZW5kcyI6W119LHsibmFtZSI6ImF1dGhvcml6YXRpb25fY29kZSIsImxhYmVsIjoiQXV0aG9yaXphdGlvbiBDb2RlIEdyYW50IiwicmVxdWlyZWQiOmZhbHNlLCJleGNsdWRlIjpbXSwiZGVwZW5kcyI6W119LHsibmFtZSI6InJlZnJlc2hfdG9rZW4iLCJsYWJlbCI6IlJlZnJlc2ggVG9rZW4iLCJyZXF1aXJlZCI6ZmFsc2UsImV4Y2x1ZGUiOltdLCJkZXBlbmRzIjpbImF1dGhvcml6YXRpb25fY29kZSIsInBhc3N3b3JkIl19XX19LCJpbnRlcmFjdGl2ZUxvZ2luIjp0cnVlLCJ0b2tlbiI6ImEyYzg0ODE1LThjYjgtNGE3Ni1iNmU0LTg4MGM3ZTc2MGNlYiIsImlhdCI6MTQ4NjU4Njc4OCwiYXVkIjoiaHR0cDovL2FwaS1wbGF0Zm9ybS1hcGkvcmVwb3NpdG9yeSIsImlzcyI6Imh0dHA6Ly9hcGktcGxhdGZvcm0tYXBpL3JlcG9zaXRvcnkifQ.YOsto-KJMgjQZxFXe6FFipYd8TIh4P1HIlJ5Tg6a9Ps
				Accept=*/*
				Content-Type=text/plain; charset=UTF-8
Cookies:		&lt;none&gt;
Body:			&lt;none&gt;
Request method:	DELETE
Request path:	https://qax.anypoint.mulesoft.com/apiplatform/repository/applications/43325
Proxy:			&lt;none&gt;
Request params:	&lt;none&gt;
Query params:	&lt;none&gt;
Form params:	&lt;none&gt;
Path params:	&lt;none&gt;
Multiparts:		&lt;none&gt;
Headers:		Authorization=Bearer eyJ0eXAiOiJKV1QiLCJhbGciOiJIUzI1NiJ9.eyJpZCI6IjUwMDAzN2NkLTJjZmQtNGRhNC1iZWQ3LTU3Mzg0ZGViMDYyYiIsImZpcnN0TmFtZSI6IkZlZGVyYXRlZCIsImxhc3ROYW1lIjoiRXh0ZXJuYWwiLCJlbWFpbCI6ImNocmlzdG9waGVyLm1vcmR1ZUBtdWxlc29mdC5jb20iLCJ1c2VybmFtZSI6ImZlZGVyYXRlZF9leHRlcm5hbCIsIm9yZ2FuaXphdGlvbiI6eyJpZCI6IjUwMDBkYjk1LWM1ZDQtNDg3Zi05MjVlLTNmODJmMTVhNTQ5OSIsIm5hbWUiOiJGZWRlcmF0ZWQgSW5jIEV4dGVybmFsIEF1dGhvcml6YXRpb24iLCJkb21haW4iOiJmZWRlcmF0ZWQtZXh0ZXJuYWwiLCJlbnRpdGxlbWVudHMiOnsiaHlicmlkIjp7ImVuYWJsZWQiOmZhbHNlfSwiY3JlYXRlU3ViT3JncyI6dHJ1ZSwidkNvcmVzUHJvZHVjdGlvbiI6eyJhc3NpZ25lZCI6MSwicmVhc3NpZ25lZCI6MH0sInZDb3Jlc1NhbmRib3giOnsiYXNzaWduZWQiOjEsInJlYXNzaWduZWQiOjB9LCJnbG9iYWxEZXBsb3ltZW50IjpmYWxzZSwid29ya2VyTG9nZ2luZ092ZXJyaWRlIjp7ImVuYWJsZWQiOmZhbHNlfSwiZ2F0ZXdheXMiOnsiYXNzaWduZWQiOjB9LCJjcmVhdGVFbnZpcm9ubWVudHMiOnRydWUsInBhcnRuZXJzUHJvZHVjdGlvbiI6eyJhc3NpZ25lZCI6MH0sInBhcnRuZXJzU2FuZGJveCI6eyJhc3NpZ25lZCI6MH0sImF1dG9zY2FsaW5nIjpmYWxzZSwic3RhdGljSXBzIjp7ImFzc2lnbmVkIjowLCJyZWFzc2lnbmVkIjowfSwiYXJtQWxlcnRzIjpmYWxzZSwiYXBpcyI6eyJlbmFibGVkIjp0cnVlfSwibXFNZXNzYWdlcyI6eyJiYXNlIjowLCJhZGRPbiI6MH0sIm1xUmVxdWVzdHMiOnsiYmFzZSI6MCwiYWRkT24iOjB9LCJleHRlcm5hbElkZW50aXR5Ijp0cnVlLCJtcUFkdmFuY2VkRmVhdHVyZXMiOnsiZW5hYmxlZCI6ZmFsc2V9LCJ2cGNzIjp7ImFzc2lnbmVkIjowLCJyZWFzc2lnbmVkIjowfSwiaHlicmlkSW5zaWdodCI6ZmFsc2UsImRlc2lnbkNlbnRlciI6eyJtb3phcnQiOmZhbHNlLCJhcGkiOmZhbHNlfSwib2JqZWN0U3RvcmVSZXF1ZXN0VW5pdHMiOnsiYmFzZSI6MTUwMDAwMDAsImFkZE9uIjowfSwib2JqZWN0U3RvcmVLZXlzIjp7ImJhc2UiOjEwMDAwMCwiYWRkT24iOjB9LCJjYW0iOnsiZW5hYmxlZCI6ZmFsc2V9LCJsb2FkQmFsYW5jZXIiOnsiYXNzaWduZWQiOjAsInJlYXNzaWduZWQiOjB9LCJtZXNzYWdpbmciOnsiYXNzaWduZWQiOjB9fSwiZXh0ZXJuYWxBdXRob3JpemF0aW9uIjp0cnVlLCJleHRlcm5hbEF1dGhvcml6YXRpb25Qcm92aWRlciI6eyJuYW1lIjoiUG9ydGFsIEFwcGxpY2F0aW9uIE1hbmFnZW1lbnQgU3lzdGVtIChQQU1TKSIsInVybCI6Imh0dHBzOi8vd3NneC10ZXN0LmNpc2NvLmNvbS9wYW1zL2x0L2NlcG1TZXJ2aWNlL3YxLjUvbWdyc3J2cyIsInZlcnNpb24iOiIxLjUifSwiaWRlbnRpdHlNYW5hZ2VtZW50Ijp7InR5cGUiOiJQaW5nRmVkZXJhdGUifSwib2F1dGgyU2V0dGluZ3MiOnsiYXV0aG9yaXphdGlvbkdyYW50cyI6WyJjb2RlIiwidG9rZW4iLCJvd25lciIsImNyZWRlbnRpYWxzIl0sImF1dGhvcml6YXRpb25VcmkiOiJodHRwczovL2Nsb3Vkc3NvLXRlc3QuY2lzY28uY29tL2FzL2F1dGhvcml6YXRpb24ub2F1dGgyIiwiYWNjZXNzVG9rZW5VcmkiOiJodHRwczovL2Nsb3Vkc3NvLXRlc3QuY2lzY28uY29tL2FzL3Rva2VuLm9hdXRoMiIsImdyYW50VHlwZXMiOlt7Im5hbWUiOiJwYXNzd29yZCIsImxhYmVsIjoiUmVzb3VyY2UgT3duZXIgR3JhbnQiLCJyZXF1aXJlZCI6ZmFsc2UsImV4Y2x1ZGUiOltdLCJkZXBlbmRzIjpbXX0seyJuYW1lIjoiaW1wbGljaXQiLCJsYWJlbCI6IkltcGxpY2l0IEdyYW50IiwicmVxdWlyZWQiOmZhbHNlLCJleGNsdWRlIjpbXSwiZGVwZW5kcyI6W119LHsibmFtZSI6ImNsaWVudF9jcmVkZW50aWFscyIsImxhYmVsIjoiQ2xpZW50IENyZWRlbnRpYWxzIEdyYW50IiwicmVxdWlyZWQiOmZhbHNlLCJleGNsdWRlIjpbXSwiZGVwZW5kcyI6W119LHsibmFtZSI6ImF1dGhvcml6YXRpb25fY29kZSIsImxhYmVsIjoiQXV0aG9yaXphdGlvbiBDb2RlIEdyYW50IiwicmVxdWlyZWQiOmZhbHNlLCJleGNsdWRlIjpbXSwiZGVwZW5kcyI6W119LHsibmFtZSI6InJlZnJlc2hfdG9rZW4iLCJsYWJlbCI6IlJlZnJlc2ggVG9rZW4iLCJyZXF1aXJlZCI6ZmFsc2UsImV4Y2x1ZGUiOltdLCJkZXBlbmRzIjpbImF1dGhvcml6YXRpb25fY29kZSIsInBhc3N3b3JkIl19XX19LCJpbnRlcmFjdGl2ZUxvZ2luIjp0cnVlLCJ0b2tlbiI6ImEyYzg0ODE1LThjYjgtNGE3Ni1iNmU0LTg4MGM3ZTc2MGNlYiIsImlhdCI6MTQ4NjU4Njc4OCwiYXVkIjoiaHR0cDovL2FwaS1wbGF0Zm9ybS1hcGkvcmVwb3NpdG9yeSIsImlzcyI6Imh0dHA6Ly9hcGktcGxhdGZvcm0tYXBpL3JlcG9zaXRvcnkifQ.YOsto-KJMgjQZxFXe6FFipYd8TIh4P1HIlJ5Tg6a9Ps
				Accept=*/*
				Content-Type=text/plain; charset=UTF-8
Cookies:		&lt;none&gt;
Body:			&lt;none&gt;
Request method:	DELETE
Request path:	https://qax.anypoint.mulesoft.com/apiplatform/repository/applications/43338
Proxy:			&lt;none&gt;
Request params:	&lt;none&gt;
Query params:	&lt;none&gt;
Form params:	&lt;none&gt;
Path params:	&lt;none&gt;
Multiparts:		&lt;none&gt;
Headers:		Authorization=Bearer eyJ0eXAiOiJKV1QiLCJhbGciOiJIUzI1NiJ9.eyJpZCI6IjUwMDAzN2NkLTJjZmQtNGRhNC1iZWQ3LTU3Mzg0ZGViMDYyYiIsImZpcnN0TmFtZSI6IkZlZGVyYXRlZCIsImxhc3ROYW1lIjoiRXh0ZXJuYWwiLCJlbWFpbCI6ImNocmlzdG9waGVyLm1vcmR1ZUBtdWxlc29mdC5jb20iLCJ1c2VybmFtZSI6ImZlZGVyYXRlZF9leHRlcm5hbCIsIm9yZ2FuaXphdGlvbiI6eyJpZCI6IjUwMDBkYjk1LWM1ZDQtNDg3Zi05MjVlLTNmODJmMTVhNTQ5OSIsIm5hbWUiOiJGZWRlcmF0ZWQgSW5jIEV4dGVybmFsIEF1dGhvcml6YXRpb24iLCJkb21haW4iOiJmZWRlcmF0ZWQtZXh0ZXJuYWwiLCJlbnRpdGxlbWVudHMiOnsiaHlicmlkIjp7ImVuYWJsZWQiOmZhbHNlfSwiY3JlYXRlU3ViT3JncyI6dHJ1ZSwidkNvcmVzUHJvZHVjdGlvbiI6eyJhc3NpZ25lZCI6MSwicmVhc3NpZ25lZCI6MH0sInZDb3Jlc1NhbmRib3giOnsiYXNzaWduZWQiOjEsInJlYXNzaWduZWQiOjB9LCJnbG9iYWxEZXBsb3ltZW50IjpmYWxzZSwid29ya2VyTG9nZ2luZ092ZXJyaWRlIjp7ImVuYWJsZWQiOmZhbHNlfSwiZ2F0ZXdheXMiOnsiYXNzaWduZWQiOjB9LCJjcmVhdGVFbnZpcm9ubWVudHMiOnRydWUsInBhcnRuZXJzUHJvZHVjdGlvbiI6eyJhc3NpZ25lZCI6MH0sInBhcnRuZXJzU2FuZGJveCI6eyJhc3NpZ25lZCI6MH0sImF1dG9zY2FsaW5nIjpmYWxzZSwic3RhdGljSXBzIjp7ImFzc2lnbmVkIjowLCJyZWFzc2lnbmVkIjowfSwiYXJtQWxlcnRzIjpmYWxzZSwiYXBpcyI6eyJlbmFibGVkIjp0cnVlfSwibXFNZXNzYWdlcyI6eyJiYXNlIjowLCJhZGRPbiI6MH0sIm1xUmVxdWVzdHMiOnsiYmFzZSI6MCwiYWRkT24iOjB9LCJleHRlcm5hbElkZW50aXR5Ijp0cnVlLCJtcUFkdmFuY2VkRmVhdHVyZXMiOnsiZW5hYmxlZCI6ZmFsc2V9LCJ2cGNzIjp7ImFzc2lnbmVkIjowLCJyZWFzc2lnbmVkIjowfSwiaHlicmlkSW5zaWdodCI6ZmFsc2UsImRlc2lnbkNlbnRlciI6eyJtb3phcnQiOmZhbHNlLCJhcGkiOmZhbHNlfSwib2JqZWN0U3RvcmVSZXF1ZXN0VW5pdHMiOnsiYmFzZSI6MTUwMDAwMDAsImFkZE9uIjowfSwib2JqZWN0U3RvcmVLZXlzIjp7ImJhc2UiOjEwMDAwMCwiYWRkT24iOjB9LCJjYW0iOnsiZW5hYmxlZCI6ZmFsc2V9LCJsb2FkQmFsYW5jZXIiOnsiYXNzaWduZWQiOjAsInJlYXNzaWduZWQiOjB9LCJtZXNzYWdpbmciOnsiYXNzaWduZWQiOjB9fSwiZXh0ZXJuYWxBdXRob3JpemF0aW9uIjp0cnVlLCJleHRlcm5hbEF1dGhvcml6YXRpb25Qcm92aWRlciI6eyJuYW1lIjoiUG9ydGFsIEFwcGxpY2F0aW9uIE1hbmFnZW1lbnQgU3lzdGVtIChQQU1TKSIsInVybCI6Imh0dHBzOi8vd3NneC10ZXN0LmNpc2NvLmNvbS9wYW1zL2x0L2NlcG1TZXJ2aWNlL3YxLjUvbWdyc3J2cyIsInZlcnNpb24iOiIxLjUifSwiaWRlbnRpdHlNYW5hZ2VtZW50Ijp7InR5cGUiOiJQaW5nRmVkZXJhdGUifSwib2F1dGgyU2V0dGluZ3MiOnsiYXV0aG9yaXphdGlvbkdyYW50cyI6WyJjb2RlIiwidG9rZW4iLCJvd25lciIsImNyZWRlbnRpYWxzIl0sImF1dGhvcml6YXRpb25VcmkiOiJodHRwczovL2Nsb3Vkc3NvLXRlc3QuY2lzY28uY29tL2FzL2F1dGhvcml6YXRpb24ub2F1dGgyIiwiYWNjZXNzVG9rZW5VcmkiOiJodHRwczovL2Nsb3Vkc3NvLXRlc3QuY2lzY28uY29tL2FzL3Rva2VuLm9hdXRoMiIsImdyYW50VHlwZXMiOlt7Im5hbWUiOiJwYXNzd29yZCIsImxhYmVsIjoiUmVzb3VyY2UgT3duZXIgR3JhbnQiLCJyZXF1aXJlZCI6ZmFsc2UsImV4Y2x1ZGUiOltdLCJkZXBlbmRzIjpbXX0seyJuYW1lIjoiaW1wbGljaXQiLCJsYWJlbCI6IkltcGxpY2l0IEdyYW50IiwicmVxdWlyZWQiOmZhbHNlLCJleGNsdWRlIjpbXSwiZGVwZW5kcyI6W119LHsibmFtZSI6ImNsaWVudF9jcmVkZW50aWFscyIsImxhYmVsIjoiQ2xpZW50IENyZWRlbnRpYWxzIEdyYW50IiwicmVxdWlyZWQiOmZhbHNlLCJleGNsdWRlIjpbXSwiZGVwZW5kcyI6W119LHsibmFtZSI6ImF1dGhvcml6YXRpb25fY29kZSIsImxhYmVsIjoiQXV0aG9yaXphdGlvbiBDb2RlIEdyYW50IiwicmVxdWlyZWQiOmZhbHNlLCJleGNsdWRlIjpbXSwiZGVwZW5kcyI6W119LHsibmFtZSI6InJlZnJlc2hfdG9rZW4iLCJsYWJlbCI6IlJlZnJlc2ggVG9rZW4iLCJyZXF1aXJlZCI6ZmFsc2UsImV4Y2x1ZGUiOltdLCJkZXBlbmRzIjpbImF1dGhvcml6YXRpb25fY29kZSIsInBhc3N3b3JkIl19XX19LCJpbnRlcmFjdGl2ZUxvZ2luIjp0cnVlLCJ0b2tlbiI6ImEyYzg0ODE1LThjYjgtNGE3Ni1iNmU0LTg4MGM3ZTc2MGNlYiIsImlhdCI6MTQ4NjU4Njc4OCwiYXVkIjoiaHR0cDovL2FwaS1wbGF0Zm9ybS1hcGkvcmVwb3NpdG9yeSIsImlzcyI6Imh0dHA6Ly9hcGktcGxhdGZvcm0tYXBpL3JlcG9zaXRvcnkifQ.YOsto-KJMgjQZxFXe6FFipYd8TIh4P1HIlJ5Tg6a9Ps
				Accept=*/*
				Content-Type=text/plain; charset=UTF-8
Cookies:		&lt;none&gt;
Body:			&lt;none&gt;
Request method:	DELETE
Request path:	https://qax.anypoint.mulesoft.com/apiplatform/repository/applications/43355
Proxy:			&lt;none&gt;
Request params:	&lt;none&gt;
Query params:	&lt;none&gt;
Form params:	&lt;none&gt;
Path params:	&lt;none&gt;
Multiparts:		&lt;none&gt;
Headers:		Authorization=Bearer eyJ0eXAiOiJKV1QiLCJhbGciOiJIUzI1NiJ9.eyJpZCI6IjUwMDAzN2NkLTJjZmQtNGRhNC1iZWQ3LTU3Mzg0ZGViMDYyYiIsImZpcnN0TmFtZSI6IkZlZGVyYXRlZCIsImxhc3ROYW1lIjoiRXh0ZXJuYWwiLCJlbWFpbCI6ImNocmlzdG9waGVyLm1vcmR1ZUBtdWxlc29mdC5jb20iLCJ1c2VybmFtZSI6ImZlZGVyYXRlZF9leHRlcm5hbCIsIm9yZ2FuaXphdGlvbiI6eyJpZCI6IjUwMDBkYjk1LWM1ZDQtNDg3Zi05MjVlLTNmODJmMTVhNTQ5OSIsIm5hbWUiOiJGZWRlcmF0ZWQgSW5jIEV4dGVybmFsIEF1dGhvcml6YXRpb24iLCJkb21haW4iOiJmZWRlcmF0ZWQtZXh0ZXJuYWwiLCJlbnRpdGxlbWVudHMiOnsiaHlicmlkIjp7ImVuYWJsZWQiOmZhbHNlfSwiY3JlYXRlU3ViT3JncyI6dHJ1ZSwidkNvcmVzUHJvZHVjdGlvbiI6eyJhc3NpZ25lZCI6MSwicmVhc3NpZ25lZCI6MH0sInZDb3Jlc1NhbmRib3giOnsiYXNzaWduZWQiOjEsInJlYXNzaWduZWQiOjB9LCJnbG9iYWxEZXBsb3ltZW50IjpmYWxzZSwid29ya2VyTG9nZ2luZ092ZXJyaWRlIjp7ImVuYWJsZWQiOmZhbHNlfSwiZ2F0ZXdheXMiOnsiYXNzaWduZWQiOjB9LCJjcmVhdGVFbnZpcm9ubWVudHMiOnRydWUsInBhcnRuZXJzUHJvZHVjdGlvbiI6eyJhc3NpZ25lZCI6MH0sInBhcnRuZXJzU2FuZGJveCI6eyJhc3NpZ25lZCI6MH0sImF1dG9zY2FsaW5nIjpmYWxzZSwic3RhdGljSXBzIjp7ImFzc2lnbmVkIjowLCJyZWFzc2lnbmVkIjowfSwiYXJtQWxlcnRzIjpmYWxzZSwiYXBpcyI6eyJlbmFibGVkIjp0cnVlfSwibXFNZXNzYWdlcyI6eyJiYXNlIjowLCJhZGRPbiI6MH0sIm1xUmVxdWVzdHMiOnsiYmFzZSI6MCwiYWRkT24iOjB9LCJleHRlcm5hbElkZW50aXR5Ijp0cnVlLCJtcUFkdmFuY2VkRmVhdHVyZXMiOnsiZW5hYmxlZCI6ZmFsc2V9LCJ2cGNzIjp7ImFzc2lnbmVkIjowLCJyZWFzc2lnbmVkIjowfSwiaHlicmlkSW5zaWdodCI6ZmFsc2UsImRlc2lnbkNlbnRlciI6eyJtb3phcnQiOmZhbHNlLCJhcGkiOmZhbHNlfSwib2JqZWN0U3RvcmVSZXF1ZXN0VW5pdHMiOnsiYmFzZSI6MTUwMDAwMDAsImFkZE9uIjowfSwib2JqZWN0U3RvcmVLZXlzIjp7ImJhc2UiOjEwMDAwMCwiYWRkT24iOjB9LCJjYW0iOnsiZW5hYmxlZCI6ZmFsc2V9LCJsb2FkQmFsYW5jZXIiOnsiYXNzaWduZWQiOjAsInJlYXNzaWduZWQiOjB9LCJtZXNzYWdpbmciOnsiYXNzaWduZWQiOjB9fSwiZXh0ZXJuYWxBdXRob3JpemF0aW9uIjp0cnVlLCJleHRlcm5hbEF1dGhvcml6YXRpb25Qcm92aWRlciI6eyJuYW1lIjoiUG9ydGFsIEFwcGxpY2F0aW9uIE1hbmFnZW1lbnQgU3lzdGVtIChQQU1TKSIsInVybCI6Imh0dHBzOi8vd3NneC10ZXN0LmNpc2NvLmNvbS9wYW1zL2x0L2NlcG1TZXJ2aWNlL3YxLjUvbWdyc3J2cyIsInZlcnNpb24iOiIxLjUifSwiaWRlbnRpdHlNYW5hZ2VtZW50Ijp7InR5cGUiOiJQaW5nRmVkZXJhdGUifSwib2F1dGgyU2V0dGluZ3MiOnsiYXV0aG9yaXphdGlvbkdyYW50cyI6WyJjb2RlIiwidG9rZW4iLCJvd25lciIsImNyZWRlbnRpYWxzIl0sImF1dGhvcml6YXRpb25VcmkiOiJodHRwczovL2Nsb3Vkc3NvLXRlc3QuY2lzY28uY29tL2FzL2F1dGhvcml6YXRpb24ub2F1dGgyIiwiYWNjZXNzVG9rZW5VcmkiOiJodHRwczovL2Nsb3Vkc3NvLXRlc3QuY2lzY28uY29tL2FzL3Rva2VuLm9hdXRoMiIsImdyYW50VHlwZXMiOlt7Im5hbWUiOiJwYXNzd29yZCIsImxhYmVsIjoiUmVzb3VyY2UgT3duZXIgR3JhbnQiLCJyZXF1aXJlZCI6ZmFsc2UsImV4Y2x1ZGUiOltdLCJkZXBlbmRzIjpbXX0seyJuYW1lIjoiaW1wbGljaXQiLCJsYWJlbCI6IkltcGxpY2l0IEdyYW50IiwicmVxdWlyZWQiOmZhbHNlLCJleGNsdWRlIjpbXSwiZGVwZW5kcyI6W119LHsibmFtZSI6ImNsaWVudF9jcmVkZW50aWFscyIsImxhYmVsIjoiQ2xpZW50IENyZWRlbnRpYWxzIEdyYW50IiwicmVxdWlyZWQiOmZhbHNlLCJleGNsdWRlIjpbXSwiZGVwZW5kcyI6W119LHsibmFtZSI6ImF1dGhvcml6YXRpb25fY29kZSIsImxhYmVsIjoiQXV0aG9yaXphdGlvbiBDb2RlIEdyYW50IiwicmVxdWlyZWQiOmZhbHNlLCJleGNsdWRlIjpbXSwiZGVwZW5kcyI6W119LHsibmFtZSI6InJlZnJlc2hfdG9rZW4iLCJsYWJlbCI6IlJlZnJlc2ggVG9rZW4iLCJyZXF1aXJlZCI6ZmFsc2UsImV4Y2x1ZGUiOltdLCJkZXBlbmRzIjpbImF1dGhvcml6YXRpb25fY29kZSIsInBhc3N3b3JkIl19XX19LCJpbnRlcmFjdGl2ZUxvZ2luIjp0cnVlLCJ0b2tlbiI6ImEyYzg0ODE1LThjYjgtNGE3Ni1iNmU0LTg4MGM3ZTc2MGNlYiIsImlhdCI6MTQ4NjU4Njc4OCwiYXVkIjoiaHR0cDovL2FwaS1wbGF0Zm9ybS1hcGkvcmVwb3NpdG9yeSIsImlzcyI6Imh0dHA6Ly9hcGktcGxhdGZvcm0tYXBpL3JlcG9zaXRvcnkifQ.YOsto-KJMgjQZxFXe6FFipYd8TIh4P1HIlJ5Tg6a9Ps
				Accept=*/*
				Content-Type=text/plain; charset=UTF-8
Cookies:		&lt;none&gt;
Body:			&lt;none&gt;
Request method:	DELETE
Request path:	https://qax.anypoint.mulesoft.com/apiplatform/repository/applications/43368
Proxy:			&lt;none&gt;
Request params:	&lt;none&gt;
Query params:	&lt;none&gt;
Form params:	&lt;none&gt;
Path params:	&lt;none&gt;
Multiparts:		&lt;none&gt;
Headers:		Authorization=Bearer eyJ0eXAiOiJKV1QiLCJhbGciOiJIUzI1NiJ9.eyJpZCI6IjUwMDAzN2NkLTJjZmQtNGRhNC1iZWQ3LTU3Mzg0ZGViMDYyYiIsImZpcnN0TmFtZSI6IkZlZGVyYXRlZCIsImxhc3ROYW1lIjoiRXh0ZXJuYWwiLCJlbWFpbCI6ImNocmlzdG9waGVyLm1vcmR1ZUBtdWxlc29mdC5jb20iLCJ1c2VybmFtZSI6ImZlZGVyYXRlZF9leHRlcm5hbCIsIm9yZ2FuaXphdGlvbiI6eyJpZCI6IjUwMDBkYjk1LWM1ZDQtNDg3Zi05MjVlLTNmODJmMTVhNTQ5OSIsIm5hbWUiOiJGZWRlcmF0ZWQgSW5jIEV4dGVybmFsIEF1dGhvcml6YXRpb24iLCJkb21haW4iOiJmZWRlcmF0ZWQtZXh0ZXJuYWwiLCJlbnRpdGxlbWVudHMiOnsiaHlicmlkIjp7ImVuYWJsZWQiOmZhbHNlfSwiY3JlYXRlU3ViT3JncyI6dHJ1ZSwidkNvcmVzUHJvZHVjdGlvbiI6eyJhc3NpZ25lZCI6MSwicmVhc3NpZ25lZCI6MH0sInZDb3Jlc1NhbmRib3giOnsiYXNzaWduZWQiOjEsInJlYXNzaWduZWQiOjB9LCJnbG9iYWxEZXBsb3ltZW50IjpmYWxzZSwid29ya2VyTG9nZ2luZ092ZXJyaWRlIjp7ImVuYWJsZWQiOmZhbHNlfSwiZ2F0ZXdheXMiOnsiYXNzaWduZWQiOjB9LCJjcmVhdGVFbnZpcm9ubWVudHMiOnRydWUsInBhcnRuZXJzUHJvZHVjdGlvbiI6eyJhc3NpZ25lZCI6MH0sInBhcnRuZXJzU2FuZGJveCI6eyJhc3NpZ25lZCI6MH0sImF1dG9zY2FsaW5nIjpmYWxzZSwic3RhdGljSXBzIjp7ImFzc2lnbmVkIjowLCJyZWFzc2lnbmVkIjowfSwiYXJtQWxlcnRzIjpmYWxzZSwiYXBpcyI6eyJlbmFibGVkIjp0cnVlfSwibXFNZXNzYWdlcyI6eyJiYXNlIjowLCJhZGRPbiI6MH0sIm1xUmVxdWVzdHMiOnsiYmFzZSI6MCwiYWRkT24iOjB9LCJleHRlcm5hbElkZW50aXR5Ijp0cnVlLCJtcUFkdmFuY2VkRmVhdHVyZXMiOnsiZW5hYmxlZCI6ZmFsc2V9LCJ2cGNzIjp7ImFzc2lnbmVkIjowLCJyZWFzc2lnbmVkIjowfSwiaHlicmlkSW5zaWdodCI6ZmFsc2UsImRlc2lnbkNlbnRlciI6eyJtb3phcnQiOmZhbHNlLCJhcGkiOmZhbHNlfSwib2JqZWN0U3RvcmVSZXF1ZXN0VW5pdHMiOnsiYmFzZSI6MTUwMDAwMDAsImFkZE9uIjowfSwib2JqZWN0U3RvcmVLZXlzIjp7ImJhc2UiOjEwMDAwMCwiYWRkT24iOjB9LCJjYW0iOnsiZW5hYmxlZCI6ZmFsc2V9LCJsb2FkQmFsYW5jZXIiOnsiYXNzaWduZWQiOjAsInJlYXNzaWduZWQiOjB9LCJtZXNzYWdpbmciOnsiYXNzaWduZWQiOjB9fSwiZXh0ZXJuYWxBdXRob3JpemF0aW9uIjp0cnVlLCJleHRlcm5hbEF1dGhvcml6YXRpb25Qcm92aWRlciI6eyJuYW1lIjoiUG9ydGFsIEFwcGxpY2F0aW9uIE1hbmFnZW1lbnQgU3lzdGVtIChQQU1TKSIsInVybCI6Imh0dHBzOi8vd3NneC10ZXN0LmNpc2NvLmNvbS9wYW1zL2x0L2NlcG1TZXJ2aWNlL3YxLjUvbWdyc3J2cyIsInZlcnNpb24iOiIxLjUifSwiaWRlbnRpdHlNYW5hZ2VtZW50Ijp7InR5cGUiOiJQaW5nRmVkZXJhdGUifSwib2F1dGgyU2V0dGluZ3MiOnsiYXV0aG9yaXphdGlvbkdyYW50cyI6WyJjb2RlIiwidG9rZW4iLCJvd25lciIsImNyZWRlbnRpYWxzIl0sImF1dGhvcml6YXRpb25VcmkiOiJodHRwczovL2Nsb3Vkc3NvLXRlc3QuY2lzY28uY29tL2FzL2F1dGhvcml6YXRpb24ub2F1dGgyIiwiYWNjZXNzVG9rZW5VcmkiOiJodHRwczovL2Nsb3Vkc3NvLXRlc3QuY2lzY28uY29tL2FzL3Rva2VuLm9hdXRoMiIsImdyYW50VHlwZXMiOlt7Im5hbWUiOiJwYXNzd29yZCIsImxhYmVsIjoiUmVzb3VyY2UgT3duZXIgR3JhbnQiLCJyZXF1aXJlZCI6ZmFsc2UsImV4Y2x1ZGUiOltdLCJkZXBlbmRzIjpbXX0seyJuYW1lIjoiaW1wbGljaXQiLCJsYWJlbCI6IkltcGxpY2l0IEdyYW50IiwicmVxdWlyZWQiOmZhbHNlLCJleGNsdWRlIjpbXSwiZGVwZW5kcyI6W119LHsibmFtZSI6ImNsaWVudF9jcmVkZW50aWFscyIsImxhYmVsIjoiQ2xpZW50IENyZWRlbnRpYWxzIEdyYW50IiwicmVxdWlyZWQiOmZhbHNlLCJleGNsdWRlIjpbXSwiZGVwZW5kcyI6W119LHsibmFtZSI6ImF1dGhvcml6YXRpb25fY29kZSIsImxhYmVsIjoiQXV0aG9yaXphdGlvbiBDb2RlIEdyYW50IiwicmVxdWlyZWQiOmZhbHNlLCJleGNsdWRlIjpbXSwiZGVwZW5kcyI6W119LHsibmFtZSI6InJlZnJlc2hfdG9rZW4iLCJsYWJlbCI6IlJlZnJlc2ggVG9rZW4iLCJyZXF1aXJlZCI6ZmFsc2UsImV4Y2x1ZGUiOltdLCJkZXBlbmRzIjpbImF1dGhvcml6YXRpb25fY29kZSIsInBhc3N3b3JkIl19XX19LCJpbnRlcmFjdGl2ZUxvZ2luIjp0cnVlLCJ0b2tlbiI6ImEyYzg0ODE1LThjYjgtNGE3Ni1iNmU0LTg4MGM3ZTc2MGNlYiIsImlhdCI6MTQ4NjU4Njc4OCwiYXVkIjoiaHR0cDovL2FwaS1wbGF0Zm9ybS1hcGkvcmVwb3NpdG9yeSIsImlzcyI6Imh0dHA6Ly9hcGktcGxhdGZvcm0tYXBpL3JlcG9zaXRvcnkifQ.YOsto-KJMgjQZxFXe6FFipYd8TIh4P1HIlJ5Tg6a9Ps
				Accept=*/*
				Content-Type=text/plain; charset=UTF-8
Cookies:		&lt;none&gt;
Body:			&lt;none&gt;
Request method:	DELETE
Request path:	https://qax.anypoint.mulesoft.com/apiplatform/repository/applications/43343
Proxy:			&lt;none&gt;
Request params:	&lt;none&gt;
Query params:	&lt;none&gt;
Form params:	&lt;none&gt;
Path params:	&lt;none&gt;
Multiparts:		&lt;none&gt;
Headers:		Authorization=Bearer eyJ0eXAiOiJKV1QiLCJhbGciOiJIUzI1NiJ9.eyJpZCI6IjUwMDAzN2NkLTJjZmQtNGRhNC1iZWQ3LTU3Mzg0ZGViMDYyYiIsImZpcnN0TmFtZSI6IkZlZGVyYXRlZCIsImxhc3ROYW1lIjoiRXh0ZXJuYWwiLCJlbWFpbCI6ImNocmlzdG9waGVyLm1vcmR1ZUBtdWxlc29mdC5jb20iLCJ1c2VybmFtZSI6ImZlZGVyYXRlZF9leHRlcm5hbCIsIm9yZ2FuaXphdGlvbiI6eyJpZCI6IjUwMDBkYjk1LWM1ZDQtNDg3Zi05MjVlLTNmODJmMTVhNTQ5OSIsIm5hbWUiOiJGZWRlcmF0ZWQgSW5jIEV4dGVybmFsIEF1dGhvcml6YXRpb24iLCJkb21haW4iOiJmZWRlcmF0ZWQtZXh0ZXJuYWwiLCJlbnRpdGxlbWVudHMiOnsiaHlicmlkIjp7ImVuYWJsZWQiOmZhbHNlfSwiY3JlYXRlU3ViT3JncyI6dHJ1ZSwidkNvcmVzUHJvZHVjdGlvbiI6eyJhc3NpZ25lZCI6MSwicmVhc3NpZ25lZCI6MH0sInZDb3Jlc1NhbmRib3giOnsiYXNzaWduZWQiOjEsInJlYXNzaWduZWQiOjB9LCJnbG9iYWxEZXBsb3ltZW50IjpmYWxzZSwid29ya2VyTG9nZ2luZ092ZXJyaWRlIjp7ImVuYWJsZWQiOmZhbHNlfSwiZ2F0ZXdheXMiOnsiYXNzaWduZWQiOjB9LCJjcmVhdGVFbnZpcm9ubWVudHMiOnRydWUsInBhcnRuZXJzUHJvZHVjdGlvbiI6eyJhc3NpZ25lZCI6MH0sInBhcnRuZXJzU2FuZGJveCI6eyJhc3NpZ25lZCI6MH0sImF1dG9zY2FsaW5nIjpmYWxzZSwic3RhdGljSXBzIjp7ImFzc2lnbmVkIjowLCJyZWFzc2lnbmVkIjowfSwiYXJtQWxlcnRzIjpmYWxzZSwiYXBpcyI6eyJlbmFibGVkIjp0cnVlfSwibXFNZXNzYWdlcyI6eyJiYXNlIjowLCJhZGRPbiI6MH0sIm1xUmVxdWVzdHMiOnsiYmFzZSI6MCwiYWRkT24iOjB9LCJleHRlcm5hbElkZW50aXR5Ijp0cnVlLCJtcUFkdmFuY2VkRmVhdHVyZXMiOnsiZW5hYmxlZCI6ZmFsc2V9LCJ2cGNzIjp7ImFzc2lnbmVkIjowLCJyZWFzc2lnbmVkIjowfSwiaHlicmlkSW5zaWdodCI6ZmFsc2UsImRlc2lnbkNlbnRlciI6eyJtb3phcnQiOmZhbHNlLCJhcGkiOmZhbHNlfSwib2JqZWN0U3RvcmVSZXF1ZXN0VW5pdHMiOnsiYmFzZSI6MTUwMDAwMDAsImFkZE9uIjowfSwib2JqZWN0U3RvcmVLZXlzIjp7ImJhc2UiOjEwMDAwMCwiYWRkT24iOjB9LCJjYW0iOnsiZW5hYmxlZCI6ZmFsc2V9LCJsb2FkQmFsYW5jZXIiOnsiYXNzaWduZWQiOjAsInJlYXNzaWduZWQiOjB9LCJtZXNzYWdpbmciOnsiYXNzaWduZWQiOjB9fSwiZXh0ZXJuYWxBdXRob3JpemF0aW9uIjp0cnVlLCJleHRlcm5hbEF1dGhvcml6YXRpb25Qcm92aWRlciI6eyJuYW1lIjoiUG9ydGFsIEFwcGxpY2F0aW9uIE1hbmFnZW1lbnQgU3lzdGVtIChQQU1TKSIsInVybCI6Imh0dHBzOi8vd3NneC10ZXN0LmNpc2NvLmNvbS9wYW1zL2x0L2NlcG1TZXJ2aWNlL3YxLjUvbWdyc3J2cyIsInZlcnNpb24iOiIxLjUifSwiaWRlbnRpdHlNYW5hZ2VtZW50Ijp7InR5cGUiOiJQaW5nRmVkZXJhdGUifSwib2F1dGgyU2V0dGluZ3MiOnsiYXV0aG9yaXphdGlvbkdyYW50cyI6WyJjb2RlIiwidG9rZW4iLCJvd25lciIsImNyZWRlbnRpYWxzIl0sImF1dGhvcml6YXRpb25VcmkiOiJodHRwczovL2Nsb3Vkc3NvLXRlc3QuY2lzY28uY29tL2FzL2F1dGhvcml6YXRpb24ub2F1dGgyIiwiYWNjZXNzVG9rZW5VcmkiOiJodHRwczovL2Nsb3Vkc3NvLXRlc3QuY2lzY28uY29tL2FzL3Rva2VuLm9hdXRoMiIsImdyYW50VHlwZXMiOlt7Im5hbWUiOiJwYXNzd29yZCIsImxhYmVsIjoiUmVzb3VyY2UgT3duZXIgR3JhbnQiLCJyZXF1aXJlZCI6ZmFsc2UsImV4Y2x1ZGUiOltdLCJkZXBlbmRzIjpbXX0seyJuYW1lIjoiaW1wbGljaXQiLCJsYWJlbCI6IkltcGxpY2l0IEdyYW50IiwicmVxdWlyZWQiOmZhbHNlLCJleGNsdWRlIjpbXSwiZGVwZW5kcyI6W119LHsibmFtZSI6ImNsaWVudF9jcmVkZW50aWFscyIsImxhYmVsIjoiQ2xpZW50IENyZWRlbnRpYWxzIEdyYW50IiwicmVxdWlyZWQiOmZhbHNlLCJleGNsdWRlIjpbXSwiZGVwZW5kcyI6W119LHsibmFtZSI6ImF1dGhvcml6YXRpb25fY29kZSIsImxhYmVsIjoiQXV0aG9yaXphdGlvbiBDb2RlIEdyYW50IiwicmVxdWlyZWQiOmZhbHNlLCJleGNsdWRlIjpbXSwiZGVwZW5kcyI6W119LHsibmFtZSI6InJlZnJlc2hfdG9rZW4iLCJsYWJlbCI6IlJlZnJlc2ggVG9rZW4iLCJyZXF1aXJlZCI6ZmFsc2UsImV4Y2x1ZGUiOltdLCJkZXBlbmRzIjpbImF1dGhvcml6YXRpb25fY29kZSIsInBhc3N3b3JkIl19XX19LCJpbnRlcmFjdGl2ZUxvZ2luIjp0cnVlLCJ0b2tlbiI6ImEyYzg0ODE1LThjYjgtNGE3Ni1iNmU0LTg4MGM3ZTc2MGNlYiIsImlhdCI6MTQ4NjU4Njc4OCwiYXVkIjoiaHR0cDovL2FwaS1wbGF0Zm9ybS1hcGkvcmVwb3NpdG9yeSIsImlzcyI6Imh0dHA6Ly9hcGktcGxhdGZvcm0tYXBpL3JlcG9zaXRvcnkifQ.YOsto-KJMgjQZxFXe6FFipYd8TIh4P1HIlJ5Tg6a9Ps
				Accept=*/*
				Content-Type=text/plain; charset=UTF-8
Cookies:		&lt;none&gt;
Body:			&lt;none&gt;
Request method:	DELETE
Request path:	https://qax.anypoint.mulesoft.com/apiplatform/repository/applications/43364
Proxy:			&lt;none&gt;
Request params:	&lt;none&gt;
Query params:	&lt;none&gt;
Form params:	&lt;none&gt;
Path params:	&lt;none&gt;
Multiparts:		&lt;none&gt;
Headers:		Authorization=Bearer eyJ0eXAiOiJKV1QiLCJhbGciOiJIUzI1NiJ9.eyJpZCI6IjUwMDAzN2NkLTJjZmQtNGRhNC1iZWQ3LTU3Mzg0ZGViMDYyYiIsImZpcnN0TmFtZSI6IkZlZGVyYXRlZCIsImxhc3ROYW1lIjoiRXh0ZXJuYWwiLCJlbWFpbCI6ImNocmlzdG9waGVyLm1vcmR1ZUBtdWxlc29mdC5jb20iLCJ1c2VybmFtZSI6ImZlZGVyYXRlZF9leHRlcm5hbCIsIm9yZ2FuaXphdGlvbiI6eyJpZCI6IjUwMDBkYjk1LWM1ZDQtNDg3Zi05MjVlLTNmODJmMTVhNTQ5OSIsIm5hbWUiOiJGZWRlcmF0ZWQgSW5jIEV4dGVybmFsIEF1dGhvcml6YXRpb24iLCJkb21haW4iOiJmZWRlcmF0ZWQtZXh0ZXJuYWwiLCJlbnRpdGxlbWVudHMiOnsiaHlicmlkIjp7ImVuYWJsZWQiOmZhbHNlfSwiY3JlYXRlU3ViT3JncyI6dHJ1ZSwidkNvcmVzUHJvZHVjdGlvbiI6eyJhc3NpZ25lZCI6MSwicmVhc3NpZ25lZCI6MH0sInZDb3Jlc1NhbmRib3giOnsiYXNzaWduZWQiOjEsInJlYXNzaWduZWQiOjB9LCJnbG9iYWxEZXBsb3ltZW50IjpmYWxzZSwid29ya2VyTG9nZ2luZ092ZXJyaWRlIjp7ImVuYWJsZWQiOmZhbHNlfSwiZ2F0ZXdheXMiOnsiYXNzaWduZWQiOjB9LCJjcmVhdGVFbnZpcm9ubWVudHMiOnRydWUsInBhcnRuZXJzUHJvZHVjdGlvbiI6eyJhc3NpZ25lZCI6MH0sInBhcnRuZXJzU2FuZGJveCI6eyJhc3NpZ25lZCI6MH0sImF1dG9zY2FsaW5nIjpmYWxzZSwic3RhdGljSXBzIjp7ImFzc2lnbmVkIjowLCJyZWFzc2lnbmVkIjowfSwiYXJtQWxlcnRzIjpmYWxzZSwiYXBpcyI6eyJlbmFibGVkIjp0cnVlfSwibXFNZXNzYWdlcyI6eyJiYXNlIjowLCJhZGRPbiI6MH0sIm1xUmVxdWVzdHMiOnsiYmFzZSI6MCwiYWRkT24iOjB9LCJleHRlcm5hbElkZW50aXR5Ijp0cnVlLCJtcUFkdmFuY2VkRmVhdHVyZXMiOnsiZW5hYmxlZCI6ZmFsc2V9LCJ2cGNzIjp7ImFzc2lnbmVkIjowLCJyZWFzc2lnbmVkIjowfSwiaHlicmlkSW5zaWdodCI6ZmFsc2UsImRlc2lnbkNlbnRlciI6eyJtb3phcnQiOmZhbHNlLCJhcGkiOmZhbHNlfSwib2JqZWN0U3RvcmVSZXF1ZXN0VW5pdHMiOnsiYmFzZSI6MTUwMDAwMDAsImFkZE9uIjowfSwib2JqZWN0U3RvcmVLZXlzIjp7ImJhc2UiOjEwMDAwMCwiYWRkT24iOjB9LCJjYW0iOnsiZW5hYmxlZCI6ZmFsc2V9LCJsb2FkQmFsYW5jZXIiOnsiYXNzaWduZWQiOjAsInJlYXNzaWduZWQiOjB9LCJtZXNzYWdpbmciOnsiYXNzaWduZWQiOjB9fSwiZXh0ZXJuYWxBdXRob3JpemF0aW9uIjp0cnVlLCJleHRlcm5hbEF1dGhvcml6YXRpb25Qcm92aWRlciI6eyJuYW1lIjoiUG9ydGFsIEFwcGxpY2F0aW9uIE1hbmFnZW1lbnQgU3lzdGVtIChQQU1TKSIsInVybCI6Imh0dHBzOi8vd3NneC10ZXN0LmNpc2NvLmNvbS9wYW1zL2x0L2NlcG1TZXJ2aWNlL3YxLjUvbWdyc3J2cyIsInZlcnNpb24iOiIxLjUifSwiaWRlbnRpdHlNYW5hZ2VtZW50Ijp7InR5cGUiOiJQaW5nRmVkZXJhdGUifSwib2F1dGgyU2V0dGluZ3MiOnsiYXV0aG9yaXphdGlvbkdyYW50cyI6WyJjb2RlIiwidG9rZW4iLCJvd25lciIsImNyZWRlbnRpYWxzIl0sImF1dGhvcml6YXRpb25VcmkiOiJodHRwczovL2Nsb3Vkc3NvLXRlc3QuY2lzY28uY29tL2FzL2F1dGhvcml6YXRpb24ub2F1dGgyIiwiYWNjZXNzVG9rZW5VcmkiOiJodHRwczovL2Nsb3Vkc3NvLXRlc3QuY2lzY28uY29tL2FzL3Rva2VuLm9hdXRoMiIsImdyYW50VHlwZXMiOlt7Im5hbWUiOiJwYXNzd29yZCIsImxhYmVsIjoiUmVzb3VyY2UgT3duZXIgR3JhbnQiLCJyZXF1aXJlZCI6ZmFsc2UsImV4Y2x1ZGUiOltdLCJkZXBlbmRzIjpbXX0seyJuYW1lIjoiaW1wbGljaXQiLCJsYWJlbCI6IkltcGxpY2l0IEdyYW50IiwicmVxdWlyZWQiOmZhbHNlLCJleGNsdWRlIjpbXSwiZGVwZW5kcyI6W119LHsibmFtZSI6ImNsaWVudF9jcmVkZW50aWFscyIsImxhYmVsIjoiQ2xpZW50IENyZWRlbnRpYWxzIEdyYW50IiwicmVxdWlyZWQiOmZhbHNlLCJleGNsdWRlIjpbXSwiZGVwZW5kcyI6W119LHsibmFtZSI6ImF1dGhvcml6YXRpb25fY29kZSIsImxhYmVsIjoiQXV0aG9yaXphdGlvbiBDb2RlIEdyYW50IiwicmVxdWlyZWQiOmZhbHNlLCJleGNsdWRlIjpbXSwiZGVwZW5kcyI6W119LHsibmFtZSI6InJlZnJlc2hfdG9rZW4iLCJsYWJlbCI6IlJlZnJlc2ggVG9rZW4iLCJyZXF1aXJlZCI6ZmFsc2UsImV4Y2x1ZGUiOltdLCJkZXBlbmRzIjpbImF1dGhvcml6YXRpb25fY29kZSIsInBhc3N3b3JkIl19XX19LCJpbnRlcmFjdGl2ZUxvZ2luIjp0cnVlLCJ0b2tlbiI6ImEyYzg0ODE1LThjYjgtNGE3Ni1iNmU0LTg4MGM3ZTc2MGNlYiIsImlhdCI6MTQ4NjU4Njc4OCwiYXVkIjoiaHR0cDovL2FwaS1wbGF0Zm9ybS1hcGkvcmVwb3NpdG9yeSIsImlzcyI6Imh0dHA6Ly9hcGktcGxhdGZvcm0tYXBpL3JlcG9zaXRvcnkifQ.YOsto-KJMgjQZxFXe6FFipYd8TIh4P1HIlJ5Tg6a9Ps
				Accept=*/*
				Content-Type=text/plain; charset=UTF-8
Cookies:		&lt;none&gt;
Body:			&lt;none&gt;
Request method:	DELETE
Request path:	https://qax.anypoint.mulesoft.com/apiplatform/repository/applications/43354
Proxy:			&lt;none&gt;
Request params:	&lt;none&gt;
Query params:	&lt;none&gt;
Form params:	&lt;none&gt;
Path params:	&lt;none&gt;
Multiparts:		&lt;none&gt;
Headers:		Authorization=Bearer eyJ0eXAiOiJKV1QiLCJhbGciOiJIUzI1NiJ9.eyJpZCI6IjUwMDAzN2NkLTJjZmQtNGRhNC1iZWQ3LTU3Mzg0ZGViMDYyYiIsImZpcnN0TmFtZSI6IkZlZGVyYXRlZCIsImxhc3ROYW1lIjoiRXh0ZXJuYWwiLCJlbWFpbCI6ImNocmlzdG9waGVyLm1vcmR1ZUBtdWxlc29mdC5jb20iLCJ1c2VybmFtZSI6ImZlZGVyYXRlZF9leHRlcm5hbCIsIm9yZ2FuaXphdGlvbiI6eyJpZCI6IjUwMDBkYjk1LWM1ZDQtNDg3Zi05MjVlLTNmODJmMTVhNTQ5OSIsIm5hbWUiOiJGZWRlcmF0ZWQgSW5jIEV4dGVybmFsIEF1dGhvcml6YXRpb24iLCJkb21haW4iOiJmZWRlcmF0ZWQtZXh0ZXJuYWwiLCJlbnRpdGxlbWVudHMiOnsiaHlicmlkIjp7ImVuYWJsZWQiOmZhbHNlfSwiY3JlYXRlU3ViT3JncyI6dHJ1ZSwidkNvcmVzUHJvZHVjdGlvbiI6eyJhc3NpZ25lZCI6MSwicmVhc3NpZ25lZCI6MH0sInZDb3Jlc1NhbmRib3giOnsiYXNzaWduZWQiOjEsInJlYXNzaWduZWQiOjB9LCJnbG9iYWxEZXBsb3ltZW50IjpmYWxzZSwid29ya2VyTG9nZ2luZ092ZXJyaWRlIjp7ImVuYWJsZWQiOmZhbHNlfSwiZ2F0ZXdheXMiOnsiYXNzaWduZWQiOjB9LCJjcmVhdGVFbnZpcm9ubWVudHMiOnRydWUsInBhcnRuZXJzUHJvZHVjdGlvbiI6eyJhc3NpZ25lZCI6MH0sInBhcnRuZXJzU2FuZGJveCI6eyJhc3NpZ25lZCI6MH0sImF1dG9zY2FsaW5nIjpmYWxzZSwic3RhdGljSXBzIjp7ImFzc2lnbmVkIjowLCJyZWFzc2lnbmVkIjowfSwiYXJtQWxlcnRzIjpmYWxzZSwiYXBpcyI6eyJlbmFibGVkIjp0cnVlfSwibXFNZXNzYWdlcyI6eyJiYXNlIjowLCJhZGRPbiI6MH0sIm1xUmVxdWVzdHMiOnsiYmFzZSI6MCwiYWRkT24iOjB9LCJleHRlcm5hbElkZW50aXR5Ijp0cnVlLCJtcUFkdmFuY2VkRmVhdHVyZXMiOnsiZW5hYmxlZCI6ZmFsc2V9LCJ2cGNzIjp7ImFzc2lnbmVkIjowLCJyZWFzc2lnbmVkIjowfSwiaHlicmlkSW5zaWdodCI6ZmFsc2UsImRlc2lnbkNlbnRlciI6eyJtb3phcnQiOmZhbHNlLCJhcGkiOmZhbHNlfSwib2JqZWN0U3RvcmVSZXF1ZXN0VW5pdHMiOnsiYmFzZSI6MTUwMDAwMDAsImFkZE9uIjowfSwib2JqZWN0U3RvcmVLZXlzIjp7ImJhc2UiOjEwMDAwMCwiYWRkT24iOjB9LCJjYW0iOnsiZW5hYmxlZCI6ZmFsc2V9LCJsb2FkQmFsYW5jZXIiOnsiYXNzaWduZWQiOjAsInJlYXNzaWduZWQiOjB9LCJtZXNzYWdpbmciOnsiYXNzaWduZWQiOjB9fSwiZXh0ZXJuYWxBdXRob3JpemF0aW9uIjp0cnVlLCJleHRlcm5hbEF1dGhvcml6YXRpb25Qcm92aWRlciI6eyJuYW1lIjoiUG9ydGFsIEFwcGxpY2F0aW9uIE1hbmFnZW1lbnQgU3lzdGVtIChQQU1TKSIsInVybCI6Imh0dHBzOi8vd3NneC10ZXN0LmNpc2NvLmNvbS9wYW1zL2x0L2NlcG1TZXJ2aWNlL3YxLjUvbWdyc3J2cyIsInZlcnNpb24iOiIxLjUifSwiaWRlbnRpdHlNYW5hZ2VtZW50Ijp7InR5cGUiOiJQaW5nRmVkZXJhdGUifSwib2F1dGgyU2V0dGluZ3MiOnsiYXV0aG9yaXphdGlvbkdyYW50cyI6WyJjb2RlIiwidG9rZW4iLCJvd25lciIsImNyZWRlbnRpYWxzIl0sImF1dGhvcml6YXRpb25VcmkiOiJodHRwczovL2Nsb3Vkc3NvLXRlc3QuY2lzY28uY29tL2FzL2F1dGhvcml6YXRpb24ub2F1dGgyIiwiYWNjZXNzVG9rZW5VcmkiOiJodHRwczovL2Nsb3Vkc3NvLXRlc3QuY2lzY28uY29tL2FzL3Rva2VuLm9hdXRoMiIsImdyYW50VHlwZXMiOlt7Im5hbWUiOiJwYXNzd29yZCIsImxhYmVsIjoiUmVzb3VyY2UgT3duZXIgR3JhbnQiLCJyZXF1aXJlZCI6ZmFsc2UsImV4Y2x1ZGUiOltdLCJkZXBlbmRzIjpbXX0seyJuYW1lIjoiaW1wbGljaXQiLCJsYWJlbCI6IkltcGxpY2l0IEdyYW50IiwicmVxdWlyZWQiOmZhbHNlLCJleGNsdWRlIjpbXSwiZGVwZW5kcyI6W119LHsibmFtZSI6ImNsaWVudF9jcmVkZW50aWFscyIsImxhYmVsIjoiQ2xpZW50IENyZWRlbnRpYWxzIEdyYW50IiwicmVxdWlyZWQiOmZhbHNlLCJleGNsdWRlIjpbXSwiZGVwZW5kcyI6W119LHsibmFtZSI6ImF1dGhvcml6YXRpb25fY29kZSIsImxhYmVsIjoiQXV0aG9yaXphdGlvbiBDb2RlIEdyYW50IiwicmVxdWlyZWQiOmZhbHNlLCJleGNsdWRlIjpbXSwiZGVwZW5kcyI6W119LHsibmFtZSI6InJlZnJlc2hfdG9rZW4iLCJsYWJlbCI6IlJlZnJlc2ggVG9rZW4iLCJyZXF1aXJlZCI6ZmFsc2UsImV4Y2x1ZGUiOltdLCJkZXBlbmRzIjpbImF1dGhvcml6YXRpb25fY29kZSIsInBhc3N3b3JkIl19XX19LCJpbnRlcmFjdGl2ZUxvZ2luIjp0cnVlLCJ0b2tlbiI6ImEyYzg0ODE1LThjYjgtNGE3Ni1iNmU0LTg4MGM3ZTc2MGNlYiIsImlhdCI6MTQ4NjU4Njc4OCwiYXVkIjoiaHR0cDovL2FwaS1wbGF0Zm9ybS1hcGkvcmVwb3NpdG9yeSIsImlzcyI6Imh0dHA6Ly9hcGktcGxhdGZvcm0tYXBpL3JlcG9zaXRvcnkifQ.YOsto-KJMgjQZxFXe6FFipYd8TIh4P1HIlJ5Tg6a9Ps
				Accept=*/*
				Content-Type=text/plain; charset=UTF-8
Cookies:		&lt;none&gt;
Body:			&lt;none&gt;
Request method:	DELETE
Request path:	https://qax.anypoint.mulesoft.com/apiplatform/repository/applications/43372
Proxy:			&lt;none&gt;
Request params:	&lt;none&gt;
Query params:	&lt;none&gt;
Form params:	&lt;none&gt;
Path params:	&lt;none&gt;
Multiparts:		&lt;none&gt;
Headers:		Authorization=Bearer eyJ0eXAiOiJKV1QiLCJhbGciOiJIUzI1NiJ9.eyJpZCI6IjUwMDAzN2NkLTJjZmQtNGRhNC1iZWQ3LTU3Mzg0ZGViMDYyYiIsImZpcnN0TmFtZSI6IkZlZGVyYXRlZCIsImxhc3ROYW1lIjoiRXh0ZXJuYWwiLCJlbWFpbCI6ImNocmlzdG9waGVyLm1vcmR1ZUBtdWxlc29mdC5jb20iLCJ1c2VybmFtZSI6ImZlZGVyYXRlZF9leHRlcm5hbCIsIm9yZ2FuaXphdGlvbiI6eyJpZCI6IjUwMDBkYjk1LWM1ZDQtNDg3Zi05MjVlLTNmODJmMTVhNTQ5OSIsIm5hbWUiOiJGZWRlcmF0ZWQgSW5jIEV4dGVybmFsIEF1dGhvcml6YXRpb24iLCJkb21haW4iOiJmZWRlcmF0ZWQtZXh0ZXJuYWwiLCJlbnRpdGxlbWVudHMiOnsiaHlicmlkIjp7ImVuYWJsZWQiOmZhbHNlfSwiY3JlYXRlU3ViT3JncyI6dHJ1ZSwidkNvcmVzUHJvZHVjdGlvbiI6eyJhc3NpZ25lZCI6MSwicmVhc3NpZ25lZCI6MH0sInZDb3Jlc1NhbmRib3giOnsiYXNzaWduZWQiOjEsInJlYXNzaWduZWQiOjB9LCJnbG9iYWxEZXBsb3ltZW50IjpmYWxzZSwid29ya2VyTG9nZ2luZ092ZXJyaWRlIjp7ImVuYWJsZWQiOmZhbHNlfSwiZ2F0ZXdheXMiOnsiYXNzaWduZWQiOjB9LCJjcmVhdGVFbnZpcm9ubWVudHMiOnRydWUsInBhcnRuZXJzUHJvZHVjdGlvbiI6eyJhc3NpZ25lZCI6MH0sInBhcnRuZXJzU2FuZGJveCI6eyJhc3NpZ25lZCI6MH0sImF1dG9zY2FsaW5nIjpmYWxzZSwic3RhdGljSXBzIjp7ImFzc2lnbmVkIjowLCJyZWFzc2lnbmVkIjowfSwiYXJtQWxlcnRzIjpmYWxzZSwiYXBpcyI6eyJlbmFibGVkIjp0cnVlfSwibXFNZXNzYWdlcyI6eyJiYXNlIjowLCJhZGRPbiI6MH0sIm1xUmVxdWVzdHMiOnsiYmFzZSI6MCwiYWRkT24iOjB9LCJleHRlcm5hbElkZW50aXR5Ijp0cnVlLCJtcUFkdmFuY2VkRmVhdHVyZXMiOnsiZW5hYmxlZCI6ZmFsc2V9LCJ2cGNzIjp7ImFzc2lnbmVkIjowLCJyZWFzc2lnbmVkIjowfSwiaHlicmlkSW5zaWdodCI6ZmFsc2UsImRlc2lnbkNlbnRlciI6eyJtb3phcnQiOmZhbHNlLCJhcGkiOmZhbHNlfSwib2JqZWN0U3RvcmVSZXF1ZXN0VW5pdHMiOnsiYmFzZSI6MTUwMDAwMDAsImFkZE9uIjowfSwib2JqZWN0U3RvcmVLZXlzIjp7ImJhc2UiOjEwMDAwMCwiYWRkT24iOjB9LCJjYW0iOnsiZW5hYmxlZCI6ZmFsc2V9LCJsb2FkQmFsYW5jZXIiOnsiYXNzaWduZWQiOjAsInJlYXNzaWduZWQiOjB9LCJtZXNzYWdpbmciOnsiYXNzaWduZWQiOjB9fSwiZXh0ZXJuYWxBdXRob3JpemF0aW9uIjp0cnVlLCJleHRlcm5hbEF1dGhvcml6YXRpb25Qcm92aWRlciI6eyJuYW1lIjoiUG9ydGFsIEFwcGxpY2F0aW9uIE1hbmFnZW1lbnQgU3lzdGVtIChQQU1TKSIsInVybCI6Imh0dHBzOi8vd3NneC10ZXN0LmNpc2NvLmNvbS9wYW1zL2x0L2NlcG1TZXJ2aWNlL3YxLjUvbWdyc3J2cyIsInZlcnNpb24iOiIxLjUifSwiaWRlbnRpdHlNYW5hZ2VtZW50Ijp7InR5cGUiOiJQaW5nRmVkZXJhdGUifSwib2F1dGgyU2V0dGluZ3MiOnsiYXV0aG9yaXphdGlvbkdyYW50cyI6WyJjb2RlIiwidG9rZW4iLCJvd25lciIsImNyZWRlbnRpYWxzIl0sImF1dGhvcml6YXRpb25VcmkiOiJodHRwczovL2Nsb3Vkc3NvLXRlc3QuY2lzY28uY29tL2FzL2F1dGhvcml6YXRpb24ub2F1dGgyIiwiYWNjZXNzVG9rZW5VcmkiOiJodHRwczovL2Nsb3Vkc3NvLXRlc3QuY2lzY28uY29tL2FzL3Rva2VuLm9hdXRoMiIsImdyYW50VHlwZXMiOlt7Im5hbWUiOiJwYXNzd29yZCIsImxhYmVsIjoiUmVzb3VyY2UgT3duZXIgR3JhbnQiLCJyZXF1aXJlZCI6ZmFsc2UsImV4Y2x1ZGUiOltdLCJkZXBlbmRzIjpbXX0seyJuYW1lIjoiaW1wbGljaXQiLCJsYWJlbCI6IkltcGxpY2l0IEdyYW50IiwicmVxdWlyZWQiOmZhbHNlLCJleGNsdWRlIjpbXSwiZGVwZW5kcyI6W119LHsibmFtZSI6ImNsaWVudF9jcmVkZW50aWFscyIsImxhYmVsIjoiQ2xpZW50IENyZWRlbnRpYWxzIEdyYW50IiwicmVxdWlyZWQiOmZhbHNlLCJleGNsdWRlIjpbXSwiZGVwZW5kcyI6W119LHsibmFtZSI6ImF1dGhvcml6YXRpb25fY29kZSIsImxhYmVsIjoiQXV0aG9yaXphdGlvbiBDb2RlIEdyYW50IiwicmVxdWlyZWQiOmZhbHNlLCJleGNsdWRlIjpbXSwiZGVwZW5kcyI6W119LHsibmFtZSI6InJlZnJlc2hfdG9rZW4iLCJsYWJlbCI6IlJlZnJlc2ggVG9rZW4iLCJyZXF1aXJlZCI6ZmFsc2UsImV4Y2x1ZGUiOltdLCJkZXBlbmRzIjpbImF1dGhvcml6YXRpb25fY29kZSIsInBhc3N3b3JkIl19XX19LCJpbnRlcmFjdGl2ZUxvZ2luIjp0cnVlLCJ0b2tlbiI6ImEyYzg0ODE1LThjYjgtNGE3Ni1iNmU0LTg4MGM3ZTc2MGNlYiIsImlhdCI6MTQ4NjU4Njc4OCwiYXVkIjoiaHR0cDovL2FwaS1wbGF0Zm9ybS1hcGkvcmVwb3NpdG9yeSIsImlzcyI6Imh0dHA6Ly9hcGktcGxhdGZvcm0tYXBpL3JlcG9zaXRvcnkifQ.YOsto-KJMgjQZxFXe6FFipYd8TIh4P1HIlJ5Tg6a9Ps
				Accept=*/*
				Content-Type=text/plain; charset=UTF-8
Cookies:		&lt;none&gt;
Body:			&lt;none&gt;
Request method:	DELETE
Request path:	https://qax.anypoint.mulesoft.com/apiplatform/repository/applications/43323
Proxy:			&lt;none&gt;
Request params:	&lt;none&gt;
Query params:	&lt;none&gt;
Form params:	&lt;none&gt;
Path params:	&lt;none&gt;
Multiparts:		&lt;none&gt;
Headers:		Authorization=Bearer eyJ0eXAiOiJKV1QiLCJhbGciOiJIUzI1NiJ9.eyJpZCI6IjUwMDAzN2NkLTJjZmQtNGRhNC1iZWQ3LTU3Mzg0ZGViMDYyYiIsImZpcnN0TmFtZSI6IkZlZGVyYXRlZCIsImxhc3ROYW1lIjoiRXh0ZXJuYWwiLCJlbWFpbCI6ImNocmlzdG9waGVyLm1vcmR1ZUBtdWxlc29mdC5jb20iLCJ1c2VybmFtZSI6ImZlZGVyYXRlZF9leHRlcm5hbCIsIm9yZ2FuaXphdGlvbiI6eyJpZCI6IjUwMDBkYjk1LWM1ZDQtNDg3Zi05MjVlLTNmODJmMTVhNTQ5OSIsIm5hbWUiOiJGZWRlcmF0ZWQgSW5jIEV4dGVybmFsIEF1dGhvcml6YXRpb24iLCJkb21haW4iOiJmZWRlcmF0ZWQtZXh0ZXJuYWwiLCJlbnRpdGxlbWVudHMiOnsiaHlicmlkIjp7ImVuYWJsZWQiOmZhbHNlfSwiY3JlYXRlU3ViT3JncyI6dHJ1ZSwidkNvcmVzUHJvZHVjdGlvbiI6eyJhc3NpZ25lZCI6MSwicmVhc3NpZ25lZCI6MH0sInZDb3Jlc1NhbmRib3giOnsiYXNzaWduZWQiOjEsInJlYXNzaWduZWQiOjB9LCJnbG9iYWxEZXBsb3ltZW50IjpmYWxzZSwid29ya2VyTG9nZ2luZ092ZXJyaWRlIjp7ImVuYWJsZWQiOmZhbHNlfSwiZ2F0ZXdheXMiOnsiYXNzaWduZWQiOjB9LCJjcmVhdGVFbnZpcm9ubWVudHMiOnRydWUsInBhcnRuZXJzUHJvZHVjdGlvbiI6eyJhc3NpZ25lZCI6MH0sInBhcnRuZXJzU2FuZGJveCI6eyJhc3NpZ25lZCI6MH0sImF1dG9zY2FsaW5nIjpmYWxzZSwic3RhdGljSXBzIjp7ImFzc2lnbmVkIjowLCJyZWFzc2lnbmVkIjowfSwiYXJtQWxlcnRzIjpmYWxzZSwiYXBpcyI6eyJlbmFibGVkIjp0cnVlfSwibXFNZXNzYWdlcyI6eyJiYXNlIjowLCJhZGRPbiI6MH0sIm1xUmVxdWVzdHMiOnsiYmFzZSI6MCwiYWRkT24iOjB9LCJleHRlcm5hbElkZW50aXR5Ijp0cnVlLCJtcUFkdmFuY2VkRmVhdHVyZXMiOnsiZW5hYmxlZCI6ZmFsc2V9LCJ2cGNzIjp7ImFzc2lnbmVkIjowLCJyZWFzc2lnbmVkIjowfSwiaHlicmlkSW5zaWdodCI6ZmFsc2UsImRlc2lnbkNlbnRlciI6eyJtb3phcnQiOmZhbHNlLCJhcGkiOmZhbHNlfSwib2JqZWN0U3RvcmVSZXF1ZXN0VW5pdHMiOnsiYmFzZSI6MTUwMDAwMDAsImFkZE9uIjowfSwib2JqZWN0U3RvcmVLZXlzIjp7ImJhc2UiOjEwMDAwMCwiYWRkT24iOjB9LCJjYW0iOnsiZW5hYmxlZCI6ZmFsc2V9LCJsb2FkQmFsYW5jZXIiOnsiYXNzaWduZWQiOjAsInJlYXNzaWduZWQiOjB9LCJtZXNzYWdpbmciOnsiYXNzaWduZWQiOjB9fSwiZXh0ZXJuYWxBdXRob3JpemF0aW9uIjp0cnVlLCJleHRlcm5hbEF1dGhvcml6YXRpb25Qcm92aWRlciI6eyJuYW1lIjoiUG9ydGFsIEFwcGxpY2F0aW9uIE1hbmFnZW1lbnQgU3lzdGVtIChQQU1TKSIsInVybCI6Imh0dHBzOi8vd3NneC10ZXN0LmNpc2NvLmNvbS9wYW1zL2x0L2NlcG1TZXJ2aWNlL3YxLjUvbWdyc3J2cyIsInZlcnNpb24iOiIxLjUifSwiaWRlbnRpdHlNYW5hZ2VtZW50Ijp7InR5cGUiOiJQaW5nRmVkZXJhdGUifSwib2F1dGgyU2V0dGluZ3MiOnsiYXV0aG9yaXphdGlvbkdyYW50cyI6WyJjb2RlIiwidG9rZW4iLCJvd25lciIsImNyZWRlbnRpYWxzIl0sImF1dGhvcml6YXRpb25VcmkiOiJodHRwczovL2Nsb3Vkc3NvLXRlc3QuY2lzY28uY29tL2FzL2F1dGhvcml6YXRpb24ub2F1dGgyIiwiYWNjZXNzVG9rZW5VcmkiOiJodHRwczovL2Nsb3Vkc3NvLXRlc3QuY2lzY28uY29tL2FzL3Rva2VuLm9hdXRoMiIsImdyYW50VHlwZXMiOlt7Im5hbWUiOiJwYXNzd29yZCIsImxhYmVsIjoiUmVzb3VyY2UgT3duZXIgR3JhbnQiLCJyZXF1aXJlZCI6ZmFsc2UsImV4Y2x1ZGUiOltdLCJkZXBlbmRzIjpbXX0seyJuYW1lIjoiaW1wbGljaXQiLCJsYWJlbCI6IkltcGxpY2l0IEdyYW50IiwicmVxdWlyZWQiOmZhbHNlLCJleGNsdWRlIjpbXSwiZGVwZW5kcyI6W119LHsibmFtZSI6ImNsaWVudF9jcmVkZW50aWFscyIsImxhYmVsIjoiQ2xpZW50IENyZWRlbnRpYWxzIEdyYW50IiwicmVxdWlyZWQiOmZhbHNlLCJleGNsdWRlIjpbXSwiZGVwZW5kcyI6W119LHsibmFtZSI6ImF1dGhvcml6YXRpb25fY29kZSIsImxhYmVsIjoiQXV0aG9yaXphdGlvbiBDb2RlIEdyYW50IiwicmVxdWlyZWQiOmZhbHNlLCJleGNsdWRlIjpbXSwiZGVwZW5kcyI6W119LHsibmFtZSI6InJlZnJlc2hfdG9rZW4iLCJsYWJlbCI6IlJlZnJlc2ggVG9rZW4iLCJyZXF1aXJlZCI6ZmFsc2UsImV4Y2x1ZGUiOltdLCJkZXBlbmRzIjpbImF1dGhvcml6YXRpb25fY29kZSIsInBhc3N3b3JkIl19XX19LCJpbnRlcmFjdGl2ZUxvZ2luIjp0cnVlLCJ0b2tlbiI6ImEyYzg0ODE1LThjYjgtNGE3Ni1iNmU0LTg4MGM3ZTc2MGNlYiIsImlhdCI6MTQ4NjU4Njc4OCwiYXVkIjoiaHR0cDovL2FwaS1wbGF0Zm9ybS1hcGkvcmVwb3NpdG9yeSIsImlzcyI6Imh0dHA6Ly9hcGktcGxhdGZvcm0tYXBpL3JlcG9zaXRvcnkifQ.YOsto-KJMgjQZxFXe6FFipYd8TIh4P1HIlJ5Tg6a9Ps
				Accept=*/*
				Content-Type=text/plain; charset=UTF-8
Cookies:		&lt;none&gt;
Body:			&lt;none&gt;
2017-02-08 17:50:49,496 INFO   Message - Call endpoint until http://54.83.54.127:8887/api meets expected condition (HTTP code: &apos;200&apos;)..
Request method:	GET
Request path:	http://54.83.54.127:8887/api
Proxy:			&lt;none&gt;
Request params:	&lt;none&gt;
Query params:	&lt;none&gt;
Form params:	&lt;none&gt;
Path params:	&lt;none&gt;
Multiparts:		&lt;none&gt;
Headers:		Accept=*/*
Cookies:		&lt;none&gt;
Body:			&lt;none&gt;
2017-02-08 17:50:49,831 WARN   RequestSpecificationImpl$RestAssuredHttpBuilder - Could not parse content-type: Response does not have a content-type header
2017-02-08 17:50:49,832 INFO   Message - 
HTTP Response: 
Headers: Transfer-Encoding: chunked
Date: Wed, 08 Feb 2017 20:50:49 GMT
Status code: 200
Payload: &quot;123456789012345678901234567890123456789012345678901234567890123456789012345678901234567890123456789012345678901234567890123456789012345678901234567890123456789012345678901234567890123456789012345678901234567890123456789012345678901234567890123456789012345678901234567890123456789012345678901234567890123456789012345678901234567890123456789012345678901234567890123456789012345678901234567890123456789012345678901234567890123456789012345678901234567890123456789012345678901234567890123456789012345678901234567890123456789012345678901234567890123456789012345678901234567890123456789012345678901234567890123456789012345678901234567890123456789012345678901234567890123456789012345678901234567890123456789012345678901234567890123456789012345678901234567890123456789012345678901234567890123456789012345678901234567890123456789012345678901234567890123456789012345678901234567890123456789012345678901234567890123456789012345678901234567890123456789012345678901234567890123456789012345678901234567890123456789012345678901234567890123456789012345678901234567890123456789012345678901234567890123456789012345678901234567890123456789012345678901234567890123456789012345678901234567890123456789012345678901234567890&quot;
----------
2017-02-08 17:50:49,832 INFO   Message - http://54.83.54.127:8887/api
 endpoint meets expected condition.
Request method:	POST
Request path:	https://qax.anypoint.mulesoft.com/apiplatform/repository/v2/organizations/5000db95-c5d4-487f-925e-3f82f15a5499/apis/2053/versions/2161/policies
Proxy:			&lt;none&gt;
Request params:	&lt;none&gt;
Query params:	&lt;none&gt;
Form params:	&lt;none&gt;
Path params:	&lt;none&gt;
Multiparts:		&lt;none&gt;
Headers:		Authorization=Bearer eyJ0eXAiOiJKV1QiLCJhbGciOiJIUzI1NiJ9.eyJpZCI6IjUwMDAzN2NkLTJjZmQtNGRhNC1iZWQ3LTU3Mzg0ZGViMDYyYiIsImZpcnN0TmFtZSI6IkZlZGVyYXRlZCIsImxhc3ROYW1lIjoiRXh0ZXJuYWwiLCJlbWFpbCI6ImNocmlzdG9waGVyLm1vcmR1ZUBtdWxlc29mdC5jb20iLCJ1c2VybmFtZSI6ImZlZGVyYXRlZF9leHRlcm5hbCIsIm9yZ2FuaXphdGlvbiI6eyJpZCI6IjUwMDBkYjk1LWM1ZDQtNDg3Zi05MjVlLTNmODJmMTVhNTQ5OSIsIm5hbWUiOiJGZWRlcmF0ZWQgSW5jIEV4dGVybmFsIEF1dGhvcml6YXRpb24iLCJkb21haW4iOiJmZWRlcmF0ZWQtZXh0ZXJuYWwiLCJlbnRpdGxlbWVudHMiOnsiaHlicmlkIjp7ImVuYWJsZWQiOmZhbHNlfSwiY3JlYXRlU3ViT3JncyI6dHJ1ZSwidkNvcmVzUHJvZHVjdGlvbiI6eyJhc3NpZ25lZCI6MSwicmVhc3NpZ25lZCI6MH0sInZDb3Jlc1NhbmRib3giOnsiYXNzaWduZWQiOjEsInJlYXNzaWduZWQiOjB9LCJnbG9iYWxEZXBsb3ltZW50IjpmYWxzZSwid29ya2VyTG9nZ2luZ092ZXJyaWRlIjp7ImVuYWJsZWQiOmZhbHNlfSwiZ2F0ZXdheXMiOnsiYXNzaWduZWQiOjB9LCJjcmVhdGVFbnZpcm9ubWVudHMiOnRydWUsInBhcnRuZXJzUHJvZHVjdGlvbiI6eyJhc3NpZ25lZCI6MH0sInBhcnRuZXJzU2FuZGJveCI6eyJhc3NpZ25lZCI6MH0sImF1dG9zY2FsaW5nIjpmYWxzZSwic3RhdGljSXBzIjp7ImFzc2lnbmVkIjowLCJyZWFzc2lnbmVkIjowfSwiYXJtQWxlcnRzIjpmYWxzZSwiYXBpcyI6eyJlbmFibGVkIjp0cnVlfSwibXFNZXNzYWdlcyI6eyJiYXNlIjowLCJhZGRPbiI6MH0sIm1xUmVxdWVzdHMiOnsiYmFzZSI6MCwiYWRkT24iOjB9LCJleHRlcm5hbElkZW50aXR5Ijp0cnVlLCJtcUFkdmFuY2VkRmVhdHVyZXMiOnsiZW5hYmxlZCI6ZmFsc2V9LCJ2cGNzIjp7ImFzc2lnbmVkIjowLCJyZWFzc2lnbmVkIjowfSwiaHlicmlkSW5zaWdodCI6ZmFsc2UsImRlc2lnbkNlbnRlciI6eyJtb3phcnQiOmZhbHNlLCJhcGkiOmZhbHNlfSwib2JqZWN0U3RvcmVSZXF1ZXN0VW5pdHMiOnsiYmFzZSI6MTUwMDAwMDAsImFkZE9uIjowfSwib2JqZWN0U3RvcmVLZXlzIjp7ImJhc2UiOjEwMDAwMCwiYWRkT24iOjB9LCJjYW0iOnsiZW5hYmxlZCI6ZmFsc2V9LCJsb2FkQmFsYW5jZXIiOnsiYXNzaWduZWQiOjAsInJlYXNzaWduZWQiOjB9LCJtZXNzYWdpbmciOnsiYXNzaWduZWQiOjB9fSwiZXh0ZXJuYWxBdXRob3JpemF0aW9uIjp0cnVlLCJleHRlcm5hbEF1dGhvcml6YXRpb25Qcm92aWRlciI6eyJuYW1lIjoiUG9ydGFsIEFwcGxpY2F0aW9uIE1hbmFnZW1lbnQgU3lzdGVtIChQQU1TKSIsInVybCI6Imh0dHBzOi8vd3NneC10ZXN0LmNpc2NvLmNvbS9wYW1zL2x0L2NlcG1TZXJ2aWNlL3YxLjUvbWdyc3J2cyIsInZlcnNpb24iOiIxLjUifSwiaWRlbnRpdHlNYW5hZ2VtZW50Ijp7InR5cGUiOiJQaW5nRmVkZXJhdGUifSwib2F1dGgyU2V0dGluZ3MiOnsiYXV0aG9yaXphdGlvbkdyYW50cyI6WyJjb2RlIiwidG9rZW4iLCJvd25lciIsImNyZWRlbnRpYWxzIl0sImF1dGhvcml6YXRpb25VcmkiOiJodHRwczovL2Nsb3Vkc3NvLXRlc3QuY2lzY28uY29tL2FzL2F1dGhvcml6YXRpb24ub2F1dGgyIiwiYWNjZXNzVG9rZW5VcmkiOiJodHRwczovL2Nsb3Vkc3NvLXRlc3QuY2lzY28uY29tL2FzL3Rva2VuLm9hdXRoMiIsImdyYW50VHlwZXMiOlt7Im5hbWUiOiJwYXNzd29yZCIsImxhYmVsIjoiUmVzb3VyY2UgT3duZXIgR3JhbnQiLCJyZXF1aXJlZCI6ZmFsc2UsImV4Y2x1ZGUiOltdLCJkZXBlbmRzIjpbXX0seyJuYW1lIjoiaW1wbGljaXQiLCJsYWJlbCI6IkltcGxpY2l0IEdyYW50IiwicmVxdWlyZWQiOmZhbHNlLCJleGNsdWRlIjpbXSwiZGVwZW5kcyI6W119LHsibmFtZSI6ImNsaWVudF9jcmVkZW50aWFscyIsImxhYmVsIjoiQ2xpZW50IENyZWRlbnRpYWxzIEdyYW50IiwicmVxdWlyZWQiOmZhbHNlLCJleGNsdWRlIjpbXSwiZGVwZW5kcyI6W119LHsibmFtZSI6ImF1dGhvcml6YXRpb25fY29kZSIsImxhYmVsIjoiQXV0aG9yaXphdGlvbiBDb2RlIEdyYW50IiwicmVxdWlyZWQiOmZhbHNlLCJleGNsdWRlIjpbXSwiZGVwZW5kcyI6W119LHsibmFtZSI6InJlZnJlc2hfdG9rZW4iLCJsYWJlbCI6IlJlZnJlc2ggVG9rZW4iLCJyZXF1aXJlZCI6ZmFsc2UsImV4Y2x1ZGUiOltdLCJkZXBlbmRzIjpbImF1dGhvcml6YXRpb25fY29kZSIsInBhc3N3b3JkIl19XX19LCJpbnRlcmFjdGl2ZUxvZ2luIjp0cnVlLCJ0b2tlbiI6ImEyYzg0ODE1LThjYjgtNGE3Ni1iNmU0LTg4MGM3ZTc2MGNlYiIsImlhdCI6MTQ4NjU4Njc4OCwiYXVkIjoiaHR0cDovL2FwaS1wbGF0Zm9ybS1hcGkvcmVwb3NpdG9yeSIsImlzcyI6Imh0dHA6Ly9hcGktcGxhdGZvcm0tYXBpL3JlcG9zaXRvcnkifQ.YOsto-KJMgjQZxFXe6FFipYd8TIh4P1HIlJ5Tg6a9Ps
				Accept=*/*
				Content-Type=application/json; charset=UTF-8
Cookies:		&lt;none&gt;
Body:
{
    &quot;apiVersionId&quot;: 2161,
    &quot;policyTemplateId&quot;: &quot;client-id-enforcement&quot;,
    &quot;policyVersion&quot;: &quot;v9&quot;,
    &quot;configurationData&quot;: {
        &quot;credentialsOrigin&quot;: &quot;httpBasicAuthenticationHeader&quot;,
        &quot;clientIdExpression&quot;: &quot;#[authorization = message.inboundProperties[&apos;authorization&apos;]; if (authorization == null) return &apos;&apos;; base64token = authorization.substring(6); token = new String(org.apache.commons.codec.binary.Base64.decodeBase64(base64token.getBytes())); delim = token.indexOf(&apos;:&apos;); clientId = delim &amp;lt; 0 ? &apos;&apos; : token.substring(0, delim); return clientId ]&quot;,
        &quot;clientSecretExpression&quot;: &quot;#[authorization = message.inboundProperties[&apos;authorization&apos;]; if (authorization == null) return &apos;&apos;; base64token = authorization.substring(6); token = new String(org.apache.commons.codec.binary.Base64.decodeBase64(base64token.getBytes())); delim = token.indexOf(&apos;:&apos;); clientSecret = delim &amp;lt; 0 ? &apos;&apos; : token.substring(delim+1); return clientSecret ]&quot;
    }
}
2017-02-08 17:50:50,811 INFO   Message - 
HTTP Response: 
Headers: Access-Control-Allow-Origin: *
Content-Type: application/json; charset=utf-8
Date: Wed, 08 Feb 2017 20:50:50 GMT
ETag: W/&quot;456-fSqPeiOAQ04sk5kkOQKKAg&quot;
Expires: -1
Server: nginx
Content-Length: 1110
Connection: keep-alive
Status code: 201
Payload: {
  &quot;apiVersionId&quot;: 2161,
  &quot;policyTemplateId&quot;: &quot;client-id-enforcement&quot;,
  &quot;policyVersion&quot;: &quot;v9&quot;,
  &quot;configurationData&quot;: {
    &quot;credentialsOrigin&quot;: &quot;httpBasicAuthenticationHeader&quot;,
    &quot;clientIdExpression&quot;: &quot;#[authorization \u003d message.inboundProperties[\u0027authorization\u0027]; if (authorization \u003d\u003d null) return \u0027\u0027; base64token \u003d authorization.substring(6); token \u003d new String(org.apache.commons.codec.binary.Base64.decodeBase64(base64token.getBytes())); delim \u003d token.indexOf(\u0027:\u0027); clientId \u003d delim \u0026lt; 0 ? \u0027\u0027 : token.substring(0, delim); return clientId ]&quot;,
    &quot;clientSecretExpression&quot;: &quot;#[authorization \u003d message.inboundProperties[\u0027authorization\u0027]; if (authorization \u003d\u003d null) return \u0027\u0027; base64token \u003d authorization.substring(6); token \u003d new String(org.apache.commons.codec.binary.Base64.decodeBase64(base64token.getBytes())); delim \u003d token.indexOf(\u0027:\u0027); clientSecret \u003d delim \u0026lt; 0 ? \u0027\u0027 : token.substring(delim+1); return clientSecret ]&quot;
  },
  &quot;order&quot;: 1,
  &quot;audit&quot;: {
    &quot;created&quot;: {
      &quot;date&quot;: &quot;2017-02-08T20:50:50.677Z&quot;
    },
    &quot;updated&quot;: {}
  },
  &quot;masterOrganizationId&quot;: &quot;5000db95-c5d4-487f-925e-3f82f15a5499&quot;,
  &quot;organizationId&quot;: &quot;5000db95-c5d4-487f-925e-3f82f15a5499&quot;,
  &quot;id&quot;: 54781
}
----------
Request method:	POST
Request path:	https://qax.anypoint.mulesoft.com/apiplatform/repository/v2/organizations/5000db95-c5d4-487f-925e-3f82f15a5499/applications
Proxy:			&lt;none&gt;
Request params:	&lt;none&gt;
Query params:	&lt;none&gt;
Form params:	&lt;none&gt;
Path params:	&lt;none&gt;
Multiparts:		&lt;none&gt;
Headers:		Authorization=Bearer eyJ0eXAiOiJKV1QiLCJhbGciOiJIUzI1NiJ9.eyJpZCI6IjUwMDAzN2NkLTJjZmQtNGRhNC1iZWQ3LTU3Mzg0ZGViMDYyYiIsImZpcnN0TmFtZSI6IkZlZGVyYXRlZCIsImxhc3ROYW1lIjoiRXh0ZXJuYWwiLCJlbWFpbCI6ImNocmlzdG9waGVyLm1vcmR1ZUBtdWxlc29mdC5jb20iLCJ1c2VybmFtZSI6ImZlZGVyYXRlZF9leHRlcm5hbCIsIm9yZ2FuaXphdGlvbiI6eyJpZCI6IjUwMDBkYjk1LWM1ZDQtNDg3Zi05MjVlLTNmODJmMTVhNTQ5OSIsIm5hbWUiOiJGZWRlcmF0ZWQgSW5jIEV4dGVybmFsIEF1dGhvcml6YXRpb24iLCJkb21haW4iOiJmZWRlcmF0ZWQtZXh0ZXJuYWwiLCJlbnRpdGxlbWVudHMiOnsiaHlicmlkIjp7ImVuYWJsZWQiOmZhbHNlfSwiY3JlYXRlU3ViT3JncyI6dHJ1ZSwidkNvcmVzUHJvZHVjdGlvbiI6eyJhc3NpZ25lZCI6MSwicmVhc3NpZ25lZCI6MH0sInZDb3Jlc1NhbmRib3giOnsiYXNzaWduZWQiOjEsInJlYXNzaWduZWQiOjB9LCJnbG9iYWxEZXBsb3ltZW50IjpmYWxzZSwid29ya2VyTG9nZ2luZ092ZXJyaWRlIjp7ImVuYWJsZWQiOmZhbHNlfSwiZ2F0ZXdheXMiOnsiYXNzaWduZWQiOjB9LCJjcmVhdGVFbnZpcm9ubWVudHMiOnRydWUsInBhcnRuZXJzUHJvZHVjdGlvbiI6eyJhc3NpZ25lZCI6MH0sInBhcnRuZXJzU2FuZGJveCI6eyJhc3NpZ25lZCI6MH0sImF1dG9zY2FsaW5nIjpmYWxzZSwic3RhdGljSXBzIjp7ImFzc2lnbmVkIjowLCJyZWFzc2lnbmVkIjowfSwiYXJtQWxlcnRzIjpmYWxzZSwiYXBpcyI6eyJlbmFibGVkIjp0cnVlfSwibXFNZXNzYWdlcyI6eyJiYXNlIjowLCJhZGRPbiI6MH0sIm1xUmVxdWVzdHMiOnsiYmFzZSI6MCwiYWRkT24iOjB9LCJleHRlcm5hbElkZW50aXR5Ijp0cnVlLCJtcUFkdmFuY2VkRmVhdHVyZXMiOnsiZW5hYmxlZCI6ZmFsc2V9LCJ2cGNzIjp7ImFzc2lnbmVkIjowLCJyZWFzc2lnbmVkIjowfSwiaHlicmlkSW5zaWdodCI6ZmFsc2UsImRlc2lnbkNlbnRlciI6eyJtb3phcnQiOmZhbHNlLCJhcGkiOmZhbHNlfSwib2JqZWN0U3RvcmVSZXF1ZXN0VW5pdHMiOnsiYmFzZSI6MTUwMDAwMDAsImFkZE9uIjowfSwib2JqZWN0U3RvcmVLZXlzIjp7ImJhc2UiOjEwMDAwMCwiYWRkT24iOjB9LCJjYW0iOnsiZW5hYmxlZCI6ZmFsc2V9LCJsb2FkQmFsYW5jZXIiOnsiYXNzaWduZWQiOjAsInJlYXNzaWduZWQiOjB9LCJtZXNzYWdpbmciOnsiYXNzaWduZWQiOjB9fSwiZXh0ZXJuYWxBdXRob3JpemF0aW9uIjp0cnVlLCJleHRlcm5hbEF1dGhvcml6YXRpb25Qcm92aWRlciI6eyJuYW1lIjoiUG9ydGFsIEFwcGxpY2F0aW9uIE1hbmFnZW1lbnQgU3lzdGVtIChQQU1TKSIsInVybCI6Imh0dHBzOi8vd3NneC10ZXN0LmNpc2NvLmNvbS9wYW1zL2x0L2NlcG1TZXJ2aWNlL3YxLjUvbWdyc3J2cyIsInZlcnNpb24iOiIxLjUifSwiaWRlbnRpdHlNYW5hZ2VtZW50Ijp7InR5cGUiOiJQaW5nRmVkZXJhdGUifSwib2F1dGgyU2V0dGluZ3MiOnsiYXV0aG9yaXphdGlvbkdyYW50cyI6WyJjb2RlIiwidG9rZW4iLCJvd25lciIsImNyZWRlbnRpYWxzIl0sImF1dGhvcml6YXRpb25VcmkiOiJodHRwczovL2Nsb3Vkc3NvLXRlc3QuY2lzY28uY29tL2FzL2F1dGhvcml6YXRpb24ub2F1dGgyIiwiYWNjZXNzVG9rZW5VcmkiOiJodHRwczovL2Nsb3Vkc3NvLXRlc3QuY2lzY28uY29tL2FzL3Rva2VuLm9hdXRoMiIsImdyYW50VHlwZXMiOlt7Im5hbWUiOiJwYXNzd29yZCIsImxhYmVsIjoiUmVzb3VyY2UgT3duZXIgR3JhbnQiLCJyZXF1aXJlZCI6ZmFsc2UsImV4Y2x1ZGUiOltdLCJkZXBlbmRzIjpbXX0seyJuYW1lIjoiaW1wbGljaXQiLCJsYWJlbCI6IkltcGxpY2l0IEdyYW50IiwicmVxdWlyZWQiOmZhbHNlLCJleGNsdWRlIjpbXSwiZGVwZW5kcyI6W119LHsibmFtZSI6ImNsaWVudF9jcmVkZW50aWFscyIsImxhYmVsIjoiQ2xpZW50IENyZWRlbnRpYWxzIEdyYW50IiwicmVxdWlyZWQiOmZhbHNlLCJleGNsdWRlIjpbXSwiZGVwZW5kcyI6W119LHsibmFtZSI6ImF1dGhvcml6YXRpb25fY29kZSIsImxhYmVsIjoiQXV0aG9yaXphdGlvbiBDb2RlIEdyYW50IiwicmVxdWlyZWQiOmZhbHNlLCJleGNsdWRlIjpbXSwiZGVwZW5kcyI6W119LHsibmFtZSI6InJlZnJlc2hfdG9rZW4iLCJsYWJlbCI6IlJlZnJlc2ggVG9rZW4iLCJyZXF1aXJlZCI6ZmFsc2UsImV4Y2x1ZGUiOltdLCJkZXBlbmRzIjpbImF1dGhvcml6YXRpb25fY29kZSIsInBhc3N3b3JkIl19XX19LCJpbnRlcmFjdGl2ZUxvZ2luIjp0cnVlLCJ0b2tlbiI6ImEyYzg0ODE1LThjYjgtNGE3Ni1iNmU0LTg4MGM3ZTc2MGNlYiIsImlhdCI6MTQ4NjU4Njc4OCwiYXVkIjoiaHR0cDovL2FwaS1wbGF0Zm9ybS1hcGkvcmVwb3NpdG9yeSIsImlzcyI6Imh0dHA6Ly9hcGktcGxhdGZvcm0tYXBpL3JlcG9zaXRvcnkifQ.YOsto-KJMgjQZxFXe6FFipYd8TIh4P1HIlJ5Tg6a9Ps
				Accept=*/*
				Content-Type=application/json; charset=UTF-8
Cookies:		&lt;none&gt;
Body:
{
    &quot;name&quot;: &quot;pTest ClientID AppPerf qmwvfvw&quot;,
    &quot;apiEndpoints&quot;: false,
    &quot;description&quot;: &quot;Application description&quot;,
    &quot;url&quot;: &quot;http://localhost:1234&quot;,
    &quot;redirectUri&quot;: [
        &quot;http://0.0.0.0:8081/gateway/oauth/redirect&quot;,
        &quot;http://0.0.0.0:8081/gateway/oauth/redirect/fake1&quot;,
        &quot;http://0.0.0.0:8081/gateway/oauth/redirect/fake2&quot;
    ],
    &quot;grantTypes&quot;: [
        &quot;authorization_code&quot;,
        &quot;implicit&quot;,
        &quot;password&quot;
    ]
}
2017-02-08 17:50:52,041 INFO   Message - 
HTTP Response: 
Headers: Access-Control-Allow-Origin: *
Content-Type: application/json; charset=utf-8
Date: Wed, 08 Feb 2017 20:50:51 GMT
ETag: W/&quot;283-NFIHFkTgIW9GBIMx6Xk75A&quot;
Expires: -1
Server: nginx
Content-Length: 643
Connection: keep-alive
Status code: 201
Payload: {
  &quot;name&quot;: &quot;pTest ClientID AppPerf qmwvfvw&quot;,
  &quot;apiEndpoints&quot;: false,
  &quot;description&quot;: &quot;Application description&quot;,
  &quot;url&quot;: &quot;http://localhost:1234&quot;,
  &quot;redirectUri&quot;: [
    &quot;http://0.0.0.0:8081/gateway/oauth/redirect&quot;,
    &quot;http://0.0.0.0:8081/gateway/oauth/redirect/fake1&quot;,
    &quot;http://0.0.0.0:8081/gateway/oauth/redirect/fake2&quot;
  ],
  &quot;grantTypes&quot;: [
    &quot;authorization_code&quot;,
    &quot;implicit&quot;,
    &quot;password&quot;
  ],
  &quot;coreServicesId&quot;: &quot;fa2095bc79d74c48b0f3881ae142aac6&quot;,
  &quot;clientId&quot;: &quot;fa2095bc79d74c48b0f3881ae142aac6&quot;,
  &quot;clientSecret&quot;: &quot;e7Bbe519dd48418982d8Bb99A3BC963F&quot;,
  &quot;audit&quot;: {
    &quot;created&quot;: {
      &quot;date&quot;: &quot;2017-02-08T20:50:51.657Z&quot;
    },
    &quot;updated&quot;: {}
  },
  &quot;masterOrganizationId&quot;: &quot;5000db95-c5d4-487f-925e-3f82f15a5499&quot;,
  &quot;id&quot;: 43402
}
----------
Request method:	GET
Request path:	https://qax.anypoint.mulesoft.com/apiplatform/repository/v2/organizations/5000db95-c5d4-487f-925e-3f82f15a5499/
Proxy:			&lt;none&gt;
Request params:	&lt;none&gt;
Query params:	&lt;none&gt;
Form params:	&lt;none&gt;
Path params:	&lt;none&gt;
Multiparts:		&lt;none&gt;
Headers:		Authorization=Bearer eyJ0eXAiOiJKV1QiLCJhbGciOiJIUzI1NiJ9.eyJpZCI6IjUwMDAzN2NkLTJjZmQtNGRhNC1iZWQ3LTU3Mzg0ZGViMDYyYiIsImZpcnN0TmFtZSI6IkZlZGVyYXRlZCIsImxhc3ROYW1lIjoiRXh0ZXJuYWwiLCJlbWFpbCI6ImNocmlzdG9waGVyLm1vcmR1ZUBtdWxlc29mdC5jb20iLCJ1c2VybmFtZSI6ImZlZGVyYXRlZF9leHRlcm5hbCIsIm9yZ2FuaXphdGlvbiI6eyJpZCI6IjUwMDBkYjk1LWM1ZDQtNDg3Zi05MjVlLTNmODJmMTVhNTQ5OSIsIm5hbWUiOiJGZWRlcmF0ZWQgSW5jIEV4dGVybmFsIEF1dGhvcml6YXRpb24iLCJkb21haW4iOiJmZWRlcmF0ZWQtZXh0ZXJuYWwiLCJlbnRpdGxlbWVudHMiOnsiaHlicmlkIjp7ImVuYWJsZWQiOmZhbHNlfSwiY3JlYXRlU3ViT3JncyI6dHJ1ZSwidkNvcmVzUHJvZHVjdGlvbiI6eyJhc3NpZ25lZCI6MSwicmVhc3NpZ25lZCI6MH0sInZDb3Jlc1NhbmRib3giOnsiYXNzaWduZWQiOjEsInJlYXNzaWduZWQiOjB9LCJnbG9iYWxEZXBsb3ltZW50IjpmYWxzZSwid29ya2VyTG9nZ2luZ092ZXJyaWRlIjp7ImVuYWJsZWQiOmZhbHNlfSwiZ2F0ZXdheXMiOnsiYXNzaWduZWQiOjB9LCJjcmVhdGVFbnZpcm9ubWVudHMiOnRydWUsInBhcnRuZXJzUHJvZHVjdGlvbiI6eyJhc3NpZ25lZCI6MH0sInBhcnRuZXJzU2FuZGJveCI6eyJhc3NpZ25lZCI6MH0sImF1dG9zY2FsaW5nIjpmYWxzZSwic3RhdGljSXBzIjp7ImFzc2lnbmVkIjowLCJyZWFzc2lnbmVkIjowfSwiYXJtQWxlcnRzIjpmYWxzZSwiYXBpcyI6eyJlbmFibGVkIjp0cnVlfSwibXFNZXNzYWdlcyI6eyJiYXNlIjowLCJhZGRPbiI6MH0sIm1xUmVxdWVzdHMiOnsiYmFzZSI6MCwiYWRkT24iOjB9LCJleHRlcm5hbElkZW50aXR5Ijp0cnVlLCJtcUFkdmFuY2VkRmVhdHVyZXMiOnsiZW5hYmxlZCI6ZmFsc2V9LCJ2cGNzIjp7ImFzc2lnbmVkIjowLCJyZWFzc2lnbmVkIjowfSwiaHlicmlkSW5zaWdodCI6ZmFsc2UsImRlc2lnbkNlbnRlciI6eyJtb3phcnQiOmZhbHNlLCJhcGkiOmZhbHNlfSwib2JqZWN0U3RvcmVSZXF1ZXN0VW5pdHMiOnsiYmFzZSI6MTUwMDAwMDAsImFkZE9uIjowfSwib2JqZWN0U3RvcmVLZXlzIjp7ImJhc2UiOjEwMDAwMCwiYWRkT24iOjB9LCJjYW0iOnsiZW5hYmxlZCI6ZmFsc2V9LCJsb2FkQmFsYW5jZXIiOnsiYXNzaWduZWQiOjAsInJlYXNzaWduZWQiOjB9LCJtZXNzYWdpbmciOnsiYXNzaWduZWQiOjB9fSwiZXh0ZXJuYWxBdXRob3JpemF0aW9uIjp0cnVlLCJleHRlcm5hbEF1dGhvcml6YXRpb25Qcm92aWRlciI6eyJuYW1lIjoiUG9ydGFsIEFwcGxpY2F0aW9uIE1hbmFnZW1lbnQgU3lzdGVtIChQQU1TKSIsInVybCI6Imh0dHBzOi8vd3NneC10ZXN0LmNpc2NvLmNvbS9wYW1zL2x0L2NlcG1TZXJ2aWNlL3YxLjUvbWdyc3J2cyIsInZlcnNpb24iOiIxLjUifSwiaWRlbnRpdHlNYW5hZ2VtZW50Ijp7InR5cGUiOiJQaW5nRmVkZXJhdGUifSwib2F1dGgyU2V0dGluZ3MiOnsiYXV0aG9yaXphdGlvbkdyYW50cyI6WyJjb2RlIiwidG9rZW4iLCJvd25lciIsImNyZWRlbnRpYWxzIl0sImF1dGhvcml6YXRpb25VcmkiOiJodHRwczovL2Nsb3Vkc3NvLXRlc3QuY2lzY28uY29tL2FzL2F1dGhvcml6YXRpb24ub2F1dGgyIiwiYWNjZXNzVG9rZW5VcmkiOiJodHRwczovL2Nsb3Vkc3NvLXRlc3QuY2lzY28uY29tL2FzL3Rva2VuLm9hdXRoMiIsImdyYW50VHlwZXMiOlt7Im5hbWUiOiJwYXNzd29yZCIsImxhYmVsIjoiUmVzb3VyY2UgT3duZXIgR3JhbnQiLCJyZXF1aXJlZCI6ZmFsc2UsImV4Y2x1ZGUiOltdLCJkZXBlbmRzIjpbXX0seyJuYW1lIjoiaW1wbGljaXQiLCJsYWJlbCI6IkltcGxpY2l0IEdyYW50IiwicmVxdWlyZWQiOmZhbHNlLCJleGNsdWRlIjpbXSwiZGVwZW5kcyI6W119LHsibmFtZSI6ImNsaWVudF9jcmVkZW50aWFscyIsImxhYmVsIjoiQ2xpZW50IENyZWRlbnRpYWxzIEdyYW50IiwicmVxdWlyZWQiOmZhbHNlLCJleGNsdWRlIjpbXSwiZGVwZW5kcyI6W119LHsibmFtZSI6ImF1dGhvcml6YXRpb25fY29kZSIsImxhYmVsIjoiQXV0aG9yaXphdGlvbiBDb2RlIEdyYW50IiwicmVxdWlyZWQiOmZhbHNlLCJleGNsdWRlIjpbXSwiZGVwZW5kcyI6W119LHsibmFtZSI6InJlZnJlc2hfdG9rZW4iLCJsYWJlbCI6IlJlZnJlc2ggVG9rZW4iLCJyZXF1aXJlZCI6ZmFsc2UsImV4Y2x1ZGUiOltdLCJkZXBlbmRzIjpbImF1dGhvcml6YXRpb25fY29kZSIsInBhc3N3b3JkIl19XX19LCJpbnRlcmFjdGl2ZUxvZ2luIjp0cnVlLCJ0b2tlbiI6ImEyYzg0ODE1LThjYjgtNGE3Ni1iNmU0LTg4MGM3ZTc2MGNlYiIsImlhdCI6MTQ4NjU4Njc4OCwiYXVkIjoiaHR0cDovL2FwaS1wbGF0Zm9ybS1hcGkvcmVwb3NpdG9yeSIsImlzcyI6Imh0dHA6Ly9hcGktcGxhdGZvcm0tYXBpL3JlcG9zaXRvcnkifQ.YOsto-KJMgjQZxFXe6FFipYd8TIh4P1HIlJ5Tg6a9Ps
				Accept=*/*
				Content-Type=application/json; charset=UTF-8
Cookies:		&lt;none&gt;
Body:			&lt;none&gt;
2017-02-08 17:50:53,037 INFO   Message - 
HTTP Response: 
Headers: Access-Control-Allow-Origin: *
Content-Type: application/json; charset=utf-8
Date: Wed, 08 Feb 2017 20:50:52 GMT
ETag: W/&quot;9f-F+s7PfZgno8x7oOR2WiYog&quot;
Expires: -1
Server: nginx
Content-Length: 159
Connection: keep-alive
Status code: 200
Payload: {
  &quot;audit&quot;: {
    &quot;created&quot;: {
      &quot;date&quot;: &quot;2014-09-11T21:06:54.917Z&quot;
    },
    &quot;updated&quot;: {}
  },
  &quot;id&quot;: &quot;5000db95-c5d4-487f-925e-3f82f15a5499&quot;,
  &quot;theme&quot;: {}
}
----------
Request method:	POST
Request path:	https://qax.anypoint.mulesoft.com/apiplatform/repository/v2/organizations/5000db95-c5d4-487f-925e-3f82f15a5499/applications/43402/contracts
Proxy:			&lt;none&gt;
Request params:	&lt;none&gt;
Query params:	&lt;none&gt;
Form params:	&lt;none&gt;
Path params:	&lt;none&gt;
Multiparts:		&lt;none&gt;
Headers:		Authorization=Bearer eyJ0eXAiOiJKV1QiLCJhbGciOiJIUzI1NiJ9.eyJpZCI6IjUwMDAzN2NkLTJjZmQtNGRhNC1iZWQ3LTU3Mzg0ZGViMDYyYiIsImZpcnN0TmFtZSI6IkZlZGVyYXRlZCIsImxhc3ROYW1lIjoiRXh0ZXJuYWwiLCJlbWFpbCI6ImNocmlzdG9waGVyLm1vcmR1ZUBtdWxlc29mdC5jb20iLCJ1c2VybmFtZSI6ImZlZGVyYXRlZF9leHRlcm5hbCIsIm9yZ2FuaXphdGlvbiI6eyJpZCI6IjUwMDBkYjk1LWM1ZDQtNDg3Zi05MjVlLTNmODJmMTVhNTQ5OSIsIm5hbWUiOiJGZWRlcmF0ZWQgSW5jIEV4dGVybmFsIEF1dGhvcml6YXRpb24iLCJkb21haW4iOiJmZWRlcmF0ZWQtZXh0ZXJuYWwiLCJlbnRpdGxlbWVudHMiOnsiaHlicmlkIjp7ImVuYWJsZWQiOmZhbHNlfSwiY3JlYXRlU3ViT3JncyI6dHJ1ZSwidkNvcmVzUHJvZHVjdGlvbiI6eyJhc3NpZ25lZCI6MSwicmVhc3NpZ25lZCI6MH0sInZDb3Jlc1NhbmRib3giOnsiYXNzaWduZWQiOjEsInJlYXNzaWduZWQiOjB9LCJnbG9iYWxEZXBsb3ltZW50IjpmYWxzZSwid29ya2VyTG9nZ2luZ092ZXJyaWRlIjp7ImVuYWJsZWQiOmZhbHNlfSwiZ2F0ZXdheXMiOnsiYXNzaWduZWQiOjB9LCJjcmVhdGVFbnZpcm9ubWVudHMiOnRydWUsInBhcnRuZXJzUHJvZHVjdGlvbiI6eyJhc3NpZ25lZCI6MH0sInBhcnRuZXJzU2FuZGJveCI6eyJhc3NpZ25lZCI6MH0sImF1dG9zY2FsaW5nIjpmYWxzZSwic3RhdGljSXBzIjp7ImFzc2lnbmVkIjowLCJyZWFzc2lnbmVkIjowfSwiYXJtQWxlcnRzIjpmYWxzZSwiYXBpcyI6eyJlbmFibGVkIjp0cnVlfSwibXFNZXNzYWdlcyI6eyJiYXNlIjowLCJhZGRPbiI6MH0sIm1xUmVxdWVzdHMiOnsiYmFzZSI6MCwiYWRkT24iOjB9LCJleHRlcm5hbElkZW50aXR5Ijp0cnVlLCJtcUFkdmFuY2VkRmVhdHVyZXMiOnsiZW5hYmxlZCI6ZmFsc2V9LCJ2cGNzIjp7ImFzc2lnbmVkIjowLCJyZWFzc2lnbmVkIjowfSwiaHlicmlkSW5zaWdodCI6ZmFsc2UsImRlc2lnbkNlbnRlciI6eyJtb3phcnQiOmZhbHNlLCJhcGkiOmZhbHNlfSwib2JqZWN0U3RvcmVSZXF1ZXN0VW5pdHMiOnsiYmFzZSI6MTUwMDAwMDAsImFkZE9uIjowfSwib2JqZWN0U3RvcmVLZXlzIjp7ImJhc2UiOjEwMDAwMCwiYWRkT24iOjB9LCJjYW0iOnsiZW5hYmxlZCI6ZmFsc2V9LCJsb2FkQmFsYW5jZXIiOnsiYXNzaWduZWQiOjAsInJlYXNzaWduZWQiOjB9LCJtZXNzYWdpbmciOnsiYXNzaWduZWQiOjB9fSwiZXh0ZXJuYWxBdXRob3JpemF0aW9uIjp0cnVlLCJleHRlcm5hbEF1dGhvcml6YXRpb25Qcm92aWRlciI6eyJuYW1lIjoiUG9ydGFsIEFwcGxpY2F0aW9uIE1hbmFnZW1lbnQgU3lzdGVtIChQQU1TKSIsInVybCI6Imh0dHBzOi8vd3NneC10ZXN0LmNpc2NvLmNvbS9wYW1zL2x0L2NlcG1TZXJ2aWNlL3YxLjUvbWdyc3J2cyIsInZlcnNpb24iOiIxLjUifSwiaWRlbnRpdHlNYW5hZ2VtZW50Ijp7InR5cGUiOiJQaW5nRmVkZXJhdGUifSwib2F1dGgyU2V0dGluZ3MiOnsiYXV0aG9yaXphdGlvbkdyYW50cyI6WyJjb2RlIiwidG9rZW4iLCJvd25lciIsImNyZWRlbnRpYWxzIl0sImF1dGhvcml6YXRpb25VcmkiOiJodHRwczovL2Nsb3Vkc3NvLXRlc3QuY2lzY28uY29tL2FzL2F1dGhvcml6YXRpb24ub2F1dGgyIiwiYWNjZXNzVG9rZW5VcmkiOiJodHRwczovL2Nsb3Vkc3NvLXRlc3QuY2lzY28uY29tL2FzL3Rva2VuLm9hdXRoMiIsImdyYW50VHlwZXMiOlt7Im5hbWUiOiJwYXNzd29yZCIsImxhYmVsIjoiUmVzb3VyY2UgT3duZXIgR3JhbnQiLCJyZXF1aXJlZCI6ZmFsc2UsImV4Y2x1ZGUiOltdLCJkZXBlbmRzIjpbXX0seyJuYW1lIjoiaW1wbGljaXQiLCJsYWJlbCI6IkltcGxpY2l0IEdyYW50IiwicmVxdWlyZWQiOmZhbHNlLCJleGNsdWRlIjpbXSwiZGVwZW5kcyI6W119LHsibmFtZSI6ImNsaWVudF9jcmVkZW50aWFscyIsImxhYmVsIjoiQ2xpZW50IENyZWRlbnRpYWxzIEdyYW50IiwicmVxdWlyZWQiOmZhbHNlLCJleGNsdWRlIjpbXSwiZGVwZW5kcyI6W119LHsibmFtZSI6ImF1dGhvcml6YXRpb25fY29kZSIsImxhYmVsIjoiQXV0aG9yaXphdGlvbiBDb2RlIEdyYW50IiwicmVxdWlyZWQiOmZhbHNlLCJleGNsdWRlIjpbXSwiZGVwZW5kcyI6W119LHsibmFtZSI6InJlZnJlc2hfdG9rZW4iLCJsYWJlbCI6IlJlZnJlc2ggVG9rZW4iLCJyZXF1aXJlZCI6ZmFsc2UsImV4Y2x1ZGUiOltdLCJkZXBlbmRzIjpbImF1dGhvcml6YXRpb25fY29kZSIsInBhc3N3b3JkIl19XX19LCJpbnRlcmFjdGl2ZUxvZ2luIjp0cnVlLCJ0b2tlbiI6ImEyYzg0ODE1LThjYjgtNGE3Ni1iNmU0LTg4MGM3ZTc2MGNlYiIsImlhdCI6MTQ4NjU4Njc4OCwiYXVkIjoiaHR0cDovL2FwaS1wbGF0Zm9ybS1hcGkvcmVwb3NpdG9yeSIsImlzcyI6Imh0dHA6Ly9hcGktcGxhdGZvcm0tYXBpL3JlcG9zaXRvcnkifQ.YOsto-KJMgjQZxFXe6FFipYd8TIh4P1HIlJ5Tg6a9Ps
				Accept=*/*
				Content-Type=application/json; charset=UTF-8
Cookies:		&lt;none&gt;
Body:
{
    &quot;apiVersionId&quot;: 2161,
    &quot;applicationId&quot;: 43402,
    &quot;partyId&quot;: &quot;&quot;,
    &quot;partyName&quot;: &quot;&quot;,
    &quot;termsText&quot;: &quot;&quot;,
    &quot;acceptedTerms&quot;: false
}
2017-02-08 17:50:54,248 INFO   Message - 
HTTP Response: 
Headers: Access-Control-Allow-Origin: *
Content-Type: application/json; charset=utf-8
Date: Wed, 08 Feb 2017 20:50:54 GMT
ETag: W/&quot;1edc-SsuEZSMFEMAX3fkvVOTHwA&quot;
Expires: -1
Server: nginx
Content-Length: 7900
Connection: keep-alive
Status code: 201
Payload: {
  &quot;audit&quot;: {
    &quot;created&quot;: {
      &quot;date&quot;: &quot;2017-02-08T20:50:53.898Z&quot;
    },
    &quot;updated&quot;: {}
  },
  &quot;masterOrganizationId&quot;: &quot;5000db95-c5d4-487f-925e-3f82f15a5499&quot;,
  &quot;organizationId&quot;: &quot;5000db95-c5d4-487f-925e-3f82f15a5499&quot;,
  &quot;id&quot;: 30286,
  &quot;status&quot;: &quot;APPROVED&quot;,
  &quot;approvedDate&quot;: &quot;2017-02-08T20:50:53.949Z&quot;,
  &quot;applicationId&quot;: 43402,
  &quot;application&quot;: {
    &quot;audit&quot;: {
      &quot;created&quot;: {
        &quot;date&quot;: &quot;2017-02-08T20:50:51.657Z&quot;
      },
      &quot;updated&quot;: {}
    },
    &quot;masterOrganizationId&quot;: &quot;5000db95-c5d4-487f-925e-3f82f15a5499&quot;,
    &quot;id&quot;: 43402,
    &quot;name&quot;: &quot;pTest ClientID AppPerf qmwvfvw&quot;,
    &quot;description&quot;: &quot;Application description&quot;,
    &quot;coreServicesId&quot;: &quot;fa2095bc79d74c48b0f3881ae142aac6&quot;,
    &quot;url&quot;: &quot;http://localhost:1234&quot;,
    &quot;grantTypes&quot;: [
      &quot;authorization_code&quot;,
      &quot;implicit&quot;,
      &quot;password&quot;
    ],
    &quot;redirectUri&quot;: [
      &quot;http://0.0.0.0:8081/gateway/oauth/redirect&quot;,
      &quot;http://0.0.0.0:8081/gateway/oauth/redirect/fake1&quot;,
      &quot;http://0.0.0.0:8081/gateway/oauth/redirect/fake2&quot;
    ],
    &quot;clientId&quot;: &quot;fa2095bc79d74c48b0f3881ae142aac6&quot;,
    &quot;clientSecret&quot;: &quot;e7Bbe519dd48418982d8Bb99A3BC963F&quot;,
    &quot;owner&quot;: &quot;Federated External&quot;,
    &quot;email&quot;: &quot;christopher.mordue@mulesoft.com&quot;,
    &quot;owners&quot;: [
      {
        &quot;id&quot;: &quot;500037cd-2cfd-4da4-bed7-57384deb062b&quot;,
        &quot;createdAt&quot;: &quot;2014-09-11T16:27:42.675Z&quot;,
        &quot;updatedAt&quot;: &quot;2017-02-08T20:46:24.636Z&quot;,
        &quot;firstName&quot;: &quot;Federated&quot;,
        &quot;lastName&quot;: &quot;External&quot;,
        &quot;email&quot;: &quot;christopher.mordue@mulesoft.com&quot;,
        &quot;idprovider_id&quot;: &quot;mulesoft&quot;,
        &quot;username&quot;: &quot;federated_external&quot;,
        &quot;enabled&quot;: true,
        &quot;deleted&quot;: false,
        &quot;organizationPreferences&quot;: {
          &quot;5000db95-c5d4-487f-925e-3f82f15a5499&quot;: {
            &quot;defaultEnvironment&quot;: &quot;54451bd7e4b0e62fe3de1409&quot;
          }
        },
        &quot;organization&quot;: {
          &quot;name&quot;: &quot;Federated Inc External Authorization&quot;,
          &quot;id&quot;: &quot;5000db95-c5d4-487f-925e-3f82f15a5499&quot;,
          &quot;createdAt&quot;: &quot;2014-09-11T16:28:03.224Z&quot;,
          &quot;updatedAt&quot;: &quot;2014-10-23T16:02:03.018Z&quot;,
          &quot;ownerId&quot;: &quot;500037cd-2cfd-4da4-bed7-57384deb062b&quot;,
          &quot;clientId&quot;: &quot;b4b63a68c82b49788cd78586a15df1d3&quot;,
          &quot;domain&quot;: &quot;federated-external&quot;,
          &quot;idprovider_id&quot;: &quot;cloudsso-test.cisco.com:qa.anypoint.mulesoft.com&quot;,
          &quot;isFederated&quot;: true,
          &quot;parentOrganizationIds&quot;: [],
          &quot;subOrganizationIds&quot;: [
            &quot;4807315c-a3a4-4367-8f39-9e1e32396ba9&quot;
          ],
          &quot;tenantOrganizationIds&quot;: [],
          &quot;isMaster&quot;: true,
          &quot;subscription&quot;: {
            &quot;type&quot;: &quot;Free&quot;,
            &quot;expiration&quot;: &quot;2014-11-19T14:27:35.546Z&quot;
          },
          &quot;properties&quot;: {
            &quot;authorization&quot;: {
              &quot;external_authorization_provider&quot;: {
                &quot;name&quot;: &quot;Portal Application Management System (PAMS)&quot;,
                &quot;url&quot;: &quot;https://wsgx-test.cisco.com/pams/lt/cepmService/v1.5/mgrsrvs&quot;,
                &quot;username&quot;: &quot;apmi-dev.gen&quot;,
                &quot;password&quot;: &quot;fZ0RhiwZlPJw16ef&quot;,
                &quot;version&quot;: &quot;1.5&quot;
              }
            },
            &quot;identity_management&quot;: {
              &quot;saml&quot;: {
                &quot;name&quot;: &quot;SAML 2.0&quot;,
                &quot;issuer&quot;: &quot;cloudsso-test.cisco.com&quot;,
                &quot;public_key&quot;: &quot;MIIF2TCCBMGgAwIBAgIQdz8pwiKPlppjQNXowXusBzANBgkqhkiG9w0BAQUFADCBtTELMAkGA1UEBhMCVVMxFzAVBgNVBAoTDlZlcmlTaWduLCBJbmMuMR8wHQYDVQQLExZWZXJpU2lnbiBUcnVzdCBOZXR3b3JrMTswOQYDVQQLEzJUZXJtcyBvZiB1c2UgYXQgaHR0cHM6Ly93d3cudmVyaXNpZ24uY29tL3JwYSAoYykxMDEvMC0GA1UEAxMmVmVyaVNpZ24gQ2xhc3MgMyBTZWN1cmUgU2VydmVyIENBIC0gRzMwHhcNMTExMTA5MDAwMDAwWhcNMTUxMTA5MjM1OTU5WjBuMQswCQYDVQQGEwJVUzETMBEGA1UECBMKQ2FsaWZvcm5pYTEQMA4GA1UEBxQHTmV3YnVyeTEWMBQGA1UEChQNQ2lzY28gU3lzdGVtczEgMB4GA1UEAxQXY2xvdWRzc28tdGVzdC5jaXNjby5jb20wggEiMA0GCSqGSIb3DQEBAQUAA4IBDwAwggEKAoIBAQColhbsNaN4jTAzkCZl63JEh1I1zWbtt2nmzgz/I41Ysn9AEer69/cHdL4pEEIATxBWCYv2O/XoAsF4rgjD5RA0s22k5GHvIH8FYXu6+T2LyEFJCteohgpkQAnp47JLQtGdnx/1veCLLtcx4RTxz9ixvPBmad3GMPSKzP/Ti/8l3aXWkQJT2Zbz4zRdUCZ9lKILmx4qHEaU5K5GA/n08IU0Tawn3M9UoZ7k0c5KD05ocwevXeYO0LOTHvdAsBVP+w1k3mVpTTMl+VkNBjYL04v88+4UPShUMfGe+PTe3Sofq5XcZ5XcU1lBqKxZT/Ess5cK7oZXfr+BNYRJY+TyvaY1AgMBAAGjggIpMIICJTBWBgNVHREETzBNghdjbG91ZHNzby10ZXN0LmNpc2NvLmNvbYIYY2xvdWRzc28tdGVzdDEuY2lzY28uY29tghhjbG91ZHNzby10ZXN0Mi5jaXNjby5jb20wCQYDVR0TBAIwADALBgNVHQ8EBAMCBaAwRQYDVR0fBD4wPDA6oDigNoY0aHR0cDovL1NWUlNlY3VyZS1HMy1jcmwudmVyaXNpZ24uY29tL1NWUlNlY3VyZUczLmNybDBEBgNVHSAEPTA7MDkGC2CGSAGG+EUBBxcDMCowKAYIKwYBBQUHAgEWHGh0dHBzOi8vd3d3LnZlcmlzaWduLmNvbS9ycGEwHQYDVR0lBBYwFAYIKwYBBQUHAwEGCCsGAQUFBwMCMB8GA1UdIwQYMBaAFA1EXBZTRMGCfh0gqyX0AWPYvnmlMHYGCCsGAQUFBwEBBGowaDAkBggrBgEFBQcwAYYYaHR0cDovL29jc3AudmVyaXNpZ24uY29tMEAGCCsGAQUFBzAChjRodHRwOi8vU1ZSU2VjdXJlLUczLWFpYS52ZXJpc2lnbi5jb20vU1ZSU2VjdXJlRzMuY2VyMG4GCCsGAQUFBwEMBGIwYKFeoFwwWjBYMFYWCWltYWdlL2dpZjAhMB8wBwYFKw4DAhoEFEtruSiWBgy70FI4mymsSweLIQUYMCYWJGh0dHA6Ly9sb2dvLnZlcmlzaWduLmNvbS92c2xvZ28xLmdpZjANBgkqhkiG9w0BAQUFAAOCAQEAeekDPQ2V0He6KFnALwsTQHlXljZ9IjAIF+AT7vBOWWJjMKdT6SzQoiG7lu4GGLCzyj8qjYIqQWr/xTdpbvI4X+XI+yJB3MGGbsJuXjq1HvJ/z1+gRgsDo3FLdDsltpkxvYnEFV2I3F8w73Pu+qfDT8kVc3OeKS7q2zPSxFPOmKdx9azEqi3ejPmxOs5j7W9kck/9vEf9m/eK6SjEsgO4dS+6rcthDbyqFlro2pYkJSeCBJv3kane5OQv3Md9qpx01VThy//HSJ2slP3K0nOL1brljaCgdnuJrT4pZccgpGL1Tnao3f7iPu0ogz1stGs3WHsmjNCPrQlQwgUleGZcfg\u003d\u003d&quot;,
                &quot;audience&quot;: &quot;qa.anypoint.mulesoft.com&quot;,
                &quot;bypass_expiration&quot;: false
              },
              &quot;service_provider&quot;: {
                &quot;name&quot;: &quot;Identity Federation Service Provider&quot;,
                &quot;url&quot;: &quot;https://cloudsso-test.cisco.com/idp/startSSO.ping?PartnerSpId\u003dqa.anypoint.mulesoft.com\u0026ACSIdx\u003d1&quot;,
                &quot;urls&quot;: {
                  &quot;sign_on&quot;: &quot;https://cloudsso-test.cisco.com/idp/startSSO.ping?PartnerSpId\u003dqa.anypoint.mulesoft.com\u0026ACSIdx\u003d1&quot;
                }
              },
              &quot;authorization_provider&quot;: {
                &quot;name&quot;: &quot;Authorization Provider&quot;,
                &quot;url&quot;: &quot;https://cloudsso-test.cisco.com/as/authorization.oauth2&quot;
              },
              &quot;type&quot;: {
                &quot;name&quot;: &quot;ping&quot;,
                &quot;description&quot;: &quot;PingFederate&quot;
              }
            },
            &quot;cs_auth&quot;: {
              &quot;session_timeout&quot;: 900000
            },
            &quot;client_management&quot;: {
              &quot;oauth2_authorization_provider&quot;: {
                &quot;name&quot;: &quot;OAuth 2.0 Authorization Provider&quot;,
                &quot;url&quot;: &quot;https://cloudsso-test.cisco.com/as/authorization.oauth2&quot;,
                &quot;urls&quot;: {
                  &quot;authorize&quot;: &quot;https://cloudsso-test.cisco.com/as/authorization.oauth2&quot;
                }
              },
              &quot;oauth2_token_provider&quot;: {
                &quot;name&quot;: &quot;OAuth 2.0 Token Provider&quot;,
                &quot;url&quot;: &quot;https://cloudsso-test.cisco.com/as/token.oauth2&quot;,
                &quot;urls&quot;: {
                  &quot;create&quot;: &quot;https://cloudsso-test.cisco.com/as/token.oauth2&quot;
                }
              },
              &quot;oauth2_client_provider&quot;: {
                &quot;name&quot;: &quot;OAuth 2.0 Client Provider&quot;,
                &quot;url&quot;: &quot;https://cloudsso-test.cisco.com/oauth/clients&quot;,
                &quot;urls&quot;: {
                  &quot;create&quot;: &quot;https://cloudsso-test.cisco.com/oauth/clients&quot;,
                  &quot;delete&quot;: &quot;https://cloudsso-test.cisco.com/oauth/clients/{{client_id}}&quot;
                },
                &quot;bypass_approval_page&quot;: false,
                &quot;username&quot;: &quot;apmi-dev.gen&quot;,
                &quot;password&quot;: &quot;fZ0RhiwZlPJw16ef&quot;,
                &quot;grant_types&quot;: [
                  {
                    &quot;name&quot;: &quot;password&quot;,
                    &quot;label&quot;: &quot;Resource Owner Grant&quot;,
                    &quot;required&quot;: false,
                    &quot;exclude&quot;: [],
                    &quot;depends&quot;: []
                  },
                  {
                    &quot;name&quot;: &quot;implicit&quot;,
                    &quot;label&quot;: &quot;Implicit Grant&quot;,
                    &quot;required&quot;: false,
                    &quot;exclude&quot;: [],
                    &quot;depends&quot;: []
                  },
                  {
                    &quot;name&quot;: &quot;client_credentials&quot;,
                    &quot;label&quot;: &quot;Client Credentials Grant&quot;,
                    &quot;required&quot;: false,
                    &quot;exclude&quot;: [],
                    &quot;depends&quot;: []
                  },
                  {
                    &quot;name&quot;: &quot;authorization_code&quot;,
                    &quot;label&quot;: &quot;Authorization Code Grant&quot;,
                    &quot;required&quot;: false,
                    &quot;exclude&quot;: [],
                    &quot;depends&quot;: []
                  },
                  {
                    &quot;name&quot;: &quot;refresh_token&quot;,
                    &quot;label&quot;: &quot;Refresh Token&quot;,
                    &quot;required&quot;: false,
                    &quot;exclude&quot;: [],
                    &quot;depends&quot;: [
                      &quot;authorization_code&quot;,
                      &quot;password&quot;
                    ]
                  }
                ]
              },
              &quot;oauth2_token_validation_provider&quot;: {
                &quot;name&quot;: &quot;OAuth 2.0 Token Validation Provider&quot;,
                &quot;url&quot;: &quot;https://cloudsso-test.cisco.com/as/token.oauth2&quot;,
                &quot;urls&quot;: {
                  &quot;validate&quot;: &quot;https://cloudsso-test.cisco.com/as/token.oauth2&quot;
                },
                &quot;client_id&quot;: &quot;e68beb249fa5420c9bd7cf384dd73234&quot;,
                &quot;client_secret&quot;: &quot;63e7b84d56964b51A142186E27C87C65&quot;,
                &quot;token_mapping&quot;: {
                  &quot;user&quot;: &quot;access_token&quot;,
                  &quot;username&quot;: &quot;uid&quot;
                }
              },
              &quot;type&quot;: {
                &quot;name&quot;: &quot;ping&quot;,
                &quot;description&quot;: &quot;PingFederate&quot;
              }
            }
          },
          &quot;entitlements&quot;: {
            &quot;hybrid&quot;: {
              &quot;enabled&quot;: false
            },
            &quot;createSubOrgs&quot;: true,
            &quot;vCoresProduction&quot;: {
              &quot;assigned&quot;: 1,
              &quot;reassigned&quot;: 0
            },
            &quot;vCoresSandbox&quot;: {
              &quot;assigned&quot;: 1,
              &quot;reassigned&quot;: 0
            },
            &quot;globalDeployment&quot;: false,
            &quot;workerLoggingOverride&quot;: {
              &quot;enabled&quot;: false
            },
            &quot;gateways&quot;: {
              &quot;assigned&quot;: 0
            },
            &quot;createEnvironments&quot;: true,
            &quot;partnersProduction&quot;: {
              &quot;assigned&quot;: 0
            },
            &quot;partnersSandbox&quot;: {
              &quot;assigned&quot;: 0
            },
            &quot;autoscaling&quot;: false,
            &quot;staticIps&quot;: {
              &quot;assigned&quot;: 0,
              &quot;reassigned&quot;: 0
            },
            &quot;armAlerts&quot;: false,
            &quot;apis&quot;: {
              &quot;enabled&quot;: true
            },
            &quot;mqMessages&quot;: {
              &quot;base&quot;: 0,
              &quot;addOn&quot;: 0
            },
            &quot;mqRequests&quot;: {
              &quot;base&quot;: 0,
              &quot;addOn&quot;: 0
            },
            &quot;externalIdentity&quot;: true,
            &quot;mqAdvancedFeatures&quot;: {
              &quot;enabled&quot;: false
            },
            &quot;vpcs&quot;: {
              &quot;assigned&quot;: 0,
              &quot;reassigned&quot;: 0
            },
            &quot;hybridInsight&quot;: false,
            &quot;designCenter&quot;: {
              &quot;mozart&quot;: false,
              &quot;api&quot;: false
            },
            &quot;objectStoreRequestUnits&quot;: {
              &quot;base&quot;: 15000000,
              &quot;addOn&quot;: 0
            },
            &quot;objectStoreKeys&quot;: {
              &quot;base&quot;: 100000,
              &quot;addOn&quot;: 0
            },
            &quot;cam&quot;: {
              &quot;enabled&quot;: false
            },
            &quot;loadBalancer&quot;: {
              &quot;assigned&quot;: 0,
              &quot;reassigned&quot;: 0
            },
            &quot;messaging&quot;: {
              &quot;assigned&quot;: 0
            }
          }
        },
        &quot;properties&quot;: {
          &quot;cs_auth&quot;: {
            &quot;activeOrganizationId&quot;: &quot;5000db95-c5d4-487f-925e-3f82f15a5499&quot;
          }
        }
      }
    ]
  },
  &quot;apiVersionId&quot;: 2161,
  &quot;apiVersion&quot;: {
    &quot;audit&quot;: {
      &quot;created&quot;: {},
      &quot;updated&quot;: {}
    },
    &quot;id&quot;: 2161,
    &quot;apiId&quot;: 2053
  },
  &quot;partyId&quot;: &quot;&quot;,
  &quot;partyName&quot;: &quot;&quot;
}
----------
2017-02-08 17:50:54,259 INFO   Message - Call endpoint until restricted (HTTP code != 200). Endpoint: http://54.83.54.127:8887/api
Request method:	GET
Request path:	http://54.83.54.127:8887/api
Proxy:			&lt;none&gt;
Request params:	&lt;none&gt;
Query params:	&lt;none&gt;
Form params:	&lt;none&gt;
Path params:	&lt;none&gt;
Multiparts:		&lt;none&gt;
Headers:		Accept=*/*
Cookies:		&lt;none&gt;
Body:			&lt;none&gt;
2017-02-08 17:50:54,594 WARN   RequestSpecificationImpl$RestAssuredHttpBuilder - Could not parse content-type: Response does not have a content-type header
2017-02-08 17:50:54,595 INFO   Message - 
HTTP Response: 
Headers: Transfer-Encoding: chunked
Date: Wed, 08 Feb 2017 20:50:54 GMT
Status code: 200
Payload: &quot;123456789012345678901234567890123456789012345678901234567890123456789012345678901234567890123456789012345678901234567890123456789012345678901234567890123456789012345678901234567890123456789012345678901234567890123456789012345678901234567890123456789012345678901234567890123456789012345678901234567890123456789012345678901234567890123456789012345678901234567890123456789012345678901234567890123456789012345678901234567890123456789012345678901234567890123456789012345678901234567890123456789012345678901234567890123456789012345678901234567890123456789012345678901234567890123456789012345678901234567890123456789012345678901234567890123456789012345678901234567890123456789012345678901234567890123456789012345678901234567890123456789012345678901234567890123456789012345678901234567890123456789012345678901234567890123456789012345678901234567890123456789012345678901234567890123456789012345678901234567890123456789012345678901234567890123456789012345678901234567890123456789012345678901234567890123456789012345678901234567890123456789012345678901234567890123456789012345678901234567890123456789012345678901234567890123456789012345678901234567890123456789012345678901234567890123456789012345678901234567890&quot;
----------
2017-02-08 17:50:54,595 WARN   Message - Endpoint: http://54.83.54.127:8887/api is not restricted yet..
Request method:	GET
Request path:	http://54.83.54.127:8887/api
Proxy:			&lt;none&gt;
Request params:	&lt;none&gt;
Query params:	&lt;none&gt;
Form params:	&lt;none&gt;
Path params:	&lt;none&gt;
Multiparts:		&lt;none&gt;
Headers:		Accept=*/*
Cookies:		&lt;none&gt;
Body:			&lt;none&gt;
2017-02-08 17:51:04,921 WARN   RequestSpecificationImpl$RestAssuredHttpBuilder - Could not parse content-type: Response does not have a content-type header
2017-02-08 17:51:04,922 INFO   Message - 
HTTP Response: 
Headers: Transfer-Encoding: chunked
Date: Wed, 08 Feb 2017 20:51:04 GMT
Status code: 200
Payload: &quot;123456789012345678901234567890123456789012345678901234567890123456789012345678901234567890123456789012345678901234567890123456789012345678901234567890123456789012345678901234567890123456789012345678901234567890123456789012345678901234567890123456789012345678901234567890123456789012345678901234567890123456789012345678901234567890123456789012345678901234567890123456789012345678901234567890123456789012345678901234567890123456789012345678901234567890123456789012345678901234567890123456789012345678901234567890123456789012345678901234567890123456789012345678901234567890123456789012345678901234567890123456789012345678901234567890123456789012345678901234567890123456789012345678901234567890123456789012345678901234567890123456789012345678901234567890123456789012345678901234567890123456789012345678901234567890123456789012345678901234567890123456789012345678901234567890123456789012345678901234567890123456789012345678901234567890123456789012345678901234567890123456789012345678901234567890123456789012345678901234567890123456789012345678901234567890123456789012345678901234567890123456789012345678901234567890123456789012345678901234567890123456789012345678901234567890123456789012345678901234567890&quot;
----------
2017-02-08 17:51:04,922 WARN   Message - Endpoint: http://54.83.54.127:8887/api is not restricted yet..
Request method:	GET
Request path:	http://54.83.54.127:8887/api
Proxy:			&lt;none&gt;
Request params:	&lt;none&gt;
Query params:	&lt;none&gt;
Form params:	&lt;none&gt;
Path params:	&lt;none&gt;
Multiparts:		&lt;none&gt;
Headers:		Accept=*/*
Cookies:		&lt;none&gt;
Body:			&lt;none&gt;
2017-02-08 17:51:15,290 INFO   Message - 
HTTP Response: 
Headers: Content-Length: 80
Content-Type: application/json
Date: Wed, 08 Feb 2017 20:51:15 GMT
Status code: 403
Payload: {
  &quot;error&quot;: &quot;invalid_client&quot;,
  &quot;description&quot;: &quot;wrong client_id or client_secret&quot;
}
----------
2017-02-08 17:51:15,291 WARN   Message - Endpoint: http://54.83.54.127:8887/api is restricted!
Request method:	GET
Request path:	http://54.83.54.127:8887/api
Proxy:			&lt;none&gt;
Request params:	&lt;none&gt;
Query params:	&lt;none&gt;
Form params:	&lt;none&gt;
Path params:	&lt;none&gt;
Multiparts:		&lt;none&gt;
Headers:		Accept=*/*
Cookies:		&lt;none&gt;
Body:			&lt;none&gt;
Request method:	GET
Request path:	http://54.83.54.127:8887/api
Proxy:			&lt;none&gt;
Request params:	&lt;none&gt;
Query params:	&lt;none&gt;
Form params:	&lt;none&gt;
Path params:	&lt;none&gt;
Multiparts:		&lt;none&gt;
Headers:		Authorization=Basic ZmEyMDk1YmM3OWQ3NGM0OGIwZjM4ODFhZTE0MmFhYzY6ZTdCYmU1MTlkZDQ4NDE4OTgyZDhCYjk5QTNCQzk2M0Y=
				Accept=*/*
Cookies:		&lt;none&gt;
Body:			&lt;none&gt;
2017-02-08 17:51:16,004 WARN   RequestSpecificationImpl$RestAssuredHttpBuilder - Could not parse content-type: Response does not have a content-type header
2017-02-08 17:51:16,005 INFO   Message - 
HTTP Response: 
Headers: Content-Length: 471
Date: Wed, 08 Feb 2017 20:51:15 GMT
Connection: close
Status code: 500
Payload: Execution of the expression &quot;authorization = message.inboundProperties[&apos;authorization&apos;]; if (authorization == null) return &apos;&apos;; base64token = authorization.substring(6); token = new String(org.apache.commons.codec.binary.Base64.decodeBase64(base64token.getBytes())); delim = token.indexOf(&apos;:&apos;); clientId = delim &amp;lt; 0 ? &apos;&apos; : token.substring(0, delim); return clientId &quot; failed. (org.mule.api.expression.ExpressionRuntimeException). Message payload is of type: NullPayload
----------
2017-02-08 17:51:36,009 WARN   Message - http://54.83.54.127:8887/api endpoint does not meet expected condition (expected HTTP code: 200 , but found: 500). Re attempting!..
Request method:	GET
Request path:	http://54.83.54.127:8887/api
Proxy:			&lt;none&gt;
Request params:	&lt;none&gt;
Query params:	&lt;none&gt;
Form params:	&lt;none&gt;
Path params:	&lt;none&gt;
Multiparts:		&lt;none&gt;
Headers:		Accept=*/*
Cookies:		&lt;none&gt;
Body:			&lt;none&gt;
Request method:	GET
Request path:	http://54.83.54.127:8887/api
Proxy:			&lt;none&gt;
Request params:	&lt;none&gt;
Query params:	&lt;none&gt;
Form params:	&lt;none&gt;
Path params:	&lt;none&gt;
Multiparts:		&lt;none&gt;
Headers:		Authorization=Basic ZmEyMDk1YmM3OWQ3NGM0OGIwZjM4ODFhZTE0MmFhYzY6ZTdCYmU1MTlkZDQ4NDE4OTgyZDhCYjk5QTNCQzk2M0Y=
				Accept=*/*
Cookies:		&lt;none&gt;
Body:			&lt;none&gt;
2017-02-08 17:51:36,699 WARN   RequestSpecificationImpl$RestAssuredHttpBuilder - Could not parse content-type: Response does not have a content-type header
2017-02-08 17:51:36,700 INFO   Message - 
HTTP Response: 
Headers: Content-Length: 471
Date: Wed, 08 Feb 2017 20:51:36 GMT
Connection: close
Status code: 500
Payload: Execution of the expression &quot;authorization = message.inboundProperties[&apos;authorization&apos;]; if (authorization == null) return &apos;&apos;; base64token = authorization.substring(6); token = new String(org.apache.commons.codec.binary.Base64.decodeBase64(base64token.getBytes())); delim = token.indexOf(&apos;:&apos;); clientId = delim &amp;lt; 0 ? &apos;&apos; : token.substring(0, delim); return clientId &quot; failed. (org.mule.api.expression.ExpressionRuntimeException). Message payload is of type: NullPayload
----------
2017-02-08 17:51:56,704 WARN   Message - http://54.83.54.127:8887/api endpoint does not meet expected condition (expected HTTP code: 200 , but found: 500). Re attempting!..
Request method:	GET
Request path:	http://54.83.54.127:8887/api
Proxy:			&lt;none&gt;
Request params:	&lt;none&gt;
Query params:	&lt;none&gt;
Form params:	&lt;none&gt;
Path params:	&lt;none&gt;
Multiparts:		&lt;none&gt;
Headers:		Accept=*/*
Cookies:		&lt;none&gt;
Body:			&lt;none&gt;
Request method:	GET
Request path:	http://54.83.54.127:8887/api
Proxy:			&lt;none&gt;
Request params:	&lt;none&gt;
Query params:	&lt;none&gt;
Form params:	&lt;none&gt;
Path params:	&lt;none&gt;
Multiparts:		&lt;none&gt;
Headers:		Authorization=Basic ZmEyMDk1YmM3OWQ3NGM0OGIwZjM4ODFhZTE0MmFhYzY6ZTdCYmU1MTlkZDQ4NDE4OTgyZDhCYjk5QTNCQzk2M0Y=
				Accept=*/*
Cookies:		&lt;none&gt;
Body:			&lt;none&gt;
2017-02-08 17:51:57,396 WARN   RequestSpecificationImpl$RestAssuredHttpBuilder - Could not parse content-type: Response does not have a content-type header
2017-02-08 17:51:57,396 INFO   Message - 
HTTP Response: 
Headers: Content-Length: 471
Date: Wed, 08 Feb 2017 20:51:56 GMT
Connection: close
Status code: 500
Payload: Execution of the expression &quot;authorization = message.inboundProperties[&apos;authorization&apos;]; if (authorization == null) return &apos;&apos;; base64token = authorization.substring(6); token = new String(org.apache.commons.codec.binary.Base64.decodeBase64(base64token.getBytes())); delim = token.indexOf(&apos;:&apos;); clientId = delim &amp;lt; 0 ? &apos;&apos; : token.substring(0, delim); return clientId &quot; failed. (org.mule.api.expression.ExpressionRuntimeException). Message payload is of type: NullPayload
----------
2017-02-08 17:52:17,402 WARN   Message - http://54.83.54.127:8887/api endpoint does not meet expected condition (expected HTTP code: 200 , but found: 500). Re attempting!..
Request method:	GET
Request path:	http://54.83.54.127:8887/api
Proxy:			&lt;none&gt;
Request params:	&lt;none&gt;
Query params:	&lt;none&gt;
Form params:	&lt;none&gt;
Path params:	&lt;none&gt;
Multiparts:		&lt;none&gt;
Headers:		Accept=*/*
Cookies:		&lt;none&gt;
Body:			&lt;none&gt;
Request method:	GET
Request path:	http://54.83.54.127:8887/api
Proxy:			&lt;none&gt;
Request params:	&lt;none&gt;
Query params:	&lt;none&gt;
Form params:	&lt;none&gt;
Path params:	&lt;none&gt;
Multiparts:		&lt;none&gt;
Headers:		Authorization=Basic ZmEyMDk1YmM3OWQ3NGM0OGIwZjM4ODFhZTE0MmFhYzY6ZTdCYmU1MTlkZDQ4NDE4OTgyZDhCYjk5QTNCQzk2M0Y=
				Accept=*/*
Cookies:		&lt;none&gt;
Body:			&lt;none&gt;
2017-02-08 17:52:18,074 WARN   RequestSpecificationImpl$RestAssuredHttpBuilder - Could not parse content-type: Response does not have a content-type header
2017-02-08 17:52:18,074 INFO   Message - 
HTTP Response: 
Headers: Content-Length: 471
Date: Wed, 08 Feb 2017 20:52:17 GMT
Connection: close
Status code: 500
Payload: Execution of the expression &quot;authorization = message.inboundProperties[&apos;authorization&apos;]; if (authorization == null) return &apos;&apos;; base64token = authorization.substring(6); token = new String(org.apache.commons.codec.binary.Base64.decodeBase64(base64token.getBytes())); delim = token.indexOf(&apos;:&apos;); clientId = delim &amp;lt; 0 ? &apos;&apos; : token.substring(0, delim); return clientId &quot; failed. (org.mule.api.expression.ExpressionRuntimeException). Message payload is of type: NullPayload
----------
2017-02-08 17:52:38,080 WARN   Message - http://54.83.54.127:8887/api endpoint does not meet expected condition (expected HTTP code: 200 , but found: 500). Re attempting!..
Request method:	GET
Request path:	http://54.83.54.127:8887/api
Proxy:			&lt;none&gt;
Request params:	&lt;none&gt;
Query params:	&lt;none&gt;
Form params:	&lt;none&gt;
Path params:	&lt;none&gt;
Multiparts:		&lt;none&gt;
Headers:		Accept=*/*
Cookies:		&lt;none&gt;
Body:			&lt;none&gt;
Request method:	GET
Request path:	http://54.83.54.127:8887/api
Proxy:			&lt;none&gt;
Request params:	&lt;none&gt;
Query params:	&lt;none&gt;
Form params:	&lt;none&gt;
Path params:	&lt;none&gt;
Multiparts:		&lt;none&gt;
Headers:		Authorization=Basic ZmEyMDk1YmM3OWQ3NGM0OGIwZjM4ODFhZTE0MmFhYzY6ZTdCYmU1MTlkZDQ4NDE4OTgyZDhCYjk5QTNCQzk2M0Y=
				Accept=*/*
Cookies:		&lt;none&gt;
Body:			&lt;none&gt;
2017-02-08 17:52:38,749 WARN   RequestSpecificationImpl$RestAssuredHttpBuilder - Could not parse content-type: Response does not have a content-type header
2017-02-08 17:52:38,750 INFO   Message - 
HTTP Response: 
Headers: Content-Length: 471
Date: Wed, 08 Feb 2017 20:52:38 GMT
Connection: close
Status code: 500
Payload: Execution of the expression &quot;authorization = message.inboundProperties[&apos;authorization&apos;]; if (authorization == null) return &apos;&apos;; base64token = authorization.substring(6); token = new String(org.apache.commons.codec.binary.Base64.decodeBase64(base64token.getBytes())); delim = token.indexOf(&apos;:&apos;); clientId = delim &amp;lt; 0 ? &apos;&apos; : token.substring(0, delim); return clientId &quot; failed. (org.mule.api.expression.ExpressionRuntimeException). Message payload is of type: NullPayload
----------
2017-02-08 17:52:58,755 WARN   Message - http://54.83.54.127:8887/api endpoint does not meet expected condition (expected HTTP code: 200 , but found: 500). Re attempting!..
Request method:	GET
Request path:	http://54.83.54.127:8887/api
Proxy:			&lt;none&gt;
Request params:	&lt;none&gt;
Query params:	&lt;none&gt;
Form params:	&lt;none&gt;
Path params:	&lt;none&gt;
Multiparts:		&lt;none&gt;
Headers:		Accept=*/*
Cookies:		&lt;none&gt;
Body:			&lt;none&gt;
Request method:	GET
Request path:	http://54.83.54.127:8887/api
Proxy:			&lt;none&gt;
Request params:	&lt;none&gt;
Query params:	&lt;none&gt;
Form params:	&lt;none&gt;
Path params:	&lt;none&gt;
Multiparts:		&lt;none&gt;
Headers:		Authorization=Basic ZmEyMDk1YmM3OWQ3NGM0OGIwZjM4ODFhZTE0MmFhYzY6ZTdCYmU1MTlkZDQ4NDE4OTgyZDhCYjk5QTNCQzk2M0Y=
				Accept=*/*
Cookies:		&lt;none&gt;
Body:			&lt;none&gt;
2017-02-08 17:52:59,413 WARN   RequestSpecificationImpl$RestAssuredHttpBuilder - Could not parse content-type: Response does not have a content-type header
2017-02-08 17:52:59,413 INFO   Message - 
HTTP Response: 
Headers: Content-Length: 471
Date: Wed, 08 Feb 2017 20:52:59 GMT
Connection: close
Status code: 500
Payload: Execution of the expression &quot;authorization = message.inboundProperties[&apos;authorization&apos;]; if (authorization == null) return &apos;&apos;; base64token = authorization.substring(6); token = new String(org.apache.commons.codec.binary.Base64.decodeBase64(base64token.getBytes())); delim = token.indexOf(&apos;:&apos;); clientId = delim &amp;lt; 0 ? &apos;&apos; : token.substring(0, delim); return clientId &quot; failed. (org.mule.api.expression.ExpressionRuntimeException). Message payload is of type: NullPayload
----------
2017-02-08 17:53:19,415 WARN   Message - http://54.83.54.127:8887/api endpoint does not meet expected condition (expected HTTP code: 200 , but found: 500). Re attempting!..
</system-out>
    <system-err>Feb 08, 2017 5:46:21 PM com.mulesoft.performance.setup.environment.RuntimeLocation fromString
INFO: Environment not found on command line. Defaulting to: local
Feb 08, 2017 5:46:21 PM com.mulesoft.performance.setup.environment.Characteristic fromString
INFO: Organization Characteristic: PING_FEDERATE_ORGANIZATION
Feb 08, 2017 5:46:21 PM com.mulesoft.performance.setup.environment.Platform fromString
INFO: Environment not found on command line. Defaulting to: parametric_org
Feb 08, 2017 5:46:21 PM com.mulesoft.performance.setup.environment.Platform fromString
INFO: Environment not found on command line. Defaulting to: parametric_org
</system-err>
  </testcase>
  <testcase classname="com.mulesoft.performance.test.policy.clientidenforcement.ClientIdEnforcementOnRegularTest" name="clientIdEnforcementPolicyOnRegularEndpointUsingGet" time="104.867"/>
  <testcase classname="com.mulesoft.performance.test.policy.clientidenforcement.ClientIdEnforcementOnRegularTest" name="clientIdEnforcementWithLotsOfContracts" time="705.058"/>
</testsuite>